[2024-05-24T14:42:17.802+0000] {manager.py:470} INFO - Processing files using up to 1 processes at a time 
[2024-05-24T14:42:17.803+0000] {manager.py:471} INFO - Process each file at most once every 30 seconds
[2024-05-24T14:42:17.803+0000] {manager.py:472} INFO - Checking for new files in /workspaces/hands-on-introduction-data-engineering-4395021/airflow/dags every 300 seconds
[2024-05-24T14:42:17.803+0000] {manager.py:737} INFO - Searching for files in /workspaces/hands-on-introduction-data-engineering-4395021/airflow/dags
[2024-05-24T14:42:17.819+0000] {manager.py:740} INFO - There are 51 files in /workspaces/hands-on-introduction-data-engineering-4395021/airflow/dags
[2024-05-24T14:42:17.966+0000] {manager.py:878} INFO - 
================================================================================
DAG File Processing Stats

File Path                                                                                                                               PID    Runtime      # DAGs    # Errors  Last Runtime    Last Run
--------------------------------------------------------------------------------------------------------------------------------------  -----  ---------  --------  ----------  --------------  -------------------
/usr/local/python/3.10.13/lib/python3.10/site-packages/airflow/example_dags/subdags/subdag.py                                                                    0           0  0.10s           2024-05-24T14:42:17
/usr/local/python/3.10.13/lib/python3.10/site-packages/airflow/example_dags/example_task_group_decorator.py                                                      0           0
/usr/local/python/3.10.13/lib/python3.10/site-packages/airflow/example_dags/example_setup_teardown.py                                                            0           0
/usr/local/python/3.10.13/lib/python3.10/site-packages/airflow/example_dags/example_sensors.py                                                                   0           0
/usr/local/python/3.10.13/lib/python3.10/site-packages/airflow/example_dags/example_branch_operator.py                                                           0           0
/usr/local/python/3.10.13/lib/python3.10/site-packages/airflow/example_dags/example_xcomargs.py                                                                  0           0
/usr/local/python/3.10.13/lib/python3.10/site-packages/airflow/example_dags/example_latest_only.py                                                               0           0
/usr/local/python/3.10.13/lib/python3.10/site-packages/airflow/example_dags/example_branch_datetime_operator.py                                                  0           0
/usr/local/python/3.10.13/lib/python3.10/site-packages/airflow/example_dags/example_subdag_operator.py                                                           0           0
/usr/local/python/3.10.13/lib/python3.10/site-packages/airflow/example_dags/example_trigger_target_dag.py                                                        0           0
/usr/local/python/3.10.13/lib/python3.10/site-packages/airflow/example_dags/example_short_circuit_operator.py                                                    0           0
/usr/local/python/3.10.13/lib/python3.10/site-packages/airflow/example_dags/example_dynamic_task_mapping.py                                                      0           0
/usr/local/python/3.10.13/lib/python3.10/site-packages/airflow/example_dags/example_branch_python_dop_operator_3.py                                              0           0
/usr/local/python/3.10.13/lib/python3.10/site-packages/airflow/example_dags/example_skip_dag.py                                                                  0           0
/usr/local/python/3.10.13/lib/python3.10/site-packages/airflow/example_dags/example_branch_operator_decorator.py                                                 0           0
/usr/local/python/3.10.13/lib/python3.10/site-packages/airflow/example_dags/example_params_ui_tutorial.py                                                        0           0
/usr/local/python/3.10.13/lib/python3.10/site-packages/airflow/example_dags/example_bash_operator.py                                                             0           0
/usr/local/python/3.10.13/lib/python3.10/site-packages/airflow/example_dags/tutorial_taskflow_api.py                                                             0           0
/usr/local/python/3.10.13/lib/python3.10/site-packages/airflow/example_dags/example_time_delta_sensor_async.py                                                   0           0
/usr/local/python/3.10.13/lib/python3.10/site-packages/airflow/example_dags/example_branch_labels.py                                                             0           0
/usr/local/python/3.10.13/lib/python3.10/site-packages/airflow/example_dags/tutorial_objectstorage.py                                                            0           0
/usr/local/python/3.10.13/lib/python3.10/site-packages/airflow/example_dags/example_short_circuit_decorator.py                                                   0           0
/usr/local/python/3.10.13/lib/python3.10/site-packages/airflow/example_dags/example_passing_params_via_test_command.py                                           0           0
/usr/local/python/3.10.13/lib/python3.10/site-packages/airflow/example_dags/example_sla_dag.py                                                                   0           0
/usr/local/python/3.10.13/lib/python3.10/site-packages/airflow/example_dags/example_bash_decorator.py                                                            0           0
/usr/local/python/3.10.13/lib/python3.10/site-packages/airflow/example_dags/tutorial_taskflow_api_virtualenv.py                                                  0           0
/usr/local/python/3.10.13/lib/python3.10/site-packages/airflow/example_dags/example_display_name.py                                                              0           0
/usr/local/python/3.10.13/lib/python3.10/site-packages/airflow/example_dags/tutorial_dag.py                                                                      0           0
/usr/local/python/3.10.13/lib/python3.10/site-packages/airflow/example_dags/example_sensor_decorator.py                                                          0           0
/usr/local/python/3.10.13/lib/python3.10/site-packages/airflow/example_dags/example_datasets.py                                                                  0           0
/usr/local/python/3.10.13/lib/python3.10/site-packages/airflow/example_dags/example_complex.py                                                                   0           0
/usr/local/python/3.10.13/lib/python3.10/site-packages/airflow/example_dags/example_task_group.py                                                                0           0
/usr/local/python/3.10.13/lib/python3.10/site-packages/airflow/example_dags/example_latest_only_with_trigger.py                                                  0           0
/usr/local/python/3.10.13/lib/python3.10/site-packages/airflow/example_dags/example_params_trigger_ui.py                                                         0           0
/usr/local/python/3.10.13/lib/python3.10/site-packages/airflow/example_dags/tutorial.py                                                                          0           0
/usr/local/python/3.10.13/lib/python3.10/site-packages/airflow/example_dags/example_xcom.py                                                                      0           0
/usr/local/python/3.10.13/lib/python3.10/site-packages/airflow/example_dags/example_local_kubernetes_executor.py                                                 0           0
/usr/local/python/3.10.13/lib/python3.10/site-packages/airflow/example_dags/example_dynamic_task_mapping_with_no_taskflow_operators.py                           0           0
/usr/local/python/3.10.13/lib/python3.10/site-packages/airflow/example_dags/example_nested_branch_dag.py                                                         0           0
/usr/local/python/3.10.13/lib/python3.10/site-packages/airflow/example_dags/example_setup_teardown_taskflow.py                                                   0           0
/usr/local/python/3.10.13/lib/python3.10/site-packages/airflow/example_dags/example_dag_decorator.py                                                             0           0
/usr/local/python/3.10.13/lib/python3.10/site-packages/airflow/example_dags/example_branch_day_of_week_operator.py                                               0           0
/usr/local/python/3.10.13/lib/python3.10/site-packages/airflow/example_dags/example_python_decorator.py                                                          0           0
/usr/local/python/3.10.13/lib/python3.10/site-packages/airflow/example_dags/example_trigger_controller_dag.py                                                    0           0
/usr/local/python/3.10.13/lib/python3.10/site-packages/airflow/example_dags/example_python_operator.py                                                           0           0
/usr/local/python/3.10.13/lib/python3.10/site-packages/airflow/example_dags/example_kubernetes_executor.py                                                       0           0
/usr/local/python/3.10.13/lib/python3.10/site-packages/airflow/example_dags/example_external_task_marker_dag.py                                                  0           0
/usr/local/python/3.10.13/lib/python3.10/site-packages/airflow/example_dags/plugins/event_listener.py                                                            0           0
/usr/local/python/3.10.13/lib/python3.10/site-packages/airflow/example_dags/plugins/workday.py                                                                   0           0
/usr/local/python/3.10.13/lib/python3.10/site-packages/airflow/example_dags/plugins/decreasing_priority_weight_strategy.py                                       0           0
/usr/local/python/3.10.13/lib/python3.10/site-packages/airflow/example_dags/plugins/listener_plugin.py                                                           0           0
================================================================================
[2024-05-24T14:42:47.986+0000] {manager.py:878} INFO - 
================================================================================
DAG File Processing Stats

File Path                                                                                                                               PID    Runtime      # DAGs    # Errors  Last Runtime    Last Run
--------------------------------------------------------------------------------------------------------------------------------------  -----  ---------  --------  ----------  --------------  -------------------
/usr/local/python/3.10.13/lib/python3.10/site-packages/airflow/example_dags/tutorial_objectstorage.py                                                            1           0  0.62s           2024-05-24T14:42:33
/usr/local/python/3.10.13/lib/python3.10/site-packages/airflow/example_dags/example_short_circuit_decorator.py                                                   1           0  0.51s           2024-05-24T14:42:34
/usr/local/python/3.10.13/lib/python3.10/site-packages/airflow/example_dags/plugins/workday.py                                                                   0           0  0.51s           2024-05-24T14:42:20
/usr/local/python/3.10.13/lib/python3.10/site-packages/airflow/example_dags/example_xcomargs.py                                                                  2           0  0.50s           2024-05-24T14:42:24
/usr/local/python/3.10.13/lib/python3.10/site-packages/airflow/example_dags/example_sensors.py                                                                   1           0  0.41s           2024-05-24T14:42:47
/usr/local/python/3.10.13/lib/python3.10/site-packages/airflow/example_dags/example_trigger_target_dag.py                                                        1           0  0.41s           2024-05-24T14:42:27
/usr/local/python/3.10.13/lib/python3.10/site-packages/airflow/example_dags/tutorial_taskflow_api.py                                                             1           0  0.41s           2024-05-24T14:42:30
/usr/local/python/3.10.13/lib/python3.10/site-packages/airflow/example_dags/example_sla_dag.py                                                                   1           0  0.41s           2024-05-24T14:42:35
/usr/local/python/3.10.13/lib/python3.10/site-packages/airflow/example_dags/example_skip_dag.py                                                                  1           0  0.40s           2024-05-24T14:42:28
/usr/local/python/3.10.13/lib/python3.10/site-packages/airflow/example_dags/tutorial_dag.py                                                                      1           0  0.40s           2024-05-24T14:42:38
/usr/local/python/3.10.13/lib/python3.10/site-packages/airflow/example_dags/example_task_group_decorator.py                                                      1           0  0.40s           2024-05-24T14:42:23
/usr/local/python/3.10.13/lib/python3.10/site-packages/airflow/example_dags/example_subdag_operator.py                                                           3           0  0.40s           2024-05-24T14:42:26
/usr/local/python/3.10.13/lib/python3.10/site-packages/airflow/example_dags/example_setup_teardown.py                                                            1           0  0.40s           2024-05-24T14:42:46
/usr/local/python/3.10.13/lib/python3.10/site-packages/airflow/example_dags/tutorial_taskflow_api_virtualenv.py                                                  1           0  0.40s           2024-05-24T14:42:37
/usr/local/python/3.10.13/lib/python3.10/site-packages/airflow/example_dags/example_task_group.py                                                                1           0  0.40s           2024-05-24T14:42:39
/usr/local/python/3.10.13/lib/python3.10/site-packages/airflow/example_dags/tutorial.py                                                                          1           0  0.40s           2024-05-24T14:42:41
/usr/local/python/3.10.13/lib/python3.10/site-packages/airflow/example_dags/example_time_delta_sensor_async.py                                                   1           0  0.40s           2024-05-24T14:42:31
/usr/local/python/3.10.13/lib/python3.10/site-packages/airflow/example_dags/example_trigger_controller_dag.py                                                    1           0  0.40s           2024-05-24T14:42:44
/usr/local/python/3.10.13/lib/python3.10/site-packages/airflow/example_dags/example_xcom.py                                                                      1           0  0.40s           2024-05-24T14:42:42
/usr/local/python/3.10.13/lib/python3.10/site-packages/airflow/example_dags/example_short_circuit_operator.py                                                    1           0  0.40s           2024-05-24T14:42:28
/usr/local/python/3.10.13/lib/python3.10/site-packages/airflow/example_dags/plugins/event_listener.py                                                            0           0  0.10s           2024-05-24T14:42:19
/usr/local/python/3.10.13/lib/python3.10/site-packages/airflow/example_dags/subdags/subdag.py                                                                    0           0  0.10s           2024-05-24T14:42:17
/usr/local/python/3.10.13/lib/python3.10/site-packages/airflow/example_dags/plugins/decreasing_priority_weight_strategy.py                                       0           0  0.10s           2024-05-24T14:42:45
/usr/local/python/3.10.13/lib/python3.10/site-packages/airflow/example_dags/plugins/listener_plugin.py                                                           0           0  0.10s           2024-05-24T14:42:21
/usr/local/python/3.10.13/lib/python3.10/site-packages/airflow/example_dags/example_branch_operator.py                                                           0           0
/usr/local/python/3.10.13/lib/python3.10/site-packages/airflow/example_dags/example_latest_only.py                                                               0           0
/usr/local/python/3.10.13/lib/python3.10/site-packages/airflow/example_dags/example_branch_datetime_operator.py                                                  0           0
/usr/local/python/3.10.13/lib/python3.10/site-packages/airflow/example_dags/example_dynamic_task_mapping.py                                                      0           0
/usr/local/python/3.10.13/lib/python3.10/site-packages/airflow/example_dags/example_branch_python_dop_operator_3.py                                              0           0
/usr/local/python/3.10.13/lib/python3.10/site-packages/airflow/example_dags/example_branch_operator_decorator.py                                                 0           0
/usr/local/python/3.10.13/lib/python3.10/site-packages/airflow/example_dags/example_params_ui_tutorial.py                                                        0           0
/usr/local/python/3.10.13/lib/python3.10/site-packages/airflow/example_dags/example_bash_operator.py                                                             0           0
/usr/local/python/3.10.13/lib/python3.10/site-packages/airflow/example_dags/example_branch_labels.py                                                             0           0
/usr/local/python/3.10.13/lib/python3.10/site-packages/airflow/example_dags/example_passing_params_via_test_command.py                                           0           0
/usr/local/python/3.10.13/lib/python3.10/site-packages/airflow/example_dags/example_bash_decorator.py                                                            0           0
/usr/local/python/3.10.13/lib/python3.10/site-packages/airflow/example_dags/example_display_name.py                                                              0           0
/usr/local/python/3.10.13/lib/python3.10/site-packages/airflow/example_dags/example_sensor_decorator.py                                                          0           0
/usr/local/python/3.10.13/lib/python3.10/site-packages/airflow/example_dags/example_datasets.py                                                                  0           0
/usr/local/python/3.10.13/lib/python3.10/site-packages/airflow/example_dags/example_complex.py                                                                   0           0
/usr/local/python/3.10.13/lib/python3.10/site-packages/airflow/example_dags/example_latest_only_with_trigger.py                                                  0           0
/usr/local/python/3.10.13/lib/python3.10/site-packages/airflow/example_dags/example_params_trigger_ui.py                                                         0           0
/usr/local/python/3.10.13/lib/python3.10/site-packages/airflow/example_dags/example_local_kubernetes_executor.py                                                 0           0
/usr/local/python/3.10.13/lib/python3.10/site-packages/airflow/example_dags/example_dynamic_task_mapping_with_no_taskflow_operators.py                           0           0
/usr/local/python/3.10.13/lib/python3.10/site-packages/airflow/example_dags/example_nested_branch_dag.py                                                         0           0
/usr/local/python/3.10.13/lib/python3.10/site-packages/airflow/example_dags/example_setup_teardown_taskflow.py                                                   0           0
/usr/local/python/3.10.13/lib/python3.10/site-packages/airflow/example_dags/example_dag_decorator.py                                                             0           0
/usr/local/python/3.10.13/lib/python3.10/site-packages/airflow/example_dags/example_branch_day_of_week_operator.py                                               0           0
/usr/local/python/3.10.13/lib/python3.10/site-packages/airflow/example_dags/example_python_decorator.py                                                          0           0
/usr/local/python/3.10.13/lib/python3.10/site-packages/airflow/example_dags/example_python_operator.py                                                           0           0
/usr/local/python/3.10.13/lib/python3.10/site-packages/airflow/example_dags/example_kubernetes_executor.py                                                       0           0
/usr/local/python/3.10.13/lib/python3.10/site-packages/airflow/example_dags/example_external_task_marker_dag.py                                                  0           0
================================================================================
[2024-05-24T14:43:18.116+0000] {manager.py:878} INFO - 
================================================================================
DAG File Processing Stats

File Path                                                                                                                               PID    Runtime      # DAGs    # Errors  Last Runtime    Last Run
--------------------------------------------------------------------------------------------------------------------------------------  -----  ---------  --------  ----------  --------------  -------------------
/usr/local/python/3.10.13/lib/python3.10/site-packages/airflow/example_dags/example_datasets.py                                                                 10           0  1.51s           2024-05-24T14:42:58
/usr/local/python/3.10.13/lib/python3.10/site-packages/airflow/example_dags/tutorial_objectstorage.py                                                            1           0  0.62s           2024-05-24T14:42:33
/usr/local/python/3.10.13/lib/python3.10/site-packages/airflow/example_dags/example_branch_datetime_operator.py                                                  3           0  0.60s           2024-05-24T14:43:16
/usr/local/python/3.10.13/lib/python3.10/site-packages/airflow/example_dags/example_short_circuit_decorator.py                                                   1           0  0.51s           2024-05-24T14:42:34
/usr/local/python/3.10.13/lib/python3.10/site-packages/airflow/example_dags/example_external_task_marker_dag.py                                                  2           0  0.51s           2024-05-24T14:43:13
/usr/local/python/3.10.13/lib/python3.10/site-packages/airflow/example_dags/plugins/workday.py                                                                   0           0  0.51s           2024-05-24T14:42:20
/usr/local/python/3.10.13/lib/python3.10/site-packages/airflow/example_dags/example_params_trigger_ui.py                                                         1           0  0.51s           2024-05-24T14:43:01
/usr/local/python/3.10.13/lib/python3.10/site-packages/airflow/example_dags/example_dag_decorator.py                                                             1           0  0.50s           2024-05-24T14:43:08
/usr/local/python/3.10.13/lib/python3.10/site-packages/airflow/example_dags/example_xcomargs.py                                                                  2           0  0.50s           2024-05-24T14:42:24
/usr/local/python/3.10.13/lib/python3.10/site-packages/airflow/example_dags/example_latest_only_with_trigger.py                                                  1           0  0.41s           2024-05-24T14:43:00
/usr/local/python/3.10.13/lib/python3.10/site-packages/airflow/example_dags/example_sensors.py                                                                   1           0  0.41s           2024-05-24T14:42:47
/usr/local/python/3.10.13/lib/python3.10/site-packages/airflow/example_dags/example_complex.py                                                                   1           0  0.41s           2024-05-24T14:42:59
/usr/local/python/3.10.13/lib/python3.10/site-packages/airflow/example_dags/example_passing_params_via_test_command.py                                           1           0  0.41s           2024-05-24T14:42:53
/usr/local/python/3.10.13/lib/python3.10/site-packages/airflow/example_dags/example_sensor_decorator.py                                                          1           0  0.41s           2024-05-24T14:42:55
/usr/local/python/3.10.13/lib/python3.10/site-packages/airflow/example_dags/example_trigger_target_dag.py                                                        1           0  0.41s           2024-05-24T14:42:27
/usr/local/python/3.10.13/lib/python3.10/site-packages/airflow/example_dags/tutorial_taskflow_api.py                                                             1           0  0.41s           2024-05-24T14:42:30
/usr/local/python/3.10.13/lib/python3.10/site-packages/airflow/example_dags/example_sla_dag.py                                                                   1           0  0.41s           2024-05-24T14:42:35
/usr/local/python/3.10.13/lib/python3.10/site-packages/airflow/example_dags/example_skip_dag.py                                                                  1           0  0.40s           2024-05-24T14:42:28
/usr/local/python/3.10.13/lib/python3.10/site-packages/airflow/example_dags/tutorial_dag.py                                                                      1           0  0.40s           2024-05-24T14:42:38
/usr/local/python/3.10.13/lib/python3.10/site-packages/airflow/example_dags/example_task_group_decorator.py                                                      1           0  0.40s           2024-05-24T14:42:23
/usr/local/python/3.10.13/lib/python3.10/site-packages/airflow/example_dags/example_python_operator.py                                                           1           0  0.40s           2024-05-24T14:43:11
/usr/local/python/3.10.13/lib/python3.10/site-packages/airflow/example_dags/example_subdag_operator.py                                                           3           0  0.40s           2024-05-24T14:42:26
/usr/local/python/3.10.13/lib/python3.10/site-packages/airflow/example_dags/example_setup_teardown.py                                                            1           0  0.40s           2024-05-24T14:42:46
/usr/local/python/3.10.13/lib/python3.10/site-packages/airflow/example_dags/example_dynamic_task_mapping.py                                                      1           0  0.40s           2024-05-24T14:42:50
/usr/local/python/3.10.13/lib/python3.10/site-packages/airflow/example_dags/example_python_decorator.py                                                          1           0  0.40s           2024-05-24T14:43:09
/usr/local/python/3.10.13/lib/python3.10/site-packages/airflow/example_dags/tutorial_taskflow_api_virtualenv.py                                                  1           0  0.40s           2024-05-24T14:42:37
/usr/local/python/3.10.13/lib/python3.10/site-packages/airflow/example_dags/example_task_group.py                                                                1           0  0.40s           2024-05-24T14:42:39
/usr/local/python/3.10.13/lib/python3.10/site-packages/airflow/example_dags/tutorial.py                                                                          1           0  0.40s           2024-05-24T14:42:41
/usr/local/python/3.10.13/lib/python3.10/site-packages/airflow/example_dags/example_display_name.py                                                              1           0  0.40s           2024-05-24T14:42:54
/usr/local/python/3.10.13/lib/python3.10/site-packages/airflow/example_dags/example_time_delta_sensor_async.py                                                   1           0  0.40s           2024-05-24T14:42:31
/usr/local/python/3.10.13/lib/python3.10/site-packages/airflow/example_dags/example_latest_only.py                                                               1           0  0.40s           2024-05-24T14:42:48
/usr/local/python/3.10.13/lib/python3.10/site-packages/airflow/example_dags/example_setup_teardown_taskflow.py                                                   1           0  0.40s           2024-05-24T14:43:06
/usr/local/python/3.10.13/lib/python3.10/site-packages/airflow/example_dags/example_trigger_controller_dag.py                                                    1           0  0.40s           2024-05-24T14:42:44
/usr/local/python/3.10.13/lib/python3.10/site-packages/airflow/example_dags/example_nested_branch_dag.py                                                         1           0  0.40s           2024-05-24T14:43:05
/usr/local/python/3.10.13/lib/python3.10/site-packages/airflow/example_dags/example_params_ui_tutorial.py                                                        1           0  0.40s           2024-05-24T14:42:51
/usr/local/python/3.10.13/lib/python3.10/site-packages/airflow/example_dags/example_dynamic_task_mapping_with_no_taskflow_operators.py                           1           0  0.40s           2024-05-24T14:43:04
/usr/local/python/3.10.13/lib/python3.10/site-packages/airflow/example_dags/example_xcom.py                                                                      1           0  0.40s           2024-05-24T14:42:42
/usr/local/python/3.10.13/lib/python3.10/site-packages/airflow/example_dags/example_short_circuit_operator.py                                                    1           0  0.40s           2024-05-24T14:42:28
/usr/local/python/3.10.13/lib/python3.10/site-packages/airflow/example_dags/example_branch_python_dop_operator_3.py                                              1           0  0.30s           2024-05-24T14:43:17
/usr/local/python/3.10.13/lib/python3.10/site-packages/airflow/example_dags/example_branch_operator_decorator.py                                                 1           0  0.30s           2024-05-24T14:43:18
/usr/local/python/3.10.13/lib/python3.10/site-packages/airflow/example_dags/example_branch_operator.py                                                           1           0  0.30s           2024-05-24T14:43:15
/usr/local/python/3.10.13/lib/python3.10/site-packages/airflow/example_dags/plugins/event_listener.py                                                            0           0  0.10s           2024-05-24T14:42:19
/usr/local/python/3.10.13/lib/python3.10/site-packages/airflow/example_dags/subdags/subdag.py                                                                    0           0  0.10s           2024-05-24T14:42:17
/usr/local/python/3.10.13/lib/python3.10/site-packages/airflow/example_dags/example_kubernetes_executor.py                                                       0           0  0.10s           2024-05-24T14:43:12
/usr/local/python/3.10.13/lib/python3.10/site-packages/airflow/example_dags/plugins/decreasing_priority_weight_strategy.py                                       0           0  0.10s           2024-05-24T14:42:45
/usr/local/python/3.10.13/lib/python3.10/site-packages/airflow/example_dags/example_local_kubernetes_executor.py                                                 0           0  0.10s           2024-05-24T14:43:02
/usr/local/python/3.10.13/lib/python3.10/site-packages/airflow/example_dags/plugins/listener_plugin.py                                                           0           0  0.10s           2024-05-24T14:42:21
/usr/local/python/3.10.13/lib/python3.10/site-packages/airflow/example_dags/example_bash_operator.py                                                             0           0
/usr/local/python/3.10.13/lib/python3.10/site-packages/airflow/example_dags/example_branch_labels.py                                                             0           0
/usr/local/python/3.10.13/lib/python3.10/site-packages/airflow/example_dags/example_bash_decorator.py                                                            0           0
/usr/local/python/3.10.13/lib/python3.10/site-packages/airflow/example_dags/example_branch_day_of_week_operator.py                                               0           0
================================================================================
[2024-05-24T14:43:48.268+0000] {manager.py:878} INFO - 
================================================================================
DAG File Processing Stats

File Path                                                                                                                               PID    Runtime      # DAGs    # Errors  Last Runtime    Last Run
--------------------------------------------------------------------------------------------------------------------------------------  -----  ---------  --------  ----------  --------------  -------------------
/usr/local/python/3.10.13/lib/python3.10/site-packages/airflow/example_dags/example_datasets.py                                                                 10           0  1.51s           2024-05-24T14:42:58
/usr/local/python/3.10.13/lib/python3.10/site-packages/airflow/example_dags/example_branch_datetime_operator.py                                                  3           0  0.60s           2024-05-24T14:43:16
/usr/local/python/3.10.13/lib/python3.10/site-packages/airflow/example_dags/example_external_task_marker_dag.py                                                  2           0  0.51s           2024-05-24T14:43:13
/usr/local/python/3.10.13/lib/python3.10/site-packages/airflow/example_dags/example_params_trigger_ui.py                                                         1           0  0.51s           2024-05-24T14:43:01
/usr/local/python/3.10.13/lib/python3.10/site-packages/airflow/example_dags/example_dag_decorator.py                                                             1           0  0.50s           2024-05-24T14:43:08
/usr/local/python/3.10.13/lib/python3.10/site-packages/airflow/example_dags/example_latest_only_with_trigger.py                                                  1           0  0.41s           2024-05-24T14:43:00
/usr/local/python/3.10.13/lib/python3.10/site-packages/airflow/example_dags/example_complex.py                                                                   1           0  0.41s           2024-05-24T14:42:59
/usr/local/python/3.10.13/lib/python3.10/site-packages/airflow/example_dags/example_passing_params_via_test_command.py                                           1           0  0.41s           2024-05-24T14:42:53
/usr/local/python/3.10.13/lib/python3.10/site-packages/airflow/example_dags/example_sensor_decorator.py                                                          1           0  0.41s           2024-05-24T14:42:55
/usr/local/python/3.10.13/lib/python3.10/site-packages/airflow/example_dags/example_python_operator.py                                                           1           0  0.40s           2024-05-24T14:43:11
/usr/local/python/3.10.13/lib/python3.10/site-packages/airflow/example_dags/example_branch_day_of_week_operator.py                                               1           0  0.40s           2024-05-24T14:43:22
/usr/local/python/3.10.13/lib/python3.10/site-packages/airflow/example_dags/example_dynamic_task_mapping.py                                                      1           0  0.40s           2024-05-24T14:42:50
/usr/local/python/3.10.13/lib/python3.10/site-packages/airflow/example_dags/example_python_decorator.py                                                          1           0  0.40s           2024-05-24T14:43:09
/usr/local/python/3.10.13/lib/python3.10/site-packages/airflow/example_dags/example_display_name.py                                                              1           0  0.40s           2024-05-24T14:42:54
/usr/local/python/3.10.13/lib/python3.10/site-packages/airflow/example_dags/example_latest_only.py                                                               1           0  0.40s           2024-05-24T14:42:48
/usr/local/python/3.10.13/lib/python3.10/site-packages/airflow/example_dags/example_setup_teardown_taskflow.py                                                   1           0  0.40s           2024-05-24T14:43:06
/usr/local/python/3.10.13/lib/python3.10/site-packages/airflow/example_dags/example_nested_branch_dag.py                                                         1           0  0.40s           2024-05-24T14:43:05
/usr/local/python/3.10.13/lib/python3.10/site-packages/airflow/example_dags/example_params_ui_tutorial.py                                                        1           0  0.40s           2024-05-24T14:42:51
/usr/local/python/3.10.13/lib/python3.10/site-packages/airflow/example_dags/example_dynamic_task_mapping_with_no_taskflow_operators.py                           1           0  0.40s           2024-05-24T14:43:04
/usr/local/python/3.10.13/lib/python3.10/site-packages/airflow/example_dags/example_bash_decorator.py                                                            1           0  0.31s           2024-05-24T14:43:21
/usr/local/python/3.10.13/lib/python3.10/site-packages/airflow/example_dags/example_bash_operator.py                                                             1           0  0.30s           2024-05-24T14:43:19
/usr/local/python/3.10.13/lib/python3.10/site-packages/airflow/example_dags/example_branch_python_dop_operator_3.py                                              1           0  0.30s           2024-05-24T14:43:17
/usr/local/python/3.10.13/lib/python3.10/site-packages/airflow/example_dags/example_branch_labels.py                                                             1           0  0.30s           2024-05-24T14:43:20
/usr/local/python/3.10.13/lib/python3.10/site-packages/airflow/example_dags/example_branch_operator_decorator.py                                                 1           0  0.30s           2024-05-24T14:43:18
/usr/local/python/3.10.13/lib/python3.10/site-packages/airflow/example_dags/plugins/workday.py                                                                   0           0  0.30s           2024-05-24T14:43:26
/usr/local/python/3.10.13/lib/python3.10/site-packages/airflow/example_dags/example_branch_operator.py                                                           1           0  0.30s           2024-05-24T14:43:15
/usr/local/python/3.10.13/lib/python3.10/site-packages/airflow/example_dags/example_task_group_decorator.py                                                      1           0  0.20s           2024-05-24T14:43:28
/usr/local/python/3.10.13/lib/python3.10/site-packages/airflow/example_dags/plugins/listener_plugin.py                                                           0           0  0.11s           2024-05-24T14:43:27
/usr/local/python/3.10.13/lib/python3.10/site-packages/airflow/example_dags/tutorial_objectstorage.py                                                            1           0  0.10s           2024-05-24T14:43:36
/usr/local/python/3.10.13/lib/python3.10/site-packages/airflow/example_dags/example_skip_dag.py                                                                  1           0  0.10s           2024-05-24T14:43:33
/usr/local/python/3.10.13/lib/python3.10/site-packages/airflow/example_dags/example_short_circuit_operator.py                                                    1           0  0.10s           2024-05-24T14:43:32
/usr/local/python/3.10.13/lib/python3.10/site-packages/airflow/example_dags/tutorial.py                                                                          1           0  0.10s           2024-05-24T14:43:42
/usr/local/python/3.10.13/lib/python3.10/site-packages/airflow/example_dags/tutorial_taskflow_api.py                                                             1           0  0.10s           2024-05-24T14:43:34
/usr/local/python/3.10.13/lib/python3.10/site-packages/airflow/example_dags/example_kubernetes_executor.py                                                       0           0  0.10s           2024-05-24T14:43:12
/usr/local/python/3.10.13/lib/python3.10/site-packages/airflow/example_dags/example_xcomargs.py                                                                  2           0  0.10s           2024-05-24T14:43:29
/usr/local/python/3.10.13/lib/python3.10/site-packages/airflow/example_dags/example_setup_teardown.py                                                            1           0  0.10s           2024-05-24T14:43:47
/usr/local/python/3.10.13/lib/python3.10/site-packages/airflow/example_dags/example_xcom.py                                                                      1           0  0.10s           2024-05-24T14:43:43
/usr/local/python/3.10.13/lib/python3.10/site-packages/airflow/example_dags/example_short_circuit_decorator.py                                                   1           0  0.10s           2024-05-24T14:43:37
/usr/local/python/3.10.13/lib/python3.10/site-packages/airflow/example_dags/example_task_group.py                                                                1           0  0.10s           2024-05-24T14:43:41
/usr/local/python/3.10.13/lib/python3.10/site-packages/airflow/example_dags/example_sla_dag.py                                                                   1           0  0.10s           2024-05-24T14:43:38
/usr/local/python/3.10.13/lib/python3.10/site-packages/airflow/example_dags/example_subdag_operator.py                                                           3           0  0.10s           2024-05-24T14:43:30
/usr/local/python/3.10.13/lib/python3.10/site-packages/airflow/example_dags/example_trigger_controller_dag.py                                                    1           0  0.10s           2024-05-24T14:43:44
/usr/local/python/3.10.13/lib/python3.10/site-packages/airflow/example_dags/example_sensors.py                                                                   1           0  0.10s           2024-05-24T14:43:48
/usr/local/python/3.10.13/lib/python3.10/site-packages/airflow/example_dags/plugins/decreasing_priority_weight_strategy.py                                       0           0  0.10s           2024-05-24T14:43:45
/usr/local/python/3.10.13/lib/python3.10/site-packages/airflow/example_dags/tutorial_dag.py                                                                      1           0  0.10s           2024-05-24T14:43:40
/usr/local/python/3.10.13/lib/python3.10/site-packages/airflow/example_dags/example_time_delta_sensor_async.py                                                   1           0  0.10s           2024-05-24T14:43:35
/usr/local/python/3.10.13/lib/python3.10/site-packages/airflow/example_dags/example_trigger_target_dag.py                                                        1           0  0.10s           2024-05-24T14:43:31
/usr/local/python/3.10.13/lib/python3.10/site-packages/airflow/example_dags/example_local_kubernetes_executor.py                                                 0           0  0.10s           2024-05-24T14:43:02
/usr/local/python/3.10.13/lib/python3.10/site-packages/airflow/example_dags/subdags/subdag.py                                                                    0           0  0.10s           2024-05-24T14:43:24
/usr/local/python/3.10.13/lib/python3.10/site-packages/airflow/example_dags/plugins/event_listener.py                                                            0           0  0.10s           2024-05-24T14:43:25
/usr/local/python/3.10.13/lib/python3.10/site-packages/airflow/example_dags/tutorial_taskflow_api_virtualenv.py                                                  1           0  0.10s           2024-05-24T14:43:39
================================================================================
[2024-05-24T14:44:19.359+0000] {manager.py:878} INFO - 
================================================================================
DAG File Processing Stats

File Path                                                                                                                               PID    Runtime      # DAGs    # Errors  Last Runtime    Last Run
--------------------------------------------------------------------------------------------------------------------------------------  -----  ---------  --------  ----------  --------------  -------------------
/usr/local/python/3.10.13/lib/python3.10/site-packages/airflow/example_dags/example_branch_day_of_week_operator.py                                               1           0  0.40s           2024-05-24T14:43:22
/usr/local/python/3.10.13/lib/python3.10/site-packages/airflow/example_dags/plugins/workday.py                                                                   0           0  0.40s           2024-05-24T14:44:18
/usr/local/python/3.10.13/lib/python3.10/site-packages/airflow/example_dags/example_dag_decorator.py                                                             1           0  0.30s           2024-05-24T14:44:03
/usr/local/python/3.10.13/lib/python3.10/site-packages/airflow/example_dags/example_latest_only.py                                                               1           0  0.21s           2024-05-24T14:43:48
/usr/local/python/3.10.13/lib/python3.10/site-packages/airflow/example_dags/example_bash_operator.py                                                             1           0  0.21s           2024-05-24T14:44:12
/usr/local/python/3.10.13/lib/python3.10/site-packages/airflow/example_dags/example_task_group_decorator.py                                                      1           0  0.20s           2024-05-24T14:43:28
/usr/local/python/3.10.13/lib/python3.10/site-packages/airflow/example_dags/example_params_ui_tutorial.py                                                        1           0  0.20s           2024-05-24T14:43:50
/usr/local/python/3.10.13/lib/python3.10/site-packages/airflow/example_dags/example_params_trigger_ui.py                                                         1           0  0.20s           2024-05-24T14:43:58
/usr/local/python/3.10.13/lib/python3.10/site-packages/airflow/example_dags/example_datasets.py                                                                 10           0  0.20s           2024-05-24T14:43:55
/usr/local/python/3.10.13/lib/python3.10/site-packages/airflow/example_dags/example_branch_operator_decorator.py                                                 1           0  0.20s           2024-05-24T14:44:10
/usr/local/python/3.10.13/lib/python3.10/site-packages/airflow/example_dags/example_branch_operator.py                                                           1           0  0.20s           2024-05-24T14:44:08
/usr/local/python/3.10.13/lib/python3.10/site-packages/airflow/example_dags/example_dynamic_task_mapping.py                                                      1           0  0.11s           2024-05-24T14:43:49
/usr/local/python/3.10.13/lib/python3.10/site-packages/airflow/example_dags/example_branch_labels.py                                                             1           0  0.11s           2024-05-24T14:44:13
/usr/local/python/3.10.13/lib/python3.10/site-packages/airflow/example_dags/example_dynamic_task_mapping_with_no_taskflow_operators.py                           1           0  0.11s           2024-05-24T14:44:00
/usr/local/python/3.10.13/lib/python3.10/site-packages/airflow/example_dags/example_branch_datetime_operator.py                                                  3           0  0.11s           2024-05-24T14:44:09
/usr/local/python/3.10.13/lib/python3.10/site-packages/airflow/example_dags/example_complex.py                                                                   1           0  0.10s           2024-05-24T14:43:56
/usr/local/python/3.10.13/lib/python3.10/site-packages/airflow/example_dags/tutorial_objectstorage.py                                                            1           0  0.10s           2024-05-24T14:43:36
/usr/local/python/3.10.13/lib/python3.10/site-packages/airflow/example_dags/example_latest_only_with_trigger.py                                                  1           0  0.10s           2024-05-24T14:43:57
/usr/local/python/3.10.13/lib/python3.10/site-packages/airflow/example_dags/example_sensor_decorator.py                                                          1           0  0.10s           2024-05-24T14:43:54
/usr/local/python/3.10.13/lib/python3.10/site-packages/airflow/example_dags/example_skip_dag.py                                                                  1           0  0.10s           2024-05-24T14:43:33
/usr/local/python/3.10.13/lib/python3.10/site-packages/airflow/example_dags/example_nested_branch_dag.py                                                         1           0  0.10s           2024-05-24T14:44:00
/usr/local/python/3.10.13/lib/python3.10/site-packages/airflow/example_dags/example_local_kubernetes_executor.py                                                 0           0  0.10s           2024-05-24T14:43:59
/usr/local/python/3.10.13/lib/python3.10/site-packages/airflow/example_dags/example_passing_params_via_test_command.py                                           1           0  0.10s           2024-05-24T14:43:51
/usr/local/python/3.10.13/lib/python3.10/site-packages/airflow/example_dags/example_short_circuit_operator.py                                                    1           0  0.10s           2024-05-24T14:43:32
/usr/local/python/3.10.13/lib/python3.10/site-packages/airflow/example_dags/example_python_decorator.py                                                          1           0  0.10s           2024-05-24T14:44:04
/usr/local/python/3.10.13/lib/python3.10/site-packages/airflow/example_dags/example_bash_decorator.py                                                            1           0  0.10s           2024-05-24T14:44:14
/usr/local/python/3.10.13/lib/python3.10/site-packages/airflow/example_dags/tutorial.py                                                                          1           0  0.10s           2024-05-24T14:43:42
/usr/local/python/3.10.13/lib/python3.10/site-packages/airflow/example_dags/tutorial_taskflow_api.py                                                             1           0  0.10s           2024-05-24T14:43:34
/usr/local/python/3.10.13/lib/python3.10/site-packages/airflow/example_dags/plugins/listener_plugin.py                                                           0           0  0.10s           2024-05-24T14:44:19
/usr/local/python/3.10.13/lib/python3.10/site-packages/airflow/example_dags/plugins/event_listener.py                                                            0           0  0.10s           2024-05-24T14:44:16
/usr/local/python/3.10.13/lib/python3.10/site-packages/airflow/example_dags/example_kubernetes_executor.py                                                       0           0  0.10s           2024-05-24T14:44:05
/usr/local/python/3.10.13/lib/python3.10/site-packages/airflow/example_dags/example_xcomargs.py                                                                  2           0  0.10s           2024-05-24T14:43:29
/usr/local/python/3.10.13/lib/python3.10/site-packages/airflow/example_dags/example_setup_teardown.py                                                            1           0  0.10s           2024-05-24T14:43:47
/usr/local/python/3.10.13/lib/python3.10/site-packages/airflow/example_dags/example_xcom.py                                                                      1           0  0.10s           2024-05-24T14:43:43
/usr/local/python/3.10.13/lib/python3.10/site-packages/airflow/example_dags/example_short_circuit_decorator.py                                                   1           0  0.10s           2024-05-24T14:43:37
/usr/local/python/3.10.13/lib/python3.10/site-packages/airflow/example_dags/example_setup_teardown_taskflow.py                                                   1           0  0.10s           2024-05-24T14:44:01
/usr/local/python/3.10.13/lib/python3.10/site-packages/airflow/example_dags/example_task_group.py                                                                1           0  0.10s           2024-05-24T14:43:41
/usr/local/python/3.10.13/lib/python3.10/site-packages/airflow/example_dags/example_python_operator.py                                                           1           0  0.10s           2024-05-24T14:44:04
/usr/local/python/3.10.13/lib/python3.10/site-packages/airflow/example_dags/subdags/subdag.py                                                                    0           0  0.10s           2024-05-24T14:44:15
/usr/local/python/3.10.13/lib/python3.10/site-packages/airflow/example_dags/example_sla_dag.py                                                                   1           0  0.10s           2024-05-24T14:43:38
/usr/local/python/3.10.13/lib/python3.10/site-packages/airflow/example_dags/example_subdag_operator.py                                                           3           0  0.10s           2024-05-24T14:43:30
/usr/local/python/3.10.13/lib/python3.10/site-packages/airflow/example_dags/example_trigger_controller_dag.py                                                    1           0  0.10s           2024-05-24T14:43:44
/usr/local/python/3.10.13/lib/python3.10/site-packages/airflow/example_dags/example_branch_python_dop_operator_3.py                                              1           0  0.10s           2024-05-24T14:44:10
/usr/local/python/3.10.13/lib/python3.10/site-packages/airflow/example_dags/example_display_name.py                                                              1           0  0.10s           2024-05-24T14:43:52
/usr/local/python/3.10.13/lib/python3.10/site-packages/airflow/example_dags/example_sensors.py                                                                   1           0  0.10s           2024-05-24T14:43:48
/usr/local/python/3.10.13/lib/python3.10/site-packages/airflow/example_dags/plugins/decreasing_priority_weight_strategy.py                                       0           0  0.10s           2024-05-24T14:43:45
/usr/local/python/3.10.13/lib/python3.10/site-packages/airflow/example_dags/tutorial_dag.py                                                                      1           0  0.10s           2024-05-24T14:43:40
/usr/local/python/3.10.13/lib/python3.10/site-packages/airflow/example_dags/example_time_delta_sensor_async.py                                                   1           0  0.10s           2024-05-24T14:43:35
/usr/local/python/3.10.13/lib/python3.10/site-packages/airflow/example_dags/example_trigger_target_dag.py                                                        1           0  0.10s           2024-05-24T14:43:31
/usr/local/python/3.10.13/lib/python3.10/site-packages/airflow/example_dags/example_external_task_marker_dag.py                                                  2           0  0.10s           2024-05-24T14:44:07
/usr/local/python/3.10.13/lib/python3.10/site-packages/airflow/example_dags/tutorial_taskflow_api_virtualenv.py                                                  1           0  0.10s           2024-05-24T14:43:39
================================================================================
[2024-05-24T14:44:50.143+0000] {manager.py:878} INFO - 
================================================================================
DAG File Processing Stats

File Path                                                                                                                               PID    Runtime      # DAGs    # Errors  Last Runtime    Last Run
--------------------------------------------------------------------------------------------------------------------------------------  -----  ---------  --------  ----------  --------------  -------------------
/usr/local/python/3.10.13/lib/python3.10/site-packages/airflow/example_dags/plugins/workday.py                                                                   0           0  0.40s           2024-05-24T14:44:18
/usr/local/python/3.10.13/lib/python3.10/site-packages/airflow/example_dags/example_dag_decorator.py                                                             1           0  0.30s           2024-05-24T14:44:03
/usr/local/python/3.10.13/lib/python3.10/site-packages/airflow/example_dags/example_params_trigger_ui.py                                                         1           0  0.21s           2024-05-24T14:44:50
/usr/local/python/3.10.13/lib/python3.10/site-packages/airflow/example_dags/example_params_ui_tutorial.py                                                        1           0  0.21s           2024-05-24T14:44:42
/usr/local/python/3.10.13/lib/python3.10/site-packages/airflow/example_dags/example_bash_operator.py                                                             1           0  0.21s           2024-05-24T14:44:12
/usr/local/python/3.10.13/lib/python3.10/site-packages/airflow/example_dags/example_trigger_target_dag.py                                                        1           0  0.20s           2024-05-24T14:44:22
/usr/local/python/3.10.13/lib/python3.10/site-packages/airflow/example_dags/example_branch_operator_decorator.py                                                 1           0  0.20s           2024-05-24T14:44:10
/usr/local/python/3.10.13/lib/python3.10/site-packages/airflow/example_dags/example_branch_operator.py                                                           1           0  0.20s           2024-05-24T14:44:08
/usr/local/python/3.10.13/lib/python3.10/site-packages/airflow/example_dags/example_sensors.py                                                                   1           0  0.20s           2024-05-24T14:44:39
/usr/local/python/3.10.13/lib/python3.10/site-packages/airflow/example_dags/example_datasets.py                                                                 10           0  0.20s           2024-05-24T14:44:46
/usr/local/python/3.10.13/lib/python3.10/site-packages/airflow/example_dags/example_sla_dag.py                                                                   1           0  0.20s           2024-05-24T14:44:29
/usr/local/python/3.10.13/lib/python3.10/site-packages/airflow/example_dags/example_passing_params_via_test_command.py                                           1           0  0.20s           2024-05-24T14:44:43
/usr/local/python/3.10.13/lib/python3.10/site-packages/airflow/example_dags/example_xcom.py                                                                      1           0  0.11s           2024-05-24T14:44:34
/usr/local/python/3.10.13/lib/python3.10/site-packages/airflow/example_dags/example_branch_labels.py                                                             1           0  0.11s           2024-05-24T14:44:13
/usr/local/python/3.10.13/lib/python3.10/site-packages/airflow/example_dags/example_dynamic_task_mapping_with_no_taskflow_operators.py                           1           0  0.11s           2024-05-24T14:44:00
/usr/local/python/3.10.13/lib/python3.10/site-packages/airflow/example_dags/example_branch_datetime_operator.py                                                  3           0  0.11s           2024-05-24T14:44:09
/usr/local/python/3.10.13/lib/python3.10/site-packages/airflow/example_dags/example_task_group.py                                                                1           0  0.11s           2024-05-24T14:44:32
/usr/local/python/3.10.13/lib/python3.10/site-packages/airflow/example_dags/example_complex.py                                                                   1           0  0.11s           2024-05-24T14:44:47
/usr/local/python/3.10.13/lib/python3.10/site-packages/airflow/example_dags/example_dynamic_task_mapping.py                                                      1           0  0.11s           2024-05-24T14:44:41
/usr/local/python/3.10.13/lib/python3.10/site-packages/airflow/example_dags/example_setup_teardown.py                                                            1           0  0.10s           2024-05-24T14:44:38
/usr/local/python/3.10.13/lib/python3.10/site-packages/airflow/example_dags/example_task_group_decorator.py                                                      1           0  0.10s           2024-05-24T14:44:19
/usr/local/python/3.10.13/lib/python3.10/site-packages/airflow/example_dags/example_subdag_operator.py                                                           3           0  0.10s           2024-05-24T14:44:21
/usr/local/python/3.10.13/lib/python3.10/site-packages/airflow/example_dags/example_skip_dag.py                                                                  1           0  0.10s           2024-05-24T14:44:24
/usr/local/python/3.10.13/lib/python3.10/site-packages/airflow/example_dags/example_nested_branch_dag.py                                                         1           0  0.10s           2024-05-24T14:44:00
/usr/local/python/3.10.13/lib/python3.10/site-packages/airflow/example_dags/example_local_kubernetes_executor.py                                                 0           0  0.10s           2024-05-24T14:43:59
/usr/local/python/3.10.13/lib/python3.10/site-packages/airflow/example_dags/example_python_decorator.py                                                          1           0  0.10s           2024-05-24T14:44:04
/usr/local/python/3.10.13/lib/python3.10/site-packages/airflow/example_dags/example_bash_decorator.py                                                            1           0  0.10s           2024-05-24T14:44:14
/usr/local/python/3.10.13/lib/python3.10/site-packages/airflow/example_dags/tutorial_dag.py                                                                      1           0  0.10s           2024-05-24T14:44:31
/usr/local/python/3.10.13/lib/python3.10/site-packages/airflow/example_dags/plugins/listener_plugin.py                                                           0           0  0.10s           2024-05-24T14:44:19
/usr/local/python/3.10.13/lib/python3.10/site-packages/airflow/example_dags/plugins/event_listener.py                                                            0           0  0.10s           2024-05-24T14:44:16
/usr/local/python/3.10.13/lib/python3.10/site-packages/airflow/example_dags/example_xcomargs.py                                                                  2           0  0.10s           2024-05-24T14:44:19
/usr/local/python/3.10.13/lib/python3.10/site-packages/airflow/example_dags/example_sensor_decorator.py                                                          1           0  0.10s           2024-05-24T14:44:45
/usr/local/python/3.10.13/lib/python3.10/site-packages/airflow/example_dags/example_kubernetes_executor.py                                                       0           0  0.10s           2024-05-24T14:44:05
/usr/local/python/3.10.13/lib/python3.10/site-packages/airflow/example_dags/tutorial.py                                                                          1           0  0.10s           2024-05-24T14:44:33
/usr/local/python/3.10.13/lib/python3.10/site-packages/airflow/example_dags/tutorial_taskflow_api.py                                                             1           0  0.10s           2024-05-24T14:44:24
/usr/local/python/3.10.13/lib/python3.10/site-packages/airflow/example_dags/example_setup_teardown_taskflow.py                                                   1           0  0.10s           2024-05-24T14:44:01
/usr/local/python/3.10.13/lib/python3.10/site-packages/airflow/example_dags/example_branch_day_of_week_operator.py                                               1           0  0.10s           2024-05-24T14:44:36
/usr/local/python/3.10.13/lib/python3.10/site-packages/airflow/example_dags/example_display_name.py                                                              1           0  0.10s           2024-05-24T14:44:44
/usr/local/python/3.10.13/lib/python3.10/site-packages/airflow/example_dags/example_latest_only.py                                                               1           0  0.10s           2024-05-24T14:44:40
/usr/local/python/3.10.13/lib/python3.10/site-packages/airflow/example_dags/example_time_delta_sensor_async.py                                                   1           0  0.10s           2024-05-24T14:44:25
/usr/local/python/3.10.13/lib/python3.10/site-packages/airflow/example_dags/example_python_operator.py                                                           1           0  0.10s           2024-05-24T14:44:04
/usr/local/python/3.10.13/lib/python3.10/site-packages/airflow/example_dags/subdags/subdag.py                                                                    0           0  0.10s           2024-05-24T14:44:15
/usr/local/python/3.10.13/lib/python3.10/site-packages/airflow/example_dags/example_trigger_controller_dag.py                                                    1           0  0.10s           2024-05-24T14:44:35
/usr/local/python/3.10.13/lib/python3.10/site-packages/airflow/example_dags/example_branch_python_dop_operator_3.py                                              1           0  0.10s           2024-05-24T14:44:10
/usr/local/python/3.10.13/lib/python3.10/site-packages/airflow/example_dags/tutorial_objectstorage.py                                                            1           0  0.10s           2024-05-24T14:44:27
/usr/local/python/3.10.13/lib/python3.10/site-packages/airflow/example_dags/example_short_circuit_operator.py                                                    1           0  0.10s           2024-05-24T14:44:23
/usr/local/python/3.10.13/lib/python3.10/site-packages/airflow/example_dags/plugins/decreasing_priority_weight_strategy.py                                       0           0  0.10s           2024-05-24T14:44:37
/usr/local/python/3.10.13/lib/python3.10/site-packages/airflow/example_dags/tutorial_taskflow_api_virtualenv.py                                                  1           0  0.10s           2024-05-24T14:44:29
/usr/local/python/3.10.13/lib/python3.10/site-packages/airflow/example_dags/example_short_circuit_decorator.py                                                   1           0  0.10s           2024-05-24T14:44:28
/usr/local/python/3.10.13/lib/python3.10/site-packages/airflow/example_dags/example_external_task_marker_dag.py                                                  2           0  0.10s           2024-05-24T14:44:07
/usr/local/python/3.10.13/lib/python3.10/site-packages/airflow/example_dags/example_latest_only_with_trigger.py                                                  1           0  0.10s           2024-05-24T14:44:48
================================================================================
[2024-05-24T14:45:20.421+0000] {manager.py:878} INFO - 
================================================================================
DAG File Processing Stats

File Path                                                                                                                               PID    Runtime      # DAGs    # Errors  Last Runtime    Last Run
--------------------------------------------------------------------------------------------------------------------------------------  -----  ---------  --------  ----------  --------------  -------------------
/usr/local/python/3.10.13/lib/python3.10/site-packages/airflow/example_dags/example_dag_decorator.py                                                             1           0  0.41s           2024-05-24T14:44:55
/usr/local/python/3.10.13/lib/python3.10/site-packages/airflow/example_dags/plugins/workday.py                                                                   0           0  0.30s           2024-05-24T14:45:01
/usr/local/python/3.10.13/lib/python3.10/site-packages/airflow/example_dags/example_params_trigger_ui.py                                                         1           0  0.21s           2024-05-24T14:44:50
/usr/local/python/3.10.13/lib/python3.10/site-packages/airflow/example_dags/example_params_ui_tutorial.py                                                        1           0  0.21s           2024-05-24T14:44:42
/usr/local/python/3.10.13/lib/python3.10/site-packages/airflow/example_dags/example_bash_operator.py                                                             1           0  0.20s           2024-05-24T14:45:20
/usr/local/python/3.10.13/lib/python3.10/site-packages/airflow/example_dags/example_sensors.py                                                                   1           0  0.20s           2024-05-24T14:44:39
/usr/local/python/3.10.13/lib/python3.10/site-packages/airflow/example_dags/example_branch_operator_decorator.py                                                 1           0  0.20s           2024-05-24T14:45:19
/usr/local/python/3.10.13/lib/python3.10/site-packages/airflow/example_dags/example_datasets.py                                                                 10           0  0.20s           2024-05-24T14:44:46
/usr/local/python/3.10.13/lib/python3.10/site-packages/airflow/example_dags/example_passing_params_via_test_command.py                                           1           0  0.20s           2024-05-24T14:44:43
/usr/local/python/3.10.13/lib/python3.10/site-packages/airflow/example_dags/example_branch_operator.py                                                           1           0  0.20s           2024-05-24T14:45:16
/usr/local/python/3.10.13/lib/python3.10/site-packages/airflow/example_dags/example_xcom.py                                                                      1           0  0.11s           2024-05-24T14:44:34
/usr/local/python/3.10.13/lib/python3.10/site-packages/airflow/example_dags/example_branch_datetime_operator.py                                                  3           0  0.11s           2024-05-24T14:45:17
/usr/local/python/3.10.13/lib/python3.10/site-packages/airflow/example_dags/example_nested_branch_dag.py                                                         1           0  0.11s           2024-05-24T14:44:52
/usr/local/python/3.10.13/lib/python3.10/site-packages/airflow/example_dags/example_branch_labels.py                                                             1           0  0.11s           2024-05-24T14:44:13
/usr/local/python/3.10.13/lib/python3.10/site-packages/airflow/example_dags/example_task_group.py                                                                1           0  0.11s           2024-05-24T14:44:32
/usr/local/python/3.10.13/lib/python3.10/site-packages/airflow/example_dags/example_kubernetes_executor.py                                                       0           0  0.11s           2024-05-24T14:44:57
/usr/local/python/3.10.13/lib/python3.10/site-packages/airflow/example_dags/plugins/listener_plugin.py                                                           0           0  0.11s           2024-05-24T14:45:02
/usr/local/python/3.10.13/lib/python3.10/site-packages/airflow/example_dags/example_complex.py                                                                   1           0  0.11s           2024-05-24T14:44:47
/usr/local/python/3.10.13/lib/python3.10/site-packages/airflow/example_dags/example_dynamic_task_mapping.py                                                      1           0  0.11s           2024-05-24T14:44:41
/usr/local/python/3.10.13/lib/python3.10/site-packages/airflow/example_dags/example_setup_teardown.py                                                            1           0  0.10s           2024-05-24T14:44:38
/usr/local/python/3.10.13/lib/python3.10/site-packages/airflow/example_dags/example_short_circuit_operator.py                                                    1           0  0.10s           2024-05-24T14:45:08
/usr/local/python/3.10.13/lib/python3.10/site-packages/airflow/example_dags/example_setup_teardown_taskflow.py                                                   1           0  0.10s           2024-05-24T14:44:53
/usr/local/python/3.10.13/lib/python3.10/site-packages/airflow/example_dags/example_local_kubernetes_executor.py                                                 0           0  0.10s           2024-05-24T14:44:50
/usr/local/python/3.10.13/lib/python3.10/site-packages/airflow/example_dags/subdags/subdag.py                                                                    0           0  0.10s           2024-05-24T14:45:00
/usr/local/python/3.10.13/lib/python3.10/site-packages/airflow/example_dags/example_bash_decorator.py                                                            1           0  0.10s           2024-05-24T14:44:14
/usr/local/python/3.10.13/lib/python3.10/site-packages/airflow/example_dags/tutorial_dag.py                                                                      1           0  0.10s           2024-05-24T14:44:31
/usr/local/python/3.10.13/lib/python3.10/site-packages/airflow/example_dags/tutorial_taskflow_api_virtualenv.py                                                  1           0  0.10s           2024-05-24T14:45:15
/usr/local/python/3.10.13/lib/python3.10/site-packages/airflow/example_dags/example_subdag_operator.py                                                           3           0  0.10s           2024-05-24T14:45:06
/usr/local/python/3.10.13/lib/python3.10/site-packages/airflow/example_dags/example_dynamic_task_mapping_with_no_taskflow_operators.py                           1           0  0.10s           2024-05-24T14:44:51
/usr/local/python/3.10.13/lib/python3.10/site-packages/airflow/example_dags/example_sensor_decorator.py                                                          1           0  0.10s           2024-05-24T14:44:45
/usr/local/python/3.10.13/lib/python3.10/site-packages/airflow/example_dags/example_xcomargs.py                                                                  2           0  0.10s           2024-05-24T14:45:05
/usr/local/python/3.10.13/lib/python3.10/site-packages/airflow/example_dags/example_branch_python_dop_operator_3.py                                              1           0  0.10s           2024-05-24T14:45:18
/usr/local/python/3.10.13/lib/python3.10/site-packages/airflow/example_dags/tutorial.py                                                                          1           0  0.10s           2024-05-24T14:44:33
/usr/local/python/3.10.13/lib/python3.10/site-packages/airflow/example_dags/example_time_delta_sensor_async.py                                                   1           0  0.10s           2024-05-24T14:45:11
/usr/local/python/3.10.13/lib/python3.10/site-packages/airflow/example_dags/plugins/event_listener.py                                                            0           0  0.10s           2024-05-24T14:45:00
/usr/local/python/3.10.13/lib/python3.10/site-packages/airflow/example_dags/example_python_operator.py                                                           1           0  0.10s           2024-05-24T14:44:56
/usr/local/python/3.10.13/lib/python3.10/site-packages/airflow/example_dags/example_branch_day_of_week_operator.py                                               1           0  0.10s           2024-05-24T14:44:36
/usr/local/python/3.10.13/lib/python3.10/site-packages/airflow/example_dags/example_display_name.py                                                              1           0  0.10s           2024-05-24T14:44:44
/usr/local/python/3.10.13/lib/python3.10/site-packages/airflow/example_dags/example_latest_only.py                                                               1           0  0.10s           2024-05-24T14:44:40
/usr/local/python/3.10.13/lib/python3.10/site-packages/airflow/example_dags/example_skip_dag.py                                                                  1           0  0.10s           2024-05-24T14:45:09
/usr/local/python/3.10.13/lib/python3.10/site-packages/airflow/example_dags/example_short_circuit_decorator.py                                                   1           0  0.10s           2024-05-24T14:45:13
/usr/local/python/3.10.13/lib/python3.10/site-packages/airflow/example_dags/tutorial_objectstorage.py                                                            1           0  0.10s           2024-05-24T14:45:11
/usr/local/python/3.10.13/lib/python3.10/site-packages/airflow/example_dags/tutorial_taskflow_api.py                                                             1           0  0.10s           2024-05-24T14:45:10
/usr/local/python/3.10.13/lib/python3.10/site-packages/airflow/example_dags/example_external_task_marker_dag.py                                                  2           0  0.10s           2024-05-24T14:44:59
/usr/local/python/3.10.13/lib/python3.10/site-packages/airflow/example_dags/example_trigger_controller_dag.py                                                    1           0  0.10s           2024-05-24T14:44:35
/usr/local/python/3.10.13/lib/python3.10/site-packages/airflow/example_dags/plugins/decreasing_priority_weight_strategy.py                                       0           0  0.10s           2024-05-24T14:44:37
/usr/local/python/3.10.13/lib/python3.10/site-packages/airflow/example_dags/example_trigger_target_dag.py                                                        1           0  0.10s           2024-05-24T14:45:07
/usr/local/python/3.10.13/lib/python3.10/site-packages/airflow/example_dags/example_sla_dag.py                                                                   1           0  0.10s           2024-05-24T14:45:14
/usr/local/python/3.10.13/lib/python3.10/site-packages/airflow/example_dags/example_task_group_decorator.py                                                      1           0  0.10s           2024-05-24T14:45:04
/usr/local/python/3.10.13/lib/python3.10/site-packages/airflow/example_dags/example_python_decorator.py                                                          1           0  0.10s           2024-05-24T14:44:55
/usr/local/python/3.10.13/lib/python3.10/site-packages/airflow/example_dags/example_latest_only_with_trigger.py                                                  1           0  0.10s           2024-05-24T14:44:48
================================================================================
[2024-05-24T14:45:50.799+0000] {manager.py:878} INFO - 
================================================================================
DAG File Processing Stats

File Path                                                                                                                               PID    Runtime      # DAGs    # Errors  Last Runtime    Last Run
--------------------------------------------------------------------------------------------------------------------------------------  -----  ---------  --------  ----------  --------------  -------------------
/usr/local/python/3.10.13/lib/python3.10/site-packages/airflow/example_dags/example_dag_decorator.py                                                             1           0  0.41s           2024-05-24T14:44:55
/usr/local/python/3.10.13/lib/python3.10/site-packages/airflow/example_dags/plugins/workday.py                                                                   0           0  0.30s           2024-05-24T14:45:47
/usr/local/python/3.10.13/lib/python3.10/site-packages/airflow/example_dags/example_params_trigger_ui.py                                                         1           0  0.21s           2024-05-24T14:45:40
/usr/local/python/3.10.13/lib/python3.10/site-packages/airflow/example_dags/example_complex.py                                                                   1           0  0.21s           2024-05-24T14:45:38
/usr/local/python/3.10.13/lib/python3.10/site-packages/airflow/example_dags/example_xcomargs.py                                                                  2           0  0.21s           2024-05-24T14:45:50
/usr/local/python/3.10.13/lib/python3.10/site-packages/airflow/example_dags/example_bash_operator.py                                                             1           0  0.20s           2024-05-24T14:45:20
/usr/local/python/3.10.13/lib/python3.10/site-packages/airflow/example_dags/example_task_group_decorator.py                                                      1           0  0.20s           2024-05-24T14:45:49
/usr/local/python/3.10.13/lib/python3.10/site-packages/airflow/example_dags/example_params_ui_tutorial.py                                                        1           0  0.20s           2024-05-24T14:45:33
/usr/local/python/3.10.13/lib/python3.10/site-packages/airflow/example_dags/example_datasets.py                                                                 10           0  0.20s           2024-05-24T14:45:37
/usr/local/python/3.10.13/lib/python3.10/site-packages/airflow/example_dags/example_branch_operator_decorator.py                                                 1           0  0.20s           2024-05-24T14:45:19
/usr/local/python/3.10.13/lib/python3.10/site-packages/airflow/example_dags/example_branch_operator.py                                                           1           0  0.20s           2024-05-24T14:45:16
/usr/local/python/3.10.13/lib/python3.10/site-packages/airflow/example_dags/example_branch_datetime_operator.py                                                  3           0  0.11s           2024-05-24T14:45:17
/usr/local/python/3.10.13/lib/python3.10/site-packages/airflow/example_dags/example_sensors.py                                                                   1           0  0.11s           2024-05-24T14:45:31
/usr/local/python/3.10.13/lib/python3.10/site-packages/airflow/example_dags/example_kubernetes_executor.py                                                       0           0  0.11s           2024-05-24T14:44:57
/usr/local/python/3.10.13/lib/python3.10/site-packages/airflow/example_dags/example_setup_teardown.py                                                            1           0  0.11s           2024-05-24T14:45:30
/usr/local/python/3.10.13/lib/python3.10/site-packages/airflow/example_dags/example_trigger_controller_dag.py                                                    1           0  0.11s           2024-05-24T14:45:27
/usr/local/python/3.10.13/lib/python3.10/site-packages/airflow/example_dags/tutorial_dag.py                                                                      1           0  0.11s           2024-05-24T14:45:23
/usr/local/python/3.10.13/lib/python3.10/site-packages/airflow/example_dags/example_short_circuit_operator.py                                                    1           0  0.10s           2024-05-24T14:45:08
/usr/local/python/3.10.13/lib/python3.10/site-packages/airflow/example_dags/example_bash_decorator.py                                                            1           0  0.10s           2024-05-24T14:45:22
/usr/local/python/3.10.13/lib/python3.10/site-packages/airflow/example_dags/example_setup_teardown_taskflow.py                                                   1           0  0.10s           2024-05-24T14:44:53
/usr/local/python/3.10.13/lib/python3.10/site-packages/airflow/example_dags/tutorial.py                                                                          1           0  0.10s           2024-05-24T14:45:25
/usr/local/python/3.10.13/lib/python3.10/site-packages/airflow/example_dags/plugins/listener_plugin.py                                                           0           0  0.10s           2024-05-24T14:45:48
/usr/local/python/3.10.13/lib/python3.10/site-packages/airflow/example_dags/example_display_name.py                                                              1           0  0.10s           2024-05-24T14:45:35
/usr/local/python/3.10.13/lib/python3.10/site-packages/airflow/example_dags/example_branch_day_of_week_operator.py                                               1           0  0.10s           2024-05-24T14:45:44
/usr/local/python/3.10.13/lib/python3.10/site-packages/airflow/example_dags/example_dynamic_task_mapping.py                                                      1           0  0.10s           2024-05-24T14:45:32
/usr/local/python/3.10.13/lib/python3.10/site-packages/airflow/example_dags/tutorial_taskflow_api_virtualenv.py                                                  1           0  0.10s           2024-05-24T14:45:15
/usr/local/python/3.10.13/lib/python3.10/site-packages/airflow/example_dags/example_subdag_operator.py                                                           3           0  0.10s           2024-05-24T14:45:06
/usr/local/python/3.10.13/lib/python3.10/site-packages/airflow/example_dags/example_latest_only_with_trigger.py                                                  1           0  0.10s           2024-05-24T14:45:39
/usr/local/python/3.10.13/lib/python3.10/site-packages/airflow/example_dags/example_branch_python_dop_operator_3.py                                              1           0  0.10s           2024-05-24T14:45:18
/usr/local/python/3.10.13/lib/python3.10/site-packages/airflow/example_dags/example_time_delta_sensor_async.py                                                   1           0  0.10s           2024-05-24T14:45:11
/usr/local/python/3.10.13/lib/python3.10/site-packages/airflow/example_dags/example_branch_labels.py                                                             1           0  0.10s           2024-05-24T14:45:21
/usr/local/python/3.10.13/lib/python3.10/site-packages/airflow/example_dags/example_task_group.py                                                                1           0  0.10s           2024-05-24T14:45:24
/usr/local/python/3.10.13/lib/python3.10/site-packages/airflow/example_dags/example_python_operator.py                                                           1           0  0.10s           2024-05-24T14:44:56
/usr/local/python/3.10.13/lib/python3.10/site-packages/airflow/example_dags/example_local_kubernetes_executor.py                                                 0           0  0.10s           2024-05-24T14:45:41
/usr/local/python/3.10.13/lib/python3.10/site-packages/airflow/example_dags/example_passing_params_via_test_command.py                                           1           0  0.10s           2024-05-24T14:45:34
/usr/local/python/3.10.13/lib/python3.10/site-packages/airflow/example_dags/example_skip_dag.py                                                                  1           0  0.10s           2024-05-24T14:45:09
/usr/local/python/3.10.13/lib/python3.10/site-packages/airflow/example_dags/example_xcom.py                                                                      1           0  0.10s           2024-05-24T14:45:26
/usr/local/python/3.10.13/lib/python3.10/site-packages/airflow/example_dags/plugins/event_listener.py                                                            0           0  0.10s           2024-05-24T14:45:46
/usr/local/python/3.10.13/lib/python3.10/site-packages/airflow/example_dags/example_short_circuit_decorator.py                                                   1           0  0.10s           2024-05-24T14:45:13
/usr/local/python/3.10.13/lib/python3.10/site-packages/airflow/example_dags/example_dynamic_task_mapping_with_no_taskflow_operators.py                           1           0  0.10s           2024-05-24T14:45:42
/usr/local/python/3.10.13/lib/python3.10/site-packages/airflow/example_dags/tutorial_objectstorage.py                                                            1           0  0.10s           2024-05-24T14:45:11
/usr/local/python/3.10.13/lib/python3.10/site-packages/airflow/example_dags/tutorial_taskflow_api.py                                                             1           0  0.10s           2024-05-24T14:45:10
/usr/local/python/3.10.13/lib/python3.10/site-packages/airflow/example_dags/example_external_task_marker_dag.py                                                  2           0  0.10s           2024-05-24T14:44:59
/usr/local/python/3.10.13/lib/python3.10/site-packages/airflow/example_dags/plugins/decreasing_priority_weight_strategy.py                                       0           0  0.10s           2024-05-24T14:45:28
/usr/local/python/3.10.13/lib/python3.10/site-packages/airflow/example_dags/example_nested_branch_dag.py                                                         1           0  0.10s           2024-05-24T14:45:43
/usr/local/python/3.10.13/lib/python3.10/site-packages/airflow/example_dags/example_sensor_decorator.py                                                          1           0  0.10s           2024-05-24T14:45:36
/usr/local/python/3.10.13/lib/python3.10/site-packages/airflow/example_dags/example_trigger_target_dag.py                                                        1           0  0.10s           2024-05-24T14:45:07
/usr/local/python/3.10.13/lib/python3.10/site-packages/airflow/example_dags/example_sla_dag.py                                                                   1           0  0.10s           2024-05-24T14:45:14
/usr/local/python/3.10.13/lib/python3.10/site-packages/airflow/example_dags/subdags/subdag.py                                                                    0           0  0.10s           2024-05-24T14:45:45
/usr/local/python/3.10.13/lib/python3.10/site-packages/airflow/example_dags/example_python_decorator.py                                                          1           0  0.10s           2024-05-24T14:44:55
/usr/local/python/3.10.13/lib/python3.10/site-packages/airflow/example_dags/example_latest_only.py                                                               1           0  0.10s           2024-05-24T14:45:31
================================================================================
