[2024-05-24T14:42:58.953+0000] {processor.py:161} INFO - Started process (PID=58444) to work on /usr/local/python/3.10.13/lib/python3.10/site-packages/airflow/example_dags/example_complex.py
[2024-05-24T14:42:58.954+0000] {processor.py:830} INFO - Processing file /usr/local/python/3.10.13/lib/python3.10/site-packages/airflow/example_dags/example_complex.py for tasks to queue
[2024-05-24T14:42:58.955+0000] {logging_mixin.py:188} INFO - [2024-05-24T14:42:58.955+0000] {dagbag.py:545} INFO - Filling up the DagBag from /usr/local/python/3.10.13/lib/python3.10/site-packages/airflow/example_dags/example_complex.py
[2024-05-24T14:42:58.964+0000] {processor.py:840} INFO - DAG(s) 'example_complex' retrieved from /usr/local/python/3.10.13/lib/python3.10/site-packages/airflow/example_dags/example_complex.py
[2024-05-24T14:42:59.185+0000] {logging_mixin.py:188} INFO - [2024-05-24T14:42:59.185+0000] {override.py:1829} INFO - Created Permission View: can read on DAG:example_complex
[2024-05-24T14:42:59.217+0000] {logging_mixin.py:188} INFO - [2024-05-24T14:42:59.216+0000] {override.py:1829} INFO - Created Permission View: can edit on DAG:example_complex
[2024-05-24T14:42:59.246+0000] {logging_mixin.py:188} INFO - [2024-05-24T14:42:59.246+0000] {override.py:1829} INFO - Created Permission View: can delete on DAG:example_complex
[2024-05-24T14:42:59.246+0000] {logging_mixin.py:188} INFO - [2024-05-24T14:42:59.246+0000] {dag.py:3096} INFO - Sync 1 DAGs
[2024-05-24T14:42:59.254+0000] {logging_mixin.py:188} INFO - [2024-05-24T14:42:59.254+0000] {dag.py:3118} INFO - Creating ORM DAG for example_complex
[2024-05-24T14:42:59.255+0000] {logging_mixin.py:188} INFO - [2024-05-24T14:42:59.254+0000] {dag.py:3954} INFO - Setting next_dagrun for example_complex to None, run_after=None
[2024-05-24T14:42:59.296+0000] {processor.py:183} INFO - Processing /usr/local/python/3.10.13/lib/python3.10/site-packages/airflow/example_dags/example_complex.py took 0.347 seconds
[2024-05-24T14:43:56.325+0000] {processor.py:161} INFO - Started process (PID=58885) to work on /usr/local/python/3.10.13/lib/python3.10/site-packages/airflow/example_dags/example_complex.py
[2024-05-24T14:43:56.326+0000] {processor.py:830} INFO - Processing file /usr/local/python/3.10.13/lib/python3.10/site-packages/airflow/example_dags/example_complex.py for tasks to queue
[2024-05-24T14:43:56.327+0000] {logging_mixin.py:188} INFO - [2024-05-24T14:43:56.327+0000] {dagbag.py:545} INFO - Filling up the DagBag from /usr/local/python/3.10.13/lib/python3.10/site-packages/airflow/example_dags/example_complex.py
[2024-05-24T14:43:56.336+0000] {processor.py:840} INFO - DAG(s) 'example_complex' retrieved from /usr/local/python/3.10.13/lib/python3.10/site-packages/airflow/example_dags/example_complex.py
[2024-05-24T14:43:56.358+0000] {logging_mixin.py:188} INFO - [2024-05-24T14:43:56.358+0000] {dag.py:3096} INFO - Sync 1 DAGs
[2024-05-24T14:43:56.368+0000] {logging_mixin.py:188} INFO - [2024-05-24T14:43:56.367+0000] {dag.py:3954} INFO - Setting next_dagrun for example_complex to None, run_after=None
[2024-05-24T14:43:56.406+0000] {processor.py:183} INFO - Processing /usr/local/python/3.10.13/lib/python3.10/site-packages/airflow/example_dags/example_complex.py took 0.086 seconds
[2024-05-24T14:44:47.672+0000] {processor.py:161} INFO - Started process (PID=59396) to work on /usr/local/python/3.10.13/lib/python3.10/site-packages/airflow/example_dags/example_complex.py
[2024-05-24T14:44:47.672+0000] {processor.py:830} INFO - Processing file /usr/local/python/3.10.13/lib/python3.10/site-packages/airflow/example_dags/example_complex.py for tasks to queue
[2024-05-24T14:44:47.674+0000] {logging_mixin.py:188} INFO - [2024-05-24T14:44:47.673+0000] {dagbag.py:545} INFO - Filling up the DagBag from /usr/local/python/3.10.13/lib/python3.10/site-packages/airflow/example_dags/example_complex.py
[2024-05-24T14:44:47.683+0000] {processor.py:840} INFO - DAG(s) 'example_complex' retrieved from /usr/local/python/3.10.13/lib/python3.10/site-packages/airflow/example_dags/example_complex.py
[2024-05-24T14:44:47.705+0000] {logging_mixin.py:188} INFO - [2024-05-24T14:44:47.704+0000] {dag.py:3096} INFO - Sync 1 DAGs
[2024-05-24T14:44:47.715+0000] {logging_mixin.py:188} INFO - [2024-05-24T14:44:47.715+0000] {dag.py:3954} INFO - Setting next_dagrun for example_complex to None, run_after=None
[2024-05-24T14:44:47.759+0000] {processor.py:183} INFO - Processing /usr/local/python/3.10.13/lib/python3.10/site-packages/airflow/example_dags/example_complex.py took 0.092 seconds
[2024-05-24T14:45:38.097+0000] {processor.py:161} INFO - Started process (PID=59946) to work on /usr/local/python/3.10.13/lib/python3.10/site-packages/airflow/example_dags/example_complex.py
[2024-05-24T14:45:38.098+0000] {processor.py:830} INFO - Processing file /usr/local/python/3.10.13/lib/python3.10/site-packages/airflow/example_dags/example_complex.py for tasks to queue
[2024-05-24T14:45:38.100+0000] {logging_mixin.py:188} INFO - [2024-05-24T14:45:38.100+0000] {dagbag.py:545} INFO - Filling up the DagBag from /usr/local/python/3.10.13/lib/python3.10/site-packages/airflow/example_dags/example_complex.py
[2024-05-24T14:45:38.117+0000] {processor.py:840} INFO - DAG(s) 'example_complex' retrieved from /usr/local/python/3.10.13/lib/python3.10/site-packages/airflow/example_dags/example_complex.py
[2024-05-24T14:45:38.147+0000] {logging_mixin.py:188} INFO - [2024-05-24T14:45:38.147+0000] {dag.py:3096} INFO - Sync 1 DAGs
[2024-05-24T14:45:38.157+0000] {logging_mixin.py:188} INFO - [2024-05-24T14:45:38.156+0000] {dag.py:3954} INFO - Setting next_dagrun for example_complex to None, run_after=None
[2024-05-24T14:45:38.222+0000] {processor.py:183} INFO - Processing /usr/local/python/3.10.13/lib/python3.10/site-packages/airflow/example_dags/example_complex.py took 0.133 seconds
