[2024-05-24T14:42:27.814+0000] {processor.py:161} INFO - Started process (PID=58238) to work on /usr/local/python/3.10.13/lib/python3.10/site-packages/airflow/example_dags/example_short_circuit_operator.py
[2024-05-24T14:42:27.815+0000] {processor.py:830} INFO - Processing file /usr/local/python/3.10.13/lib/python3.10/site-packages/airflow/example_dags/example_short_circuit_operator.py for tasks to queue
[2024-05-24T14:42:27.816+0000] {logging_mixin.py:188} INFO - [2024-05-24T14:42:27.816+0000] {dagbag.py:545} INFO - Filling up the DagBag from /usr/local/python/3.10.13/lib/python3.10/site-packages/airflow/example_dags/example_short_circuit_operator.py
[2024-05-24T14:42:27.822+0000] {processor.py:840} INFO - DAG(s) 'example_short_circuit_operator' retrieved from /usr/local/python/3.10.13/lib/python3.10/site-packages/airflow/example_dags/example_short_circuit_operator.py
[2024-05-24T14:42:28.071+0000] {logging_mixin.py:188} INFO - [2024-05-24T14:42:28.071+0000] {override.py:1829} INFO - Created Permission View: can read on DAG:example_short_circuit_operator
[2024-05-24T14:42:28.104+0000] {logging_mixin.py:188} INFO - [2024-05-24T14:42:28.104+0000] {override.py:1829} INFO - Created Permission View: can edit on DAG:example_short_circuit_operator
[2024-05-24T14:42:28.142+0000] {logging_mixin.py:188} INFO - [2024-05-24T14:42:28.141+0000] {override.py:1829} INFO - Created Permission View: can delete on DAG:example_short_circuit_operator
[2024-05-24T14:42:28.142+0000] {logging_mixin.py:188} INFO - [2024-05-24T14:42:28.142+0000] {dag.py:3096} INFO - Sync 1 DAGs
[2024-05-24T14:42:28.150+0000] {logging_mixin.py:188} INFO - [2024-05-24T14:42:28.150+0000] {dag.py:3118} INFO - Creating ORM DAG for example_short_circuit_operator
[2024-05-24T14:42:28.157+0000] {logging_mixin.py:188} INFO - [2024-05-24T14:42:28.156+0000] {dag.py:3954} INFO - Setting next_dagrun for example_short_circuit_operator to 2024-05-23 00:00:00+00:00, run_after=2024-05-24 00:00:00+00:00
[2024-05-24T14:42:28.200+0000] {processor.py:183} INFO - Processing /usr/local/python/3.10.13/lib/python3.10/site-packages/airflow/example_dags/example_short_circuit_operator.py took 0.391 seconds
[2024-05-24T14:43:32.428+0000] {processor.py:161} INFO - Started process (PID=58684) to work on /usr/local/python/3.10.13/lib/python3.10/site-packages/airflow/example_dags/example_short_circuit_operator.py
[2024-05-24T14:43:32.429+0000] {processor.py:830} INFO - Processing file /usr/local/python/3.10.13/lib/python3.10/site-packages/airflow/example_dags/example_short_circuit_operator.py for tasks to queue
[2024-05-24T14:43:32.431+0000] {logging_mixin.py:188} INFO - [2024-05-24T14:43:32.430+0000] {dagbag.py:545} INFO - Filling up the DagBag from /usr/local/python/3.10.13/lib/python3.10/site-packages/airflow/example_dags/example_short_circuit_operator.py
[2024-05-24T14:43:32.436+0000] {processor.py:840} INFO - DAG(s) 'example_short_circuit_operator' retrieved from /usr/local/python/3.10.13/lib/python3.10/site-packages/airflow/example_dags/example_short_circuit_operator.py
[2024-05-24T14:43:32.450+0000] {logging_mixin.py:188} INFO - [2024-05-24T14:43:32.450+0000] {dag.py:3096} INFO - Sync 1 DAGs
[2024-05-24T14:43:32.471+0000] {logging_mixin.py:188} INFO - [2024-05-24T14:43:32.470+0000] {dag.py:3954} INFO - Setting next_dagrun for example_short_circuit_operator to 2024-05-23 00:00:00+00:00, run_after=2024-05-24 00:00:00+00:00
[2024-05-24T14:43:32.511+0000] {processor.py:183} INFO - Processing /usr/local/python/3.10.13/lib/python3.10/site-packages/airflow/example_dags/example_short_circuit_operator.py took 0.087 seconds
[2024-05-24T14:44:23.337+0000] {processor.py:161} INFO - Started process (PID=59167) to work on /usr/local/python/3.10.13/lib/python3.10/site-packages/airflow/example_dags/example_short_circuit_operator.py
[2024-05-24T14:44:23.338+0000] {processor.py:830} INFO - Processing file /usr/local/python/3.10.13/lib/python3.10/site-packages/airflow/example_dags/example_short_circuit_operator.py for tasks to queue
[2024-05-24T14:44:23.339+0000] {logging_mixin.py:188} INFO - [2024-05-24T14:44:23.339+0000] {dagbag.py:545} INFO - Filling up the DagBag from /usr/local/python/3.10.13/lib/python3.10/site-packages/airflow/example_dags/example_short_circuit_operator.py
[2024-05-24T14:44:23.345+0000] {processor.py:840} INFO - DAG(s) 'example_short_circuit_operator' retrieved from /usr/local/python/3.10.13/lib/python3.10/site-packages/airflow/example_dags/example_short_circuit_operator.py
[2024-05-24T14:44:23.360+0000] {logging_mixin.py:188} INFO - [2024-05-24T14:44:23.360+0000] {dag.py:3096} INFO - Sync 1 DAGs
[2024-05-24T14:44:23.374+0000] {logging_mixin.py:188} INFO - [2024-05-24T14:44:23.374+0000] {dag.py:3954} INFO - Setting next_dagrun for example_short_circuit_operator to 2024-05-23 00:00:00+00:00, run_after=2024-05-24 00:00:00+00:00
[2024-05-24T14:44:23.413+0000] {processor.py:183} INFO - Processing /usr/local/python/3.10.13/lib/python3.10/site-packages/airflow/example_dags/example_short_circuit_operator.py took 0.080 seconds
[2024-05-24T14:45:08.229+0000] {processor.py:161} INFO - Started process (PID=59636) to work on /usr/local/python/3.10.13/lib/python3.10/site-packages/airflow/example_dags/example_short_circuit_operator.py
[2024-05-24T14:45:08.230+0000] {processor.py:830} INFO - Processing file /usr/local/python/3.10.13/lib/python3.10/site-packages/airflow/example_dags/example_short_circuit_operator.py for tasks to queue
[2024-05-24T14:45:08.232+0000] {logging_mixin.py:188} INFO - [2024-05-24T14:45:08.231+0000] {dagbag.py:545} INFO - Filling up the DagBag from /usr/local/python/3.10.13/lib/python3.10/site-packages/airflow/example_dags/example_short_circuit_operator.py
[2024-05-24T14:45:08.239+0000] {processor.py:840} INFO - DAG(s) 'example_short_circuit_operator' retrieved from /usr/local/python/3.10.13/lib/python3.10/site-packages/airflow/example_dags/example_short_circuit_operator.py
[2024-05-24T14:45:08.256+0000] {logging_mixin.py:188} INFO - [2024-05-24T14:45:08.256+0000] {dag.py:3096} INFO - Sync 1 DAGs
[2024-05-24T14:45:08.272+0000] {logging_mixin.py:188} INFO - [2024-05-24T14:45:08.271+0000] {dag.py:3954} INFO - Setting next_dagrun for example_short_circuit_operator to 2024-05-23 00:00:00+00:00, run_after=2024-05-24 00:00:00+00:00
[2024-05-24T14:45:08.311+0000] {processor.py:183} INFO - Processing /usr/local/python/3.10.13/lib/python3.10/site-packages/airflow/example_dags/example_short_circuit_operator.py took 0.087 seconds
[2024-05-24T14:45:52.619+0000] {processor.py:161} INFO - Started process (PID=60085) to work on /usr/local/python/3.10.13/lib/python3.10/site-packages/airflow/example_dags/example_short_circuit_operator.py
[2024-05-24T14:45:52.620+0000] {processor.py:830} INFO - Processing file /usr/local/python/3.10.13/lib/python3.10/site-packages/airflow/example_dags/example_short_circuit_operator.py for tasks to queue
[2024-05-24T14:45:52.622+0000] {logging_mixin.py:188} INFO - [2024-05-24T14:45:52.621+0000] {dagbag.py:545} INFO - Filling up the DagBag from /usr/local/python/3.10.13/lib/python3.10/site-packages/airflow/example_dags/example_short_circuit_operator.py
[2024-05-24T14:45:52.628+0000] {processor.py:840} INFO - DAG(s) 'example_short_circuit_operator' retrieved from /usr/local/python/3.10.13/lib/python3.10/site-packages/airflow/example_dags/example_short_circuit_operator.py
[2024-05-24T14:45:52.643+0000] {logging_mixin.py:188} INFO - [2024-05-24T14:45:52.642+0000] {dag.py:3096} INFO - Sync 1 DAGs
[2024-05-24T14:45:52.659+0000] {logging_mixin.py:188} INFO - [2024-05-24T14:45:52.659+0000] {dag.py:3954} INFO - Setting next_dagrun for example_short_circuit_operator to 2024-05-23 00:00:00+00:00, run_after=2024-05-24 00:00:00+00:00
[2024-05-24T14:45:52.698+0000] {processor.py:183} INFO - Processing /usr/local/python/3.10.13/lib/python3.10/site-packages/airflow/example_dags/example_short_circuit_operator.py took 0.084 seconds
[2024-05-24T14:46:36.316+0000] {processor.py:161} INFO - Started process (PID=60501) to work on /usr/local/python/3.10.13/lib/python3.10/site-packages/airflow/example_dags/example_short_circuit_operator.py
[2024-05-24T14:46:36.317+0000] {processor.py:830} INFO - Processing file /usr/local/python/3.10.13/lib/python3.10/site-packages/airflow/example_dags/example_short_circuit_operator.py for tasks to queue
[2024-05-24T14:46:36.318+0000] {logging_mixin.py:188} INFO - [2024-05-24T14:46:36.318+0000] {dagbag.py:545} INFO - Filling up the DagBag from /usr/local/python/3.10.13/lib/python3.10/site-packages/airflow/example_dags/example_short_circuit_operator.py
[2024-05-24T14:46:36.325+0000] {processor.py:840} INFO - DAG(s) 'example_short_circuit_operator' retrieved from /usr/local/python/3.10.13/lib/python3.10/site-packages/airflow/example_dags/example_short_circuit_operator.py
[2024-05-24T14:46:36.339+0000] {logging_mixin.py:188} INFO - [2024-05-24T14:46:36.339+0000] {dag.py:3096} INFO - Sync 1 DAGs
[2024-05-24T14:46:36.354+0000] {logging_mixin.py:188} INFO - [2024-05-24T14:46:36.354+0000] {dag.py:3954} INFO - Setting next_dagrun for example_short_circuit_operator to 2024-05-23 00:00:00+00:00, run_after=2024-05-24 00:00:00+00:00
[2024-05-24T14:46:36.396+0000] {processor.py:183} INFO - Processing /usr/local/python/3.10.13/lib/python3.10/site-packages/airflow/example_dags/example_short_circuit_operator.py took 0.084 seconds
[2024-05-24T14:47:17.814+0000] {processor.py:161} INFO - Started process (PID=60906) to work on /usr/local/python/3.10.13/lib/python3.10/site-packages/airflow/example_dags/example_short_circuit_operator.py
[2024-05-24T14:47:17.815+0000] {processor.py:830} INFO - Processing file /usr/local/python/3.10.13/lib/python3.10/site-packages/airflow/example_dags/example_short_circuit_operator.py for tasks to queue
[2024-05-24T14:47:17.816+0000] {logging_mixin.py:188} INFO - [2024-05-24T14:47:17.816+0000] {dagbag.py:545} INFO - Filling up the DagBag from /usr/local/python/3.10.13/lib/python3.10/site-packages/airflow/example_dags/example_short_circuit_operator.py
[2024-05-24T14:47:17.822+0000] {processor.py:840} INFO - DAG(s) 'example_short_circuit_operator' retrieved from /usr/local/python/3.10.13/lib/python3.10/site-packages/airflow/example_dags/example_short_circuit_operator.py
[2024-05-24T14:47:17.836+0000] {logging_mixin.py:188} INFO - [2024-05-24T14:47:17.836+0000] {dag.py:3096} INFO - Sync 1 DAGs
[2024-05-24T14:47:17.851+0000] {logging_mixin.py:188} INFO - [2024-05-24T14:47:17.851+0000] {dag.py:3954} INFO - Setting next_dagrun for example_short_circuit_operator to 2024-05-23 00:00:00+00:00, run_after=2024-05-24 00:00:00+00:00
[2024-05-24T14:47:17.890+0000] {processor.py:183} INFO - Processing /usr/local/python/3.10.13/lib/python3.10/site-packages/airflow/example_dags/example_short_circuit_operator.py took 0.080 seconds
[2024-05-24T14:47:58.004+0000] {processor.py:161} INFO - Started process (PID=61237) to work on /usr/local/python/3.10.13/lib/python3.10/site-packages/airflow/example_dags/example_short_circuit_operator.py
[2024-05-24T14:47:58.005+0000] {processor.py:830} INFO - Processing file /usr/local/python/3.10.13/lib/python3.10/site-packages/airflow/example_dags/example_short_circuit_operator.py for tasks to queue
[2024-05-24T14:47:58.006+0000] {logging_mixin.py:188} INFO - [2024-05-24T14:47:58.006+0000] {dagbag.py:545} INFO - Filling up the DagBag from /usr/local/python/3.10.13/lib/python3.10/site-packages/airflow/example_dags/example_short_circuit_operator.py
[2024-05-24T14:47:58.012+0000] {processor.py:840} INFO - DAG(s) 'example_short_circuit_operator' retrieved from /usr/local/python/3.10.13/lib/python3.10/site-packages/airflow/example_dags/example_short_circuit_operator.py
[2024-05-24T14:47:58.026+0000] {logging_mixin.py:188} INFO - [2024-05-24T14:47:58.026+0000] {dag.py:3096} INFO - Sync 1 DAGs
[2024-05-24T14:47:58.041+0000] {logging_mixin.py:188} INFO - [2024-05-24T14:47:58.041+0000] {dag.py:3954} INFO - Setting next_dagrun for example_short_circuit_operator to 2024-05-23 00:00:00+00:00, run_after=2024-05-24 00:00:00+00:00
[2024-05-24T14:47:58.080+0000] {processor.py:183} INFO - Processing /usr/local/python/3.10.13/lib/python3.10/site-packages/airflow/example_dags/example_short_circuit_operator.py took 0.080 seconds
[2024-05-24T14:48:39.797+0000] {processor.py:161} INFO - Started process (PID=61657) to work on /usr/local/python/3.10.13/lib/python3.10/site-packages/airflow/example_dags/example_short_circuit_operator.py
[2024-05-24T14:48:39.798+0000] {processor.py:830} INFO - Processing file /usr/local/python/3.10.13/lib/python3.10/site-packages/airflow/example_dags/example_short_circuit_operator.py for tasks to queue
[2024-05-24T14:48:39.799+0000] {logging_mixin.py:188} INFO - [2024-05-24T14:48:39.799+0000] {dagbag.py:545} INFO - Filling up the DagBag from /usr/local/python/3.10.13/lib/python3.10/site-packages/airflow/example_dags/example_short_circuit_operator.py
[2024-05-24T14:48:39.805+0000] {processor.py:840} INFO - DAG(s) 'example_short_circuit_operator' retrieved from /usr/local/python/3.10.13/lib/python3.10/site-packages/airflow/example_dags/example_short_circuit_operator.py
[2024-05-24T14:48:39.820+0000] {logging_mixin.py:188} INFO - [2024-05-24T14:48:39.820+0000] {dag.py:3096} INFO - Sync 1 DAGs
[2024-05-24T14:48:39.835+0000] {logging_mixin.py:188} INFO - [2024-05-24T14:48:39.835+0000] {dag.py:3954} INFO - Setting next_dagrun for example_short_circuit_operator to 2024-05-23 00:00:00+00:00, run_after=2024-05-24 00:00:00+00:00
[2024-05-24T14:48:39.874+0000] {processor.py:183} INFO - Processing /usr/local/python/3.10.13/lib/python3.10/site-packages/airflow/example_dags/example_short_circuit_operator.py took 0.083 seconds
[2024-05-24T14:49:21.623+0000] {processor.py:161} INFO - Started process (PID=62127) to work on /usr/local/python/3.10.13/lib/python3.10/site-packages/airflow/example_dags/example_short_circuit_operator.py
[2024-05-24T14:49:21.624+0000] {processor.py:830} INFO - Processing file /usr/local/python/3.10.13/lib/python3.10/site-packages/airflow/example_dags/example_short_circuit_operator.py for tasks to queue
[2024-05-24T14:49:21.625+0000] {logging_mixin.py:188} INFO - [2024-05-24T14:49:21.625+0000] {dagbag.py:545} INFO - Filling up the DagBag from /usr/local/python/3.10.13/lib/python3.10/site-packages/airflow/example_dags/example_short_circuit_operator.py
[2024-05-24T14:49:21.631+0000] {processor.py:840} INFO - DAG(s) 'example_short_circuit_operator' retrieved from /usr/local/python/3.10.13/lib/python3.10/site-packages/airflow/example_dags/example_short_circuit_operator.py
[2024-05-24T14:49:21.646+0000] {logging_mixin.py:188} INFO - [2024-05-24T14:49:21.646+0000] {dag.py:3096} INFO - Sync 1 DAGs
[2024-05-24T14:49:21.661+0000] {logging_mixin.py:188} INFO - [2024-05-24T14:49:21.661+0000] {dag.py:3954} INFO - Setting next_dagrun for example_short_circuit_operator to 2024-05-23 00:00:00+00:00, run_after=2024-05-24 00:00:00+00:00
[2024-05-24T14:49:21.699+0000] {processor.py:183} INFO - Processing /usr/local/python/3.10.13/lib/python3.10/site-packages/airflow/example_dags/example_short_circuit_operator.py took 0.080 seconds
[2024-05-24T14:50:01.802+0000] {processor.py:161} INFO - Started process (PID=62515) to work on /usr/local/python/3.10.13/lib/python3.10/site-packages/airflow/example_dags/example_short_circuit_operator.py
[2024-05-24T14:50:01.803+0000] {processor.py:830} INFO - Processing file /usr/local/python/3.10.13/lib/python3.10/site-packages/airflow/example_dags/example_short_circuit_operator.py for tasks to queue
[2024-05-24T14:50:01.804+0000] {logging_mixin.py:188} INFO - [2024-05-24T14:50:01.804+0000] {dagbag.py:545} INFO - Filling up the DagBag from /usr/local/python/3.10.13/lib/python3.10/site-packages/airflow/example_dags/example_short_circuit_operator.py
[2024-05-24T14:50:01.810+0000] {processor.py:840} INFO - DAG(s) 'example_short_circuit_operator' retrieved from /usr/local/python/3.10.13/lib/python3.10/site-packages/airflow/example_dags/example_short_circuit_operator.py
[2024-05-24T14:50:01.825+0000] {logging_mixin.py:188} INFO - [2024-05-24T14:50:01.825+0000] {dag.py:3096} INFO - Sync 1 DAGs
[2024-05-24T14:50:01.840+0000] {logging_mixin.py:188} INFO - [2024-05-24T14:50:01.839+0000] {dag.py:3954} INFO - Setting next_dagrun for example_short_circuit_operator to 2024-05-23 00:00:00+00:00, run_after=2024-05-24 00:00:00+00:00
[2024-05-24T14:50:01.877+0000] {processor.py:183} INFO - Processing /usr/local/python/3.10.13/lib/python3.10/site-packages/airflow/example_dags/example_short_circuit_operator.py took 0.079 seconds
[2024-05-24T14:50:43.087+0000] {processor.py:161} INFO - Started process (PID=62813) to work on /usr/local/python/3.10.13/lib/python3.10/site-packages/airflow/example_dags/example_short_circuit_operator.py
[2024-05-24T14:50:43.088+0000] {processor.py:830} INFO - Processing file /usr/local/python/3.10.13/lib/python3.10/site-packages/airflow/example_dags/example_short_circuit_operator.py for tasks to queue
[2024-05-24T14:50:43.089+0000] {logging_mixin.py:188} INFO - [2024-05-24T14:50:43.089+0000] {dagbag.py:545} INFO - Filling up the DagBag from /usr/local/python/3.10.13/lib/python3.10/site-packages/airflow/example_dags/example_short_circuit_operator.py
[2024-05-24T14:50:43.095+0000] {processor.py:840} INFO - DAG(s) 'example_short_circuit_operator' retrieved from /usr/local/python/3.10.13/lib/python3.10/site-packages/airflow/example_dags/example_short_circuit_operator.py
[2024-05-24T14:50:43.109+0000] {logging_mixin.py:188} INFO - [2024-05-24T14:50:43.109+0000] {dag.py:3096} INFO - Sync 1 DAGs
[2024-05-24T14:50:43.124+0000] {logging_mixin.py:188} INFO - [2024-05-24T14:50:43.124+0000] {dag.py:3954} INFO - Setting next_dagrun for example_short_circuit_operator to 2024-05-23 00:00:00+00:00, run_after=2024-05-24 00:00:00+00:00
[2024-05-24T14:50:43.161+0000] {processor.py:183} INFO - Processing /usr/local/python/3.10.13/lib/python3.10/site-packages/airflow/example_dags/example_short_circuit_operator.py took 0.080 seconds
[2024-05-24T14:51:25.995+0000] {processor.py:161} INFO - Started process (PID=63171) to work on /usr/local/python/3.10.13/lib/python3.10/site-packages/airflow/example_dags/example_short_circuit_operator.py
[2024-05-24T14:51:25.995+0000] {processor.py:830} INFO - Processing file /usr/local/python/3.10.13/lib/python3.10/site-packages/airflow/example_dags/example_short_circuit_operator.py for tasks to queue
[2024-05-24T14:51:25.997+0000] {logging_mixin.py:188} INFO - [2024-05-24T14:51:25.996+0000] {dagbag.py:545} INFO - Filling up the DagBag from /usr/local/python/3.10.13/lib/python3.10/site-packages/airflow/example_dags/example_short_circuit_operator.py
[2024-05-24T14:51:26.003+0000] {processor.py:840} INFO - DAG(s) 'example_short_circuit_operator' retrieved from /usr/local/python/3.10.13/lib/python3.10/site-packages/airflow/example_dags/example_short_circuit_operator.py
[2024-05-24T14:51:26.018+0000] {logging_mixin.py:188} INFO - [2024-05-24T14:51:26.018+0000] {dag.py:3096} INFO - Sync 1 DAGs
[2024-05-24T14:51:26.034+0000] {logging_mixin.py:188} INFO - [2024-05-24T14:51:26.034+0000] {dag.py:3954} INFO - Setting next_dagrun for example_short_circuit_operator to 2024-05-23 00:00:00+00:00, run_after=2024-05-24 00:00:00+00:00
[2024-05-24T14:51:26.073+0000] {processor.py:183} INFO - Processing /usr/local/python/3.10.13/lib/python3.10/site-packages/airflow/example_dags/example_short_circuit_operator.py took 0.084 seconds
[2024-05-24T14:52:07.628+0000] {processor.py:161} INFO - Started process (PID=63470) to work on /usr/local/python/3.10.13/lib/python3.10/site-packages/airflow/example_dags/example_short_circuit_operator.py
[2024-05-24T14:52:07.629+0000] {processor.py:830} INFO - Processing file /usr/local/python/3.10.13/lib/python3.10/site-packages/airflow/example_dags/example_short_circuit_operator.py for tasks to queue
[2024-05-24T14:52:07.631+0000] {logging_mixin.py:188} INFO - [2024-05-24T14:52:07.631+0000] {dagbag.py:545} INFO - Filling up the DagBag from /usr/local/python/3.10.13/lib/python3.10/site-packages/airflow/example_dags/example_short_circuit_operator.py
[2024-05-24T14:52:07.638+0000] {processor.py:840} INFO - DAG(s) 'example_short_circuit_operator' retrieved from /usr/local/python/3.10.13/lib/python3.10/site-packages/airflow/example_dags/example_short_circuit_operator.py
[2024-05-24T14:52:07.656+0000] {logging_mixin.py:188} INFO - [2024-05-24T14:52:07.655+0000] {dag.py:3096} INFO - Sync 1 DAGs
[2024-05-24T14:52:07.671+0000] {logging_mixin.py:188} INFO - [2024-05-24T14:52:07.670+0000] {dag.py:3954} INFO - Setting next_dagrun for example_short_circuit_operator to 2024-05-23 00:00:00+00:00, run_after=2024-05-24 00:00:00+00:00
[2024-05-24T14:52:07.713+0000] {processor.py:183} INFO - Processing /usr/local/python/3.10.13/lib/python3.10/site-packages/airflow/example_dags/example_short_circuit_operator.py took 0.092 seconds
[2024-05-24T14:52:56.375+0000] {processor.py:161} INFO - Started process (PID=63858) to work on /usr/local/python/3.10.13/lib/python3.10/site-packages/airflow/example_dags/example_short_circuit_operator.py
[2024-05-24T14:52:56.376+0000] {processor.py:830} INFO - Processing file /usr/local/python/3.10.13/lib/python3.10/site-packages/airflow/example_dags/example_short_circuit_operator.py for tasks to queue
[2024-05-24T14:52:56.377+0000] {logging_mixin.py:188} INFO - [2024-05-24T14:52:56.377+0000] {dagbag.py:545} INFO - Filling up the DagBag from /usr/local/python/3.10.13/lib/python3.10/site-packages/airflow/example_dags/example_short_circuit_operator.py
[2024-05-24T14:52:56.383+0000] {processor.py:840} INFO - DAG(s) 'example_short_circuit_operator' retrieved from /usr/local/python/3.10.13/lib/python3.10/site-packages/airflow/example_dags/example_short_circuit_operator.py
[2024-05-24T14:52:56.398+0000] {logging_mixin.py:188} INFO - [2024-05-24T14:52:56.398+0000] {dag.py:3096} INFO - Sync 1 DAGs
[2024-05-24T14:52:56.413+0000] {logging_mixin.py:188} INFO - [2024-05-24T14:52:56.412+0000] {dag.py:3954} INFO - Setting next_dagrun for example_short_circuit_operator to 2024-05-23 00:00:00+00:00, run_after=2024-05-24 00:00:00+00:00
[2024-05-24T14:52:56.449+0000] {processor.py:183} INFO - Processing /usr/local/python/3.10.13/lib/python3.10/site-packages/airflow/example_dags/example_short_circuit_operator.py took 0.079 seconds
[2024-05-24T14:53:39.387+0000] {processor.py:161} INFO - Started process (PID=64336) to work on /usr/local/python/3.10.13/lib/python3.10/site-packages/airflow/example_dags/example_short_circuit_operator.py
[2024-05-24T14:53:39.388+0000] {processor.py:830} INFO - Processing file /usr/local/python/3.10.13/lib/python3.10/site-packages/airflow/example_dags/example_short_circuit_operator.py for tasks to queue
[2024-05-24T14:53:39.389+0000] {logging_mixin.py:188} INFO - [2024-05-24T14:53:39.389+0000] {dagbag.py:545} INFO - Filling up the DagBag from /usr/local/python/3.10.13/lib/python3.10/site-packages/airflow/example_dags/example_short_circuit_operator.py
[2024-05-24T14:53:39.395+0000] {processor.py:840} INFO - DAG(s) 'example_short_circuit_operator' retrieved from /usr/local/python/3.10.13/lib/python3.10/site-packages/airflow/example_dags/example_short_circuit_operator.py
[2024-05-24T14:53:39.409+0000] {logging_mixin.py:188} INFO - [2024-05-24T14:53:39.409+0000] {dag.py:3096} INFO - Sync 1 DAGs
[2024-05-24T14:53:39.424+0000] {logging_mixin.py:188} INFO - [2024-05-24T14:53:39.424+0000] {dag.py:3954} INFO - Setting next_dagrun for example_short_circuit_operator to 2024-05-23 00:00:00+00:00, run_after=2024-05-24 00:00:00+00:00
[2024-05-24T14:53:39.463+0000] {processor.py:183} INFO - Processing /usr/local/python/3.10.13/lib/python3.10/site-packages/airflow/example_dags/example_short_circuit_operator.py took 0.080 seconds
[2024-05-24T14:54:19.369+0000] {processor.py:161} INFO - Started process (PID=64739) to work on /usr/local/python/3.10.13/lib/python3.10/site-packages/airflow/example_dags/example_short_circuit_operator.py
[2024-05-24T14:54:19.369+0000] {processor.py:830} INFO - Processing file /usr/local/python/3.10.13/lib/python3.10/site-packages/airflow/example_dags/example_short_circuit_operator.py for tasks to queue
[2024-05-24T14:54:19.371+0000] {logging_mixin.py:188} INFO - [2024-05-24T14:54:19.370+0000] {dagbag.py:545} INFO - Filling up the DagBag from /usr/local/python/3.10.13/lib/python3.10/site-packages/airflow/example_dags/example_short_circuit_operator.py
[2024-05-24T14:54:19.380+0000] {processor.py:840} INFO - DAG(s) 'example_short_circuit_operator' retrieved from /usr/local/python/3.10.13/lib/python3.10/site-packages/airflow/example_dags/example_short_circuit_operator.py
[2024-05-24T14:54:19.402+0000] {logging_mixin.py:188} INFO - [2024-05-24T14:54:19.402+0000] {dag.py:3096} INFO - Sync 1 DAGs
[2024-05-24T14:54:19.425+0000] {logging_mixin.py:188} INFO - [2024-05-24T14:54:19.425+0000] {dag.py:3954} INFO - Setting next_dagrun for example_short_circuit_operator to 2024-05-23 00:00:00+00:00, run_after=2024-05-24 00:00:00+00:00
[2024-05-24T14:54:19.470+0000] {processor.py:183} INFO - Processing /usr/local/python/3.10.13/lib/python3.10/site-packages/airflow/example_dags/example_short_circuit_operator.py took 0.107 seconds
[2024-05-24T14:54:59.887+0000] {processor.py:161} INFO - Started process (PID=65230) to work on /usr/local/python/3.10.13/lib/python3.10/site-packages/airflow/example_dags/example_short_circuit_operator.py
[2024-05-24T14:54:59.889+0000] {processor.py:830} INFO - Processing file /usr/local/python/3.10.13/lib/python3.10/site-packages/airflow/example_dags/example_short_circuit_operator.py for tasks to queue
[2024-05-24T14:54:59.891+0000] {logging_mixin.py:188} INFO - [2024-05-24T14:54:59.890+0000] {dagbag.py:545} INFO - Filling up the DagBag from /usr/local/python/3.10.13/lib/python3.10/site-packages/airflow/example_dags/example_short_circuit_operator.py
[2024-05-24T14:54:59.901+0000] {processor.py:840} INFO - DAG(s) 'example_short_circuit_operator' retrieved from /usr/local/python/3.10.13/lib/python3.10/site-packages/airflow/example_dags/example_short_circuit_operator.py
[2024-05-24T14:54:59.924+0000] {logging_mixin.py:188} INFO - [2024-05-24T14:54:59.924+0000] {dag.py:3096} INFO - Sync 1 DAGs
[2024-05-24T14:54:59.942+0000] {logging_mixin.py:188} INFO - [2024-05-24T14:54:59.942+0000] {dag.py:3954} INFO - Setting next_dagrun for example_short_circuit_operator to 2024-05-23 00:00:00+00:00, run_after=2024-05-24 00:00:00+00:00
[2024-05-24T14:54:59.979+0000] {processor.py:183} INFO - Processing /usr/local/python/3.10.13/lib/python3.10/site-packages/airflow/example_dags/example_short_circuit_operator.py took 0.099 seconds
[2024-05-24T14:55:38.997+0000] {processor.py:161} INFO - Started process (PID=65649) to work on /usr/local/python/3.10.13/lib/python3.10/site-packages/airflow/example_dags/example_short_circuit_operator.py
[2024-05-24T14:55:38.998+0000] {processor.py:830} INFO - Processing file /usr/local/python/3.10.13/lib/python3.10/site-packages/airflow/example_dags/example_short_circuit_operator.py for tasks to queue
[2024-05-24T14:55:38.999+0000] {logging_mixin.py:188} INFO - [2024-05-24T14:55:38.998+0000] {dagbag.py:545} INFO - Filling up the DagBag from /usr/local/python/3.10.13/lib/python3.10/site-packages/airflow/example_dags/example_short_circuit_operator.py
[2024-05-24T14:55:39.005+0000] {processor.py:840} INFO - DAG(s) 'example_short_circuit_operator' retrieved from /usr/local/python/3.10.13/lib/python3.10/site-packages/airflow/example_dags/example_short_circuit_operator.py
[2024-05-24T14:55:39.019+0000] {logging_mixin.py:188} INFO - [2024-05-24T14:55:39.019+0000] {dag.py:3096} INFO - Sync 1 DAGs
[2024-05-24T14:55:39.034+0000] {logging_mixin.py:188} INFO - [2024-05-24T14:55:39.034+0000] {dag.py:3954} INFO - Setting next_dagrun for example_short_circuit_operator to 2024-05-23 00:00:00+00:00, run_after=2024-05-24 00:00:00+00:00
[2024-05-24T14:55:39.079+0000] {processor.py:183} INFO - Processing /usr/local/python/3.10.13/lib/python3.10/site-packages/airflow/example_dags/example_short_circuit_operator.py took 0.087 seconds
