[2024-05-24T14:42:33.779+0000] {processor.py:161} INFO - Started process (PID=58291) to work on /usr/local/python/3.10.13/lib/python3.10/site-packages/airflow/example_dags/example_short_circuit_decorator.py
[2024-05-24T14:42:33.779+0000] {processor.py:830} INFO - Processing file /usr/local/python/3.10.13/lib/python3.10/site-packages/airflow/example_dags/example_short_circuit_decorator.py for tasks to queue
[2024-05-24T14:42:33.781+0000] {logging_mixin.py:188} INFO - [2024-05-24T14:42:33.780+0000] {dagbag.py:545} INFO - Filling up the DagBag from /usr/local/python/3.10.13/lib/python3.10/site-packages/airflow/example_dags/example_short_circuit_decorator.py
[2024-05-24T14:42:33.791+0000] {processor.py:840} INFO - DAG(s) 'example_short_circuit_decorator' retrieved from /usr/local/python/3.10.13/lib/python3.10/site-packages/airflow/example_dags/example_short_circuit_decorator.py
[2024-05-24T14:42:34.109+0000] {logging_mixin.py:188} INFO - [2024-05-24T14:42:34.109+0000] {override.py:1829} INFO - Created Permission View: can read on DAG:example_short_circuit_decorator
[2024-05-24T14:42:34.152+0000] {logging_mixin.py:188} INFO - [2024-05-24T14:42:34.151+0000] {override.py:1829} INFO - Created Permission View: can edit on DAG:example_short_circuit_decorator
[2024-05-24T14:42:34.183+0000] {logging_mixin.py:188} INFO - [2024-05-24T14:42:34.183+0000] {override.py:1829} INFO - Created Permission View: can delete on DAG:example_short_circuit_decorator
[2024-05-24T14:42:34.184+0000] {logging_mixin.py:188} INFO - [2024-05-24T14:42:34.184+0000] {dag.py:3096} INFO - Sync 1 DAGs
[2024-05-24T14:42:34.194+0000] {logging_mixin.py:188} INFO - [2024-05-24T14:42:34.194+0000] {dag.py:3118} INFO - Creating ORM DAG for example_short_circuit_decorator
[2024-05-24T14:42:34.201+0000] {logging_mixin.py:188} INFO - [2024-05-24T14:42:34.200+0000] {dag.py:3954} INFO - Setting next_dagrun for example_short_circuit_decorator to 2024-05-23 00:00:00+00:00, run_after=2024-05-24 00:00:00+00:00
[2024-05-24T14:42:34.246+0000] {processor.py:183} INFO - Processing /usr/local/python/3.10.13/lib/python3.10/site-packages/airflow/example_dags/example_short_circuit_decorator.py took 0.472 seconds
[2024-05-24T14:43:37.811+0000] {processor.py:161} INFO - Started process (PID=58718) to work on /usr/local/python/3.10.13/lib/python3.10/site-packages/airflow/example_dags/example_short_circuit_decorator.py
[2024-05-24T14:43:37.812+0000] {processor.py:830} INFO - Processing file /usr/local/python/3.10.13/lib/python3.10/site-packages/airflow/example_dags/example_short_circuit_decorator.py for tasks to queue
[2024-05-24T14:43:37.813+0000] {logging_mixin.py:188} INFO - [2024-05-24T14:43:37.813+0000] {dagbag.py:545} INFO - Filling up the DagBag from /usr/local/python/3.10.13/lib/python3.10/site-packages/airflow/example_dags/example_short_circuit_decorator.py
[2024-05-24T14:43:37.820+0000] {processor.py:840} INFO - DAG(s) 'example_short_circuit_decorator' retrieved from /usr/local/python/3.10.13/lib/python3.10/site-packages/airflow/example_dags/example_short_circuit_decorator.py
[2024-05-24T14:43:37.834+0000] {logging_mixin.py:188} INFO - [2024-05-24T14:43:37.834+0000] {dag.py:3096} INFO - Sync 1 DAGs
[2024-05-24T14:43:37.849+0000] {logging_mixin.py:188} INFO - [2024-05-24T14:43:37.849+0000] {dag.py:3954} INFO - Setting next_dagrun for example_short_circuit_decorator to 2024-05-23 00:00:00+00:00, run_after=2024-05-24 00:00:00+00:00
[2024-05-24T14:43:37.887+0000] {processor.py:183} INFO - Processing /usr/local/python/3.10.13/lib/python3.10/site-packages/airflow/example_dags/example_short_circuit_decorator.py took 0.080 seconds
[2024-05-24T14:44:28.172+0000] {processor.py:161} INFO - Started process (PID=59214) to work on /usr/local/python/3.10.13/lib/python3.10/site-packages/airflow/example_dags/example_short_circuit_decorator.py
[2024-05-24T14:44:28.173+0000] {processor.py:830} INFO - Processing file /usr/local/python/3.10.13/lib/python3.10/site-packages/airflow/example_dags/example_short_circuit_decorator.py for tasks to queue
[2024-05-24T14:44:28.174+0000] {logging_mixin.py:188} INFO - [2024-05-24T14:44:28.174+0000] {dagbag.py:545} INFO - Filling up the DagBag from /usr/local/python/3.10.13/lib/python3.10/site-packages/airflow/example_dags/example_short_circuit_decorator.py
[2024-05-24T14:44:28.184+0000] {processor.py:840} INFO - DAG(s) 'example_short_circuit_decorator' retrieved from /usr/local/python/3.10.13/lib/python3.10/site-packages/airflow/example_dags/example_short_circuit_decorator.py
[2024-05-24T14:44:28.198+0000] {logging_mixin.py:188} INFO - [2024-05-24T14:44:28.198+0000] {dag.py:3096} INFO - Sync 1 DAGs
[2024-05-24T14:44:28.212+0000] {logging_mixin.py:188} INFO - [2024-05-24T14:44:28.212+0000] {dag.py:3954} INFO - Setting next_dagrun for example_short_circuit_decorator to 2024-05-23 00:00:00+00:00, run_after=2024-05-24 00:00:00+00:00
[2024-05-24T14:44:28.250+0000] {processor.py:183} INFO - Processing /usr/local/python/3.10.13/lib/python3.10/site-packages/airflow/example_dags/example_short_circuit_decorator.py took 0.083 seconds
[2024-05-24T14:45:12.947+0000] {processor.py:161} INFO - Started process (PID=59672) to work on /usr/local/python/3.10.13/lib/python3.10/site-packages/airflow/example_dags/example_short_circuit_decorator.py
[2024-05-24T14:45:12.948+0000] {processor.py:830} INFO - Processing file /usr/local/python/3.10.13/lib/python3.10/site-packages/airflow/example_dags/example_short_circuit_decorator.py for tasks to queue
[2024-05-24T14:45:12.949+0000] {logging_mixin.py:188} INFO - [2024-05-24T14:45:12.949+0000] {dagbag.py:545} INFO - Filling up the DagBag from /usr/local/python/3.10.13/lib/python3.10/site-packages/airflow/example_dags/example_short_circuit_decorator.py
[2024-05-24T14:45:12.956+0000] {processor.py:840} INFO - DAG(s) 'example_short_circuit_decorator' retrieved from /usr/local/python/3.10.13/lib/python3.10/site-packages/airflow/example_dags/example_short_circuit_decorator.py
[2024-05-24T14:45:12.971+0000] {logging_mixin.py:188} INFO - [2024-05-24T14:45:12.970+0000] {dag.py:3096} INFO - Sync 1 DAGs
[2024-05-24T14:45:12.985+0000] {logging_mixin.py:188} INFO - [2024-05-24T14:45:12.985+0000] {dag.py:3954} INFO - Setting next_dagrun for example_short_circuit_decorator to 2024-05-23 00:00:00+00:00, run_after=2024-05-24 00:00:00+00:00
[2024-05-24T14:45:13.025+0000] {processor.py:183} INFO - Processing /usr/local/python/3.10.13/lib/python3.10/site-packages/airflow/example_dags/example_short_circuit_decorator.py took 0.083 seconds
[2024-05-24T14:45:57.786+0000] {processor.py:161} INFO - Started process (PID=60140) to work on /usr/local/python/3.10.13/lib/python3.10/site-packages/airflow/example_dags/example_short_circuit_decorator.py
[2024-05-24T14:45:57.787+0000] {processor.py:830} INFO - Processing file /usr/local/python/3.10.13/lib/python3.10/site-packages/airflow/example_dags/example_short_circuit_decorator.py for tasks to queue
[2024-05-24T14:45:57.788+0000] {logging_mixin.py:188} INFO - [2024-05-24T14:45:57.787+0000] {dagbag.py:545} INFO - Filling up the DagBag from /usr/local/python/3.10.13/lib/python3.10/site-packages/airflow/example_dags/example_short_circuit_decorator.py
[2024-05-24T14:45:57.795+0000] {processor.py:840} INFO - DAG(s) 'example_short_circuit_decorator' retrieved from /usr/local/python/3.10.13/lib/python3.10/site-packages/airflow/example_dags/example_short_circuit_decorator.py
[2024-05-24T14:45:57.809+0000] {logging_mixin.py:188} INFO - [2024-05-24T14:45:57.809+0000] {dag.py:3096} INFO - Sync 1 DAGs
[2024-05-24T14:45:57.824+0000] {logging_mixin.py:188} INFO - [2024-05-24T14:45:57.823+0000] {dag.py:3954} INFO - Setting next_dagrun for example_short_circuit_decorator to 2024-05-23 00:00:00+00:00, run_after=2024-05-24 00:00:00+00:00
[2024-05-24T14:45:57.862+0000] {processor.py:183} INFO - Processing /usr/local/python/3.10.13/lib/python3.10/site-packages/airflow/example_dags/example_short_circuit_decorator.py took 0.080 seconds
