[2024-05-24T14:42:48.512+0000] {processor.py:161} INFO - Started process (PID=58376) to work on /usr/local/python/3.10.13/lib/python3.10/site-packages/airflow/example_dags/example_latest_only.py
[2024-05-24T14:42:48.512+0000] {processor.py:830} INFO - Processing file /usr/local/python/3.10.13/lib/python3.10/site-packages/airflow/example_dags/example_latest_only.py for tasks to queue
[2024-05-24T14:42:48.514+0000] {logging_mixin.py:188} INFO - [2024-05-24T14:42:48.513+0000] {dagbag.py:545} INFO - Filling up the DagBag from /usr/local/python/3.10.13/lib/python3.10/site-packages/airflow/example_dags/example_latest_only.py
[2024-05-24T14:42:48.517+0000] {processor.py:840} INFO - DAG(s) 'latest_only' retrieved from /usr/local/python/3.10.13/lib/python3.10/site-packages/airflow/example_dags/example_latest_only.py
[2024-05-24T14:42:48.725+0000] {logging_mixin.py:188} INFO - [2024-05-24T14:42:48.724+0000] {override.py:1829} INFO - Created Permission View: can read on DAG:latest_only
[2024-05-24T14:42:48.758+0000] {logging_mixin.py:188} INFO - [2024-05-24T14:42:48.757+0000] {override.py:1829} INFO - Created Permission View: can edit on DAG:latest_only
[2024-05-24T14:42:48.787+0000] {logging_mixin.py:188} INFO - [2024-05-24T14:42:48.787+0000] {override.py:1829} INFO - Created Permission View: can delete on DAG:latest_only
[2024-05-24T14:42:48.788+0000] {logging_mixin.py:188} INFO - [2024-05-24T14:42:48.788+0000] {dag.py:3096} INFO - Sync 1 DAGs
[2024-05-24T14:42:48.796+0000] {logging_mixin.py:188} INFO - [2024-05-24T14:42:48.796+0000] {dag.py:3118} INFO - Creating ORM DAG for latest_only
[2024-05-24T14:42:48.802+0000] {logging_mixin.py:188} INFO - [2024-05-24T14:42:48.802+0000] {dag.py:3954} INFO - Setting next_dagrun for latest_only to 2024-05-24 08:00:00+00:00, run_after=2024-05-24 12:00:00+00:00
[2024-05-24T14:42:48.846+0000] {processor.py:183} INFO - Processing /usr/local/python/3.10.13/lib/python3.10/site-packages/airflow/example_dags/example_latest_only.py took 0.339 seconds
[2024-05-24T14:43:48.768+0000] {processor.py:161} INFO - Started process (PID=58820) to work on /usr/local/python/3.10.13/lib/python3.10/site-packages/airflow/example_dags/example_latest_only.py
[2024-05-24T14:43:48.769+0000] {processor.py:830} INFO - Processing file /usr/local/python/3.10.13/lib/python3.10/site-packages/airflow/example_dags/example_latest_only.py for tasks to queue
[2024-05-24T14:43:48.770+0000] {logging_mixin.py:188} INFO - [2024-05-24T14:43:48.770+0000] {dagbag.py:545} INFO - Filling up the DagBag from /usr/local/python/3.10.13/lib/python3.10/site-packages/airflow/example_dags/example_latest_only.py
[2024-05-24T14:43:48.776+0000] {processor.py:840} INFO - DAG(s) 'latest_only' retrieved from /usr/local/python/3.10.13/lib/python3.10/site-packages/airflow/example_dags/example_latest_only.py
[2024-05-24T14:43:48.792+0000] {logging_mixin.py:188} INFO - [2024-05-24T14:43:48.792+0000] {dag.py:3096} INFO - Sync 1 DAGs
[2024-05-24T14:43:48.816+0000] {logging_mixin.py:188} INFO - [2024-05-24T14:43:48.815+0000] {dag.py:3954} INFO - Setting next_dagrun for latest_only to 2024-05-24 08:00:00+00:00, run_after=2024-05-24 12:00:00+00:00
[2024-05-24T14:43:48.863+0000] {processor.py:183} INFO - Processing /usr/local/python/3.10.13/lib/python3.10/site-packages/airflow/example_dags/example_latest_only.py took 0.102 seconds
[2024-05-24T14:44:40.114+0000] {processor.py:161} INFO - Started process (PID=59325) to work on /usr/local/python/3.10.13/lib/python3.10/site-packages/airflow/example_dags/example_latest_only.py
[2024-05-24T14:44:40.115+0000] {processor.py:830} INFO - Processing file /usr/local/python/3.10.13/lib/python3.10/site-packages/airflow/example_dags/example_latest_only.py for tasks to queue
[2024-05-24T14:44:40.116+0000] {logging_mixin.py:188} INFO - [2024-05-24T14:44:40.116+0000] {dagbag.py:545} INFO - Filling up the DagBag from /usr/local/python/3.10.13/lib/python3.10/site-packages/airflow/example_dags/example_latest_only.py
[2024-05-24T14:44:40.120+0000] {processor.py:840} INFO - DAG(s) 'latest_only' retrieved from /usr/local/python/3.10.13/lib/python3.10/site-packages/airflow/example_dags/example_latest_only.py
[2024-05-24T14:44:40.131+0000] {logging_mixin.py:188} INFO - [2024-05-24T14:44:40.131+0000] {dag.py:3096} INFO - Sync 1 DAGs
[2024-05-24T14:44:40.148+0000] {logging_mixin.py:188} INFO - [2024-05-24T14:44:40.148+0000] {dag.py:3954} INFO - Setting next_dagrun for latest_only to 2024-05-24 08:00:00+00:00, run_after=2024-05-24 12:00:00+00:00
[2024-05-24T14:44:40.188+0000] {processor.py:183} INFO - Processing /usr/local/python/3.10.13/lib/python3.10/site-packages/airflow/example_dags/example_latest_only.py took 0.078 seconds
[2024-05-24T14:45:31.667+0000] {processor.py:161} INFO - Started process (PID=59875) to work on /usr/local/python/3.10.13/lib/python3.10/site-packages/airflow/example_dags/example_latest_only.py
[2024-05-24T14:45:31.668+0000] {processor.py:830} INFO - Processing file /usr/local/python/3.10.13/lib/python3.10/site-packages/airflow/example_dags/example_latest_only.py for tasks to queue
[2024-05-24T14:45:31.669+0000] {logging_mixin.py:188} INFO - [2024-05-24T14:45:31.669+0000] {dagbag.py:545} INFO - Filling up the DagBag from /usr/local/python/3.10.13/lib/python3.10/site-packages/airflow/example_dags/example_latest_only.py
[2024-05-24T14:45:31.673+0000] {processor.py:840} INFO - DAG(s) 'latest_only' retrieved from /usr/local/python/3.10.13/lib/python3.10/site-packages/airflow/example_dags/example_latest_only.py
[2024-05-24T14:45:31.683+0000] {logging_mixin.py:188} INFO - [2024-05-24T14:45:31.683+0000] {dag.py:3096} INFO - Sync 1 DAGs
[2024-05-24T14:45:31.698+0000] {logging_mixin.py:188} INFO - [2024-05-24T14:45:31.698+0000] {dag.py:3954} INFO - Setting next_dagrun for latest_only to 2024-05-24 08:00:00+00:00, run_after=2024-05-24 12:00:00+00:00
[2024-05-24T14:45:31.735+0000] {processor.py:183} INFO - Processing /usr/local/python/3.10.13/lib/python3.10/site-packages/airflow/example_dags/example_latest_only.py took 0.073 seconds
[2024-05-24T14:46:15.579+0000] {processor.py:161} INFO - Started process (PID=60293) to work on /usr/local/python/3.10.13/lib/python3.10/site-packages/airflow/example_dags/example_latest_only.py
[2024-05-24T14:46:15.579+0000] {processor.py:830} INFO - Processing file /usr/local/python/3.10.13/lib/python3.10/site-packages/airflow/example_dags/example_latest_only.py for tasks to queue
[2024-05-24T14:46:15.581+0000] {logging_mixin.py:188} INFO - [2024-05-24T14:46:15.580+0000] {dagbag.py:545} INFO - Filling up the DagBag from /usr/local/python/3.10.13/lib/python3.10/site-packages/airflow/example_dags/example_latest_only.py
[2024-05-24T14:46:15.585+0000] {processor.py:840} INFO - DAG(s) 'latest_only' retrieved from /usr/local/python/3.10.13/lib/python3.10/site-packages/airflow/example_dags/example_latest_only.py
[2024-05-24T14:46:15.595+0000] {logging_mixin.py:188} INFO - [2024-05-24T14:46:15.595+0000] {dag.py:3096} INFO - Sync 1 DAGs
[2024-05-24T14:46:15.610+0000] {logging_mixin.py:188} INFO - [2024-05-24T14:46:15.610+0000] {dag.py:3954} INFO - Setting next_dagrun for latest_only to 2024-05-24 08:00:00+00:00, run_after=2024-05-24 12:00:00+00:00
[2024-05-24T14:46:15.649+0000] {processor.py:183} INFO - Processing /usr/local/python/3.10.13/lib/python3.10/site-packages/airflow/example_dags/example_latest_only.py took 0.075 seconds
