[2024-05-24T14:43:17.814+0000] {processor.py:161} INFO - Started process (PID=58575) to work on /usr/local/python/3.10.13/lib/python3.10/site-packages/airflow/example_dags/example_branch_operator_decorator.py
[2024-05-24T14:43:17.815+0000] {processor.py:830} INFO - Processing file /usr/local/python/3.10.13/lib/python3.10/site-packages/airflow/example_dags/example_branch_operator_decorator.py for tasks to queue
[2024-05-24T14:43:17.816+0000] {logging_mixin.py:188} INFO - [2024-05-24T14:43:17.816+0000] {dagbag.py:545} INFO - Filling up the DagBag from /usr/local/python/3.10.13/lib/python3.10/site-packages/airflow/example_dags/example_branch_operator_decorator.py
[2024-05-24T14:43:17.835+0000] {processor.py:840} INFO - DAG(s) 'example_branch_python_operator_decorator' retrieved from /usr/local/python/3.10.13/lib/python3.10/site-packages/airflow/example_dags/example_branch_operator_decorator.py
[2024-05-24T14:43:17.973+0000] {logging_mixin.py:188} INFO - [2024-05-24T14:43:17.972+0000] {override.py:1829} INFO - Created Permission View: can read on DAG:example_branch_python_operator_decorator
[2024-05-24T14:43:18.002+0000] {logging_mixin.py:188} INFO - [2024-05-24T14:43:18.002+0000] {override.py:1829} INFO - Created Permission View: can edit on DAG:example_branch_python_operator_decorator
[2024-05-24T14:43:18.032+0000] {logging_mixin.py:188} INFO - [2024-05-24T14:43:18.032+0000] {override.py:1829} INFO - Created Permission View: can delete on DAG:example_branch_python_operator_decorator
[2024-05-24T14:43:18.033+0000] {logging_mixin.py:188} INFO - [2024-05-24T14:43:18.033+0000] {dag.py:3096} INFO - Sync 1 DAGs
[2024-05-24T14:43:18.042+0000] {logging_mixin.py:188} INFO - [2024-05-24T14:43:18.042+0000] {dag.py:3118} INFO - Creating ORM DAG for example_branch_python_operator_decorator
[2024-05-24T14:43:18.050+0000] {logging_mixin.py:188} INFO - [2024-05-24T14:43:18.050+0000] {dag.py:3954} INFO - Setting next_dagrun for example_branch_python_operator_decorator to 2024-05-23 00:00:00+00:00, run_after=2024-05-24 00:00:00+00:00
[2024-05-24T14:43:18.094+0000] {processor.py:183} INFO - Processing /usr/local/python/3.10.13/lib/python3.10/site-packages/airflow/example_dags/example_branch_operator_decorator.py took 0.284 seconds
[2024-05-24T14:44:10.800+0000] {processor.py:161} INFO - Started process (PID=59029) to work on /usr/local/python/3.10.13/lib/python3.10/site-packages/airflow/example_dags/example_branch_operator_decorator.py
[2024-05-24T14:44:10.801+0000] {processor.py:830} INFO - Processing file /usr/local/python/3.10.13/lib/python3.10/site-packages/airflow/example_dags/example_branch_operator_decorator.py for tasks to queue
[2024-05-24T14:44:10.802+0000] {logging_mixin.py:188} INFO - [2024-05-24T14:44:10.802+0000] {dagbag.py:545} INFO - Filling up the DagBag from /usr/local/python/3.10.13/lib/python3.10/site-packages/airflow/example_dags/example_branch_operator_decorator.py
[2024-05-24T14:44:10.821+0000] {processor.py:840} INFO - DAG(s) 'example_branch_python_operator_decorator' retrieved from /usr/local/python/3.10.13/lib/python3.10/site-packages/airflow/example_dags/example_branch_operator_decorator.py
[2024-05-24T14:44:10.840+0000] {logging_mixin.py:188} INFO - [2024-05-24T14:44:10.840+0000] {dag.py:3096} INFO - Sync 1 DAGs
[2024-05-24T14:44:10.856+0000] {logging_mixin.py:188} INFO - [2024-05-24T14:44:10.856+0000] {dag.py:3954} INFO - Setting next_dagrun for example_branch_python_operator_decorator to 2024-05-23 00:00:00+00:00, run_after=2024-05-24 00:00:00+00:00
[2024-05-24T14:44:10.897+0000] {processor.py:183} INFO - Processing /usr/local/python/3.10.13/lib/python3.10/site-packages/airflow/example_dags/example_branch_operator_decorator.py took 0.102 seconds
[2024-05-24T14:45:19.393+0000] {processor.py:161} INFO - Started process (PID=59754) to work on /usr/local/python/3.10.13/lib/python3.10/site-packages/airflow/example_dags/example_branch_operator_decorator.py
[2024-05-24T14:45:19.394+0000] {processor.py:830} INFO - Processing file /usr/local/python/3.10.13/lib/python3.10/site-packages/airflow/example_dags/example_branch_operator_decorator.py for tasks to queue
[2024-05-24T14:45:19.395+0000] {logging_mixin.py:188} INFO - [2024-05-24T14:45:19.395+0000] {dagbag.py:545} INFO - Filling up the DagBag from /usr/local/python/3.10.13/lib/python3.10/site-packages/airflow/example_dags/example_branch_operator_decorator.py
[2024-05-24T14:45:19.413+0000] {processor.py:840} INFO - DAG(s) 'example_branch_python_operator_decorator' retrieved from /usr/local/python/3.10.13/lib/python3.10/site-packages/airflow/example_dags/example_branch_operator_decorator.py
[2024-05-24T14:45:19.434+0000] {logging_mixin.py:188} INFO - [2024-05-24T14:45:19.434+0000] {dag.py:3096} INFO - Sync 1 DAGs
[2024-05-24T14:45:19.452+0000] {logging_mixin.py:188} INFO - [2024-05-24T14:45:19.452+0000] {dag.py:3954} INFO - Setting next_dagrun for example_branch_python_operator_decorator to 2024-05-23 00:00:00+00:00, run_after=2024-05-24 00:00:00+00:00
[2024-05-24T14:45:19.490+0000] {processor.py:183} INFO - Processing /usr/local/python/3.10.13/lib/python3.10/site-packages/airflow/example_dags/example_branch_operator_decorator.py took 0.101 seconds
[2024-05-24T14:46:23.596+0000] {processor.py:161} INFO - Started process (PID=60370) to work on /usr/local/python/3.10.13/lib/python3.10/site-packages/airflow/example_dags/example_branch_operator_decorator.py
[2024-05-24T14:46:23.597+0000] {processor.py:830} INFO - Processing file /usr/local/python/3.10.13/lib/python3.10/site-packages/airflow/example_dags/example_branch_operator_decorator.py for tasks to queue
[2024-05-24T14:46:23.598+0000] {logging_mixin.py:188} INFO - [2024-05-24T14:46:23.598+0000] {dagbag.py:545} INFO - Filling up the DagBag from /usr/local/python/3.10.13/lib/python3.10/site-packages/airflow/example_dags/example_branch_operator_decorator.py
[2024-05-24T14:46:23.616+0000] {processor.py:840} INFO - DAG(s) 'example_branch_python_operator_decorator' retrieved from /usr/local/python/3.10.13/lib/python3.10/site-packages/airflow/example_dags/example_branch_operator_decorator.py
[2024-05-24T14:46:23.635+0000] {logging_mixin.py:188} INFO - [2024-05-24T14:46:23.635+0000] {dag.py:3096} INFO - Sync 1 DAGs
[2024-05-24T14:46:23.651+0000] {logging_mixin.py:188} INFO - [2024-05-24T14:46:23.651+0000] {dag.py:3954} INFO - Setting next_dagrun for example_branch_python_operator_decorator to 2024-05-23 00:00:00+00:00, run_after=2024-05-24 00:00:00+00:00
[2024-05-24T14:46:23.695+0000] {processor.py:183} INFO - Processing /usr/local/python/3.10.13/lib/python3.10/site-packages/airflow/example_dags/example_branch_operator_decorator.py took 0.103 seconds
[2024-05-24T14:47:27.031+0000] {processor.py:161} INFO - Started process (PID=60981) to work on /usr/local/python/3.10.13/lib/python3.10/site-packages/airflow/example_dags/example_branch_operator_decorator.py
[2024-05-24T14:47:27.031+0000] {processor.py:830} INFO - Processing file /usr/local/python/3.10.13/lib/python3.10/site-packages/airflow/example_dags/example_branch_operator_decorator.py for tasks to queue
[2024-05-24T14:47:27.033+0000] {logging_mixin.py:188} INFO - [2024-05-24T14:47:27.032+0000] {dagbag.py:545} INFO - Filling up the DagBag from /usr/local/python/3.10.13/lib/python3.10/site-packages/airflow/example_dags/example_branch_operator_decorator.py
[2024-05-24T14:47:27.051+0000] {processor.py:840} INFO - DAG(s) 'example_branch_python_operator_decorator' retrieved from /usr/local/python/3.10.13/lib/python3.10/site-packages/airflow/example_dags/example_branch_operator_decorator.py
[2024-05-24T14:47:27.080+0000] {logging_mixin.py:188} INFO - [2024-05-24T14:47:27.080+0000] {dag.py:3096} INFO - Sync 1 DAGs
[2024-05-24T14:47:27.105+0000] {logging_mixin.py:188} INFO - [2024-05-24T14:47:27.105+0000] {dag.py:3954} INFO - Setting next_dagrun for example_branch_python_operator_decorator to 2024-05-23 00:00:00+00:00, run_after=2024-05-24 00:00:00+00:00
[2024-05-24T14:47:27.154+0000] {processor.py:183} INFO - Processing /usr/local/python/3.10.13/lib/python3.10/site-packages/airflow/example_dags/example_branch_operator_decorator.py took 0.129 seconds
[2024-05-24T14:48:26.773+0000] {processor.py:161} INFO - Started process (PID=61569) to work on /usr/local/python/3.10.13/lib/python3.10/site-packages/airflow/example_dags/example_branch_operator_decorator.py
[2024-05-24T14:48:26.774+0000] {processor.py:830} INFO - Processing file /usr/local/python/3.10.13/lib/python3.10/site-packages/airflow/example_dags/example_branch_operator_decorator.py for tasks to queue
[2024-05-24T14:48:26.776+0000] {logging_mixin.py:188} INFO - [2024-05-24T14:48:26.775+0000] {dagbag.py:545} INFO - Filling up the DagBag from /usr/local/python/3.10.13/lib/python3.10/site-packages/airflow/example_dags/example_branch_operator_decorator.py
[2024-05-24T14:48:26.794+0000] {processor.py:840} INFO - DAG(s) 'example_branch_python_operator_decorator' retrieved from /usr/local/python/3.10.13/lib/python3.10/site-packages/airflow/example_dags/example_branch_operator_decorator.py
[2024-05-24T14:48:26.813+0000] {logging_mixin.py:188} INFO - [2024-05-24T14:48:26.813+0000] {dag.py:3096} INFO - Sync 1 DAGs
[2024-05-24T14:48:26.829+0000] {logging_mixin.py:188} INFO - [2024-05-24T14:48:26.829+0000] {dag.py:3954} INFO - Setting next_dagrun for example_branch_python_operator_decorator to 2024-05-23 00:00:00+00:00, run_after=2024-05-24 00:00:00+00:00
[2024-05-24T14:48:26.870+0000] {processor.py:183} INFO - Processing /usr/local/python/3.10.13/lib/python3.10/site-packages/airflow/example_dags/example_branch_operator_decorator.py took 0.102 seconds
[2024-05-24T14:49:30.332+0000] {processor.py:161} INFO - Started process (PID=62204) to work on /usr/local/python/3.10.13/lib/python3.10/site-packages/airflow/example_dags/example_branch_operator_decorator.py
[2024-05-24T14:49:30.333+0000] {processor.py:830} INFO - Processing file /usr/local/python/3.10.13/lib/python3.10/site-packages/airflow/example_dags/example_branch_operator_decorator.py for tasks to queue
[2024-05-24T14:49:30.334+0000] {logging_mixin.py:188} INFO - [2024-05-24T14:49:30.334+0000] {dagbag.py:545} INFO - Filling up the DagBag from /usr/local/python/3.10.13/lib/python3.10/site-packages/airflow/example_dags/example_branch_operator_decorator.py
[2024-05-24T14:49:30.352+0000] {processor.py:840} INFO - DAG(s) 'example_branch_python_operator_decorator' retrieved from /usr/local/python/3.10.13/lib/python3.10/site-packages/airflow/example_dags/example_branch_operator_decorator.py
[2024-05-24T14:49:30.371+0000] {logging_mixin.py:188} INFO - [2024-05-24T14:49:30.370+0000] {dag.py:3096} INFO - Sync 1 DAGs
[2024-05-24T14:49:30.386+0000] {logging_mixin.py:188} INFO - [2024-05-24T14:49:30.386+0000] {dag.py:3954} INFO - Setting next_dagrun for example_branch_python_operator_decorator to 2024-05-23 00:00:00+00:00, run_after=2024-05-24 00:00:00+00:00
[2024-05-24T14:49:30.426+0000] {processor.py:183} INFO - Processing /usr/local/python/3.10.13/lib/python3.10/site-packages/airflow/example_dags/example_branch_operator_decorator.py took 0.099 seconds
[2024-05-24T14:50:31.027+0000] {processor.py:161} INFO - Started process (PID=62726) to work on /usr/local/python/3.10.13/lib/python3.10/site-packages/airflow/example_dags/example_branch_operator_decorator.py
[2024-05-24T14:50:31.027+0000] {processor.py:830} INFO - Processing file /usr/local/python/3.10.13/lib/python3.10/site-packages/airflow/example_dags/example_branch_operator_decorator.py for tasks to queue
[2024-05-24T14:50:31.029+0000] {logging_mixin.py:188} INFO - [2024-05-24T14:50:31.028+0000] {dagbag.py:545} INFO - Filling up the DagBag from /usr/local/python/3.10.13/lib/python3.10/site-packages/airflow/example_dags/example_branch_operator_decorator.py
[2024-05-24T14:50:31.046+0000] {processor.py:840} INFO - DAG(s) 'example_branch_python_operator_decorator' retrieved from /usr/local/python/3.10.13/lib/python3.10/site-packages/airflow/example_dags/example_branch_operator_decorator.py
[2024-05-24T14:50:31.066+0000] {logging_mixin.py:188} INFO - [2024-05-24T14:50:31.065+0000] {dag.py:3096} INFO - Sync 1 DAGs
[2024-05-24T14:50:31.081+0000] {logging_mixin.py:188} INFO - [2024-05-24T14:50:31.081+0000] {dag.py:3954} INFO - Setting next_dagrun for example_branch_python_operator_decorator to 2024-05-23 00:00:00+00:00, run_after=2024-05-24 00:00:00+00:00
[2024-05-24T14:50:31.120+0000] {processor.py:183} INFO - Processing /usr/local/python/3.10.13/lib/python3.10/site-packages/airflow/example_dags/example_branch_operator_decorator.py took 0.098 seconds
[2024-05-24T14:51:36.327+0000] {processor.py:161} INFO - Started process (PID=63240) to work on /usr/local/python/3.10.13/lib/python3.10/site-packages/airflow/example_dags/example_branch_operator_decorator.py
[2024-05-24T14:51:36.329+0000] {processor.py:830} INFO - Processing file /usr/local/python/3.10.13/lib/python3.10/site-packages/airflow/example_dags/example_branch_operator_decorator.py for tasks to queue
[2024-05-24T14:51:36.331+0000] {logging_mixin.py:188} INFO - [2024-05-24T14:51:36.331+0000] {dagbag.py:545} INFO - Filling up the DagBag from /usr/local/python/3.10.13/lib/python3.10/site-packages/airflow/example_dags/example_branch_operator_decorator.py
[2024-05-24T14:51:36.360+0000] {processor.py:840} INFO - DAG(s) 'example_branch_python_operator_decorator' retrieved from /usr/local/python/3.10.13/lib/python3.10/site-packages/airflow/example_dags/example_branch_operator_decorator.py
[2024-05-24T14:51:36.380+0000] {logging_mixin.py:188} INFO - [2024-05-24T14:51:36.380+0000] {dag.py:3096} INFO - Sync 1 DAGs
[2024-05-24T14:51:36.395+0000] {logging_mixin.py:188} INFO - [2024-05-24T14:51:36.395+0000] {dag.py:3954} INFO - Setting next_dagrun for example_branch_python_operator_decorator to 2024-05-23 00:00:00+00:00, run_after=2024-05-24 00:00:00+00:00
[2024-05-24T14:51:36.438+0000] {processor.py:183} INFO - Processing /usr/local/python/3.10.13/lib/python3.10/site-packages/airflow/example_dags/example_branch_operator_decorator.py took 0.119 seconds
[2024-05-24T14:52:33.443+0000] {processor.py:161} INFO - Started process (PID=63656) to work on /usr/local/python/3.10.13/lib/python3.10/site-packages/airflow/example_dags/example_branch_operator_decorator.py
[2024-05-24T14:52:33.444+0000] {processor.py:830} INFO - Processing file /usr/local/python/3.10.13/lib/python3.10/site-packages/airflow/example_dags/example_branch_operator_decorator.py for tasks to queue
[2024-05-24T14:52:33.445+0000] {logging_mixin.py:188} INFO - [2024-05-24T14:52:33.445+0000] {dagbag.py:545} INFO - Filling up the DagBag from /usr/local/python/3.10.13/lib/python3.10/site-packages/airflow/example_dags/example_branch_operator_decorator.py
[2024-05-24T14:52:33.463+0000] {processor.py:840} INFO - DAG(s) 'example_branch_python_operator_decorator' retrieved from /usr/local/python/3.10.13/lib/python3.10/site-packages/airflow/example_dags/example_branch_operator_decorator.py
[2024-05-24T14:52:33.483+0000] {logging_mixin.py:188} INFO - [2024-05-24T14:52:33.483+0000] {dag.py:3096} INFO - Sync 1 DAGs
[2024-05-24T14:52:33.499+0000] {logging_mixin.py:188} INFO - [2024-05-24T14:52:33.499+0000] {dag.py:3954} INFO - Setting next_dagrun for example_branch_python_operator_decorator to 2024-05-23 00:00:00+00:00, run_after=2024-05-24 00:00:00+00:00
[2024-05-24T14:52:33.538+0000] {processor.py:183} INFO - Processing /usr/local/python/3.10.13/lib/python3.10/site-packages/airflow/example_dags/example_branch_operator_decorator.py took 0.100 seconds
[2024-05-24T14:53:34.622+0000] {processor.py:161} INFO - Started process (PID=64299) to work on /usr/local/python/3.10.13/lib/python3.10/site-packages/airflow/example_dags/example_branch_operator_decorator.py
[2024-05-24T14:53:34.622+0000] {processor.py:830} INFO - Processing file /usr/local/python/3.10.13/lib/python3.10/site-packages/airflow/example_dags/example_branch_operator_decorator.py for tasks to queue
[2024-05-24T14:53:34.624+0000] {logging_mixin.py:188} INFO - [2024-05-24T14:53:34.623+0000] {dagbag.py:545} INFO - Filling up the DagBag from /usr/local/python/3.10.13/lib/python3.10/site-packages/airflow/example_dags/example_branch_operator_decorator.py
[2024-05-24T14:53:34.641+0000] {processor.py:840} INFO - DAG(s) 'example_branch_python_operator_decorator' retrieved from /usr/local/python/3.10.13/lib/python3.10/site-packages/airflow/example_dags/example_branch_operator_decorator.py
[2024-05-24T14:53:34.661+0000] {logging_mixin.py:188} INFO - [2024-05-24T14:53:34.661+0000] {dag.py:3096} INFO - Sync 1 DAGs
[2024-05-24T14:53:34.677+0000] {logging_mixin.py:188} INFO - [2024-05-24T14:53:34.677+0000] {dag.py:3954} INFO - Setting next_dagrun for example_branch_python_operator_decorator to 2024-05-23 00:00:00+00:00, run_after=2024-05-24 00:00:00+00:00
[2024-05-24T14:53:34.716+0000] {processor.py:183} INFO - Processing /usr/local/python/3.10.13/lib/python3.10/site-packages/airflow/example_dags/example_branch_operator_decorator.py took 0.099 seconds
[2024-05-24T14:54:36.244+0000] {processor.py:161} INFO - Started process (PID=64927) to work on /usr/local/python/3.10.13/lib/python3.10/site-packages/airflow/example_dags/example_branch_operator_decorator.py
[2024-05-24T14:54:36.245+0000] {processor.py:830} INFO - Processing file /usr/local/python/3.10.13/lib/python3.10/site-packages/airflow/example_dags/example_branch_operator_decorator.py for tasks to queue
[2024-05-24T14:54:36.246+0000] {logging_mixin.py:188} INFO - [2024-05-24T14:54:36.246+0000] {dagbag.py:545} INFO - Filling up the DagBag from /usr/local/python/3.10.13/lib/python3.10/site-packages/airflow/example_dags/example_branch_operator_decorator.py
[2024-05-24T14:54:36.266+0000] {processor.py:840} INFO - DAG(s) 'example_branch_python_operator_decorator' retrieved from /usr/local/python/3.10.13/lib/python3.10/site-packages/airflow/example_dags/example_branch_operator_decorator.py
[2024-05-24T14:54:36.286+0000] {logging_mixin.py:188} INFO - [2024-05-24T14:54:36.286+0000] {dag.py:3096} INFO - Sync 1 DAGs
[2024-05-24T14:54:36.303+0000] {logging_mixin.py:188} INFO - [2024-05-24T14:54:36.303+0000] {dag.py:3954} INFO - Setting next_dagrun for example_branch_python_operator_decorator to 2024-05-23 00:00:00+00:00, run_after=2024-05-24 00:00:00+00:00
[2024-05-24T14:54:36.342+0000] {processor.py:183} INFO - Processing /usr/local/python/3.10.13/lib/python3.10/site-packages/airflow/example_dags/example_branch_operator_decorator.py took 0.103 seconds
[2024-05-24T14:55:35.006+0000] {processor.py:161} INFO - Started process (PID=65619) to work on /usr/local/python/3.10.13/lib/python3.10/site-packages/airflow/example_dags/example_branch_operator_decorator.py
[2024-05-24T14:55:35.007+0000] {processor.py:830} INFO - Processing file /usr/local/python/3.10.13/lib/python3.10/site-packages/airflow/example_dags/example_branch_operator_decorator.py for tasks to queue
[2024-05-24T14:55:35.008+0000] {logging_mixin.py:188} INFO - [2024-05-24T14:55:35.008+0000] {dagbag.py:545} INFO - Filling up the DagBag from /usr/local/python/3.10.13/lib/python3.10/site-packages/airflow/example_dags/example_branch_operator_decorator.py
[2024-05-24T14:55:35.028+0000] {processor.py:840} INFO - DAG(s) 'example_branch_python_operator_decorator' retrieved from /usr/local/python/3.10.13/lib/python3.10/site-packages/airflow/example_dags/example_branch_operator_decorator.py
[2024-05-24T14:55:35.049+0000] {logging_mixin.py:188} INFO - [2024-05-24T14:55:35.049+0000] {dag.py:3096} INFO - Sync 1 DAGs
[2024-05-24T14:55:35.066+0000] {logging_mixin.py:188} INFO - [2024-05-24T14:55:35.066+0000] {dag.py:3954} INFO - Setting next_dagrun for example_branch_python_operator_decorator to 2024-05-23 00:00:00+00:00, run_after=2024-05-24 00:00:00+00:00
[2024-05-24T14:55:35.115+0000] {processor.py:183} INFO - Processing /usr/local/python/3.10.13/lib/python3.10/site-packages/airflow/example_dags/example_branch_operator_decorator.py took 0.116 seconds
[2024-05-24T14:56:34.751+0000] {processor.py:161} INFO - Started process (PID=66329) to work on /usr/local/python/3.10.13/lib/python3.10/site-packages/airflow/example_dags/example_branch_operator_decorator.py
[2024-05-24T14:56:34.752+0000] {processor.py:830} INFO - Processing file /usr/local/python/3.10.13/lib/python3.10/site-packages/airflow/example_dags/example_branch_operator_decorator.py for tasks to queue
[2024-05-24T14:56:34.753+0000] {logging_mixin.py:188} INFO - [2024-05-24T14:56:34.753+0000] {dagbag.py:545} INFO - Filling up the DagBag from /usr/local/python/3.10.13/lib/python3.10/site-packages/airflow/example_dags/example_branch_operator_decorator.py
[2024-05-24T14:56:34.777+0000] {processor.py:840} INFO - DAG(s) 'example_branch_python_operator_decorator' retrieved from /usr/local/python/3.10.13/lib/python3.10/site-packages/airflow/example_dags/example_branch_operator_decorator.py
[2024-05-24T14:56:34.811+0000] {logging_mixin.py:188} INFO - [2024-05-24T14:56:34.811+0000] {dag.py:3096} INFO - Sync 1 DAGs
[2024-05-24T14:56:34.830+0000] {logging_mixin.py:188} INFO - [2024-05-24T14:56:34.830+0000] {dag.py:3954} INFO - Setting next_dagrun for example_branch_python_operator_decorator to 2024-05-23 00:00:00+00:00, run_after=2024-05-24 00:00:00+00:00
[2024-05-24T14:56:34.877+0000] {processor.py:183} INFO - Processing /usr/local/python/3.10.13/lib/python3.10/site-packages/airflow/example_dags/example_branch_operator_decorator.py took 0.131 seconds
[2024-05-24T14:57:38.334+0000] {processor.py:161} INFO - Started process (PID=66861) to work on /usr/local/python/3.10.13/lib/python3.10/site-packages/airflow/example_dags/example_branch_operator_decorator.py
[2024-05-24T14:57:38.335+0000] {processor.py:830} INFO - Processing file /usr/local/python/3.10.13/lib/python3.10/site-packages/airflow/example_dags/example_branch_operator_decorator.py for tasks to queue
[2024-05-24T14:57:38.338+0000] {logging_mixin.py:188} INFO - [2024-05-24T14:57:38.337+0000] {dagbag.py:545} INFO - Filling up the DagBag from /usr/local/python/3.10.13/lib/python3.10/site-packages/airflow/example_dags/example_branch_operator_decorator.py
[2024-05-24T14:57:38.364+0000] {processor.py:840} INFO - DAG(s) 'example_branch_python_operator_decorator' retrieved from /usr/local/python/3.10.13/lib/python3.10/site-packages/airflow/example_dags/example_branch_operator_decorator.py
[2024-05-24T14:57:38.384+0000] {logging_mixin.py:188} INFO - [2024-05-24T14:57:38.383+0000] {dag.py:3096} INFO - Sync 1 DAGs
[2024-05-24T14:57:38.399+0000] {logging_mixin.py:188} INFO - [2024-05-24T14:57:38.399+0000] {dag.py:3954} INFO - Setting next_dagrun for example_branch_python_operator_decorator to 2024-05-23 00:00:00+00:00, run_after=2024-05-24 00:00:00+00:00
[2024-05-24T14:57:38.442+0000] {processor.py:183} INFO - Processing /usr/local/python/3.10.13/lib/python3.10/site-packages/airflow/example_dags/example_branch_operator_decorator.py took 0.114 seconds
[2024-05-24T14:58:40.465+0000] {processor.py:161} INFO - Started process (PID=67368) to work on /usr/local/python/3.10.13/lib/python3.10/site-packages/airflow/example_dags/example_branch_operator_decorator.py
[2024-05-24T14:58:40.465+0000] {processor.py:830} INFO - Processing file /usr/local/python/3.10.13/lib/python3.10/site-packages/airflow/example_dags/example_branch_operator_decorator.py for tasks to queue
[2024-05-24T14:58:40.467+0000] {logging_mixin.py:188} INFO - [2024-05-24T14:58:40.466+0000] {dagbag.py:545} INFO - Filling up the DagBag from /usr/local/python/3.10.13/lib/python3.10/site-packages/airflow/example_dags/example_branch_operator_decorator.py
[2024-05-24T14:58:40.485+0000] {processor.py:840} INFO - DAG(s) 'example_branch_python_operator_decorator' retrieved from /usr/local/python/3.10.13/lib/python3.10/site-packages/airflow/example_dags/example_branch_operator_decorator.py
[2024-05-24T14:58:40.505+0000] {logging_mixin.py:188} INFO - [2024-05-24T14:58:40.505+0000] {dag.py:3096} INFO - Sync 1 DAGs
[2024-05-24T14:58:40.522+0000] {logging_mixin.py:188} INFO - [2024-05-24T14:58:40.522+0000] {dag.py:3954} INFO - Setting next_dagrun for example_branch_python_operator_decorator to 2024-05-23 00:00:00+00:00, run_after=2024-05-24 00:00:00+00:00
[2024-05-24T14:58:40.567+0000] {processor.py:183} INFO - Processing /usr/local/python/3.10.13/lib/python3.10/site-packages/airflow/example_dags/example_branch_operator_decorator.py took 0.107 seconds
[2024-05-24T14:59:43.051+0000] {processor.py:161} INFO - Started process (PID=67794) to work on /usr/local/python/3.10.13/lib/python3.10/site-packages/airflow/example_dags/example_branch_operator_decorator.py
[2024-05-24T14:59:43.052+0000] {processor.py:830} INFO - Processing file /usr/local/python/3.10.13/lib/python3.10/site-packages/airflow/example_dags/example_branch_operator_decorator.py for tasks to queue
[2024-05-24T14:59:43.053+0000] {logging_mixin.py:188} INFO - [2024-05-24T14:59:43.053+0000] {dagbag.py:545} INFO - Filling up the DagBag from /usr/local/python/3.10.13/lib/python3.10/site-packages/airflow/example_dags/example_branch_operator_decorator.py
[2024-05-24T14:59:43.073+0000] {processor.py:840} INFO - DAG(s) 'example_branch_python_operator_decorator' retrieved from /usr/local/python/3.10.13/lib/python3.10/site-packages/airflow/example_dags/example_branch_operator_decorator.py
[2024-05-24T14:59:43.092+0000] {logging_mixin.py:188} INFO - [2024-05-24T14:59:43.092+0000] {dag.py:3096} INFO - Sync 1 DAGs
[2024-05-24T14:59:43.109+0000] {logging_mixin.py:188} INFO - [2024-05-24T14:59:43.109+0000] {dag.py:3954} INFO - Setting next_dagrun for example_branch_python_operator_decorator to 2024-05-23 00:00:00+00:00, run_after=2024-05-24 00:00:00+00:00
[2024-05-24T14:59:43.151+0000] {processor.py:183} INFO - Processing /usr/local/python/3.10.13/lib/python3.10/site-packages/airflow/example_dags/example_branch_operator_decorator.py took 0.104 seconds
[2024-05-24T15:00:46.883+0000] {processor.py:161} INFO - Started process (PID=68237) to work on /usr/local/python/3.10.13/lib/python3.10/site-packages/airflow/example_dags/example_branch_operator_decorator.py
[2024-05-24T15:00:46.884+0000] {processor.py:830} INFO - Processing file /usr/local/python/3.10.13/lib/python3.10/site-packages/airflow/example_dags/example_branch_operator_decorator.py for tasks to queue
[2024-05-24T15:00:46.885+0000] {logging_mixin.py:188} INFO - [2024-05-24T15:00:46.885+0000] {dagbag.py:545} INFO - Filling up the DagBag from /usr/local/python/3.10.13/lib/python3.10/site-packages/airflow/example_dags/example_branch_operator_decorator.py
[2024-05-24T15:00:46.903+0000] {processor.py:840} INFO - DAG(s) 'example_branch_python_operator_decorator' retrieved from /usr/local/python/3.10.13/lib/python3.10/site-packages/airflow/example_dags/example_branch_operator_decorator.py
[2024-05-24T15:00:46.923+0000] {logging_mixin.py:188} INFO - [2024-05-24T15:00:46.923+0000] {dag.py:3096} INFO - Sync 1 DAGs
[2024-05-24T15:00:46.939+0000] {logging_mixin.py:188} INFO - [2024-05-24T15:00:46.939+0000] {dag.py:3954} INFO - Setting next_dagrun for example_branch_python_operator_decorator to 2024-05-23 00:00:00+00:00, run_after=2024-05-24 00:00:00+00:00
[2024-05-24T15:00:46.983+0000] {processor.py:183} INFO - Processing /usr/local/python/3.10.13/lib/python3.10/site-packages/airflow/example_dags/example_branch_operator_decorator.py took 0.104 seconds
[2024-05-24T15:01:49.159+0000] {processor.py:161} INFO - Started process (PID=68678) to work on /usr/local/python/3.10.13/lib/python3.10/site-packages/airflow/example_dags/example_branch_operator_decorator.py
[2024-05-24T15:01:49.159+0000] {processor.py:830} INFO - Processing file /usr/local/python/3.10.13/lib/python3.10/site-packages/airflow/example_dags/example_branch_operator_decorator.py for tasks to queue
[2024-05-24T15:01:49.161+0000] {logging_mixin.py:188} INFO - [2024-05-24T15:01:49.160+0000] {dagbag.py:545} INFO - Filling up the DagBag from /usr/local/python/3.10.13/lib/python3.10/site-packages/airflow/example_dags/example_branch_operator_decorator.py
[2024-05-24T15:01:49.179+0000] {processor.py:840} INFO - DAG(s) 'example_branch_python_operator_decorator' retrieved from /usr/local/python/3.10.13/lib/python3.10/site-packages/airflow/example_dags/example_branch_operator_decorator.py
[2024-05-24T15:01:49.199+0000] {logging_mixin.py:188} INFO - [2024-05-24T15:01:49.199+0000] {dag.py:3096} INFO - Sync 1 DAGs
[2024-05-24T15:01:49.215+0000] {logging_mixin.py:188} INFO - [2024-05-24T15:01:49.215+0000] {dag.py:3954} INFO - Setting next_dagrun for example_branch_python_operator_decorator to 2024-05-23 00:00:00+00:00, run_after=2024-05-24 00:00:00+00:00
[2024-05-24T15:01:49.253+0000] {processor.py:183} INFO - Processing /usr/local/python/3.10.13/lib/python3.10/site-packages/airflow/example_dags/example_branch_operator_decorator.py took 0.099 seconds
[2024-05-24T15:02:48.665+0000] {processor.py:161} INFO - Started process (PID=69133) to work on /usr/local/python/3.10.13/lib/python3.10/site-packages/airflow/example_dags/example_branch_operator_decorator.py
[2024-05-24T15:02:48.666+0000] {processor.py:830} INFO - Processing file /usr/local/python/3.10.13/lib/python3.10/site-packages/airflow/example_dags/example_branch_operator_decorator.py for tasks to queue
[2024-05-24T15:02:48.667+0000] {logging_mixin.py:188} INFO - [2024-05-24T15:02:48.667+0000] {dagbag.py:545} INFO - Filling up the DagBag from /usr/local/python/3.10.13/lib/python3.10/site-packages/airflow/example_dags/example_branch_operator_decorator.py
[2024-05-24T15:02:48.685+0000] {processor.py:840} INFO - DAG(s) 'example_branch_python_operator_decorator' retrieved from /usr/local/python/3.10.13/lib/python3.10/site-packages/airflow/example_dags/example_branch_operator_decorator.py
[2024-05-24T15:02:48.704+0000] {logging_mixin.py:188} INFO - [2024-05-24T15:02:48.704+0000] {dag.py:3096} INFO - Sync 1 DAGs
[2024-05-24T15:02:48.720+0000] {logging_mixin.py:188} INFO - [2024-05-24T15:02:48.720+0000] {dag.py:3954} INFO - Setting next_dagrun for example_branch_python_operator_decorator to 2024-05-23 00:00:00+00:00, run_after=2024-05-24 00:00:00+00:00
[2024-05-24T15:02:48.758+0000] {processor.py:183} INFO - Processing /usr/local/python/3.10.13/lib/python3.10/site-packages/airflow/example_dags/example_branch_operator_decorator.py took 0.097 seconds
[2024-05-24T15:03:51.824+0000] {processor.py:161} INFO - Started process (PID=69602) to work on /usr/local/python/3.10.13/lib/python3.10/site-packages/airflow/example_dags/example_branch_operator_decorator.py
[2024-05-24T15:03:51.825+0000] {processor.py:830} INFO - Processing file /usr/local/python/3.10.13/lib/python3.10/site-packages/airflow/example_dags/example_branch_operator_decorator.py for tasks to queue
[2024-05-24T15:03:51.826+0000] {logging_mixin.py:188} INFO - [2024-05-24T15:03:51.826+0000] {dagbag.py:545} INFO - Filling up the DagBag from /usr/local/python/3.10.13/lib/python3.10/site-packages/airflow/example_dags/example_branch_operator_decorator.py
[2024-05-24T15:03:51.844+0000] {processor.py:840} INFO - DAG(s) 'example_branch_python_operator_decorator' retrieved from /usr/local/python/3.10.13/lib/python3.10/site-packages/airflow/example_dags/example_branch_operator_decorator.py
[2024-05-24T15:03:51.863+0000] {logging_mixin.py:188} INFO - [2024-05-24T15:03:51.862+0000] {dag.py:3096} INFO - Sync 1 DAGs
[2024-05-24T15:03:51.879+0000] {logging_mixin.py:188} INFO - [2024-05-24T15:03:51.878+0000] {dag.py:3954} INFO - Setting next_dagrun for example_branch_python_operator_decorator to 2024-05-23 00:00:00+00:00, run_after=2024-05-24 00:00:00+00:00
[2024-05-24T15:03:51.919+0000] {processor.py:183} INFO - Processing /usr/local/python/3.10.13/lib/python3.10/site-packages/airflow/example_dags/example_branch_operator_decorator.py took 0.100 seconds
[2024-05-24T15:04:55.965+0000] {processor.py:161} INFO - Started process (PID=70101) to work on /usr/local/python/3.10.13/lib/python3.10/site-packages/airflow/example_dags/example_branch_operator_decorator.py
[2024-05-24T15:04:55.966+0000] {processor.py:830} INFO - Processing file /usr/local/python/3.10.13/lib/python3.10/site-packages/airflow/example_dags/example_branch_operator_decorator.py for tasks to queue
[2024-05-24T15:04:55.967+0000] {logging_mixin.py:188} INFO - [2024-05-24T15:04:55.967+0000] {dagbag.py:545} INFO - Filling up the DagBag from /usr/local/python/3.10.13/lib/python3.10/site-packages/airflow/example_dags/example_branch_operator_decorator.py
[2024-05-24T15:04:55.986+0000] {processor.py:840} INFO - DAG(s) 'example_branch_python_operator_decorator' retrieved from /usr/local/python/3.10.13/lib/python3.10/site-packages/airflow/example_dags/example_branch_operator_decorator.py
[2024-05-24T15:04:56.007+0000] {logging_mixin.py:188} INFO - [2024-05-24T15:04:56.006+0000] {dag.py:3096} INFO - Sync 1 DAGs
[2024-05-24T15:04:56.032+0000] {logging_mixin.py:188} INFO - [2024-05-24T15:04:56.032+0000] {dag.py:3954} INFO - Setting next_dagrun for example_branch_python_operator_decorator to 2024-05-23 00:00:00+00:00, run_after=2024-05-24 00:00:00+00:00
[2024-05-24T15:04:56.076+0000] {processor.py:183} INFO - Processing /usr/local/python/3.10.13/lib/python3.10/site-packages/airflow/example_dags/example_branch_operator_decorator.py took 0.116 seconds
[2024-05-24T15:06:03.039+0000] {processor.py:161} INFO - Started process (PID=70591) to work on /usr/local/python/3.10.13/lib/python3.10/site-packages/airflow/example_dags/example_branch_operator_decorator.py
[2024-05-24T15:06:03.040+0000] {processor.py:830} INFO - Processing file /usr/local/python/3.10.13/lib/python3.10/site-packages/airflow/example_dags/example_branch_operator_decorator.py for tasks to queue
[2024-05-24T15:06:03.041+0000] {logging_mixin.py:188} INFO - [2024-05-24T15:06:03.041+0000] {dagbag.py:545} INFO - Filling up the DagBag from /usr/local/python/3.10.13/lib/python3.10/site-packages/airflow/example_dags/example_branch_operator_decorator.py
[2024-05-24T15:06:03.060+0000] {processor.py:840} INFO - DAG(s) 'example_branch_python_operator_decorator' retrieved from /usr/local/python/3.10.13/lib/python3.10/site-packages/airflow/example_dags/example_branch_operator_decorator.py
[2024-05-24T15:06:03.080+0000] {logging_mixin.py:188} INFO - [2024-05-24T15:06:03.079+0000] {dag.py:3096} INFO - Sync 1 DAGs
[2024-05-24T15:06:03.095+0000] {logging_mixin.py:188} INFO - [2024-05-24T15:06:03.095+0000] {dag.py:3954} INFO - Setting next_dagrun for example_branch_python_operator_decorator to 2024-05-23 00:00:00+00:00, run_after=2024-05-24 00:00:00+00:00
[2024-05-24T15:06:03.139+0000] {processor.py:183} INFO - Processing /usr/local/python/3.10.13/lib/python3.10/site-packages/airflow/example_dags/example_branch_operator_decorator.py took 0.104 seconds
[2024-05-24T15:07:07.136+0000] {processor.py:161} INFO - Started process (PID=71085) to work on /usr/local/python/3.10.13/lib/python3.10/site-packages/airflow/example_dags/example_branch_operator_decorator.py
[2024-05-24T15:07:07.137+0000] {processor.py:830} INFO - Processing file /usr/local/python/3.10.13/lib/python3.10/site-packages/airflow/example_dags/example_branch_operator_decorator.py for tasks to queue
[2024-05-24T15:07:07.138+0000] {logging_mixin.py:188} INFO - [2024-05-24T15:07:07.138+0000] {dagbag.py:545} INFO - Filling up the DagBag from /usr/local/python/3.10.13/lib/python3.10/site-packages/airflow/example_dags/example_branch_operator_decorator.py
[2024-05-24T15:07:07.156+0000] {processor.py:840} INFO - DAG(s) 'example_branch_python_operator_decorator' retrieved from /usr/local/python/3.10.13/lib/python3.10/site-packages/airflow/example_dags/example_branch_operator_decorator.py
[2024-05-24T15:07:07.175+0000] {logging_mixin.py:188} INFO - [2024-05-24T15:07:07.175+0000] {dag.py:3096} INFO - Sync 1 DAGs
[2024-05-24T15:07:07.191+0000] {logging_mixin.py:188} INFO - [2024-05-24T15:07:07.191+0000] {dag.py:3954} INFO - Setting next_dagrun for example_branch_python_operator_decorator to 2024-05-23 00:00:00+00:00, run_after=2024-05-24 00:00:00+00:00
[2024-05-24T15:07:07.230+0000] {processor.py:183} INFO - Processing /usr/local/python/3.10.13/lib/python3.10/site-packages/airflow/example_dags/example_branch_operator_decorator.py took 0.099 seconds
[2024-05-24T15:08:12.344+0000] {processor.py:161} INFO - Started process (PID=71569) to work on /usr/local/python/3.10.13/lib/python3.10/site-packages/airflow/example_dags/example_branch_operator_decorator.py
[2024-05-24T15:08:12.345+0000] {processor.py:830} INFO - Processing file /usr/local/python/3.10.13/lib/python3.10/site-packages/airflow/example_dags/example_branch_operator_decorator.py for tasks to queue
[2024-05-24T15:08:12.346+0000] {logging_mixin.py:188} INFO - [2024-05-24T15:08:12.346+0000] {dagbag.py:545} INFO - Filling up the DagBag from /usr/local/python/3.10.13/lib/python3.10/site-packages/airflow/example_dags/example_branch_operator_decorator.py
[2024-05-24T15:08:12.364+0000] {processor.py:840} INFO - DAG(s) 'example_branch_python_operator_decorator' retrieved from /usr/local/python/3.10.13/lib/python3.10/site-packages/airflow/example_dags/example_branch_operator_decorator.py
[2024-05-24T15:08:12.384+0000] {logging_mixin.py:188} INFO - [2024-05-24T15:08:12.384+0000] {dag.py:3096} INFO - Sync 1 DAGs
[2024-05-24T15:08:12.400+0000] {logging_mixin.py:188} INFO - [2024-05-24T15:08:12.400+0000] {dag.py:3954} INFO - Setting next_dagrun for example_branch_python_operator_decorator to 2024-05-23 00:00:00+00:00, run_after=2024-05-24 00:00:00+00:00
[2024-05-24T15:08:12.451+0000] {processor.py:183} INFO - Processing /usr/local/python/3.10.13/lib/python3.10/site-packages/airflow/example_dags/example_branch_operator_decorator.py took 0.111 seconds
[2024-05-24T15:09:13.104+0000] {processor.py:161} INFO - Started process (PID=72025) to work on /usr/local/python/3.10.13/lib/python3.10/site-packages/airflow/example_dags/example_branch_operator_decorator.py
[2024-05-24T15:09:13.105+0000] {processor.py:830} INFO - Processing file /usr/local/python/3.10.13/lib/python3.10/site-packages/airflow/example_dags/example_branch_operator_decorator.py for tasks to queue
[2024-05-24T15:09:13.106+0000] {logging_mixin.py:188} INFO - [2024-05-24T15:09:13.106+0000] {dagbag.py:545} INFO - Filling up the DagBag from /usr/local/python/3.10.13/lib/python3.10/site-packages/airflow/example_dags/example_branch_operator_decorator.py
[2024-05-24T15:09:13.125+0000] {processor.py:840} INFO - DAG(s) 'example_branch_python_operator_decorator' retrieved from /usr/local/python/3.10.13/lib/python3.10/site-packages/airflow/example_dags/example_branch_operator_decorator.py
[2024-05-24T15:09:13.149+0000] {logging_mixin.py:188} INFO - [2024-05-24T15:09:13.149+0000] {dag.py:3096} INFO - Sync 1 DAGs
[2024-05-24T15:09:13.167+0000] {logging_mixin.py:188} INFO - [2024-05-24T15:09:13.167+0000] {dag.py:3954} INFO - Setting next_dagrun for example_branch_python_operator_decorator to 2024-05-23 00:00:00+00:00, run_after=2024-05-24 00:00:00+00:00
[2024-05-24T15:09:13.204+0000] {processor.py:183} INFO - Processing /usr/local/python/3.10.13/lib/python3.10/site-packages/airflow/example_dags/example_branch_operator_decorator.py took 0.105 seconds
[2024-05-24T15:10:15.144+0000] {processor.py:161} INFO - Started process (PID=72489) to work on /usr/local/python/3.10.13/lib/python3.10/site-packages/airflow/example_dags/example_branch_operator_decorator.py
[2024-05-24T15:10:15.144+0000] {processor.py:830} INFO - Processing file /usr/local/python/3.10.13/lib/python3.10/site-packages/airflow/example_dags/example_branch_operator_decorator.py for tasks to queue
[2024-05-24T15:10:15.146+0000] {logging_mixin.py:188} INFO - [2024-05-24T15:10:15.145+0000] {dagbag.py:545} INFO - Filling up the DagBag from /usr/local/python/3.10.13/lib/python3.10/site-packages/airflow/example_dags/example_branch_operator_decorator.py
[2024-05-24T15:10:15.164+0000] {processor.py:840} INFO - DAG(s) 'example_branch_python_operator_decorator' retrieved from /usr/local/python/3.10.13/lib/python3.10/site-packages/airflow/example_dags/example_branch_operator_decorator.py
[2024-05-24T15:10:15.185+0000] {logging_mixin.py:188} INFO - [2024-05-24T15:10:15.184+0000] {dag.py:3096} INFO - Sync 1 DAGs
[2024-05-24T15:10:15.201+0000] {logging_mixin.py:188} INFO - [2024-05-24T15:10:15.201+0000] {dag.py:3954} INFO - Setting next_dagrun for example_branch_python_operator_decorator to 2024-05-23 00:00:00+00:00, run_after=2024-05-24 00:00:00+00:00
[2024-05-24T15:10:15.239+0000] {processor.py:183} INFO - Processing /usr/local/python/3.10.13/lib/python3.10/site-packages/airflow/example_dags/example_branch_operator_decorator.py took 0.100 seconds
[2024-05-24T15:11:14.737+0000] {processor.py:161} INFO - Started process (PID=72936) to work on /usr/local/python/3.10.13/lib/python3.10/site-packages/airflow/example_dags/example_branch_operator_decorator.py
[2024-05-24T15:11:14.738+0000] {processor.py:830} INFO - Processing file /usr/local/python/3.10.13/lib/python3.10/site-packages/airflow/example_dags/example_branch_operator_decorator.py for tasks to queue
[2024-05-24T15:11:14.739+0000] {logging_mixin.py:188} INFO - [2024-05-24T15:11:14.739+0000] {dagbag.py:545} INFO - Filling up the DagBag from /usr/local/python/3.10.13/lib/python3.10/site-packages/airflow/example_dags/example_branch_operator_decorator.py
[2024-05-24T15:11:14.757+0000] {processor.py:840} INFO - DAG(s) 'example_branch_python_operator_decorator' retrieved from /usr/local/python/3.10.13/lib/python3.10/site-packages/airflow/example_dags/example_branch_operator_decorator.py
[2024-05-24T15:11:14.776+0000] {logging_mixin.py:188} INFO - [2024-05-24T15:11:14.776+0000] {dag.py:3096} INFO - Sync 1 DAGs
[2024-05-24T15:11:14.792+0000] {logging_mixin.py:188} INFO - [2024-05-24T15:11:14.792+0000] {dag.py:3954} INFO - Setting next_dagrun for example_branch_python_operator_decorator to 2024-05-23 00:00:00+00:00, run_after=2024-05-24 00:00:00+00:00
[2024-05-24T15:11:14.843+0000] {processor.py:183} INFO - Processing /usr/local/python/3.10.13/lib/python3.10/site-packages/airflow/example_dags/example_branch_operator_decorator.py took 0.110 seconds
[2024-05-24T15:12:18.315+0000] {processor.py:161} INFO - Started process (PID=73402) to work on /usr/local/python/3.10.13/lib/python3.10/site-packages/airflow/example_dags/example_branch_operator_decorator.py
[2024-05-24T15:12:18.316+0000] {processor.py:830} INFO - Processing file /usr/local/python/3.10.13/lib/python3.10/site-packages/airflow/example_dags/example_branch_operator_decorator.py for tasks to queue
[2024-05-24T15:12:18.317+0000] {logging_mixin.py:188} INFO - [2024-05-24T15:12:18.317+0000] {dagbag.py:545} INFO - Filling up the DagBag from /usr/local/python/3.10.13/lib/python3.10/site-packages/airflow/example_dags/example_branch_operator_decorator.py
[2024-05-24T15:12:18.335+0000] {processor.py:840} INFO - DAG(s) 'example_branch_python_operator_decorator' retrieved from /usr/local/python/3.10.13/lib/python3.10/site-packages/airflow/example_dags/example_branch_operator_decorator.py
[2024-05-24T15:12:18.355+0000] {logging_mixin.py:188} INFO - [2024-05-24T15:12:18.355+0000] {dag.py:3096} INFO - Sync 1 DAGs
[2024-05-24T15:12:18.370+0000] {logging_mixin.py:188} INFO - [2024-05-24T15:12:18.370+0000] {dag.py:3954} INFO - Setting next_dagrun for example_branch_python_operator_decorator to 2024-05-23 00:00:00+00:00, run_after=2024-05-24 00:00:00+00:00
[2024-05-24T15:12:18.409+0000] {processor.py:183} INFO - Processing /usr/local/python/3.10.13/lib/python3.10/site-packages/airflow/example_dags/example_branch_operator_decorator.py took 0.099 seconds
[2024-05-24T15:13:16.665+0000] {processor.py:161} INFO - Started process (PID=73854) to work on /usr/local/python/3.10.13/lib/python3.10/site-packages/airflow/example_dags/example_branch_operator_decorator.py
[2024-05-24T15:13:16.665+0000] {processor.py:830} INFO - Processing file /usr/local/python/3.10.13/lib/python3.10/site-packages/airflow/example_dags/example_branch_operator_decorator.py for tasks to queue
[2024-05-24T15:13:16.667+0000] {logging_mixin.py:188} INFO - [2024-05-24T15:13:16.666+0000] {dagbag.py:545} INFO - Filling up the DagBag from /usr/local/python/3.10.13/lib/python3.10/site-packages/airflow/example_dags/example_branch_operator_decorator.py
[2024-05-24T15:13:16.690+0000] {processor.py:840} INFO - DAG(s) 'example_branch_python_operator_decorator' retrieved from /usr/local/python/3.10.13/lib/python3.10/site-packages/airflow/example_dags/example_branch_operator_decorator.py
[2024-05-24T15:13:16.730+0000] {logging_mixin.py:188} INFO - [2024-05-24T15:13:16.730+0000] {dag.py:3096} INFO - Sync 1 DAGs
[2024-05-24T15:13:16.752+0000] {logging_mixin.py:188} INFO - [2024-05-24T15:13:16.752+0000] {dag.py:3954} INFO - Setting next_dagrun for example_branch_python_operator_decorator to 2024-05-23 00:00:00+00:00, run_after=2024-05-24 00:00:00+00:00
[2024-05-24T15:13:16.791+0000] {processor.py:183} INFO - Processing /usr/local/python/3.10.13/lib/python3.10/site-packages/airflow/example_dags/example_branch_operator_decorator.py took 0.132 seconds
[2024-05-24T15:14:17.579+0000] {processor.py:161} INFO - Started process (PID=74314) to work on /usr/local/python/3.10.13/lib/python3.10/site-packages/airflow/example_dags/example_branch_operator_decorator.py
[2024-05-24T15:14:17.580+0000] {processor.py:830} INFO - Processing file /usr/local/python/3.10.13/lib/python3.10/site-packages/airflow/example_dags/example_branch_operator_decorator.py for tasks to queue
[2024-05-24T15:14:17.582+0000] {logging_mixin.py:188} INFO - [2024-05-24T15:14:17.581+0000] {dagbag.py:545} INFO - Filling up the DagBag from /usr/local/python/3.10.13/lib/python3.10/site-packages/airflow/example_dags/example_branch_operator_decorator.py
[2024-05-24T15:14:17.600+0000] {processor.py:840} INFO - DAG(s) 'example_branch_python_operator_decorator' retrieved from /usr/local/python/3.10.13/lib/python3.10/site-packages/airflow/example_dags/example_branch_operator_decorator.py
[2024-05-24T15:14:17.620+0000] {logging_mixin.py:188} INFO - [2024-05-24T15:14:17.620+0000] {dag.py:3096} INFO - Sync 1 DAGs
[2024-05-24T15:14:17.636+0000] {logging_mixin.py:188} INFO - [2024-05-24T15:14:17.636+0000] {dag.py:3954} INFO - Setting next_dagrun for example_branch_python_operator_decorator to 2024-05-23 00:00:00+00:00, run_after=2024-05-24 00:00:00+00:00
[2024-05-24T15:14:17.674+0000] {processor.py:183} INFO - Processing /usr/local/python/3.10.13/lib/python3.10/site-packages/airflow/example_dags/example_branch_operator_decorator.py took 0.100 seconds
[2024-05-24T15:15:17.930+0000] {processor.py:161} INFO - Started process (PID=74767) to work on /usr/local/python/3.10.13/lib/python3.10/site-packages/airflow/example_dags/example_branch_operator_decorator.py
[2024-05-24T15:15:17.930+0000] {processor.py:830} INFO - Processing file /usr/local/python/3.10.13/lib/python3.10/site-packages/airflow/example_dags/example_branch_operator_decorator.py for tasks to queue
[2024-05-24T15:15:17.932+0000] {logging_mixin.py:188} INFO - [2024-05-24T15:15:17.932+0000] {dagbag.py:545} INFO - Filling up the DagBag from /usr/local/python/3.10.13/lib/python3.10/site-packages/airflow/example_dags/example_branch_operator_decorator.py
[2024-05-24T15:15:17.961+0000] {processor.py:840} INFO - DAG(s) 'example_branch_python_operator_decorator' retrieved from /usr/local/python/3.10.13/lib/python3.10/site-packages/airflow/example_dags/example_branch_operator_decorator.py
[2024-05-24T15:15:17.995+0000] {logging_mixin.py:188} INFO - [2024-05-24T15:15:17.994+0000] {dag.py:3096} INFO - Sync 1 DAGs
[2024-05-24T15:15:18.015+0000] {logging_mixin.py:188} INFO - [2024-05-24T15:15:18.014+0000] {dag.py:3954} INFO - Setting next_dagrun for example_branch_python_operator_decorator to 2024-05-23 00:00:00+00:00, run_after=2024-05-24 00:00:00+00:00
[2024-05-24T15:15:18.059+0000] {processor.py:183} INFO - Processing /usr/local/python/3.10.13/lib/python3.10/site-packages/airflow/example_dags/example_branch_operator_decorator.py took 0.134 seconds
[2024-05-24T15:16:17.044+0000] {processor.py:161} INFO - Started process (PID=75211) to work on /usr/local/python/3.10.13/lib/python3.10/site-packages/airflow/example_dags/example_branch_operator_decorator.py
[2024-05-24T15:16:17.045+0000] {processor.py:830} INFO - Processing file /usr/local/python/3.10.13/lib/python3.10/site-packages/airflow/example_dags/example_branch_operator_decorator.py for tasks to queue
[2024-05-24T15:16:17.046+0000] {logging_mixin.py:188} INFO - [2024-05-24T15:16:17.046+0000] {dagbag.py:545} INFO - Filling up the DagBag from /usr/local/python/3.10.13/lib/python3.10/site-packages/airflow/example_dags/example_branch_operator_decorator.py
[2024-05-24T15:16:17.065+0000] {processor.py:840} INFO - DAG(s) 'example_branch_python_operator_decorator' retrieved from /usr/local/python/3.10.13/lib/python3.10/site-packages/airflow/example_dags/example_branch_operator_decorator.py
[2024-05-24T15:16:17.084+0000] {logging_mixin.py:188} INFO - [2024-05-24T15:16:17.084+0000] {dag.py:3096} INFO - Sync 1 DAGs
[2024-05-24T15:16:17.103+0000] {logging_mixin.py:188} INFO - [2024-05-24T15:16:17.103+0000] {dag.py:3954} INFO - Setting next_dagrun for example_branch_python_operator_decorator to 2024-05-23 00:00:00+00:00, run_after=2024-05-24 00:00:00+00:00
[2024-05-24T15:16:17.153+0000] {processor.py:183} INFO - Processing /usr/local/python/3.10.13/lib/python3.10/site-packages/airflow/example_dags/example_branch_operator_decorator.py took 0.114 seconds
[2024-05-24T15:17:16.840+0000] {processor.py:161} INFO - Started process (PID=75664) to work on /usr/local/python/3.10.13/lib/python3.10/site-packages/airflow/example_dags/example_branch_operator_decorator.py
[2024-05-24T15:17:16.841+0000] {processor.py:830} INFO - Processing file /usr/local/python/3.10.13/lib/python3.10/site-packages/airflow/example_dags/example_branch_operator_decorator.py for tasks to queue
[2024-05-24T15:17:16.842+0000] {logging_mixin.py:188} INFO - [2024-05-24T15:17:16.842+0000] {dagbag.py:545} INFO - Filling up the DagBag from /usr/local/python/3.10.13/lib/python3.10/site-packages/airflow/example_dags/example_branch_operator_decorator.py
[2024-05-24T15:17:16.863+0000] {processor.py:840} INFO - DAG(s) 'example_branch_python_operator_decorator' retrieved from /usr/local/python/3.10.13/lib/python3.10/site-packages/airflow/example_dags/example_branch_operator_decorator.py
[2024-05-24T15:17:16.883+0000] {logging_mixin.py:188} INFO - [2024-05-24T15:17:16.883+0000] {dag.py:3096} INFO - Sync 1 DAGs
[2024-05-24T15:17:16.899+0000] {logging_mixin.py:188} INFO - [2024-05-24T15:17:16.899+0000] {dag.py:3954} INFO - Setting next_dagrun for example_branch_python_operator_decorator to 2024-05-23 00:00:00+00:00, run_after=2024-05-24 00:00:00+00:00
[2024-05-24T15:17:16.940+0000] {processor.py:183} INFO - Processing /usr/local/python/3.10.13/lib/python3.10/site-packages/airflow/example_dags/example_branch_operator_decorator.py took 0.106 seconds
[2024-05-24T15:18:12.615+0000] {processor.py:161} INFO - Started process (PID=76083) to work on /usr/local/python/3.10.13/lib/python3.10/site-packages/airflow/example_dags/example_branch_operator_decorator.py
[2024-05-24T15:18:12.616+0000] {processor.py:830} INFO - Processing file /usr/local/python/3.10.13/lib/python3.10/site-packages/airflow/example_dags/example_branch_operator_decorator.py for tasks to queue
[2024-05-24T15:18:12.617+0000] {logging_mixin.py:188} INFO - [2024-05-24T15:18:12.617+0000] {dagbag.py:545} INFO - Filling up the DagBag from /usr/local/python/3.10.13/lib/python3.10/site-packages/airflow/example_dags/example_branch_operator_decorator.py
[2024-05-24T15:18:12.643+0000] {processor.py:840} INFO - DAG(s) 'example_branch_python_operator_decorator' retrieved from /usr/local/python/3.10.13/lib/python3.10/site-packages/airflow/example_dags/example_branch_operator_decorator.py
[2024-05-24T15:18:12.682+0000] {logging_mixin.py:188} INFO - [2024-05-24T15:18:12.682+0000] {dag.py:3096} INFO - Sync 1 DAGs
[2024-05-24T15:18:12.705+0000] {logging_mixin.py:188} INFO - [2024-05-24T15:18:12.705+0000] {dag.py:3954} INFO - Setting next_dagrun for example_branch_python_operator_decorator to 2024-05-23 00:00:00+00:00, run_after=2024-05-24 00:00:00+00:00
[2024-05-24T15:18:12.746+0000] {processor.py:183} INFO - Processing /usr/local/python/3.10.13/lib/python3.10/site-packages/airflow/example_dags/example_branch_operator_decorator.py took 0.136 seconds
[2024-05-24T15:19:19.367+0000] {processor.py:161} INFO - Started process (PID=76586) to work on /usr/local/python/3.10.13/lib/python3.10/site-packages/airflow/example_dags/example_branch_operator_decorator.py
[2024-05-24T15:19:19.368+0000] {processor.py:830} INFO - Processing file /usr/local/python/3.10.13/lib/python3.10/site-packages/airflow/example_dags/example_branch_operator_decorator.py for tasks to queue
[2024-05-24T15:19:19.370+0000] {logging_mixin.py:188} INFO - [2024-05-24T15:19:19.369+0000] {dagbag.py:545} INFO - Filling up the DagBag from /usr/local/python/3.10.13/lib/python3.10/site-packages/airflow/example_dags/example_branch_operator_decorator.py
[2024-05-24T15:19:19.397+0000] {processor.py:840} INFO - DAG(s) 'example_branch_python_operator_decorator' retrieved from /usr/local/python/3.10.13/lib/python3.10/site-packages/airflow/example_dags/example_branch_operator_decorator.py
[2024-05-24T15:19:19.462+0000] {logging_mixin.py:188} INFO - [2024-05-24T15:19:19.461+0000] {dag.py:3096} INFO - Sync 1 DAGs
[2024-05-24T15:19:19.486+0000] {logging_mixin.py:188} INFO - [2024-05-24T15:19:19.486+0000] {dag.py:3954} INFO - Setting next_dagrun for example_branch_python_operator_decorator to 2024-05-23 00:00:00+00:00, run_after=2024-05-24 00:00:00+00:00
[2024-05-24T15:19:19.529+0000] {processor.py:183} INFO - Processing /usr/local/python/3.10.13/lib/python3.10/site-packages/airflow/example_dags/example_branch_operator_decorator.py took 0.167 seconds
[2024-05-24T15:20:20.701+0000] {processor.py:161} INFO - Started process (PID=77044) to work on /usr/local/python/3.10.13/lib/python3.10/site-packages/airflow/example_dags/example_branch_operator_decorator.py
[2024-05-24T15:20:20.702+0000] {processor.py:830} INFO - Processing file /usr/local/python/3.10.13/lib/python3.10/site-packages/airflow/example_dags/example_branch_operator_decorator.py for tasks to queue
[2024-05-24T15:20:20.703+0000] {logging_mixin.py:188} INFO - [2024-05-24T15:20:20.703+0000] {dagbag.py:545} INFO - Filling up the DagBag from /usr/local/python/3.10.13/lib/python3.10/site-packages/airflow/example_dags/example_branch_operator_decorator.py
[2024-05-24T15:20:20.722+0000] {processor.py:840} INFO - DAG(s) 'example_branch_python_operator_decorator' retrieved from /usr/local/python/3.10.13/lib/python3.10/site-packages/airflow/example_dags/example_branch_operator_decorator.py
[2024-05-24T15:20:20.742+0000] {logging_mixin.py:188} INFO - [2024-05-24T15:20:20.742+0000] {dag.py:3096} INFO - Sync 1 DAGs
[2024-05-24T15:20:20.759+0000] {logging_mixin.py:188} INFO - [2024-05-24T15:20:20.759+0000] {dag.py:3954} INFO - Setting next_dagrun for example_branch_python_operator_decorator to 2024-05-23 00:00:00+00:00, run_after=2024-05-24 00:00:00+00:00
[2024-05-24T15:20:20.798+0000] {processor.py:183} INFO - Processing /usr/local/python/3.10.13/lib/python3.10/site-packages/airflow/example_dags/example_branch_operator_decorator.py took 0.102 seconds
[2024-05-24T15:21:22.365+0000] {processor.py:161} INFO - Started process (PID=77504) to work on /usr/local/python/3.10.13/lib/python3.10/site-packages/airflow/example_dags/example_branch_operator_decorator.py
[2024-05-24T15:21:22.366+0000] {processor.py:830} INFO - Processing file /usr/local/python/3.10.13/lib/python3.10/site-packages/airflow/example_dags/example_branch_operator_decorator.py for tasks to queue
[2024-05-24T15:21:22.367+0000] {logging_mixin.py:188} INFO - [2024-05-24T15:21:22.367+0000] {dagbag.py:545} INFO - Filling up the DagBag from /usr/local/python/3.10.13/lib/python3.10/site-packages/airflow/example_dags/example_branch_operator_decorator.py
[2024-05-24T15:21:22.386+0000] {processor.py:840} INFO - DAG(s) 'example_branch_python_operator_decorator' retrieved from /usr/local/python/3.10.13/lib/python3.10/site-packages/airflow/example_dags/example_branch_operator_decorator.py
[2024-05-24T15:21:22.405+0000] {logging_mixin.py:188} INFO - [2024-05-24T15:21:22.405+0000] {dag.py:3096} INFO - Sync 1 DAGs
[2024-05-24T15:21:22.421+0000] {logging_mixin.py:188} INFO - [2024-05-24T15:21:22.421+0000] {dag.py:3954} INFO - Setting next_dagrun for example_branch_python_operator_decorator to 2024-05-23 00:00:00+00:00, run_after=2024-05-24 00:00:00+00:00
[2024-05-24T15:21:22.462+0000] {processor.py:183} INFO - Processing /usr/local/python/3.10.13/lib/python3.10/site-packages/airflow/example_dags/example_branch_operator_decorator.py took 0.102 seconds
[2024-05-24T15:22:26.029+0000] {processor.py:161} INFO - Started process (PID=77980) to work on /usr/local/python/3.10.13/lib/python3.10/site-packages/airflow/example_dags/example_branch_operator_decorator.py
[2024-05-24T15:22:26.029+0000] {processor.py:830} INFO - Processing file /usr/local/python/3.10.13/lib/python3.10/site-packages/airflow/example_dags/example_branch_operator_decorator.py for tasks to queue
[2024-05-24T15:22:26.031+0000] {logging_mixin.py:188} INFO - [2024-05-24T15:22:26.030+0000] {dagbag.py:545} INFO - Filling up the DagBag from /usr/local/python/3.10.13/lib/python3.10/site-packages/airflow/example_dags/example_branch_operator_decorator.py
[2024-05-24T15:22:26.049+0000] {processor.py:840} INFO - DAG(s) 'example_branch_python_operator_decorator' retrieved from /usr/local/python/3.10.13/lib/python3.10/site-packages/airflow/example_dags/example_branch_operator_decorator.py
[2024-05-24T15:22:26.068+0000] {logging_mixin.py:188} INFO - [2024-05-24T15:22:26.068+0000] {dag.py:3096} INFO - Sync 1 DAGs
[2024-05-24T15:22:26.084+0000] {logging_mixin.py:188} INFO - [2024-05-24T15:22:26.084+0000] {dag.py:3954} INFO - Setting next_dagrun for example_branch_python_operator_decorator to 2024-05-23 00:00:00+00:00, run_after=2024-05-24 00:00:00+00:00
[2024-05-24T15:22:26.125+0000] {processor.py:183} INFO - Processing /usr/local/python/3.10.13/lib/python3.10/site-packages/airflow/example_dags/example_branch_operator_decorator.py took 0.101 seconds
[2024-05-24T15:23:28.992+0000] {processor.py:161} INFO - Started process (PID=78452) to work on /usr/local/python/3.10.13/lib/python3.10/site-packages/airflow/example_dags/example_branch_operator_decorator.py
[2024-05-24T15:23:28.992+0000] {processor.py:830} INFO - Processing file /usr/local/python/3.10.13/lib/python3.10/site-packages/airflow/example_dags/example_branch_operator_decorator.py for tasks to queue
[2024-05-24T15:23:28.994+0000] {logging_mixin.py:188} INFO - [2024-05-24T15:23:28.993+0000] {dagbag.py:545} INFO - Filling up the DagBag from /usr/local/python/3.10.13/lib/python3.10/site-packages/airflow/example_dags/example_branch_operator_decorator.py
[2024-05-24T15:23:29.012+0000] {processor.py:840} INFO - DAG(s) 'example_branch_python_operator_decorator' retrieved from /usr/local/python/3.10.13/lib/python3.10/site-packages/airflow/example_dags/example_branch_operator_decorator.py
[2024-05-24T15:23:29.032+0000] {logging_mixin.py:188} INFO - [2024-05-24T15:23:29.032+0000] {dag.py:3096} INFO - Sync 1 DAGs
[2024-05-24T15:23:29.049+0000] {logging_mixin.py:188} INFO - [2024-05-24T15:23:29.048+0000] {dag.py:3954} INFO - Setting next_dagrun for example_branch_python_operator_decorator to 2024-05-23 00:00:00+00:00, run_after=2024-05-24 00:00:00+00:00
[2024-05-24T15:23:29.087+0000] {processor.py:183} INFO - Processing /usr/local/python/3.10.13/lib/python3.10/site-packages/airflow/example_dags/example_branch_operator_decorator.py took 0.100 seconds
[2024-05-24T15:24:36.389+0000] {processor.py:161} INFO - Started process (PID=78966) to work on /usr/local/python/3.10.13/lib/python3.10/site-packages/airflow/example_dags/example_branch_operator_decorator.py
[2024-05-24T15:24:36.390+0000] {processor.py:830} INFO - Processing file /usr/local/python/3.10.13/lib/python3.10/site-packages/airflow/example_dags/example_branch_operator_decorator.py for tasks to queue
[2024-05-24T15:24:36.391+0000] {logging_mixin.py:188} INFO - [2024-05-24T15:24:36.391+0000] {dagbag.py:545} INFO - Filling up the DagBag from /usr/local/python/3.10.13/lib/python3.10/site-packages/airflow/example_dags/example_branch_operator_decorator.py
[2024-05-24T15:24:36.409+0000] {processor.py:840} INFO - DAG(s) 'example_branch_python_operator_decorator' retrieved from /usr/local/python/3.10.13/lib/python3.10/site-packages/airflow/example_dags/example_branch_operator_decorator.py
[2024-05-24T15:24:36.428+0000] {logging_mixin.py:188} INFO - [2024-05-24T15:24:36.428+0000] {dag.py:3096} INFO - Sync 1 DAGs
[2024-05-24T15:24:36.444+0000] {logging_mixin.py:188} INFO - [2024-05-24T15:24:36.444+0000] {dag.py:3954} INFO - Setting next_dagrun for example_branch_python_operator_decorator to 2024-05-23 00:00:00+00:00, run_after=2024-05-24 00:00:00+00:00
[2024-05-24T15:24:36.483+0000] {processor.py:183} INFO - Processing /usr/local/python/3.10.13/lib/python3.10/site-packages/airflow/example_dags/example_branch_operator_decorator.py took 0.099 seconds
[2024-05-24T15:25:40.850+0000] {processor.py:161} INFO - Started process (PID=79437) to work on /usr/local/python/3.10.13/lib/python3.10/site-packages/airflow/example_dags/example_branch_operator_decorator.py
[2024-05-24T15:25:40.850+0000] {processor.py:830} INFO - Processing file /usr/local/python/3.10.13/lib/python3.10/site-packages/airflow/example_dags/example_branch_operator_decorator.py for tasks to queue
[2024-05-24T15:25:40.852+0000] {logging_mixin.py:188} INFO - [2024-05-24T15:25:40.851+0000] {dagbag.py:545} INFO - Filling up the DagBag from /usr/local/python/3.10.13/lib/python3.10/site-packages/airflow/example_dags/example_branch_operator_decorator.py
[2024-05-24T15:25:40.870+0000] {processor.py:840} INFO - DAG(s) 'example_branch_python_operator_decorator' retrieved from /usr/local/python/3.10.13/lib/python3.10/site-packages/airflow/example_dags/example_branch_operator_decorator.py
[2024-05-24T15:25:40.906+0000] {logging_mixin.py:188} INFO - [2024-05-24T15:25:40.905+0000] {dag.py:3096} INFO - Sync 1 DAGs
[2024-05-24T15:25:40.931+0000] {logging_mixin.py:188} INFO - [2024-05-24T15:25:40.930+0000] {dag.py:3954} INFO - Setting next_dagrun for example_branch_python_operator_decorator to 2024-05-23 00:00:00+00:00, run_after=2024-05-24 00:00:00+00:00
[2024-05-24T15:25:40.980+0000] {processor.py:183} INFO - Processing /usr/local/python/3.10.13/lib/python3.10/site-packages/airflow/example_dags/example_branch_operator_decorator.py took 0.136 seconds
[2024-05-24T15:26:37.858+0000] {processor.py:161} INFO - Started process (PID=79877) to work on /usr/local/python/3.10.13/lib/python3.10/site-packages/airflow/example_dags/example_branch_operator_decorator.py
[2024-05-24T15:26:37.859+0000] {processor.py:830} INFO - Processing file /usr/local/python/3.10.13/lib/python3.10/site-packages/airflow/example_dags/example_branch_operator_decorator.py for tasks to queue
[2024-05-24T15:26:37.860+0000] {logging_mixin.py:188} INFO - [2024-05-24T15:26:37.860+0000] {dagbag.py:545} INFO - Filling up the DagBag from /usr/local/python/3.10.13/lib/python3.10/site-packages/airflow/example_dags/example_branch_operator_decorator.py
[2024-05-24T15:26:37.879+0000] {processor.py:840} INFO - DAG(s) 'example_branch_python_operator_decorator' retrieved from /usr/local/python/3.10.13/lib/python3.10/site-packages/airflow/example_dags/example_branch_operator_decorator.py
[2024-05-24T15:26:37.898+0000] {logging_mixin.py:188} INFO - [2024-05-24T15:26:37.898+0000] {dag.py:3096} INFO - Sync 1 DAGs
[2024-05-24T15:26:37.914+0000] {logging_mixin.py:188} INFO - [2024-05-24T15:26:37.914+0000] {dag.py:3954} INFO - Setting next_dagrun for example_branch_python_operator_decorator to 2024-05-23 00:00:00+00:00, run_after=2024-05-24 00:00:00+00:00
[2024-05-24T15:26:37.952+0000] {processor.py:183} INFO - Processing /usr/local/python/3.10.13/lib/python3.10/site-packages/airflow/example_dags/example_branch_operator_decorator.py took 0.099 seconds
[2024-05-24T15:27:37.876+0000] {processor.py:161} INFO - Started process (PID=80327) to work on /usr/local/python/3.10.13/lib/python3.10/site-packages/airflow/example_dags/example_branch_operator_decorator.py
[2024-05-24T15:27:37.877+0000] {processor.py:830} INFO - Processing file /usr/local/python/3.10.13/lib/python3.10/site-packages/airflow/example_dags/example_branch_operator_decorator.py for tasks to queue
[2024-05-24T15:27:37.879+0000] {logging_mixin.py:188} INFO - [2024-05-24T15:27:37.878+0000] {dagbag.py:545} INFO - Filling up the DagBag from /usr/local/python/3.10.13/lib/python3.10/site-packages/airflow/example_dags/example_branch_operator_decorator.py
[2024-05-24T15:27:37.897+0000] {processor.py:840} INFO - DAG(s) 'example_branch_python_operator_decorator' retrieved from /usr/local/python/3.10.13/lib/python3.10/site-packages/airflow/example_dags/example_branch_operator_decorator.py
[2024-05-24T15:27:37.918+0000] {logging_mixin.py:188} INFO - [2024-05-24T15:27:37.918+0000] {dag.py:3096} INFO - Sync 1 DAGs
[2024-05-24T15:27:37.935+0000] {logging_mixin.py:188} INFO - [2024-05-24T15:27:37.935+0000] {dag.py:3954} INFO - Setting next_dagrun for example_branch_python_operator_decorator to 2024-05-23 00:00:00+00:00, run_after=2024-05-24 00:00:00+00:00
[2024-05-24T15:27:37.988+0000] {processor.py:183} INFO - Processing /usr/local/python/3.10.13/lib/python3.10/site-packages/airflow/example_dags/example_branch_operator_decorator.py took 0.116 seconds
[2024-05-24T15:28:39.757+0000] {processor.py:161} INFO - Started process (PID=80788) to work on /usr/local/python/3.10.13/lib/python3.10/site-packages/airflow/example_dags/example_branch_operator_decorator.py
[2024-05-24T15:28:39.758+0000] {processor.py:830} INFO - Processing file /usr/local/python/3.10.13/lib/python3.10/site-packages/airflow/example_dags/example_branch_operator_decorator.py for tasks to queue
[2024-05-24T15:28:39.759+0000] {logging_mixin.py:188} INFO - [2024-05-24T15:28:39.758+0000] {dagbag.py:545} INFO - Filling up the DagBag from /usr/local/python/3.10.13/lib/python3.10/site-packages/airflow/example_dags/example_branch_operator_decorator.py
[2024-05-24T15:28:39.777+0000] {processor.py:840} INFO - DAG(s) 'example_branch_python_operator_decorator' retrieved from /usr/local/python/3.10.13/lib/python3.10/site-packages/airflow/example_dags/example_branch_operator_decorator.py
[2024-05-24T15:28:39.796+0000] {logging_mixin.py:188} INFO - [2024-05-24T15:28:39.796+0000] {dag.py:3096} INFO - Sync 1 DAGs
[2024-05-24T15:28:39.812+0000] {logging_mixin.py:188} INFO - [2024-05-24T15:28:39.812+0000] {dag.py:3954} INFO - Setting next_dagrun for example_branch_python_operator_decorator to 2024-05-23 00:00:00+00:00, run_after=2024-05-24 00:00:00+00:00
[2024-05-24T15:28:39.853+0000] {processor.py:183} INFO - Processing /usr/local/python/3.10.13/lib/python3.10/site-packages/airflow/example_dags/example_branch_operator_decorator.py took 0.101 seconds
