[2024-05-24T14:43:19.827+0000] {processor.py:161} INFO - Started process (PID=58583) to work on /usr/local/python/3.10.13/lib/python3.10/site-packages/airflow/example_dags/example_branch_labels.py
[2024-05-24T14:43:19.827+0000] {processor.py:830} INFO - Processing file /usr/local/python/3.10.13/lib/python3.10/site-packages/airflow/example_dags/example_branch_labels.py for tasks to queue
[2024-05-24T14:43:19.829+0000] {logging_mixin.py:188} INFO - [2024-05-24T14:43:19.829+0000] {dagbag.py:545} INFO - Filling up the DagBag from /usr/local/python/3.10.13/lib/python3.10/site-packages/airflow/example_dags/example_branch_labels.py
[2024-05-24T14:43:19.835+0000] {processor.py:840} INFO - DAG(s) 'example_branch_labels' retrieved from /usr/local/python/3.10.13/lib/python3.10/site-packages/airflow/example_dags/example_branch_labels.py
[2024-05-24T14:43:19.968+0000] {logging_mixin.py:188} INFO - [2024-05-24T14:43:19.967+0000] {override.py:1829} INFO - Created Permission View: can read on DAG:example_branch_labels
[2024-05-24T14:43:19.998+0000] {logging_mixin.py:188} INFO - [2024-05-24T14:43:19.997+0000] {override.py:1829} INFO - Created Permission View: can edit on DAG:example_branch_labels
[2024-05-24T14:43:20.028+0000] {logging_mixin.py:188} INFO - [2024-05-24T14:43:20.027+0000] {override.py:1829} INFO - Created Permission View: can delete on DAG:example_branch_labels
[2024-05-24T14:43:20.028+0000] {logging_mixin.py:188} INFO - [2024-05-24T14:43:20.028+0000] {dag.py:3096} INFO - Sync 1 DAGs
[2024-05-24T14:43:20.037+0000] {logging_mixin.py:188} INFO - [2024-05-24T14:43:20.036+0000] {dag.py:3118} INFO - Creating ORM DAG for example_branch_labels
[2024-05-24T14:43:20.045+0000] {logging_mixin.py:188} INFO - [2024-05-24T14:43:20.045+0000] {dag.py:3954} INFO - Setting next_dagrun for example_branch_labels to 2024-05-23 00:00:00+00:00, run_after=2024-05-24 00:00:00+00:00
[2024-05-24T14:43:20.088+0000] {processor.py:183} INFO - Processing /usr/local/python/3.10.13/lib/python3.10/site-packages/airflow/example_dags/example_branch_labels.py took 0.266 seconds
[2024-05-24T14:44:13.279+0000] {processor.py:161} INFO - Started process (PID=59066) to work on /usr/local/python/3.10.13/lib/python3.10/site-packages/airflow/example_dags/example_branch_labels.py
[2024-05-24T14:44:13.280+0000] {processor.py:830} INFO - Processing file /usr/local/python/3.10.13/lib/python3.10/site-packages/airflow/example_dags/example_branch_labels.py for tasks to queue
[2024-05-24T14:44:13.281+0000] {logging_mixin.py:188} INFO - [2024-05-24T14:44:13.281+0000] {dagbag.py:545} INFO - Filling up the DagBag from /usr/local/python/3.10.13/lib/python3.10/site-packages/airflow/example_dags/example_branch_labels.py
[2024-05-24T14:44:13.288+0000] {processor.py:840} INFO - DAG(s) 'example_branch_labels' retrieved from /usr/local/python/3.10.13/lib/python3.10/site-packages/airflow/example_dags/example_branch_labels.py
[2024-05-24T14:44:13.301+0000] {logging_mixin.py:188} INFO - [2024-05-24T14:44:13.300+0000] {dag.py:3096} INFO - Sync 1 DAGs
[2024-05-24T14:44:13.317+0000] {logging_mixin.py:188} INFO - [2024-05-24T14:44:13.316+0000] {dag.py:3954} INFO - Setting next_dagrun for example_branch_labels to 2024-05-23 00:00:00+00:00, run_after=2024-05-24 00:00:00+00:00
[2024-05-24T14:44:13.371+0000] {processor.py:183} INFO - Processing /usr/local/python/3.10.13/lib/python3.10/site-packages/airflow/example_dags/example_branch_labels.py took 0.097 seconds
[2024-05-24T14:45:21.462+0000] {processor.py:161} INFO - Started process (PID=59762) to work on /usr/local/python/3.10.13/lib/python3.10/site-packages/airflow/example_dags/example_branch_labels.py
[2024-05-24T14:45:21.463+0000] {processor.py:830} INFO - Processing file /usr/local/python/3.10.13/lib/python3.10/site-packages/airflow/example_dags/example_branch_labels.py for tasks to queue
[2024-05-24T14:45:21.464+0000] {logging_mixin.py:188} INFO - [2024-05-24T14:45:21.464+0000] {dagbag.py:545} INFO - Filling up the DagBag from /usr/local/python/3.10.13/lib/python3.10/site-packages/airflow/example_dags/example_branch_labels.py
[2024-05-24T14:45:21.471+0000] {processor.py:840} INFO - DAG(s) 'example_branch_labels' retrieved from /usr/local/python/3.10.13/lib/python3.10/site-packages/airflow/example_dags/example_branch_labels.py
[2024-05-24T14:45:21.483+0000] {logging_mixin.py:188} INFO - [2024-05-24T14:45:21.483+0000] {dag.py:3096} INFO - Sync 1 DAGs
[2024-05-24T14:45:21.498+0000] {logging_mixin.py:188} INFO - [2024-05-24T14:45:21.498+0000] {dag.py:3954} INFO - Setting next_dagrun for example_branch_labels to 2024-05-23 00:00:00+00:00, run_after=2024-05-24 00:00:00+00:00
[2024-05-24T14:45:21.537+0000] {processor.py:183} INFO - Processing /usr/local/python/3.10.13/lib/python3.10/site-packages/airflow/example_dags/example_branch_labels.py took 0.080 seconds
