[2024-05-24T14:43:19.092+0000] {processor.py:161} INFO - Started process (PID=58582) to work on /usr/local/python/3.10.13/lib/python3.10/site-packages/airflow/example_dags/example_bash_operator.py
[2024-05-24T14:43:19.092+0000] {processor.py:830} INFO - Processing file /usr/local/python/3.10.13/lib/python3.10/site-packages/airflow/example_dags/example_bash_operator.py for tasks to queue
[2024-05-24T14:43:19.094+0000] {logging_mixin.py:188} INFO - [2024-05-24T14:43:19.093+0000] {dagbag.py:545} INFO - Filling up the DagBag from /usr/local/python/3.10.13/lib/python3.10/site-packages/airflow/example_dags/example_bash_operator.py
[2024-05-24T14:43:19.102+0000] {processor.py:840} INFO - DAG(s) 'example_bash_operator' retrieved from /usr/local/python/3.10.13/lib/python3.10/site-packages/airflow/example_dags/example_bash_operator.py
[2024-05-24T14:43:19.250+0000] {logging_mixin.py:188} INFO - [2024-05-24T14:43:19.250+0000] {override.py:1829} INFO - Created Permission View: can read on DAG:example_bash_operator
[2024-05-24T14:43:19.280+0000] {logging_mixin.py:188} INFO - [2024-05-24T14:43:19.280+0000] {override.py:1829} INFO - Created Permission View: can edit on DAG:example_bash_operator
[2024-05-24T14:43:19.313+0000] {logging_mixin.py:188} INFO - [2024-05-24T14:43:19.313+0000] {override.py:1829} INFO - Created Permission View: can delete on DAG:example_bash_operator
[2024-05-24T14:43:19.314+0000] {logging_mixin.py:188} INFO - [2024-05-24T14:43:19.313+0000] {dag.py:3096} INFO - Sync 1 DAGs
[2024-05-24T14:43:19.325+0000] {logging_mixin.py:188} INFO - [2024-05-24T14:43:19.324+0000] {dag.py:3118} INFO - Creating ORM DAG for example_bash_operator
[2024-05-24T14:43:19.334+0000] {logging_mixin.py:188} INFO - [2024-05-24T14:43:19.334+0000] {dag.py:3954} INFO - Setting next_dagrun for example_bash_operator to 2024-05-23 00:00:00+00:00, run_after=2024-05-24 00:00:00+00:00
[2024-05-24T14:43:19.380+0000] {processor.py:183} INFO - Processing /usr/local/python/3.10.13/lib/python3.10/site-packages/airflow/example_dags/example_bash_operator.py took 0.292 seconds
[2024-05-24T14:44:12.037+0000] {processor.py:161} INFO - Started process (PID=59042) to work on /usr/local/python/3.10.13/lib/python3.10/site-packages/airflow/example_dags/example_bash_operator.py
[2024-05-24T14:44:12.038+0000] {processor.py:830} INFO - Processing file /usr/local/python/3.10.13/lib/python3.10/site-packages/airflow/example_dags/example_bash_operator.py for tasks to queue
[2024-05-24T14:44:12.039+0000] {logging_mixin.py:188} INFO - [2024-05-24T14:44:12.039+0000] {dagbag.py:545} INFO - Filling up the DagBag from /usr/local/python/3.10.13/lib/python3.10/site-packages/airflow/example_dags/example_bash_operator.py
[2024-05-24T14:44:12.048+0000] {processor.py:840} INFO - DAG(s) 'example_bash_operator' retrieved from /usr/local/python/3.10.13/lib/python3.10/site-packages/airflow/example_dags/example_bash_operator.py
[2024-05-24T14:44:12.068+0000] {logging_mixin.py:188} INFO - [2024-05-24T14:44:12.068+0000] {dag.py:3096} INFO - Sync 1 DAGs
[2024-05-24T14:44:12.084+0000] {logging_mixin.py:188} INFO - [2024-05-24T14:44:12.084+0000] {dag.py:3954} INFO - Setting next_dagrun for example_bash_operator to 2024-05-23 00:00:00+00:00, run_after=2024-05-24 00:00:00+00:00
[2024-05-24T14:44:12.131+0000] {processor.py:183} INFO - Processing /usr/local/python/3.10.13/lib/python3.10/site-packages/airflow/example_dags/example_bash_operator.py took 0.099 seconds
[2024-05-24T14:45:20.220+0000] {processor.py:161} INFO - Started process (PID=59761) to work on /usr/local/python/3.10.13/lib/python3.10/site-packages/airflow/example_dags/example_bash_operator.py
[2024-05-24T14:45:20.221+0000] {processor.py:830} INFO - Processing file /usr/local/python/3.10.13/lib/python3.10/site-packages/airflow/example_dags/example_bash_operator.py for tasks to queue
[2024-05-24T14:45:20.222+0000] {logging_mixin.py:188} INFO - [2024-05-24T14:45:20.222+0000] {dagbag.py:545} INFO - Filling up the DagBag from /usr/local/python/3.10.13/lib/python3.10/site-packages/airflow/example_dags/example_bash_operator.py
[2024-05-24T14:45:20.232+0000] {processor.py:840} INFO - DAG(s) 'example_bash_operator' retrieved from /usr/local/python/3.10.13/lib/python3.10/site-packages/airflow/example_dags/example_bash_operator.py
[2024-05-24T14:45:20.252+0000] {logging_mixin.py:188} INFO - [2024-05-24T14:45:20.252+0000] {dag.py:3096} INFO - Sync 1 DAGs
[2024-05-24T14:45:20.273+0000] {logging_mixin.py:188} INFO - [2024-05-24T14:45:20.272+0000] {dag.py:3954} INFO - Setting next_dagrun for example_bash_operator to 2024-05-23 00:00:00+00:00, run_after=2024-05-24 00:00:00+00:00
[2024-05-24T14:45:20.321+0000] {processor.py:183} INFO - Processing /usr/local/python/3.10.13/lib/python3.10/site-packages/airflow/example_dags/example_bash_operator.py took 0.106 seconds
[2024-05-24T14:46:24.860+0000] {processor.py:161} INFO - Started process (PID=60392) to work on /usr/local/python/3.10.13/lib/python3.10/site-packages/airflow/example_dags/example_bash_operator.py
[2024-05-24T14:46:24.860+0000] {processor.py:830} INFO - Processing file /usr/local/python/3.10.13/lib/python3.10/site-packages/airflow/example_dags/example_bash_operator.py for tasks to queue
[2024-05-24T14:46:24.862+0000] {logging_mixin.py:188} INFO - [2024-05-24T14:46:24.862+0000] {dagbag.py:545} INFO - Filling up the DagBag from /usr/local/python/3.10.13/lib/python3.10/site-packages/airflow/example_dags/example_bash_operator.py
[2024-05-24T14:46:24.871+0000] {processor.py:840} INFO - DAG(s) 'example_bash_operator' retrieved from /usr/local/python/3.10.13/lib/python3.10/site-packages/airflow/example_dags/example_bash_operator.py
[2024-05-24T14:46:24.891+0000] {logging_mixin.py:188} INFO - [2024-05-24T14:46:24.891+0000] {dag.py:3096} INFO - Sync 1 DAGs
[2024-05-24T14:46:24.906+0000] {logging_mixin.py:188} INFO - [2024-05-24T14:46:24.906+0000] {dag.py:3954} INFO - Setting next_dagrun for example_bash_operator to 2024-05-23 00:00:00+00:00, run_after=2024-05-24 00:00:00+00:00
[2024-05-24T14:46:24.944+0000] {processor.py:183} INFO - Processing /usr/local/python/3.10.13/lib/python3.10/site-packages/airflow/example_dags/example_bash_operator.py took 0.089 seconds
[2024-05-24T14:47:28.263+0000] {processor.py:161} INFO - Started process (PID=60982) to work on /usr/local/python/3.10.13/lib/python3.10/site-packages/airflow/example_dags/example_bash_operator.py
[2024-05-24T14:47:28.264+0000] {processor.py:830} INFO - Processing file /usr/local/python/3.10.13/lib/python3.10/site-packages/airflow/example_dags/example_bash_operator.py for tasks to queue
[2024-05-24T14:47:28.265+0000] {logging_mixin.py:188} INFO - [2024-05-24T14:47:28.265+0000] {dagbag.py:545} INFO - Filling up the DagBag from /usr/local/python/3.10.13/lib/python3.10/site-packages/airflow/example_dags/example_bash_operator.py
[2024-05-24T14:47:28.274+0000] {processor.py:840} INFO - DAG(s) 'example_bash_operator' retrieved from /usr/local/python/3.10.13/lib/python3.10/site-packages/airflow/example_dags/example_bash_operator.py
[2024-05-24T14:47:28.299+0000] {logging_mixin.py:188} INFO - [2024-05-24T14:47:28.299+0000] {dag.py:3096} INFO - Sync 1 DAGs
[2024-05-24T14:47:28.315+0000] {logging_mixin.py:188} INFO - [2024-05-24T14:47:28.315+0000] {dag.py:3954} INFO - Setting next_dagrun for example_bash_operator to 2024-05-23 00:00:00+00:00, run_after=2024-05-24 00:00:00+00:00
[2024-05-24T14:47:28.352+0000] {processor.py:183} INFO - Processing /usr/local/python/3.10.13/lib/python3.10/site-packages/airflow/example_dags/example_bash_operator.py took 0.094 seconds
[2024-05-24T14:48:28.008+0000] {processor.py:161} INFO - Started process (PID=61570) to work on /usr/local/python/3.10.13/lib/python3.10/site-packages/airflow/example_dags/example_bash_operator.py
[2024-05-24T14:48:28.009+0000] {processor.py:830} INFO - Processing file /usr/local/python/3.10.13/lib/python3.10/site-packages/airflow/example_dags/example_bash_operator.py for tasks to queue
[2024-05-24T14:48:28.011+0000] {logging_mixin.py:188} INFO - [2024-05-24T14:48:28.011+0000] {dagbag.py:545} INFO - Filling up the DagBag from /usr/local/python/3.10.13/lib/python3.10/site-packages/airflow/example_dags/example_bash_operator.py
[2024-05-24T14:48:28.035+0000] {processor.py:840} INFO - DAG(s) 'example_bash_operator' retrieved from /usr/local/python/3.10.13/lib/python3.10/site-packages/airflow/example_dags/example_bash_operator.py
[2024-05-24T14:48:28.070+0000] {logging_mixin.py:188} INFO - [2024-05-24T14:48:28.070+0000] {dag.py:3096} INFO - Sync 1 DAGs
[2024-05-24T14:48:28.095+0000] {logging_mixin.py:188} INFO - [2024-05-24T14:48:28.095+0000] {dag.py:3954} INFO - Setting next_dagrun for example_bash_operator to 2024-05-23 00:00:00+00:00, run_after=2024-05-24 00:00:00+00:00
[2024-05-24T14:48:28.139+0000] {processor.py:183} INFO - Processing /usr/local/python/3.10.13/lib/python3.10/site-packages/airflow/example_dags/example_bash_operator.py took 0.137 seconds
[2024-05-24T14:49:30.731+0000] {processor.py:161} INFO - Started process (PID=62208) to work on /usr/local/python/3.10.13/lib/python3.10/site-packages/airflow/example_dags/example_bash_operator.py
[2024-05-24T14:49:30.732+0000] {processor.py:830} INFO - Processing file /usr/local/python/3.10.13/lib/python3.10/site-packages/airflow/example_dags/example_bash_operator.py for tasks to queue
[2024-05-24T14:49:30.733+0000] {logging_mixin.py:188} INFO - [2024-05-24T14:49:30.733+0000] {dagbag.py:545} INFO - Filling up the DagBag from /usr/local/python/3.10.13/lib/python3.10/site-packages/airflow/example_dags/example_bash_operator.py
[2024-05-24T14:49:30.744+0000] {processor.py:840} INFO - DAG(s) 'example_bash_operator' retrieved from /usr/local/python/3.10.13/lib/python3.10/site-packages/airflow/example_dags/example_bash_operator.py
[2024-05-24T14:49:30.763+0000] {logging_mixin.py:188} INFO - [2024-05-24T14:49:30.763+0000] {dag.py:3096} INFO - Sync 1 DAGs
[2024-05-24T14:49:30.779+0000] {logging_mixin.py:188} INFO - [2024-05-24T14:49:30.779+0000] {dag.py:3954} INFO - Setting next_dagrun for example_bash_operator to 2024-05-23 00:00:00+00:00, run_after=2024-05-24 00:00:00+00:00
[2024-05-24T14:49:30.828+0000] {processor.py:183} INFO - Processing /usr/local/python/3.10.13/lib/python3.10/site-packages/airflow/example_dags/example_bash_operator.py took 0.102 seconds
[2024-05-24T14:50:32.260+0000] {processor.py:161} INFO - Started process (PID=62740) to work on /usr/local/python/3.10.13/lib/python3.10/site-packages/airflow/example_dags/example_bash_operator.py
[2024-05-24T14:50:32.260+0000] {processor.py:830} INFO - Processing file /usr/local/python/3.10.13/lib/python3.10/site-packages/airflow/example_dags/example_bash_operator.py for tasks to queue
[2024-05-24T14:50:32.262+0000] {logging_mixin.py:188} INFO - [2024-05-24T14:50:32.262+0000] {dagbag.py:545} INFO - Filling up the DagBag from /usr/local/python/3.10.13/lib/python3.10/site-packages/airflow/example_dags/example_bash_operator.py
[2024-05-24T14:50:32.272+0000] {processor.py:840} INFO - DAG(s) 'example_bash_operator' retrieved from /usr/local/python/3.10.13/lib/python3.10/site-packages/airflow/example_dags/example_bash_operator.py
[2024-05-24T14:50:32.292+0000] {logging_mixin.py:188} INFO - [2024-05-24T14:50:32.292+0000] {dag.py:3096} INFO - Sync 1 DAGs
[2024-05-24T14:50:32.308+0000] {logging_mixin.py:188} INFO - [2024-05-24T14:50:32.308+0000] {dag.py:3954} INFO - Setting next_dagrun for example_bash_operator to 2024-05-23 00:00:00+00:00, run_after=2024-05-24 00:00:00+00:00
[2024-05-24T14:50:32.347+0000] {processor.py:183} INFO - Processing /usr/local/python/3.10.13/lib/python3.10/site-packages/airflow/example_dags/example_bash_operator.py took 0.092 seconds
[2024-05-24T14:51:37.562+0000] {processor.py:161} INFO - Started process (PID=63253) to work on /usr/local/python/3.10.13/lib/python3.10/site-packages/airflow/example_dags/example_bash_operator.py
[2024-05-24T14:51:37.562+0000] {processor.py:830} INFO - Processing file /usr/local/python/3.10.13/lib/python3.10/site-packages/airflow/example_dags/example_bash_operator.py for tasks to queue
[2024-05-24T14:51:37.564+0000] {logging_mixin.py:188} INFO - [2024-05-24T14:51:37.563+0000] {dagbag.py:545} INFO - Filling up the DagBag from /usr/local/python/3.10.13/lib/python3.10/site-packages/airflow/example_dags/example_bash_operator.py
[2024-05-24T14:51:37.574+0000] {processor.py:840} INFO - DAG(s) 'example_bash_operator' retrieved from /usr/local/python/3.10.13/lib/python3.10/site-packages/airflow/example_dags/example_bash_operator.py
[2024-05-24T14:51:37.593+0000] {logging_mixin.py:188} INFO - [2024-05-24T14:51:37.593+0000] {dag.py:3096} INFO - Sync 1 DAGs
[2024-05-24T14:51:37.610+0000] {logging_mixin.py:188} INFO - [2024-05-24T14:51:37.610+0000] {dag.py:3954} INFO - Setting next_dagrun for example_bash_operator to 2024-05-23 00:00:00+00:00, run_after=2024-05-24 00:00:00+00:00
[2024-05-24T14:51:37.647+0000] {processor.py:183} INFO - Processing /usr/local/python/3.10.13/lib/python3.10/site-packages/airflow/example_dags/example_bash_operator.py took 0.090 seconds
[2024-05-24T14:52:34.677+0000] {processor.py:161} INFO - Started process (PID=63663) to work on /usr/local/python/3.10.13/lib/python3.10/site-packages/airflow/example_dags/example_bash_operator.py
[2024-05-24T14:52:34.677+0000] {processor.py:830} INFO - Processing file /usr/local/python/3.10.13/lib/python3.10/site-packages/airflow/example_dags/example_bash_operator.py for tasks to queue
[2024-05-24T14:52:34.678+0000] {logging_mixin.py:188} INFO - [2024-05-24T14:52:34.678+0000] {dagbag.py:545} INFO - Filling up the DagBag from /usr/local/python/3.10.13/lib/python3.10/site-packages/airflow/example_dags/example_bash_operator.py
[2024-05-24T14:52:34.688+0000] {processor.py:840} INFO - DAG(s) 'example_bash_operator' retrieved from /usr/local/python/3.10.13/lib/python3.10/site-packages/airflow/example_dags/example_bash_operator.py
[2024-05-24T14:52:34.706+0000] {logging_mixin.py:188} INFO - [2024-05-24T14:52:34.706+0000] {dag.py:3096} INFO - Sync 1 DAGs
[2024-05-24T14:52:34.723+0000] {logging_mixin.py:188} INFO - [2024-05-24T14:52:34.723+0000] {dag.py:3954} INFO - Setting next_dagrun for example_bash_operator to 2024-05-23 00:00:00+00:00, run_after=2024-05-24 00:00:00+00:00
[2024-05-24T14:52:34.762+0000] {processor.py:183} INFO - Processing /usr/local/python/3.10.13/lib/python3.10/site-packages/airflow/example_dags/example_bash_operator.py took 0.090 seconds
[2024-05-24T14:53:35.888+0000] {processor.py:161} INFO - Started process (PID=64315) to work on /usr/local/python/3.10.13/lib/python3.10/site-packages/airflow/example_dags/example_bash_operator.py
[2024-05-24T14:53:35.889+0000] {processor.py:830} INFO - Processing file /usr/local/python/3.10.13/lib/python3.10/site-packages/airflow/example_dags/example_bash_operator.py for tasks to queue
[2024-05-24T14:53:35.890+0000] {logging_mixin.py:188} INFO - [2024-05-24T14:53:35.890+0000] {dagbag.py:545} INFO - Filling up the DagBag from /usr/local/python/3.10.13/lib/python3.10/site-packages/airflow/example_dags/example_bash_operator.py
[2024-05-24T14:53:35.900+0000] {processor.py:840} INFO - DAG(s) 'example_bash_operator' retrieved from /usr/local/python/3.10.13/lib/python3.10/site-packages/airflow/example_dags/example_bash_operator.py
[2024-05-24T14:53:35.920+0000] {logging_mixin.py:188} INFO - [2024-05-24T14:53:35.920+0000] {dag.py:3096} INFO - Sync 1 DAGs
[2024-05-24T14:53:35.945+0000] {logging_mixin.py:188} INFO - [2024-05-24T14:53:35.945+0000] {dag.py:3954} INFO - Setting next_dagrun for example_bash_operator to 2024-05-23 00:00:00+00:00, run_after=2024-05-24 00:00:00+00:00
[2024-05-24T14:53:35.988+0000] {processor.py:183} INFO - Processing /usr/local/python/3.10.13/lib/python3.10/site-packages/airflow/example_dags/example_bash_operator.py took 0.105 seconds
[2024-05-24T14:54:36.844+0000] {processor.py:161} INFO - Started process (PID=64930) to work on /usr/local/python/3.10.13/lib/python3.10/site-packages/airflow/example_dags/example_bash_operator.py
[2024-05-24T14:54:36.845+0000] {processor.py:830} INFO - Processing file /usr/local/python/3.10.13/lib/python3.10/site-packages/airflow/example_dags/example_bash_operator.py for tasks to queue
[2024-05-24T14:54:36.847+0000] {logging_mixin.py:188} INFO - [2024-05-24T14:54:36.847+0000] {dagbag.py:545} INFO - Filling up the DagBag from /usr/local/python/3.10.13/lib/python3.10/site-packages/airflow/example_dags/example_bash_operator.py
[2024-05-24T14:54:36.862+0000] {processor.py:840} INFO - DAG(s) 'example_bash_operator' retrieved from /usr/local/python/3.10.13/lib/python3.10/site-packages/airflow/example_dags/example_bash_operator.py
[2024-05-24T14:54:36.887+0000] {logging_mixin.py:188} INFO - [2024-05-24T14:54:36.887+0000] {dag.py:3096} INFO - Sync 1 DAGs
[2024-05-24T14:54:36.905+0000] {logging_mixin.py:188} INFO - [2024-05-24T14:54:36.904+0000] {dag.py:3954} INFO - Setting next_dagrun for example_bash_operator to 2024-05-23 00:00:00+00:00, run_after=2024-05-24 00:00:00+00:00
[2024-05-24T14:54:36.948+0000] {processor.py:183} INFO - Processing /usr/local/python/3.10.13/lib/python3.10/site-packages/airflow/example_dags/example_bash_operator.py took 0.115 seconds
[2024-05-24T14:55:36.235+0000] {processor.py:161} INFO - Started process (PID=65637) to work on /usr/local/python/3.10.13/lib/python3.10/site-packages/airflow/example_dags/example_bash_operator.py
[2024-05-24T14:55:36.236+0000] {processor.py:830} INFO - Processing file /usr/local/python/3.10.13/lib/python3.10/site-packages/airflow/example_dags/example_bash_operator.py for tasks to queue
[2024-05-24T14:55:36.237+0000] {logging_mixin.py:188} INFO - [2024-05-24T14:55:36.237+0000] {dagbag.py:545} INFO - Filling up the DagBag from /usr/local/python/3.10.13/lib/python3.10/site-packages/airflow/example_dags/example_bash_operator.py
[2024-05-24T14:55:36.247+0000] {processor.py:840} INFO - DAG(s) 'example_bash_operator' retrieved from /usr/local/python/3.10.13/lib/python3.10/site-packages/airflow/example_dags/example_bash_operator.py
[2024-05-24T14:55:36.267+0000] {logging_mixin.py:188} INFO - [2024-05-24T14:55:36.267+0000] {dag.py:3096} INFO - Sync 1 DAGs
[2024-05-24T14:55:36.286+0000] {logging_mixin.py:188} INFO - [2024-05-24T14:55:36.286+0000] {dag.py:3954} INFO - Setting next_dagrun for example_bash_operator to 2024-05-23 00:00:00+00:00, run_after=2024-05-24 00:00:00+00:00
[2024-05-24T14:55:36.325+0000] {processor.py:183} INFO - Processing /usr/local/python/3.10.13/lib/python3.10/site-packages/airflow/example_dags/example_bash_operator.py took 0.094 seconds
[2024-05-24T14:56:35.998+0000] {processor.py:161} INFO - Started process (PID=66371) to work on /usr/local/python/3.10.13/lib/python3.10/site-packages/airflow/example_dags/example_bash_operator.py
[2024-05-24T14:56:35.998+0000] {processor.py:830} INFO - Processing file /usr/local/python/3.10.13/lib/python3.10/site-packages/airflow/example_dags/example_bash_operator.py for tasks to queue
[2024-05-24T14:56:36.000+0000] {logging_mixin.py:188} INFO - [2024-05-24T14:56:35.999+0000] {dagbag.py:545} INFO - Filling up the DagBag from /usr/local/python/3.10.13/lib/python3.10/site-packages/airflow/example_dags/example_bash_operator.py
[2024-05-24T14:56:36.010+0000] {processor.py:840} INFO - DAG(s) 'example_bash_operator' retrieved from /usr/local/python/3.10.13/lib/python3.10/site-packages/airflow/example_dags/example_bash_operator.py
[2024-05-24T14:56:36.030+0000] {logging_mixin.py:188} INFO - [2024-05-24T14:56:36.029+0000] {dag.py:3096} INFO - Sync 1 DAGs
[2024-05-24T14:56:36.046+0000] {logging_mixin.py:188} INFO - [2024-05-24T14:56:36.046+0000] {dag.py:3954} INFO - Setting next_dagrun for example_bash_operator to 2024-05-23 00:00:00+00:00, run_after=2024-05-24 00:00:00+00:00
[2024-05-24T14:56:36.085+0000] {processor.py:183} INFO - Processing /usr/local/python/3.10.13/lib/python3.10/site-packages/airflow/example_dags/example_bash_operator.py took 0.092 seconds
[2024-05-24T14:57:39.597+0000] {processor.py:161} INFO - Started process (PID=66863) to work on /usr/local/python/3.10.13/lib/python3.10/site-packages/airflow/example_dags/example_bash_operator.py
[2024-05-24T14:57:39.598+0000] {processor.py:830} INFO - Processing file /usr/local/python/3.10.13/lib/python3.10/site-packages/airflow/example_dags/example_bash_operator.py for tasks to queue
[2024-05-24T14:57:39.599+0000] {logging_mixin.py:188} INFO - [2024-05-24T14:57:39.599+0000] {dagbag.py:545} INFO - Filling up the DagBag from /usr/local/python/3.10.13/lib/python3.10/site-packages/airflow/example_dags/example_bash_operator.py
[2024-05-24T14:57:39.608+0000] {processor.py:840} INFO - DAG(s) 'example_bash_operator' retrieved from /usr/local/python/3.10.13/lib/python3.10/site-packages/airflow/example_dags/example_bash_operator.py
[2024-05-24T14:57:39.627+0000] {logging_mixin.py:188} INFO - [2024-05-24T14:57:39.627+0000] {dag.py:3096} INFO - Sync 1 DAGs
[2024-05-24T14:57:39.643+0000] {logging_mixin.py:188} INFO - [2024-05-24T14:57:39.643+0000] {dag.py:3954} INFO - Setting next_dagrun for example_bash_operator to 2024-05-23 00:00:00+00:00, run_after=2024-05-24 00:00:00+00:00
[2024-05-24T14:57:39.689+0000] {processor.py:183} INFO - Processing /usr/local/python/3.10.13/lib/python3.10/site-packages/airflow/example_dags/example_bash_operator.py took 0.096 seconds
[2024-05-24T14:58:41.741+0000] {processor.py:161} INFO - Started process (PID=67372) to work on /usr/local/python/3.10.13/lib/python3.10/site-packages/airflow/example_dags/example_bash_operator.py
[2024-05-24T14:58:41.742+0000] {processor.py:830} INFO - Processing file /usr/local/python/3.10.13/lib/python3.10/site-packages/airflow/example_dags/example_bash_operator.py for tasks to queue
[2024-05-24T14:58:41.750+0000] {logging_mixin.py:188} INFO - [2024-05-24T14:58:41.749+0000] {dagbag.py:545} INFO - Filling up the DagBag from /usr/local/python/3.10.13/lib/python3.10/site-packages/airflow/example_dags/example_bash_operator.py
[2024-05-24T14:58:41.767+0000] {processor.py:840} INFO - DAG(s) 'example_bash_operator' retrieved from /usr/local/python/3.10.13/lib/python3.10/site-packages/airflow/example_dags/example_bash_operator.py
[2024-05-24T14:58:41.799+0000] {logging_mixin.py:188} INFO - [2024-05-24T14:58:41.798+0000] {dag.py:3096} INFO - Sync 1 DAGs
[2024-05-24T14:58:41.824+0000] {logging_mixin.py:188} INFO - [2024-05-24T14:58:41.823+0000] {dag.py:3954} INFO - Setting next_dagrun for example_bash_operator to 2024-05-23 00:00:00+00:00, run_after=2024-05-24 00:00:00+00:00
[2024-05-24T14:58:41.867+0000] {processor.py:183} INFO - Processing /usr/local/python/3.10.13/lib/python3.10/site-packages/airflow/example_dags/example_bash_operator.py took 0.137 seconds
[2024-05-24T14:59:44.181+0000] {processor.py:161} INFO - Started process (PID=67801) to work on /usr/local/python/3.10.13/lib/python3.10/site-packages/airflow/example_dags/example_bash_operator.py
[2024-05-24T14:59:44.182+0000] {processor.py:830} INFO - Processing file /usr/local/python/3.10.13/lib/python3.10/site-packages/airflow/example_dags/example_bash_operator.py for tasks to queue
[2024-05-24T14:59:44.184+0000] {logging_mixin.py:188} INFO - [2024-05-24T14:59:44.183+0000] {dagbag.py:545} INFO - Filling up the DagBag from /usr/local/python/3.10.13/lib/python3.10/site-packages/airflow/example_dags/example_bash_operator.py
[2024-05-24T14:59:44.198+0000] {processor.py:840} INFO - DAG(s) 'example_bash_operator' retrieved from /usr/local/python/3.10.13/lib/python3.10/site-packages/airflow/example_dags/example_bash_operator.py
[2024-05-24T14:59:44.229+0000] {logging_mixin.py:188} INFO - [2024-05-24T14:59:44.229+0000] {dag.py:3096} INFO - Sync 1 DAGs
[2024-05-24T14:59:44.253+0000] {logging_mixin.py:188} INFO - [2024-05-24T14:59:44.253+0000] {dag.py:3954} INFO - Setting next_dagrun for example_bash_operator to 2024-05-23 00:00:00+00:00, run_after=2024-05-24 00:00:00+00:00
[2024-05-24T14:59:44.299+0000] {processor.py:183} INFO - Processing /usr/local/python/3.10.13/lib/python3.10/site-packages/airflow/example_dags/example_bash_operator.py took 0.124 seconds
[2024-05-24T15:00:48.116+0000] {processor.py:161} INFO - Started process (PID=68238) to work on /usr/local/python/3.10.13/lib/python3.10/site-packages/airflow/example_dags/example_bash_operator.py
[2024-05-24T15:00:48.117+0000] {processor.py:830} INFO - Processing file /usr/local/python/3.10.13/lib/python3.10/site-packages/airflow/example_dags/example_bash_operator.py for tasks to queue
[2024-05-24T15:00:48.118+0000] {logging_mixin.py:188} INFO - [2024-05-24T15:00:48.118+0000] {dagbag.py:545} INFO - Filling up the DagBag from /usr/local/python/3.10.13/lib/python3.10/site-packages/airflow/example_dags/example_bash_operator.py
[2024-05-24T15:00:48.127+0000] {processor.py:840} INFO - DAG(s) 'example_bash_operator' retrieved from /usr/local/python/3.10.13/lib/python3.10/site-packages/airflow/example_dags/example_bash_operator.py
[2024-05-24T15:00:48.146+0000] {logging_mixin.py:188} INFO - [2024-05-24T15:00:48.146+0000] {dag.py:3096} INFO - Sync 1 DAGs
[2024-05-24T15:00:48.162+0000] {logging_mixin.py:188} INFO - [2024-05-24T15:00:48.162+0000] {dag.py:3954} INFO - Setting next_dagrun for example_bash_operator to 2024-05-23 00:00:00+00:00, run_after=2024-05-24 00:00:00+00:00
[2024-05-24T15:00:48.203+0000] {processor.py:183} INFO - Processing /usr/local/python/3.10.13/lib/python3.10/site-packages/airflow/example_dags/example_bash_operator.py took 0.092 seconds
[2024-05-24T15:01:50.397+0000] {processor.py:161} INFO - Started process (PID=68691) to work on /usr/local/python/3.10.13/lib/python3.10/site-packages/airflow/example_dags/example_bash_operator.py
[2024-05-24T15:01:50.398+0000] {processor.py:830} INFO - Processing file /usr/local/python/3.10.13/lib/python3.10/site-packages/airflow/example_dags/example_bash_operator.py for tasks to queue
[2024-05-24T15:01:50.400+0000] {logging_mixin.py:188} INFO - [2024-05-24T15:01:50.400+0000] {dagbag.py:545} INFO - Filling up the DagBag from /usr/local/python/3.10.13/lib/python3.10/site-packages/airflow/example_dags/example_bash_operator.py
[2024-05-24T15:01:50.415+0000] {processor.py:840} INFO - DAG(s) 'example_bash_operator' retrieved from /usr/local/python/3.10.13/lib/python3.10/site-packages/airflow/example_dags/example_bash_operator.py
[2024-05-24T15:01:50.453+0000] {logging_mixin.py:188} INFO - [2024-05-24T15:01:50.453+0000] {dag.py:3096} INFO - Sync 1 DAGs
[2024-05-24T15:01:50.482+0000] {logging_mixin.py:188} INFO - [2024-05-24T15:01:50.481+0000] {dag.py:3954} INFO - Setting next_dagrun for example_bash_operator to 2024-05-23 00:00:00+00:00, run_after=2024-05-24 00:00:00+00:00
[2024-05-24T15:01:50.533+0000] {processor.py:183} INFO - Processing /usr/local/python/3.10.13/lib/python3.10/site-packages/airflow/example_dags/example_bash_operator.py took 0.140 seconds
[2024-05-24T15:02:49.802+0000] {processor.py:161} INFO - Started process (PID=69146) to work on /usr/local/python/3.10.13/lib/python3.10/site-packages/airflow/example_dags/example_bash_operator.py
[2024-05-24T15:02:49.803+0000] {processor.py:830} INFO - Processing file /usr/local/python/3.10.13/lib/python3.10/site-packages/airflow/example_dags/example_bash_operator.py for tasks to queue
[2024-05-24T15:02:49.805+0000] {logging_mixin.py:188} INFO - [2024-05-24T15:02:49.804+0000] {dagbag.py:545} INFO - Filling up the DagBag from /usr/local/python/3.10.13/lib/python3.10/site-packages/airflow/example_dags/example_bash_operator.py
[2024-05-24T15:02:49.814+0000] {processor.py:840} INFO - DAG(s) 'example_bash_operator' retrieved from /usr/local/python/3.10.13/lib/python3.10/site-packages/airflow/example_dags/example_bash_operator.py
[2024-05-24T15:02:49.834+0000] {logging_mixin.py:188} INFO - [2024-05-24T15:02:49.833+0000] {dag.py:3096} INFO - Sync 1 DAGs
[2024-05-24T15:02:49.850+0000] {logging_mixin.py:188} INFO - [2024-05-24T15:02:49.849+0000] {dag.py:3954} INFO - Setting next_dagrun for example_bash_operator to 2024-05-23 00:00:00+00:00, run_after=2024-05-24 00:00:00+00:00
[2024-05-24T15:02:49.889+0000] {processor.py:183} INFO - Processing /usr/local/python/3.10.13/lib/python3.10/site-packages/airflow/example_dags/example_bash_operator.py took 0.092 seconds
[2024-05-24T15:03:52.523+0000] {processor.py:161} INFO - Started process (PID=69609) to work on /usr/local/python/3.10.13/lib/python3.10/site-packages/airflow/example_dags/example_bash_operator.py
[2024-05-24T15:03:52.524+0000] {processor.py:830} INFO - Processing file /usr/local/python/3.10.13/lib/python3.10/site-packages/airflow/example_dags/example_bash_operator.py for tasks to queue
[2024-05-24T15:03:52.525+0000] {logging_mixin.py:188} INFO - [2024-05-24T15:03:52.525+0000] {dagbag.py:545} INFO - Filling up the DagBag from /usr/local/python/3.10.13/lib/python3.10/site-packages/airflow/example_dags/example_bash_operator.py
[2024-05-24T15:03:52.542+0000] {processor.py:840} INFO - DAG(s) 'example_bash_operator' retrieved from /usr/local/python/3.10.13/lib/python3.10/site-packages/airflow/example_dags/example_bash_operator.py
[2024-05-24T15:03:52.572+0000] {logging_mixin.py:188} INFO - [2024-05-24T15:03:52.572+0000] {dag.py:3096} INFO - Sync 1 DAGs
[2024-05-24T15:03:52.591+0000] {logging_mixin.py:188} INFO - [2024-05-24T15:03:52.591+0000] {dag.py:3954} INFO - Setting next_dagrun for example_bash_operator to 2024-05-23 00:00:00+00:00, run_after=2024-05-24 00:00:00+00:00
[2024-05-24T15:03:52.639+0000] {processor.py:183} INFO - Processing /usr/local/python/3.10.13/lib/python3.10/site-packages/airflow/example_dags/example_bash_operator.py took 0.126 seconds
[2024-05-24T15:04:57.199+0000] {processor.py:161} INFO - Started process (PID=70108) to work on /usr/local/python/3.10.13/lib/python3.10/site-packages/airflow/example_dags/example_bash_operator.py
[2024-05-24T15:04:57.200+0000] {processor.py:830} INFO - Processing file /usr/local/python/3.10.13/lib/python3.10/site-packages/airflow/example_dags/example_bash_operator.py for tasks to queue
[2024-05-24T15:04:57.201+0000] {logging_mixin.py:188} INFO - [2024-05-24T15:04:57.201+0000] {dagbag.py:545} INFO - Filling up the DagBag from /usr/local/python/3.10.13/lib/python3.10/site-packages/airflow/example_dags/example_bash_operator.py
[2024-05-24T15:04:57.211+0000] {processor.py:840} INFO - DAG(s) 'example_bash_operator' retrieved from /usr/local/python/3.10.13/lib/python3.10/site-packages/airflow/example_dags/example_bash_operator.py
[2024-05-24T15:04:57.230+0000] {logging_mixin.py:188} INFO - [2024-05-24T15:04:57.230+0000] {dag.py:3096} INFO - Sync 1 DAGs
[2024-05-24T15:04:57.245+0000] {logging_mixin.py:188} INFO - [2024-05-24T15:04:57.245+0000] {dag.py:3954} INFO - Setting next_dagrun for example_bash_operator to 2024-05-23 00:00:00+00:00, run_after=2024-05-24 00:00:00+00:00
[2024-05-24T15:04:57.285+0000] {processor.py:183} INFO - Processing /usr/local/python/3.10.13/lib/python3.10/site-packages/airflow/example_dags/example_bash_operator.py took 0.090 seconds
[2024-05-24T15:06:04.282+0000] {processor.py:161} INFO - Started process (PID=70595) to work on /usr/local/python/3.10.13/lib/python3.10/site-packages/airflow/example_dags/example_bash_operator.py
[2024-05-24T15:06:04.283+0000] {processor.py:830} INFO - Processing file /usr/local/python/3.10.13/lib/python3.10/site-packages/airflow/example_dags/example_bash_operator.py for tasks to queue
[2024-05-24T15:06:04.285+0000] {logging_mixin.py:188} INFO - [2024-05-24T15:06:04.284+0000] {dagbag.py:545} INFO - Filling up the DagBag from /usr/local/python/3.10.13/lib/python3.10/site-packages/airflow/example_dags/example_bash_operator.py
[2024-05-24T15:06:04.294+0000] {processor.py:840} INFO - DAG(s) 'example_bash_operator' retrieved from /usr/local/python/3.10.13/lib/python3.10/site-packages/airflow/example_dags/example_bash_operator.py
[2024-05-24T15:06:04.313+0000] {logging_mixin.py:188} INFO - [2024-05-24T15:06:04.313+0000] {dag.py:3096} INFO - Sync 1 DAGs
[2024-05-24T15:06:04.329+0000] {logging_mixin.py:188} INFO - [2024-05-24T15:06:04.329+0000] {dag.py:3954} INFO - Setting next_dagrun for example_bash_operator to 2024-05-23 00:00:00+00:00, run_after=2024-05-24 00:00:00+00:00
[2024-05-24T15:06:04.367+0000] {processor.py:183} INFO - Processing /usr/local/python/3.10.13/lib/python3.10/site-packages/airflow/example_dags/example_bash_operator.py took 0.089 seconds
[2024-05-24T15:07:08.369+0000] {processor.py:161} INFO - Started process (PID=71092) to work on /usr/local/python/3.10.13/lib/python3.10/site-packages/airflow/example_dags/example_bash_operator.py
[2024-05-24T15:07:08.370+0000] {processor.py:830} INFO - Processing file /usr/local/python/3.10.13/lib/python3.10/site-packages/airflow/example_dags/example_bash_operator.py for tasks to queue
[2024-05-24T15:07:08.371+0000] {logging_mixin.py:188} INFO - [2024-05-24T15:07:08.371+0000] {dagbag.py:545} INFO - Filling up the DagBag from /usr/local/python/3.10.13/lib/python3.10/site-packages/airflow/example_dags/example_bash_operator.py
[2024-05-24T15:07:08.380+0000] {processor.py:840} INFO - DAG(s) 'example_bash_operator' retrieved from /usr/local/python/3.10.13/lib/python3.10/site-packages/airflow/example_dags/example_bash_operator.py
[2024-05-24T15:07:08.399+0000] {logging_mixin.py:188} INFO - [2024-05-24T15:07:08.399+0000] {dag.py:3096} INFO - Sync 1 DAGs
[2024-05-24T15:07:08.415+0000] {logging_mixin.py:188} INFO - [2024-05-24T15:07:08.415+0000] {dag.py:3954} INFO - Setting next_dagrun for example_bash_operator to 2024-05-23 00:00:00+00:00, run_after=2024-05-24 00:00:00+00:00
[2024-05-24T15:07:08.454+0000] {processor.py:183} INFO - Processing /usr/local/python/3.10.13/lib/python3.10/site-packages/airflow/example_dags/example_bash_operator.py took 0.090 seconds
[2024-05-24T15:08:13.612+0000] {processor.py:161} INFO - Started process (PID=71576) to work on /usr/local/python/3.10.13/lib/python3.10/site-packages/airflow/example_dags/example_bash_operator.py
[2024-05-24T15:08:13.613+0000] {processor.py:830} INFO - Processing file /usr/local/python/3.10.13/lib/python3.10/site-packages/airflow/example_dags/example_bash_operator.py for tasks to queue
[2024-05-24T15:08:13.614+0000] {logging_mixin.py:188} INFO - [2024-05-24T15:08:13.614+0000] {dagbag.py:545} INFO - Filling up the DagBag from /usr/local/python/3.10.13/lib/python3.10/site-packages/airflow/example_dags/example_bash_operator.py
[2024-05-24T15:08:13.623+0000] {processor.py:840} INFO - DAG(s) 'example_bash_operator' retrieved from /usr/local/python/3.10.13/lib/python3.10/site-packages/airflow/example_dags/example_bash_operator.py
[2024-05-24T15:08:13.644+0000] {logging_mixin.py:188} INFO - [2024-05-24T15:08:13.644+0000] {dag.py:3096} INFO - Sync 1 DAGs
[2024-05-24T15:08:13.661+0000] {logging_mixin.py:188} INFO - [2024-05-24T15:08:13.661+0000] {dag.py:3954} INFO - Setting next_dagrun for example_bash_operator to 2024-05-23 00:00:00+00:00, run_after=2024-05-24 00:00:00+00:00
[2024-05-24T15:08:13.702+0000] {processor.py:183} INFO - Processing /usr/local/python/3.10.13/lib/python3.10/site-packages/airflow/example_dags/example_bash_operator.py took 0.095 seconds
[2024-05-24T15:09:14.282+0000] {processor.py:161} INFO - Started process (PID=72026) to work on /usr/local/python/3.10.13/lib/python3.10/site-packages/airflow/example_dags/example_bash_operator.py
[2024-05-24T15:09:14.282+0000] {processor.py:830} INFO - Processing file /usr/local/python/3.10.13/lib/python3.10/site-packages/airflow/example_dags/example_bash_operator.py for tasks to queue
[2024-05-24T15:09:14.283+0000] {logging_mixin.py:188} INFO - [2024-05-24T15:09:14.283+0000] {dagbag.py:545} INFO - Filling up the DagBag from /usr/local/python/3.10.13/lib/python3.10/site-packages/airflow/example_dags/example_bash_operator.py
[2024-05-24T15:09:14.293+0000] {processor.py:840} INFO - DAG(s) 'example_bash_operator' retrieved from /usr/local/python/3.10.13/lib/python3.10/site-packages/airflow/example_dags/example_bash_operator.py
[2024-05-24T15:09:14.312+0000] {logging_mixin.py:188} INFO - [2024-05-24T15:09:14.312+0000] {dag.py:3096} INFO - Sync 1 DAGs
[2024-05-24T15:09:14.328+0000] {logging_mixin.py:188} INFO - [2024-05-24T15:09:14.328+0000] {dag.py:3954} INFO - Setting next_dagrun for example_bash_operator to 2024-05-23 00:00:00+00:00, run_after=2024-05-24 00:00:00+00:00
[2024-05-24T15:09:14.366+0000] {processor.py:183} INFO - Processing /usr/local/python/3.10.13/lib/python3.10/site-packages/airflow/example_dags/example_bash_operator.py took 0.089 seconds
[2024-05-24T15:10:16.376+0000] {processor.py:161} INFO - Started process (PID=72490) to work on /usr/local/python/3.10.13/lib/python3.10/site-packages/airflow/example_dags/example_bash_operator.py
[2024-05-24T15:10:16.377+0000] {processor.py:830} INFO - Processing file /usr/local/python/3.10.13/lib/python3.10/site-packages/airflow/example_dags/example_bash_operator.py for tasks to queue
[2024-05-24T15:10:16.378+0000] {logging_mixin.py:188} INFO - [2024-05-24T15:10:16.378+0000] {dagbag.py:545} INFO - Filling up the DagBag from /usr/local/python/3.10.13/lib/python3.10/site-packages/airflow/example_dags/example_bash_operator.py
[2024-05-24T15:10:16.388+0000] {processor.py:840} INFO - DAG(s) 'example_bash_operator' retrieved from /usr/local/python/3.10.13/lib/python3.10/site-packages/airflow/example_dags/example_bash_operator.py
[2024-05-24T15:10:16.407+0000] {logging_mixin.py:188} INFO - [2024-05-24T15:10:16.407+0000] {dag.py:3096} INFO - Sync 1 DAGs
[2024-05-24T15:10:16.423+0000] {logging_mixin.py:188} INFO - [2024-05-24T15:10:16.422+0000] {dag.py:3954} INFO - Setting next_dagrun for example_bash_operator to 2024-05-23 00:00:00+00:00, run_after=2024-05-24 00:00:00+00:00
[2024-05-24T15:10:16.466+0000] {processor.py:183} INFO - Processing /usr/local/python/3.10.13/lib/python3.10/site-packages/airflow/example_dags/example_bash_operator.py took 0.094 seconds
[2024-05-24T15:11:15.972+0000] {processor.py:161} INFO - Started process (PID=72943) to work on /usr/local/python/3.10.13/lib/python3.10/site-packages/airflow/example_dags/example_bash_operator.py
[2024-05-24T15:11:15.973+0000] {processor.py:830} INFO - Processing file /usr/local/python/3.10.13/lib/python3.10/site-packages/airflow/example_dags/example_bash_operator.py for tasks to queue
[2024-05-24T15:11:15.974+0000] {logging_mixin.py:188} INFO - [2024-05-24T15:11:15.974+0000] {dagbag.py:545} INFO - Filling up the DagBag from /usr/local/python/3.10.13/lib/python3.10/site-packages/airflow/example_dags/example_bash_operator.py
[2024-05-24T15:11:15.984+0000] {processor.py:840} INFO - DAG(s) 'example_bash_operator' retrieved from /usr/local/python/3.10.13/lib/python3.10/site-packages/airflow/example_dags/example_bash_operator.py
[2024-05-24T15:11:16.003+0000] {logging_mixin.py:188} INFO - [2024-05-24T15:11:16.003+0000] {dag.py:3096} INFO - Sync 1 DAGs
[2024-05-24T15:11:16.019+0000] {logging_mixin.py:188} INFO - [2024-05-24T15:11:16.019+0000] {dag.py:3954} INFO - Setting next_dagrun for example_bash_operator to 2024-05-23 00:00:00+00:00, run_after=2024-05-24 00:00:00+00:00
[2024-05-24T15:11:16.060+0000] {processor.py:183} INFO - Processing /usr/local/python/3.10.13/lib/python3.10/site-packages/airflow/example_dags/example_bash_operator.py took 0.092 seconds
[2024-05-24T15:12:19.552+0000] {processor.py:161} INFO - Started process (PID=73406) to work on /usr/local/python/3.10.13/lib/python3.10/site-packages/airflow/example_dags/example_bash_operator.py
[2024-05-24T15:12:19.553+0000] {processor.py:830} INFO - Processing file /usr/local/python/3.10.13/lib/python3.10/site-packages/airflow/example_dags/example_bash_operator.py for tasks to queue
[2024-05-24T15:12:19.555+0000] {logging_mixin.py:188} INFO - [2024-05-24T15:12:19.554+0000] {dagbag.py:545} INFO - Filling up the DagBag from /usr/local/python/3.10.13/lib/python3.10/site-packages/airflow/example_dags/example_bash_operator.py
[2024-05-24T15:12:19.569+0000] {processor.py:840} INFO - DAG(s) 'example_bash_operator' retrieved from /usr/local/python/3.10.13/lib/python3.10/site-packages/airflow/example_dags/example_bash_operator.py
[2024-05-24T15:12:19.601+0000] {logging_mixin.py:188} INFO - [2024-05-24T15:12:19.600+0000] {dag.py:3096} INFO - Sync 1 DAGs
[2024-05-24T15:12:19.619+0000] {logging_mixin.py:188} INFO - [2024-05-24T15:12:19.619+0000] {dag.py:3954} INFO - Setting next_dagrun for example_bash_operator to 2024-05-23 00:00:00+00:00, run_after=2024-05-24 00:00:00+00:00
[2024-05-24T15:12:19.658+0000] {processor.py:183} INFO - Processing /usr/local/python/3.10.13/lib/python3.10/site-packages/airflow/example_dags/example_bash_operator.py took 0.112 seconds
[2024-05-24T15:13:17.616+0000] {processor.py:161} INFO - Started process (PID=73855) to work on /usr/local/python/3.10.13/lib/python3.10/site-packages/airflow/example_dags/example_bash_operator.py
[2024-05-24T15:13:17.616+0000] {processor.py:830} INFO - Processing file /usr/local/python/3.10.13/lib/python3.10/site-packages/airflow/example_dags/example_bash_operator.py for tasks to queue
[2024-05-24T15:13:17.618+0000] {logging_mixin.py:188} INFO - [2024-05-24T15:13:17.617+0000] {dagbag.py:545} INFO - Filling up the DagBag from /usr/local/python/3.10.13/lib/python3.10/site-packages/airflow/example_dags/example_bash_operator.py
[2024-05-24T15:13:17.627+0000] {processor.py:840} INFO - DAG(s) 'example_bash_operator' retrieved from /usr/local/python/3.10.13/lib/python3.10/site-packages/airflow/example_dags/example_bash_operator.py
[2024-05-24T15:13:17.646+0000] {logging_mixin.py:188} INFO - [2024-05-24T15:13:17.646+0000] {dag.py:3096} INFO - Sync 1 DAGs
[2024-05-24T15:13:17.661+0000] {logging_mixin.py:188} INFO - [2024-05-24T15:13:17.661+0000] {dag.py:3954} INFO - Setting next_dagrun for example_bash_operator to 2024-05-23 00:00:00+00:00, run_after=2024-05-24 00:00:00+00:00
[2024-05-24T15:13:17.698+0000] {processor.py:183} INFO - Processing /usr/local/python/3.10.13/lib/python3.10/site-packages/airflow/example_dags/example_bash_operator.py took 0.087 seconds
[2024-05-24T15:14:18.813+0000] {processor.py:161} INFO - Started process (PID=74315) to work on /usr/local/python/3.10.13/lib/python3.10/site-packages/airflow/example_dags/example_bash_operator.py
[2024-05-24T15:14:18.814+0000] {processor.py:830} INFO - Processing file /usr/local/python/3.10.13/lib/python3.10/site-packages/airflow/example_dags/example_bash_operator.py for tasks to queue
[2024-05-24T15:14:18.815+0000] {logging_mixin.py:188} INFO - [2024-05-24T15:14:18.815+0000] {dagbag.py:545} INFO - Filling up the DagBag from /usr/local/python/3.10.13/lib/python3.10/site-packages/airflow/example_dags/example_bash_operator.py
[2024-05-24T15:14:18.825+0000] {processor.py:840} INFO - DAG(s) 'example_bash_operator' retrieved from /usr/local/python/3.10.13/lib/python3.10/site-packages/airflow/example_dags/example_bash_operator.py
[2024-05-24T15:14:18.844+0000] {logging_mixin.py:188} INFO - [2024-05-24T15:14:18.844+0000] {dag.py:3096} INFO - Sync 1 DAGs
[2024-05-24T15:14:18.866+0000] {logging_mixin.py:188} INFO - [2024-05-24T15:14:18.866+0000] {dag.py:3954} INFO - Setting next_dagrun for example_bash_operator to 2024-05-23 00:00:00+00:00, run_after=2024-05-24 00:00:00+00:00
[2024-05-24T15:14:18.911+0000] {processor.py:183} INFO - Processing /usr/local/python/3.10.13/lib/python3.10/site-packages/airflow/example_dags/example_bash_operator.py took 0.102 seconds
[2024-05-24T15:15:18.372+0000] {processor.py:161} INFO - Started process (PID=74768) to work on /usr/local/python/3.10.13/lib/python3.10/site-packages/airflow/example_dags/example_bash_operator.py
[2024-05-24T15:15:18.373+0000] {processor.py:830} INFO - Processing file /usr/local/python/3.10.13/lib/python3.10/site-packages/airflow/example_dags/example_bash_operator.py for tasks to queue
[2024-05-24T15:15:18.375+0000] {logging_mixin.py:188} INFO - [2024-05-24T15:15:18.374+0000] {dagbag.py:545} INFO - Filling up the DagBag from /usr/local/python/3.10.13/lib/python3.10/site-packages/airflow/example_dags/example_bash_operator.py
[2024-05-24T15:15:18.384+0000] {processor.py:840} INFO - DAG(s) 'example_bash_operator' retrieved from /usr/local/python/3.10.13/lib/python3.10/site-packages/airflow/example_dags/example_bash_operator.py
[2024-05-24T15:15:18.404+0000] {logging_mixin.py:188} INFO - [2024-05-24T15:15:18.403+0000] {dag.py:3096} INFO - Sync 1 DAGs
[2024-05-24T15:15:18.419+0000] {logging_mixin.py:188} INFO - [2024-05-24T15:15:18.419+0000] {dag.py:3954} INFO - Setting next_dagrun for example_bash_operator to 2024-05-23 00:00:00+00:00, run_after=2024-05-24 00:00:00+00:00
[2024-05-24T15:15:18.460+0000] {processor.py:183} INFO - Processing /usr/local/python/3.10.13/lib/python3.10/site-packages/airflow/example_dags/example_bash_operator.py took 0.092 seconds
[2024-05-24T15:16:18.279+0000] {processor.py:161} INFO - Started process (PID=75218) to work on /usr/local/python/3.10.13/lib/python3.10/site-packages/airflow/example_dags/example_bash_operator.py
[2024-05-24T15:16:18.280+0000] {processor.py:830} INFO - Processing file /usr/local/python/3.10.13/lib/python3.10/site-packages/airflow/example_dags/example_bash_operator.py for tasks to queue
[2024-05-24T15:16:18.282+0000] {logging_mixin.py:188} INFO - [2024-05-24T15:16:18.281+0000] {dagbag.py:545} INFO - Filling up the DagBag from /usr/local/python/3.10.13/lib/python3.10/site-packages/airflow/example_dags/example_bash_operator.py
[2024-05-24T15:16:18.295+0000] {processor.py:840} INFO - DAG(s) 'example_bash_operator' retrieved from /usr/local/python/3.10.13/lib/python3.10/site-packages/airflow/example_dags/example_bash_operator.py
[2024-05-24T15:16:18.329+0000] {logging_mixin.py:188} INFO - [2024-05-24T15:16:18.329+0000] {dag.py:3096} INFO - Sync 1 DAGs
[2024-05-24T15:16:18.350+0000] {logging_mixin.py:188} INFO - [2024-05-24T15:16:18.350+0000] {dag.py:3954} INFO - Setting next_dagrun for example_bash_operator to 2024-05-23 00:00:00+00:00, run_after=2024-05-24 00:00:00+00:00
[2024-05-24T15:16:18.389+0000] {processor.py:183} INFO - Processing /usr/local/python/3.10.13/lib/python3.10/site-packages/airflow/example_dags/example_bash_operator.py took 0.115 seconds
[2024-05-24T15:17:18.080+0000] {processor.py:161} INFO - Started process (PID=75677) to work on /usr/local/python/3.10.13/lib/python3.10/site-packages/airflow/example_dags/example_bash_operator.py
[2024-05-24T15:17:18.081+0000] {processor.py:830} INFO - Processing file /usr/local/python/3.10.13/lib/python3.10/site-packages/airflow/example_dags/example_bash_operator.py for tasks to queue
[2024-05-24T15:17:18.082+0000] {logging_mixin.py:188} INFO - [2024-05-24T15:17:18.082+0000] {dagbag.py:545} INFO - Filling up the DagBag from /usr/local/python/3.10.13/lib/python3.10/site-packages/airflow/example_dags/example_bash_operator.py
[2024-05-24T15:17:18.097+0000] {processor.py:840} INFO - DAG(s) 'example_bash_operator' retrieved from /usr/local/python/3.10.13/lib/python3.10/site-packages/airflow/example_dags/example_bash_operator.py
[2024-05-24T15:17:18.128+0000] {logging_mixin.py:188} INFO - [2024-05-24T15:17:18.127+0000] {dag.py:3096} INFO - Sync 1 DAGs
[2024-05-24T15:17:18.153+0000] {logging_mixin.py:188} INFO - [2024-05-24T15:17:18.153+0000] {dag.py:3954} INFO - Setting next_dagrun for example_bash_operator to 2024-05-23 00:00:00+00:00, run_after=2024-05-24 00:00:00+00:00
[2024-05-24T15:17:18.208+0000] {processor.py:183} INFO - Processing /usr/local/python/3.10.13/lib/python3.10/site-packages/airflow/example_dags/example_bash_operator.py took 0.135 seconds
[2024-05-24T15:18:13.885+0000] {processor.py:161} INFO - Started process (PID=76090) to work on /usr/local/python/3.10.13/lib/python3.10/site-packages/airflow/example_dags/example_bash_operator.py
[2024-05-24T15:18:13.887+0000] {processor.py:830} INFO - Processing file /usr/local/python/3.10.13/lib/python3.10/site-packages/airflow/example_dags/example_bash_operator.py for tasks to queue
[2024-05-24T15:18:13.889+0000] {logging_mixin.py:188} INFO - [2024-05-24T15:18:13.889+0000] {dagbag.py:545} INFO - Filling up the DagBag from /usr/local/python/3.10.13/lib/python3.10/site-packages/airflow/example_dags/example_bash_operator.py
[2024-05-24T15:18:13.901+0000] {processor.py:840} INFO - DAG(s) 'example_bash_operator' retrieved from /usr/local/python/3.10.13/lib/python3.10/site-packages/airflow/example_dags/example_bash_operator.py
[2024-05-24T15:18:13.920+0000] {logging_mixin.py:188} INFO - [2024-05-24T15:18:13.920+0000] {dag.py:3096} INFO - Sync 1 DAGs
[2024-05-24T15:18:13.936+0000] {logging_mixin.py:188} INFO - [2024-05-24T15:18:13.936+0000] {dag.py:3954} INFO - Setting next_dagrun for example_bash_operator to 2024-05-23 00:00:00+00:00, run_after=2024-05-24 00:00:00+00:00
[2024-05-24T15:18:13.974+0000] {processor.py:183} INFO - Processing /usr/local/python/3.10.13/lib/python3.10/site-packages/airflow/example_dags/example_bash_operator.py took 0.096 seconds
[2024-05-24T15:19:19.869+0000] {processor.py:161} INFO - Started process (PID=76593) to work on /usr/local/python/3.10.13/lib/python3.10/site-packages/airflow/example_dags/example_bash_operator.py
[2024-05-24T15:19:19.870+0000] {processor.py:830} INFO - Processing file /usr/local/python/3.10.13/lib/python3.10/site-packages/airflow/example_dags/example_bash_operator.py for tasks to queue
[2024-05-24T15:19:19.872+0000] {logging_mixin.py:188} INFO - [2024-05-24T15:19:19.872+0000] {dagbag.py:545} INFO - Filling up the DagBag from /usr/local/python/3.10.13/lib/python3.10/site-packages/airflow/example_dags/example_bash_operator.py
[2024-05-24T15:19:19.887+0000] {processor.py:840} INFO - DAG(s) 'example_bash_operator' retrieved from /usr/local/python/3.10.13/lib/python3.10/site-packages/airflow/example_dags/example_bash_operator.py
[2024-05-24T15:19:19.918+0000] {logging_mixin.py:188} INFO - [2024-05-24T15:19:19.918+0000] {dag.py:3096} INFO - Sync 1 DAGs
[2024-05-24T15:19:19.943+0000] {logging_mixin.py:188} INFO - [2024-05-24T15:19:19.943+0000] {dag.py:3954} INFO - Setting next_dagrun for example_bash_operator to 2024-05-23 00:00:00+00:00, run_after=2024-05-24 00:00:00+00:00
[2024-05-24T15:19:19.984+0000] {processor.py:183} INFO - Processing /usr/local/python/3.10.13/lib/python3.10/site-packages/airflow/example_dags/example_bash_operator.py took 0.122 seconds
[2024-05-24T15:20:21.935+0000] {processor.py:161} INFO - Started process (PID=77051) to work on /usr/local/python/3.10.13/lib/python3.10/site-packages/airflow/example_dags/example_bash_operator.py
[2024-05-24T15:20:21.936+0000] {processor.py:830} INFO - Processing file /usr/local/python/3.10.13/lib/python3.10/site-packages/airflow/example_dags/example_bash_operator.py for tasks to queue
[2024-05-24T15:20:21.937+0000] {logging_mixin.py:188} INFO - [2024-05-24T15:20:21.937+0000] {dagbag.py:545} INFO - Filling up the DagBag from /usr/local/python/3.10.13/lib/python3.10/site-packages/airflow/example_dags/example_bash_operator.py
[2024-05-24T15:20:21.948+0000] {processor.py:840} INFO - DAG(s) 'example_bash_operator' retrieved from /usr/local/python/3.10.13/lib/python3.10/site-packages/airflow/example_dags/example_bash_operator.py
[2024-05-24T15:20:21.967+0000] {logging_mixin.py:188} INFO - [2024-05-24T15:20:21.966+0000] {dag.py:3096} INFO - Sync 1 DAGs
[2024-05-24T15:20:21.983+0000] {logging_mixin.py:188} INFO - [2024-05-24T15:20:21.983+0000] {dag.py:3954} INFO - Setting next_dagrun for example_bash_operator to 2024-05-23 00:00:00+00:00, run_after=2024-05-24 00:00:00+00:00
[2024-05-24T15:20:22.022+0000] {processor.py:183} INFO - Processing /usr/local/python/3.10.13/lib/python3.10/site-packages/airflow/example_dags/example_bash_operator.py took 0.091 seconds
[2024-05-24T15:21:22.836+0000] {processor.py:161} INFO - Started process (PID=77511) to work on /usr/local/python/3.10.13/lib/python3.10/site-packages/airflow/example_dags/example_bash_operator.py
[2024-05-24T15:21:22.837+0000] {processor.py:830} INFO - Processing file /usr/local/python/3.10.13/lib/python3.10/site-packages/airflow/example_dags/example_bash_operator.py for tasks to queue
[2024-05-24T15:21:22.838+0000] {logging_mixin.py:188} INFO - [2024-05-24T15:21:22.837+0000] {dagbag.py:545} INFO - Filling up the DagBag from /usr/local/python/3.10.13/lib/python3.10/site-packages/airflow/example_dags/example_bash_operator.py
[2024-05-24T15:21:22.847+0000] {processor.py:840} INFO - DAG(s) 'example_bash_operator' retrieved from /usr/local/python/3.10.13/lib/python3.10/site-packages/airflow/example_dags/example_bash_operator.py
[2024-05-24T15:21:22.867+0000] {logging_mixin.py:188} INFO - [2024-05-24T15:21:22.867+0000] {dag.py:3096} INFO - Sync 1 DAGs
[2024-05-24T15:21:22.883+0000] {logging_mixin.py:188} INFO - [2024-05-24T15:21:22.883+0000] {dag.py:3954} INFO - Setting next_dagrun for example_bash_operator to 2024-05-23 00:00:00+00:00, run_after=2024-05-24 00:00:00+00:00
[2024-05-24T15:21:22.927+0000] {processor.py:183} INFO - Processing /usr/local/python/3.10.13/lib/python3.10/site-packages/airflow/example_dags/example_bash_operator.py took 0.095 seconds
[2024-05-24T15:22:27.294+0000] {processor.py:161} INFO - Started process (PID=77981) to work on /usr/local/python/3.10.13/lib/python3.10/site-packages/airflow/example_dags/example_bash_operator.py
[2024-05-24T15:22:27.295+0000] {processor.py:830} INFO - Processing file /usr/local/python/3.10.13/lib/python3.10/site-packages/airflow/example_dags/example_bash_operator.py for tasks to queue
[2024-05-24T15:22:27.296+0000] {logging_mixin.py:188} INFO - [2024-05-24T15:22:27.296+0000] {dagbag.py:545} INFO - Filling up the DagBag from /usr/local/python/3.10.13/lib/python3.10/site-packages/airflow/example_dags/example_bash_operator.py
[2024-05-24T15:22:27.305+0000] {processor.py:840} INFO - DAG(s) 'example_bash_operator' retrieved from /usr/local/python/3.10.13/lib/python3.10/site-packages/airflow/example_dags/example_bash_operator.py
[2024-05-24T15:22:27.324+0000] {logging_mixin.py:188} INFO - [2024-05-24T15:22:27.324+0000] {dag.py:3096} INFO - Sync 1 DAGs
[2024-05-24T15:22:27.341+0000] {logging_mixin.py:188} INFO - [2024-05-24T15:22:27.341+0000] {dag.py:3954} INFO - Setting next_dagrun for example_bash_operator to 2024-05-23 00:00:00+00:00, run_after=2024-05-24 00:00:00+00:00
[2024-05-24T15:22:27.381+0000] {processor.py:183} INFO - Processing /usr/local/python/3.10.13/lib/python3.10/site-packages/airflow/example_dags/example_bash_operator.py took 0.091 seconds
[2024-05-24T15:23:30.227+0000] {processor.py:161} INFO - Started process (PID=78462) to work on /usr/local/python/3.10.13/lib/python3.10/site-packages/airflow/example_dags/example_bash_operator.py
[2024-05-24T15:23:30.228+0000] {processor.py:830} INFO - Processing file /usr/local/python/3.10.13/lib/python3.10/site-packages/airflow/example_dags/example_bash_operator.py for tasks to queue
[2024-05-24T15:23:30.229+0000] {logging_mixin.py:188} INFO - [2024-05-24T15:23:30.229+0000] {dagbag.py:545} INFO - Filling up the DagBag from /usr/local/python/3.10.13/lib/python3.10/site-packages/airflow/example_dags/example_bash_operator.py
[2024-05-24T15:23:30.239+0000] {processor.py:840} INFO - DAG(s) 'example_bash_operator' retrieved from /usr/local/python/3.10.13/lib/python3.10/site-packages/airflow/example_dags/example_bash_operator.py
[2024-05-24T15:23:30.258+0000] {logging_mixin.py:188} INFO - [2024-05-24T15:23:30.258+0000] {dag.py:3096} INFO - Sync 1 DAGs
[2024-05-24T15:23:30.274+0000] {logging_mixin.py:188} INFO - [2024-05-24T15:23:30.274+0000] {dag.py:3954} INFO - Setting next_dagrun for example_bash_operator to 2024-05-23 00:00:00+00:00, run_after=2024-05-24 00:00:00+00:00
[2024-05-24T15:23:30.315+0000] {processor.py:183} INFO - Processing /usr/local/python/3.10.13/lib/python3.10/site-packages/airflow/example_dags/example_bash_operator.py took 0.093 seconds
[2024-05-24T15:24:37.623+0000] {processor.py:161} INFO - Started process (PID=78967) to work on /usr/local/python/3.10.13/lib/python3.10/site-packages/airflow/example_dags/example_bash_operator.py
[2024-05-24T15:24:37.624+0000] {processor.py:830} INFO - Processing file /usr/local/python/3.10.13/lib/python3.10/site-packages/airflow/example_dags/example_bash_operator.py for tasks to queue
[2024-05-24T15:24:37.625+0000] {logging_mixin.py:188} INFO - [2024-05-24T15:24:37.625+0000] {dagbag.py:545} INFO - Filling up the DagBag from /usr/local/python/3.10.13/lib/python3.10/site-packages/airflow/example_dags/example_bash_operator.py
[2024-05-24T15:24:37.634+0000] {processor.py:840} INFO - DAG(s) 'example_bash_operator' retrieved from /usr/local/python/3.10.13/lib/python3.10/site-packages/airflow/example_dags/example_bash_operator.py
[2024-05-24T15:24:37.653+0000] {logging_mixin.py:188} INFO - [2024-05-24T15:24:37.653+0000] {dag.py:3096} INFO - Sync 1 DAGs
[2024-05-24T15:24:37.670+0000] {logging_mixin.py:188} INFO - [2024-05-24T15:24:37.669+0000] {dag.py:3954} INFO - Setting next_dagrun for example_bash_operator to 2024-05-23 00:00:00+00:00, run_after=2024-05-24 00:00:00+00:00
[2024-05-24T15:24:37.709+0000] {processor.py:183} INFO - Processing /usr/local/python/3.10.13/lib/python3.10/site-packages/airflow/example_dags/example_bash_operator.py took 0.091 seconds
[2024-05-24T15:25:42.082+0000] {processor.py:161} INFO - Started process (PID=79441) to work on /usr/local/python/3.10.13/lib/python3.10/site-packages/airflow/example_dags/example_bash_operator.py
[2024-05-24T15:25:42.083+0000] {processor.py:830} INFO - Processing file /usr/local/python/3.10.13/lib/python3.10/site-packages/airflow/example_dags/example_bash_operator.py for tasks to queue
[2024-05-24T15:25:42.084+0000] {logging_mixin.py:188} INFO - [2024-05-24T15:25:42.084+0000] {dagbag.py:545} INFO - Filling up the DagBag from /usr/local/python/3.10.13/lib/python3.10/site-packages/airflow/example_dags/example_bash_operator.py
[2024-05-24T15:25:42.093+0000] {processor.py:840} INFO - DAG(s) 'example_bash_operator' retrieved from /usr/local/python/3.10.13/lib/python3.10/site-packages/airflow/example_dags/example_bash_operator.py
[2024-05-24T15:25:42.117+0000] {logging_mixin.py:188} INFO - [2024-05-24T15:25:42.116+0000] {dag.py:3096} INFO - Sync 1 DAGs
[2024-05-24T15:25:42.144+0000] {logging_mixin.py:188} INFO - [2024-05-24T15:25:42.144+0000] {dag.py:3954} INFO - Setting next_dagrun for example_bash_operator to 2024-05-23 00:00:00+00:00, run_after=2024-05-24 00:00:00+00:00
[2024-05-24T15:25:42.186+0000] {processor.py:183} INFO - Processing /usr/local/python/3.10.13/lib/python3.10/site-packages/airflow/example_dags/example_bash_operator.py took 0.108 seconds
[2024-05-24T15:26:38.254+0000] {processor.py:161} INFO - Started process (PID=79884) to work on /usr/local/python/3.10.13/lib/python3.10/site-packages/airflow/example_dags/example_bash_operator.py
[2024-05-24T15:26:38.255+0000] {processor.py:830} INFO - Processing file /usr/local/python/3.10.13/lib/python3.10/site-packages/airflow/example_dags/example_bash_operator.py for tasks to queue
[2024-05-24T15:26:38.256+0000] {logging_mixin.py:188} INFO - [2024-05-24T15:26:38.256+0000] {dagbag.py:545} INFO - Filling up the DagBag from /usr/local/python/3.10.13/lib/python3.10/site-packages/airflow/example_dags/example_bash_operator.py
[2024-05-24T15:26:38.266+0000] {processor.py:840} INFO - DAG(s) 'example_bash_operator' retrieved from /usr/local/python/3.10.13/lib/python3.10/site-packages/airflow/example_dags/example_bash_operator.py
[2024-05-24T15:26:38.286+0000] {logging_mixin.py:188} INFO - [2024-05-24T15:26:38.286+0000] {dag.py:3096} INFO - Sync 1 DAGs
[2024-05-24T15:26:38.302+0000] {logging_mixin.py:188} INFO - [2024-05-24T15:26:38.302+0000] {dag.py:3954} INFO - Setting next_dagrun for example_bash_operator to 2024-05-23 00:00:00+00:00, run_after=2024-05-24 00:00:00+00:00
[2024-05-24T15:26:38.340+0000] {processor.py:183} INFO - Processing /usr/local/python/3.10.13/lib/python3.10/site-packages/airflow/example_dags/example_bash_operator.py took 0.091 seconds
[2024-05-24T15:27:39.030+0000] {processor.py:161} INFO - Started process (PID=80334) to work on /usr/local/python/3.10.13/lib/python3.10/site-packages/airflow/example_dags/example_bash_operator.py
[2024-05-24T15:27:39.030+0000] {processor.py:830} INFO - Processing file /usr/local/python/3.10.13/lib/python3.10/site-packages/airflow/example_dags/example_bash_operator.py for tasks to queue
[2024-05-24T15:27:39.032+0000] {logging_mixin.py:188} INFO - [2024-05-24T15:27:39.031+0000] {dagbag.py:545} INFO - Filling up the DagBag from /usr/local/python/3.10.13/lib/python3.10/site-packages/airflow/example_dags/example_bash_operator.py
[2024-05-24T15:27:39.041+0000] {processor.py:840} INFO - DAG(s) 'example_bash_operator' retrieved from /usr/local/python/3.10.13/lib/python3.10/site-packages/airflow/example_dags/example_bash_operator.py
[2024-05-24T15:27:39.060+0000] {logging_mixin.py:188} INFO - [2024-05-24T15:27:39.060+0000] {dag.py:3096} INFO - Sync 1 DAGs
[2024-05-24T15:27:39.076+0000] {logging_mixin.py:188} INFO - [2024-05-24T15:27:39.076+0000] {dag.py:3954} INFO - Setting next_dagrun for example_bash_operator to 2024-05-23 00:00:00+00:00, run_after=2024-05-24 00:00:00+00:00
[2024-05-24T15:27:39.114+0000] {processor.py:183} INFO - Processing /usr/local/python/3.10.13/lib/python3.10/site-packages/airflow/example_dags/example_bash_operator.py took 0.089 seconds
[2024-05-24T15:28:40.992+0000] {processor.py:161} INFO - Started process (PID=80795) to work on /usr/local/python/3.10.13/lib/python3.10/site-packages/airflow/example_dags/example_bash_operator.py
[2024-05-24T15:28:40.992+0000] {processor.py:830} INFO - Processing file /usr/local/python/3.10.13/lib/python3.10/site-packages/airflow/example_dags/example_bash_operator.py for tasks to queue
[2024-05-24T15:28:40.994+0000] {logging_mixin.py:188} INFO - [2024-05-24T15:28:40.993+0000] {dagbag.py:545} INFO - Filling up the DagBag from /usr/local/python/3.10.13/lib/python3.10/site-packages/airflow/example_dags/example_bash_operator.py
[2024-05-24T15:28:41.003+0000] {processor.py:840} INFO - DAG(s) 'example_bash_operator' retrieved from /usr/local/python/3.10.13/lib/python3.10/site-packages/airflow/example_dags/example_bash_operator.py
[2024-05-24T15:28:41.024+0000] {logging_mixin.py:188} INFO - [2024-05-24T15:28:41.024+0000] {dag.py:3096} INFO - Sync 1 DAGs
[2024-05-24T15:28:41.041+0000] {logging_mixin.py:188} INFO - [2024-05-24T15:28:41.040+0000] {dag.py:3954} INFO - Setting next_dagrun for example_bash_operator to 2024-05-23 00:00:00+00:00, run_after=2024-05-24 00:00:00+00:00
[2024-05-24T15:28:41.082+0000] {processor.py:183} INFO - Processing /usr/local/python/3.10.13/lib/python3.10/site-packages/airflow/example_dags/example_bash_operator.py took 0.095 seconds
