[2024-05-24T14:42:31.203+0000] {processor.py:161} INFO - Started process (PID=58272) to work on /usr/local/python/3.10.13/lib/python3.10/site-packages/airflow/example_dags/example_time_delta_sensor_async.py
[2024-05-24T14:42:31.204+0000] {processor.py:830} INFO - Processing file /usr/local/python/3.10.13/lib/python3.10/site-packages/airflow/example_dags/example_time_delta_sensor_async.py for tasks to queue
[2024-05-24T14:42:31.205+0000] {logging_mixin.py:188} INFO - [2024-05-24T14:42:31.205+0000] {dagbag.py:545} INFO - Filling up the DagBag from /usr/local/python/3.10.13/lib/python3.10/site-packages/airflow/example_dags/example_time_delta_sensor_async.py
[2024-05-24T14:42:31.208+0000] {processor.py:840} INFO - DAG(s) 'example_time_delta_sensor_async' retrieved from /usr/local/python/3.10.13/lib/python3.10/site-packages/airflow/example_dags/example_time_delta_sensor_async.py
[2024-05-24T14:42:31.424+0000] {logging_mixin.py:188} INFO - [2024-05-24T14:42:31.423+0000] {override.py:1829} INFO - Created Permission View: can read on DAG:example_time_delta_sensor_async
[2024-05-24T14:42:31.460+0000] {logging_mixin.py:188} INFO - [2024-05-24T14:42:31.460+0000] {override.py:1829} INFO - Created Permission View: can edit on DAG:example_time_delta_sensor_async
[2024-05-24T14:42:31.488+0000] {logging_mixin.py:188} INFO - [2024-05-24T14:42:31.488+0000] {override.py:1829} INFO - Created Permission View: can delete on DAG:example_time_delta_sensor_async
[2024-05-24T14:42:31.489+0000] {logging_mixin.py:188} INFO - [2024-05-24T14:42:31.489+0000] {dag.py:3096} INFO - Sync 1 DAGs
[2024-05-24T14:42:31.496+0000] {logging_mixin.py:188} INFO - [2024-05-24T14:42:31.496+0000] {dag.py:3118} INFO - Creating ORM DAG for example_time_delta_sensor_async
[2024-05-24T14:42:31.497+0000] {logging_mixin.py:188} INFO - [2024-05-24T14:42:31.497+0000] {dag.py:3954} INFO - Setting next_dagrun for example_time_delta_sensor_async to None, run_after=None
[2024-05-24T14:42:31.540+0000] {processor.py:183} INFO - Processing /usr/local/python/3.10.13/lib/python3.10/site-packages/airflow/example_dags/example_time_delta_sensor_async.py took 0.342 seconds
[2024-05-24T14:43:35.545+0000] {processor.py:161} INFO - Started process (PID=58707) to work on /usr/local/python/3.10.13/lib/python3.10/site-packages/airflow/example_dags/example_time_delta_sensor_async.py
[2024-05-24T14:43:35.546+0000] {processor.py:830} INFO - Processing file /usr/local/python/3.10.13/lib/python3.10/site-packages/airflow/example_dags/example_time_delta_sensor_async.py for tasks to queue
[2024-05-24T14:43:35.547+0000] {logging_mixin.py:188} INFO - [2024-05-24T14:43:35.547+0000] {dagbag.py:545} INFO - Filling up the DagBag from /usr/local/python/3.10.13/lib/python3.10/site-packages/airflow/example_dags/example_time_delta_sensor_async.py
[2024-05-24T14:43:35.550+0000] {processor.py:840} INFO - DAG(s) 'example_time_delta_sensor_async' retrieved from /usr/local/python/3.10.13/lib/python3.10/site-packages/airflow/example_dags/example_time_delta_sensor_async.py
[2024-05-24T14:43:35.561+0000] {logging_mixin.py:188} INFO - [2024-05-24T14:43:35.561+0000] {dag.py:3096} INFO - Sync 1 DAGs
[2024-05-24T14:43:35.570+0000] {logging_mixin.py:188} INFO - [2024-05-24T14:43:35.570+0000] {dag.py:3954} INFO - Setting next_dagrun for example_time_delta_sensor_async to None, run_after=None
[2024-05-24T14:43:35.609+0000] {processor.py:183} INFO - Processing /usr/local/python/3.10.13/lib/python3.10/site-packages/airflow/example_dags/example_time_delta_sensor_async.py took 0.069 seconds
[2024-05-24T14:44:25.903+0000] {processor.py:161} INFO - Started process (PID=59188) to work on /usr/local/python/3.10.13/lib/python3.10/site-packages/airflow/example_dags/example_time_delta_sensor_async.py
[2024-05-24T14:44:25.904+0000] {processor.py:830} INFO - Processing file /usr/local/python/3.10.13/lib/python3.10/site-packages/airflow/example_dags/example_time_delta_sensor_async.py for tasks to queue
[2024-05-24T14:44:25.906+0000] {logging_mixin.py:188} INFO - [2024-05-24T14:44:25.905+0000] {dagbag.py:545} INFO - Filling up the DagBag from /usr/local/python/3.10.13/lib/python3.10/site-packages/airflow/example_dags/example_time_delta_sensor_async.py
[2024-05-24T14:44:25.909+0000] {processor.py:840} INFO - DAG(s) 'example_time_delta_sensor_async' retrieved from /usr/local/python/3.10.13/lib/python3.10/site-packages/airflow/example_dags/example_time_delta_sensor_async.py
[2024-05-24T14:44:25.921+0000] {logging_mixin.py:188} INFO - [2024-05-24T14:44:25.920+0000] {dag.py:3096} INFO - Sync 1 DAGs
[2024-05-24T14:44:25.930+0000] {logging_mixin.py:188} INFO - [2024-05-24T14:44:25.930+0000] {dag.py:3954} INFO - Setting next_dagrun for example_time_delta_sensor_async to None, run_after=None
[2024-05-24T14:44:25.969+0000] {processor.py:183} INFO - Processing /usr/local/python/3.10.13/lib/python3.10/site-packages/airflow/example_dags/example_time_delta_sensor_async.py took 0.071 seconds
[2024-05-24T14:45:11.095+0000] {processor.py:161} INFO - Started process (PID=59655) to work on /usr/local/python/3.10.13/lib/python3.10/site-packages/airflow/example_dags/example_time_delta_sensor_async.py
[2024-05-24T14:45:11.096+0000] {processor.py:830} INFO - Processing file /usr/local/python/3.10.13/lib/python3.10/site-packages/airflow/example_dags/example_time_delta_sensor_async.py for tasks to queue
[2024-05-24T14:45:11.097+0000] {logging_mixin.py:188} INFO - [2024-05-24T14:45:11.097+0000] {dagbag.py:545} INFO - Filling up the DagBag from /usr/local/python/3.10.13/lib/python3.10/site-packages/airflow/example_dags/example_time_delta_sensor_async.py
[2024-05-24T14:45:11.101+0000] {processor.py:840} INFO - DAG(s) 'example_time_delta_sensor_async' retrieved from /usr/local/python/3.10.13/lib/python3.10/site-packages/airflow/example_dags/example_time_delta_sensor_async.py
[2024-05-24T14:45:11.112+0000] {logging_mixin.py:188} INFO - [2024-05-24T14:45:11.112+0000] {dag.py:3096} INFO - Sync 1 DAGs
[2024-05-24T14:45:11.122+0000] {logging_mixin.py:188} INFO - [2024-05-24T14:45:11.121+0000] {dag.py:3954} INFO - Setting next_dagrun for example_time_delta_sensor_async to None, run_after=None
[2024-05-24T14:45:11.161+0000] {processor.py:183} INFO - Processing /usr/local/python/3.10.13/lib/python3.10/site-packages/airflow/example_dags/example_time_delta_sensor_async.py took 0.070 seconds
[2024-05-24T14:45:56.053+0000] {processor.py:161} INFO - Started process (PID=60123) to work on /usr/local/python/3.10.13/lib/python3.10/site-packages/airflow/example_dags/example_time_delta_sensor_async.py
[2024-05-24T14:45:56.054+0000] {processor.py:830} INFO - Processing file /usr/local/python/3.10.13/lib/python3.10/site-packages/airflow/example_dags/example_time_delta_sensor_async.py for tasks to queue
[2024-05-24T14:45:56.055+0000] {logging_mixin.py:188} INFO - [2024-05-24T14:45:56.055+0000] {dagbag.py:545} INFO - Filling up the DagBag from /usr/local/python/3.10.13/lib/python3.10/site-packages/airflow/example_dags/example_time_delta_sensor_async.py
[2024-05-24T14:45:56.059+0000] {processor.py:840} INFO - DAG(s) 'example_time_delta_sensor_async' retrieved from /usr/local/python/3.10.13/lib/python3.10/site-packages/airflow/example_dags/example_time_delta_sensor_async.py
[2024-05-24T14:45:56.070+0000] {logging_mixin.py:188} INFO - [2024-05-24T14:45:56.070+0000] {dag.py:3096} INFO - Sync 1 DAGs
[2024-05-24T14:45:56.079+0000] {logging_mixin.py:188} INFO - [2024-05-24T14:45:56.079+0000] {dag.py:3954} INFO - Setting next_dagrun for example_time_delta_sensor_async to None, run_after=None
[2024-05-24T14:45:56.118+0000] {processor.py:183} INFO - Processing /usr/local/python/3.10.13/lib/python3.10/site-packages/airflow/example_dags/example_time_delta_sensor_async.py took 0.070 seconds
[2024-05-24T14:46:39.293+0000] {processor.py:161} INFO - Started process (PID=60519) to work on /usr/local/python/3.10.13/lib/python3.10/site-packages/airflow/example_dags/example_time_delta_sensor_async.py
[2024-05-24T14:46:39.294+0000] {processor.py:830} INFO - Processing file /usr/local/python/3.10.13/lib/python3.10/site-packages/airflow/example_dags/example_time_delta_sensor_async.py for tasks to queue
[2024-05-24T14:46:39.295+0000] {logging_mixin.py:188} INFO - [2024-05-24T14:46:39.295+0000] {dagbag.py:545} INFO - Filling up the DagBag from /usr/local/python/3.10.13/lib/python3.10/site-packages/airflow/example_dags/example_time_delta_sensor_async.py
[2024-05-24T14:46:39.299+0000] {processor.py:840} INFO - DAG(s) 'example_time_delta_sensor_async' retrieved from /usr/local/python/3.10.13/lib/python3.10/site-packages/airflow/example_dags/example_time_delta_sensor_async.py
[2024-05-24T14:46:39.311+0000] {logging_mixin.py:188} INFO - [2024-05-24T14:46:39.311+0000] {dag.py:3096} INFO - Sync 1 DAGs
[2024-05-24T14:46:39.320+0000] {logging_mixin.py:188} INFO - [2024-05-24T14:46:39.320+0000] {dag.py:3954} INFO - Setting next_dagrun for example_time_delta_sensor_async to None, run_after=None
[2024-05-24T14:46:39.363+0000] {processor.py:183} INFO - Processing /usr/local/python/3.10.13/lib/python3.10/site-packages/airflow/example_dags/example_time_delta_sensor_async.py took 0.075 seconds
[2024-05-24T14:47:20.697+0000] {processor.py:161} INFO - Started process (PID=60924) to work on /usr/local/python/3.10.13/lib/python3.10/site-packages/airflow/example_dags/example_time_delta_sensor_async.py
[2024-05-24T14:47:20.698+0000] {processor.py:830} INFO - Processing file /usr/local/python/3.10.13/lib/python3.10/site-packages/airflow/example_dags/example_time_delta_sensor_async.py for tasks to queue
[2024-05-24T14:47:20.699+0000] {logging_mixin.py:188} INFO - [2024-05-24T14:47:20.699+0000] {dagbag.py:545} INFO - Filling up the DagBag from /usr/local/python/3.10.13/lib/python3.10/site-packages/airflow/example_dags/example_time_delta_sensor_async.py
[2024-05-24T14:47:20.703+0000] {processor.py:840} INFO - DAG(s) 'example_time_delta_sensor_async' retrieved from /usr/local/python/3.10.13/lib/python3.10/site-packages/airflow/example_dags/example_time_delta_sensor_async.py
[2024-05-24T14:47:20.714+0000] {logging_mixin.py:188} INFO - [2024-05-24T14:47:20.714+0000] {dag.py:3096} INFO - Sync 1 DAGs
[2024-05-24T14:47:20.724+0000] {logging_mixin.py:188} INFO - [2024-05-24T14:47:20.723+0000] {dag.py:3954} INFO - Setting next_dagrun for example_time_delta_sensor_async to None, run_after=None
[2024-05-24T14:47:20.761+0000] {processor.py:183} INFO - Processing /usr/local/python/3.10.13/lib/python3.10/site-packages/airflow/example_dags/example_time_delta_sensor_async.py took 0.070 seconds
[2024-05-24T14:48:01.503+0000] {processor.py:161} INFO - Started process (PID=61256) to work on /usr/local/python/3.10.13/lib/python3.10/site-packages/airflow/example_dags/example_time_delta_sensor_async.py
[2024-05-24T14:48:01.503+0000] {processor.py:830} INFO - Processing file /usr/local/python/3.10.13/lib/python3.10/site-packages/airflow/example_dags/example_time_delta_sensor_async.py for tasks to queue
[2024-05-24T14:48:01.505+0000] {logging_mixin.py:188} INFO - [2024-05-24T14:48:01.504+0000] {dagbag.py:545} INFO - Filling up the DagBag from /usr/local/python/3.10.13/lib/python3.10/site-packages/airflow/example_dags/example_time_delta_sensor_async.py
[2024-05-24T14:48:01.509+0000] {processor.py:840} INFO - DAG(s) 'example_time_delta_sensor_async' retrieved from /usr/local/python/3.10.13/lib/python3.10/site-packages/airflow/example_dags/example_time_delta_sensor_async.py
[2024-05-24T14:48:01.520+0000] {logging_mixin.py:188} INFO - [2024-05-24T14:48:01.520+0000] {dag.py:3096} INFO - Sync 1 DAGs
[2024-05-24T14:48:01.529+0000] {logging_mixin.py:188} INFO - [2024-05-24T14:48:01.529+0000] {dag.py:3954} INFO - Setting next_dagrun for example_time_delta_sensor_async to None, run_after=None
[2024-05-24T14:48:01.572+0000] {processor.py:183} INFO - Processing /usr/local/python/3.10.13/lib/python3.10/site-packages/airflow/example_dags/example_time_delta_sensor_async.py took 0.074 seconds
[2024-05-24T14:48:52.389+0000] {processor.py:161} INFO - Started process (PID=61782) to work on /usr/local/python/3.10.13/lib/python3.10/site-packages/airflow/example_dags/example_time_delta_sensor_async.py
[2024-05-24T14:48:52.390+0000] {processor.py:830} INFO - Processing file /usr/local/python/3.10.13/lib/python3.10/site-packages/airflow/example_dags/example_time_delta_sensor_async.py for tasks to queue
[2024-05-24T14:48:52.391+0000] {logging_mixin.py:188} INFO - [2024-05-24T14:48:52.391+0000] {dagbag.py:545} INFO - Filling up the DagBag from /usr/local/python/3.10.13/lib/python3.10/site-packages/airflow/example_dags/example_time_delta_sensor_async.py
[2024-05-24T14:48:52.395+0000] {processor.py:840} INFO - DAG(s) 'example_time_delta_sensor_async' retrieved from /usr/local/python/3.10.13/lib/python3.10/site-packages/airflow/example_dags/example_time_delta_sensor_async.py
[2024-05-24T14:48:52.406+0000] {logging_mixin.py:188} INFO - [2024-05-24T14:48:52.406+0000] {dag.py:3096} INFO - Sync 1 DAGs
[2024-05-24T14:48:52.415+0000] {logging_mixin.py:188} INFO - [2024-05-24T14:48:52.415+0000] {dag.py:3954} INFO - Setting next_dagrun for example_time_delta_sensor_async to None, run_after=None
[2024-05-24T14:48:52.454+0000] {processor.py:183} INFO - Processing /usr/local/python/3.10.13/lib/python3.10/site-packages/airflow/example_dags/example_time_delta_sensor_async.py took 0.069 seconds
[2024-05-24T14:49:34.266+0000] {processor.py:161} INFO - Started process (PID=62230) to work on /usr/local/python/3.10.13/lib/python3.10/site-packages/airflow/example_dags/example_time_delta_sensor_async.py
[2024-05-24T14:49:34.266+0000] {processor.py:830} INFO - Processing file /usr/local/python/3.10.13/lib/python3.10/site-packages/airflow/example_dags/example_time_delta_sensor_async.py for tasks to queue
[2024-05-24T14:49:34.268+0000] {logging_mixin.py:188} INFO - [2024-05-24T14:49:34.267+0000] {dagbag.py:545} INFO - Filling up the DagBag from /usr/local/python/3.10.13/lib/python3.10/site-packages/airflow/example_dags/example_time_delta_sensor_async.py
[2024-05-24T14:49:34.271+0000] {processor.py:840} INFO - DAG(s) 'example_time_delta_sensor_async' retrieved from /usr/local/python/3.10.13/lib/python3.10/site-packages/airflow/example_dags/example_time_delta_sensor_async.py
[2024-05-24T14:49:34.284+0000] {logging_mixin.py:188} INFO - [2024-05-24T14:49:34.283+0000] {dag.py:3096} INFO - Sync 1 DAGs
[2024-05-24T14:49:34.293+0000] {logging_mixin.py:188} INFO - [2024-05-24T14:49:34.293+0000] {dag.py:3954} INFO - Setting next_dagrun for example_time_delta_sensor_async to None, run_after=None
[2024-05-24T14:49:34.341+0000] {processor.py:183} INFO - Processing /usr/local/python/3.10.13/lib/python3.10/site-packages/airflow/example_dags/example_time_delta_sensor_async.py took 0.081 seconds
[2024-05-24T14:50:15.534+0000] {processor.py:161} INFO - Started process (PID=62618) to work on /usr/local/python/3.10.13/lib/python3.10/site-packages/airflow/example_dags/example_time_delta_sensor_async.py
[2024-05-24T14:50:15.535+0000] {processor.py:830} INFO - Processing file /usr/local/python/3.10.13/lib/python3.10/site-packages/airflow/example_dags/example_time_delta_sensor_async.py for tasks to queue
[2024-05-24T14:50:15.536+0000] {logging_mixin.py:188} INFO - [2024-05-24T14:50:15.536+0000] {dagbag.py:545} INFO - Filling up the DagBag from /usr/local/python/3.10.13/lib/python3.10/site-packages/airflow/example_dags/example_time_delta_sensor_async.py
[2024-05-24T14:50:15.540+0000] {processor.py:840} INFO - DAG(s) 'example_time_delta_sensor_async' retrieved from /usr/local/python/3.10.13/lib/python3.10/site-packages/airflow/example_dags/example_time_delta_sensor_async.py
[2024-05-24T14:50:15.551+0000] {logging_mixin.py:188} INFO - [2024-05-24T14:50:15.551+0000] {dag.py:3096} INFO - Sync 1 DAGs
[2024-05-24T14:50:15.561+0000] {logging_mixin.py:188} INFO - [2024-05-24T14:50:15.561+0000] {dag.py:3954} INFO - Setting next_dagrun for example_time_delta_sensor_async to None, run_after=None
[2024-05-24T14:50:15.598+0000] {processor.py:183} INFO - Processing /usr/local/python/3.10.13/lib/python3.10/site-packages/airflow/example_dags/example_time_delta_sensor_async.py took 0.069 seconds
[2024-05-24T14:50:56.276+0000] {processor.py:161} INFO - Started process (PID=62898) to work on /usr/local/python/3.10.13/lib/python3.10/site-packages/airflow/example_dags/example_time_delta_sensor_async.py
[2024-05-24T14:50:56.277+0000] {processor.py:830} INFO - Processing file /usr/local/python/3.10.13/lib/python3.10/site-packages/airflow/example_dags/example_time_delta_sensor_async.py for tasks to queue
[2024-05-24T14:50:56.278+0000] {logging_mixin.py:188} INFO - [2024-05-24T14:50:56.278+0000] {dagbag.py:545} INFO - Filling up the DagBag from /usr/local/python/3.10.13/lib/python3.10/site-packages/airflow/example_dags/example_time_delta_sensor_async.py
[2024-05-24T14:50:56.282+0000] {processor.py:840} INFO - DAG(s) 'example_time_delta_sensor_async' retrieved from /usr/local/python/3.10.13/lib/python3.10/site-packages/airflow/example_dags/example_time_delta_sensor_async.py
[2024-05-24T14:50:56.294+0000] {logging_mixin.py:188} INFO - [2024-05-24T14:50:56.293+0000] {dag.py:3096} INFO - Sync 1 DAGs
[2024-05-24T14:50:56.302+0000] {logging_mixin.py:188} INFO - [2024-05-24T14:50:56.302+0000] {dag.py:3954} INFO - Setting next_dagrun for example_time_delta_sensor_async to None, run_after=None
[2024-05-24T14:50:56.354+0000] {processor.py:183} INFO - Processing /usr/local/python/3.10.13/lib/python3.10/site-packages/airflow/example_dags/example_time_delta_sensor_async.py took 0.082 seconds
[2024-05-24T14:51:39.334+0000] {processor.py:161} INFO - Started process (PID=63262) to work on /usr/local/python/3.10.13/lib/python3.10/site-packages/airflow/example_dags/example_time_delta_sensor_async.py
[2024-05-24T14:51:39.335+0000] {processor.py:830} INFO - Processing file /usr/local/python/3.10.13/lib/python3.10/site-packages/airflow/example_dags/example_time_delta_sensor_async.py for tasks to queue
[2024-05-24T14:51:39.336+0000] {logging_mixin.py:188} INFO - [2024-05-24T14:51:39.336+0000] {dagbag.py:545} INFO - Filling up the DagBag from /usr/local/python/3.10.13/lib/python3.10/site-packages/airflow/example_dags/example_time_delta_sensor_async.py
[2024-05-24T14:51:39.341+0000] {processor.py:840} INFO - DAG(s) 'example_time_delta_sensor_async' retrieved from /usr/local/python/3.10.13/lib/python3.10/site-packages/airflow/example_dags/example_time_delta_sensor_async.py
[2024-05-24T14:51:39.353+0000] {logging_mixin.py:188} INFO - [2024-05-24T14:51:39.353+0000] {dag.py:3096} INFO - Sync 1 DAGs
[2024-05-24T14:51:39.362+0000] {logging_mixin.py:188} INFO - [2024-05-24T14:51:39.362+0000] {dag.py:3954} INFO - Setting next_dagrun for example_time_delta_sensor_async to None, run_after=None
[2024-05-24T14:51:39.400+0000] {processor.py:183} INFO - Processing /usr/local/python/3.10.13/lib/python3.10/site-packages/airflow/example_dags/example_time_delta_sensor_async.py took 0.071 seconds
[2024-05-24T14:52:18.510+0000] {processor.py:161} INFO - Started process (PID=63543) to work on /usr/local/python/3.10.13/lib/python3.10/site-packages/airflow/example_dags/example_time_delta_sensor_async.py
[2024-05-24T14:52:18.511+0000] {processor.py:830} INFO - Processing file /usr/local/python/3.10.13/lib/python3.10/site-packages/airflow/example_dags/example_time_delta_sensor_async.py for tasks to queue
[2024-05-24T14:52:18.512+0000] {logging_mixin.py:188} INFO - [2024-05-24T14:52:18.512+0000] {dagbag.py:545} INFO - Filling up the DagBag from /usr/local/python/3.10.13/lib/python3.10/site-packages/airflow/example_dags/example_time_delta_sensor_async.py
[2024-05-24T14:52:18.516+0000] {processor.py:840} INFO - DAG(s) 'example_time_delta_sensor_async' retrieved from /usr/local/python/3.10.13/lib/python3.10/site-packages/airflow/example_dags/example_time_delta_sensor_async.py
[2024-05-24T14:52:18.528+0000] {logging_mixin.py:188} INFO - [2024-05-24T14:52:18.528+0000] {dag.py:3096} INFO - Sync 1 DAGs
[2024-05-24T14:52:18.537+0000] {logging_mixin.py:188} INFO - [2024-05-24T14:52:18.537+0000] {dag.py:3954} INFO - Setting next_dagrun for example_time_delta_sensor_async to None, run_after=None
[2024-05-24T14:52:18.576+0000] {processor.py:183} INFO - Processing /usr/local/python/3.10.13/lib/python3.10/site-packages/airflow/example_dags/example_time_delta_sensor_async.py took 0.070 seconds
[2024-05-24T14:52:59.219+0000] {processor.py:161} INFO - Started process (PID=63894) to work on /usr/local/python/3.10.13/lib/python3.10/site-packages/airflow/example_dags/example_time_delta_sensor_async.py
[2024-05-24T14:52:59.220+0000] {processor.py:830} INFO - Processing file /usr/local/python/3.10.13/lib/python3.10/site-packages/airflow/example_dags/example_time_delta_sensor_async.py for tasks to queue
[2024-05-24T14:52:59.221+0000] {logging_mixin.py:188} INFO - [2024-05-24T14:52:59.221+0000] {dagbag.py:545} INFO - Filling up the DagBag from /usr/local/python/3.10.13/lib/python3.10/site-packages/airflow/example_dags/example_time_delta_sensor_async.py
[2024-05-24T14:52:59.225+0000] {processor.py:840} INFO - DAG(s) 'example_time_delta_sensor_async' retrieved from /usr/local/python/3.10.13/lib/python3.10/site-packages/airflow/example_dags/example_time_delta_sensor_async.py
[2024-05-24T14:52:59.237+0000] {logging_mixin.py:188} INFO - [2024-05-24T14:52:59.237+0000] {dag.py:3096} INFO - Sync 1 DAGs
[2024-05-24T14:52:59.246+0000] {logging_mixin.py:188} INFO - [2024-05-24T14:52:59.246+0000] {dag.py:3954} INFO - Setting next_dagrun for example_time_delta_sensor_async to None, run_after=None
[2024-05-24T14:52:59.284+0000] {processor.py:183} INFO - Processing /usr/local/python/3.10.13/lib/python3.10/site-packages/airflow/example_dags/example_time_delta_sensor_async.py took 0.070 seconds
[2024-05-24T14:53:40.640+0000] {processor.py:161} INFO - Started process (PID=64348) to work on /usr/local/python/3.10.13/lib/python3.10/site-packages/airflow/example_dags/example_time_delta_sensor_async.py
[2024-05-24T14:53:40.641+0000] {processor.py:830} INFO - Processing file /usr/local/python/3.10.13/lib/python3.10/site-packages/airflow/example_dags/example_time_delta_sensor_async.py for tasks to queue
[2024-05-24T14:53:40.642+0000] {logging_mixin.py:188} INFO - [2024-05-24T14:53:40.642+0000] {dagbag.py:545} INFO - Filling up the DagBag from /usr/local/python/3.10.13/lib/python3.10/site-packages/airflow/example_dags/example_time_delta_sensor_async.py
[2024-05-24T14:53:40.646+0000] {processor.py:840} INFO - DAG(s) 'example_time_delta_sensor_async' retrieved from /usr/local/python/3.10.13/lib/python3.10/site-packages/airflow/example_dags/example_time_delta_sensor_async.py
[2024-05-24T14:53:40.656+0000] {logging_mixin.py:188} INFO - [2024-05-24T14:53:40.656+0000] {dag.py:3096} INFO - Sync 1 DAGs
[2024-05-24T14:53:40.666+0000] {logging_mixin.py:188} INFO - [2024-05-24T14:53:40.666+0000] {dag.py:3954} INFO - Setting next_dagrun for example_time_delta_sensor_async to None, run_after=None
[2024-05-24T14:53:40.702+0000] {processor.py:183} INFO - Processing /usr/local/python/3.10.13/lib/python3.10/site-packages/airflow/example_dags/example_time_delta_sensor_async.py took 0.067 seconds
[2024-05-24T14:54:22.406+0000] {processor.py:161} INFO - Started process (PID=64760) to work on /usr/local/python/3.10.13/lib/python3.10/site-packages/airflow/example_dags/example_time_delta_sensor_async.py
[2024-05-24T14:54:22.407+0000] {processor.py:830} INFO - Processing file /usr/local/python/3.10.13/lib/python3.10/site-packages/airflow/example_dags/example_time_delta_sensor_async.py for tasks to queue
[2024-05-24T14:54:22.408+0000] {logging_mixin.py:188} INFO - [2024-05-24T14:54:22.408+0000] {dagbag.py:545} INFO - Filling up the DagBag from /usr/local/python/3.10.13/lib/python3.10/site-packages/airflow/example_dags/example_time_delta_sensor_async.py
[2024-05-24T14:54:22.412+0000] {processor.py:840} INFO - DAG(s) 'example_time_delta_sensor_async' retrieved from /usr/local/python/3.10.13/lib/python3.10/site-packages/airflow/example_dags/example_time_delta_sensor_async.py
[2024-05-24T14:54:22.423+0000] {logging_mixin.py:188} INFO - [2024-05-24T14:54:22.423+0000] {dag.py:3096} INFO - Sync 1 DAGs
[2024-05-24T14:54:22.432+0000] {logging_mixin.py:188} INFO - [2024-05-24T14:54:22.432+0000] {dag.py:3954} INFO - Setting next_dagrun for example_time_delta_sensor_async to None, run_after=None
[2024-05-24T14:54:22.470+0000] {processor.py:183} INFO - Processing /usr/local/python/3.10.13/lib/python3.10/site-packages/airflow/example_dags/example_time_delta_sensor_async.py took 0.068 seconds
