[2024-05-24T14:43:22.510+0000] {processor.py:161} INFO - Started process (PID=58616) to work on /usr/local/python/3.10.13/lib/python3.10/site-packages/airflow/example_dags/example_branch_day_of_week_operator.py
[2024-05-24T14:43:22.511+0000] {processor.py:830} INFO - Processing file /usr/local/python/3.10.13/lib/python3.10/site-packages/airflow/example_dags/example_branch_day_of_week_operator.py for tasks to queue
[2024-05-24T14:43:22.512+0000] {logging_mixin.py:188} INFO - [2024-05-24T14:43:22.512+0000] {dagbag.py:545} INFO - Filling up the DagBag from /usr/local/python/3.10.13/lib/python3.10/site-packages/airflow/example_dags/example_branch_day_of_week_operator.py
[2024-05-24T14:43:22.518+0000] {processor.py:840} INFO - DAG(s) 'example_weekday_branch_operator' retrieved from /usr/local/python/3.10.13/lib/python3.10/site-packages/airflow/example_dags/example_branch_day_of_week_operator.py
[2024-05-24T14:43:22.689+0000] {logging_mixin.py:188} INFO - [2024-05-24T14:43:22.688+0000] {override.py:1829} INFO - Created Permission View: can read on DAG:example_weekday_branch_operator
[2024-05-24T14:43:22.723+0000] {logging_mixin.py:188} INFO - [2024-05-24T14:43:22.723+0000] {override.py:1829} INFO - Created Permission View: can edit on DAG:example_weekday_branch_operator
[2024-05-24T14:43:22.758+0000] {logging_mixin.py:188} INFO - [2024-05-24T14:43:22.758+0000] {override.py:1829} INFO - Created Permission View: can delete on DAG:example_weekday_branch_operator
[2024-05-24T14:43:22.758+0000] {logging_mixin.py:188} INFO - [2024-05-24T14:43:22.758+0000] {dag.py:3096} INFO - Sync 1 DAGs
[2024-05-24T14:43:22.767+0000] {logging_mixin.py:188} INFO - [2024-05-24T14:43:22.767+0000] {dag.py:3118} INFO - Creating ORM DAG for example_weekday_branch_operator
[2024-05-24T14:43:22.776+0000] {logging_mixin.py:188} INFO - [2024-05-24T14:43:22.776+0000] {dag.py:3954} INFO - Setting next_dagrun for example_weekday_branch_operator to 2024-05-23 00:00:00+00:00, run_after=2024-05-24 00:00:00+00:00
[2024-05-24T14:43:22.819+0000] {processor.py:183} INFO - Processing /usr/local/python/3.10.13/lib/python3.10/site-packages/airflow/example_dags/example_branch_day_of_week_operator.py took 0.314 seconds
[2024-05-24T14:44:36.115+0000] {processor.py:161} INFO - Started process (PID=59288) to work on /usr/local/python/3.10.13/lib/python3.10/site-packages/airflow/example_dags/example_branch_day_of_week_operator.py
[2024-05-24T14:44:36.116+0000] {processor.py:830} INFO - Processing file /usr/local/python/3.10.13/lib/python3.10/site-packages/airflow/example_dags/example_branch_day_of_week_operator.py for tasks to queue
[2024-05-24T14:44:36.117+0000] {logging_mixin.py:188} INFO - [2024-05-24T14:44:36.117+0000] {dagbag.py:545} INFO - Filling up the DagBag from /usr/local/python/3.10.13/lib/python3.10/site-packages/airflow/example_dags/example_branch_day_of_week_operator.py
[2024-05-24T14:44:36.124+0000] {processor.py:840} INFO - DAG(s) 'example_weekday_branch_operator' retrieved from /usr/local/python/3.10.13/lib/python3.10/site-packages/airflow/example_dags/example_branch_day_of_week_operator.py
[2024-05-24T14:44:36.135+0000] {logging_mixin.py:188} INFO - [2024-05-24T14:44:36.135+0000] {dag.py:3096} INFO - Sync 1 DAGs
[2024-05-24T14:44:36.151+0000] {logging_mixin.py:188} INFO - [2024-05-24T14:44:36.150+0000] {dag.py:3954} INFO - Setting next_dagrun for example_weekday_branch_operator to 2024-05-23 00:00:00+00:00, run_after=2024-05-24 00:00:00+00:00
[2024-05-24T14:44:36.189+0000] {processor.py:183} INFO - Processing /usr/local/python/3.10.13/lib/python3.10/site-packages/airflow/example_dags/example_branch_day_of_week_operator.py took 0.079 seconds
[2024-05-24T14:45:44.390+0000] {processor.py:161} INFO - Started process (PID=60030) to work on /usr/local/python/3.10.13/lib/python3.10/site-packages/airflow/example_dags/example_branch_day_of_week_operator.py
[2024-05-24T14:45:44.391+0000] {processor.py:830} INFO - Processing file /usr/local/python/3.10.13/lib/python3.10/site-packages/airflow/example_dags/example_branch_day_of_week_operator.py for tasks to queue
[2024-05-24T14:45:44.392+0000] {logging_mixin.py:188} INFO - [2024-05-24T14:45:44.392+0000] {dagbag.py:545} INFO - Filling up the DagBag from /usr/local/python/3.10.13/lib/python3.10/site-packages/airflow/example_dags/example_branch_day_of_week_operator.py
[2024-05-24T14:45:44.399+0000] {processor.py:840} INFO - DAG(s) 'example_weekday_branch_operator' retrieved from /usr/local/python/3.10.13/lib/python3.10/site-packages/airflow/example_dags/example_branch_day_of_week_operator.py
[2024-05-24T14:45:44.411+0000] {logging_mixin.py:188} INFO - [2024-05-24T14:45:44.411+0000] {dag.py:3096} INFO - Sync 1 DAGs
[2024-05-24T14:45:44.432+0000] {logging_mixin.py:188} INFO - [2024-05-24T14:45:44.431+0000] {dag.py:3954} INFO - Setting next_dagrun for example_weekday_branch_operator to 2024-05-23 00:00:00+00:00, run_after=2024-05-24 00:00:00+00:00
[2024-05-24T14:45:44.476+0000] {processor.py:183} INFO - Processing /usr/local/python/3.10.13/lib/python3.10/site-packages/airflow/example_dags/example_branch_day_of_week_operator.py took 0.091 seconds
[2024-05-24T14:46:48.996+0000] {processor.py:161} INFO - Started process (PID=60643) to work on /usr/local/python/3.10.13/lib/python3.10/site-packages/airflow/example_dags/example_branch_day_of_week_operator.py
[2024-05-24T14:46:48.997+0000] {processor.py:830} INFO - Processing file /usr/local/python/3.10.13/lib/python3.10/site-packages/airflow/example_dags/example_branch_day_of_week_operator.py for tasks to queue
[2024-05-24T14:46:48.999+0000] {logging_mixin.py:188} INFO - [2024-05-24T14:46:48.999+0000] {dagbag.py:545} INFO - Filling up the DagBag from /usr/local/python/3.10.13/lib/python3.10/site-packages/airflow/example_dags/example_branch_day_of_week_operator.py
[2024-05-24T14:46:49.011+0000] {processor.py:840} INFO - DAG(s) 'example_weekday_branch_operator' retrieved from /usr/local/python/3.10.13/lib/python3.10/site-packages/airflow/example_dags/example_branch_day_of_week_operator.py
[2024-05-24T14:46:49.025+0000] {logging_mixin.py:188} INFO - [2024-05-24T14:46:49.025+0000] {dag.py:3096} INFO - Sync 1 DAGs
[2024-05-24T14:46:49.049+0000] {logging_mixin.py:188} INFO - [2024-05-24T14:46:49.048+0000] {dag.py:3954} INFO - Setting next_dagrun for example_weekday_branch_operator to 2024-05-23 00:00:00+00:00, run_after=2024-05-24 00:00:00+00:00
[2024-05-24T14:46:49.086+0000] {processor.py:183} INFO - Processing /usr/local/python/3.10.13/lib/python3.10/site-packages/airflow/example_dags/example_branch_day_of_week_operator.py took 0.097 seconds
[2024-05-24T14:47:49.945+0000] {processor.py:161} INFO - Started process (PID=61175) to work on /usr/local/python/3.10.13/lib/python3.10/site-packages/airflow/example_dags/example_branch_day_of_week_operator.py
[2024-05-24T14:47:49.946+0000] {processor.py:830} INFO - Processing file /usr/local/python/3.10.13/lib/python3.10/site-packages/airflow/example_dags/example_branch_day_of_week_operator.py for tasks to queue
[2024-05-24T14:47:49.947+0000] {logging_mixin.py:188} INFO - [2024-05-24T14:47:49.947+0000] {dagbag.py:545} INFO - Filling up the DagBag from /usr/local/python/3.10.13/lib/python3.10/site-packages/airflow/example_dags/example_branch_day_of_week_operator.py
[2024-05-24T14:47:49.954+0000] {processor.py:840} INFO - DAG(s) 'example_weekday_branch_operator' retrieved from /usr/local/python/3.10.13/lib/python3.10/site-packages/airflow/example_dags/example_branch_day_of_week_operator.py
[2024-05-24T14:47:49.969+0000] {logging_mixin.py:188} INFO - [2024-05-24T14:47:49.968+0000] {dag.py:3096} INFO - Sync 1 DAGs
[2024-05-24T14:47:49.990+0000] {logging_mixin.py:188} INFO - [2024-05-24T14:47:49.990+0000] {dag.py:3954} INFO - Setting next_dagrun for example_weekday_branch_operator to 2024-05-23 00:00:00+00:00, run_after=2024-05-24 00:00:00+00:00
[2024-05-24T14:47:50.029+0000] {processor.py:183} INFO - Processing /usr/local/python/3.10.13/lib/python3.10/site-packages/airflow/example_dags/example_branch_day_of_week_operator.py took 0.089 seconds
[2024-05-24T14:48:51.254+0000] {processor.py:161} INFO - Started process (PID=61778) to work on /usr/local/python/3.10.13/lib/python3.10/site-packages/airflow/example_dags/example_branch_day_of_week_operator.py
[2024-05-24T14:48:51.255+0000] {processor.py:830} INFO - Processing file /usr/local/python/3.10.13/lib/python3.10/site-packages/airflow/example_dags/example_branch_day_of_week_operator.py for tasks to queue
[2024-05-24T14:48:51.256+0000] {logging_mixin.py:188} INFO - [2024-05-24T14:48:51.256+0000] {dagbag.py:545} INFO - Filling up the DagBag from /usr/local/python/3.10.13/lib/python3.10/site-packages/airflow/example_dags/example_branch_day_of_week_operator.py
[2024-05-24T14:48:51.262+0000] {processor.py:840} INFO - DAG(s) 'example_weekday_branch_operator' retrieved from /usr/local/python/3.10.13/lib/python3.10/site-packages/airflow/example_dags/example_branch_day_of_week_operator.py
[2024-05-24T14:48:51.275+0000] {logging_mixin.py:188} INFO - [2024-05-24T14:48:51.275+0000] {dag.py:3096} INFO - Sync 1 DAGs
[2024-05-24T14:48:51.290+0000] {logging_mixin.py:188} INFO - [2024-05-24T14:48:51.290+0000] {dag.py:3954} INFO - Setting next_dagrun for example_weekday_branch_operator to 2024-05-23 00:00:00+00:00, run_after=2024-05-24 00:00:00+00:00
[2024-05-24T14:48:51.334+0000] {processor.py:183} INFO - Processing /usr/local/python/3.10.13/lib/python3.10/site-packages/airflow/example_dags/example_branch_day_of_week_operator.py took 0.084 seconds
[2024-05-24T14:49:53.434+0000] {processor.py:161} INFO - Started process (PID=62414) to work on /usr/local/python/3.10.13/lib/python3.10/site-packages/airflow/example_dags/example_branch_day_of_week_operator.py
[2024-05-24T14:49:53.435+0000] {processor.py:830} INFO - Processing file /usr/local/python/3.10.13/lib/python3.10/site-packages/airflow/example_dags/example_branch_day_of_week_operator.py for tasks to queue
[2024-05-24T14:49:53.436+0000] {logging_mixin.py:188} INFO - [2024-05-24T14:49:53.436+0000] {dagbag.py:545} INFO - Filling up the DagBag from /usr/local/python/3.10.13/lib/python3.10/site-packages/airflow/example_dags/example_branch_day_of_week_operator.py
[2024-05-24T14:49:53.443+0000] {processor.py:840} INFO - DAG(s) 'example_weekday_branch_operator' retrieved from /usr/local/python/3.10.13/lib/python3.10/site-packages/airflow/example_dags/example_branch_day_of_week_operator.py
[2024-05-24T14:49:53.454+0000] {logging_mixin.py:188} INFO - [2024-05-24T14:49:53.454+0000] {dag.py:3096} INFO - Sync 1 DAGs
[2024-05-24T14:49:53.471+0000] {logging_mixin.py:188} INFO - [2024-05-24T14:49:53.471+0000] {dag.py:3954} INFO - Setting next_dagrun for example_weekday_branch_operator to 2024-05-23 00:00:00+00:00, run_after=2024-05-24 00:00:00+00:00
[2024-05-24T14:49:53.516+0000] {processor.py:183} INFO - Processing /usr/local/python/3.10.13/lib/python3.10/site-packages/airflow/example_dags/example_branch_day_of_week_operator.py took 0.086 seconds
[2024-05-24T14:50:55.144+0000] {processor.py:161} INFO - Started process (PID=62891) to work on /usr/local/python/3.10.13/lib/python3.10/site-packages/airflow/example_dags/example_branch_day_of_week_operator.py
[2024-05-24T14:50:55.145+0000] {processor.py:830} INFO - Processing file /usr/local/python/3.10.13/lib/python3.10/site-packages/airflow/example_dags/example_branch_day_of_week_operator.py for tasks to queue
[2024-05-24T14:50:55.146+0000] {logging_mixin.py:188} INFO - [2024-05-24T14:50:55.146+0000] {dagbag.py:545} INFO - Filling up the DagBag from /usr/local/python/3.10.13/lib/python3.10/site-packages/airflow/example_dags/example_branch_day_of_week_operator.py
[2024-05-24T14:50:55.153+0000] {processor.py:840} INFO - DAG(s) 'example_weekday_branch_operator' retrieved from /usr/local/python/3.10.13/lib/python3.10/site-packages/airflow/example_dags/example_branch_day_of_week_operator.py
[2024-05-24T14:50:55.165+0000] {logging_mixin.py:188} INFO - [2024-05-24T14:50:55.165+0000] {dag.py:3096} INFO - Sync 1 DAGs
[2024-05-24T14:50:55.181+0000] {logging_mixin.py:188} INFO - [2024-05-24T14:50:55.181+0000] {dag.py:3954} INFO - Setting next_dagrun for example_weekday_branch_operator to 2024-05-23 00:00:00+00:00, run_after=2024-05-24 00:00:00+00:00
[2024-05-24T14:50:55.219+0000] {processor.py:183} INFO - Processing /usr/local/python/3.10.13/lib/python3.10/site-packages/airflow/example_dags/example_branch_day_of_week_operator.py took 0.080 seconds
[2024-05-24T14:51:58.214+0000] {processor.py:161} INFO - Started process (PID=63405) to work on /usr/local/python/3.10.13/lib/python3.10/site-packages/airflow/example_dags/example_branch_day_of_week_operator.py
[2024-05-24T14:51:58.214+0000] {processor.py:830} INFO - Processing file /usr/local/python/3.10.13/lib/python3.10/site-packages/airflow/example_dags/example_branch_day_of_week_operator.py for tasks to queue
[2024-05-24T14:51:58.216+0000] {logging_mixin.py:188} INFO - [2024-05-24T14:51:58.216+0000] {dagbag.py:545} INFO - Filling up the DagBag from /usr/local/python/3.10.13/lib/python3.10/site-packages/airflow/example_dags/example_branch_day_of_week_operator.py
[2024-05-24T14:51:58.222+0000] {processor.py:840} INFO - DAG(s) 'example_weekday_branch_operator' retrieved from /usr/local/python/3.10.13/lib/python3.10/site-packages/airflow/example_dags/example_branch_day_of_week_operator.py
[2024-05-24T14:51:58.235+0000] {logging_mixin.py:188} INFO - [2024-05-24T14:51:58.235+0000] {dag.py:3096} INFO - Sync 1 DAGs
[2024-05-24T14:51:58.251+0000] {logging_mixin.py:188} INFO - [2024-05-24T14:51:58.250+0000] {dag.py:3954} INFO - Setting next_dagrun for example_weekday_branch_operator to 2024-05-23 00:00:00+00:00, run_after=2024-05-24 00:00:00+00:00
[2024-05-24T14:51:58.288+0000] {processor.py:183} INFO - Processing /usr/local/python/3.10.13/lib/python3.10/site-packages/airflow/example_dags/example_branch_day_of_week_operator.py took 0.079 seconds
[2024-05-24T14:52:55.234+0000] {processor.py:161} INFO - Started process (PID=63845) to work on /usr/local/python/3.10.13/lib/python3.10/site-packages/airflow/example_dags/example_branch_day_of_week_operator.py
[2024-05-24T14:52:55.234+0000] {processor.py:830} INFO - Processing file /usr/local/python/3.10.13/lib/python3.10/site-packages/airflow/example_dags/example_branch_day_of_week_operator.py for tasks to queue
[2024-05-24T14:52:55.236+0000] {logging_mixin.py:188} INFO - [2024-05-24T14:52:55.236+0000] {dagbag.py:545} INFO - Filling up the DagBag from /usr/local/python/3.10.13/lib/python3.10/site-packages/airflow/example_dags/example_branch_day_of_week_operator.py
[2024-05-24T14:52:55.246+0000] {processor.py:840} INFO - DAG(s) 'example_weekday_branch_operator' retrieved from /usr/local/python/3.10.13/lib/python3.10/site-packages/airflow/example_dags/example_branch_day_of_week_operator.py
[2024-05-24T14:52:55.259+0000] {logging_mixin.py:188} INFO - [2024-05-24T14:52:55.259+0000] {dag.py:3096} INFO - Sync 1 DAGs
[2024-05-24T14:52:55.275+0000] {logging_mixin.py:188} INFO - [2024-05-24T14:52:55.275+0000] {dag.py:3954} INFO - Setting next_dagrun for example_weekday_branch_operator to 2024-05-23 00:00:00+00:00, run_after=2024-05-24 00:00:00+00:00
[2024-05-24T14:52:55.315+0000] {processor.py:183} INFO - Processing /usr/local/python/3.10.13/lib/python3.10/site-packages/airflow/example_dags/example_branch_day_of_week_operator.py took 0.087 seconds
[2024-05-24T14:53:58.047+0000] {processor.py:161} INFO - Started process (PID=64496) to work on /usr/local/python/3.10.13/lib/python3.10/site-packages/airflow/example_dags/example_branch_day_of_week_operator.py
[2024-05-24T14:53:58.048+0000] {processor.py:830} INFO - Processing file /usr/local/python/3.10.13/lib/python3.10/site-packages/airflow/example_dags/example_branch_day_of_week_operator.py for tasks to queue
[2024-05-24T14:53:58.049+0000] {logging_mixin.py:188} INFO - [2024-05-24T14:53:58.049+0000] {dagbag.py:545} INFO - Filling up the DagBag from /usr/local/python/3.10.13/lib/python3.10/site-packages/airflow/example_dags/example_branch_day_of_week_operator.py
[2024-05-24T14:53:58.056+0000] {processor.py:840} INFO - DAG(s) 'example_weekday_branch_operator' retrieved from /usr/local/python/3.10.13/lib/python3.10/site-packages/airflow/example_dags/example_branch_day_of_week_operator.py
[2024-05-24T14:53:58.068+0000] {logging_mixin.py:188} INFO - [2024-05-24T14:53:58.068+0000] {dag.py:3096} INFO - Sync 1 DAGs
[2024-05-24T14:53:58.084+0000] {logging_mixin.py:188} INFO - [2024-05-24T14:53:58.084+0000] {dag.py:3954} INFO - Setting next_dagrun for example_weekday_branch_operator to 2024-05-23 00:00:00+00:00, run_after=2024-05-24 00:00:00+00:00
[2024-05-24T14:53:58.123+0000] {processor.py:183} INFO - Processing /usr/local/python/3.10.13/lib/python3.10/site-packages/airflow/example_dags/example_branch_day_of_week_operator.py took 0.080 seconds
[2024-05-24T14:54:58.746+0000] {processor.py:161} INFO - Started process (PID=65204) to work on /usr/local/python/3.10.13/lib/python3.10/site-packages/airflow/example_dags/example_branch_day_of_week_operator.py
[2024-05-24T14:54:58.746+0000] {processor.py:830} INFO - Processing file /usr/local/python/3.10.13/lib/python3.10/site-packages/airflow/example_dags/example_branch_day_of_week_operator.py for tasks to queue
[2024-05-24T14:54:58.748+0000] {logging_mixin.py:188} INFO - [2024-05-24T14:54:58.747+0000] {dagbag.py:545} INFO - Filling up the DagBag from /usr/local/python/3.10.13/lib/python3.10/site-packages/airflow/example_dags/example_branch_day_of_week_operator.py
[2024-05-24T14:54:58.755+0000] {processor.py:840} INFO - DAG(s) 'example_weekday_branch_operator' retrieved from /usr/local/python/3.10.13/lib/python3.10/site-packages/airflow/example_dags/example_branch_day_of_week_operator.py
[2024-05-24T14:54:58.772+0000] {logging_mixin.py:188} INFO - [2024-05-24T14:54:58.772+0000] {dag.py:3096} INFO - Sync 1 DAGs
[2024-05-24T14:54:58.789+0000] {logging_mixin.py:188} INFO - [2024-05-24T14:54:58.789+0000] {dag.py:3954} INFO - Setting next_dagrun for example_weekday_branch_operator to 2024-05-23 00:00:00+00:00, run_after=2024-05-24 00:00:00+00:00
[2024-05-24T14:54:58.829+0000] {processor.py:183} INFO - Processing /usr/local/python/3.10.13/lib/python3.10/site-packages/airflow/example_dags/example_branch_day_of_week_operator.py took 0.088 seconds
[2024-05-24T14:55:57.094+0000] {processor.py:161} INFO - Started process (PID=65884) to work on /usr/local/python/3.10.13/lib/python3.10/site-packages/airflow/example_dags/example_branch_day_of_week_operator.py
[2024-05-24T14:55:57.095+0000] {processor.py:830} INFO - Processing file /usr/local/python/3.10.13/lib/python3.10/site-packages/airflow/example_dags/example_branch_day_of_week_operator.py for tasks to queue
[2024-05-24T14:55:57.096+0000] {logging_mixin.py:188} INFO - [2024-05-24T14:55:57.096+0000] {dagbag.py:545} INFO - Filling up the DagBag from /usr/local/python/3.10.13/lib/python3.10/site-packages/airflow/example_dags/example_branch_day_of_week_operator.py
[2024-05-24T14:55:57.103+0000] {processor.py:840} INFO - DAG(s) 'example_weekday_branch_operator' retrieved from /usr/local/python/3.10.13/lib/python3.10/site-packages/airflow/example_dags/example_branch_day_of_week_operator.py
[2024-05-24T14:55:57.116+0000] {logging_mixin.py:188} INFO - [2024-05-24T14:55:57.115+0000] {dag.py:3096} INFO - Sync 1 DAGs
[2024-05-24T14:55:57.132+0000] {logging_mixin.py:188} INFO - [2024-05-24T14:55:57.132+0000] {dag.py:3954} INFO - Setting next_dagrun for example_weekday_branch_operator to 2024-05-23 00:00:00+00:00, run_after=2024-05-24 00:00:00+00:00
[2024-05-24T14:55:57.182+0000] {processor.py:183} INFO - Processing /usr/local/python/3.10.13/lib/python3.10/site-packages/airflow/example_dags/example_branch_day_of_week_operator.py took 0.093 seconds
[2024-05-24T14:56:57.635+0000] {processor.py:161} INFO - Started process (PID=66563) to work on /usr/local/python/3.10.13/lib/python3.10/site-packages/airflow/example_dags/example_branch_day_of_week_operator.py
[2024-05-24T14:56:57.635+0000] {processor.py:830} INFO - Processing file /usr/local/python/3.10.13/lib/python3.10/site-packages/airflow/example_dags/example_branch_day_of_week_operator.py for tasks to queue
[2024-05-24T14:56:57.637+0000] {logging_mixin.py:188} INFO - [2024-05-24T14:56:57.637+0000] {dagbag.py:545} INFO - Filling up the DagBag from /usr/local/python/3.10.13/lib/python3.10/site-packages/airflow/example_dags/example_branch_day_of_week_operator.py
[2024-05-24T14:56:57.644+0000] {processor.py:840} INFO - DAG(s) 'example_weekday_branch_operator' retrieved from /usr/local/python/3.10.13/lib/python3.10/site-packages/airflow/example_dags/example_branch_day_of_week_operator.py
[2024-05-24T14:56:57.656+0000] {logging_mixin.py:188} INFO - [2024-05-24T14:56:57.656+0000] {dag.py:3096} INFO - Sync 1 DAGs
[2024-05-24T14:56:57.672+0000] {logging_mixin.py:188} INFO - [2024-05-24T14:56:57.672+0000] {dag.py:3954} INFO - Setting next_dagrun for example_weekday_branch_operator to 2024-05-23 00:00:00+00:00, run_after=2024-05-24 00:00:00+00:00
[2024-05-24T14:56:57.716+0000] {processor.py:183} INFO - Processing /usr/local/python/3.10.13/lib/python3.10/site-packages/airflow/example_dags/example_branch_day_of_week_operator.py took 0.087 seconds
[2024-05-24T14:58:04.245+0000] {processor.py:161} INFO - Started process (PID=67050) to work on /usr/local/python/3.10.13/lib/python3.10/site-packages/airflow/example_dags/example_branch_day_of_week_operator.py
[2024-05-24T14:58:04.245+0000] {processor.py:830} INFO - Processing file /usr/local/python/3.10.13/lib/python3.10/site-packages/airflow/example_dags/example_branch_day_of_week_operator.py for tasks to queue
[2024-05-24T14:58:04.246+0000] {logging_mixin.py:188} INFO - [2024-05-24T14:58:04.246+0000] {dagbag.py:545} INFO - Filling up the DagBag from /usr/local/python/3.10.13/lib/python3.10/site-packages/airflow/example_dags/example_branch_day_of_week_operator.py
[2024-05-24T14:58:04.253+0000] {processor.py:840} INFO - DAG(s) 'example_weekday_branch_operator' retrieved from /usr/local/python/3.10.13/lib/python3.10/site-packages/airflow/example_dags/example_branch_day_of_week_operator.py
[2024-05-24T14:58:04.265+0000] {logging_mixin.py:188} INFO - [2024-05-24T14:58:04.265+0000] {dag.py:3096} INFO - Sync 1 DAGs
[2024-05-24T14:58:04.281+0000] {logging_mixin.py:188} INFO - [2024-05-24T14:58:04.281+0000] {dag.py:3954} INFO - Setting next_dagrun for example_weekday_branch_operator to 2024-05-23 00:00:00+00:00, run_after=2024-05-24 00:00:00+00:00
[2024-05-24T14:58:04.322+0000] {processor.py:183} INFO - Processing /usr/local/python/3.10.13/lib/python3.10/site-packages/airflow/example_dags/example_branch_day_of_week_operator.py took 0.081 seconds
[2024-05-24T14:59:03.740+0000] {processor.py:161} INFO - Started process (PID=67519) to work on /usr/local/python/3.10.13/lib/python3.10/site-packages/airflow/example_dags/example_branch_day_of_week_operator.py
[2024-05-24T14:59:03.741+0000] {processor.py:830} INFO - Processing file /usr/local/python/3.10.13/lib/python3.10/site-packages/airflow/example_dags/example_branch_day_of_week_operator.py for tasks to queue
[2024-05-24T14:59:03.742+0000] {logging_mixin.py:188} INFO - [2024-05-24T14:59:03.742+0000] {dagbag.py:545} INFO - Filling up the DagBag from /usr/local/python/3.10.13/lib/python3.10/site-packages/airflow/example_dags/example_branch_day_of_week_operator.py
[2024-05-24T14:59:03.748+0000] {processor.py:840} INFO - DAG(s) 'example_weekday_branch_operator' retrieved from /usr/local/python/3.10.13/lib/python3.10/site-packages/airflow/example_dags/example_branch_day_of_week_operator.py
[2024-05-24T14:59:03.761+0000] {logging_mixin.py:188} INFO - [2024-05-24T14:59:03.760+0000] {dag.py:3096} INFO - Sync 1 DAGs
[2024-05-24T14:59:03.776+0000] {logging_mixin.py:188} INFO - [2024-05-24T14:59:03.776+0000] {dag.py:3954} INFO - Setting next_dagrun for example_weekday_branch_operator to 2024-05-23 00:00:00+00:00, run_after=2024-05-24 00:00:00+00:00
[2024-05-24T14:59:03.815+0000] {processor.py:183} INFO - Processing /usr/local/python/3.10.13/lib/python3.10/site-packages/airflow/example_dags/example_branch_day_of_week_operator.py took 0.080 seconds
[2024-05-24T15:00:07.455+0000] {processor.py:161} INFO - Started process (PID=67956) to work on /usr/local/python/3.10.13/lib/python3.10/site-packages/airflow/example_dags/example_branch_day_of_week_operator.py
[2024-05-24T15:00:07.456+0000] {processor.py:830} INFO - Processing file /usr/local/python/3.10.13/lib/python3.10/site-packages/airflow/example_dags/example_branch_day_of_week_operator.py for tasks to queue
[2024-05-24T15:00:07.457+0000] {logging_mixin.py:188} INFO - [2024-05-24T15:00:07.457+0000] {dagbag.py:545} INFO - Filling up the DagBag from /usr/local/python/3.10.13/lib/python3.10/site-packages/airflow/example_dags/example_branch_day_of_week_operator.py
[2024-05-24T15:00:07.465+0000] {processor.py:840} INFO - DAG(s) 'example_weekday_branch_operator' retrieved from /usr/local/python/3.10.13/lib/python3.10/site-packages/airflow/example_dags/example_branch_day_of_week_operator.py
[2024-05-24T15:00:07.478+0000] {logging_mixin.py:188} INFO - [2024-05-24T15:00:07.478+0000] {dag.py:3096} INFO - Sync 1 DAGs
[2024-05-24T15:00:07.499+0000] {logging_mixin.py:188} INFO - [2024-05-24T15:00:07.499+0000] {dag.py:3954} INFO - Setting next_dagrun for example_weekday_branch_operator to 2024-05-23 00:00:00+00:00, run_after=2024-05-24 00:00:00+00:00
[2024-05-24T15:00:07.539+0000] {processor.py:183} INFO - Processing /usr/local/python/3.10.13/lib/python3.10/site-packages/airflow/example_dags/example_branch_day_of_week_operator.py took 0.088 seconds
[2024-05-24T15:01:09.820+0000] {processor.py:161} INFO - Started process (PID=68404) to work on /usr/local/python/3.10.13/lib/python3.10/site-packages/airflow/example_dags/example_branch_day_of_week_operator.py
[2024-05-24T15:01:09.821+0000] {processor.py:830} INFO - Processing file /usr/local/python/3.10.13/lib/python3.10/site-packages/airflow/example_dags/example_branch_day_of_week_operator.py for tasks to queue
[2024-05-24T15:01:09.822+0000] {logging_mixin.py:188} INFO - [2024-05-24T15:01:09.822+0000] {dagbag.py:545} INFO - Filling up the DagBag from /usr/local/python/3.10.13/lib/python3.10/site-packages/airflow/example_dags/example_branch_day_of_week_operator.py
[2024-05-24T15:01:09.833+0000] {processor.py:840} INFO - DAG(s) 'example_weekday_branch_operator' retrieved from /usr/local/python/3.10.13/lib/python3.10/site-packages/airflow/example_dags/example_branch_day_of_week_operator.py
[2024-05-24T15:01:09.854+0000] {logging_mixin.py:188} INFO - [2024-05-24T15:01:09.853+0000] {dag.py:3096} INFO - Sync 1 DAGs
[2024-05-24T15:01:09.876+0000] {logging_mixin.py:188} INFO - [2024-05-24T15:01:09.876+0000] {dag.py:3954} INFO - Setting next_dagrun for example_weekday_branch_operator to 2024-05-23 00:00:00+00:00, run_after=2024-05-24 00:00:00+00:00
[2024-05-24T15:01:09.920+0000] {processor.py:183} INFO - Processing /usr/local/python/3.10.13/lib/python3.10/site-packages/airflow/example_dags/example_branch_day_of_week_operator.py took 0.110 seconds
[2024-05-24T15:02:13.416+0000] {processor.py:161} INFO - Started process (PID=68877) to work on /usr/local/python/3.10.13/lib/python3.10/site-packages/airflow/example_dags/example_branch_day_of_week_operator.py
[2024-05-24T15:02:13.416+0000] {processor.py:830} INFO - Processing file /usr/local/python/3.10.13/lib/python3.10/site-packages/airflow/example_dags/example_branch_day_of_week_operator.py for tasks to queue
[2024-05-24T15:02:13.418+0000] {logging_mixin.py:188} INFO - [2024-05-24T15:02:13.417+0000] {dagbag.py:545} INFO - Filling up the DagBag from /usr/local/python/3.10.13/lib/python3.10/site-packages/airflow/example_dags/example_branch_day_of_week_operator.py
[2024-05-24T15:02:13.424+0000] {processor.py:840} INFO - DAG(s) 'example_weekday_branch_operator' retrieved from /usr/local/python/3.10.13/lib/python3.10/site-packages/airflow/example_dags/example_branch_day_of_week_operator.py
[2024-05-24T15:02:13.437+0000] {logging_mixin.py:188} INFO - [2024-05-24T15:02:13.436+0000] {dag.py:3096} INFO - Sync 1 DAGs
[2024-05-24T15:02:13.452+0000] {logging_mixin.py:188} INFO - [2024-05-24T15:02:13.452+0000] {dag.py:3954} INFO - Setting next_dagrun for example_weekday_branch_operator to 2024-05-23 00:00:00+00:00, run_after=2024-05-24 00:00:00+00:00
[2024-05-24T15:02:13.490+0000] {processor.py:183} INFO - Processing /usr/local/python/3.10.13/lib/python3.10/site-packages/airflow/example_dags/example_branch_day_of_week_operator.py took 0.079 seconds
[2024-05-24T15:03:12.368+0000] {processor.py:161} INFO - Started process (PID=69324) to work on /usr/local/python/3.10.13/lib/python3.10/site-packages/airflow/example_dags/example_branch_day_of_week_operator.py
[2024-05-24T15:03:12.368+0000] {processor.py:830} INFO - Processing file /usr/local/python/3.10.13/lib/python3.10/site-packages/airflow/example_dags/example_branch_day_of_week_operator.py for tasks to queue
[2024-05-24T15:03:12.370+0000] {logging_mixin.py:188} INFO - [2024-05-24T15:03:12.369+0000] {dagbag.py:545} INFO - Filling up the DagBag from /usr/local/python/3.10.13/lib/python3.10/site-packages/airflow/example_dags/example_branch_day_of_week_operator.py
[2024-05-24T15:03:12.376+0000] {processor.py:840} INFO - DAG(s) 'example_weekday_branch_operator' retrieved from /usr/local/python/3.10.13/lib/python3.10/site-packages/airflow/example_dags/example_branch_day_of_week_operator.py
[2024-05-24T15:03:12.389+0000] {logging_mixin.py:188} INFO - [2024-05-24T15:03:12.389+0000] {dag.py:3096} INFO - Sync 1 DAGs
[2024-05-24T15:03:12.405+0000] {logging_mixin.py:188} INFO - [2024-05-24T15:03:12.405+0000] {dag.py:3954} INFO - Setting next_dagrun for example_weekday_branch_operator to 2024-05-23 00:00:00+00:00, run_after=2024-05-24 00:00:00+00:00
[2024-05-24T15:03:12.447+0000] {processor.py:183} INFO - Processing /usr/local/python/3.10.13/lib/python3.10/site-packages/airflow/example_dags/example_branch_day_of_week_operator.py took 0.084 seconds
[2024-05-24T15:04:16.833+0000] {processor.py:161} INFO - Started process (PID=69799) to work on /usr/local/python/3.10.13/lib/python3.10/site-packages/airflow/example_dags/example_branch_day_of_week_operator.py
[2024-05-24T15:04:16.834+0000] {processor.py:830} INFO - Processing file /usr/local/python/3.10.13/lib/python3.10/site-packages/airflow/example_dags/example_branch_day_of_week_operator.py for tasks to queue
[2024-05-24T15:04:16.836+0000] {logging_mixin.py:188} INFO - [2024-05-24T15:04:16.835+0000] {dagbag.py:545} INFO - Filling up the DagBag from /usr/local/python/3.10.13/lib/python3.10/site-packages/airflow/example_dags/example_branch_day_of_week_operator.py
[2024-05-24T15:04:16.846+0000] {processor.py:840} INFO - DAG(s) 'example_weekday_branch_operator' retrieved from /usr/local/python/3.10.13/lib/python3.10/site-packages/airflow/example_dags/example_branch_day_of_week_operator.py
[2024-05-24T15:04:16.865+0000] {logging_mixin.py:188} INFO - [2024-05-24T15:04:16.865+0000] {dag.py:3096} INFO - Sync 1 DAGs
[2024-05-24T15:04:16.890+0000] {logging_mixin.py:188} INFO - [2024-05-24T15:04:16.890+0000] {dag.py:3954} INFO - Setting next_dagrun for example_weekday_branch_operator to 2024-05-23 00:00:00+00:00, run_after=2024-05-24 00:00:00+00:00
[2024-05-24T15:04:16.934+0000] {processor.py:183} INFO - Processing /usr/local/python/3.10.13/lib/python3.10/site-packages/airflow/example_dags/example_branch_day_of_week_operator.py took 0.108 seconds
[2024-05-24T15:05:20.637+0000] {processor.py:161} INFO - Started process (PID=70275) to work on /usr/local/python/3.10.13/lib/python3.10/site-packages/airflow/example_dags/example_branch_day_of_week_operator.py
[2024-05-24T15:05:20.638+0000] {processor.py:830} INFO - Processing file /usr/local/python/3.10.13/lib/python3.10/site-packages/airflow/example_dags/example_branch_day_of_week_operator.py for tasks to queue
[2024-05-24T15:05:20.639+0000] {logging_mixin.py:188} INFO - [2024-05-24T15:05:20.639+0000] {dagbag.py:545} INFO - Filling up the DagBag from /usr/local/python/3.10.13/lib/python3.10/site-packages/airflow/example_dags/example_branch_day_of_week_operator.py
[2024-05-24T15:05:20.646+0000] {processor.py:840} INFO - DAG(s) 'example_weekday_branch_operator' retrieved from /usr/local/python/3.10.13/lib/python3.10/site-packages/airflow/example_dags/example_branch_day_of_week_operator.py
[2024-05-24T15:05:20.658+0000] {logging_mixin.py:188} INFO - [2024-05-24T15:05:20.658+0000] {dag.py:3096} INFO - Sync 1 DAGs
[2024-05-24T15:05:20.676+0000] {logging_mixin.py:188} INFO - [2024-05-24T15:05:20.675+0000] {dag.py:3954} INFO - Setting next_dagrun for example_weekday_branch_operator to 2024-05-23 00:00:00+00:00, run_after=2024-05-24 00:00:00+00:00
[2024-05-24T15:05:20.713+0000] {processor.py:183} INFO - Processing /usr/local/python/3.10.13/lib/python3.10/site-packages/airflow/example_dags/example_branch_day_of_week_operator.py took 0.081 seconds
[2024-05-24T15:06:27.566+0000] {processor.py:161} INFO - Started process (PID=70790) to work on /usr/local/python/3.10.13/lib/python3.10/site-packages/airflow/example_dags/example_branch_day_of_week_operator.py
[2024-05-24T15:06:27.567+0000] {processor.py:830} INFO - Processing file /usr/local/python/3.10.13/lib/python3.10/site-packages/airflow/example_dags/example_branch_day_of_week_operator.py for tasks to queue
[2024-05-24T15:06:27.568+0000] {logging_mixin.py:188} INFO - [2024-05-24T15:06:27.568+0000] {dagbag.py:545} INFO - Filling up the DagBag from /usr/local/python/3.10.13/lib/python3.10/site-packages/airflow/example_dags/example_branch_day_of_week_operator.py
[2024-05-24T15:06:27.575+0000] {processor.py:840} INFO - DAG(s) 'example_weekday_branch_operator' retrieved from /usr/local/python/3.10.13/lib/python3.10/site-packages/airflow/example_dags/example_branch_day_of_week_operator.py
[2024-05-24T15:06:27.587+0000] {logging_mixin.py:188} INFO - [2024-05-24T15:06:27.587+0000] {dag.py:3096} INFO - Sync 1 DAGs
[2024-05-24T15:06:27.602+0000] {logging_mixin.py:188} INFO - [2024-05-24T15:06:27.602+0000] {dag.py:3954} INFO - Setting next_dagrun for example_weekday_branch_operator to 2024-05-23 00:00:00+00:00, run_after=2024-05-24 00:00:00+00:00
[2024-05-24T15:06:27.640+0000] {processor.py:183} INFO - Processing /usr/local/python/3.10.13/lib/python3.10/site-packages/airflow/example_dags/example_branch_day_of_week_operator.py took 0.078 seconds
[2024-05-24T15:07:31.618+0000] {processor.py:161} INFO - Started process (PID=71264) to work on /usr/local/python/3.10.13/lib/python3.10/site-packages/airflow/example_dags/example_branch_day_of_week_operator.py
[2024-05-24T15:07:31.619+0000] {processor.py:830} INFO - Processing file /usr/local/python/3.10.13/lib/python3.10/site-packages/airflow/example_dags/example_branch_day_of_week_operator.py for tasks to queue
[2024-05-24T15:07:31.620+0000] {logging_mixin.py:188} INFO - [2024-05-24T15:07:31.620+0000] {dagbag.py:545} INFO - Filling up the DagBag from /usr/local/python/3.10.13/lib/python3.10/site-packages/airflow/example_dags/example_branch_day_of_week_operator.py
[2024-05-24T15:07:31.627+0000] {processor.py:840} INFO - DAG(s) 'example_weekday_branch_operator' retrieved from /usr/local/python/3.10.13/lib/python3.10/site-packages/airflow/example_dags/example_branch_day_of_week_operator.py
[2024-05-24T15:07:31.639+0000] {logging_mixin.py:188} INFO - [2024-05-24T15:07:31.639+0000] {dag.py:3096} INFO - Sync 1 DAGs
[2024-05-24T15:07:31.654+0000] {logging_mixin.py:188} INFO - [2024-05-24T15:07:31.654+0000] {dag.py:3954} INFO - Setting next_dagrun for example_weekday_branch_operator to 2024-05-23 00:00:00+00:00, run_after=2024-05-24 00:00:00+00:00
[2024-05-24T15:07:31.694+0000] {processor.py:183} INFO - Processing /usr/local/python/3.10.13/lib/python3.10/site-packages/airflow/example_dags/example_branch_day_of_week_operator.py took 0.080 seconds
[2024-05-24T15:08:35.846+0000] {processor.py:161} INFO - Started process (PID=71737) to work on /usr/local/python/3.10.13/lib/python3.10/site-packages/airflow/example_dags/example_branch_day_of_week_operator.py
[2024-05-24T15:08:35.847+0000] {processor.py:830} INFO - Processing file /usr/local/python/3.10.13/lib/python3.10/site-packages/airflow/example_dags/example_branch_day_of_week_operator.py for tasks to queue
[2024-05-24T15:08:35.848+0000] {logging_mixin.py:188} INFO - [2024-05-24T15:08:35.848+0000] {dagbag.py:545} INFO - Filling up the DagBag from /usr/local/python/3.10.13/lib/python3.10/site-packages/airflow/example_dags/example_branch_day_of_week_operator.py
[2024-05-24T15:08:35.855+0000] {processor.py:840} INFO - DAG(s) 'example_weekday_branch_operator' retrieved from /usr/local/python/3.10.13/lib/python3.10/site-packages/airflow/example_dags/example_branch_day_of_week_operator.py
[2024-05-24T15:08:35.867+0000] {logging_mixin.py:188} INFO - [2024-05-24T15:08:35.867+0000] {dag.py:3096} INFO - Sync 1 DAGs
[2024-05-24T15:08:35.883+0000] {logging_mixin.py:188} INFO - [2024-05-24T15:08:35.883+0000] {dag.py:3954} INFO - Setting next_dagrun for example_weekday_branch_operator to 2024-05-23 00:00:00+00:00, run_after=2024-05-24 00:00:00+00:00
[2024-05-24T15:08:35.923+0000] {processor.py:183} INFO - Processing /usr/local/python/3.10.13/lib/python3.10/site-packages/airflow/example_dags/example_branch_day_of_week_operator.py took 0.081 seconds
[2024-05-24T15:09:36.412+0000] {processor.py:161} INFO - Started process (PID=72192) to work on /usr/local/python/3.10.13/lib/python3.10/site-packages/airflow/example_dags/example_branch_day_of_week_operator.py
[2024-05-24T15:09:36.412+0000] {processor.py:830} INFO - Processing file /usr/local/python/3.10.13/lib/python3.10/site-packages/airflow/example_dags/example_branch_day_of_week_operator.py for tasks to queue
[2024-05-24T15:09:36.414+0000] {logging_mixin.py:188} INFO - [2024-05-24T15:09:36.413+0000] {dagbag.py:545} INFO - Filling up the DagBag from /usr/local/python/3.10.13/lib/python3.10/site-packages/airflow/example_dags/example_branch_day_of_week_operator.py
[2024-05-24T15:09:36.420+0000] {processor.py:840} INFO - DAG(s) 'example_weekday_branch_operator' retrieved from /usr/local/python/3.10.13/lib/python3.10/site-packages/airflow/example_dags/example_branch_day_of_week_operator.py
[2024-05-24T15:09:36.432+0000] {logging_mixin.py:188} INFO - [2024-05-24T15:09:36.432+0000] {dag.py:3096} INFO - Sync 1 DAGs
[2024-05-24T15:09:36.454+0000] {logging_mixin.py:188} INFO - [2024-05-24T15:09:36.454+0000] {dag.py:3954} INFO - Setting next_dagrun for example_weekday_branch_operator to 2024-05-23 00:00:00+00:00, run_after=2024-05-24 00:00:00+00:00
[2024-05-24T15:09:36.496+0000] {processor.py:183} INFO - Processing /usr/local/python/3.10.13/lib/python3.10/site-packages/airflow/example_dags/example_branch_day_of_week_operator.py took 0.088 seconds
[2024-05-24T15:10:36.977+0000] {processor.py:161} INFO - Started process (PID=72650) to work on /usr/local/python/3.10.13/lib/python3.10/site-packages/airflow/example_dags/example_branch_day_of_week_operator.py
[2024-05-24T15:10:36.978+0000] {processor.py:830} INFO - Processing file /usr/local/python/3.10.13/lib/python3.10/site-packages/airflow/example_dags/example_branch_day_of_week_operator.py for tasks to queue
[2024-05-24T15:10:36.979+0000] {logging_mixin.py:188} INFO - [2024-05-24T15:10:36.979+0000] {dagbag.py:545} INFO - Filling up the DagBag from /usr/local/python/3.10.13/lib/python3.10/site-packages/airflow/example_dags/example_branch_day_of_week_operator.py
[2024-05-24T15:10:36.990+0000] {processor.py:840} INFO - DAG(s) 'example_weekday_branch_operator' retrieved from /usr/local/python/3.10.13/lib/python3.10/site-packages/airflow/example_dags/example_branch_day_of_week_operator.py
[2024-05-24T15:10:37.013+0000] {logging_mixin.py:188} INFO - [2024-05-24T15:10:37.012+0000] {dag.py:3096} INFO - Sync 1 DAGs
[2024-05-24T15:10:37.037+0000] {logging_mixin.py:188} INFO - [2024-05-24T15:10:37.037+0000] {dag.py:3954} INFO - Setting next_dagrun for example_weekday_branch_operator to 2024-05-23 00:00:00+00:00, run_after=2024-05-24 00:00:00+00:00
[2024-05-24T15:10:37.085+0000] {processor.py:183} INFO - Processing /usr/local/python/3.10.13/lib/python3.10/site-packages/airflow/example_dags/example_branch_day_of_week_operator.py took 0.116 seconds
[2024-05-24T15:11:38.940+0000] {processor.py:161} INFO - Started process (PID=73108) to work on /usr/local/python/3.10.13/lib/python3.10/site-packages/airflow/example_dags/example_branch_day_of_week_operator.py
[2024-05-24T15:11:38.940+0000] {processor.py:830} INFO - Processing file /usr/local/python/3.10.13/lib/python3.10/site-packages/airflow/example_dags/example_branch_day_of_week_operator.py for tasks to queue
[2024-05-24T15:11:38.942+0000] {logging_mixin.py:188} INFO - [2024-05-24T15:11:38.941+0000] {dagbag.py:545} INFO - Filling up the DagBag from /usr/local/python/3.10.13/lib/python3.10/site-packages/airflow/example_dags/example_branch_day_of_week_operator.py
[2024-05-24T15:11:38.950+0000] {processor.py:840} INFO - DAG(s) 'example_weekday_branch_operator' retrieved from /usr/local/python/3.10.13/lib/python3.10/site-packages/airflow/example_dags/example_branch_day_of_week_operator.py
[2024-05-24T15:11:38.966+0000] {logging_mixin.py:188} INFO - [2024-05-24T15:11:38.966+0000] {dag.py:3096} INFO - Sync 1 DAGs
[2024-05-24T15:11:38.982+0000] {logging_mixin.py:188} INFO - [2024-05-24T15:11:38.982+0000] {dag.py:3954} INFO - Setting next_dagrun for example_weekday_branch_operator to 2024-05-23 00:00:00+00:00, run_after=2024-05-24 00:00:00+00:00
[2024-05-24T15:11:39.020+0000] {processor.py:183} INFO - Processing /usr/local/python/3.10.13/lib/python3.10/site-packages/airflow/example_dags/example_branch_day_of_week_operator.py took 0.085 seconds
[2024-05-24T15:12:40.630+0000] {processor.py:161} INFO - Started process (PID=73571) to work on /usr/local/python/3.10.13/lib/python3.10/site-packages/airflow/example_dags/example_branch_day_of_week_operator.py
[2024-05-24T15:12:40.631+0000] {processor.py:830} INFO - Processing file /usr/local/python/3.10.13/lib/python3.10/site-packages/airflow/example_dags/example_branch_day_of_week_operator.py for tasks to queue
[2024-05-24T15:12:40.632+0000] {logging_mixin.py:188} INFO - [2024-05-24T15:12:40.632+0000] {dagbag.py:545} INFO - Filling up the DagBag from /usr/local/python/3.10.13/lib/python3.10/site-packages/airflow/example_dags/example_branch_day_of_week_operator.py
[2024-05-24T15:12:40.639+0000] {processor.py:840} INFO - DAG(s) 'example_weekday_branch_operator' retrieved from /usr/local/python/3.10.13/lib/python3.10/site-packages/airflow/example_dags/example_branch_day_of_week_operator.py
[2024-05-24T15:12:40.651+0000] {logging_mixin.py:188} INFO - [2024-05-24T15:12:40.651+0000] {dag.py:3096} INFO - Sync 1 DAGs
[2024-05-24T15:12:40.667+0000] {logging_mixin.py:188} INFO - [2024-05-24T15:12:40.667+0000] {dag.py:3954} INFO - Setting next_dagrun for example_weekday_branch_operator to 2024-05-23 00:00:00+00:00, run_after=2024-05-24 00:00:00+00:00
[2024-05-24T15:12:40.706+0000] {processor.py:183} INFO - Processing /usr/local/python/3.10.13/lib/python3.10/site-packages/airflow/example_dags/example_branch_day_of_week_operator.py took 0.080 seconds
[2024-05-24T15:13:39.527+0000] {processor.py:161} INFO - Started process (PID=74017) to work on /usr/local/python/3.10.13/lib/python3.10/site-packages/airflow/example_dags/example_branch_day_of_week_operator.py
[2024-05-24T15:13:39.528+0000] {processor.py:830} INFO - Processing file /usr/local/python/3.10.13/lib/python3.10/site-packages/airflow/example_dags/example_branch_day_of_week_operator.py for tasks to queue
[2024-05-24T15:13:39.529+0000] {logging_mixin.py:188} INFO - [2024-05-24T15:13:39.529+0000] {dagbag.py:545} INFO - Filling up the DagBag from /usr/local/python/3.10.13/lib/python3.10/site-packages/airflow/example_dags/example_branch_day_of_week_operator.py
[2024-05-24T15:13:39.536+0000] {processor.py:840} INFO - DAG(s) 'example_weekday_branch_operator' retrieved from /usr/local/python/3.10.13/lib/python3.10/site-packages/airflow/example_dags/example_branch_day_of_week_operator.py
[2024-05-24T15:13:39.548+0000] {logging_mixin.py:188} INFO - [2024-05-24T15:13:39.548+0000] {dag.py:3096} INFO - Sync 1 DAGs
[2024-05-24T15:13:39.563+0000] {logging_mixin.py:188} INFO - [2024-05-24T15:13:39.563+0000] {dag.py:3954} INFO - Setting next_dagrun for example_weekday_branch_operator to 2024-05-23 00:00:00+00:00, run_after=2024-05-24 00:00:00+00:00
[2024-05-24T15:13:39.607+0000] {processor.py:183} INFO - Processing /usr/local/python/3.10.13/lib/python3.10/site-packages/airflow/example_dags/example_branch_day_of_week_operator.py took 0.084 seconds
[2024-05-24T15:14:40.504+0000] {processor.py:161} INFO - Started process (PID=74482) to work on /usr/local/python/3.10.13/lib/python3.10/site-packages/airflow/example_dags/example_branch_day_of_week_operator.py
[2024-05-24T15:14:40.505+0000] {processor.py:830} INFO - Processing file /usr/local/python/3.10.13/lib/python3.10/site-packages/airflow/example_dags/example_branch_day_of_week_operator.py for tasks to queue
[2024-05-24T15:14:40.507+0000] {logging_mixin.py:188} INFO - [2024-05-24T15:14:40.506+0000] {dagbag.py:545} INFO - Filling up the DagBag from /usr/local/python/3.10.13/lib/python3.10/site-packages/airflow/example_dags/example_branch_day_of_week_operator.py
[2024-05-24T15:14:40.514+0000] {processor.py:840} INFO - DAG(s) 'example_weekday_branch_operator' retrieved from /usr/local/python/3.10.13/lib/python3.10/site-packages/airflow/example_dags/example_branch_day_of_week_operator.py
[2024-05-24T15:14:40.527+0000] {logging_mixin.py:188} INFO - [2024-05-24T15:14:40.527+0000] {dag.py:3096} INFO - Sync 1 DAGs
[2024-05-24T15:14:40.543+0000] {logging_mixin.py:188} INFO - [2024-05-24T15:14:40.543+0000] {dag.py:3954} INFO - Setting next_dagrun for example_weekday_branch_operator to 2024-05-23 00:00:00+00:00, run_after=2024-05-24 00:00:00+00:00
[2024-05-24T15:14:40.581+0000] {processor.py:183} INFO - Processing /usr/local/python/3.10.13/lib/python3.10/site-packages/airflow/example_dags/example_branch_day_of_week_operator.py took 0.082 seconds
[2024-05-24T15:15:39.270+0000] {processor.py:161} INFO - Started process (PID=74924) to work on /usr/local/python/3.10.13/lib/python3.10/site-packages/airflow/example_dags/example_branch_day_of_week_operator.py
[2024-05-24T15:15:39.270+0000] {processor.py:830} INFO - Processing file /usr/local/python/3.10.13/lib/python3.10/site-packages/airflow/example_dags/example_branch_day_of_week_operator.py for tasks to queue
[2024-05-24T15:15:39.272+0000] {logging_mixin.py:188} INFO - [2024-05-24T15:15:39.271+0000] {dagbag.py:545} INFO - Filling up the DagBag from /usr/local/python/3.10.13/lib/python3.10/site-packages/airflow/example_dags/example_branch_day_of_week_operator.py
[2024-05-24T15:15:39.278+0000] {processor.py:840} INFO - DAG(s) 'example_weekday_branch_operator' retrieved from /usr/local/python/3.10.13/lib/python3.10/site-packages/airflow/example_dags/example_branch_day_of_week_operator.py
[2024-05-24T15:15:39.290+0000] {logging_mixin.py:188} INFO - [2024-05-24T15:15:39.290+0000] {dag.py:3096} INFO - Sync 1 DAGs
[2024-05-24T15:15:39.305+0000] {logging_mixin.py:188} INFO - [2024-05-24T15:15:39.305+0000] {dag.py:3954} INFO - Setting next_dagrun for example_weekday_branch_operator to 2024-05-23 00:00:00+00:00, run_after=2024-05-24 00:00:00+00:00
[2024-05-24T15:15:39.343+0000] {processor.py:183} INFO - Processing /usr/local/python/3.10.13/lib/python3.10/site-packages/airflow/example_dags/example_branch_day_of_week_operator.py took 0.078 seconds
[2024-05-24T15:16:39.423+0000] {processor.py:161} INFO - Started process (PID=75376) to work on /usr/local/python/3.10.13/lib/python3.10/site-packages/airflow/example_dags/example_branch_day_of_week_operator.py
[2024-05-24T15:16:39.424+0000] {processor.py:830} INFO - Processing file /usr/local/python/3.10.13/lib/python3.10/site-packages/airflow/example_dags/example_branch_day_of_week_operator.py for tasks to queue
[2024-05-24T15:16:39.425+0000] {logging_mixin.py:188} INFO - [2024-05-24T15:16:39.425+0000] {dagbag.py:545} INFO - Filling up the DagBag from /usr/local/python/3.10.13/lib/python3.10/site-packages/airflow/example_dags/example_branch_day_of_week_operator.py
[2024-05-24T15:16:39.432+0000] {processor.py:840} INFO - DAG(s) 'example_weekday_branch_operator' retrieved from /usr/local/python/3.10.13/lib/python3.10/site-packages/airflow/example_dags/example_branch_day_of_week_operator.py
[2024-05-24T15:16:39.444+0000] {logging_mixin.py:188} INFO - [2024-05-24T15:16:39.444+0000] {dag.py:3096} INFO - Sync 1 DAGs
[2024-05-24T15:16:39.459+0000] {logging_mixin.py:188} INFO - [2024-05-24T15:16:39.459+0000] {dag.py:3954} INFO - Setting next_dagrun for example_weekday_branch_operator to 2024-05-23 00:00:00+00:00, run_after=2024-05-24 00:00:00+00:00
[2024-05-24T15:16:39.498+0000] {processor.py:183} INFO - Processing /usr/local/python/3.10.13/lib/python3.10/site-packages/airflow/example_dags/example_branch_day_of_week_operator.py took 0.080 seconds
[2024-05-24T15:17:39.778+0000] {processor.py:161} INFO - Started process (PID=75834) to work on /usr/local/python/3.10.13/lib/python3.10/site-packages/airflow/example_dags/example_branch_day_of_week_operator.py
[2024-05-24T15:17:39.779+0000] {processor.py:830} INFO - Processing file /usr/local/python/3.10.13/lib/python3.10/site-packages/airflow/example_dags/example_branch_day_of_week_operator.py for tasks to queue
[2024-05-24T15:17:39.781+0000] {logging_mixin.py:188} INFO - [2024-05-24T15:17:39.780+0000] {dagbag.py:545} INFO - Filling up the DagBag from /usr/local/python/3.10.13/lib/python3.10/site-packages/airflow/example_dags/example_branch_day_of_week_operator.py
[2024-05-24T15:17:39.792+0000] {processor.py:840} INFO - DAG(s) 'example_weekday_branch_operator' retrieved from /usr/local/python/3.10.13/lib/python3.10/site-packages/airflow/example_dags/example_branch_day_of_week_operator.py
[2024-05-24T15:17:39.805+0000] {logging_mixin.py:188} INFO - [2024-05-24T15:17:39.804+0000] {dag.py:3096} INFO - Sync 1 DAGs
[2024-05-24T15:17:39.820+0000] {logging_mixin.py:188} INFO - [2024-05-24T15:17:39.820+0000] {dag.py:3954} INFO - Setting next_dagrun for example_weekday_branch_operator to 2024-05-23 00:00:00+00:00, run_after=2024-05-24 00:00:00+00:00
[2024-05-24T15:17:39.859+0000] {processor.py:183} INFO - Processing /usr/local/python/3.10.13/lib/python3.10/site-packages/airflow/example_dags/example_branch_day_of_week_operator.py took 0.086 seconds
[2024-05-24T15:18:36.811+0000] {processor.py:161} INFO - Started process (PID=76255) to work on /usr/local/python/3.10.13/lib/python3.10/site-packages/airflow/example_dags/example_branch_day_of_week_operator.py
[2024-05-24T15:18:36.812+0000] {processor.py:830} INFO - Processing file /usr/local/python/3.10.13/lib/python3.10/site-packages/airflow/example_dags/example_branch_day_of_week_operator.py for tasks to queue
[2024-05-24T15:18:36.813+0000] {logging_mixin.py:188} INFO - [2024-05-24T15:18:36.813+0000] {dagbag.py:545} INFO - Filling up the DagBag from /usr/local/python/3.10.13/lib/python3.10/site-packages/airflow/example_dags/example_branch_day_of_week_operator.py
[2024-05-24T15:18:36.820+0000] {processor.py:840} INFO - DAG(s) 'example_weekday_branch_operator' retrieved from /usr/local/python/3.10.13/lib/python3.10/site-packages/airflow/example_dags/example_branch_day_of_week_operator.py
[2024-05-24T15:18:36.832+0000] {logging_mixin.py:188} INFO - [2024-05-24T15:18:36.832+0000] {dag.py:3096} INFO - Sync 1 DAGs
[2024-05-24T15:18:36.849+0000] {logging_mixin.py:188} INFO - [2024-05-24T15:18:36.848+0000] {dag.py:3954} INFO - Setting next_dagrun for example_weekday_branch_operator to 2024-05-23 00:00:00+00:00, run_after=2024-05-24 00:00:00+00:00
[2024-05-24T15:18:36.887+0000] {processor.py:183} INFO - Processing /usr/local/python/3.10.13/lib/python3.10/site-packages/airflow/example_dags/example_branch_day_of_week_operator.py took 0.081 seconds
[2024-05-24T15:19:41.713+0000] {processor.py:161} INFO - Started process (PID=76752) to work on /usr/local/python/3.10.13/lib/python3.10/site-packages/airflow/example_dags/example_branch_day_of_week_operator.py
[2024-05-24T15:19:41.713+0000] {processor.py:830} INFO - Processing file /usr/local/python/3.10.13/lib/python3.10/site-packages/airflow/example_dags/example_branch_day_of_week_operator.py for tasks to queue
[2024-05-24T15:19:41.715+0000] {logging_mixin.py:188} INFO - [2024-05-24T15:19:41.714+0000] {dagbag.py:545} INFO - Filling up the DagBag from /usr/local/python/3.10.13/lib/python3.10/site-packages/airflow/example_dags/example_branch_day_of_week_operator.py
[2024-05-24T15:19:41.721+0000] {processor.py:840} INFO - DAG(s) 'example_weekday_branch_operator' retrieved from /usr/local/python/3.10.13/lib/python3.10/site-packages/airflow/example_dags/example_branch_day_of_week_operator.py
[2024-05-24T15:19:41.734+0000] {logging_mixin.py:188} INFO - [2024-05-24T15:19:41.734+0000] {dag.py:3096} INFO - Sync 1 DAGs
[2024-05-24T15:19:41.749+0000] {logging_mixin.py:188} INFO - [2024-05-24T15:19:41.749+0000] {dag.py:3954} INFO - Setting next_dagrun for example_weekday_branch_operator to 2024-05-23 00:00:00+00:00, run_after=2024-05-24 00:00:00+00:00
[2024-05-24T15:19:41.787+0000] {processor.py:183} INFO - Processing /usr/local/python/3.10.13/lib/python3.10/site-packages/airflow/example_dags/example_branch_day_of_week_operator.py took 0.079 seconds
[2024-05-24T15:20:43.753+0000] {processor.py:161} INFO - Started process (PID=77212) to work on /usr/local/python/3.10.13/lib/python3.10/site-packages/airflow/example_dags/example_branch_day_of_week_operator.py
[2024-05-24T15:20:43.754+0000] {processor.py:830} INFO - Processing file /usr/local/python/3.10.13/lib/python3.10/site-packages/airflow/example_dags/example_branch_day_of_week_operator.py for tasks to queue
[2024-05-24T15:20:43.755+0000] {logging_mixin.py:188} INFO - [2024-05-24T15:20:43.755+0000] {dagbag.py:545} INFO - Filling up the DagBag from /usr/local/python/3.10.13/lib/python3.10/site-packages/airflow/example_dags/example_branch_day_of_week_operator.py
[2024-05-24T15:20:43.763+0000] {processor.py:840} INFO - DAG(s) 'example_weekday_branch_operator' retrieved from /usr/local/python/3.10.13/lib/python3.10/site-packages/airflow/example_dags/example_branch_day_of_week_operator.py
[2024-05-24T15:20:43.776+0000] {logging_mixin.py:188} INFO - [2024-05-24T15:20:43.776+0000] {dag.py:3096} INFO - Sync 1 DAGs
[2024-05-24T15:20:43.793+0000] {logging_mixin.py:188} INFO - [2024-05-24T15:20:43.793+0000] {dag.py:3954} INFO - Setting next_dagrun for example_weekday_branch_operator to 2024-05-23 00:00:00+00:00, run_after=2024-05-24 00:00:00+00:00
[2024-05-24T15:20:43.836+0000] {processor.py:183} INFO - Processing /usr/local/python/3.10.13/lib/python3.10/site-packages/airflow/example_dags/example_branch_day_of_week_operator.py took 0.088 seconds
[2024-05-24T15:21:45.715+0000] {processor.py:161} INFO - Started process (PID=77676) to work on /usr/local/python/3.10.13/lib/python3.10/site-packages/airflow/example_dags/example_branch_day_of_week_operator.py
[2024-05-24T15:21:45.715+0000] {processor.py:830} INFO - Processing file /usr/local/python/3.10.13/lib/python3.10/site-packages/airflow/example_dags/example_branch_day_of_week_operator.py for tasks to queue
[2024-05-24T15:21:45.717+0000] {logging_mixin.py:188} INFO - [2024-05-24T15:21:45.716+0000] {dagbag.py:545} INFO - Filling up the DagBag from /usr/local/python/3.10.13/lib/python3.10/site-packages/airflow/example_dags/example_branch_day_of_week_operator.py
[2024-05-24T15:21:45.723+0000] {processor.py:840} INFO - DAG(s) 'example_weekday_branch_operator' retrieved from /usr/local/python/3.10.13/lib/python3.10/site-packages/airflow/example_dags/example_branch_day_of_week_operator.py
[2024-05-24T15:21:45.735+0000] {logging_mixin.py:188} INFO - [2024-05-24T15:21:45.735+0000] {dag.py:3096} INFO - Sync 1 DAGs
[2024-05-24T15:21:45.751+0000] {logging_mixin.py:188} INFO - [2024-05-24T15:21:45.751+0000] {dag.py:3954} INFO - Setting next_dagrun for example_weekday_branch_operator to 2024-05-23 00:00:00+00:00, run_after=2024-05-24 00:00:00+00:00
[2024-05-24T15:21:45.792+0000] {processor.py:183} INFO - Processing /usr/local/python/3.10.13/lib/python3.10/site-packages/airflow/example_dags/example_branch_day_of_week_operator.py took 0.082 seconds
[2024-05-24T15:22:51.448+0000] {processor.py:161} INFO - Started process (PID=78163) to work on /usr/local/python/3.10.13/lib/python3.10/site-packages/airflow/example_dags/example_branch_day_of_week_operator.py
[2024-05-24T15:22:51.449+0000] {processor.py:830} INFO - Processing file /usr/local/python/3.10.13/lib/python3.10/site-packages/airflow/example_dags/example_branch_day_of_week_operator.py for tasks to queue
[2024-05-24T15:22:51.450+0000] {logging_mixin.py:188} INFO - [2024-05-24T15:22:51.450+0000] {dagbag.py:545} INFO - Filling up the DagBag from /usr/local/python/3.10.13/lib/python3.10/site-packages/airflow/example_dags/example_branch_day_of_week_operator.py
[2024-05-24T15:22:51.457+0000] {processor.py:840} INFO - DAG(s) 'example_weekday_branch_operator' retrieved from /usr/local/python/3.10.13/lib/python3.10/site-packages/airflow/example_dags/example_branch_day_of_week_operator.py
[2024-05-24T15:22:51.469+0000] {logging_mixin.py:188} INFO - [2024-05-24T15:22:51.469+0000] {dag.py:3096} INFO - Sync 1 DAGs
[2024-05-24T15:22:51.485+0000] {logging_mixin.py:188} INFO - [2024-05-24T15:22:51.484+0000] {dag.py:3954} INFO - Setting next_dagrun for example_weekday_branch_operator to 2024-05-23 00:00:00+00:00, run_after=2024-05-24 00:00:00+00:00
[2024-05-24T15:22:51.523+0000] {processor.py:183} INFO - Processing /usr/local/python/3.10.13/lib/python3.10/site-packages/airflow/example_dags/example_branch_day_of_week_operator.py took 0.079 seconds
[2024-05-24T15:23:54.142+0000] {processor.py:161} INFO - Started process (PID=78648) to work on /usr/local/python/3.10.13/lib/python3.10/site-packages/airflow/example_dags/example_branch_day_of_week_operator.py
[2024-05-24T15:23:54.143+0000] {processor.py:830} INFO - Processing file /usr/local/python/3.10.13/lib/python3.10/site-packages/airflow/example_dags/example_branch_day_of_week_operator.py for tasks to queue
[2024-05-24T15:23:54.144+0000] {logging_mixin.py:188} INFO - [2024-05-24T15:23:54.143+0000] {dagbag.py:545} INFO - Filling up the DagBag from /usr/local/python/3.10.13/lib/python3.10/site-packages/airflow/example_dags/example_branch_day_of_week_operator.py
[2024-05-24T15:23:54.150+0000] {processor.py:840} INFO - DAG(s) 'example_weekday_branch_operator' retrieved from /usr/local/python/3.10.13/lib/python3.10/site-packages/airflow/example_dags/example_branch_day_of_week_operator.py
[2024-05-24T15:23:54.163+0000] {logging_mixin.py:188} INFO - [2024-05-24T15:23:54.162+0000] {dag.py:3096} INFO - Sync 1 DAGs
[2024-05-24T15:23:54.180+0000] {logging_mixin.py:188} INFO - [2024-05-24T15:23:54.180+0000] {dag.py:3954} INFO - Setting next_dagrun for example_weekday_branch_operator to 2024-05-23 00:00:00+00:00, run_after=2024-05-24 00:00:00+00:00
[2024-05-24T15:23:54.220+0000] {processor.py:183} INFO - Processing /usr/local/python/3.10.13/lib/python3.10/site-packages/airflow/example_dags/example_branch_day_of_week_operator.py took 0.083 seconds
[2024-05-24T15:25:01.266+0000] {processor.py:161} INFO - Started process (PID=79147) to work on /usr/local/python/3.10.13/lib/python3.10/site-packages/airflow/example_dags/example_branch_day_of_week_operator.py
[2024-05-24T15:25:01.267+0000] {processor.py:830} INFO - Processing file /usr/local/python/3.10.13/lib/python3.10/site-packages/airflow/example_dags/example_branch_day_of_week_operator.py for tasks to queue
[2024-05-24T15:25:01.268+0000] {logging_mixin.py:188} INFO - [2024-05-24T15:25:01.268+0000] {dagbag.py:545} INFO - Filling up the DagBag from /usr/local/python/3.10.13/lib/python3.10/site-packages/airflow/example_dags/example_branch_day_of_week_operator.py
[2024-05-24T15:25:01.275+0000] {processor.py:840} INFO - DAG(s) 'example_weekday_branch_operator' retrieved from /usr/local/python/3.10.13/lib/python3.10/site-packages/airflow/example_dags/example_branch_day_of_week_operator.py
[2024-05-24T15:25:01.287+0000] {logging_mixin.py:188} INFO - [2024-05-24T15:25:01.287+0000] {dag.py:3096} INFO - Sync 1 DAGs
[2024-05-24T15:25:01.303+0000] {logging_mixin.py:188} INFO - [2024-05-24T15:25:01.303+0000] {dag.py:3954} INFO - Setting next_dagrun for example_weekday_branch_operator to 2024-05-23 00:00:00+00:00, run_after=2024-05-24 00:00:00+00:00
[2024-05-24T15:25:01.344+0000] {processor.py:183} INFO - Processing /usr/local/python/3.10.13/lib/python3.10/site-packages/airflow/example_dags/example_branch_day_of_week_operator.py took 0.083 seconds
[2024-05-24T15:26:01.786+0000] {processor.py:161} INFO - Started process (PID=79597) to work on /usr/local/python/3.10.13/lib/python3.10/site-packages/airflow/example_dags/example_branch_day_of_week_operator.py
[2024-05-24T15:26:01.786+0000] {processor.py:830} INFO - Processing file /usr/local/python/3.10.13/lib/python3.10/site-packages/airflow/example_dags/example_branch_day_of_week_operator.py for tasks to queue
[2024-05-24T15:26:01.788+0000] {logging_mixin.py:188} INFO - [2024-05-24T15:26:01.788+0000] {dagbag.py:545} INFO - Filling up the DagBag from /usr/local/python/3.10.13/lib/python3.10/site-packages/airflow/example_dags/example_branch_day_of_week_operator.py
[2024-05-24T15:26:01.795+0000] {processor.py:840} INFO - DAG(s) 'example_weekday_branch_operator' retrieved from /usr/local/python/3.10.13/lib/python3.10/site-packages/airflow/example_dags/example_branch_day_of_week_operator.py
[2024-05-24T15:26:01.807+0000] {logging_mixin.py:188} INFO - [2024-05-24T15:26:01.807+0000] {dag.py:3096} INFO - Sync 1 DAGs
[2024-05-24T15:26:01.824+0000] {logging_mixin.py:188} INFO - [2024-05-24T15:26:01.823+0000] {dag.py:3954} INFO - Setting next_dagrun for example_weekday_branch_operator to 2024-05-23 00:00:00+00:00, run_after=2024-05-24 00:00:00+00:00
[2024-05-24T15:26:01.864+0000] {processor.py:183} INFO - Processing /usr/local/python/3.10.13/lib/python3.10/site-packages/airflow/example_dags/example_branch_day_of_week_operator.py took 0.083 seconds
[2024-05-24T15:26:59.673+0000] {processor.py:161} INFO - Started process (PID=80039) to work on /usr/local/python/3.10.13/lib/python3.10/site-packages/airflow/example_dags/example_branch_day_of_week_operator.py
[2024-05-24T15:26:59.674+0000] {processor.py:830} INFO - Processing file /usr/local/python/3.10.13/lib/python3.10/site-packages/airflow/example_dags/example_branch_day_of_week_operator.py for tasks to queue
[2024-05-24T15:26:59.675+0000] {logging_mixin.py:188} INFO - [2024-05-24T15:26:59.674+0000] {dagbag.py:545} INFO - Filling up the DagBag from /usr/local/python/3.10.13/lib/python3.10/site-packages/airflow/example_dags/example_branch_day_of_week_operator.py
[2024-05-24T15:26:59.681+0000] {processor.py:840} INFO - DAG(s) 'example_weekday_branch_operator' retrieved from /usr/local/python/3.10.13/lib/python3.10/site-packages/airflow/example_dags/example_branch_day_of_week_operator.py
[2024-05-24T15:26:59.693+0000] {logging_mixin.py:188} INFO - [2024-05-24T15:26:59.693+0000] {dag.py:3096} INFO - Sync 1 DAGs
[2024-05-24T15:26:59.710+0000] {logging_mixin.py:188} INFO - [2024-05-24T15:26:59.709+0000] {dag.py:3954} INFO - Setting next_dagrun for example_weekday_branch_operator to 2024-05-23 00:00:00+00:00, run_after=2024-05-24 00:00:00+00:00
[2024-05-24T15:26:59.748+0000] {processor.py:183} INFO - Processing /usr/local/python/3.10.13/lib/python3.10/site-packages/airflow/example_dags/example_branch_day_of_week_operator.py took 0.080 seconds
[2024-05-24T15:28:01.566+0000] {processor.py:161} INFO - Started process (PID=80496) to work on /usr/local/python/3.10.13/lib/python3.10/site-packages/airflow/example_dags/example_branch_day_of_week_operator.py
[2024-05-24T15:28:01.566+0000] {processor.py:830} INFO - Processing file /usr/local/python/3.10.13/lib/python3.10/site-packages/airflow/example_dags/example_branch_day_of_week_operator.py for tasks to queue
[2024-05-24T15:28:01.568+0000] {logging_mixin.py:188} INFO - [2024-05-24T15:28:01.567+0000] {dagbag.py:545} INFO - Filling up the DagBag from /usr/local/python/3.10.13/lib/python3.10/site-packages/airflow/example_dags/example_branch_day_of_week_operator.py
[2024-05-24T15:28:01.574+0000] {processor.py:840} INFO - DAG(s) 'example_weekday_branch_operator' retrieved from /usr/local/python/3.10.13/lib/python3.10/site-packages/airflow/example_dags/example_branch_day_of_week_operator.py
[2024-05-24T15:28:01.586+0000] {logging_mixin.py:188} INFO - [2024-05-24T15:28:01.586+0000] {dag.py:3096} INFO - Sync 1 DAGs
[2024-05-24T15:28:01.602+0000] {logging_mixin.py:188} INFO - [2024-05-24T15:28:01.602+0000] {dag.py:3954} INFO - Setting next_dagrun for example_weekday_branch_operator to 2024-05-23 00:00:00+00:00, run_after=2024-05-24 00:00:00+00:00
[2024-05-24T15:28:01.641+0000] {processor.py:183} INFO - Processing /usr/local/python/3.10.13/lib/python3.10/site-packages/airflow/example_dags/example_branch_day_of_week_operator.py took 0.080 seconds
[2024-05-24T15:29:04.057+0000] {processor.py:161} INFO - Started process (PID=80967) to work on /usr/local/python/3.10.13/lib/python3.10/site-packages/airflow/example_dags/example_branch_day_of_week_operator.py
[2024-05-24T15:29:04.058+0000] {processor.py:830} INFO - Processing file /usr/local/python/3.10.13/lib/python3.10/site-packages/airflow/example_dags/example_branch_day_of_week_operator.py for tasks to queue
[2024-05-24T15:29:04.059+0000] {logging_mixin.py:188} INFO - [2024-05-24T15:29:04.059+0000] {dagbag.py:545} INFO - Filling up the DagBag from /usr/local/python/3.10.13/lib/python3.10/site-packages/airflow/example_dags/example_branch_day_of_week_operator.py
[2024-05-24T15:29:04.066+0000] {processor.py:840} INFO - DAG(s) 'example_weekday_branch_operator' retrieved from /usr/local/python/3.10.13/lib/python3.10/site-packages/airflow/example_dags/example_branch_day_of_week_operator.py
[2024-05-24T15:29:04.080+0000] {logging_mixin.py:188} INFO - [2024-05-24T15:29:04.080+0000] {dag.py:3096} INFO - Sync 1 DAGs
[2024-05-24T15:29:04.099+0000] {logging_mixin.py:188} INFO - [2024-05-24T15:29:04.098+0000] {dag.py:3954} INFO - Setting next_dagrun for example_weekday_branch_operator to 2024-05-23 00:00:00+00:00, run_after=2024-05-24 00:00:00+00:00
[2024-05-24T15:29:04.154+0000] {processor.py:183} INFO - Processing /usr/local/python/3.10.13/lib/python3.10/site-packages/airflow/example_dags/example_branch_day_of_week_operator.py took 0.101 seconds
