[2024-05-24T14:42:56.956+0000] {processor.py:161} INFO - Started process (PID=58437) to work on /usr/local/python/3.10.13/lib/python3.10/site-packages/airflow/example_dags/example_datasets.py
[2024-05-24T14:42:56.957+0000] {processor.py:830} INFO - Processing file /usr/local/python/3.10.13/lib/python3.10/site-packages/airflow/example_dags/example_datasets.py for tasks to queue
[2024-05-24T14:42:56.958+0000] {logging_mixin.py:188} INFO - [2024-05-24T14:42:56.957+0000] {dagbag.py:545} INFO - Filling up the DagBag from /usr/local/python/3.10.13/lib/python3.10/site-packages/airflow/example_dags/example_datasets.py
[2024-05-24T14:42:56.967+0000] {processor.py:840} INFO - DAG(s) 'dataset_consumes_unknown_never_scheduled', 'conditional_dataset_and_time_based_timetable', 'dataset_consumes_1_never_scheduled', 'dataset_consumes_1', 'consume_1_or_2_with_dataset_expressions', 'dataset_produces_2', 'consume_1_and_2_with_dataset_expressions', 'dataset_consumes_1_and_2', 'consume_1_or_both_2_and_3_with_dataset_expressions', 'dataset_produces_1' retrieved from /usr/local/python/3.10.13/lib/python3.10/site-packages/airflow/example_dags/example_datasets.py
[2024-05-24T14:42:57.179+0000] {logging_mixin.py:188} INFO - [2024-05-24T14:42:57.178+0000] {override.py:1829} INFO - Created Permission View: can read on DAG:dataset_consumes_unknown_never_scheduled
[2024-05-24T14:42:57.209+0000] {logging_mixin.py:188} INFO - [2024-05-24T14:42:57.209+0000] {override.py:1829} INFO - Created Permission View: can edit on DAG:dataset_consumes_unknown_never_scheduled
[2024-05-24T14:42:57.237+0000] {logging_mixin.py:188} INFO - [2024-05-24T14:42:57.237+0000] {override.py:1829} INFO - Created Permission View: can delete on DAG:dataset_consumes_unknown_never_scheduled
[2024-05-24T14:42:57.298+0000] {logging_mixin.py:188} INFO - [2024-05-24T14:42:57.297+0000] {override.py:1829} INFO - Created Permission View: can read on DAG:conditional_dataset_and_time_based_timetable
[2024-05-24T14:42:57.325+0000] {logging_mixin.py:188} INFO - [2024-05-24T14:42:57.325+0000] {override.py:1829} INFO - Created Permission View: can edit on DAG:conditional_dataset_and_time_based_timetable
[2024-05-24T14:42:57.354+0000] {logging_mixin.py:188} INFO - [2024-05-24T14:42:57.354+0000] {override.py:1829} INFO - Created Permission View: can delete on DAG:conditional_dataset_and_time_based_timetable
[2024-05-24T14:42:57.415+0000] {logging_mixin.py:188} INFO - [2024-05-24T14:42:57.415+0000] {override.py:1829} INFO - Created Permission View: can read on DAG:dataset_consumes_1_never_scheduled
[2024-05-24T14:42:57.444+0000] {logging_mixin.py:188} INFO - [2024-05-24T14:42:57.444+0000] {override.py:1829} INFO - Created Permission View: can edit on DAG:dataset_consumes_1_never_scheduled
[2024-05-24T14:42:57.472+0000] {logging_mixin.py:188} INFO - [2024-05-24T14:42:57.472+0000] {override.py:1829} INFO - Created Permission View: can delete on DAG:dataset_consumes_1_never_scheduled
[2024-05-24T14:42:57.534+0000] {logging_mixin.py:188} INFO - [2024-05-24T14:42:57.533+0000] {override.py:1829} INFO - Created Permission View: can read on DAG:dataset_consumes_1
[2024-05-24T14:42:57.560+0000] {logging_mixin.py:188} INFO - [2024-05-24T14:42:57.560+0000] {override.py:1829} INFO - Created Permission View: can edit on DAG:dataset_consumes_1
[2024-05-24T14:42:57.586+0000] {logging_mixin.py:188} INFO - [2024-05-24T14:42:57.586+0000] {override.py:1829} INFO - Created Permission View: can delete on DAG:dataset_consumes_1
[2024-05-24T14:42:57.647+0000] {logging_mixin.py:188} INFO - [2024-05-24T14:42:57.646+0000] {override.py:1829} INFO - Created Permission View: can read on DAG:consume_1_or_2_with_dataset_expressions
[2024-05-24T14:42:57.675+0000] {logging_mixin.py:188} INFO - [2024-05-24T14:42:57.674+0000] {override.py:1829} INFO - Created Permission View: can edit on DAG:consume_1_or_2_with_dataset_expressions
[2024-05-24T14:42:57.701+0000] {logging_mixin.py:188} INFO - [2024-05-24T14:42:57.701+0000] {override.py:1829} INFO - Created Permission View: can delete on DAG:consume_1_or_2_with_dataset_expressions
[2024-05-24T14:42:57.763+0000] {logging_mixin.py:188} INFO - [2024-05-24T14:42:57.763+0000] {override.py:1829} INFO - Created Permission View: can read on DAG:dataset_produces_2
[2024-05-24T14:42:57.791+0000] {logging_mixin.py:188} INFO - [2024-05-24T14:42:57.791+0000] {override.py:1829} INFO - Created Permission View: can edit on DAG:dataset_produces_2
[2024-05-24T14:42:57.818+0000] {logging_mixin.py:188} INFO - [2024-05-24T14:42:57.818+0000] {override.py:1829} INFO - Created Permission View: can delete on DAG:dataset_produces_2
[2024-05-24T14:42:57.884+0000] {logging_mixin.py:188} INFO - [2024-05-24T14:42:57.884+0000] {override.py:1829} INFO - Created Permission View: can read on DAG:consume_1_and_2_with_dataset_expressions
[2024-05-24T14:42:57.914+0000] {logging_mixin.py:188} INFO - [2024-05-24T14:42:57.914+0000] {override.py:1829} INFO - Created Permission View: can edit on DAG:consume_1_and_2_with_dataset_expressions
[2024-05-24T14:42:57.953+0000] {logging_mixin.py:188} INFO - [2024-05-24T14:42:57.953+0000] {override.py:1829} INFO - Created Permission View: can delete on DAG:consume_1_and_2_with_dataset_expressions
[2024-05-24T14:42:58.028+0000] {logging_mixin.py:188} INFO - [2024-05-24T14:42:58.027+0000] {override.py:1829} INFO - Created Permission View: can read on DAG:dataset_consumes_1_and_2
[2024-05-24T14:42:58.056+0000] {logging_mixin.py:188} INFO - [2024-05-24T14:42:58.056+0000] {override.py:1829} INFO - Created Permission View: can edit on DAG:dataset_consumes_1_and_2
[2024-05-24T14:42:58.083+0000] {logging_mixin.py:188} INFO - [2024-05-24T14:42:58.083+0000] {override.py:1829} INFO - Created Permission View: can delete on DAG:dataset_consumes_1_and_2
[2024-05-24T14:42:58.155+0000] {logging_mixin.py:188} INFO - [2024-05-24T14:42:58.155+0000] {override.py:1829} INFO - Created Permission View: can read on DAG:consume_1_or_both_2_and_3_with_dataset_expressions
[2024-05-24T14:42:58.187+0000] {logging_mixin.py:188} INFO - [2024-05-24T14:42:58.187+0000] {override.py:1829} INFO - Created Permission View: can edit on DAG:consume_1_or_both_2_and_3_with_dataset_expressions
[2024-05-24T14:42:58.218+0000] {logging_mixin.py:188} INFO - [2024-05-24T14:42:58.218+0000] {override.py:1829} INFO - Created Permission View: can delete on DAG:consume_1_or_both_2_and_3_with_dataset_expressions
[2024-05-24T14:42:58.281+0000] {logging_mixin.py:188} INFO - [2024-05-24T14:42:58.281+0000] {override.py:1829} INFO - Created Permission View: can read on DAG:dataset_produces_1
[2024-05-24T14:42:58.309+0000] {logging_mixin.py:188} INFO - [2024-05-24T14:42:58.309+0000] {override.py:1829} INFO - Created Permission View: can edit on DAG:dataset_produces_1
[2024-05-24T14:42:58.341+0000] {logging_mixin.py:188} INFO - [2024-05-24T14:42:58.340+0000] {override.py:1829} INFO - Created Permission View: can delete on DAG:dataset_produces_1
[2024-05-24T14:42:58.341+0000] {logging_mixin.py:188} INFO - [2024-05-24T14:42:58.341+0000] {dag.py:3096} INFO - Sync 10 DAGs
[2024-05-24T14:42:58.349+0000] {logging_mixin.py:188} INFO - [2024-05-24T14:42:58.349+0000] {dag.py:3118} INFO - Creating ORM DAG for dataset_consumes_1_never_scheduled
[2024-05-24T14:42:58.349+0000] {logging_mixin.py:188} INFO - [2024-05-24T14:42:58.349+0000] {dag.py:3118} INFO - Creating ORM DAG for dataset_produces_1
[2024-05-24T14:42:58.350+0000] {logging_mixin.py:188} INFO - [2024-05-24T14:42:58.350+0000] {dag.py:3118} INFO - Creating ORM DAG for dataset_consumes_unknown_never_scheduled
[2024-05-24T14:42:58.351+0000] {logging_mixin.py:188} INFO - [2024-05-24T14:42:58.350+0000] {dag.py:3118} INFO - Creating ORM DAG for dataset_consumes_1
[2024-05-24T14:42:58.351+0000] {logging_mixin.py:188} INFO - [2024-05-24T14:42:58.351+0000] {dag.py:3118} INFO - Creating ORM DAG for consume_1_or_both_2_and_3_with_dataset_expressions
[2024-05-24T14:42:58.352+0000] {logging_mixin.py:188} INFO - [2024-05-24T14:42:58.351+0000] {dag.py:3118} INFO - Creating ORM DAG for dataset_produces_2
[2024-05-24T14:42:58.352+0000] {logging_mixin.py:188} INFO - [2024-05-24T14:42:58.352+0000] {dag.py:3118} INFO - Creating ORM DAG for conditional_dataset_and_time_based_timetable
[2024-05-24T14:42:58.353+0000] {logging_mixin.py:188} INFO - [2024-05-24T14:42:58.353+0000] {dag.py:3118} INFO - Creating ORM DAG for dataset_consumes_1_and_2
[2024-05-24T14:42:58.354+0000] {logging_mixin.py:188} INFO - [2024-05-24T14:42:58.354+0000] {dag.py:3118} INFO - Creating ORM DAG for consume_1_or_2_with_dataset_expressions
[2024-05-24T14:42:58.355+0000] {logging_mixin.py:188} INFO - [2024-05-24T14:42:58.355+0000] {dag.py:3118} INFO - Creating ORM DAG for consume_1_and_2_with_dataset_expressions
[2024-05-24T14:42:58.362+0000] {logging_mixin.py:188} INFO - [2024-05-24T14:42:58.362+0000] {dag.py:3954} INFO - Setting next_dagrun for conditional_dataset_and_time_based_timetable to 2024-05-22 01:00:00+00:00, run_after=2024-05-22 01:00:00+00:00
[2024-05-24T14:42:58.362+0000] {logging_mixin.py:188} INFO - [2024-05-24T14:42:58.362+0000] {dag.py:3954} INFO - Setting next_dagrun for consume_1_and_2_with_dataset_expressions to None, run_after=None
[2024-05-24T14:42:58.363+0000] {logging_mixin.py:188} INFO - [2024-05-24T14:42:58.363+0000] {dag.py:3954} INFO - Setting next_dagrun for consume_1_or_2_with_dataset_expressions to None, run_after=None
[2024-05-24T14:42:58.363+0000] {logging_mixin.py:188} INFO - [2024-05-24T14:42:58.363+0000] {dag.py:3954} INFO - Setting next_dagrun for consume_1_or_both_2_and_3_with_dataset_expressions to None, run_after=None
[2024-05-24T14:42:58.364+0000] {logging_mixin.py:188} INFO - [2024-05-24T14:42:58.364+0000] {dag.py:3954} INFO - Setting next_dagrun for dataset_consumes_1 to None, run_after=None
[2024-05-24T14:42:58.364+0000] {logging_mixin.py:188} INFO - [2024-05-24T14:42:58.364+0000] {dag.py:3954} INFO - Setting next_dagrun for dataset_consumes_1_and_2 to None, run_after=None
[2024-05-24T14:42:58.365+0000] {logging_mixin.py:188} INFO - [2024-05-24T14:42:58.365+0000] {dag.py:3954} INFO - Setting next_dagrun for dataset_consumes_1_never_scheduled to None, run_after=None
[2024-05-24T14:42:58.366+0000] {logging_mixin.py:188} INFO - [2024-05-24T14:42:58.365+0000] {dag.py:3954} INFO - Setting next_dagrun for dataset_consumes_unknown_never_scheduled to None, run_after=None
[2024-05-24T14:42:58.367+0000] {logging_mixin.py:188} INFO - [2024-05-24T14:42:58.367+0000] {dag.py:3954} INFO - Setting next_dagrun for dataset_produces_1 to 2024-05-23 00:00:00+00:00, run_after=2024-05-24 00:00:00+00:00
[2024-05-24T14:42:58.368+0000] {logging_mixin.py:188} INFO - [2024-05-24T14:42:58.368+0000] {dag.py:3954} INFO - Setting next_dagrun for dataset_produces_2 to None, run_after=None
[2024-05-24T14:42:58.431+0000] {processor.py:183} INFO - Processing /usr/local/python/3.10.13/lib/python3.10/site-packages/airflow/example_dags/example_datasets.py took 1.480 seconds
[2024-05-24T14:43:55.091+0000] {processor.py:161} INFO - Started process (PID=58878) to work on /usr/local/python/3.10.13/lib/python3.10/site-packages/airflow/example_dags/example_datasets.py
[2024-05-24T14:43:55.092+0000] {processor.py:830} INFO - Processing file /usr/local/python/3.10.13/lib/python3.10/site-packages/airflow/example_dags/example_datasets.py for tasks to queue
[2024-05-24T14:43:55.093+0000] {logging_mixin.py:188} INFO - [2024-05-24T14:43:55.093+0000] {dagbag.py:545} INFO - Filling up the DagBag from /usr/local/python/3.10.13/lib/python3.10/site-packages/airflow/example_dags/example_datasets.py
[2024-05-24T14:43:55.103+0000] {processor.py:840} INFO - DAG(s) 'consume_1_or_both_2_and_3_with_dataset_expressions', 'consume_1_or_2_with_dataset_expressions', 'dataset_consumes_unknown_never_scheduled', 'consume_1_and_2_with_dataset_expressions', 'dataset_produces_1', 'dataset_produces_2', 'dataset_consumes_1_never_scheduled', 'dataset_consumes_1_and_2', 'conditional_dataset_and_time_based_timetable', 'dataset_consumes_1' retrieved from /usr/local/python/3.10.13/lib/python3.10/site-packages/airflow/example_dags/example_datasets.py
[2024-05-24T14:43:55.135+0000] {logging_mixin.py:188} INFO - [2024-05-24T14:43:55.135+0000] {dag.py:3096} INFO - Sync 10 DAGs
[2024-05-24T14:43:55.153+0000] {logging_mixin.py:188} INFO - [2024-05-24T14:43:55.153+0000] {dag.py:3954} INFO - Setting next_dagrun for conditional_dataset_and_time_based_timetable to 2024-05-22 01:00:00+00:00, run_after=2024-05-22 01:00:00+00:00
[2024-05-24T14:43:55.156+0000] {logging_mixin.py:188} INFO - [2024-05-24T14:43:55.156+0000] {dag.py:3954} INFO - Setting next_dagrun for consume_1_and_2_with_dataset_expressions to None, run_after=None
[2024-05-24T14:43:55.157+0000] {logging_mixin.py:188} INFO - [2024-05-24T14:43:55.157+0000] {dag.py:3954} INFO - Setting next_dagrun for consume_1_or_2_with_dataset_expressions to None, run_after=None
[2024-05-24T14:43:55.158+0000] {logging_mixin.py:188} INFO - [2024-05-24T14:43:55.157+0000] {dag.py:3954} INFO - Setting next_dagrun for consume_1_or_both_2_and_3_with_dataset_expressions to None, run_after=None
[2024-05-24T14:43:55.158+0000] {logging_mixin.py:188} INFO - [2024-05-24T14:43:55.158+0000] {dag.py:3954} INFO - Setting next_dagrun for dataset_consumes_1 to None, run_after=None
[2024-05-24T14:43:55.159+0000] {logging_mixin.py:188} INFO - [2024-05-24T14:43:55.159+0000] {dag.py:3954} INFO - Setting next_dagrun for dataset_consumes_1_and_2 to None, run_after=None
[2024-05-24T14:43:55.161+0000] {logging_mixin.py:188} INFO - [2024-05-24T14:43:55.160+0000] {dag.py:3954} INFO - Setting next_dagrun for dataset_consumes_1_never_scheduled to None, run_after=None
[2024-05-24T14:43:55.162+0000] {logging_mixin.py:188} INFO - [2024-05-24T14:43:55.161+0000] {dag.py:3954} INFO - Setting next_dagrun for dataset_consumes_unknown_never_scheduled to None, run_after=None
[2024-05-24T14:43:55.173+0000] {logging_mixin.py:188} INFO - [2024-05-24T14:43:55.165+0000] {dag.py:3954} INFO - Setting next_dagrun for dataset_produces_1 to 2024-05-23 00:00:00+00:00, run_after=2024-05-24 00:00:00+00:00
[2024-05-24T14:43:55.174+0000] {logging_mixin.py:188} INFO - [2024-05-24T14:43:55.174+0000] {dag.py:3954} INFO - Setting next_dagrun for dataset_produces_2 to None, run_after=None
[2024-05-24T14:43:55.229+0000] {processor.py:183} INFO - Processing /usr/local/python/3.10.13/lib/python3.10/site-packages/airflow/example_dags/example_datasets.py took 0.143 seconds
[2024-05-24T14:44:46.439+0000] {processor.py:161} INFO - Started process (PID=59389) to work on /usr/local/python/3.10.13/lib/python3.10/site-packages/airflow/example_dags/example_datasets.py
[2024-05-24T14:44:46.440+0000] {processor.py:830} INFO - Processing file /usr/local/python/3.10.13/lib/python3.10/site-packages/airflow/example_dags/example_datasets.py for tasks to queue
[2024-05-24T14:44:46.441+0000] {logging_mixin.py:188} INFO - [2024-05-24T14:44:46.441+0000] {dagbag.py:545} INFO - Filling up the DagBag from /usr/local/python/3.10.13/lib/python3.10/site-packages/airflow/example_dags/example_datasets.py
[2024-05-24T14:44:46.451+0000] {processor.py:840} INFO - DAG(s) 'consume_1_or_both_2_and_3_with_dataset_expressions', 'dataset_produces_2', 'conditional_dataset_and_time_based_timetable', 'dataset_consumes_1_never_scheduled', 'dataset_produces_1', 'dataset_consumes_unknown_never_scheduled', 'dataset_consumes_1_and_2', 'consume_1_or_2_with_dataset_expressions', 'consume_1_and_2_with_dataset_expressions', 'dataset_consumes_1' retrieved from /usr/local/python/3.10.13/lib/python3.10/site-packages/airflow/example_dags/example_datasets.py
[2024-05-24T14:44:46.482+0000] {logging_mixin.py:188} INFO - [2024-05-24T14:44:46.482+0000] {dag.py:3096} INFO - Sync 10 DAGs
[2024-05-24T14:44:46.500+0000] {logging_mixin.py:188} INFO - [2024-05-24T14:44:46.499+0000] {dag.py:3954} INFO - Setting next_dagrun for conditional_dataset_and_time_based_timetable to 2024-05-22 01:00:00+00:00, run_after=2024-05-22 01:00:00+00:00
[2024-05-24T14:44:46.502+0000] {logging_mixin.py:188} INFO - [2024-05-24T14:44:46.502+0000] {dag.py:3954} INFO - Setting next_dagrun for consume_1_and_2_with_dataset_expressions to None, run_after=None
[2024-05-24T14:44:46.503+0000] {logging_mixin.py:188} INFO - [2024-05-24T14:44:46.503+0000] {dag.py:3954} INFO - Setting next_dagrun for consume_1_or_2_with_dataset_expressions to None, run_after=None
[2024-05-24T14:44:46.504+0000] {logging_mixin.py:188} INFO - [2024-05-24T14:44:46.504+0000] {dag.py:3954} INFO - Setting next_dagrun for consume_1_or_both_2_and_3_with_dataset_expressions to None, run_after=None
[2024-05-24T14:44:46.505+0000] {logging_mixin.py:188} INFO - [2024-05-24T14:44:46.505+0000] {dag.py:3954} INFO - Setting next_dagrun for dataset_consumes_1 to None, run_after=None
[2024-05-24T14:44:46.506+0000] {logging_mixin.py:188} INFO - [2024-05-24T14:44:46.505+0000] {dag.py:3954} INFO - Setting next_dagrun for dataset_consumes_1_and_2 to None, run_after=None
[2024-05-24T14:44:46.506+0000] {logging_mixin.py:188} INFO - [2024-05-24T14:44:46.506+0000] {dag.py:3954} INFO - Setting next_dagrun for dataset_consumes_1_never_scheduled to None, run_after=None
[2024-05-24T14:44:46.507+0000] {logging_mixin.py:188} INFO - [2024-05-24T14:44:46.507+0000] {dag.py:3954} INFO - Setting next_dagrun for dataset_consumes_unknown_never_scheduled to None, run_after=None
[2024-05-24T14:44:46.509+0000] {logging_mixin.py:188} INFO - [2024-05-24T14:44:46.509+0000] {dag.py:3954} INFO - Setting next_dagrun for dataset_produces_1 to 2024-05-23 00:00:00+00:00, run_after=2024-05-24 00:00:00+00:00
[2024-05-24T14:44:46.510+0000] {logging_mixin.py:188} INFO - [2024-05-24T14:44:46.510+0000] {dag.py:3954} INFO - Setting next_dagrun for dataset_produces_2 to None, run_after=None
[2024-05-24T14:44:46.557+0000] {processor.py:183} INFO - Processing /usr/local/python/3.10.13/lib/python3.10/site-packages/airflow/example_dags/example_datasets.py took 0.124 seconds
[2024-05-24T14:45:36.827+0000] {processor.py:161} INFO - Started process (PID=59937) to work on /usr/local/python/3.10.13/lib/python3.10/site-packages/airflow/example_dags/example_datasets.py
[2024-05-24T14:45:36.828+0000] {processor.py:830} INFO - Processing file /usr/local/python/3.10.13/lib/python3.10/site-packages/airflow/example_dags/example_datasets.py for tasks to queue
[2024-05-24T14:45:36.829+0000] {logging_mixin.py:188} INFO - [2024-05-24T14:45:36.829+0000] {dagbag.py:545} INFO - Filling up the DagBag from /usr/local/python/3.10.13/lib/python3.10/site-packages/airflow/example_dags/example_datasets.py
[2024-05-24T14:45:36.839+0000] {processor.py:840} INFO - DAG(s) 'dataset_consumes_1', 'dataset_consumes_unknown_never_scheduled', 'consume_1_or_both_2_and_3_with_dataset_expressions', 'dataset_consumes_1_and_2', 'dataset_consumes_1_never_scheduled', 'dataset_produces_2', 'consume_1_or_2_with_dataset_expressions', 'conditional_dataset_and_time_based_timetable', 'consume_1_and_2_with_dataset_expressions', 'dataset_produces_1' retrieved from /usr/local/python/3.10.13/lib/python3.10/site-packages/airflow/example_dags/example_datasets.py
[2024-05-24T14:45:36.871+0000] {logging_mixin.py:188} INFO - [2024-05-24T14:45:36.871+0000] {dag.py:3096} INFO - Sync 10 DAGs
[2024-05-24T14:45:36.889+0000] {logging_mixin.py:188} INFO - [2024-05-24T14:45:36.889+0000] {dag.py:3954} INFO - Setting next_dagrun for conditional_dataset_and_time_based_timetable to 2024-05-22 01:00:00+00:00, run_after=2024-05-22 01:00:00+00:00
[2024-05-24T14:45:36.892+0000] {logging_mixin.py:188} INFO - [2024-05-24T14:45:36.892+0000] {dag.py:3954} INFO - Setting next_dagrun for consume_1_and_2_with_dataset_expressions to None, run_after=None
[2024-05-24T14:45:36.893+0000] {logging_mixin.py:188} INFO - [2024-05-24T14:45:36.893+0000] {dag.py:3954} INFO - Setting next_dagrun for consume_1_or_2_with_dataset_expressions to None, run_after=None
[2024-05-24T14:45:36.894+0000] {logging_mixin.py:188} INFO - [2024-05-24T14:45:36.893+0000] {dag.py:3954} INFO - Setting next_dagrun for consume_1_or_both_2_and_3_with_dataset_expressions to None, run_after=None
[2024-05-24T14:45:36.894+0000] {logging_mixin.py:188} INFO - [2024-05-24T14:45:36.894+0000] {dag.py:3954} INFO - Setting next_dagrun for dataset_consumes_1 to None, run_after=None
[2024-05-24T14:45:36.895+0000] {logging_mixin.py:188} INFO - [2024-05-24T14:45:36.895+0000] {dag.py:3954} INFO - Setting next_dagrun for dataset_consumes_1_and_2 to None, run_after=None
[2024-05-24T14:45:36.896+0000] {logging_mixin.py:188} INFO - [2024-05-24T14:45:36.896+0000] {dag.py:3954} INFO - Setting next_dagrun for dataset_consumes_1_never_scheduled to None, run_after=None
[2024-05-24T14:45:36.897+0000] {logging_mixin.py:188} INFO - [2024-05-24T14:45:36.897+0000] {dag.py:3954} INFO - Setting next_dagrun for dataset_consumes_unknown_never_scheduled to None, run_after=None
[2024-05-24T14:45:36.899+0000] {logging_mixin.py:188} INFO - [2024-05-24T14:45:36.899+0000] {dag.py:3954} INFO - Setting next_dagrun for dataset_produces_1 to 2024-05-23 00:00:00+00:00, run_after=2024-05-24 00:00:00+00:00
[2024-05-24T14:45:36.900+0000] {logging_mixin.py:188} INFO - [2024-05-24T14:45:36.899+0000] {dag.py:3954} INFO - Setting next_dagrun for dataset_produces_2 to None, run_after=None
[2024-05-24T14:45:36.944+0000] {processor.py:183} INFO - Processing /usr/local/python/3.10.13/lib/python3.10/site-packages/airflow/example_dags/example_datasets.py took 0.123 seconds
