[2024-05-24T14:43:06.519+0000] {processor.py:161} INFO - Started process (PID=58504) to work on /usr/local/python/3.10.13/lib/python3.10/site-packages/airflow/example_dags/example_setup_teardown_taskflow.py
[2024-05-24T14:43:06.519+0000] {processor.py:830} INFO - Processing file /usr/local/python/3.10.13/lib/python3.10/site-packages/airflow/example_dags/example_setup_teardown_taskflow.py for tasks to queue
[2024-05-24T14:43:06.521+0000] {logging_mixin.py:188} INFO - [2024-05-24T14:43:06.520+0000] {dagbag.py:545} INFO - Filling up the DagBag from /usr/local/python/3.10.13/lib/python3.10/site-packages/airflow/example_dags/example_setup_teardown_taskflow.py
[2024-05-24T14:43:06.529+0000] {processor.py:840} INFO - DAG(s) 'example_setup_teardown_taskflow' retrieved from /usr/local/python/3.10.13/lib/python3.10/site-packages/airflow/example_dags/example_setup_teardown_taskflow.py
[2024-05-24T14:43:06.736+0000] {logging_mixin.py:188} INFO - [2024-05-24T14:43:06.735+0000] {override.py:1829} INFO - Created Permission View: can read on DAG:example_setup_teardown_taskflow
[2024-05-24T14:43:06.769+0000] {logging_mixin.py:188} INFO - [2024-05-24T14:43:06.769+0000] {override.py:1829} INFO - Created Permission View: can edit on DAG:example_setup_teardown_taskflow
[2024-05-24T14:43:06.798+0000] {logging_mixin.py:188} INFO - [2024-05-24T14:43:06.798+0000] {override.py:1829} INFO - Created Permission View: can delete on DAG:example_setup_teardown_taskflow
[2024-05-24T14:43:06.798+0000] {logging_mixin.py:188} INFO - [2024-05-24T14:43:06.798+0000] {dag.py:3096} INFO - Sync 1 DAGs
[2024-05-24T14:43:06.806+0000] {logging_mixin.py:188} INFO - [2024-05-24T14:43:06.806+0000] {dag.py:3118} INFO - Creating ORM DAG for example_setup_teardown_taskflow
[2024-05-24T14:43:06.813+0000] {logging_mixin.py:188} INFO - [2024-05-24T14:43:06.813+0000] {dag.py:3954} INFO - Setting next_dagrun for example_setup_teardown_taskflow to 2024-05-23 00:00:00+00:00, run_after=2024-05-24 00:00:00+00:00
[2024-05-24T14:43:06.856+0000] {processor.py:183} INFO - Processing /usr/local/python/3.10.13/lib/python3.10/site-packages/airflow/example_dags/example_setup_teardown_taskflow.py took 0.342 seconds
[2024-05-24T14:44:01.800+0000] {processor.py:161} INFO - Started process (PID=58942) to work on /usr/local/python/3.10.13/lib/python3.10/site-packages/airflow/example_dags/example_setup_teardown_taskflow.py
[2024-05-24T14:44:01.801+0000] {processor.py:830} INFO - Processing file /usr/local/python/3.10.13/lib/python3.10/site-packages/airflow/example_dags/example_setup_teardown_taskflow.py for tasks to queue
[2024-05-24T14:44:01.802+0000] {logging_mixin.py:188} INFO - [2024-05-24T14:44:01.802+0000] {dagbag.py:545} INFO - Filling up the DagBag from /usr/local/python/3.10.13/lib/python3.10/site-packages/airflow/example_dags/example_setup_teardown_taskflow.py
[2024-05-24T14:44:01.811+0000] {processor.py:840} INFO - DAG(s) 'example_setup_teardown_taskflow' retrieved from /usr/local/python/3.10.13/lib/python3.10/site-packages/airflow/example_dags/example_setup_teardown_taskflow.py
[2024-05-24T14:44:01.830+0000] {logging_mixin.py:188} INFO - [2024-05-24T14:44:01.830+0000] {dag.py:3096} INFO - Sync 1 DAGs
[2024-05-24T14:44:01.846+0000] {logging_mixin.py:188} INFO - [2024-05-24T14:44:01.846+0000] {dag.py:3954} INFO - Setting next_dagrun for example_setup_teardown_taskflow to 2024-05-23 00:00:00+00:00, run_after=2024-05-24 00:00:00+00:00
[2024-05-24T14:44:01.887+0000] {processor.py:183} INFO - Processing /usr/local/python/3.10.13/lib/python3.10/site-packages/airflow/example_dags/example_setup_teardown_taskflow.py took 0.092 seconds
[2024-05-24T14:44:53.614+0000] {processor.py:161} INFO - Started process (PID=59473) to work on /usr/local/python/3.10.13/lib/python3.10/site-packages/airflow/example_dags/example_setup_teardown_taskflow.py
[2024-05-24T14:44:53.615+0000] {processor.py:830} INFO - Processing file /usr/local/python/3.10.13/lib/python3.10/site-packages/airflow/example_dags/example_setup_teardown_taskflow.py for tasks to queue
[2024-05-24T14:44:53.616+0000] {logging_mixin.py:188} INFO - [2024-05-24T14:44:53.616+0000] {dagbag.py:545} INFO - Filling up the DagBag from /usr/local/python/3.10.13/lib/python3.10/site-packages/airflow/example_dags/example_setup_teardown_taskflow.py
[2024-05-24T14:44:53.624+0000] {processor.py:840} INFO - DAG(s) 'example_setup_teardown_taskflow' retrieved from /usr/local/python/3.10.13/lib/python3.10/site-packages/airflow/example_dags/example_setup_teardown_taskflow.py
[2024-05-24T14:44:53.641+0000] {logging_mixin.py:188} INFO - [2024-05-24T14:44:53.641+0000] {dag.py:3096} INFO - Sync 1 DAGs
[2024-05-24T14:44:53.656+0000] {logging_mixin.py:188} INFO - [2024-05-24T14:44:53.656+0000] {dag.py:3954} INFO - Setting next_dagrun for example_setup_teardown_taskflow to 2024-05-23 00:00:00+00:00, run_after=2024-05-24 00:00:00+00:00
[2024-05-24T14:44:53.698+0000] {processor.py:183} INFO - Processing /usr/local/python/3.10.13/lib/python3.10/site-packages/airflow/example_dags/example_setup_teardown_taskflow.py took 0.089 seconds
[2024-05-24T14:46:01.214+0000] {processor.py:161} INFO - Started process (PID=60167) to work on /usr/local/python/3.10.13/lib/python3.10/site-packages/airflow/example_dags/example_setup_teardown_taskflow.py
[2024-05-24T14:46:01.214+0000] {processor.py:830} INFO - Processing file /usr/local/python/3.10.13/lib/python3.10/site-packages/airflow/example_dags/example_setup_teardown_taskflow.py for tasks to queue
[2024-05-24T14:46:01.216+0000] {logging_mixin.py:188} INFO - [2024-05-24T14:46:01.215+0000] {dagbag.py:545} INFO - Filling up the DagBag from /usr/local/python/3.10.13/lib/python3.10/site-packages/airflow/example_dags/example_setup_teardown_taskflow.py
[2024-05-24T14:46:01.223+0000] {processor.py:840} INFO - DAG(s) 'example_setup_teardown_taskflow' retrieved from /usr/local/python/3.10.13/lib/python3.10/site-packages/airflow/example_dags/example_setup_teardown_taskflow.py
[2024-05-24T14:46:01.239+0000] {logging_mixin.py:188} INFO - [2024-05-24T14:46:01.239+0000] {dag.py:3096} INFO - Sync 1 DAGs
[2024-05-24T14:46:01.258+0000] {logging_mixin.py:188} INFO - [2024-05-24T14:46:01.258+0000] {dag.py:3954} INFO - Setting next_dagrun for example_setup_teardown_taskflow to 2024-05-23 00:00:00+00:00, run_after=2024-05-24 00:00:00+00:00
[2024-05-24T14:46:01.300+0000] {processor.py:183} INFO - Processing /usr/local/python/3.10.13/lib/python3.10/site-packages/airflow/example_dags/example_setup_teardown_taskflow.py took 0.091 seconds
[2024-05-24T14:47:04.460+0000] {processor.py:161} INFO - Started process (PID=60767) to work on /usr/local/python/3.10.13/lib/python3.10/site-packages/airflow/example_dags/example_setup_teardown_taskflow.py
[2024-05-24T14:47:04.461+0000] {processor.py:830} INFO - Processing file /usr/local/python/3.10.13/lib/python3.10/site-packages/airflow/example_dags/example_setup_teardown_taskflow.py for tasks to queue
[2024-05-24T14:47:04.462+0000] {logging_mixin.py:188} INFO - [2024-05-24T14:47:04.462+0000] {dagbag.py:545} INFO - Filling up the DagBag from /usr/local/python/3.10.13/lib/python3.10/site-packages/airflow/example_dags/example_setup_teardown_taskflow.py
[2024-05-24T14:47:04.470+0000] {processor.py:840} INFO - DAG(s) 'example_setup_teardown_taskflow' retrieved from /usr/local/python/3.10.13/lib/python3.10/site-packages/airflow/example_dags/example_setup_teardown_taskflow.py
[2024-05-24T14:47:04.484+0000] {logging_mixin.py:188} INFO - [2024-05-24T14:47:04.483+0000] {dag.py:3096} INFO - Sync 1 DAGs
[2024-05-24T14:47:04.499+0000] {logging_mixin.py:188} INFO - [2024-05-24T14:47:04.499+0000] {dag.py:3954} INFO - Setting next_dagrun for example_setup_teardown_taskflow to 2024-05-23 00:00:00+00:00, run_after=2024-05-24 00:00:00+00:00
[2024-05-24T14:47:04.539+0000] {processor.py:183} INFO - Processing /usr/local/python/3.10.13/lib/python3.10/site-packages/airflow/example_dags/example_setup_teardown_taskflow.py took 0.084 seconds
[2024-05-24T14:48:05.268+0000] {processor.py:161} INFO - Started process (PID=61282) to work on /usr/local/python/3.10.13/lib/python3.10/site-packages/airflow/example_dags/example_setup_teardown_taskflow.py
[2024-05-24T14:48:05.269+0000] {processor.py:830} INFO - Processing file /usr/local/python/3.10.13/lib/python3.10/site-packages/airflow/example_dags/example_setup_teardown_taskflow.py for tasks to queue
[2024-05-24T14:48:05.270+0000] {logging_mixin.py:188} INFO - [2024-05-24T14:48:05.270+0000] {dagbag.py:545} INFO - Filling up the DagBag from /usr/local/python/3.10.13/lib/python3.10/site-packages/airflow/example_dags/example_setup_teardown_taskflow.py
[2024-05-24T14:48:05.278+0000] {processor.py:840} INFO - DAG(s) 'example_setup_teardown_taskflow' retrieved from /usr/local/python/3.10.13/lib/python3.10/site-packages/airflow/example_dags/example_setup_teardown_taskflow.py
[2024-05-24T14:48:05.292+0000] {logging_mixin.py:188} INFO - [2024-05-24T14:48:05.292+0000] {dag.py:3096} INFO - Sync 1 DAGs
[2024-05-24T14:48:05.308+0000] {logging_mixin.py:188} INFO - [2024-05-24T14:48:05.307+0000] {dag.py:3954} INFO - Setting next_dagrun for example_setup_teardown_taskflow to 2024-05-23 00:00:00+00:00, run_after=2024-05-24 00:00:00+00:00
[2024-05-24T14:48:05.348+0000] {processor.py:183} INFO - Processing /usr/local/python/3.10.13/lib/python3.10/site-packages/airflow/example_dags/example_setup_teardown_taskflow.py took 0.085 seconds
[2024-05-24T14:49:07.321+0000] {processor.py:161} INFO - Started process (PID=61970) to work on /usr/local/python/3.10.13/lib/python3.10/site-packages/airflow/example_dags/example_setup_teardown_taskflow.py
[2024-05-24T14:49:07.322+0000] {processor.py:830} INFO - Processing file /usr/local/python/3.10.13/lib/python3.10/site-packages/airflow/example_dags/example_setup_teardown_taskflow.py for tasks to queue
[2024-05-24T14:49:07.324+0000] {logging_mixin.py:188} INFO - [2024-05-24T14:49:07.323+0000] {dagbag.py:545} INFO - Filling up the DagBag from /usr/local/python/3.10.13/lib/python3.10/site-packages/airflow/example_dags/example_setup_teardown_taskflow.py
[2024-05-24T14:49:07.339+0000] {processor.py:840} INFO - DAG(s) 'example_setup_teardown_taskflow' retrieved from /usr/local/python/3.10.13/lib/python3.10/site-packages/airflow/example_dags/example_setup_teardown_taskflow.py
[2024-05-24T14:49:07.374+0000] {logging_mixin.py:188} INFO - [2024-05-24T14:49:07.373+0000] {dag.py:3096} INFO - Sync 1 DAGs
[2024-05-24T14:49:07.405+0000] {logging_mixin.py:188} INFO - [2024-05-24T14:49:07.404+0000] {dag.py:3954} INFO - Setting next_dagrun for example_setup_teardown_taskflow to 2024-05-23 00:00:00+00:00, run_after=2024-05-24 00:00:00+00:00
[2024-05-24T14:49:07.447+0000] {processor.py:183} INFO - Processing /usr/local/python/3.10.13/lib/python3.10/site-packages/airflow/example_dags/example_setup_teardown_taskflow.py took 0.133 seconds
[2024-05-24T14:50:08.598+0000] {processor.py:161} INFO - Started process (PID=62577) to work on /usr/local/python/3.10.13/lib/python3.10/site-packages/airflow/example_dags/example_setup_teardown_taskflow.py
[2024-05-24T14:50:08.599+0000] {processor.py:830} INFO - Processing file /usr/local/python/3.10.13/lib/python3.10/site-packages/airflow/example_dags/example_setup_teardown_taskflow.py for tasks to queue
[2024-05-24T14:50:08.600+0000] {logging_mixin.py:188} INFO - [2024-05-24T14:50:08.600+0000] {dagbag.py:545} INFO - Filling up the DagBag from /usr/local/python/3.10.13/lib/python3.10/site-packages/airflow/example_dags/example_setup_teardown_taskflow.py
[2024-05-24T14:50:08.608+0000] {processor.py:840} INFO - DAG(s) 'example_setup_teardown_taskflow' retrieved from /usr/local/python/3.10.13/lib/python3.10/site-packages/airflow/example_dags/example_setup_teardown_taskflow.py
[2024-05-24T14:50:08.622+0000] {logging_mixin.py:188} INFO - [2024-05-24T14:50:08.621+0000] {dag.py:3096} INFO - Sync 1 DAGs
[2024-05-24T14:50:08.637+0000] {logging_mixin.py:188} INFO - [2024-05-24T14:50:08.637+0000] {dag.py:3954} INFO - Setting next_dagrun for example_setup_teardown_taskflow to 2024-05-23 00:00:00+00:00, run_after=2024-05-24 00:00:00+00:00
[2024-05-24T14:50:08.677+0000] {processor.py:183} INFO - Processing /usr/local/python/3.10.13/lib/python3.10/site-packages/airflow/example_dags/example_setup_teardown_taskflow.py took 0.083 seconds
[2024-05-24T14:51:12.560+0000] {processor.py:161} INFO - Started process (PID=63051) to work on /usr/local/python/3.10.13/lib/python3.10/site-packages/airflow/example_dags/example_setup_teardown_taskflow.py
[2024-05-24T14:51:12.561+0000] {processor.py:830} INFO - Processing file /usr/local/python/3.10.13/lib/python3.10/site-packages/airflow/example_dags/example_setup_teardown_taskflow.py for tasks to queue
[2024-05-24T14:51:12.562+0000] {logging_mixin.py:188} INFO - [2024-05-24T14:51:12.562+0000] {dagbag.py:545} INFO - Filling up the DagBag from /usr/local/python/3.10.13/lib/python3.10/site-packages/airflow/example_dags/example_setup_teardown_taskflow.py
[2024-05-24T14:51:12.570+0000] {processor.py:840} INFO - DAG(s) 'example_setup_teardown_taskflow' retrieved from /usr/local/python/3.10.13/lib/python3.10/site-packages/airflow/example_dags/example_setup_teardown_taskflow.py
[2024-05-24T14:51:12.584+0000] {logging_mixin.py:188} INFO - [2024-05-24T14:51:12.583+0000] {dag.py:3096} INFO - Sync 1 DAGs
[2024-05-24T14:51:12.600+0000] {logging_mixin.py:188} INFO - [2024-05-24T14:51:12.600+0000] {dag.py:3954} INFO - Setting next_dagrun for example_setup_teardown_taskflow to 2024-05-23 00:00:00+00:00, run_after=2024-05-24 00:00:00+00:00
[2024-05-24T14:51:12.638+0000] {processor.py:183} INFO - Processing /usr/local/python/3.10.13/lib/python3.10/site-packages/airflow/example_dags/example_setup_teardown_taskflow.py took 0.083 seconds
[2024-05-24T14:52:12.793+0000] {processor.py:161} INFO - Started process (PID=63513) to work on /usr/local/python/3.10.13/lib/python3.10/site-packages/airflow/example_dags/example_setup_teardown_taskflow.py
[2024-05-24T14:52:12.794+0000] {processor.py:830} INFO - Processing file /usr/local/python/3.10.13/lib/python3.10/site-packages/airflow/example_dags/example_setup_teardown_taskflow.py for tasks to queue
[2024-05-24T14:52:12.796+0000] {logging_mixin.py:188} INFO - [2024-05-24T14:52:12.796+0000] {dagbag.py:545} INFO - Filling up the DagBag from /usr/local/python/3.10.13/lib/python3.10/site-packages/airflow/example_dags/example_setup_teardown_taskflow.py
[2024-05-24T14:52:12.804+0000] {processor.py:840} INFO - DAG(s) 'example_setup_teardown_taskflow' retrieved from /usr/local/python/3.10.13/lib/python3.10/site-packages/airflow/example_dags/example_setup_teardown_taskflow.py
[2024-05-24T14:52:12.819+0000] {logging_mixin.py:188} INFO - [2024-05-24T14:52:12.818+0000] {dag.py:3096} INFO - Sync 1 DAGs
[2024-05-24T14:52:12.834+0000] {logging_mixin.py:188} INFO - [2024-05-24T14:52:12.834+0000] {dag.py:3954} INFO - Setting next_dagrun for example_setup_teardown_taskflow to 2024-05-23 00:00:00+00:00, run_after=2024-05-24 00:00:00+00:00
[2024-05-24T14:52:12.874+0000] {processor.py:183} INFO - Processing /usr/local/python/3.10.13/lib/python3.10/site-packages/airflow/example_dags/example_setup_teardown_taskflow.py took 0.087 seconds
[2024-05-24T14:53:12.640+0000] {processor.py:161} INFO - Started process (PID=64047) to work on /usr/local/python/3.10.13/lib/python3.10/site-packages/airflow/example_dags/example_setup_teardown_taskflow.py
[2024-05-24T14:53:12.641+0000] {processor.py:830} INFO - Processing file /usr/local/python/3.10.13/lib/python3.10/site-packages/airflow/example_dags/example_setup_teardown_taskflow.py for tasks to queue
[2024-05-24T14:53:12.642+0000] {logging_mixin.py:188} INFO - [2024-05-24T14:53:12.642+0000] {dagbag.py:545} INFO - Filling up the DagBag from /usr/local/python/3.10.13/lib/python3.10/site-packages/airflow/example_dags/example_setup_teardown_taskflow.py
[2024-05-24T14:53:12.650+0000] {processor.py:840} INFO - DAG(s) 'example_setup_teardown_taskflow' retrieved from /usr/local/python/3.10.13/lib/python3.10/site-packages/airflow/example_dags/example_setup_teardown_taskflow.py
[2024-05-24T14:53:12.664+0000] {logging_mixin.py:188} INFO - [2024-05-24T14:53:12.664+0000] {dag.py:3096} INFO - Sync 1 DAGs
[2024-05-24T14:53:12.686+0000] {logging_mixin.py:188} INFO - [2024-05-24T14:53:12.685+0000] {dag.py:3954} INFO - Setting next_dagrun for example_setup_teardown_taskflow to 2024-05-23 00:00:00+00:00, run_after=2024-05-24 00:00:00+00:00
[2024-05-24T14:53:12.740+0000] {processor.py:183} INFO - Processing /usr/local/python/3.10.13/lib/python3.10/site-packages/airflow/example_dags/example_setup_teardown_taskflow.py took 0.105 seconds
[2024-05-24T14:54:14.346+0000] {processor.py:161} INFO - Started process (PID=64694) to work on /usr/local/python/3.10.13/lib/python3.10/site-packages/airflow/example_dags/example_setup_teardown_taskflow.py
[2024-05-24T14:54:14.347+0000] {processor.py:830} INFO - Processing file /usr/local/python/3.10.13/lib/python3.10/site-packages/airflow/example_dags/example_setup_teardown_taskflow.py for tasks to queue
[2024-05-24T14:54:14.349+0000] {logging_mixin.py:188} INFO - [2024-05-24T14:54:14.348+0000] {dagbag.py:545} INFO - Filling up the DagBag from /usr/local/python/3.10.13/lib/python3.10/site-packages/airflow/example_dags/example_setup_teardown_taskflow.py
[2024-05-24T14:54:14.356+0000] {processor.py:840} INFO - DAG(s) 'example_setup_teardown_taskflow' retrieved from /usr/local/python/3.10.13/lib/python3.10/site-packages/airflow/example_dags/example_setup_teardown_taskflow.py
[2024-05-24T14:54:14.370+0000] {logging_mixin.py:188} INFO - [2024-05-24T14:54:14.370+0000] {dag.py:3096} INFO - Sync 1 DAGs
[2024-05-24T14:54:14.385+0000] {logging_mixin.py:188} INFO - [2024-05-24T14:54:14.385+0000] {dag.py:3954} INFO - Setting next_dagrun for example_setup_teardown_taskflow to 2024-05-23 00:00:00+00:00, run_after=2024-05-24 00:00:00+00:00
[2024-05-24T14:54:14.428+0000] {processor.py:183} INFO - Processing /usr/local/python/3.10.13/lib/python3.10/site-packages/airflow/example_dags/example_setup_teardown_taskflow.py took 0.086 seconds
[2024-05-24T14:55:13.077+0000] {processor.py:161} INFO - Started process (PID=65358) to work on /usr/local/python/3.10.13/lib/python3.10/site-packages/airflow/example_dags/example_setup_teardown_taskflow.py
[2024-05-24T14:55:13.078+0000] {processor.py:830} INFO - Processing file /usr/local/python/3.10.13/lib/python3.10/site-packages/airflow/example_dags/example_setup_teardown_taskflow.py for tasks to queue
[2024-05-24T14:55:13.079+0000] {logging_mixin.py:188} INFO - [2024-05-24T14:55:13.079+0000] {dagbag.py:545} INFO - Filling up the DagBag from /usr/local/python/3.10.13/lib/python3.10/site-packages/airflow/example_dags/example_setup_teardown_taskflow.py
[2024-05-24T14:55:13.087+0000] {processor.py:840} INFO - DAG(s) 'example_setup_teardown_taskflow' retrieved from /usr/local/python/3.10.13/lib/python3.10/site-packages/airflow/example_dags/example_setup_teardown_taskflow.py
[2024-05-24T14:55:13.101+0000] {logging_mixin.py:188} INFO - [2024-05-24T14:55:13.100+0000] {dag.py:3096} INFO - Sync 1 DAGs
[2024-05-24T14:55:13.115+0000] {logging_mixin.py:188} INFO - [2024-05-24T14:55:13.115+0000] {dag.py:3954} INFO - Setting next_dagrun for example_setup_teardown_taskflow to 2024-05-23 00:00:00+00:00, run_after=2024-05-24 00:00:00+00:00
[2024-05-24T14:55:13.157+0000] {processor.py:183} INFO - Processing /usr/local/python/3.10.13/lib/python3.10/site-packages/airflow/example_dags/example_setup_teardown_taskflow.py took 0.085 seconds
