[2024-05-24T14:42:24.306+0000] {processor.py:161} INFO - Started process (PID=58223) to work on /usr/local/python/3.10.13/lib/python3.10/site-packages/airflow/example_dags/example_xcomargs.py
[2024-05-24T14:42:24.307+0000] {processor.py:830} INFO - Processing file /usr/local/python/3.10.13/lib/python3.10/site-packages/airflow/example_dags/example_xcomargs.py for tasks to queue
[2024-05-24T14:42:24.308+0000] {logging_mixin.py:188} INFO - [2024-05-24T14:42:24.308+0000] {dagbag.py:545} INFO - Filling up the DagBag from /usr/local/python/3.10.13/lib/python3.10/site-packages/airflow/example_dags/example_xcomargs.py
[2024-05-24T14:42:24.316+0000] {processor.py:840} INFO - DAG(s) 'example_xcom_args_with_operators', 'example_xcom_args' retrieved from /usr/local/python/3.10.13/lib/python3.10/site-packages/airflow/example_dags/example_xcomargs.py
[2024-05-24T14:42:24.527+0000] {logging_mixin.py:188} INFO - [2024-05-24T14:42:24.526+0000] {override.py:1829} INFO - Created Permission View: can read on DAG:example_xcom_args_with_operators
[2024-05-24T14:42:24.557+0000] {logging_mixin.py:188} INFO - [2024-05-24T14:42:24.557+0000] {override.py:1829} INFO - Created Permission View: can edit on DAG:example_xcom_args_with_operators
[2024-05-24T14:42:24.586+0000] {logging_mixin.py:188} INFO - [2024-05-24T14:42:24.585+0000] {override.py:1829} INFO - Created Permission View: can delete on DAG:example_xcom_args_with_operators
[2024-05-24T14:42:24.651+0000] {logging_mixin.py:188} INFO - [2024-05-24T14:42:24.651+0000] {override.py:1829} INFO - Created Permission View: can read on DAG:example_xcom_args
[2024-05-24T14:42:24.679+0000] {logging_mixin.py:188} INFO - [2024-05-24T14:42:24.679+0000] {override.py:1829} INFO - Created Permission View: can edit on DAG:example_xcom_args
[2024-05-24T14:42:24.708+0000] {logging_mixin.py:188} INFO - [2024-05-24T14:42:24.708+0000] {override.py:1829} INFO - Created Permission View: can delete on DAG:example_xcom_args
[2024-05-24T14:42:24.709+0000] {logging_mixin.py:188} INFO - [2024-05-24T14:42:24.708+0000] {dag.py:3096} INFO - Sync 2 DAGs
[2024-05-24T14:42:24.716+0000] {logging_mixin.py:188} INFO - [2024-05-24T14:42:24.716+0000] {dag.py:3118} INFO - Creating ORM DAG for example_xcom_args_with_operators
[2024-05-24T14:42:24.717+0000] {logging_mixin.py:188} INFO - [2024-05-24T14:42:24.717+0000] {dag.py:3118} INFO - Creating ORM DAG for example_xcom_args
[2024-05-24T14:42:24.718+0000] {logging_mixin.py:188} INFO - [2024-05-24T14:42:24.717+0000] {dag.py:3954} INFO - Setting next_dagrun for example_xcom_args to None, run_after=None
[2024-05-24T14:42:24.718+0000] {logging_mixin.py:188} INFO - [2024-05-24T14:42:24.718+0000] {dag.py:3954} INFO - Setting next_dagrun for example_xcom_args_with_operators to None, run_after=None
[2024-05-24T14:42:24.764+0000] {processor.py:183} INFO - Processing /usr/local/python/3.10.13/lib/python3.10/site-packages/airflow/example_dags/example_xcomargs.py took 0.462 seconds
[2024-05-24T14:43:29.248+0000] {processor.py:161} INFO - Started process (PID=58656) to work on /usr/local/python/3.10.13/lib/python3.10/site-packages/airflow/example_dags/example_xcomargs.py
[2024-05-24T14:43:29.249+0000] {processor.py:830} INFO - Processing file /usr/local/python/3.10.13/lib/python3.10/site-packages/airflow/example_dags/example_xcomargs.py for tasks to queue
[2024-05-24T14:43:29.250+0000] {logging_mixin.py:188} INFO - [2024-05-24T14:43:29.250+0000] {dagbag.py:545} INFO - Filling up the DagBag from /usr/local/python/3.10.13/lib/python3.10/site-packages/airflow/example_dags/example_xcomargs.py
[2024-05-24T14:43:29.257+0000] {processor.py:840} INFO - DAG(s) 'example_xcom_args_with_operators', 'example_xcom_args' retrieved from /usr/local/python/3.10.13/lib/python3.10/site-packages/airflow/example_dags/example_xcomargs.py
[2024-05-24T14:43:29.271+0000] {logging_mixin.py:188} INFO - [2024-05-24T14:43:29.271+0000] {dag.py:3096} INFO - Sync 2 DAGs
[2024-05-24T14:43:29.280+0000] {logging_mixin.py:188} INFO - [2024-05-24T14:43:29.280+0000] {dag.py:3954} INFO - Setting next_dagrun for example_xcom_args to None, run_after=None
[2024-05-24T14:43:29.283+0000] {logging_mixin.py:188} INFO - [2024-05-24T14:43:29.283+0000] {dag.py:3954} INFO - Setting next_dagrun for example_xcom_args_with_operators to None, run_after=None
[2024-05-24T14:43:29.321+0000] {processor.py:183} INFO - Processing /usr/local/python/3.10.13/lib/python3.10/site-packages/airflow/example_dags/example_xcomargs.py took 0.077 seconds
[2024-05-24T14:44:19.818+0000] {processor.py:161} INFO - Started process (PID=59125) to work on /usr/local/python/3.10.13/lib/python3.10/site-packages/airflow/example_dags/example_xcomargs.py
[2024-05-24T14:44:19.818+0000] {processor.py:830} INFO - Processing file /usr/local/python/3.10.13/lib/python3.10/site-packages/airflow/example_dags/example_xcomargs.py for tasks to queue
[2024-05-24T14:44:19.820+0000] {logging_mixin.py:188} INFO - [2024-05-24T14:44:19.819+0000] {dagbag.py:545} INFO - Filling up the DagBag from /usr/local/python/3.10.13/lib/python3.10/site-packages/airflow/example_dags/example_xcomargs.py
[2024-05-24T14:44:19.827+0000] {processor.py:840} INFO - DAG(s) 'example_xcom_args_with_operators', 'example_xcom_args' retrieved from /usr/local/python/3.10.13/lib/python3.10/site-packages/airflow/example_dags/example_xcomargs.py
[2024-05-24T14:44:19.841+0000] {logging_mixin.py:188} INFO - [2024-05-24T14:44:19.841+0000] {dag.py:3096} INFO - Sync 2 DAGs
[2024-05-24T14:44:19.850+0000] {logging_mixin.py:188} INFO - [2024-05-24T14:44:19.849+0000] {dag.py:3954} INFO - Setting next_dagrun for example_xcom_args to None, run_after=None
[2024-05-24T14:44:19.853+0000] {logging_mixin.py:188} INFO - [2024-05-24T14:44:19.852+0000] {dag.py:3954} INFO - Setting next_dagrun for example_xcom_args_with_operators to None, run_after=None
[2024-05-24T14:44:19.889+0000] {processor.py:183} INFO - Processing /usr/local/python/3.10.13/lib/python3.10/site-packages/airflow/example_dags/example_xcomargs.py took 0.076 seconds
[2024-05-24T14:45:05.085+0000] {processor.py:161} INFO - Started process (PID=59603) to work on /usr/local/python/3.10.13/lib/python3.10/site-packages/airflow/example_dags/example_xcomargs.py
[2024-05-24T14:45:05.086+0000] {processor.py:830} INFO - Processing file /usr/local/python/3.10.13/lib/python3.10/site-packages/airflow/example_dags/example_xcomargs.py for tasks to queue
[2024-05-24T14:45:05.087+0000] {logging_mixin.py:188} INFO - [2024-05-24T14:45:05.087+0000] {dagbag.py:545} INFO - Filling up the DagBag from /usr/local/python/3.10.13/lib/python3.10/site-packages/airflow/example_dags/example_xcomargs.py
[2024-05-24T14:45:05.094+0000] {processor.py:840} INFO - DAG(s) 'example_xcom_args_with_operators', 'example_xcom_args' retrieved from /usr/local/python/3.10.13/lib/python3.10/site-packages/airflow/example_dags/example_xcomargs.py
[2024-05-24T14:45:05.108+0000] {logging_mixin.py:188} INFO - [2024-05-24T14:45:05.108+0000] {dag.py:3096} INFO - Sync 2 DAGs
[2024-05-24T14:45:05.117+0000] {logging_mixin.py:188} INFO - [2024-05-24T14:45:05.117+0000] {dag.py:3954} INFO - Setting next_dagrun for example_xcom_args to None, run_after=None
[2024-05-24T14:45:05.120+0000] {logging_mixin.py:188} INFO - [2024-05-24T14:45:05.120+0000] {dag.py:3954} INFO - Setting next_dagrun for example_xcom_args_with_operators to None, run_after=None
[2024-05-24T14:45:05.156+0000] {processor.py:183} INFO - Processing /usr/local/python/3.10.13/lib/python3.10/site-packages/airflow/example_dags/example_xcomargs.py took 0.076 seconds
[2024-05-24T14:45:50.598+0000] {processor.py:161} INFO - Started process (PID=60076) to work on /usr/local/python/3.10.13/lib/python3.10/site-packages/airflow/example_dags/example_xcomargs.py
[2024-05-24T14:45:50.599+0000] {processor.py:830} INFO - Processing file /usr/local/python/3.10.13/lib/python3.10/site-packages/airflow/example_dags/example_xcomargs.py for tasks to queue
[2024-05-24T14:45:50.602+0000] {logging_mixin.py:188} INFO - [2024-05-24T14:45:50.601+0000] {dagbag.py:545} INFO - Filling up the DagBag from /usr/local/python/3.10.13/lib/python3.10/site-packages/airflow/example_dags/example_xcomargs.py
[2024-05-24T14:45:50.612+0000] {processor.py:840} INFO - DAG(s) 'example_xcom_args_with_operators', 'example_xcom_args' retrieved from /usr/local/python/3.10.13/lib/python3.10/site-packages/airflow/example_dags/example_xcomargs.py
[2024-05-24T14:45:50.634+0000] {logging_mixin.py:188} INFO - [2024-05-24T14:45:50.633+0000] {dag.py:3096} INFO - Sync 2 DAGs
[2024-05-24T14:45:50.647+0000] {logging_mixin.py:188} INFO - [2024-05-24T14:45:50.647+0000] {dag.py:3954} INFO - Setting next_dagrun for example_xcom_args to None, run_after=None
[2024-05-24T14:45:50.651+0000] {logging_mixin.py:188} INFO - [2024-05-24T14:45:50.651+0000] {dag.py:3954} INFO - Setting next_dagrun for example_xcom_args_with_operators to None, run_after=None
[2024-05-24T14:45:50.695+0000] {processor.py:183} INFO - Processing /usr/local/python/3.10.13/lib/python3.10/site-packages/airflow/example_dags/example_xcomargs.py took 0.102 seconds
[2024-05-24T14:46:32.940+0000] {processor.py:161} INFO - Started process (PID=60465) to work on /usr/local/python/3.10.13/lib/python3.10/site-packages/airflow/example_dags/example_xcomargs.py
[2024-05-24T14:46:32.941+0000] {processor.py:830} INFO - Processing file /usr/local/python/3.10.13/lib/python3.10/site-packages/airflow/example_dags/example_xcomargs.py for tasks to queue
[2024-05-24T14:46:32.942+0000] {logging_mixin.py:188} INFO - [2024-05-24T14:46:32.942+0000] {dagbag.py:545} INFO - Filling up the DagBag from /usr/local/python/3.10.13/lib/python3.10/site-packages/airflow/example_dags/example_xcomargs.py
[2024-05-24T14:46:32.949+0000] {processor.py:840} INFO - DAG(s) 'example_xcom_args', 'example_xcom_args_with_operators' retrieved from /usr/local/python/3.10.13/lib/python3.10/site-packages/airflow/example_dags/example_xcomargs.py
[2024-05-24T14:46:32.963+0000] {logging_mixin.py:188} INFO - [2024-05-24T14:46:32.963+0000] {dag.py:3096} INFO - Sync 2 DAGs
[2024-05-24T14:46:32.972+0000] {logging_mixin.py:188} INFO - [2024-05-24T14:46:32.972+0000] {dag.py:3954} INFO - Setting next_dagrun for example_xcom_args to None, run_after=None
[2024-05-24T14:46:32.975+0000] {logging_mixin.py:188} INFO - [2024-05-24T14:46:32.975+0000] {dag.py:3954} INFO - Setting next_dagrun for example_xcom_args_with_operators to None, run_after=None
[2024-05-24T14:46:33.013+0000] {processor.py:183} INFO - Processing /usr/local/python/3.10.13/lib/python3.10/site-packages/airflow/example_dags/example_xcomargs.py took 0.078 seconds
[2024-05-24T14:47:14.593+0000] {processor.py:161} INFO - Started process (PID=60872) to work on /usr/local/python/3.10.13/lib/python3.10/site-packages/airflow/example_dags/example_xcomargs.py
[2024-05-24T14:47:14.593+0000] {processor.py:830} INFO - Processing file /usr/local/python/3.10.13/lib/python3.10/site-packages/airflow/example_dags/example_xcomargs.py for tasks to queue
[2024-05-24T14:47:14.595+0000] {logging_mixin.py:188} INFO - [2024-05-24T14:47:14.594+0000] {dagbag.py:545} INFO - Filling up the DagBag from /usr/local/python/3.10.13/lib/python3.10/site-packages/airflow/example_dags/example_xcomargs.py
[2024-05-24T14:47:14.601+0000] {processor.py:840} INFO - DAG(s) 'example_xcom_args_with_operators', 'example_xcom_args' retrieved from /usr/local/python/3.10.13/lib/python3.10/site-packages/airflow/example_dags/example_xcomargs.py
[2024-05-24T14:47:14.616+0000] {logging_mixin.py:188} INFO - [2024-05-24T14:47:14.615+0000] {dag.py:3096} INFO - Sync 2 DAGs
[2024-05-24T14:47:14.625+0000] {logging_mixin.py:188} INFO - [2024-05-24T14:47:14.625+0000] {dag.py:3954} INFO - Setting next_dagrun for example_xcom_args to None, run_after=None
[2024-05-24T14:47:14.627+0000] {logging_mixin.py:188} INFO - [2024-05-24T14:47:14.627+0000] {dag.py:3954} INFO - Setting next_dagrun for example_xcom_args_with_operators to None, run_after=None
[2024-05-24T14:47:14.666+0000] {processor.py:183} INFO - Processing /usr/local/python/3.10.13/lib/python3.10/site-packages/airflow/example_dags/example_xcomargs.py took 0.078 seconds
[2024-05-24T14:47:55.133+0000] {processor.py:161} INFO - Started process (PID=61203) to work on /usr/local/python/3.10.13/lib/python3.10/site-packages/airflow/example_dags/example_xcomargs.py
[2024-05-24T14:47:55.133+0000] {processor.py:830} INFO - Processing file /usr/local/python/3.10.13/lib/python3.10/site-packages/airflow/example_dags/example_xcomargs.py for tasks to queue
[2024-05-24T14:47:55.135+0000] {logging_mixin.py:188} INFO - [2024-05-24T14:47:55.135+0000] {dagbag.py:545} INFO - Filling up the DagBag from /usr/local/python/3.10.13/lib/python3.10/site-packages/airflow/example_dags/example_xcomargs.py
[2024-05-24T14:47:55.142+0000] {processor.py:840} INFO - DAG(s) 'example_xcom_args', 'example_xcom_args_with_operators' retrieved from /usr/local/python/3.10.13/lib/python3.10/site-packages/airflow/example_dags/example_xcomargs.py
[2024-05-24T14:47:55.156+0000] {logging_mixin.py:188} INFO - [2024-05-24T14:47:55.156+0000] {dag.py:3096} INFO - Sync 2 DAGs
[2024-05-24T14:47:55.166+0000] {logging_mixin.py:188} INFO - [2024-05-24T14:47:55.165+0000] {dag.py:3954} INFO - Setting next_dagrun for example_xcom_args to None, run_after=None
[2024-05-24T14:47:55.169+0000] {logging_mixin.py:188} INFO - [2024-05-24T14:47:55.169+0000] {dag.py:3954} INFO - Setting next_dagrun for example_xcom_args_with_operators to None, run_after=None
[2024-05-24T14:47:55.205+0000] {processor.py:183} INFO - Processing /usr/local/python/3.10.13/lib/python3.10/site-packages/airflow/example_dags/example_xcomargs.py took 0.078 seconds
[2024-05-24T14:48:36.811+0000] {processor.py:161} INFO - Started process (PID=61640) to work on /usr/local/python/3.10.13/lib/python3.10/site-packages/airflow/example_dags/example_xcomargs.py
[2024-05-24T14:48:36.812+0000] {processor.py:830} INFO - Processing file /usr/local/python/3.10.13/lib/python3.10/site-packages/airflow/example_dags/example_xcomargs.py for tasks to queue
[2024-05-24T14:48:36.814+0000] {logging_mixin.py:188} INFO - [2024-05-24T14:48:36.813+0000] {dagbag.py:545} INFO - Filling up the DagBag from /usr/local/python/3.10.13/lib/python3.10/site-packages/airflow/example_dags/example_xcomargs.py
[2024-05-24T14:48:36.824+0000] {processor.py:840} INFO - DAG(s) 'example_xcom_args', 'example_xcom_args_with_operators' retrieved from /usr/local/python/3.10.13/lib/python3.10/site-packages/airflow/example_dags/example_xcomargs.py
[2024-05-24T14:48:36.839+0000] {logging_mixin.py:188} INFO - [2024-05-24T14:48:36.839+0000] {dag.py:3096} INFO - Sync 2 DAGs
[2024-05-24T14:48:36.849+0000] {logging_mixin.py:188} INFO - [2024-05-24T14:48:36.849+0000] {dag.py:3954} INFO - Setting next_dagrun for example_xcom_args to None, run_after=None
[2024-05-24T14:48:36.851+0000] {logging_mixin.py:188} INFO - [2024-05-24T14:48:36.851+0000] {dag.py:3954} INFO - Setting next_dagrun for example_xcom_args_with_operators to None, run_after=None
[2024-05-24T14:48:36.891+0000] {processor.py:183} INFO - Processing /usr/local/python/3.10.13/lib/python3.10/site-packages/airflow/example_dags/example_xcomargs.py took 0.088 seconds
[2024-05-24T14:49:18.693+0000] {processor.py:161} INFO - Started process (PID=62108) to work on /usr/local/python/3.10.13/lib/python3.10/site-packages/airflow/example_dags/example_xcomargs.py
[2024-05-24T14:49:18.694+0000] {processor.py:830} INFO - Processing file /usr/local/python/3.10.13/lib/python3.10/site-packages/airflow/example_dags/example_xcomargs.py for tasks to queue
[2024-05-24T14:49:18.695+0000] {logging_mixin.py:188} INFO - [2024-05-24T14:49:18.695+0000] {dagbag.py:545} INFO - Filling up the DagBag from /usr/local/python/3.10.13/lib/python3.10/site-packages/airflow/example_dags/example_xcomargs.py
[2024-05-24T14:49:18.702+0000] {processor.py:840} INFO - DAG(s) 'example_xcom_args_with_operators', 'example_xcom_args' retrieved from /usr/local/python/3.10.13/lib/python3.10/site-packages/airflow/example_dags/example_xcomargs.py
[2024-05-24T14:49:18.716+0000] {logging_mixin.py:188} INFO - [2024-05-24T14:49:18.716+0000] {dag.py:3096} INFO - Sync 2 DAGs
[2024-05-24T14:49:18.726+0000] {logging_mixin.py:188} INFO - [2024-05-24T14:49:18.726+0000] {dag.py:3954} INFO - Setting next_dagrun for example_xcom_args to None, run_after=None
[2024-05-24T14:49:18.728+0000] {logging_mixin.py:188} INFO - [2024-05-24T14:49:18.728+0000] {dag.py:3954} INFO - Setting next_dagrun for example_xcom_args_with_operators to None, run_after=None
[2024-05-24T14:49:18.767+0000] {processor.py:183} INFO - Processing /usr/local/python/3.10.13/lib/python3.10/site-packages/airflow/example_dags/example_xcomargs.py took 0.078 seconds
[2024-05-24T14:49:58.936+0000] {processor.py:161} INFO - Started process (PID=62491) to work on /usr/local/python/3.10.13/lib/python3.10/site-packages/airflow/example_dags/example_xcomargs.py
[2024-05-24T14:49:58.937+0000] {processor.py:830} INFO - Processing file /usr/local/python/3.10.13/lib/python3.10/site-packages/airflow/example_dags/example_xcomargs.py for tasks to queue
[2024-05-24T14:49:58.939+0000] {logging_mixin.py:188} INFO - [2024-05-24T14:49:58.938+0000] {dagbag.py:545} INFO - Filling up the DagBag from /usr/local/python/3.10.13/lib/python3.10/site-packages/airflow/example_dags/example_xcomargs.py
[2024-05-24T14:49:58.951+0000] {processor.py:840} INFO - DAG(s) 'example_xcom_args', 'example_xcom_args_with_operators' retrieved from /usr/local/python/3.10.13/lib/python3.10/site-packages/airflow/example_dags/example_xcomargs.py
[2024-05-24T14:49:58.974+0000] {logging_mixin.py:188} INFO - [2024-05-24T14:49:58.974+0000] {dag.py:3096} INFO - Sync 2 DAGs
[2024-05-24T14:49:58.988+0000] {logging_mixin.py:188} INFO - [2024-05-24T14:49:58.988+0000] {dag.py:3954} INFO - Setting next_dagrun for example_xcom_args to None, run_after=None
[2024-05-24T14:49:58.993+0000] {logging_mixin.py:188} INFO - [2024-05-24T14:49:58.992+0000] {dag.py:3954} INFO - Setting next_dagrun for example_xcom_args_with_operators to None, run_after=None
[2024-05-24T14:49:59.031+0000] {processor.py:183} INFO - Processing /usr/local/python/3.10.13/lib/python3.10/site-packages/airflow/example_dags/example_xcomargs.py took 0.099 seconds
[2024-05-24T14:50:40.004+0000] {processor.py:161} INFO - Started process (PID=62798) to work on /usr/local/python/3.10.13/lib/python3.10/site-packages/airflow/example_dags/example_xcomargs.py
[2024-05-24T14:50:40.005+0000] {processor.py:830} INFO - Processing file /usr/local/python/3.10.13/lib/python3.10/site-packages/airflow/example_dags/example_xcomargs.py for tasks to queue
[2024-05-24T14:50:40.006+0000] {logging_mixin.py:188} INFO - [2024-05-24T14:50:40.006+0000] {dagbag.py:545} INFO - Filling up the DagBag from /usr/local/python/3.10.13/lib/python3.10/site-packages/airflow/example_dags/example_xcomargs.py
[2024-05-24T14:50:40.013+0000] {processor.py:840} INFO - DAG(s) 'example_xcom_args_with_operators', 'example_xcom_args' retrieved from /usr/local/python/3.10.13/lib/python3.10/site-packages/airflow/example_dags/example_xcomargs.py
[2024-05-24T14:50:40.027+0000] {logging_mixin.py:188} INFO - [2024-05-24T14:50:40.027+0000] {dag.py:3096} INFO - Sync 2 DAGs
[2024-05-24T14:50:40.036+0000] {logging_mixin.py:188} INFO - [2024-05-24T14:50:40.036+0000] {dag.py:3954} INFO - Setting next_dagrun for example_xcom_args to None, run_after=None
[2024-05-24T14:50:40.039+0000] {logging_mixin.py:188} INFO - [2024-05-24T14:50:40.039+0000] {dag.py:3954} INFO - Setting next_dagrun for example_xcom_args_with_operators to None, run_after=None
[2024-05-24T14:50:40.076+0000] {processor.py:183} INFO - Processing /usr/local/python/3.10.13/lib/python3.10/site-packages/airflow/example_dags/example_xcomargs.py took 0.077 seconds
[2024-05-24T14:51:23.101+0000] {processor.py:161} INFO - Started process (PID=63153) to work on /usr/local/python/3.10.13/lib/python3.10/site-packages/airflow/example_dags/example_xcomargs.py
[2024-05-24T14:51:23.101+0000] {processor.py:830} INFO - Processing file /usr/local/python/3.10.13/lib/python3.10/site-packages/airflow/example_dags/example_xcomargs.py for tasks to queue
[2024-05-24T14:51:23.103+0000] {logging_mixin.py:188} INFO - [2024-05-24T14:51:23.102+0000] {dagbag.py:545} INFO - Filling up the DagBag from /usr/local/python/3.10.13/lib/python3.10/site-packages/airflow/example_dags/example_xcomargs.py
[2024-05-24T14:51:23.109+0000] {processor.py:840} INFO - DAG(s) 'example_xcom_args_with_operators', 'example_xcom_args' retrieved from /usr/local/python/3.10.13/lib/python3.10/site-packages/airflow/example_dags/example_xcomargs.py
[2024-05-24T14:51:23.124+0000] {logging_mixin.py:188} INFO - [2024-05-24T14:51:23.124+0000] {dag.py:3096} INFO - Sync 2 DAGs
[2024-05-24T14:51:23.133+0000] {logging_mixin.py:188} INFO - [2024-05-24T14:51:23.133+0000] {dag.py:3954} INFO - Setting next_dagrun for example_xcom_args to None, run_after=None
[2024-05-24T14:51:23.136+0000] {logging_mixin.py:188} INFO - [2024-05-24T14:51:23.136+0000] {dag.py:3954} INFO - Setting next_dagrun for example_xcom_args_with_operators to None, run_after=None
[2024-05-24T14:51:23.177+0000] {processor.py:183} INFO - Processing /usr/local/python/3.10.13/lib/python3.10/site-packages/airflow/example_dags/example_xcomargs.py took 0.081 seconds
[2024-05-24T14:52:04.727+0000] {processor.py:161} INFO - Started process (PID=63455) to work on /usr/local/python/3.10.13/lib/python3.10/site-packages/airflow/example_dags/example_xcomargs.py
[2024-05-24T14:52:04.728+0000] {processor.py:830} INFO - Processing file /usr/local/python/3.10.13/lib/python3.10/site-packages/airflow/example_dags/example_xcomargs.py for tasks to queue
[2024-05-24T14:52:04.729+0000] {logging_mixin.py:188} INFO - [2024-05-24T14:52:04.729+0000] {dagbag.py:545} INFO - Filling up the DagBag from /usr/local/python/3.10.13/lib/python3.10/site-packages/airflow/example_dags/example_xcomargs.py
[2024-05-24T14:52:04.736+0000] {processor.py:840} INFO - DAG(s) 'example_xcom_args', 'example_xcom_args_with_operators' retrieved from /usr/local/python/3.10.13/lib/python3.10/site-packages/airflow/example_dags/example_xcomargs.py
[2024-05-24T14:52:04.750+0000] {logging_mixin.py:188} INFO - [2024-05-24T14:52:04.750+0000] {dag.py:3096} INFO - Sync 2 DAGs
[2024-05-24T14:52:04.759+0000] {logging_mixin.py:188} INFO - [2024-05-24T14:52:04.759+0000] {dag.py:3954} INFO - Setting next_dagrun for example_xcom_args to None, run_after=None
[2024-05-24T14:52:04.762+0000] {logging_mixin.py:188} INFO - [2024-05-24T14:52:04.761+0000] {dag.py:3954} INFO - Setting next_dagrun for example_xcom_args_with_operators to None, run_after=None
[2024-05-24T14:52:04.799+0000] {processor.py:183} INFO - Processing /usr/local/python/3.10.13/lib/python3.10/site-packages/airflow/example_dags/example_xcomargs.py took 0.076 seconds
[2024-05-24T14:52:42.467+0000] {processor.py:161} INFO - Started process (PID=63726) to work on /usr/local/python/3.10.13/lib/python3.10/site-packages/airflow/example_dags/example_xcomargs.py
[2024-05-24T14:52:42.468+0000] {processor.py:830} INFO - Processing file /usr/local/python/3.10.13/lib/python3.10/site-packages/airflow/example_dags/example_xcomargs.py for tasks to queue
[2024-05-24T14:52:42.469+0000] {logging_mixin.py:188} INFO - [2024-05-24T14:52:42.469+0000] {dagbag.py:545} INFO - Filling up the DagBag from /usr/local/python/3.10.13/lib/python3.10/site-packages/airflow/example_dags/example_xcomargs.py
[2024-05-24T14:52:42.476+0000] {processor.py:840} INFO - DAG(s) 'example_xcom_args_with_operators', 'example_xcom_args' retrieved from /usr/local/python/3.10.13/lib/python3.10/site-packages/airflow/example_dags/example_xcomargs.py
[2024-05-24T14:52:42.490+0000] {logging_mixin.py:188} INFO - [2024-05-24T14:52:42.490+0000] {dag.py:3096} INFO - Sync 2 DAGs
[2024-05-24T14:52:42.499+0000] {logging_mixin.py:188} INFO - [2024-05-24T14:52:42.499+0000] {dag.py:3954} INFO - Setting next_dagrun for example_xcom_args to None, run_after=None
[2024-05-24T14:52:42.502+0000] {logging_mixin.py:188} INFO - [2024-05-24T14:52:42.502+0000] {dag.py:3954} INFO - Setting next_dagrun for example_xcom_args_with_operators to None, run_after=None
[2024-05-24T14:52:42.542+0000] {processor.py:183} INFO - Processing /usr/local/python/3.10.13/lib/python3.10/site-packages/airflow/example_dags/example_xcomargs.py took 0.079 seconds
[2024-05-24T14:53:23.306+0000] {processor.py:161} INFO - Started process (PID=64206) to work on /usr/local/python/3.10.13/lib/python3.10/site-packages/airflow/example_dags/example_xcomargs.py
[2024-05-24T14:53:23.307+0000] {processor.py:830} INFO - Processing file /usr/local/python/3.10.13/lib/python3.10/site-packages/airflow/example_dags/example_xcomargs.py for tasks to queue
[2024-05-24T14:53:23.309+0000] {logging_mixin.py:188} INFO - [2024-05-24T14:53:23.308+0000] {dagbag.py:545} INFO - Filling up the DagBag from /usr/local/python/3.10.13/lib/python3.10/site-packages/airflow/example_dags/example_xcomargs.py
[2024-05-24T14:53:23.319+0000] {processor.py:840} INFO - DAG(s) 'example_xcom_args_with_operators', 'example_xcom_args' retrieved from /usr/local/python/3.10.13/lib/python3.10/site-packages/airflow/example_dags/example_xcomargs.py
[2024-05-24T14:53:23.339+0000] {logging_mixin.py:188} INFO - [2024-05-24T14:53:23.339+0000] {dag.py:3096} INFO - Sync 2 DAGs
[2024-05-24T14:53:23.353+0000] {logging_mixin.py:188} INFO - [2024-05-24T14:53:23.353+0000] {dag.py:3954} INFO - Setting next_dagrun for example_xcom_args to None, run_after=None
[2024-05-24T14:53:23.357+0000] {logging_mixin.py:188} INFO - [2024-05-24T14:53:23.357+0000] {dag.py:3954} INFO - Setting next_dagrun for example_xcom_args_with_operators to None, run_after=None
[2024-05-24T14:53:23.400+0000] {processor.py:183} INFO - Processing /usr/local/python/3.10.13/lib/python3.10/site-packages/airflow/example_dags/example_xcomargs.py took 0.101 seconds
[2024-05-24T14:54:04.254+0000] {processor.py:161} INFO - Started process (PID=64575) to work on /usr/local/python/3.10.13/lib/python3.10/site-packages/airflow/example_dags/example_xcomargs.py
[2024-05-24T14:54:04.255+0000] {processor.py:830} INFO - Processing file /usr/local/python/3.10.13/lib/python3.10/site-packages/airflow/example_dags/example_xcomargs.py for tasks to queue
[2024-05-24T14:54:04.256+0000] {logging_mixin.py:188} INFO - [2024-05-24T14:54:04.256+0000] {dagbag.py:545} INFO - Filling up the DagBag from /usr/local/python/3.10.13/lib/python3.10/site-packages/airflow/example_dags/example_xcomargs.py
[2024-05-24T14:54:04.263+0000] {processor.py:840} INFO - DAG(s) 'example_xcom_args', 'example_xcom_args_with_operators' retrieved from /usr/local/python/3.10.13/lib/python3.10/site-packages/airflow/example_dags/example_xcomargs.py
[2024-05-24T14:54:04.278+0000] {logging_mixin.py:188} INFO - [2024-05-24T14:54:04.278+0000] {dag.py:3096} INFO - Sync 2 DAGs
[2024-05-24T14:54:04.287+0000] {logging_mixin.py:188} INFO - [2024-05-24T14:54:04.287+0000] {dag.py:3954} INFO - Setting next_dagrun for example_xcom_args to None, run_after=None
[2024-05-24T14:54:04.290+0000] {logging_mixin.py:188} INFO - [2024-05-24T14:54:04.290+0000] {dag.py:3954} INFO - Setting next_dagrun for example_xcom_args_with_operators to None, run_after=None
[2024-05-24T14:54:04.329+0000] {processor.py:183} INFO - Processing /usr/local/python/3.10.13/lib/python3.10/site-packages/airflow/example_dags/example_xcomargs.py took 0.080 seconds
