[2024-05-24T14:43:09.391+0000] {processor.py:161} INFO - Started process (PID=58512) to work on /usr/local/python/3.10.13/lib/python3.10/site-packages/airflow/example_dags/example_python_decorator.py
[2024-05-24T14:43:09.392+0000] {processor.py:830} INFO - Processing file /usr/local/python/3.10.13/lib/python3.10/site-packages/airflow/example_dags/example_python_decorator.py for tasks to queue
[2024-05-24T14:43:09.393+0000] {logging_mixin.py:188} INFO - [2024-05-24T14:43:09.393+0000] {dagbag.py:545} INFO - Filling up the DagBag from /usr/local/python/3.10.13/lib/python3.10/site-packages/airflow/example_dags/example_python_decorator.py
[2024-05-24T14:43:09.491+0000] {processor.py:840} INFO - DAG(s) 'example_python_decorator' retrieved from /usr/local/python/3.10.13/lib/python3.10/site-packages/airflow/example_dags/example_python_decorator.py
[2024-05-24T14:43:09.619+0000] {logging_mixin.py:188} INFO - [2024-05-24T14:43:09.619+0000] {override.py:1829} INFO - Created Permission View: can read on DAG:example_python_decorator
[2024-05-24T14:43:09.654+0000] {logging_mixin.py:188} INFO - [2024-05-24T14:43:09.654+0000] {override.py:1829} INFO - Created Permission View: can edit on DAG:example_python_decorator
[2024-05-24T14:43:09.683+0000] {logging_mixin.py:188} INFO - [2024-05-24T14:43:09.683+0000] {override.py:1829} INFO - Created Permission View: can delete on DAG:example_python_decorator
[2024-05-24T14:43:09.684+0000] {logging_mixin.py:188} INFO - [2024-05-24T14:43:09.684+0000] {dag.py:3096} INFO - Sync 1 DAGs
[2024-05-24T14:43:09.692+0000] {logging_mixin.py:188} INFO - [2024-05-24T14:43:09.692+0000] {dag.py:3118} INFO - Creating ORM DAG for example_python_decorator
[2024-05-24T14:43:09.693+0000] {logging_mixin.py:188} INFO - [2024-05-24T14:43:09.693+0000] {dag.py:3954} INFO - Setting next_dagrun for example_python_decorator to None, run_after=None
[2024-05-24T14:43:09.735+0000] {processor.py:183} INFO - Processing /usr/local/python/3.10.13/lib/python3.10/site-packages/airflow/example_dags/example_python_decorator.py took 0.348 seconds
[2024-05-24T14:44:04.257+0000] {processor.py:161} INFO - Started process (PID=58983) to work on /usr/local/python/3.10.13/lib/python3.10/site-packages/airflow/example_dags/example_python_decorator.py
[2024-05-24T14:44:04.258+0000] {processor.py:830} INFO - Processing file /usr/local/python/3.10.13/lib/python3.10/site-packages/airflow/example_dags/example_python_decorator.py for tasks to queue
[2024-05-24T14:44:04.259+0000] {logging_mixin.py:188} INFO - [2024-05-24T14:44:04.259+0000] {dagbag.py:545} INFO - Filling up the DagBag from /usr/local/python/3.10.13/lib/python3.10/site-packages/airflow/example_dags/example_python_decorator.py
[2024-05-24T14:44:04.271+0000] {processor.py:840} INFO - DAG(s) 'example_python_decorator' retrieved from /usr/local/python/3.10.13/lib/python3.10/site-packages/airflow/example_dags/example_python_decorator.py
[2024-05-24T14:44:04.286+0000] {logging_mixin.py:188} INFO - [2024-05-24T14:44:04.286+0000] {dag.py:3096} INFO - Sync 1 DAGs
[2024-05-24T14:44:04.295+0000] {logging_mixin.py:188} INFO - [2024-05-24T14:44:04.295+0000] {dag.py:3954} INFO - Setting next_dagrun for example_python_decorator to None, run_after=None
[2024-05-24T14:44:04.333+0000] {processor.py:183} INFO - Processing /usr/local/python/3.10.13/lib/python3.10/site-packages/airflow/example_dags/example_python_decorator.py took 0.081 seconds
[2024-05-24T14:44:55.600+0000] {processor.py:161} INFO - Started process (PID=59491) to work on /usr/local/python/3.10.13/lib/python3.10/site-packages/airflow/example_dags/example_python_decorator.py
[2024-05-24T14:44:55.601+0000] {processor.py:830} INFO - Processing file /usr/local/python/3.10.13/lib/python3.10/site-packages/airflow/example_dags/example_python_decorator.py for tasks to queue
[2024-05-24T14:44:55.602+0000] {logging_mixin.py:188} INFO - [2024-05-24T14:44:55.602+0000] {dagbag.py:545} INFO - Filling up the DagBag from /usr/local/python/3.10.13/lib/python3.10/site-packages/airflow/example_dags/example_python_decorator.py
[2024-05-24T14:44:55.612+0000] {processor.py:840} INFO - DAG(s) 'example_python_decorator' retrieved from /usr/local/python/3.10.13/lib/python3.10/site-packages/airflow/example_dags/example_python_decorator.py
[2024-05-24T14:44:55.627+0000] {logging_mixin.py:188} INFO - [2024-05-24T14:44:55.627+0000] {dag.py:3096} INFO - Sync 1 DAGs
[2024-05-24T14:44:55.636+0000] {logging_mixin.py:188} INFO - [2024-05-24T14:44:55.636+0000] {dag.py:3954} INFO - Setting next_dagrun for example_python_decorator to None, run_after=None
[2024-05-24T14:44:55.679+0000] {processor.py:183} INFO - Processing /usr/local/python/3.10.13/lib/python3.10/site-packages/airflow/example_dags/example_python_decorator.py took 0.084 seconds
[2024-05-24T14:46:02.947+0000] {processor.py:161} INFO - Started process (PID=60184) to work on /usr/local/python/3.10.13/lib/python3.10/site-packages/airflow/example_dags/example_python_decorator.py
[2024-05-24T14:46:02.948+0000] {processor.py:830} INFO - Processing file /usr/local/python/3.10.13/lib/python3.10/site-packages/airflow/example_dags/example_python_decorator.py for tasks to queue
[2024-05-24T14:46:02.949+0000] {logging_mixin.py:188} INFO - [2024-05-24T14:46:02.949+0000] {dagbag.py:545} INFO - Filling up the DagBag from /usr/local/python/3.10.13/lib/python3.10/site-packages/airflow/example_dags/example_python_decorator.py
[2024-05-24T14:46:02.960+0000] {processor.py:840} INFO - DAG(s) 'example_python_decorator' retrieved from /usr/local/python/3.10.13/lib/python3.10/site-packages/airflow/example_dags/example_python_decorator.py
[2024-05-24T14:46:02.974+0000] {logging_mixin.py:188} INFO - [2024-05-24T14:46:02.974+0000] {dag.py:3096} INFO - Sync 1 DAGs
[2024-05-24T14:46:02.983+0000] {logging_mixin.py:188} INFO - [2024-05-24T14:46:02.983+0000] {dag.py:3954} INFO - Setting next_dagrun for example_python_decorator to None, run_after=None
[2024-05-24T14:46:03.020+0000] {processor.py:183} INFO - Processing /usr/local/python/3.10.13/lib/python3.10/site-packages/airflow/example_dags/example_python_decorator.py took 0.078 seconds
