[2024-05-24T14:42:46.136+0000] {processor.py:161} INFO - Started process (PID=58368) to work on /usr/local/python/3.10.13/lib/python3.10/site-packages/airflow/example_dags/example_setup_teardown.py
[2024-05-24T14:42:46.136+0000] {processor.py:830} INFO - Processing file /usr/local/python/3.10.13/lib/python3.10/site-packages/airflow/example_dags/example_setup_teardown.py for tasks to queue
[2024-05-24T14:42:46.138+0000] {logging_mixin.py:188} INFO - [2024-05-24T14:42:46.137+0000] {dagbag.py:545} INFO - Filling up the DagBag from /usr/local/python/3.10.13/lib/python3.10/site-packages/airflow/example_dags/example_setup_teardown.py
[2024-05-24T14:42:46.142+0000] {processor.py:840} INFO - DAG(s) 'example_setup_teardown' retrieved from /usr/local/python/3.10.13/lib/python3.10/site-packages/airflow/example_dags/example_setup_teardown.py
[2024-05-24T14:42:46.354+0000] {logging_mixin.py:188} INFO - [2024-05-24T14:42:46.353+0000] {override.py:1829} INFO - Created Permission View: can read on DAG:example_setup_teardown
[2024-05-24T14:42:46.384+0000] {logging_mixin.py:188} INFO - [2024-05-24T14:42:46.384+0000] {override.py:1829} INFO - Created Permission View: can edit on DAG:example_setup_teardown
[2024-05-24T14:42:46.411+0000] {logging_mixin.py:188} INFO - [2024-05-24T14:42:46.411+0000] {override.py:1829} INFO - Created Permission View: can delete on DAG:example_setup_teardown
[2024-05-24T14:42:46.412+0000] {logging_mixin.py:188} INFO - [2024-05-24T14:42:46.412+0000] {dag.py:3096} INFO - Sync 1 DAGs
[2024-05-24T14:42:46.421+0000] {logging_mixin.py:188} INFO - [2024-05-24T14:42:46.421+0000] {dag.py:3118} INFO - Creating ORM DAG for example_setup_teardown
[2024-05-24T14:42:46.428+0000] {logging_mixin.py:188} INFO - [2024-05-24T14:42:46.428+0000] {dag.py:3954} INFO - Setting next_dagrun for example_setup_teardown to 2024-05-23 00:00:00+00:00, run_after=2024-05-24 00:00:00+00:00
[2024-05-24T14:42:46.470+0000] {processor.py:183} INFO - Processing /usr/local/python/3.10.13/lib/python3.10/site-packages/airflow/example_dags/example_setup_teardown.py took 0.338 seconds
[2024-05-24T14:43:47.026+0000] {processor.py:161} INFO - Started process (PID=58809) to work on /usr/local/python/3.10.13/lib/python3.10/site-packages/airflow/example_dags/example_setup_teardown.py
[2024-05-24T14:43:47.027+0000] {processor.py:830} INFO - Processing file /usr/local/python/3.10.13/lib/python3.10/site-packages/airflow/example_dags/example_setup_teardown.py for tasks to queue
[2024-05-24T14:43:47.028+0000] {logging_mixin.py:188} INFO - [2024-05-24T14:43:47.028+0000] {dagbag.py:545} INFO - Filling up the DagBag from /usr/local/python/3.10.13/lib/python3.10/site-packages/airflow/example_dags/example_setup_teardown.py
[2024-05-24T14:43:47.033+0000] {processor.py:840} INFO - DAG(s) 'example_setup_teardown' retrieved from /usr/local/python/3.10.13/lib/python3.10/site-packages/airflow/example_dags/example_setup_teardown.py
[2024-05-24T14:43:47.046+0000] {logging_mixin.py:188} INFO - [2024-05-24T14:43:47.046+0000] {dag.py:3096} INFO - Sync 1 DAGs
[2024-05-24T14:43:47.061+0000] {logging_mixin.py:188} INFO - [2024-05-24T14:43:47.061+0000] {dag.py:3954} INFO - Setting next_dagrun for example_setup_teardown to 2024-05-23 00:00:00+00:00, run_after=2024-05-24 00:00:00+00:00
[2024-05-24T14:43:47.103+0000] {processor.py:183} INFO - Processing /usr/local/python/3.10.13/lib/python3.10/site-packages/airflow/example_dags/example_setup_teardown.py took 0.081 seconds
[2024-05-24T14:44:38.385+0000] {processor.py:161} INFO - Started process (PID=59314) to work on /usr/local/python/3.10.13/lib/python3.10/site-packages/airflow/example_dags/example_setup_teardown.py
[2024-05-24T14:44:38.386+0000] {processor.py:830} INFO - Processing file /usr/local/python/3.10.13/lib/python3.10/site-packages/airflow/example_dags/example_setup_teardown.py for tasks to queue
[2024-05-24T14:44:38.388+0000] {logging_mixin.py:188} INFO - [2024-05-24T14:44:38.388+0000] {dagbag.py:545} INFO - Filling up the DagBag from /usr/local/python/3.10.13/lib/python3.10/site-packages/airflow/example_dags/example_setup_teardown.py
[2024-05-24T14:44:38.393+0000] {processor.py:840} INFO - DAG(s) 'example_setup_teardown' retrieved from /usr/local/python/3.10.13/lib/python3.10/site-packages/airflow/example_dags/example_setup_teardown.py
[2024-05-24T14:44:38.405+0000] {logging_mixin.py:188} INFO - [2024-05-24T14:44:38.405+0000] {dag.py:3096} INFO - Sync 1 DAGs
[2024-05-24T14:44:38.420+0000] {logging_mixin.py:188} INFO - [2024-05-24T14:44:38.420+0000] {dag.py:3954} INFO - Setting next_dagrun for example_setup_teardown to 2024-05-23 00:00:00+00:00, run_after=2024-05-24 00:00:00+00:00
[2024-05-24T14:44:38.458+0000] {processor.py:183} INFO - Processing /usr/local/python/3.10.13/lib/python3.10/site-packages/airflow/example_dags/example_setup_teardown.py took 0.078 seconds
[2024-05-24T14:45:29.941+0000] {processor.py:161} INFO - Started process (PID=59858) to work on /usr/local/python/3.10.13/lib/python3.10/site-packages/airflow/example_dags/example_setup_teardown.py
[2024-05-24T14:45:29.942+0000] {processor.py:830} INFO - Processing file /usr/local/python/3.10.13/lib/python3.10/site-packages/airflow/example_dags/example_setup_teardown.py for tasks to queue
[2024-05-24T14:45:29.945+0000] {logging_mixin.py:188} INFO - [2024-05-24T14:45:29.944+0000] {dagbag.py:545} INFO - Filling up the DagBag from /usr/local/python/3.10.13/lib/python3.10/site-packages/airflow/example_dags/example_setup_teardown.py
[2024-05-24T14:45:29.950+0000] {processor.py:840} INFO - DAG(s) 'example_setup_teardown' retrieved from /usr/local/python/3.10.13/lib/python3.10/site-packages/airflow/example_dags/example_setup_teardown.py
[2024-05-24T14:45:29.962+0000] {logging_mixin.py:188} INFO - [2024-05-24T14:45:29.962+0000] {dag.py:3096} INFO - Sync 1 DAGs
[2024-05-24T14:45:29.977+0000] {logging_mixin.py:188} INFO - [2024-05-24T14:45:29.977+0000] {dag.py:3954} INFO - Setting next_dagrun for example_setup_teardown to 2024-05-23 00:00:00+00:00, run_after=2024-05-24 00:00:00+00:00
[2024-05-24T14:45:30.017+0000] {processor.py:183} INFO - Processing /usr/local/python/3.10.13/lib/python3.10/site-packages/airflow/example_dags/example_setup_teardown.py took 0.083 seconds
[2024-05-24T14:46:13.274+0000] {processor.py:161} INFO - Started process (PID=60264) to work on /usr/local/python/3.10.13/lib/python3.10/site-packages/airflow/example_dags/example_setup_teardown.py
[2024-05-24T14:46:13.275+0000] {processor.py:830} INFO - Processing file /usr/local/python/3.10.13/lib/python3.10/site-packages/airflow/example_dags/example_setup_teardown.py for tasks to queue
[2024-05-24T14:46:13.276+0000] {logging_mixin.py:188} INFO - [2024-05-24T14:46:13.276+0000] {dagbag.py:545} INFO - Filling up the DagBag from /usr/local/python/3.10.13/lib/python3.10/site-packages/airflow/example_dags/example_setup_teardown.py
[2024-05-24T14:46:13.281+0000] {processor.py:840} INFO - DAG(s) 'example_setup_teardown' retrieved from /usr/local/python/3.10.13/lib/python3.10/site-packages/airflow/example_dags/example_setup_teardown.py
[2024-05-24T14:46:13.293+0000] {logging_mixin.py:188} INFO - [2024-05-24T14:46:13.293+0000] {dag.py:3096} INFO - Sync 1 DAGs
[2024-05-24T14:46:13.308+0000] {logging_mixin.py:188} INFO - [2024-05-24T14:46:13.307+0000] {dag.py:3954} INFO - Setting next_dagrun for example_setup_teardown to 2024-05-23 00:00:00+00:00, run_after=2024-05-24 00:00:00+00:00
[2024-05-24T14:46:13.345+0000] {processor.py:183} INFO - Processing /usr/local/python/3.10.13/lib/python3.10/site-packages/airflow/example_dags/example_setup_teardown.py took 0.075 seconds
