[2024-05-24T14:43:07.984+0000] {processor.py:161} INFO - Started process (PID=58505) to work on /usr/local/python/3.10.13/lib/python3.10/site-packages/airflow/example_dags/example_dag_decorator.py
[2024-05-24T14:43:07.985+0000] {processor.py:830} INFO - Processing file /usr/local/python/3.10.13/lib/python3.10/site-packages/airflow/example_dags/example_dag_decorator.py for tasks to queue
[2024-05-24T14:43:07.986+0000] {logging_mixin.py:188} INFO - [2024-05-24T14:43:07.986+0000] {dagbag.py:545} INFO - Filling up the DagBag from /usr/local/python/3.10.13/lib/python3.10/site-packages/airflow/example_dags/example_dag_decorator.py
[2024-05-24T14:43:08.181+0000] {processor.py:840} INFO - DAG(s) 'example_dag_decorator' retrieved from /usr/local/python/3.10.13/lib/python3.10/site-packages/airflow/example_dags/example_dag_decorator.py
[2024-05-24T14:43:08.318+0000] {logging_mixin.py:188} INFO - [2024-05-24T14:43:08.318+0000] {override.py:1829} INFO - Created Permission View: can read on DAG:example_dag_decorator
[2024-05-24T14:43:08.350+0000] {logging_mixin.py:188} INFO - [2024-05-24T14:43:08.350+0000] {override.py:1829} INFO - Created Permission View: can edit on DAG:example_dag_decorator
[2024-05-24T14:43:08.381+0000] {logging_mixin.py:188} INFO - [2024-05-24T14:43:08.380+0000] {override.py:1829} INFO - Created Permission View: can delete on DAG:example_dag_decorator
[2024-05-24T14:43:08.381+0000] {logging_mixin.py:188} INFO - [2024-05-24T14:43:08.381+0000] {dag.py:3096} INFO - Sync 1 DAGs
[2024-05-24T14:43:08.394+0000] {logging_mixin.py:188} INFO - [2024-05-24T14:43:08.394+0000] {dag.py:3118} INFO - Creating ORM DAG for example_dag_decorator
[2024-05-24T14:43:08.395+0000] {logging_mixin.py:188} INFO - [2024-05-24T14:43:08.394+0000] {dag.py:3954} INFO - Setting next_dagrun for example_dag_decorator to None, run_after=None
[2024-05-24T14:43:08.442+0000] {processor.py:183} INFO - Processing /usr/local/python/3.10.13/lib/python3.10/site-packages/airflow/example_dags/example_dag_decorator.py took 0.463 seconds
[2024-05-24T14:44:02.935+0000] {processor.py:161} INFO - Started process (PID=58973) to work on /usr/local/python/3.10.13/lib/python3.10/site-packages/airflow/example_dags/example_dag_decorator.py
[2024-05-24T14:44:02.935+0000] {processor.py:830} INFO - Processing file /usr/local/python/3.10.13/lib/python3.10/site-packages/airflow/example_dags/example_dag_decorator.py for tasks to queue
[2024-05-24T14:44:02.937+0000] {logging_mixin.py:188} INFO - [2024-05-24T14:44:02.936+0000] {dagbag.py:545} INFO - Filling up the DagBag from /usr/local/python/3.10.13/lib/python3.10/site-packages/airflow/example_dags/example_dag_decorator.py
[2024-05-24T14:44:03.010+0000] {processor.py:840} INFO - DAG(s) 'example_dag_decorator' retrieved from /usr/local/python/3.10.13/lib/python3.10/site-packages/airflow/example_dags/example_dag_decorator.py
[2024-05-24T14:44:03.089+0000] {logging_mixin.py:188} INFO - [2024-05-24T14:44:03.089+0000] {dag.py:3096} INFO - Sync 1 DAGs
[2024-05-24T14:44:03.098+0000] {logging_mixin.py:188} INFO - [2024-05-24T14:44:03.098+0000] {dag.py:3954} INFO - Setting next_dagrun for example_dag_decorator to None, run_after=None
[2024-05-24T14:44:03.138+0000] {processor.py:183} INFO - Processing /usr/local/python/3.10.13/lib/python3.10/site-packages/airflow/example_dags/example_dag_decorator.py took 0.209 seconds
[2024-05-24T14:44:54.760+0000] {processor.py:161} INFO - Started process (PID=59484) to work on /usr/local/python/3.10.13/lib/python3.10/site-packages/airflow/example_dags/example_dag_decorator.py
[2024-05-24T14:44:54.761+0000] {processor.py:830} INFO - Processing file /usr/local/python/3.10.13/lib/python3.10/site-packages/airflow/example_dags/example_dag_decorator.py for tasks to queue
[2024-05-24T14:44:54.763+0000] {logging_mixin.py:188} INFO - [2024-05-24T14:44:54.763+0000] {dagbag.py:545} INFO - Filling up the DagBag from /usr/local/python/3.10.13/lib/python3.10/site-packages/airflow/example_dags/example_dag_decorator.py
[2024-05-24T14:44:54.862+0000] {processor.py:840} INFO - DAG(s) 'example_dag_decorator' retrieved from /usr/local/python/3.10.13/lib/python3.10/site-packages/airflow/example_dags/example_dag_decorator.py
[2024-05-24T14:44:54.980+0000] {logging_mixin.py:188} INFO - [2024-05-24T14:44:54.980+0000] {dag.py:3096} INFO - Sync 1 DAGs
[2024-05-24T14:44:55.007+0000] {logging_mixin.py:188} INFO - [2024-05-24T14:44:55.007+0000] {dag.py:3954} INFO - Setting next_dagrun for example_dag_decorator to None, run_after=None
[2024-05-24T14:44:55.050+0000] {processor.py:183} INFO - Processing /usr/local/python/3.10.13/lib/python3.10/site-packages/airflow/example_dags/example_dag_decorator.py took 0.297 seconds
[2024-05-24T14:46:02.345+0000] {processor.py:161} INFO - Started process (PID=60177) to work on /usr/local/python/3.10.13/lib/python3.10/site-packages/airflow/example_dags/example_dag_decorator.py
[2024-05-24T14:46:02.346+0000] {processor.py:830} INFO - Processing file /usr/local/python/3.10.13/lib/python3.10/site-packages/airflow/example_dags/example_dag_decorator.py for tasks to queue
[2024-05-24T14:46:02.347+0000] {logging_mixin.py:188} INFO - [2024-05-24T14:46:02.347+0000] {dagbag.py:545} INFO - Filling up the DagBag from /usr/local/python/3.10.13/lib/python3.10/site-packages/airflow/example_dags/example_dag_decorator.py
[2024-05-24T14:46:02.421+0000] {processor.py:840} INFO - DAG(s) 'example_dag_decorator' retrieved from /usr/local/python/3.10.13/lib/python3.10/site-packages/airflow/example_dags/example_dag_decorator.py
[2024-05-24T14:46:02.498+0000] {logging_mixin.py:188} INFO - [2024-05-24T14:46:02.498+0000] {dag.py:3096} INFO - Sync 1 DAGs
[2024-05-24T14:46:02.505+0000] {logging_mixin.py:188} INFO - [2024-05-24T14:46:02.505+0000] {dag.py:3954} INFO - Setting next_dagrun for example_dag_decorator to None, run_after=None
[2024-05-24T14:46:02.545+0000] {processor.py:183} INFO - Processing /usr/local/python/3.10.13/lib/python3.10/site-packages/airflow/example_dags/example_dag_decorator.py took 0.204 seconds
[2024-05-24T14:47:04.959+0000] {processor.py:161} INFO - Started process (PID=60774) to work on /usr/local/python/3.10.13/lib/python3.10/site-packages/airflow/example_dags/example_dag_decorator.py
[2024-05-24T14:47:04.960+0000] {processor.py:830} INFO - Processing file /usr/local/python/3.10.13/lib/python3.10/site-packages/airflow/example_dags/example_dag_decorator.py for tasks to queue
[2024-05-24T14:47:04.961+0000] {logging_mixin.py:188} INFO - [2024-05-24T14:47:04.961+0000] {dagbag.py:545} INFO - Filling up the DagBag from /usr/local/python/3.10.13/lib/python3.10/site-packages/airflow/example_dags/example_dag_decorator.py
[2024-05-24T14:47:05.039+0000] {processor.py:840} INFO - DAG(s) 'example_dag_decorator' retrieved from /usr/local/python/3.10.13/lib/python3.10/site-packages/airflow/example_dags/example_dag_decorator.py
[2024-05-24T14:47:05.138+0000] {logging_mixin.py:188} INFO - [2024-05-24T14:47:05.138+0000] {dag.py:3096} INFO - Sync 1 DAGs
[2024-05-24T14:47:05.150+0000] {logging_mixin.py:188} INFO - [2024-05-24T14:47:05.150+0000] {dag.py:3954} INFO - Setting next_dagrun for example_dag_decorator to None, run_after=None
[2024-05-24T14:47:05.200+0000] {processor.py:183} INFO - Processing /usr/local/python/3.10.13/lib/python3.10/site-packages/airflow/example_dags/example_dag_decorator.py took 0.246 seconds
[2024-05-24T14:48:06.400+0000] {processor.py:161} INFO - Started process (PID=61308) to work on /usr/local/python/3.10.13/lib/python3.10/site-packages/airflow/example_dags/example_dag_decorator.py
[2024-05-24T14:48:06.400+0000] {processor.py:830} INFO - Processing file /usr/local/python/3.10.13/lib/python3.10/site-packages/airflow/example_dags/example_dag_decorator.py for tasks to queue
[2024-05-24T14:48:06.402+0000] {logging_mixin.py:188} INFO - [2024-05-24T14:48:06.401+0000] {dagbag.py:545} INFO - Filling up the DagBag from /usr/local/python/3.10.13/lib/python3.10/site-packages/airflow/example_dags/example_dag_decorator.py
[2024-05-24T14:48:06.473+0000] {processor.py:840} INFO - DAG(s) 'example_dag_decorator' retrieved from /usr/local/python/3.10.13/lib/python3.10/site-packages/airflow/example_dags/example_dag_decorator.py
[2024-05-24T14:48:06.551+0000] {logging_mixin.py:188} INFO - [2024-05-24T14:48:06.550+0000] {dag.py:3096} INFO - Sync 1 DAGs
[2024-05-24T14:48:06.558+0000] {logging_mixin.py:188} INFO - [2024-05-24T14:48:06.558+0000] {dag.py:3954} INFO - Setting next_dagrun for example_dag_decorator to None, run_after=None
[2024-05-24T14:48:06.598+0000] {processor.py:183} INFO - Processing /usr/local/python/3.10.13/lib/python3.10/site-packages/airflow/example_dags/example_dag_decorator.py took 0.203 seconds
[2024-05-24T14:49:07.953+0000] {processor.py:161} INFO - Started process (PID=61992) to work on /usr/local/python/3.10.13/lib/python3.10/site-packages/airflow/example_dags/example_dag_decorator.py
[2024-05-24T14:49:07.954+0000] {processor.py:830} INFO - Processing file /usr/local/python/3.10.13/lib/python3.10/site-packages/airflow/example_dags/example_dag_decorator.py for tasks to queue
[2024-05-24T14:49:07.955+0000] {logging_mixin.py:188} INFO - [2024-05-24T14:49:07.955+0000] {dagbag.py:545} INFO - Filling up the DagBag from /usr/local/python/3.10.13/lib/python3.10/site-packages/airflow/example_dags/example_dag_decorator.py
[2024-05-24T14:49:08.029+0000] {processor.py:840} INFO - DAG(s) 'example_dag_decorator' retrieved from /usr/local/python/3.10.13/lib/python3.10/site-packages/airflow/example_dags/example_dag_decorator.py
[2024-05-24T14:49:08.109+0000] {logging_mixin.py:188} INFO - [2024-05-24T14:49:08.109+0000] {dag.py:3096} INFO - Sync 1 DAGs
[2024-05-24T14:49:08.116+0000] {logging_mixin.py:188} INFO - [2024-05-24T14:49:08.116+0000] {dag.py:3954} INFO - Setting next_dagrun for example_dag_decorator to None, run_after=None
[2024-05-24T14:49:08.154+0000] {processor.py:183} INFO - Processing /usr/local/python/3.10.13/lib/python3.10/site-packages/airflow/example_dags/example_dag_decorator.py took 0.205 seconds
[2024-05-24T14:50:09.734+0000] {processor.py:161} INFO - Started process (PID=62589) to work on /usr/local/python/3.10.13/lib/python3.10/site-packages/airflow/example_dags/example_dag_decorator.py
[2024-05-24T14:50:09.734+0000] {processor.py:830} INFO - Processing file /usr/local/python/3.10.13/lib/python3.10/site-packages/airflow/example_dags/example_dag_decorator.py for tasks to queue
[2024-05-24T14:50:09.736+0000] {logging_mixin.py:188} INFO - [2024-05-24T14:50:09.735+0000] {dagbag.py:545} INFO - Filling up the DagBag from /usr/local/python/3.10.13/lib/python3.10/site-packages/airflow/example_dags/example_dag_decorator.py
[2024-05-24T14:50:09.811+0000] {processor.py:840} INFO - DAG(s) 'example_dag_decorator' retrieved from /usr/local/python/3.10.13/lib/python3.10/site-packages/airflow/example_dags/example_dag_decorator.py
[2024-05-24T14:50:09.826+0000] {logging_mixin.py:188} INFO - [2024-05-24T14:50:09.826+0000] {dag.py:3096} INFO - Sync 1 DAGs
[2024-05-24T14:50:09.840+0000] {logging_mixin.py:188} INFO - [2024-05-24T14:50:09.840+0000] {dag.py:3954} INFO - Setting next_dagrun for example_dag_decorator to None, run_after=None
[2024-05-24T14:50:09.887+0000] {processor.py:183} INFO - Processing /usr/local/python/3.10.13/lib/python3.10/site-packages/airflow/example_dags/example_dag_decorator.py took 0.158 seconds
[2024-05-24T14:51:13.692+0000] {processor.py:161} INFO - Started process (PID=63061) to work on /usr/local/python/3.10.13/lib/python3.10/site-packages/airflow/example_dags/example_dag_decorator.py
[2024-05-24T14:51:13.693+0000] {processor.py:830} INFO - Processing file /usr/local/python/3.10.13/lib/python3.10/site-packages/airflow/example_dags/example_dag_decorator.py for tasks to queue
[2024-05-24T14:51:13.695+0000] {logging_mixin.py:188} INFO - [2024-05-24T14:51:13.694+0000] {dagbag.py:545} INFO - Filling up the DagBag from /usr/local/python/3.10.13/lib/python3.10/site-packages/airflow/example_dags/example_dag_decorator.py
[2024-05-24T14:51:13.766+0000] {processor.py:840} INFO - DAG(s) 'example_dag_decorator' retrieved from /usr/local/python/3.10.13/lib/python3.10/site-packages/airflow/example_dags/example_dag_decorator.py
[2024-05-24T14:51:13.850+0000] {logging_mixin.py:188} INFO - [2024-05-24T14:51:13.850+0000] {dag.py:3096} INFO - Sync 1 DAGs
[2024-05-24T14:51:13.862+0000] {logging_mixin.py:188} INFO - [2024-05-24T14:51:13.862+0000] {dag.py:3954} INFO - Setting next_dagrun for example_dag_decorator to None, run_after=None
[2024-05-24T14:51:13.921+0000] {processor.py:183} INFO - Processing /usr/local/python/3.10.13/lib/python3.10/site-packages/airflow/example_dags/example_dag_decorator.py took 0.233 seconds
[2024-05-24T14:52:13.923+0000] {processor.py:161} INFO - Started process (PID=63520) to work on /usr/local/python/3.10.13/lib/python3.10/site-packages/airflow/example_dags/example_dag_decorator.py
[2024-05-24T14:52:13.924+0000] {processor.py:830} INFO - Processing file /usr/local/python/3.10.13/lib/python3.10/site-packages/airflow/example_dags/example_dag_decorator.py for tasks to queue
[2024-05-24T14:52:13.925+0000] {logging_mixin.py:188} INFO - [2024-05-24T14:52:13.925+0000] {dagbag.py:545} INFO - Filling up the DagBag from /usr/local/python/3.10.13/lib/python3.10/site-packages/airflow/example_dags/example_dag_decorator.py
[2024-05-24T14:52:13.998+0000] {processor.py:840} INFO - DAG(s) 'example_dag_decorator' retrieved from /usr/local/python/3.10.13/lib/python3.10/site-packages/airflow/example_dags/example_dag_decorator.py
[2024-05-24T14:52:14.078+0000] {logging_mixin.py:188} INFO - [2024-05-24T14:52:14.078+0000] {dag.py:3096} INFO - Sync 1 DAGs
[2024-05-24T14:52:14.086+0000] {logging_mixin.py:188} INFO - [2024-05-24T14:52:14.086+0000] {dag.py:3954} INFO - Setting next_dagrun for example_dag_decorator to None, run_after=None
[2024-05-24T14:52:14.131+0000] {processor.py:183} INFO - Processing /usr/local/python/3.10.13/lib/python3.10/site-packages/airflow/example_dags/example_dag_decorator.py took 0.213 seconds
[2024-05-24T14:53:13.660+0000] {processor.py:161} INFO - Started process (PID=64060) to work on /usr/local/python/3.10.13/lib/python3.10/site-packages/airflow/example_dags/example_dag_decorator.py
[2024-05-24T14:53:13.661+0000] {processor.py:830} INFO - Processing file /usr/local/python/3.10.13/lib/python3.10/site-packages/airflow/example_dags/example_dag_decorator.py for tasks to queue
[2024-05-24T14:53:13.662+0000] {logging_mixin.py:188} INFO - [2024-05-24T14:53:13.662+0000] {dagbag.py:545} INFO - Filling up the DagBag from /usr/local/python/3.10.13/lib/python3.10/site-packages/airflow/example_dags/example_dag_decorator.py
[2024-05-24T14:53:13.735+0000] {processor.py:840} INFO - DAG(s) 'example_dag_decorator' retrieved from /usr/local/python/3.10.13/lib/python3.10/site-packages/airflow/example_dags/example_dag_decorator.py
[2024-05-24T14:53:13.750+0000] {logging_mixin.py:188} INFO - [2024-05-24T14:53:13.749+0000] {dag.py:3096} INFO - Sync 1 DAGs
[2024-05-24T14:53:13.758+0000] {logging_mixin.py:188} INFO - [2024-05-24T14:53:13.758+0000] {dag.py:3954} INFO - Setting next_dagrun for example_dag_decorator to None, run_after=None
[2024-05-24T14:53:13.797+0000] {processor.py:183} INFO - Processing /usr/local/python/3.10.13/lib/python3.10/site-packages/airflow/example_dags/example_dag_decorator.py took 0.142 seconds
[2024-05-24T14:54:15.479+0000] {processor.py:161} INFO - Started process (PID=64701) to work on /usr/local/python/3.10.13/lib/python3.10/site-packages/airflow/example_dags/example_dag_decorator.py
[2024-05-24T14:54:15.480+0000] {processor.py:830} INFO - Processing file /usr/local/python/3.10.13/lib/python3.10/site-packages/airflow/example_dags/example_dag_decorator.py for tasks to queue
[2024-05-24T14:54:15.481+0000] {logging_mixin.py:188} INFO - [2024-05-24T14:54:15.481+0000] {dagbag.py:545} INFO - Filling up the DagBag from /usr/local/python/3.10.13/lib/python3.10/site-packages/airflow/example_dags/example_dag_decorator.py
[2024-05-24T14:54:15.555+0000] {processor.py:840} INFO - DAG(s) 'example_dag_decorator' retrieved from /usr/local/python/3.10.13/lib/python3.10/site-packages/airflow/example_dags/example_dag_decorator.py
[2024-05-24T14:54:15.634+0000] {logging_mixin.py:188} INFO - [2024-05-24T14:54:15.633+0000] {dag.py:3096} INFO - Sync 1 DAGs
[2024-05-24T14:54:15.641+0000] {logging_mixin.py:188} INFO - [2024-05-24T14:54:15.641+0000] {dag.py:3954} INFO - Setting next_dagrun for example_dag_decorator to None, run_after=None
[2024-05-24T14:54:15.680+0000] {processor.py:183} INFO - Processing /usr/local/python/3.10.13/lib/python3.10/site-packages/airflow/example_dags/example_dag_decorator.py took 0.206 seconds
[2024-05-24T14:55:14.238+0000] {processor.py:161} INFO - Started process (PID=65384) to work on /usr/local/python/3.10.13/lib/python3.10/site-packages/airflow/example_dags/example_dag_decorator.py
[2024-05-24T14:55:14.239+0000] {processor.py:830} INFO - Processing file /usr/local/python/3.10.13/lib/python3.10/site-packages/airflow/example_dags/example_dag_decorator.py for tasks to queue
[2024-05-24T14:55:14.240+0000] {logging_mixin.py:188} INFO - [2024-05-24T14:55:14.240+0000] {dagbag.py:545} INFO - Filling up the DagBag from /usr/local/python/3.10.13/lib/python3.10/site-packages/airflow/example_dags/example_dag_decorator.py
[2024-05-24T14:55:14.319+0000] {processor.py:840} INFO - DAG(s) 'example_dag_decorator' retrieved from /usr/local/python/3.10.13/lib/python3.10/site-packages/airflow/example_dags/example_dag_decorator.py
[2024-05-24T14:55:14.477+0000] {logging_mixin.py:188} INFO - [2024-05-24T14:55:14.476+0000] {dag.py:3096} INFO - Sync 1 DAGs
[2024-05-24T14:55:14.489+0000] {logging_mixin.py:188} INFO - [2024-05-24T14:55:14.489+0000] {dag.py:3954} INFO - Setting next_dagrun for example_dag_decorator to None, run_after=None
[2024-05-24T14:55:14.530+0000] {processor.py:183} INFO - Processing /usr/local/python/3.10.13/lib/python3.10/site-packages/airflow/example_dags/example_dag_decorator.py took 0.296 seconds
[2024-05-24T14:56:13.389+0000] {processor.py:161} INFO - Started process (PID=66086) to work on /usr/local/python/3.10.13/lib/python3.10/site-packages/airflow/example_dags/example_dag_decorator.py
[2024-05-24T14:56:13.391+0000] {processor.py:830} INFO - Processing file /usr/local/python/3.10.13/lib/python3.10/site-packages/airflow/example_dags/example_dag_decorator.py for tasks to queue
[2024-05-24T14:56:13.393+0000] {logging_mixin.py:188} INFO - [2024-05-24T14:56:13.393+0000] {dagbag.py:545} INFO - Filling up the DagBag from /usr/local/python/3.10.13/lib/python3.10/site-packages/airflow/example_dags/example_dag_decorator.py
[2024-05-24T14:56:13.501+0000] {processor.py:840} INFO - DAG(s) 'example_dag_decorator' retrieved from /usr/local/python/3.10.13/lib/python3.10/site-packages/airflow/example_dags/example_dag_decorator.py
[2024-05-24T14:56:13.580+0000] {logging_mixin.py:188} INFO - [2024-05-24T14:56:13.579+0000] {dag.py:3096} INFO - Sync 1 DAGs
[2024-05-24T14:56:13.587+0000] {logging_mixin.py:188} INFO - [2024-05-24T14:56:13.587+0000] {dag.py:3954} INFO - Setting next_dagrun for example_dag_decorator to None, run_after=None
[2024-05-24T14:56:13.630+0000] {processor.py:183} INFO - Processing /usr/local/python/3.10.13/lib/python3.10/site-packages/airflow/example_dags/example_dag_decorator.py took 0.249 seconds
[2024-05-24T14:57:16.188+0000] {processor.py:161} INFO - Started process (PID=66702) to work on /usr/local/python/3.10.13/lib/python3.10/site-packages/airflow/example_dags/example_dag_decorator.py
[2024-05-24T14:57:16.188+0000] {processor.py:830} INFO - Processing file /usr/local/python/3.10.13/lib/python3.10/site-packages/airflow/example_dags/example_dag_decorator.py for tasks to queue
[2024-05-24T14:57:16.190+0000] {logging_mixin.py:188} INFO - [2024-05-24T14:57:16.190+0000] {dagbag.py:545} INFO - Filling up the DagBag from /usr/local/python/3.10.13/lib/python3.10/site-packages/airflow/example_dags/example_dag_decorator.py
[2024-05-24T14:57:16.264+0000] {processor.py:840} INFO - DAG(s) 'example_dag_decorator' retrieved from /usr/local/python/3.10.13/lib/python3.10/site-packages/airflow/example_dags/example_dag_decorator.py
[2024-05-24T14:57:16.344+0000] {logging_mixin.py:188} INFO - [2024-05-24T14:57:16.344+0000] {dag.py:3096} INFO - Sync 1 DAGs
[2024-05-24T14:57:16.351+0000] {logging_mixin.py:188} INFO - [2024-05-24T14:57:16.351+0000] {dag.py:3954} INFO - Setting next_dagrun for example_dag_decorator to None, run_after=None
[2024-05-24T14:57:16.389+0000] {processor.py:183} INFO - Processing /usr/local/python/3.10.13/lib/python3.10/site-packages/airflow/example_dags/example_dag_decorator.py took 0.206 seconds
[2024-05-24T14:58:20.028+0000] {processor.py:161} INFO - Started process (PID=67219) to work on /usr/local/python/3.10.13/lib/python3.10/site-packages/airflow/example_dags/example_dag_decorator.py
[2024-05-24T14:58:20.029+0000] {processor.py:830} INFO - Processing file /usr/local/python/3.10.13/lib/python3.10/site-packages/airflow/example_dags/example_dag_decorator.py for tasks to queue
[2024-05-24T14:58:20.030+0000] {logging_mixin.py:188} INFO - [2024-05-24T14:58:20.030+0000] {dagbag.py:545} INFO - Filling up the DagBag from /usr/local/python/3.10.13/lib/python3.10/site-packages/airflow/example_dags/example_dag_decorator.py
[2024-05-24T14:58:20.110+0000] {processor.py:840} INFO - DAG(s) 'example_dag_decorator' retrieved from /usr/local/python/3.10.13/lib/python3.10/site-packages/airflow/example_dags/example_dag_decorator.py
[2024-05-24T14:58:20.193+0000] {logging_mixin.py:188} INFO - [2024-05-24T14:58:20.193+0000] {dag.py:3096} INFO - Sync 1 DAGs
[2024-05-24T14:58:20.202+0000] {logging_mixin.py:188} INFO - [2024-05-24T14:58:20.202+0000] {dag.py:3954} INFO - Setting next_dagrun for example_dag_decorator to None, run_after=None
[2024-05-24T14:58:20.246+0000] {processor.py:183} INFO - Processing /usr/local/python/3.10.13/lib/python3.10/site-packages/airflow/example_dags/example_dag_decorator.py took 0.222 seconds
[2024-05-24T14:59:21.512+0000] {processor.py:161} INFO - Started process (PID=67649) to work on /usr/local/python/3.10.13/lib/python3.10/site-packages/airflow/example_dags/example_dag_decorator.py
[2024-05-24T14:59:21.513+0000] {processor.py:830} INFO - Processing file /usr/local/python/3.10.13/lib/python3.10/site-packages/airflow/example_dags/example_dag_decorator.py for tasks to queue
[2024-05-24T14:59:21.514+0000] {logging_mixin.py:188} INFO - [2024-05-24T14:59:21.514+0000] {dagbag.py:545} INFO - Filling up the DagBag from /usr/local/python/3.10.13/lib/python3.10/site-packages/airflow/example_dags/example_dag_decorator.py
[2024-05-24T14:59:21.586+0000] {processor.py:840} INFO - DAG(s) 'example_dag_decorator' retrieved from /usr/local/python/3.10.13/lib/python3.10/site-packages/airflow/example_dags/example_dag_decorator.py
[2024-05-24T14:59:21.667+0000] {logging_mixin.py:188} INFO - [2024-05-24T14:59:21.667+0000] {dag.py:3096} INFO - Sync 1 DAGs
[2024-05-24T14:59:21.675+0000] {logging_mixin.py:188} INFO - [2024-05-24T14:59:21.675+0000] {dag.py:3954} INFO - Setting next_dagrun for example_dag_decorator to None, run_after=None
[2024-05-24T14:59:21.714+0000] {processor.py:183} INFO - Processing /usr/local/python/3.10.13/lib/python3.10/site-packages/airflow/example_dags/example_dag_decorator.py took 0.206 seconds
[2024-05-24T15:00:24.767+0000] {processor.py:161} INFO - Started process (PID=68086) to work on /usr/local/python/3.10.13/lib/python3.10/site-packages/airflow/example_dags/example_dag_decorator.py
[2024-05-24T15:00:24.768+0000] {processor.py:830} INFO - Processing file /usr/local/python/3.10.13/lib/python3.10/site-packages/airflow/example_dags/example_dag_decorator.py for tasks to queue
[2024-05-24T15:00:24.769+0000] {logging_mixin.py:188} INFO - [2024-05-24T15:00:24.769+0000] {dagbag.py:545} INFO - Filling up the DagBag from /usr/local/python/3.10.13/lib/python3.10/site-packages/airflow/example_dags/example_dag_decorator.py
[2024-05-24T15:00:24.840+0000] {processor.py:840} INFO - DAG(s) 'example_dag_decorator' retrieved from /usr/local/python/3.10.13/lib/python3.10/site-packages/airflow/example_dags/example_dag_decorator.py
[2024-05-24T15:00:24.918+0000] {logging_mixin.py:188} INFO - [2024-05-24T15:00:24.918+0000] {dag.py:3096} INFO - Sync 1 DAGs
[2024-05-24T15:00:24.926+0000] {logging_mixin.py:188} INFO - [2024-05-24T15:00:24.926+0000] {dag.py:3954} INFO - Setting next_dagrun for example_dag_decorator to None, run_after=None
[2024-05-24T15:00:24.964+0000] {processor.py:183} INFO - Processing /usr/local/python/3.10.13/lib/python3.10/site-packages/airflow/example_dags/example_dag_decorator.py took 0.202 seconds
[2024-05-24T15:01:26.248+0000] {processor.py:161} INFO - Started process (PID=68514) to work on /usr/local/python/3.10.13/lib/python3.10/site-packages/airflow/example_dags/example_dag_decorator.py
[2024-05-24T15:01:26.249+0000] {processor.py:830} INFO - Processing file /usr/local/python/3.10.13/lib/python3.10/site-packages/airflow/example_dags/example_dag_decorator.py for tasks to queue
[2024-05-24T15:01:26.250+0000] {logging_mixin.py:188} INFO - [2024-05-24T15:01:26.250+0000] {dagbag.py:545} INFO - Filling up the DagBag from /usr/local/python/3.10.13/lib/python3.10/site-packages/airflow/example_dags/example_dag_decorator.py
[2024-05-24T15:01:26.323+0000] {processor.py:840} INFO - DAG(s) 'example_dag_decorator' retrieved from /usr/local/python/3.10.13/lib/python3.10/site-packages/airflow/example_dags/example_dag_decorator.py
[2024-05-24T15:01:26.400+0000] {logging_mixin.py:188} INFO - [2024-05-24T15:01:26.400+0000] {dag.py:3096} INFO - Sync 1 DAGs
[2024-05-24T15:01:26.409+0000] {logging_mixin.py:188} INFO - [2024-05-24T15:01:26.409+0000] {dag.py:3954} INFO - Setting next_dagrun for example_dag_decorator to None, run_after=None
[2024-05-24T15:01:26.451+0000] {processor.py:183} INFO - Processing /usr/local/python/3.10.13/lib/python3.10/site-packages/airflow/example_dags/example_dag_decorator.py took 0.207 seconds
[2024-05-24T15:02:28.279+0000] {processor.py:161} INFO - Started process (PID=68982) to work on /usr/local/python/3.10.13/lib/python3.10/site-packages/airflow/example_dags/example_dag_decorator.py
[2024-05-24T15:02:28.280+0000] {processor.py:830} INFO - Processing file /usr/local/python/3.10.13/lib/python3.10/site-packages/airflow/example_dags/example_dag_decorator.py for tasks to queue
[2024-05-24T15:02:28.281+0000] {logging_mixin.py:188} INFO - [2024-05-24T15:02:28.281+0000] {dagbag.py:545} INFO - Filling up the DagBag from /usr/local/python/3.10.13/lib/python3.10/site-packages/airflow/example_dags/example_dag_decorator.py
[2024-05-24T15:02:28.354+0000] {processor.py:840} INFO - DAG(s) 'example_dag_decorator' retrieved from /usr/local/python/3.10.13/lib/python3.10/site-packages/airflow/example_dags/example_dag_decorator.py
[2024-05-24T15:02:28.433+0000] {logging_mixin.py:188} INFO - [2024-05-24T15:02:28.432+0000] {dag.py:3096} INFO - Sync 1 DAGs
[2024-05-24T15:02:28.440+0000] {logging_mixin.py:188} INFO - [2024-05-24T15:02:28.440+0000] {dag.py:3954} INFO - Setting next_dagrun for example_dag_decorator to None, run_after=None
[2024-05-24T15:02:28.482+0000] {processor.py:183} INFO - Processing /usr/local/python/3.10.13/lib/python3.10/site-packages/airflow/example_dags/example_dag_decorator.py took 0.207 seconds
[2024-05-24T15:03:29.304+0000] {processor.py:161} INFO - Started process (PID=69439) to work on /usr/local/python/3.10.13/lib/python3.10/site-packages/airflow/example_dags/example_dag_decorator.py
[2024-05-24T15:03:29.305+0000] {processor.py:830} INFO - Processing file /usr/local/python/3.10.13/lib/python3.10/site-packages/airflow/example_dags/example_dag_decorator.py for tasks to queue
[2024-05-24T15:03:29.306+0000] {logging_mixin.py:188} INFO - [2024-05-24T15:03:29.306+0000] {dagbag.py:545} INFO - Filling up the DagBag from /usr/local/python/3.10.13/lib/python3.10/site-packages/airflow/example_dags/example_dag_decorator.py
[2024-05-24T15:03:29.378+0000] {processor.py:840} INFO - DAG(s) 'example_dag_decorator' retrieved from /usr/local/python/3.10.13/lib/python3.10/site-packages/airflow/example_dags/example_dag_decorator.py
[2024-05-24T15:03:29.457+0000] {logging_mixin.py:188} INFO - [2024-05-24T15:03:29.457+0000] {dag.py:3096} INFO - Sync 1 DAGs
[2024-05-24T15:03:29.465+0000] {logging_mixin.py:188} INFO - [2024-05-24T15:03:29.465+0000] {dag.py:3954} INFO - Setting next_dagrun for example_dag_decorator to None, run_after=None
[2024-05-24T15:03:29.503+0000] {processor.py:183} INFO - Processing /usr/local/python/3.10.13/lib/python3.10/site-packages/airflow/example_dags/example_dag_decorator.py took 0.203 seconds
[2024-05-24T15:04:33.850+0000] {processor.py:161} INFO - Started process (PID=69935) to work on /usr/local/python/3.10.13/lib/python3.10/site-packages/airflow/example_dags/example_dag_decorator.py
[2024-05-24T15:04:33.850+0000] {processor.py:830} INFO - Processing file /usr/local/python/3.10.13/lib/python3.10/site-packages/airflow/example_dags/example_dag_decorator.py for tasks to queue
[2024-05-24T15:04:33.852+0000] {logging_mixin.py:188} INFO - [2024-05-24T15:04:33.851+0000] {dagbag.py:545} INFO - Filling up the DagBag from /usr/local/python/3.10.13/lib/python3.10/site-packages/airflow/example_dags/example_dag_decorator.py
[2024-05-24T15:04:33.924+0000] {processor.py:840} INFO - DAG(s) 'example_dag_decorator' retrieved from /usr/local/python/3.10.13/lib/python3.10/site-packages/airflow/example_dags/example_dag_decorator.py
[2024-05-24T15:04:34.003+0000] {logging_mixin.py:188} INFO - [2024-05-24T15:04:34.003+0000] {dag.py:3096} INFO - Sync 1 DAGs
[2024-05-24T15:04:34.011+0000] {logging_mixin.py:188} INFO - [2024-05-24T15:04:34.010+0000] {dag.py:3954} INFO - Setting next_dagrun for example_dag_decorator to None, run_after=None
[2024-05-24T15:04:34.049+0000] {processor.py:183} INFO - Processing /usr/local/python/3.10.13/lib/python3.10/site-packages/airflow/example_dags/example_dag_decorator.py took 0.204 seconds
[2024-05-24T15:05:39.676+0000] {processor.py:161} INFO - Started process (PID=70420) to work on /usr/local/python/3.10.13/lib/python3.10/site-packages/airflow/example_dags/example_dag_decorator.py
[2024-05-24T15:05:39.677+0000] {processor.py:830} INFO - Processing file /usr/local/python/3.10.13/lib/python3.10/site-packages/airflow/example_dags/example_dag_decorator.py for tasks to queue
[2024-05-24T15:05:39.678+0000] {logging_mixin.py:188} INFO - [2024-05-24T15:05:39.678+0000] {dagbag.py:545} INFO - Filling up the DagBag from /usr/local/python/3.10.13/lib/python3.10/site-packages/airflow/example_dags/example_dag_decorator.py
[2024-05-24T15:05:39.750+0000] {processor.py:840} INFO - DAG(s) 'example_dag_decorator' retrieved from /usr/local/python/3.10.13/lib/python3.10/site-packages/airflow/example_dags/example_dag_decorator.py
[2024-05-24T15:05:39.829+0000] {logging_mixin.py:188} INFO - [2024-05-24T15:05:39.829+0000] {dag.py:3096} INFO - Sync 1 DAGs
[2024-05-24T15:05:39.837+0000] {logging_mixin.py:188} INFO - [2024-05-24T15:05:39.837+0000] {dag.py:3954} INFO - Setting next_dagrun for example_dag_decorator to None, run_after=None
[2024-05-24T15:05:39.880+0000] {processor.py:183} INFO - Processing /usr/local/python/3.10.13/lib/python3.10/site-packages/airflow/example_dags/example_dag_decorator.py took 0.208 seconds
[2024-05-24T15:06:43.767+0000] {processor.py:161} INFO - Started process (PID=70901) to work on /usr/local/python/3.10.13/lib/python3.10/site-packages/airflow/example_dags/example_dag_decorator.py
[2024-05-24T15:06:43.768+0000] {processor.py:830} INFO - Processing file /usr/local/python/3.10.13/lib/python3.10/site-packages/airflow/example_dags/example_dag_decorator.py for tasks to queue
[2024-05-24T15:06:43.769+0000] {logging_mixin.py:188} INFO - [2024-05-24T15:06:43.769+0000] {dagbag.py:545} INFO - Filling up the DagBag from /usr/local/python/3.10.13/lib/python3.10/site-packages/airflow/example_dags/example_dag_decorator.py
[2024-05-24T15:06:43.844+0000] {processor.py:840} INFO - DAG(s) 'example_dag_decorator' retrieved from /usr/local/python/3.10.13/lib/python3.10/site-packages/airflow/example_dags/example_dag_decorator.py
[2024-05-24T15:06:43.924+0000] {logging_mixin.py:188} INFO - [2024-05-24T15:06:43.923+0000] {dag.py:3096} INFO - Sync 1 DAGs
[2024-05-24T15:06:43.931+0000] {logging_mixin.py:188} INFO - [2024-05-24T15:06:43.931+0000] {dag.py:3954} INFO - Setting next_dagrun for example_dag_decorator to None, run_after=None
[2024-05-24T15:06:43.969+0000] {processor.py:183} INFO - Processing /usr/local/python/3.10.13/lib/python3.10/site-packages/airflow/example_dags/example_dag_decorator.py took 0.206 seconds
[2024-05-24T15:07:49.036+0000] {processor.py:161} INFO - Started process (PID=71404) to work on /usr/local/python/3.10.13/lib/python3.10/site-packages/airflow/example_dags/example_dag_decorator.py
[2024-05-24T15:07:49.036+0000] {processor.py:830} INFO - Processing file /usr/local/python/3.10.13/lib/python3.10/site-packages/airflow/example_dags/example_dag_decorator.py for tasks to queue
[2024-05-24T15:07:49.038+0000] {logging_mixin.py:188} INFO - [2024-05-24T15:07:49.038+0000] {dagbag.py:545} INFO - Filling up the DagBag from /usr/local/python/3.10.13/lib/python3.10/site-packages/airflow/example_dags/example_dag_decorator.py
[2024-05-24T15:07:49.118+0000] {processor.py:840} INFO - DAG(s) 'example_dag_decorator' retrieved from /usr/local/python/3.10.13/lib/python3.10/site-packages/airflow/example_dags/example_dag_decorator.py
[2024-05-24T15:07:49.203+0000] {logging_mixin.py:188} INFO - [2024-05-24T15:07:49.203+0000] {dag.py:3096} INFO - Sync 1 DAGs
[2024-05-24T15:07:49.210+0000] {logging_mixin.py:188} INFO - [2024-05-24T15:07:49.210+0000] {dag.py:3954} INFO - Setting next_dagrun for example_dag_decorator to None, run_after=None
[2024-05-24T15:07:49.249+0000] {processor.py:183} INFO - Processing /usr/local/python/3.10.13/lib/python3.10/site-packages/airflow/example_dags/example_dag_decorator.py took 0.218 seconds
[2024-05-24T15:08:50.984+0000] {processor.py:161} INFO - Started process (PID=71865) to work on /usr/local/python/3.10.13/lib/python3.10/site-packages/airflow/example_dags/example_dag_decorator.py
[2024-05-24T15:08:50.985+0000] {processor.py:830} INFO - Processing file /usr/local/python/3.10.13/lib/python3.10/site-packages/airflow/example_dags/example_dag_decorator.py for tasks to queue
[2024-05-24T15:08:50.986+0000] {logging_mixin.py:188} INFO - [2024-05-24T15:08:50.985+0000] {dagbag.py:545} INFO - Filling up the DagBag from /usr/local/python/3.10.13/lib/python3.10/site-packages/airflow/example_dags/example_dag_decorator.py
[2024-05-24T15:08:51.058+0000] {processor.py:840} INFO - DAG(s) 'example_dag_decorator' retrieved from /usr/local/python/3.10.13/lib/python3.10/site-packages/airflow/example_dags/example_dag_decorator.py
[2024-05-24T15:08:51.138+0000] {logging_mixin.py:188} INFO - [2024-05-24T15:08:51.138+0000] {dag.py:3096} INFO - Sync 1 DAGs
[2024-05-24T15:08:51.146+0000] {logging_mixin.py:188} INFO - [2024-05-24T15:08:51.146+0000] {dag.py:3954} INFO - Setting next_dagrun for example_dag_decorator to None, run_after=None
[2024-05-24T15:08:51.185+0000] {processor.py:183} INFO - Processing /usr/local/python/3.10.13/lib/python3.10/site-packages/airflow/example_dags/example_dag_decorator.py took 0.206 seconds
[2024-05-24T15:09:53.171+0000] {processor.py:161} INFO - Started process (PID=72328) to work on /usr/local/python/3.10.13/lib/python3.10/site-packages/airflow/example_dags/example_dag_decorator.py
[2024-05-24T15:09:53.172+0000] {processor.py:830} INFO - Processing file /usr/local/python/3.10.13/lib/python3.10/site-packages/airflow/example_dags/example_dag_decorator.py for tasks to queue
[2024-05-24T15:09:53.173+0000] {logging_mixin.py:188} INFO - [2024-05-24T15:09:53.173+0000] {dagbag.py:545} INFO - Filling up the DagBag from /usr/local/python/3.10.13/lib/python3.10/site-packages/airflow/example_dags/example_dag_decorator.py
[2024-05-24T15:09:53.246+0000] {processor.py:840} INFO - DAG(s) 'example_dag_decorator' retrieved from /usr/local/python/3.10.13/lib/python3.10/site-packages/airflow/example_dags/example_dag_decorator.py
[2024-05-24T15:09:53.364+0000] {logging_mixin.py:188} INFO - [2024-05-24T15:09:53.363+0000] {dag.py:3096} INFO - Sync 1 DAGs
[2024-05-24T15:09:53.375+0000] {logging_mixin.py:188} INFO - [2024-05-24T15:09:53.375+0000] {dag.py:3954} INFO - Setting next_dagrun for example_dag_decorator to None, run_after=None
[2024-05-24T15:09:53.418+0000] {processor.py:183} INFO - Processing /usr/local/python/3.10.13/lib/python3.10/site-packages/airflow/example_dags/example_dag_decorator.py took 0.252 seconds
[2024-05-24T15:10:52.909+0000] {processor.py:161} INFO - Started process (PID=72770) to work on /usr/local/python/3.10.13/lib/python3.10/site-packages/airflow/example_dags/example_dag_decorator.py
[2024-05-24T15:10:52.909+0000] {processor.py:830} INFO - Processing file /usr/local/python/3.10.13/lib/python3.10/site-packages/airflow/example_dags/example_dag_decorator.py for tasks to queue
[2024-05-24T15:10:52.911+0000] {logging_mixin.py:188} INFO - [2024-05-24T15:10:52.910+0000] {dagbag.py:545} INFO - Filling up the DagBag from /usr/local/python/3.10.13/lib/python3.10/site-packages/airflow/example_dags/example_dag_decorator.py
[2024-05-24T15:10:53.012+0000] {processor.py:840} INFO - DAG(s) 'example_dag_decorator' retrieved from /usr/local/python/3.10.13/lib/python3.10/site-packages/airflow/example_dags/example_dag_decorator.py
[2024-05-24T15:10:53.103+0000] {logging_mixin.py:188} INFO - [2024-05-24T15:10:53.103+0000] {dag.py:3096} INFO - Sync 1 DAGs
[2024-05-24T15:10:53.111+0000] {logging_mixin.py:188} INFO - [2024-05-24T15:10:53.110+0000] {dag.py:3954} INFO - Setting next_dagrun for example_dag_decorator to None, run_after=None
[2024-05-24T15:10:53.167+0000] {processor.py:183} INFO - Processing /usr/local/python/3.10.13/lib/python3.10/site-packages/airflow/example_dags/example_dag_decorator.py took 0.263 seconds
[2024-05-24T15:11:55.475+0000] {processor.py:161} INFO - Started process (PID=73239) to work on /usr/local/python/3.10.13/lib/python3.10/site-packages/airflow/example_dags/example_dag_decorator.py
[2024-05-24T15:11:55.475+0000] {processor.py:830} INFO - Processing file /usr/local/python/3.10.13/lib/python3.10/site-packages/airflow/example_dags/example_dag_decorator.py for tasks to queue
[2024-05-24T15:11:55.477+0000] {logging_mixin.py:188} INFO - [2024-05-24T15:11:55.476+0000] {dagbag.py:545} INFO - Filling up the DagBag from /usr/local/python/3.10.13/lib/python3.10/site-packages/airflow/example_dags/example_dag_decorator.py
[2024-05-24T15:11:55.548+0000] {processor.py:840} INFO - DAG(s) 'example_dag_decorator' retrieved from /usr/local/python/3.10.13/lib/python3.10/site-packages/airflow/example_dags/example_dag_decorator.py
[2024-05-24T15:11:55.625+0000] {logging_mixin.py:188} INFO - [2024-05-24T15:11:55.625+0000] {dag.py:3096} INFO - Sync 1 DAGs
[2024-05-24T15:11:55.633+0000] {logging_mixin.py:188} INFO - [2024-05-24T15:11:55.633+0000] {dag.py:3954} INFO - Setting next_dagrun for example_dag_decorator to None, run_after=None
[2024-05-24T15:11:55.670+0000] {processor.py:183} INFO - Processing /usr/local/python/3.10.13/lib/python3.10/site-packages/airflow/example_dags/example_dag_decorator.py took 0.200 seconds
[2024-05-24T15:12:55.875+0000] {processor.py:161} INFO - Started process (PID=73696) to work on /usr/local/python/3.10.13/lib/python3.10/site-packages/airflow/example_dags/example_dag_decorator.py
[2024-05-24T15:12:55.876+0000] {processor.py:830} INFO - Processing file /usr/local/python/3.10.13/lib/python3.10/site-packages/airflow/example_dags/example_dag_decorator.py for tasks to queue
[2024-05-24T15:12:55.877+0000] {logging_mixin.py:188} INFO - [2024-05-24T15:12:55.877+0000] {dagbag.py:545} INFO - Filling up the DagBag from /usr/local/python/3.10.13/lib/python3.10/site-packages/airflow/example_dags/example_dag_decorator.py
[2024-05-24T15:12:55.957+0000] {processor.py:840} INFO - DAG(s) 'example_dag_decorator' retrieved from /usr/local/python/3.10.13/lib/python3.10/site-packages/airflow/example_dags/example_dag_decorator.py
[2024-05-24T15:12:56.034+0000] {logging_mixin.py:188} INFO - [2024-05-24T15:12:56.034+0000] {dag.py:3096} INFO - Sync 1 DAGs
[2024-05-24T15:12:56.043+0000] {logging_mixin.py:188} INFO - [2024-05-24T15:12:56.043+0000] {dag.py:3954} INFO - Setting next_dagrun for example_dag_decorator to None, run_after=None
[2024-05-24T15:12:56.082+0000] {processor.py:183} INFO - Processing /usr/local/python/3.10.13/lib/python3.10/site-packages/airflow/example_dags/example_dag_decorator.py took 0.212 seconds
[2024-05-24T15:13:56.348+0000] {processor.py:161} INFO - Started process (PID=74149) to work on /usr/local/python/3.10.13/lib/python3.10/site-packages/airflow/example_dags/example_dag_decorator.py
[2024-05-24T15:13:56.349+0000] {processor.py:830} INFO - Processing file /usr/local/python/3.10.13/lib/python3.10/site-packages/airflow/example_dags/example_dag_decorator.py for tasks to queue
[2024-05-24T15:13:56.350+0000] {logging_mixin.py:188} INFO - [2024-05-24T15:13:56.350+0000] {dagbag.py:545} INFO - Filling up the DagBag from /usr/local/python/3.10.13/lib/python3.10/site-packages/airflow/example_dags/example_dag_decorator.py
[2024-05-24T15:13:56.424+0000] {processor.py:840} INFO - DAG(s) 'example_dag_decorator' retrieved from /usr/local/python/3.10.13/lib/python3.10/site-packages/airflow/example_dags/example_dag_decorator.py
[2024-05-24T15:13:56.503+0000] {logging_mixin.py:188} INFO - [2024-05-24T15:13:56.503+0000] {dag.py:3096} INFO - Sync 1 DAGs
[2024-05-24T15:13:56.511+0000] {logging_mixin.py:188} INFO - [2024-05-24T15:13:56.511+0000] {dag.py:3954} INFO - Setting next_dagrun for example_dag_decorator to None, run_after=None
[2024-05-24T15:13:56.549+0000] {processor.py:183} INFO - Processing /usr/local/python/3.10.13/lib/python3.10/site-packages/airflow/example_dags/example_dag_decorator.py took 0.206 seconds
[2024-05-24T15:14:56.015+0000] {processor.py:161} INFO - Started process (PID=74603) to work on /usr/local/python/3.10.13/lib/python3.10/site-packages/airflow/example_dags/example_dag_decorator.py
[2024-05-24T15:14:56.015+0000] {processor.py:830} INFO - Processing file /usr/local/python/3.10.13/lib/python3.10/site-packages/airflow/example_dags/example_dag_decorator.py for tasks to queue
[2024-05-24T15:14:56.017+0000] {logging_mixin.py:188} INFO - [2024-05-24T15:14:56.017+0000] {dagbag.py:545} INFO - Filling up the DagBag from /usr/local/python/3.10.13/lib/python3.10/site-packages/airflow/example_dags/example_dag_decorator.py
[2024-05-24T15:14:56.090+0000] {processor.py:840} INFO - DAG(s) 'example_dag_decorator' retrieved from /usr/local/python/3.10.13/lib/python3.10/site-packages/airflow/example_dags/example_dag_decorator.py
[2024-05-24T15:14:56.105+0000] {logging_mixin.py:188} INFO - [2024-05-24T15:14:56.105+0000] {dag.py:3096} INFO - Sync 1 DAGs
[2024-05-24T15:14:56.115+0000] {logging_mixin.py:188} INFO - [2024-05-24T15:14:56.115+0000] {dag.py:3954} INFO - Setting next_dagrun for example_dag_decorator to None, run_after=None
[2024-05-24T15:14:56.154+0000] {processor.py:183} INFO - Processing /usr/local/python/3.10.13/lib/python3.10/site-packages/airflow/example_dags/example_dag_decorator.py took 0.145 seconds
[2024-05-24T15:15:54.411+0000] {processor.py:161} INFO - Started process (PID=75027) to work on /usr/local/python/3.10.13/lib/python3.10/site-packages/airflow/example_dags/example_dag_decorator.py
[2024-05-24T15:15:54.411+0000] {processor.py:830} INFO - Processing file /usr/local/python/3.10.13/lib/python3.10/site-packages/airflow/example_dags/example_dag_decorator.py for tasks to queue
[2024-05-24T15:15:54.413+0000] {logging_mixin.py:188} INFO - [2024-05-24T15:15:54.412+0000] {dagbag.py:545} INFO - Filling up the DagBag from /usr/local/python/3.10.13/lib/python3.10/site-packages/airflow/example_dags/example_dag_decorator.py
[2024-05-24T15:15:54.486+0000] {processor.py:840} INFO - DAG(s) 'example_dag_decorator' retrieved from /usr/local/python/3.10.13/lib/python3.10/site-packages/airflow/example_dags/example_dag_decorator.py
[2024-05-24T15:15:54.501+0000] {logging_mixin.py:188} INFO - [2024-05-24T15:15:54.500+0000] {dag.py:3096} INFO - Sync 1 DAGs
[2024-05-24T15:15:54.510+0000] {logging_mixin.py:188} INFO - [2024-05-24T15:15:54.509+0000] {dag.py:3954} INFO - Setting next_dagrun for example_dag_decorator to None, run_after=None
[2024-05-24T15:15:54.548+0000] {processor.py:183} INFO - Processing /usr/local/python/3.10.13/lib/python3.10/site-packages/airflow/example_dags/example_dag_decorator.py took 0.142 seconds
[2024-05-24T15:16:54.919+0000] {processor.py:161} INFO - Started process (PID=75486) to work on /usr/local/python/3.10.13/lib/python3.10/site-packages/airflow/example_dags/example_dag_decorator.py
[2024-05-24T15:16:54.920+0000] {processor.py:830} INFO - Processing file /usr/local/python/3.10.13/lib/python3.10/site-packages/airflow/example_dags/example_dag_decorator.py for tasks to queue
[2024-05-24T15:16:54.921+0000] {logging_mixin.py:188} INFO - [2024-05-24T15:16:54.921+0000] {dagbag.py:545} INFO - Filling up the DagBag from /usr/local/python/3.10.13/lib/python3.10/site-packages/airflow/example_dags/example_dag_decorator.py
[2024-05-24T15:16:54.994+0000] {processor.py:840} INFO - DAG(s) 'example_dag_decorator' retrieved from /usr/local/python/3.10.13/lib/python3.10/site-packages/airflow/example_dags/example_dag_decorator.py
[2024-05-24T15:16:55.009+0000] {logging_mixin.py:188} INFO - [2024-05-24T15:16:55.009+0000] {dag.py:3096} INFO - Sync 1 DAGs
[2024-05-24T15:16:55.018+0000] {logging_mixin.py:188} INFO - [2024-05-24T15:16:55.018+0000] {dag.py:3954} INFO - Setting next_dagrun for example_dag_decorator to None, run_after=None
[2024-05-24T15:16:55.054+0000] {processor.py:183} INFO - Processing /usr/local/python/3.10.13/lib/python3.10/site-packages/airflow/example_dags/example_dag_decorator.py took 0.140 seconds
[2024-05-24T15:17:53.008+0000] {processor.py:161} INFO - Started process (PID=75932) to work on /usr/local/python/3.10.13/lib/python3.10/site-packages/airflow/example_dags/example_dag_decorator.py
[2024-05-24T15:17:53.009+0000] {processor.py:830} INFO - Processing file /usr/local/python/3.10.13/lib/python3.10/site-packages/airflow/example_dags/example_dag_decorator.py for tasks to queue
[2024-05-24T15:17:53.010+0000] {logging_mixin.py:188} INFO - [2024-05-24T15:17:53.010+0000] {dagbag.py:545} INFO - Filling up the DagBag from /usr/local/python/3.10.13/lib/python3.10/site-packages/airflow/example_dags/example_dag_decorator.py
[2024-05-24T15:17:53.084+0000] {processor.py:840} INFO - DAG(s) 'example_dag_decorator' retrieved from /usr/local/python/3.10.13/lib/python3.10/site-packages/airflow/example_dags/example_dag_decorator.py
[2024-05-24T15:17:53.099+0000] {logging_mixin.py:188} INFO - [2024-05-24T15:17:53.099+0000] {dag.py:3096} INFO - Sync 1 DAGs
[2024-05-24T15:17:53.108+0000] {logging_mixin.py:188} INFO - [2024-05-24T15:17:53.107+0000] {dag.py:3954} INFO - Setting next_dagrun for example_dag_decorator to None, run_after=None
[2024-05-24T15:17:53.147+0000] {processor.py:183} INFO - Processing /usr/local/python/3.10.13/lib/python3.10/site-packages/airflow/example_dags/example_dag_decorator.py took 0.143 seconds
[2024-05-24T15:18:55.191+0000] {processor.py:161} INFO - Started process (PID=76397) to work on /usr/local/python/3.10.13/lib/python3.10/site-packages/airflow/example_dags/example_dag_decorator.py
[2024-05-24T15:18:55.192+0000] {processor.py:830} INFO - Processing file /usr/local/python/3.10.13/lib/python3.10/site-packages/airflow/example_dags/example_dag_decorator.py for tasks to queue
[2024-05-24T15:18:55.193+0000] {logging_mixin.py:188} INFO - [2024-05-24T15:18:55.193+0000] {dagbag.py:545} INFO - Filling up the DagBag from /usr/local/python/3.10.13/lib/python3.10/site-packages/airflow/example_dags/example_dag_decorator.py
[2024-05-24T15:18:55.275+0000] {processor.py:840} INFO - DAG(s) 'example_dag_decorator' retrieved from /usr/local/python/3.10.13/lib/python3.10/site-packages/airflow/example_dags/example_dag_decorator.py
[2024-05-24T15:18:55.290+0000] {logging_mixin.py:188} INFO - [2024-05-24T15:18:55.289+0000] {dag.py:3096} INFO - Sync 1 DAGs
[2024-05-24T15:18:55.298+0000] {logging_mixin.py:188} INFO - [2024-05-24T15:18:55.298+0000] {dag.py:3954} INFO - Setting next_dagrun for example_dag_decorator to None, run_after=None
[2024-05-24T15:18:55.338+0000] {processor.py:183} INFO - Processing /usr/local/python/3.10.13/lib/python3.10/site-packages/airflow/example_dags/example_dag_decorator.py took 0.152 seconds
[2024-05-24T15:19:57.993+0000] {processor.py:161} INFO - Started process (PID=76862) to work on /usr/local/python/3.10.13/lib/python3.10/site-packages/airflow/example_dags/example_dag_decorator.py
[2024-05-24T15:19:57.994+0000] {processor.py:830} INFO - Processing file /usr/local/python/3.10.13/lib/python3.10/site-packages/airflow/example_dags/example_dag_decorator.py for tasks to queue
[2024-05-24T15:19:57.995+0000] {logging_mixin.py:188} INFO - [2024-05-24T15:19:57.995+0000] {dagbag.py:545} INFO - Filling up the DagBag from /usr/local/python/3.10.13/lib/python3.10/site-packages/airflow/example_dags/example_dag_decorator.py
[2024-05-24T15:19:58.076+0000] {processor.py:840} INFO - DAG(s) 'example_dag_decorator' retrieved from /usr/local/python/3.10.13/lib/python3.10/site-packages/airflow/example_dags/example_dag_decorator.py
[2024-05-24T15:19:58.098+0000] {logging_mixin.py:188} INFO - [2024-05-24T15:19:58.098+0000] {dag.py:3096} INFO - Sync 1 DAGs
[2024-05-24T15:19:58.111+0000] {logging_mixin.py:188} INFO - [2024-05-24T15:19:58.111+0000] {dag.py:3954} INFO - Setting next_dagrun for example_dag_decorator to None, run_after=None
[2024-05-24T15:19:58.164+0000] {processor.py:183} INFO - Processing /usr/local/python/3.10.13/lib/python3.10/site-packages/airflow/example_dags/example_dag_decorator.py took 0.175 seconds
[2024-05-24T15:21:00.477+0000] {processor.py:161} INFO - Started process (PID=77324) to work on /usr/local/python/3.10.13/lib/python3.10/site-packages/airflow/example_dags/example_dag_decorator.py
[2024-05-24T15:21:00.479+0000] {processor.py:830} INFO - Processing file /usr/local/python/3.10.13/lib/python3.10/site-packages/airflow/example_dags/example_dag_decorator.py for tasks to queue
[2024-05-24T15:21:00.480+0000] {logging_mixin.py:188} INFO - [2024-05-24T15:21:00.480+0000] {dagbag.py:545} INFO - Filling up the DagBag from /usr/local/python/3.10.13/lib/python3.10/site-packages/airflow/example_dags/example_dag_decorator.py
[2024-05-24T15:21:00.599+0000] {processor.py:840} INFO - DAG(s) 'example_dag_decorator' retrieved from /usr/local/python/3.10.13/lib/python3.10/site-packages/airflow/example_dags/example_dag_decorator.py
[2024-05-24T15:21:00.619+0000] {logging_mixin.py:188} INFO - [2024-05-24T15:21:00.619+0000] {dag.py:3096} INFO - Sync 1 DAGs
[2024-05-24T15:21:00.635+0000] {logging_mixin.py:188} INFO - [2024-05-24T15:21:00.635+0000] {dag.py:3954} INFO - Setting next_dagrun for example_dag_decorator to None, run_after=None
[2024-05-24T15:21:00.686+0000] {processor.py:183} INFO - Processing /usr/local/python/3.10.13/lib/python3.10/site-packages/airflow/example_dags/example_dag_decorator.py took 0.215 seconds
[2024-05-24T15:22:03.384+0000] {processor.py:161} INFO - Started process (PID=77812) to work on /usr/local/python/3.10.13/lib/python3.10/site-packages/airflow/example_dags/example_dag_decorator.py
[2024-05-24T15:22:03.384+0000] {processor.py:830} INFO - Processing file /usr/local/python/3.10.13/lib/python3.10/site-packages/airflow/example_dags/example_dag_decorator.py for tasks to queue
[2024-05-24T15:22:03.386+0000] {logging_mixin.py:188} INFO - [2024-05-24T15:22:03.385+0000] {dagbag.py:545} INFO - Filling up the DagBag from /usr/local/python/3.10.13/lib/python3.10/site-packages/airflow/example_dags/example_dag_decorator.py
[2024-05-24T15:22:03.460+0000] {processor.py:840} INFO - DAG(s) 'example_dag_decorator' retrieved from /usr/local/python/3.10.13/lib/python3.10/site-packages/airflow/example_dags/example_dag_decorator.py
[2024-05-24T15:22:03.477+0000] {logging_mixin.py:188} INFO - [2024-05-24T15:22:03.477+0000] {dag.py:3096} INFO - Sync 1 DAGs
[2024-05-24T15:22:03.487+0000] {logging_mixin.py:188} INFO - [2024-05-24T15:22:03.486+0000] {dag.py:3954} INFO - Setting next_dagrun for example_dag_decorator to None, run_after=None
[2024-05-24T15:22:03.526+0000] {processor.py:183} INFO - Processing /usr/local/python/3.10.13/lib/python3.10/site-packages/airflow/example_dags/example_dag_decorator.py took 0.147 seconds
[2024-05-24T15:23:07.165+0000] {processor.py:161} INFO - Started process (PID=78294) to work on /usr/local/python/3.10.13/lib/python3.10/site-packages/airflow/example_dags/example_dag_decorator.py
[2024-05-24T15:23:07.166+0000] {processor.py:830} INFO - Processing file /usr/local/python/3.10.13/lib/python3.10/site-packages/airflow/example_dags/example_dag_decorator.py for tasks to queue
[2024-05-24T15:23:07.167+0000] {logging_mixin.py:188} INFO - [2024-05-24T15:23:07.167+0000] {dagbag.py:545} INFO - Filling up the DagBag from /usr/local/python/3.10.13/lib/python3.10/site-packages/airflow/example_dags/example_dag_decorator.py
[2024-05-24T15:23:07.239+0000] {processor.py:840} INFO - DAG(s) 'example_dag_decorator' retrieved from /usr/local/python/3.10.13/lib/python3.10/site-packages/airflow/example_dags/example_dag_decorator.py
[2024-05-24T15:23:07.319+0000] {logging_mixin.py:188} INFO - [2024-05-24T15:23:07.318+0000] {dag.py:3096} INFO - Sync 1 DAGs
[2024-05-24T15:23:07.326+0000] {logging_mixin.py:188} INFO - [2024-05-24T15:23:07.326+0000] {dag.py:3954} INFO - Setting next_dagrun for example_dag_decorator to None, run_after=None
[2024-05-24T15:23:07.367+0000] {processor.py:183} INFO - Processing /usr/local/python/3.10.13/lib/python3.10/site-packages/airflow/example_dags/example_dag_decorator.py took 0.206 seconds
[2024-05-24T15:24:13.214+0000] {processor.py:161} INFO - Started process (PID=78782) to work on /usr/local/python/3.10.13/lib/python3.10/site-packages/airflow/example_dags/example_dag_decorator.py
[2024-05-24T15:24:13.215+0000] {processor.py:830} INFO - Processing file /usr/local/python/3.10.13/lib/python3.10/site-packages/airflow/example_dags/example_dag_decorator.py for tasks to queue
[2024-05-24T15:24:13.216+0000] {logging_mixin.py:188} INFO - [2024-05-24T15:24:13.216+0000] {dagbag.py:545} INFO - Filling up the DagBag from /usr/local/python/3.10.13/lib/python3.10/site-packages/airflow/example_dags/example_dag_decorator.py
[2024-05-24T15:24:13.290+0000] {processor.py:840} INFO - DAG(s) 'example_dag_decorator' retrieved from /usr/local/python/3.10.13/lib/python3.10/site-packages/airflow/example_dags/example_dag_decorator.py
[2024-05-24T15:24:13.305+0000] {logging_mixin.py:188} INFO - [2024-05-24T15:24:13.305+0000] {dag.py:3096} INFO - Sync 1 DAGs
[2024-05-24T15:24:13.314+0000] {logging_mixin.py:188} INFO - [2024-05-24T15:24:13.313+0000] {dag.py:3954} INFO - Setting next_dagrun for example_dag_decorator to None, run_after=None
[2024-05-24T15:24:13.353+0000] {processor.py:183} INFO - Processing /usr/local/python/3.10.13/lib/python3.10/site-packages/airflow/example_dags/example_dag_decorator.py took 0.143 seconds
[2024-05-24T15:25:18.177+0000] {processor.py:161} INFO - Started process (PID=79276) to work on /usr/local/python/3.10.13/lib/python3.10/site-packages/airflow/example_dags/example_dag_decorator.py
[2024-05-24T15:25:18.178+0000] {processor.py:830} INFO - Processing file /usr/local/python/3.10.13/lib/python3.10/site-packages/airflow/example_dags/example_dag_decorator.py for tasks to queue
[2024-05-24T15:25:18.179+0000] {logging_mixin.py:188} INFO - [2024-05-24T15:25:18.179+0000] {dagbag.py:545} INFO - Filling up the DagBag from /usr/local/python/3.10.13/lib/python3.10/site-packages/airflow/example_dags/example_dag_decorator.py
[2024-05-24T15:25:18.251+0000] {processor.py:840} INFO - DAG(s) 'example_dag_decorator' retrieved from /usr/local/python/3.10.13/lib/python3.10/site-packages/airflow/example_dags/example_dag_decorator.py
[2024-05-24T15:25:18.267+0000] {logging_mixin.py:188} INFO - [2024-05-24T15:25:18.267+0000] {dag.py:3096} INFO - Sync 1 DAGs
[2024-05-24T15:25:18.275+0000] {logging_mixin.py:188} INFO - [2024-05-24T15:25:18.275+0000] {dag.py:3954} INFO - Setting next_dagrun for example_dag_decorator to None, run_after=None
[2024-05-24T15:25:18.315+0000] {processor.py:183} INFO - Processing /usr/local/python/3.10.13/lib/python3.10/site-packages/airflow/example_dags/example_dag_decorator.py took 0.142 seconds
[2024-05-24T15:26:17.882+0000] {processor.py:161} INFO - Started process (PID=79728) to work on /usr/local/python/3.10.13/lib/python3.10/site-packages/airflow/example_dags/example_dag_decorator.py
[2024-05-24T15:26:17.883+0000] {processor.py:830} INFO - Processing file /usr/local/python/3.10.13/lib/python3.10/site-packages/airflow/example_dags/example_dag_decorator.py for tasks to queue
[2024-05-24T15:26:17.884+0000] {logging_mixin.py:188} INFO - [2024-05-24T15:26:17.884+0000] {dagbag.py:545} INFO - Filling up the DagBag from /usr/local/python/3.10.13/lib/python3.10/site-packages/airflow/example_dags/example_dag_decorator.py
[2024-05-24T15:26:17.959+0000] {processor.py:840} INFO - DAG(s) 'example_dag_decorator' retrieved from /usr/local/python/3.10.13/lib/python3.10/site-packages/airflow/example_dags/example_dag_decorator.py
[2024-05-24T15:26:17.974+0000] {logging_mixin.py:188} INFO - [2024-05-24T15:26:17.974+0000] {dag.py:3096} INFO - Sync 1 DAGs
[2024-05-24T15:26:17.983+0000] {logging_mixin.py:188} INFO - [2024-05-24T15:26:17.983+0000] {dag.py:3954} INFO - Setting next_dagrun for example_dag_decorator to None, run_after=None
[2024-05-24T15:26:18.022+0000] {processor.py:183} INFO - Processing /usr/local/python/3.10.13/lib/python3.10/site-packages/airflow/example_dags/example_dag_decorator.py took 0.144 seconds
[2024-05-24T15:27:15.823+0000] {processor.py:161} INFO - Started process (PID=80150) to work on /usr/local/python/3.10.13/lib/python3.10/site-packages/airflow/example_dags/example_dag_decorator.py
[2024-05-24T15:27:15.824+0000] {processor.py:830} INFO - Processing file /usr/local/python/3.10.13/lib/python3.10/site-packages/airflow/example_dags/example_dag_decorator.py for tasks to queue
[2024-05-24T15:27:15.825+0000] {logging_mixin.py:188} INFO - [2024-05-24T15:27:15.825+0000] {dagbag.py:545} INFO - Filling up the DagBag from /usr/local/python/3.10.13/lib/python3.10/site-packages/airflow/example_dags/example_dag_decorator.py
[2024-05-24T15:27:15.899+0000] {processor.py:840} INFO - DAG(s) 'example_dag_decorator' retrieved from /usr/local/python/3.10.13/lib/python3.10/site-packages/airflow/example_dags/example_dag_decorator.py
[2024-05-24T15:27:15.913+0000] {logging_mixin.py:188} INFO - [2024-05-24T15:27:15.913+0000] {dag.py:3096} INFO - Sync 1 DAGs
[2024-05-24T15:27:15.922+0000] {logging_mixin.py:188} INFO - [2024-05-24T15:27:15.922+0000] {dag.py:3954} INFO - Setting next_dagrun for example_dag_decorator to None, run_after=None
[2024-05-24T15:27:15.960+0000] {processor.py:183} INFO - Processing /usr/local/python/3.10.13/lib/python3.10/site-packages/airflow/example_dags/example_dag_decorator.py took 0.142 seconds
[2024-05-24T15:28:19.168+0000] {processor.py:161} INFO - Started process (PID=80631) to work on /usr/local/python/3.10.13/lib/python3.10/site-packages/airflow/example_dags/example_dag_decorator.py
[2024-05-24T15:28:19.169+0000] {processor.py:830} INFO - Processing file /usr/local/python/3.10.13/lib/python3.10/site-packages/airflow/example_dags/example_dag_decorator.py for tasks to queue
[2024-05-24T15:28:19.170+0000] {logging_mixin.py:188} INFO - [2024-05-24T15:28:19.170+0000] {dagbag.py:545} INFO - Filling up the DagBag from /usr/local/python/3.10.13/lib/python3.10/site-packages/airflow/example_dags/example_dag_decorator.py
[2024-05-24T15:28:19.250+0000] {processor.py:840} INFO - DAG(s) 'example_dag_decorator' retrieved from /usr/local/python/3.10.13/lib/python3.10/site-packages/airflow/example_dags/example_dag_decorator.py
[2024-05-24T15:28:19.327+0000] {logging_mixin.py:188} INFO - [2024-05-24T15:28:19.327+0000] {dag.py:3096} INFO - Sync 1 DAGs
[2024-05-24T15:28:19.336+0000] {logging_mixin.py:188} INFO - [2024-05-24T15:28:19.336+0000] {dag.py:3954} INFO - Setting next_dagrun for example_dag_decorator to None, run_after=None
[2024-05-24T15:28:19.376+0000] {processor.py:183} INFO - Processing /usr/local/python/3.10.13/lib/python3.10/site-packages/airflow/example_dags/example_dag_decorator.py took 0.212 seconds
