[2024-05-24T14:42:54.286+0000] {processor.py:161} INFO - Started process (PID=58424) to work on /usr/local/python/3.10.13/lib/python3.10/site-packages/airflow/example_dags/example_display_name.py
[2024-05-24T14:42:54.287+0000] {processor.py:830} INFO - Processing file /usr/local/python/3.10.13/lib/python3.10/site-packages/airflow/example_dags/example_display_name.py for tasks to queue
[2024-05-24T14:42:54.288+0000] {logging_mixin.py:188} INFO - [2024-05-24T14:42:54.288+0000] {dagbag.py:545} INFO - Filling up the DagBag from /usr/local/python/3.10.13/lib/python3.10/site-packages/airflow/example_dags/example_display_name.py
[2024-05-24T14:42:54.293+0000] {processor.py:840} INFO - DAG(s) 'example_display_name' retrieved from /usr/local/python/3.10.13/lib/python3.10/site-packages/airflow/example_dags/example_display_name.py
[2024-05-24T14:42:54.499+0000] {logging_mixin.py:188} INFO - [2024-05-24T14:42:54.497+0000] {override.py:1829} INFO - Created Permission View: can read on DAG:example_display_name
[2024-05-24T14:42:54.530+0000] {logging_mixin.py:188} INFO - [2024-05-24T14:42:54.530+0000] {override.py:1829} INFO - Created Permission View: can edit on DAG:example_display_name
[2024-05-24T14:42:54.557+0000] {logging_mixin.py:188} INFO - [2024-05-24T14:42:54.557+0000] {override.py:1829} INFO - Created Permission View: can delete on DAG:example_display_name
[2024-05-24T14:42:54.558+0000] {logging_mixin.py:188} INFO - [2024-05-24T14:42:54.558+0000] {dag.py:3096} INFO - Sync 1 DAGs
[2024-05-24T14:42:54.566+0000] {logging_mixin.py:188} INFO - [2024-05-24T14:42:54.565+0000] {dag.py:3118} INFO - Creating ORM DAG for example_display_name
[2024-05-24T14:42:54.566+0000] {logging_mixin.py:188} INFO - [2024-05-24T14:42:54.566+0000] {dag.py:3954} INFO - Setting next_dagrun for example_display_name to None, run_after=None
[2024-05-24T14:42:54.608+0000] {processor.py:183} INFO - Processing /usr/local/python/3.10.13/lib/python3.10/site-packages/airflow/example_dags/example_display_name.py took 0.326 seconds
[2024-05-24T14:43:52.798+0000] {processor.py:161} INFO - Started process (PID=58864) to work on /usr/local/python/3.10.13/lib/python3.10/site-packages/airflow/example_dags/example_display_name.py
[2024-05-24T14:43:52.798+0000] {processor.py:830} INFO - Processing file /usr/local/python/3.10.13/lib/python3.10/site-packages/airflow/example_dags/example_display_name.py for tasks to queue
[2024-05-24T14:43:52.800+0000] {logging_mixin.py:188} INFO - [2024-05-24T14:43:52.799+0000] {dagbag.py:545} INFO - Filling up the DagBag from /usr/local/python/3.10.13/lib/python3.10/site-packages/airflow/example_dags/example_display_name.py
[2024-05-24T14:43:52.804+0000] {processor.py:840} INFO - DAG(s) 'example_display_name' retrieved from /usr/local/python/3.10.13/lib/python3.10/site-packages/airflow/example_dags/example_display_name.py
[2024-05-24T14:43:52.815+0000] {logging_mixin.py:188} INFO - [2024-05-24T14:43:52.815+0000] {dag.py:3096} INFO - Sync 1 DAGs
[2024-05-24T14:43:52.824+0000] {logging_mixin.py:188} INFO - [2024-05-24T14:43:52.824+0000] {dag.py:3954} INFO - Setting next_dagrun for example_display_name to None, run_after=None
[2024-05-24T14:43:52.860+0000] {processor.py:183} INFO - Processing /usr/local/python/3.10.13/lib/python3.10/site-packages/airflow/example_dags/example_display_name.py took 0.067 seconds
[2024-05-24T14:44:44.808+0000] {processor.py:161} INFO - Started process (PID=59387) to work on /usr/local/python/3.10.13/lib/python3.10/site-packages/airflow/example_dags/example_display_name.py
[2024-05-24T14:44:44.809+0000] {processor.py:830} INFO - Processing file /usr/local/python/3.10.13/lib/python3.10/site-packages/airflow/example_dags/example_display_name.py for tasks to queue
[2024-05-24T14:44:44.810+0000] {logging_mixin.py:188} INFO - [2024-05-24T14:44:44.810+0000] {dagbag.py:545} INFO - Filling up the DagBag from /usr/local/python/3.10.13/lib/python3.10/site-packages/airflow/example_dags/example_display_name.py
[2024-05-24T14:44:44.815+0000] {processor.py:840} INFO - DAG(s) 'example_display_name' retrieved from /usr/local/python/3.10.13/lib/python3.10/site-packages/airflow/example_dags/example_display_name.py
[2024-05-24T14:44:44.826+0000] {logging_mixin.py:188} INFO - [2024-05-24T14:44:44.826+0000] {dag.py:3096} INFO - Sync 1 DAGs
[2024-05-24T14:44:44.835+0000] {logging_mixin.py:188} INFO - [2024-05-24T14:44:44.835+0000] {dag.py:3954} INFO - Setting next_dagrun for example_display_name to None, run_after=None
[2024-05-24T14:44:44.873+0000] {processor.py:183} INFO - Processing /usr/local/python/3.10.13/lib/python3.10/site-packages/airflow/example_dags/example_display_name.py took 0.070 seconds
[2024-05-24T14:45:35.463+0000] {processor.py:161} INFO - Started process (PID=59929) to work on /usr/local/python/3.10.13/lib/python3.10/site-packages/airflow/example_dags/example_display_name.py
[2024-05-24T14:45:35.464+0000] {processor.py:830} INFO - Processing file /usr/local/python/3.10.13/lib/python3.10/site-packages/airflow/example_dags/example_display_name.py for tasks to queue
[2024-05-24T14:45:35.465+0000] {logging_mixin.py:188} INFO - [2024-05-24T14:45:35.465+0000] {dagbag.py:545} INFO - Filling up the DagBag from /usr/local/python/3.10.13/lib/python3.10/site-packages/airflow/example_dags/example_display_name.py
[2024-05-24T14:45:35.470+0000] {processor.py:840} INFO - DAG(s) 'example_display_name' retrieved from /usr/local/python/3.10.13/lib/python3.10/site-packages/airflow/example_dags/example_display_name.py
[2024-05-24T14:45:35.481+0000] {logging_mixin.py:188} INFO - [2024-05-24T14:45:35.481+0000] {dag.py:3096} INFO - Sync 1 DAGs
[2024-05-24T14:45:35.490+0000] {logging_mixin.py:188} INFO - [2024-05-24T14:45:35.490+0000] {dag.py:3954} INFO - Setting next_dagrun for example_display_name to None, run_after=None
[2024-05-24T14:45:35.529+0000] {processor.py:183} INFO - Processing /usr/local/python/3.10.13/lib/python3.10/site-packages/airflow/example_dags/example_display_name.py took 0.071 seconds
