[2024-05-24T14:43:00.390+0000] {processor.py:161} INFO - Started process (PID=58451) to work on /usr/local/python/3.10.13/lib/python3.10/site-packages/airflow/example_dags/example_latest_only_with_trigger.py
[2024-05-24T14:43:00.391+0000] {processor.py:830} INFO - Processing file /usr/local/python/3.10.13/lib/python3.10/site-packages/airflow/example_dags/example_latest_only_with_trigger.py for tasks to queue
[2024-05-24T14:43:00.392+0000] {logging_mixin.py:188} INFO - [2024-05-24T14:43:00.392+0000] {dagbag.py:545} INFO - Filling up the DagBag from /usr/local/python/3.10.13/lib/python3.10/site-packages/airflow/example_dags/example_latest_only_with_trigger.py
[2024-05-24T14:43:00.397+0000] {processor.py:840} INFO - DAG(s) 'latest_only_with_trigger' retrieved from /usr/local/python/3.10.13/lib/python3.10/site-packages/airflow/example_dags/example_latest_only_with_trigger.py
[2024-05-24T14:43:00.639+0000] {logging_mixin.py:188} INFO - [2024-05-24T14:43:00.639+0000] {override.py:1829} INFO - Created Permission View: can read on DAG:latest_only_with_trigger
[2024-05-24T14:43:00.669+0000] {logging_mixin.py:188} INFO - [2024-05-24T14:43:00.668+0000] {override.py:1829} INFO - Created Permission View: can edit on DAG:latest_only_with_trigger
[2024-05-24T14:43:00.700+0000] {logging_mixin.py:188} INFO - [2024-05-24T14:43:00.700+0000] {override.py:1829} INFO - Created Permission View: can delete on DAG:latest_only_with_trigger
[2024-05-24T14:43:00.701+0000] {logging_mixin.py:188} INFO - [2024-05-24T14:43:00.701+0000] {dag.py:3096} INFO - Sync 1 DAGs
[2024-05-24T14:43:00.714+0000] {logging_mixin.py:188} INFO - [2024-05-24T14:43:00.714+0000] {dag.py:3118} INFO - Creating ORM DAG for latest_only_with_trigger
[2024-05-24T14:43:00.724+0000] {logging_mixin.py:188} INFO - [2024-05-24T14:43:00.723+0000] {dag.py:3954} INFO - Setting next_dagrun for latest_only_with_trigger to 2024-05-24 08:00:00+00:00, run_after=2024-05-24 12:00:00+00:00
[2024-05-24T14:43:00.782+0000] {processor.py:183} INFO - Processing /usr/local/python/3.10.13/lib/python3.10/site-packages/airflow/example_dags/example_latest_only_with_trigger.py took 0.396 seconds
[2024-05-24T14:43:57.459+0000] {processor.py:161} INFO - Started process (PID=58886) to work on /usr/local/python/3.10.13/lib/python3.10/site-packages/airflow/example_dags/example_latest_only_with_trigger.py
[2024-05-24T14:43:57.460+0000] {processor.py:830} INFO - Processing file /usr/local/python/3.10.13/lib/python3.10/site-packages/airflow/example_dags/example_latest_only_with_trigger.py for tasks to queue
[2024-05-24T14:43:57.461+0000] {logging_mixin.py:188} INFO - [2024-05-24T14:43:57.461+0000] {dagbag.py:545} INFO - Filling up the DagBag from /usr/local/python/3.10.13/lib/python3.10/site-packages/airflow/example_dags/example_latest_only_with_trigger.py
[2024-05-24T14:43:57.466+0000] {processor.py:840} INFO - DAG(s) 'latest_only_with_trigger' retrieved from /usr/local/python/3.10.13/lib/python3.10/site-packages/airflow/example_dags/example_latest_only_with_trigger.py
[2024-05-24T14:43:57.479+0000] {logging_mixin.py:188} INFO - [2024-05-24T14:43:57.478+0000] {dag.py:3096} INFO - Sync 1 DAGs
[2024-05-24T14:43:57.493+0000] {logging_mixin.py:188} INFO - [2024-05-24T14:43:57.493+0000] {dag.py:3954} INFO - Setting next_dagrun for latest_only_with_trigger to 2024-05-24 08:00:00+00:00, run_after=2024-05-24 12:00:00+00:00
[2024-05-24T14:43:57.538+0000] {processor.py:183} INFO - Processing /usr/local/python/3.10.13/lib/python3.10/site-packages/airflow/example_dags/example_latest_only_with_trigger.py took 0.084 seconds
[2024-05-24T14:44:48.806+0000] {processor.py:161} INFO - Started process (PID=59406) to work on /usr/local/python/3.10.13/lib/python3.10/site-packages/airflow/example_dags/example_latest_only_with_trigger.py
[2024-05-24T14:44:48.807+0000] {processor.py:830} INFO - Processing file /usr/local/python/3.10.13/lib/python3.10/site-packages/airflow/example_dags/example_latest_only_with_trigger.py for tasks to queue
[2024-05-24T14:44:48.809+0000] {logging_mixin.py:188} INFO - [2024-05-24T14:44:48.808+0000] {dagbag.py:545} INFO - Filling up the DagBag from /usr/local/python/3.10.13/lib/python3.10/site-packages/airflow/example_dags/example_latest_only_with_trigger.py
[2024-05-24T14:44:48.813+0000] {processor.py:840} INFO - DAG(s) 'latest_only_with_trigger' retrieved from /usr/local/python/3.10.13/lib/python3.10/site-packages/airflow/example_dags/example_latest_only_with_trigger.py
[2024-05-24T14:44:48.825+0000] {logging_mixin.py:188} INFO - [2024-05-24T14:44:48.825+0000] {dag.py:3096} INFO - Sync 1 DAGs
[2024-05-24T14:44:48.842+0000] {logging_mixin.py:188} INFO - [2024-05-24T14:44:48.842+0000] {dag.py:3954} INFO - Setting next_dagrun for latest_only_with_trigger to 2024-05-24 08:00:00+00:00, run_after=2024-05-24 12:00:00+00:00
[2024-05-24T14:44:48.883+0000] {processor.py:183} INFO - Processing /usr/local/python/3.10.13/lib/python3.10/site-packages/airflow/example_dags/example_latest_only_with_trigger.py took 0.082 seconds
[2024-05-24T14:45:39.325+0000] {processor.py:161} INFO - Started process (PID=59964) to work on /usr/local/python/3.10.13/lib/python3.10/site-packages/airflow/example_dags/example_latest_only_with_trigger.py
[2024-05-24T14:45:39.326+0000] {processor.py:830} INFO - Processing file /usr/local/python/3.10.13/lib/python3.10/site-packages/airflow/example_dags/example_latest_only_with_trigger.py for tasks to queue
[2024-05-24T14:45:39.327+0000] {logging_mixin.py:188} INFO - [2024-05-24T14:45:39.327+0000] {dagbag.py:545} INFO - Filling up the DagBag from /usr/local/python/3.10.13/lib/python3.10/site-packages/airflow/example_dags/example_latest_only_with_trigger.py
[2024-05-24T14:45:39.332+0000] {processor.py:840} INFO - DAG(s) 'latest_only_with_trigger' retrieved from /usr/local/python/3.10.13/lib/python3.10/site-packages/airflow/example_dags/example_latest_only_with_trigger.py
[2024-05-24T14:45:39.344+0000] {logging_mixin.py:188} INFO - [2024-05-24T14:45:39.344+0000] {dag.py:3096} INFO - Sync 1 DAGs
[2024-05-24T14:45:39.359+0000] {logging_mixin.py:188} INFO - [2024-05-24T14:45:39.358+0000] {dag.py:3954} INFO - Setting next_dagrun for latest_only_with_trigger to 2024-05-24 08:00:00+00:00, run_after=2024-05-24 12:00:00+00:00
[2024-05-24T14:45:39.398+0000] {processor.py:183} INFO - Processing /usr/local/python/3.10.13/lib/python3.10/site-packages/airflow/example_dags/example_latest_only_with_trigger.py took 0.077 seconds
