[2024-05-24T14:42:47.581+0000] {processor.py:161} INFO - Started process (PID=58369) to work on /usr/local/python/3.10.13/lib/python3.10/site-packages/airflow/example_dags/example_sensors.py
[2024-05-24T14:42:47.582+0000] {processor.py:830} INFO - Processing file /usr/local/python/3.10.13/lib/python3.10/site-packages/airflow/example_dags/example_sensors.py for tasks to queue
[2024-05-24T14:42:47.583+0000] {logging_mixin.py:188} INFO - [2024-05-24T14:42:47.582+0000] {dagbag.py:545} INFO - Filling up the DagBag from /usr/local/python/3.10.13/lib/python3.10/site-packages/airflow/example_dags/example_sensors.py
[2024-05-24T14:42:47.590+0000] {processor.py:840} INFO - DAG(s) 'example_sensors' retrieved from /usr/local/python/3.10.13/lib/python3.10/site-packages/airflow/example_dags/example_sensors.py
[2024-05-24T14:42:47.819+0000] {logging_mixin.py:188} INFO - [2024-05-24T14:42:47.818+0000] {override.py:1829} INFO - Created Permission View: can read on DAG:example_sensors
[2024-05-24T14:42:47.852+0000] {logging_mixin.py:188} INFO - [2024-05-24T14:42:47.851+0000] {override.py:1829} INFO - Created Permission View: can edit on DAG:example_sensors
[2024-05-24T14:42:47.900+0000] {logging_mixin.py:188} INFO - [2024-05-24T14:42:47.900+0000] {override.py:1829} INFO - Created Permission View: can delete on DAG:example_sensors
[2024-05-24T14:42:47.901+0000] {logging_mixin.py:188} INFO - [2024-05-24T14:42:47.900+0000] {dag.py:3096} INFO - Sync 1 DAGs
[2024-05-24T14:42:47.920+0000] {logging_mixin.py:188} INFO - [2024-05-24T14:42:47.920+0000] {dag.py:3118} INFO - Creating ORM DAG for example_sensors
[2024-05-24T14:42:47.921+0000] {logging_mixin.py:188} INFO - [2024-05-24T14:42:47.921+0000] {dag.py:3954} INFO - Setting next_dagrun for example_sensors to None, run_after=None
[2024-05-24T14:42:47.972+0000] {processor.py:183} INFO - Processing /usr/local/python/3.10.13/lib/python3.10/site-packages/airflow/example_dags/example_sensors.py took 0.395 seconds
[2024-05-24T14:43:48.166+0000] {processor.py:161} INFO - Started process (PID=58819) to work on /usr/local/python/3.10.13/lib/python3.10/site-packages/airflow/example_dags/example_sensors.py
[2024-05-24T14:43:48.167+0000] {processor.py:830} INFO - Processing file /usr/local/python/3.10.13/lib/python3.10/site-packages/airflow/example_dags/example_sensors.py for tasks to queue
[2024-05-24T14:43:48.168+0000] {logging_mixin.py:188} INFO - [2024-05-24T14:43:48.168+0000] {dagbag.py:545} INFO - Filling up the DagBag from /usr/local/python/3.10.13/lib/python3.10/site-packages/airflow/example_dags/example_sensors.py
[2024-05-24T14:43:48.176+0000] {processor.py:840} INFO - DAG(s) 'example_sensors' retrieved from /usr/local/python/3.10.13/lib/python3.10/site-packages/airflow/example_dags/example_sensors.py
[2024-05-24T14:43:48.192+0000] {logging_mixin.py:188} INFO - [2024-05-24T14:43:48.192+0000] {dag.py:3096} INFO - Sync 1 DAGs
[2024-05-24T14:43:48.201+0000] {logging_mixin.py:188} INFO - [2024-05-24T14:43:48.201+0000] {dag.py:3954} INFO - Setting next_dagrun for example_sensors to None, run_after=None
[2024-05-24T14:43:48.238+0000] {processor.py:183} INFO - Processing /usr/local/python/3.10.13/lib/python3.10/site-packages/airflow/example_dags/example_sensors.py took 0.076 seconds
[2024-05-24T14:44:39.518+0000] {processor.py:161} INFO - Started process (PID=59324) to work on /usr/local/python/3.10.13/lib/python3.10/site-packages/airflow/example_dags/example_sensors.py
[2024-05-24T14:44:39.519+0000] {processor.py:830} INFO - Processing file /usr/local/python/3.10.13/lib/python3.10/site-packages/airflow/example_dags/example_sensors.py for tasks to queue
[2024-05-24T14:44:39.520+0000] {logging_mixin.py:188} INFO - [2024-05-24T14:44:39.520+0000] {dagbag.py:545} INFO - Filling up the DagBag from /usr/local/python/3.10.13/lib/python3.10/site-packages/airflow/example_dags/example_sensors.py
[2024-05-24T14:44:39.531+0000] {processor.py:840} INFO - DAG(s) 'example_sensors' retrieved from /usr/local/python/3.10.13/lib/python3.10/site-packages/airflow/example_dags/example_sensors.py
[2024-05-24T14:44:39.557+0000] {logging_mixin.py:188} INFO - [2024-05-24T14:44:39.557+0000] {dag.py:3096} INFO - Sync 1 DAGs
[2024-05-24T14:44:39.571+0000] {logging_mixin.py:188} INFO - [2024-05-24T14:44:39.571+0000] {dag.py:3954} INFO - Setting next_dagrun for example_sensors to None, run_after=None
[2024-05-24T14:44:39.614+0000] {processor.py:183} INFO - Processing /usr/local/python/3.10.13/lib/python3.10/site-packages/airflow/example_dags/example_sensors.py took 0.101 seconds
[2024-05-24T14:45:31.075+0000] {processor.py:161} INFO - Started process (PID=59871) to work on /usr/local/python/3.10.13/lib/python3.10/site-packages/airflow/example_dags/example_sensors.py
[2024-05-24T14:45:31.076+0000] {processor.py:830} INFO - Processing file /usr/local/python/3.10.13/lib/python3.10/site-packages/airflow/example_dags/example_sensors.py for tasks to queue
[2024-05-24T14:45:31.078+0000] {logging_mixin.py:188} INFO - [2024-05-24T14:45:31.078+0000] {dagbag.py:545} INFO - Filling up the DagBag from /usr/local/python/3.10.13/lib/python3.10/site-packages/airflow/example_dags/example_sensors.py
[2024-05-24T14:45:31.087+0000] {processor.py:840} INFO - DAG(s) 'example_sensors' retrieved from /usr/local/python/3.10.13/lib/python3.10/site-packages/airflow/example_dags/example_sensors.py
[2024-05-24T14:45:31.104+0000] {logging_mixin.py:188} INFO - [2024-05-24T14:45:31.104+0000] {dag.py:3096} INFO - Sync 1 DAGs
[2024-05-24T14:45:31.113+0000] {logging_mixin.py:188} INFO - [2024-05-24T14:45:31.113+0000] {dag.py:3954} INFO - Setting next_dagrun for example_sensors to None, run_after=None
[2024-05-24T14:45:31.151+0000] {processor.py:183} INFO - Processing /usr/local/python/3.10.13/lib/python3.10/site-packages/airflow/example_dags/example_sensors.py took 0.081 seconds
[2024-05-24T14:46:14.446+0000] {processor.py:161} INFO - Started process (PID=60280) to work on /usr/local/python/3.10.13/lib/python3.10/site-packages/airflow/example_dags/example_sensors.py
[2024-05-24T14:46:14.448+0000] {processor.py:830} INFO - Processing file /usr/local/python/3.10.13/lib/python3.10/site-packages/airflow/example_dags/example_sensors.py for tasks to queue
[2024-05-24T14:46:14.450+0000] {logging_mixin.py:188} INFO - [2024-05-24T14:46:14.450+0000] {dagbag.py:545} INFO - Filling up the DagBag from /usr/local/python/3.10.13/lib/python3.10/site-packages/airflow/example_dags/example_sensors.py
[2024-05-24T14:46:14.460+0000] {processor.py:840} INFO - DAG(s) 'example_sensors' retrieved from /usr/local/python/3.10.13/lib/python3.10/site-packages/airflow/example_dags/example_sensors.py
[2024-05-24T14:46:14.484+0000] {logging_mixin.py:188} INFO - [2024-05-24T14:46:14.484+0000] {dag.py:3096} INFO - Sync 1 DAGs
[2024-05-24T14:46:14.493+0000] {logging_mixin.py:188} INFO - [2024-05-24T14:46:14.493+0000] {dag.py:3954} INFO - Setting next_dagrun for example_sensors to None, run_after=None
[2024-05-24T14:46:14.535+0000] {processor.py:183} INFO - Processing /usr/local/python/3.10.13/lib/python3.10/site-packages/airflow/example_dags/example_sensors.py took 0.097 seconds
[2024-05-24T14:46:58.079+0000] {processor.py:161} INFO - Started process (PID=60720) to work on /usr/local/python/3.10.13/lib/python3.10/site-packages/airflow/example_dags/example_sensors.py
[2024-05-24T14:46:58.079+0000] {processor.py:830} INFO - Processing file /usr/local/python/3.10.13/lib/python3.10/site-packages/airflow/example_dags/example_sensors.py for tasks to queue
[2024-05-24T14:46:58.081+0000] {logging_mixin.py:188} INFO - [2024-05-24T14:46:58.080+0000] {dagbag.py:545} INFO - Filling up the DagBag from /usr/local/python/3.10.13/lib/python3.10/site-packages/airflow/example_dags/example_sensors.py
[2024-05-24T14:46:58.088+0000] {processor.py:840} INFO - DAG(s) 'example_sensors' retrieved from /usr/local/python/3.10.13/lib/python3.10/site-packages/airflow/example_dags/example_sensors.py
[2024-05-24T14:46:58.105+0000] {logging_mixin.py:188} INFO - [2024-05-24T14:46:58.104+0000] {dag.py:3096} INFO - Sync 1 DAGs
[2024-05-24T14:46:58.113+0000] {logging_mixin.py:188} INFO - [2024-05-24T14:46:58.113+0000] {dag.py:3954} INFO - Setting next_dagrun for example_sensors to None, run_after=None
[2024-05-24T14:46:58.152+0000] {processor.py:183} INFO - Processing /usr/local/python/3.10.13/lib/python3.10/site-packages/airflow/example_dags/example_sensors.py took 0.080 seconds
[2024-05-24T14:47:41.352+0000] {processor.py:161} INFO - Started process (PID=61078) to work on /usr/local/python/3.10.13/lib/python3.10/site-packages/airflow/example_dags/example_sensors.py
[2024-05-24T14:47:41.353+0000] {processor.py:830} INFO - Processing file /usr/local/python/3.10.13/lib/python3.10/site-packages/airflow/example_dags/example_sensors.py for tasks to queue
[2024-05-24T14:47:41.354+0000] {logging_mixin.py:188} INFO - [2024-05-24T14:47:41.354+0000] {dagbag.py:545} INFO - Filling up the DagBag from /usr/local/python/3.10.13/lib/python3.10/site-packages/airflow/example_dags/example_sensors.py
[2024-05-24T14:47:41.362+0000] {processor.py:840} INFO - DAG(s) 'example_sensors' retrieved from /usr/local/python/3.10.13/lib/python3.10/site-packages/airflow/example_dags/example_sensors.py
[2024-05-24T14:47:41.378+0000] {logging_mixin.py:188} INFO - [2024-05-24T14:47:41.378+0000] {dag.py:3096} INFO - Sync 1 DAGs
[2024-05-24T14:47:41.387+0000] {logging_mixin.py:188} INFO - [2024-05-24T14:47:41.386+0000] {dag.py:3954} INFO - Setting next_dagrun for example_sensors to None, run_after=None
[2024-05-24T14:47:41.427+0000] {processor.py:183} INFO - Processing /usr/local/python/3.10.13/lib/python3.10/site-packages/airflow/example_dags/example_sensors.py took 0.079 seconds
[2024-05-24T14:48:22.063+0000] {processor.py:161} INFO - Started process (PID=61498) to work on /usr/local/python/3.10.13/lib/python3.10/site-packages/airflow/example_dags/example_sensors.py
[2024-05-24T14:48:22.064+0000] {processor.py:830} INFO - Processing file /usr/local/python/3.10.13/lib/python3.10/site-packages/airflow/example_dags/example_sensors.py for tasks to queue
[2024-05-24T14:48:22.066+0000] {logging_mixin.py:188} INFO - [2024-05-24T14:48:22.065+0000] {dagbag.py:545} INFO - Filling up the DagBag from /usr/local/python/3.10.13/lib/python3.10/site-packages/airflow/example_dags/example_sensors.py
[2024-05-24T14:48:22.073+0000] {processor.py:840} INFO - DAG(s) 'example_sensors' retrieved from /usr/local/python/3.10.13/lib/python3.10/site-packages/airflow/example_dags/example_sensors.py
[2024-05-24T14:48:22.090+0000] {logging_mixin.py:188} INFO - [2024-05-24T14:48:22.090+0000] {dag.py:3096} INFO - Sync 1 DAGs
[2024-05-24T14:48:22.099+0000] {logging_mixin.py:188} INFO - [2024-05-24T14:48:22.099+0000] {dag.py:3954} INFO - Setting next_dagrun for example_sensors to None, run_after=None
[2024-05-24T14:48:22.149+0000] {processor.py:183} INFO - Processing /usr/local/python/3.10.13/lib/python3.10/site-packages/airflow/example_dags/example_sensors.py took 0.091 seconds
[2024-05-24T14:49:03.865+0000] {processor.py:161} INFO - Started process (PID=61926) to work on /usr/local/python/3.10.13/lib/python3.10/site-packages/airflow/example_dags/example_sensors.py
[2024-05-24T14:49:03.866+0000] {processor.py:830} INFO - Processing file /usr/local/python/3.10.13/lib/python3.10/site-packages/airflow/example_dags/example_sensors.py for tasks to queue
[2024-05-24T14:49:03.868+0000] {logging_mixin.py:188} INFO - [2024-05-24T14:49:03.867+0000] {dagbag.py:545} INFO - Filling up the DagBag from /usr/local/python/3.10.13/lib/python3.10/site-packages/airflow/example_dags/example_sensors.py
[2024-05-24T14:49:03.875+0000] {processor.py:840} INFO - DAG(s) 'example_sensors' retrieved from /usr/local/python/3.10.13/lib/python3.10/site-packages/airflow/example_dags/example_sensors.py
[2024-05-24T14:49:03.892+0000] {logging_mixin.py:188} INFO - [2024-05-24T14:49:03.892+0000] {dag.py:3096} INFO - Sync 1 DAGs
[2024-05-24T14:49:03.902+0000] {logging_mixin.py:188} INFO - [2024-05-24T14:49:03.902+0000] {dag.py:3954} INFO - Setting next_dagrun for example_sensors to None, run_after=None
[2024-05-24T14:49:03.942+0000] {processor.py:183} INFO - Processing /usr/local/python/3.10.13/lib/python3.10/site-packages/airflow/example_dags/example_sensors.py took 0.082 seconds
[2024-05-24T14:49:45.722+0000] {processor.py:161} INFO - Started process (PID=62333) to work on /usr/local/python/3.10.13/lib/python3.10/site-packages/airflow/example_dags/example_sensors.py
[2024-05-24T14:49:45.723+0000] {processor.py:830} INFO - Processing file /usr/local/python/3.10.13/lib/python3.10/site-packages/airflow/example_dags/example_sensors.py for tasks to queue
[2024-05-24T14:49:45.724+0000] {logging_mixin.py:188} INFO - [2024-05-24T14:49:45.724+0000] {dagbag.py:545} INFO - Filling up the DagBag from /usr/local/python/3.10.13/lib/python3.10/site-packages/airflow/example_dags/example_sensors.py
[2024-05-24T14:49:45.732+0000] {processor.py:840} INFO - DAG(s) 'example_sensors' retrieved from /usr/local/python/3.10.13/lib/python3.10/site-packages/airflow/example_dags/example_sensors.py
[2024-05-24T14:49:45.748+0000] {logging_mixin.py:188} INFO - [2024-05-24T14:49:45.748+0000] {dag.py:3096} INFO - Sync 1 DAGs
[2024-05-24T14:49:45.757+0000] {logging_mixin.py:188} INFO - [2024-05-24T14:49:45.756+0000] {dag.py:3954} INFO - Setting next_dagrun for example_sensors to None, run_after=None
[2024-05-24T14:49:45.800+0000] {processor.py:183} INFO - Processing /usr/local/python/3.10.13/lib/python3.10/site-packages/airflow/example_dags/example_sensors.py took 0.083 seconds
[2024-05-24T14:50:46.515+0000] {processor.py:161} INFO - Started process (PID=62828) to work on /usr/local/python/3.10.13/lib/python3.10/site-packages/airflow/example_dags/example_sensors.py
[2024-05-24T14:50:46.516+0000] {processor.py:830} INFO - Processing file /usr/local/python/3.10.13/lib/python3.10/site-packages/airflow/example_dags/example_sensors.py for tasks to queue
[2024-05-24T14:50:46.517+0000] {logging_mixin.py:188} INFO - [2024-05-24T14:50:46.517+0000] {dagbag.py:545} INFO - Filling up the DagBag from /usr/local/python/3.10.13/lib/python3.10/site-packages/airflow/example_dags/example_sensors.py
[2024-05-24T14:50:46.524+0000] {processor.py:840} INFO - DAG(s) 'example_sensors' retrieved from /usr/local/python/3.10.13/lib/python3.10/site-packages/airflow/example_dags/example_sensors.py
[2024-05-24T14:50:46.541+0000] {logging_mixin.py:188} INFO - [2024-05-24T14:50:46.541+0000] {dag.py:3096} INFO - Sync 1 DAGs
[2024-05-24T14:50:46.550+0000] {logging_mixin.py:188} INFO - [2024-05-24T14:50:46.549+0000] {dag.py:3954} INFO - Setting next_dagrun for example_sensors to None, run_after=None
[2024-05-24T14:50:46.590+0000] {processor.py:183} INFO - Processing /usr/local/python/3.10.13/lib/python3.10/site-packages/airflow/example_dags/example_sensors.py took 0.080 seconds
[2024-05-24T14:51:28.947+0000] {processor.py:161} INFO - Started process (PID=63186) to work on /usr/local/python/3.10.13/lib/python3.10/site-packages/airflow/example_dags/example_sensors.py
[2024-05-24T14:51:28.948+0000] {processor.py:830} INFO - Processing file /usr/local/python/3.10.13/lib/python3.10/site-packages/airflow/example_dags/example_sensors.py for tasks to queue
[2024-05-24T14:51:28.949+0000] {logging_mixin.py:188} INFO - [2024-05-24T14:51:28.949+0000] {dagbag.py:545} INFO - Filling up the DagBag from /usr/local/python/3.10.13/lib/python3.10/site-packages/airflow/example_dags/example_sensors.py
[2024-05-24T14:51:28.959+0000] {processor.py:840} INFO - DAG(s) 'example_sensors' retrieved from /usr/local/python/3.10.13/lib/python3.10/site-packages/airflow/example_dags/example_sensors.py
[2024-05-24T14:51:28.985+0000] {logging_mixin.py:188} INFO - [2024-05-24T14:51:28.985+0000] {dag.py:3096} INFO - Sync 1 DAGs
[2024-05-24T14:51:28.999+0000] {logging_mixin.py:188} INFO - [2024-05-24T14:51:28.998+0000] {dag.py:3954} INFO - Setting next_dagrun for example_sensors to None, run_after=None
[2024-05-24T14:51:29.044+0000] {processor.py:183} INFO - Processing /usr/local/python/3.10.13/lib/python3.10/site-packages/airflow/example_dags/example_sensors.py took 0.101 seconds
[2024-05-24T14:52:09.713+0000] {processor.py:161} INFO - Started process (PID=63485) to work on /usr/local/python/3.10.13/lib/python3.10/site-packages/airflow/example_dags/example_sensors.py
[2024-05-24T14:52:09.714+0000] {processor.py:830} INFO - Processing file /usr/local/python/3.10.13/lib/python3.10/site-packages/airflow/example_dags/example_sensors.py for tasks to queue
[2024-05-24T14:52:09.715+0000] {logging_mixin.py:188} INFO - [2024-05-24T14:52:09.715+0000] {dagbag.py:545} INFO - Filling up the DagBag from /usr/local/python/3.10.13/lib/python3.10/site-packages/airflow/example_dags/example_sensors.py
[2024-05-24T14:52:09.723+0000] {processor.py:840} INFO - DAG(s) 'example_sensors' retrieved from /usr/local/python/3.10.13/lib/python3.10/site-packages/airflow/example_dags/example_sensors.py
[2024-05-24T14:52:09.748+0000] {logging_mixin.py:188} INFO - [2024-05-24T14:52:09.748+0000] {dag.py:3096} INFO - Sync 1 DAGs
[2024-05-24T14:52:09.758+0000] {logging_mixin.py:188} INFO - [2024-05-24T14:52:09.757+0000] {dag.py:3954} INFO - Setting next_dagrun for example_sensors to None, run_after=None
[2024-05-24T14:52:09.799+0000] {processor.py:183} INFO - Processing /usr/local/python/3.10.13/lib/python3.10/site-packages/airflow/example_dags/example_sensors.py took 0.091 seconds
[2024-05-24T14:53:09.354+0000] {processor.py:161} INFO - Started process (PID=63999) to work on /usr/local/python/3.10.13/lib/python3.10/site-packages/airflow/example_dags/example_sensors.py
[2024-05-24T14:53:09.355+0000] {processor.py:830} INFO - Processing file /usr/local/python/3.10.13/lib/python3.10/site-packages/airflow/example_dags/example_sensors.py for tasks to queue
[2024-05-24T14:53:09.356+0000] {logging_mixin.py:188} INFO - [2024-05-24T14:53:09.356+0000] {dagbag.py:545} INFO - Filling up the DagBag from /usr/local/python/3.10.13/lib/python3.10/site-packages/airflow/example_dags/example_sensors.py
[2024-05-24T14:53:09.364+0000] {processor.py:840} INFO - DAG(s) 'example_sensors' retrieved from /usr/local/python/3.10.13/lib/python3.10/site-packages/airflow/example_dags/example_sensors.py
[2024-05-24T14:53:09.380+0000] {logging_mixin.py:188} INFO - [2024-05-24T14:53:09.380+0000] {dag.py:3096} INFO - Sync 1 DAGs
[2024-05-24T14:53:09.389+0000] {logging_mixin.py:188} INFO - [2024-05-24T14:53:09.389+0000] {dag.py:3954} INFO - Setting next_dagrun for example_sensors to None, run_after=None
[2024-05-24T14:53:09.429+0000] {processor.py:183} INFO - Processing /usr/local/python/3.10.13/lib/python3.10/site-packages/airflow/example_dags/example_sensors.py took 0.080 seconds
[2024-05-24T14:54:09.319+0000] {processor.py:161} INFO - Started process (PID=64632) to work on /usr/local/python/3.10.13/lib/python3.10/site-packages/airflow/example_dags/example_sensors.py
[2024-05-24T14:54:09.319+0000] {processor.py:830} INFO - Processing file /usr/local/python/3.10.13/lib/python3.10/site-packages/airflow/example_dags/example_sensors.py for tasks to queue
[2024-05-24T14:54:09.321+0000] {logging_mixin.py:188} INFO - [2024-05-24T14:54:09.321+0000] {dagbag.py:545} INFO - Filling up the DagBag from /usr/local/python/3.10.13/lib/python3.10/site-packages/airflow/example_dags/example_sensors.py
[2024-05-24T14:54:09.328+0000] {processor.py:840} INFO - DAG(s) 'example_sensors' retrieved from /usr/local/python/3.10.13/lib/python3.10/site-packages/airflow/example_dags/example_sensors.py
[2024-05-24T14:54:09.345+0000] {logging_mixin.py:188} INFO - [2024-05-24T14:54:09.345+0000] {dag.py:3096} INFO - Sync 1 DAGs
[2024-05-24T14:54:09.354+0000] {logging_mixin.py:188} INFO - [2024-05-24T14:54:09.354+0000] {dag.py:3954} INFO - Setting next_dagrun for example_sensors to None, run_after=None
[2024-05-24T14:54:09.394+0000] {processor.py:183} INFO - Processing /usr/local/python/3.10.13/lib/python3.10/site-packages/airflow/example_dags/example_sensors.py took 0.080 seconds
[2024-05-24T14:54:51.094+0000] {processor.py:161} INFO - Started process (PID=65112) to work on /usr/local/python/3.10.13/lib/python3.10/site-packages/airflow/example_dags/example_sensors.py
[2024-05-24T14:54:51.094+0000] {processor.py:830} INFO - Processing file /usr/local/python/3.10.13/lib/python3.10/site-packages/airflow/example_dags/example_sensors.py for tasks to queue
[2024-05-24T14:54:51.096+0000] {logging_mixin.py:188} INFO - [2024-05-24T14:54:51.095+0000] {dagbag.py:545} INFO - Filling up the DagBag from /usr/local/python/3.10.13/lib/python3.10/site-packages/airflow/example_dags/example_sensors.py
[2024-05-24T14:54:51.103+0000] {processor.py:840} INFO - DAG(s) 'example_sensors' retrieved from /usr/local/python/3.10.13/lib/python3.10/site-packages/airflow/example_dags/example_sensors.py
[2024-05-24T14:54:51.120+0000] {logging_mixin.py:188} INFO - [2024-05-24T14:54:51.120+0000] {dag.py:3096} INFO - Sync 1 DAGs
[2024-05-24T14:54:51.129+0000] {logging_mixin.py:188} INFO - [2024-05-24T14:54:51.129+0000] {dag.py:3954} INFO - Setting next_dagrun for example_sensors to None, run_after=None
[2024-05-24T14:54:51.168+0000] {processor.py:183} INFO - Processing /usr/local/python/3.10.13/lib/python3.10/site-packages/airflow/example_dags/example_sensors.py took 0.079 seconds
[2024-05-24T14:55:49.442+0000] {processor.py:161} INFO - Started process (PID=65768) to work on /usr/local/python/3.10.13/lib/python3.10/site-packages/airflow/example_dags/example_sensors.py
[2024-05-24T14:55:49.442+0000] {processor.py:830} INFO - Processing file /usr/local/python/3.10.13/lib/python3.10/site-packages/airflow/example_dags/example_sensors.py for tasks to queue
[2024-05-24T14:55:49.444+0000] {logging_mixin.py:188} INFO - [2024-05-24T14:55:49.443+0000] {dagbag.py:545} INFO - Filling up the DagBag from /usr/local/python/3.10.13/lib/python3.10/site-packages/airflow/example_dags/example_sensors.py
[2024-05-24T14:55:49.451+0000] {processor.py:840} INFO - DAG(s) 'example_sensors' retrieved from /usr/local/python/3.10.13/lib/python3.10/site-packages/airflow/example_dags/example_sensors.py
[2024-05-24T14:55:49.468+0000] {logging_mixin.py:188} INFO - [2024-05-24T14:55:49.468+0000] {dag.py:3096} INFO - Sync 1 DAGs
[2024-05-24T14:55:49.478+0000] {logging_mixin.py:188} INFO - [2024-05-24T14:55:49.477+0000] {dag.py:3954} INFO - Setting next_dagrun for example_sensors to None, run_after=None
[2024-05-24T14:55:49.517+0000] {processor.py:183} INFO - Processing /usr/local/python/3.10.13/lib/python3.10/site-packages/airflow/example_dags/example_sensors.py took 0.080 seconds
[2024-05-24T14:56:49.962+0000] {processor.py:161} INFO - Started process (PID=66495) to work on /usr/local/python/3.10.13/lib/python3.10/site-packages/airflow/example_dags/example_sensors.py
[2024-05-24T14:56:49.962+0000] {processor.py:830} INFO - Processing file /usr/local/python/3.10.13/lib/python3.10/site-packages/airflow/example_dags/example_sensors.py for tasks to queue
[2024-05-24T14:56:49.964+0000] {logging_mixin.py:188} INFO - [2024-05-24T14:56:49.963+0000] {dagbag.py:545} INFO - Filling up the DagBag from /usr/local/python/3.10.13/lib/python3.10/site-packages/airflow/example_dags/example_sensors.py
[2024-05-24T14:56:49.971+0000] {processor.py:840} INFO - DAG(s) 'example_sensors' retrieved from /usr/local/python/3.10.13/lib/python3.10/site-packages/airflow/example_dags/example_sensors.py
[2024-05-24T14:56:49.987+0000] {logging_mixin.py:188} INFO - [2024-05-24T14:56:49.987+0000] {dag.py:3096} INFO - Sync 1 DAGs
[2024-05-24T14:56:49.996+0000] {logging_mixin.py:188} INFO - [2024-05-24T14:56:49.996+0000] {dag.py:3954} INFO - Setting next_dagrun for example_sensors to None, run_after=None
[2024-05-24T14:56:50.034+0000] {processor.py:183} INFO - Processing /usr/local/python/3.10.13/lib/python3.10/site-packages/airflow/example_dags/example_sensors.py took 0.077 seconds
[2024-05-24T14:57:32.602+0000] {processor.py:161} INFO - Started process (PID=66807) to work on /usr/local/python/3.10.13/lib/python3.10/site-packages/airflow/example_dags/example_sensors.py
[2024-05-24T14:57:32.603+0000] {processor.py:830} INFO - Processing file /usr/local/python/3.10.13/lib/python3.10/site-packages/airflow/example_dags/example_sensors.py for tasks to queue
[2024-05-24T14:57:32.604+0000] {logging_mixin.py:188} INFO - [2024-05-24T14:57:32.604+0000] {dagbag.py:545} INFO - Filling up the DagBag from /usr/local/python/3.10.13/lib/python3.10/site-packages/airflow/example_dags/example_sensors.py
[2024-05-24T14:57:32.611+0000] {processor.py:840} INFO - DAG(s) 'example_sensors' retrieved from /usr/local/python/3.10.13/lib/python3.10/site-packages/airflow/example_dags/example_sensors.py
[2024-05-24T14:57:32.628+0000] {logging_mixin.py:188} INFO - [2024-05-24T14:57:32.627+0000] {dag.py:3096} INFO - Sync 1 DAGs
[2024-05-24T14:57:32.638+0000] {logging_mixin.py:188} INFO - [2024-05-24T14:57:32.637+0000] {dag.py:3954} INFO - Setting next_dagrun for example_sensors to None, run_after=None
[2024-05-24T14:57:32.675+0000] {processor.py:183} INFO - Processing /usr/local/python/3.10.13/lib/python3.10/site-packages/airflow/example_dags/example_sensors.py took 0.078 seconds
[2024-05-24T14:58:15.850+0000] {processor.py:161} INFO - Started process (PID=67162) to work on /usr/local/python/3.10.13/lib/python3.10/site-packages/airflow/example_dags/example_sensors.py
[2024-05-24T14:58:15.851+0000] {processor.py:830} INFO - Processing file /usr/local/python/3.10.13/lib/python3.10/site-packages/airflow/example_dags/example_sensors.py for tasks to queue
[2024-05-24T14:58:15.852+0000] {logging_mixin.py:188} INFO - [2024-05-24T14:58:15.852+0000] {dagbag.py:545} INFO - Filling up the DagBag from /usr/local/python/3.10.13/lib/python3.10/site-packages/airflow/example_dags/example_sensors.py
[2024-05-24T14:58:15.860+0000] {processor.py:840} INFO - DAG(s) 'example_sensors' retrieved from /usr/local/python/3.10.13/lib/python3.10/site-packages/airflow/example_dags/example_sensors.py
[2024-05-24T14:58:15.877+0000] {logging_mixin.py:188} INFO - [2024-05-24T14:58:15.877+0000] {dag.py:3096} INFO - Sync 1 DAGs
[2024-05-24T14:58:15.886+0000] {logging_mixin.py:188} INFO - [2024-05-24T14:58:15.886+0000] {dag.py:3954} INFO - Setting next_dagrun for example_sensors to None, run_after=None
[2024-05-24T14:58:15.925+0000] {processor.py:183} INFO - Processing /usr/local/python/3.10.13/lib/python3.10/site-packages/airflow/example_dags/example_sensors.py took 0.080 seconds
[2024-05-24T14:59:15.641+0000] {processor.py:161} INFO - Started process (PID=67598) to work on /usr/local/python/3.10.13/lib/python3.10/site-packages/airflow/example_dags/example_sensors.py
[2024-05-24T14:59:15.642+0000] {processor.py:830} INFO - Processing file /usr/local/python/3.10.13/lib/python3.10/site-packages/airflow/example_dags/example_sensors.py for tasks to queue
[2024-05-24T14:59:15.643+0000] {logging_mixin.py:188} INFO - [2024-05-24T14:59:15.643+0000] {dagbag.py:545} INFO - Filling up the DagBag from /usr/local/python/3.10.13/lib/python3.10/site-packages/airflow/example_dags/example_sensors.py
[2024-05-24T14:59:15.650+0000] {processor.py:840} INFO - DAG(s) 'example_sensors' retrieved from /usr/local/python/3.10.13/lib/python3.10/site-packages/airflow/example_dags/example_sensors.py
[2024-05-24T14:59:15.667+0000] {logging_mixin.py:188} INFO - [2024-05-24T14:59:15.667+0000] {dag.py:3096} INFO - Sync 1 DAGs
[2024-05-24T14:59:15.676+0000] {logging_mixin.py:188} INFO - [2024-05-24T14:59:15.676+0000] {dag.py:3954} INFO - Setting next_dagrun for example_sensors to None, run_after=None
[2024-05-24T14:59:15.715+0000] {processor.py:183} INFO - Processing /usr/local/python/3.10.13/lib/python3.10/site-packages/airflow/example_dags/example_sensors.py took 0.078 seconds
[2024-05-24T14:59:58.448+0000] {processor.py:161} INFO - Started process (PID=67893) to work on /usr/local/python/3.10.13/lib/python3.10/site-packages/airflow/example_dags/example_sensors.py
[2024-05-24T14:59:58.448+0000] {processor.py:830} INFO - Processing file /usr/local/python/3.10.13/lib/python3.10/site-packages/airflow/example_dags/example_sensors.py for tasks to queue
[2024-05-24T14:59:58.450+0000] {logging_mixin.py:188} INFO - [2024-05-24T14:59:58.449+0000] {dagbag.py:545} INFO - Filling up the DagBag from /usr/local/python/3.10.13/lib/python3.10/site-packages/airflow/example_dags/example_sensors.py
[2024-05-24T14:59:58.457+0000] {processor.py:840} INFO - DAG(s) 'example_sensors' retrieved from /usr/local/python/3.10.13/lib/python3.10/site-packages/airflow/example_dags/example_sensors.py
[2024-05-24T14:59:58.478+0000] {logging_mixin.py:188} INFO - [2024-05-24T14:59:58.478+0000] {dag.py:3096} INFO - Sync 1 DAGs
[2024-05-24T14:59:58.493+0000] {logging_mixin.py:188} INFO - [2024-05-24T14:59:58.493+0000] {dag.py:3954} INFO - Setting next_dagrun for example_sensors to None, run_after=None
[2024-05-24T14:59:58.545+0000] {processor.py:183} INFO - Processing /usr/local/python/3.10.13/lib/python3.10/site-packages/airflow/example_dags/example_sensors.py took 0.102 seconds
[2024-05-24T15:00:40.120+0000] {processor.py:161} INFO - Started process (PID=68201) to work on /usr/local/python/3.10.13/lib/python3.10/site-packages/airflow/example_dags/example_sensors.py
[2024-05-24T15:00:40.121+0000] {processor.py:830} INFO - Processing file /usr/local/python/3.10.13/lib/python3.10/site-packages/airflow/example_dags/example_sensors.py for tasks to queue
[2024-05-24T15:00:40.123+0000] {logging_mixin.py:188} INFO - [2024-05-24T15:00:40.122+0000] {dagbag.py:545} INFO - Filling up the DagBag from /usr/local/python/3.10.13/lib/python3.10/site-packages/airflow/example_dags/example_sensors.py
[2024-05-24T15:00:40.130+0000] {processor.py:840} INFO - DAG(s) 'example_sensors' retrieved from /usr/local/python/3.10.13/lib/python3.10/site-packages/airflow/example_dags/example_sensors.py
[2024-05-24T15:00:40.146+0000] {logging_mixin.py:188} INFO - [2024-05-24T15:00:40.146+0000] {dag.py:3096} INFO - Sync 1 DAGs
[2024-05-24T15:00:40.155+0000] {logging_mixin.py:188} INFO - [2024-05-24T15:00:40.155+0000] {dag.py:3954} INFO - Setting next_dagrun for example_sensors to None, run_after=None
[2024-05-24T15:00:40.196+0000] {processor.py:183} INFO - Processing /usr/local/python/3.10.13/lib/python3.10/site-packages/airflow/example_dags/example_sensors.py took 0.080 seconds
[2024-05-24T15:01:21.780+0000] {processor.py:161} INFO - Started process (PID=68490) to work on /usr/local/python/3.10.13/lib/python3.10/site-packages/airflow/example_dags/example_sensors.py
[2024-05-24T15:01:21.781+0000] {processor.py:830} INFO - Processing file /usr/local/python/3.10.13/lib/python3.10/site-packages/airflow/example_dags/example_sensors.py for tasks to queue
[2024-05-24T15:01:21.782+0000] {logging_mixin.py:188} INFO - [2024-05-24T15:01:21.782+0000] {dagbag.py:545} INFO - Filling up the DagBag from /usr/local/python/3.10.13/lib/python3.10/site-packages/airflow/example_dags/example_sensors.py
[2024-05-24T15:01:21.790+0000] {processor.py:840} INFO - DAG(s) 'example_sensors' retrieved from /usr/local/python/3.10.13/lib/python3.10/site-packages/airflow/example_dags/example_sensors.py
[2024-05-24T15:01:21.807+0000] {logging_mixin.py:188} INFO - [2024-05-24T15:01:21.806+0000] {dag.py:3096} INFO - Sync 1 DAGs
[2024-05-24T15:01:21.815+0000] {logging_mixin.py:188} INFO - [2024-05-24T15:01:21.815+0000] {dag.py:3954} INFO - Setting next_dagrun for example_sensors to None, run_after=None
[2024-05-24T15:01:21.853+0000] {processor.py:183} INFO - Processing /usr/local/python/3.10.13/lib/python3.10/site-packages/airflow/example_dags/example_sensors.py took 0.077 seconds
[2024-05-24T15:02:03.588+0000] {processor.py:161} INFO - Started process (PID=68800) to work on /usr/local/python/3.10.13/lib/python3.10/site-packages/airflow/example_dags/example_sensors.py
[2024-05-24T15:02:03.589+0000] {processor.py:830} INFO - Processing file /usr/local/python/3.10.13/lib/python3.10/site-packages/airflow/example_dags/example_sensors.py for tasks to queue
[2024-05-24T15:02:03.590+0000] {logging_mixin.py:188} INFO - [2024-05-24T15:02:03.590+0000] {dagbag.py:545} INFO - Filling up the DagBag from /usr/local/python/3.10.13/lib/python3.10/site-packages/airflow/example_dags/example_sensors.py
[2024-05-24T15:02:03.597+0000] {processor.py:840} INFO - DAG(s) 'example_sensors' retrieved from /usr/local/python/3.10.13/lib/python3.10/site-packages/airflow/example_dags/example_sensors.py
[2024-05-24T15:02:03.613+0000] {logging_mixin.py:188} INFO - [2024-05-24T15:02:03.613+0000] {dag.py:3096} INFO - Sync 1 DAGs
[2024-05-24T15:02:03.622+0000] {logging_mixin.py:188} INFO - [2024-05-24T15:02:03.622+0000] {dag.py:3954} INFO - Setting next_dagrun for example_sensors to None, run_after=None
[2024-05-24T15:02:03.663+0000] {processor.py:183} INFO - Processing /usr/local/python/3.10.13/lib/python3.10/site-packages/airflow/example_dags/example_sensors.py took 0.079 seconds
[2024-05-24T15:03:02.432+0000] {processor.py:161} INFO - Started process (PID=69249) to work on /usr/local/python/3.10.13/lib/python3.10/site-packages/airflow/example_dags/example_sensors.py
[2024-05-24T15:03:02.433+0000] {processor.py:830} INFO - Processing file /usr/local/python/3.10.13/lib/python3.10/site-packages/airflow/example_dags/example_sensors.py for tasks to queue
[2024-05-24T15:03:02.434+0000] {logging_mixin.py:188} INFO - [2024-05-24T15:03:02.433+0000] {dagbag.py:545} INFO - Filling up the DagBag from /usr/local/python/3.10.13/lib/python3.10/site-packages/airflow/example_dags/example_sensors.py
[2024-05-24T15:03:02.441+0000] {processor.py:840} INFO - DAG(s) 'example_sensors' retrieved from /usr/local/python/3.10.13/lib/python3.10/site-packages/airflow/example_dags/example_sensors.py
[2024-05-24T15:03:02.461+0000] {logging_mixin.py:188} INFO - [2024-05-24T15:03:02.461+0000] {dag.py:3096} INFO - Sync 1 DAGs
[2024-05-24T15:03:02.475+0000] {logging_mixin.py:188} INFO - [2024-05-24T15:03:02.475+0000] {dag.py:3954} INFO - Setting next_dagrun for example_sensors to None, run_after=None
[2024-05-24T15:03:02.532+0000] {processor.py:183} INFO - Processing /usr/local/python/3.10.13/lib/python3.10/site-packages/airflow/example_dags/example_sensors.py took 0.104 seconds
[2024-05-24T15:03:44.487+0000] {processor.py:161} INFO - Started process (PID=69561) to work on /usr/local/python/3.10.13/lib/python3.10/site-packages/airflow/example_dags/example_sensors.py
[2024-05-24T15:03:44.487+0000] {processor.py:830} INFO - Processing file /usr/local/python/3.10.13/lib/python3.10/site-packages/airflow/example_dags/example_sensors.py for tasks to queue
[2024-05-24T15:03:44.489+0000] {logging_mixin.py:188} INFO - [2024-05-24T15:03:44.488+0000] {dagbag.py:545} INFO - Filling up the DagBag from /usr/local/python/3.10.13/lib/python3.10/site-packages/airflow/example_dags/example_sensors.py
[2024-05-24T15:03:44.496+0000] {processor.py:840} INFO - DAG(s) 'example_sensors' retrieved from /usr/local/python/3.10.13/lib/python3.10/site-packages/airflow/example_dags/example_sensors.py
[2024-05-24T15:03:44.512+0000] {logging_mixin.py:188} INFO - [2024-05-24T15:03:44.512+0000] {dag.py:3096} INFO - Sync 1 DAGs
[2024-05-24T15:03:44.521+0000] {logging_mixin.py:188} INFO - [2024-05-24T15:03:44.520+0000] {dag.py:3954} INFO - Setting next_dagrun for example_sensors to None, run_after=None
[2024-05-24T15:03:44.558+0000] {processor.py:183} INFO - Processing /usr/local/python/3.10.13/lib/python3.10/site-packages/airflow/example_dags/example_sensors.py took 0.076 seconds
[2024-05-24T15:04:26.953+0000] {processor.py:161} INFO - Started process (PID=69872) to work on /usr/local/python/3.10.13/lib/python3.10/site-packages/airflow/example_dags/example_sensors.py
[2024-05-24T15:04:26.953+0000] {processor.py:830} INFO - Processing file /usr/local/python/3.10.13/lib/python3.10/site-packages/airflow/example_dags/example_sensors.py for tasks to queue
[2024-05-24T15:04:26.955+0000] {logging_mixin.py:188} INFO - [2024-05-24T15:04:26.954+0000] {dagbag.py:545} INFO - Filling up the DagBag from /usr/local/python/3.10.13/lib/python3.10/site-packages/airflow/example_dags/example_sensors.py
[2024-05-24T15:04:26.961+0000] {processor.py:840} INFO - DAG(s) 'example_sensors' retrieved from /usr/local/python/3.10.13/lib/python3.10/site-packages/airflow/example_dags/example_sensors.py
[2024-05-24T15:04:26.977+0000] {logging_mixin.py:188} INFO - [2024-05-24T15:04:26.977+0000] {dag.py:3096} INFO - Sync 1 DAGs
[2024-05-24T15:04:26.986+0000] {logging_mixin.py:188} INFO - [2024-05-24T15:04:26.986+0000] {dag.py:3954} INFO - Setting next_dagrun for example_sensors to None, run_after=None
[2024-05-24T15:04:27.024+0000] {processor.py:183} INFO - Processing /usr/local/python/3.10.13/lib/python3.10/site-packages/airflow/example_dags/example_sensors.py took 0.075 seconds
[2024-05-24T15:05:10.313+0000] {processor.py:161} INFO - Started process (PID=70198) to work on /usr/local/python/3.10.13/lib/python3.10/site-packages/airflow/example_dags/example_sensors.py
[2024-05-24T15:05:10.314+0000] {processor.py:830} INFO - Processing file /usr/local/python/3.10.13/lib/python3.10/site-packages/airflow/example_dags/example_sensors.py for tasks to queue
[2024-05-24T15:05:10.315+0000] {logging_mixin.py:188} INFO - [2024-05-24T15:05:10.315+0000] {dagbag.py:545} INFO - Filling up the DagBag from /usr/local/python/3.10.13/lib/python3.10/site-packages/airflow/example_dags/example_sensors.py
[2024-05-24T15:05:10.322+0000] {processor.py:840} INFO - DAG(s) 'example_sensors' retrieved from /usr/local/python/3.10.13/lib/python3.10/site-packages/airflow/example_dags/example_sensors.py
[2024-05-24T15:05:10.339+0000] {logging_mixin.py:188} INFO - [2024-05-24T15:05:10.339+0000] {dag.py:3096} INFO - Sync 1 DAGs
[2024-05-24T15:05:10.348+0000] {logging_mixin.py:188} INFO - [2024-05-24T15:05:10.348+0000] {dag.py:3954} INFO - Setting next_dagrun for example_sensors to None, run_after=None
[2024-05-24T15:05:10.387+0000] {processor.py:183} INFO - Processing /usr/local/python/3.10.13/lib/python3.10/site-packages/airflow/example_dags/example_sensors.py took 0.078 seconds
[2024-05-24T15:05:55.378+0000] {processor.py:161} INFO - Started process (PID=70550) to work on /usr/local/python/3.10.13/lib/python3.10/site-packages/airflow/example_dags/example_sensors.py
[2024-05-24T15:05:55.379+0000] {processor.py:830} INFO - Processing file /usr/local/python/3.10.13/lib/python3.10/site-packages/airflow/example_dags/example_sensors.py for tasks to queue
[2024-05-24T15:05:55.380+0000] {logging_mixin.py:188} INFO - [2024-05-24T15:05:55.380+0000] {dagbag.py:545} INFO - Filling up the DagBag from /usr/local/python/3.10.13/lib/python3.10/site-packages/airflow/example_dags/example_sensors.py
[2024-05-24T15:05:55.388+0000] {processor.py:840} INFO - DAG(s) 'example_sensors' retrieved from /usr/local/python/3.10.13/lib/python3.10/site-packages/airflow/example_dags/example_sensors.py
[2024-05-24T15:05:55.404+0000] {logging_mixin.py:188} INFO - [2024-05-24T15:05:55.404+0000] {dag.py:3096} INFO - Sync 1 DAGs
[2024-05-24T15:05:55.412+0000] {logging_mixin.py:188} INFO - [2024-05-24T15:05:55.412+0000] {dag.py:3954} INFO - Setting next_dagrun for example_sensors to None, run_after=None
[2024-05-24T15:05:55.454+0000] {processor.py:183} INFO - Processing /usr/local/python/3.10.13/lib/python3.10/site-packages/airflow/example_dags/example_sensors.py took 0.080 seconds
[2024-05-24T15:06:38.606+0000] {processor.py:161} INFO - Started process (PID=70869) to work on /usr/local/python/3.10.13/lib/python3.10/site-packages/airflow/example_dags/example_sensors.py
[2024-05-24T15:06:38.607+0000] {processor.py:830} INFO - Processing file /usr/local/python/3.10.13/lib/python3.10/site-packages/airflow/example_dags/example_sensors.py for tasks to queue
[2024-05-24T15:06:38.608+0000] {logging_mixin.py:188} INFO - [2024-05-24T15:06:38.608+0000] {dagbag.py:545} INFO - Filling up the DagBag from /usr/local/python/3.10.13/lib/python3.10/site-packages/airflow/example_dags/example_sensors.py
[2024-05-24T15:06:38.616+0000] {processor.py:840} INFO - DAG(s) 'example_sensors' retrieved from /usr/local/python/3.10.13/lib/python3.10/site-packages/airflow/example_dags/example_sensors.py
[2024-05-24T15:06:38.632+0000] {logging_mixin.py:188} INFO - [2024-05-24T15:06:38.632+0000] {dag.py:3096} INFO - Sync 1 DAGs
[2024-05-24T15:06:38.642+0000] {logging_mixin.py:188} INFO - [2024-05-24T15:06:38.642+0000] {dag.py:3954} INFO - Setting next_dagrun for example_sensors to None, run_after=None
[2024-05-24T15:06:38.679+0000] {processor.py:183} INFO - Processing /usr/local/python/3.10.13/lib/python3.10/site-packages/airflow/example_dags/example_sensors.py took 0.077 seconds
[2024-05-24T15:07:21.485+0000] {processor.py:161} INFO - Started process (PID=71191) to work on /usr/local/python/3.10.13/lib/python3.10/site-packages/airflow/example_dags/example_sensors.py
[2024-05-24T15:07:21.486+0000] {processor.py:830} INFO - Processing file /usr/local/python/3.10.13/lib/python3.10/site-packages/airflow/example_dags/example_sensors.py for tasks to queue
[2024-05-24T15:07:21.487+0000] {logging_mixin.py:188} INFO - [2024-05-24T15:07:21.487+0000] {dagbag.py:545} INFO - Filling up the DagBag from /usr/local/python/3.10.13/lib/python3.10/site-packages/airflow/example_dags/example_sensors.py
[2024-05-24T15:07:21.495+0000] {processor.py:840} INFO - DAG(s) 'example_sensors' retrieved from /usr/local/python/3.10.13/lib/python3.10/site-packages/airflow/example_dags/example_sensors.py
[2024-05-24T15:07:21.511+0000] {logging_mixin.py:188} INFO - [2024-05-24T15:07:21.511+0000] {dag.py:3096} INFO - Sync 1 DAGs
[2024-05-24T15:07:21.520+0000] {logging_mixin.py:188} INFO - [2024-05-24T15:07:21.520+0000] {dag.py:3954} INFO - Setting next_dagrun for example_sensors to None, run_after=None
[2024-05-24T15:07:21.558+0000] {processor.py:183} INFO - Processing /usr/local/python/3.10.13/lib/python3.10/site-packages/airflow/example_dags/example_sensors.py took 0.078 seconds
[2024-05-24T15:08:06.702+0000] {processor.py:161} INFO - Started process (PID=71517) to work on /usr/local/python/3.10.13/lib/python3.10/site-packages/airflow/example_dags/example_sensors.py
[2024-05-24T15:08:06.703+0000] {processor.py:830} INFO - Processing file /usr/local/python/3.10.13/lib/python3.10/site-packages/airflow/example_dags/example_sensors.py for tasks to queue
[2024-05-24T15:08:06.704+0000] {logging_mixin.py:188} INFO - [2024-05-24T15:08:06.704+0000] {dagbag.py:545} INFO - Filling up the DagBag from /usr/local/python/3.10.13/lib/python3.10/site-packages/airflow/example_dags/example_sensors.py
[2024-05-24T15:08:06.711+0000] {processor.py:840} INFO - DAG(s) 'example_sensors' retrieved from /usr/local/python/3.10.13/lib/python3.10/site-packages/airflow/example_dags/example_sensors.py
[2024-05-24T15:08:06.728+0000] {logging_mixin.py:188} INFO - [2024-05-24T15:08:06.728+0000] {dag.py:3096} INFO - Sync 1 DAGs
[2024-05-24T15:08:06.737+0000] {logging_mixin.py:188} INFO - [2024-05-24T15:08:06.737+0000] {dag.py:3954} INFO - Setting next_dagrun for example_sensors to None, run_after=None
[2024-05-24T15:08:06.786+0000] {processor.py:183} INFO - Processing /usr/local/python/3.10.13/lib/python3.10/site-packages/airflow/example_dags/example_sensors.py took 0.089 seconds
[2024-05-24T15:08:48.443+0000] {processor.py:161} INFO - Started process (PID=71853) to work on /usr/local/python/3.10.13/lib/python3.10/site-packages/airflow/example_dags/example_sensors.py
[2024-05-24T15:08:48.444+0000] {processor.py:830} INFO - Processing file /usr/local/python/3.10.13/lib/python3.10/site-packages/airflow/example_dags/example_sensors.py for tasks to queue
[2024-05-24T15:08:48.445+0000] {logging_mixin.py:188} INFO - [2024-05-24T15:08:48.445+0000] {dagbag.py:545} INFO - Filling up the DagBag from /usr/local/python/3.10.13/lib/python3.10/site-packages/airflow/example_dags/example_sensors.py
[2024-05-24T15:08:48.452+0000] {processor.py:840} INFO - DAG(s) 'example_sensors' retrieved from /usr/local/python/3.10.13/lib/python3.10/site-packages/airflow/example_dags/example_sensors.py
[2024-05-24T15:08:48.470+0000] {logging_mixin.py:188} INFO - [2024-05-24T15:08:48.470+0000] {dag.py:3096} INFO - Sync 1 DAGs
[2024-05-24T15:08:48.479+0000] {logging_mixin.py:188} INFO - [2024-05-24T15:08:48.479+0000] {dag.py:3954} INFO - Setting next_dagrun for example_sensors to None, run_after=None
[2024-05-24T15:08:48.516+0000] {processor.py:183} INFO - Processing /usr/local/python/3.10.13/lib/python3.10/site-packages/airflow/example_dags/example_sensors.py took 0.078 seconds
[2024-05-24T15:09:50.270+0000] {processor.py:161} INFO - Started process (PID=72309) to work on /usr/local/python/3.10.13/lib/python3.10/site-packages/airflow/example_dags/example_sensors.py
[2024-05-24T15:09:50.271+0000] {processor.py:830} INFO - Processing file /usr/local/python/3.10.13/lib/python3.10/site-packages/airflow/example_dags/example_sensors.py for tasks to queue
[2024-05-24T15:09:50.272+0000] {logging_mixin.py:188} INFO - [2024-05-24T15:09:50.272+0000] {dagbag.py:545} INFO - Filling up the DagBag from /usr/local/python/3.10.13/lib/python3.10/site-packages/airflow/example_dags/example_sensors.py
[2024-05-24T15:09:50.280+0000] {processor.py:840} INFO - DAG(s) 'example_sensors' retrieved from /usr/local/python/3.10.13/lib/python3.10/site-packages/airflow/example_dags/example_sensors.py
[2024-05-24T15:09:50.296+0000] {logging_mixin.py:188} INFO - [2024-05-24T15:09:50.295+0000] {dag.py:3096} INFO - Sync 1 DAGs
[2024-05-24T15:09:50.305+0000] {logging_mixin.py:188} INFO - [2024-05-24T15:09:50.305+0000] {dag.py:3954} INFO - Setting next_dagrun for example_sensors to None, run_after=None
[2024-05-24T15:09:50.344+0000] {processor.py:183} INFO - Processing /usr/local/python/3.10.13/lib/python3.10/site-packages/airflow/example_dags/example_sensors.py took 0.078 seconds
[2024-05-24T15:10:48.910+0000] {processor.py:161} INFO - Started process (PID=72730) to work on /usr/local/python/3.10.13/lib/python3.10/site-packages/airflow/example_dags/example_sensors.py
[2024-05-24T15:10:48.910+0000] {processor.py:830} INFO - Processing file /usr/local/python/3.10.13/lib/python3.10/site-packages/airflow/example_dags/example_sensors.py for tasks to queue
[2024-05-24T15:10:48.912+0000] {logging_mixin.py:188} INFO - [2024-05-24T15:10:48.911+0000] {dagbag.py:545} INFO - Filling up the DagBag from /usr/local/python/3.10.13/lib/python3.10/site-packages/airflow/example_dags/example_sensors.py
[2024-05-24T15:10:48.919+0000] {processor.py:840} INFO - DAG(s) 'example_sensors' retrieved from /usr/local/python/3.10.13/lib/python3.10/site-packages/airflow/example_dags/example_sensors.py
[2024-05-24T15:10:48.936+0000] {logging_mixin.py:188} INFO - [2024-05-24T15:10:48.936+0000] {dag.py:3096} INFO - Sync 1 DAGs
[2024-05-24T15:10:48.945+0000] {logging_mixin.py:188} INFO - [2024-05-24T15:10:48.945+0000] {dag.py:3954} INFO - Setting next_dagrun for example_sensors to None, run_after=None
[2024-05-24T15:10:48.992+0000] {processor.py:183} INFO - Processing /usr/local/python/3.10.13/lib/python3.10/site-packages/airflow/example_dags/example_sensors.py took 0.087 seconds
[2024-05-24T15:11:50.956+0000] {processor.py:161} INFO - Started process (PID=73202) to work on /usr/local/python/3.10.13/lib/python3.10/site-packages/airflow/example_dags/example_sensors.py
[2024-05-24T15:11:50.957+0000] {processor.py:830} INFO - Processing file /usr/local/python/3.10.13/lib/python3.10/site-packages/airflow/example_dags/example_sensors.py for tasks to queue
[2024-05-24T15:11:50.959+0000] {logging_mixin.py:188} INFO - [2024-05-24T15:11:50.958+0000] {dagbag.py:545} INFO - Filling up the DagBag from /usr/local/python/3.10.13/lib/python3.10/site-packages/airflow/example_dags/example_sensors.py
[2024-05-24T15:11:50.971+0000] {processor.py:840} INFO - DAG(s) 'example_sensors' retrieved from /usr/local/python/3.10.13/lib/python3.10/site-packages/airflow/example_dags/example_sensors.py
[2024-05-24T15:11:51.006+0000] {logging_mixin.py:188} INFO - [2024-05-24T15:11:51.005+0000] {dag.py:3096} INFO - Sync 1 DAGs
[2024-05-24T15:11:51.019+0000] {logging_mixin.py:188} INFO - [2024-05-24T15:11:51.019+0000] {dag.py:3954} INFO - Setting next_dagrun for example_sensors to None, run_after=None
[2024-05-24T15:11:51.084+0000] {processor.py:183} INFO - Processing /usr/local/python/3.10.13/lib/python3.10/site-packages/airflow/example_dags/example_sensors.py took 0.135 seconds
[2024-05-24T15:12:30.911+0000] {processor.py:161} INFO - Started process (PID=73501) to work on /usr/local/python/3.10.13/lib/python3.10/site-packages/airflow/example_dags/example_sensors.py
[2024-05-24T15:12:30.912+0000] {processor.py:830} INFO - Processing file /usr/local/python/3.10.13/lib/python3.10/site-packages/airflow/example_dags/example_sensors.py for tasks to queue
[2024-05-24T15:12:30.913+0000] {logging_mixin.py:188} INFO - [2024-05-24T15:12:30.913+0000] {dagbag.py:545} INFO - Filling up the DagBag from /usr/local/python/3.10.13/lib/python3.10/site-packages/airflow/example_dags/example_sensors.py
[2024-05-24T15:12:30.921+0000] {processor.py:840} INFO - DAG(s) 'example_sensors' retrieved from /usr/local/python/3.10.13/lib/python3.10/site-packages/airflow/example_dags/example_sensors.py
[2024-05-24T15:12:30.938+0000] {logging_mixin.py:188} INFO - [2024-05-24T15:12:30.937+0000] {dag.py:3096} INFO - Sync 1 DAGs
[2024-05-24T15:12:30.946+0000] {logging_mixin.py:188} INFO - [2024-05-24T15:12:30.946+0000] {dag.py:3954} INFO - Setting next_dagrun for example_sensors to None, run_after=None
[2024-05-24T15:12:30.984+0000] {processor.py:183} INFO - Processing /usr/local/python/3.10.13/lib/python3.10/site-packages/airflow/example_dags/example_sensors.py took 0.078 seconds
[2024-05-24T15:13:31.490+0000] {processor.py:161} INFO - Started process (PID=73956) to work on /usr/local/python/3.10.13/lib/python3.10/site-packages/airflow/example_dags/example_sensors.py
[2024-05-24T15:13:31.491+0000] {processor.py:830} INFO - Processing file /usr/local/python/3.10.13/lib/python3.10/site-packages/airflow/example_dags/example_sensors.py for tasks to queue
[2024-05-24T15:13:31.492+0000] {logging_mixin.py:188} INFO - [2024-05-24T15:13:31.492+0000] {dagbag.py:545} INFO - Filling up the DagBag from /usr/local/python/3.10.13/lib/python3.10/site-packages/airflow/example_dags/example_sensors.py
[2024-05-24T15:13:31.499+0000] {processor.py:840} INFO - DAG(s) 'example_sensors' retrieved from /usr/local/python/3.10.13/lib/python3.10/site-packages/airflow/example_dags/example_sensors.py
[2024-05-24T15:13:31.515+0000] {logging_mixin.py:188} INFO - [2024-05-24T15:13:31.515+0000] {dag.py:3096} INFO - Sync 1 DAGs
[2024-05-24T15:13:31.524+0000] {logging_mixin.py:188} INFO - [2024-05-24T15:13:31.524+0000] {dag.py:3954} INFO - Setting next_dagrun for example_sensors to None, run_after=None
[2024-05-24T15:13:31.563+0000] {processor.py:183} INFO - Processing /usr/local/python/3.10.13/lib/python3.10/site-packages/airflow/example_dags/example_sensors.py took 0.078 seconds
[2024-05-24T15:14:32.475+0000] {processor.py:161} INFO - Started process (PID=74419) to work on /usr/local/python/3.10.13/lib/python3.10/site-packages/airflow/example_dags/example_sensors.py
[2024-05-24T15:14:32.475+0000] {processor.py:830} INFO - Processing file /usr/local/python/3.10.13/lib/python3.10/site-packages/airflow/example_dags/example_sensors.py for tasks to queue
[2024-05-24T15:14:32.477+0000] {logging_mixin.py:188} INFO - [2024-05-24T15:14:32.476+0000] {dagbag.py:545} INFO - Filling up the DagBag from /usr/local/python/3.10.13/lib/python3.10/site-packages/airflow/example_dags/example_sensors.py
[2024-05-24T15:14:32.485+0000] {processor.py:840} INFO - DAG(s) 'example_sensors' retrieved from /usr/local/python/3.10.13/lib/python3.10/site-packages/airflow/example_dags/example_sensors.py
[2024-05-24T15:14:32.512+0000] {logging_mixin.py:188} INFO - [2024-05-24T15:14:32.512+0000] {dag.py:3096} INFO - Sync 1 DAGs
[2024-05-24T15:14:32.526+0000] {logging_mixin.py:188} INFO - [2024-05-24T15:14:32.526+0000] {dag.py:3954} INFO - Setting next_dagrun for example_sensors to None, run_after=None
[2024-05-24T15:14:32.571+0000] {processor.py:183} INFO - Processing /usr/local/python/3.10.13/lib/python3.10/site-packages/airflow/example_dags/example_sensors.py took 0.101 seconds
[2024-05-24T15:15:31.933+0000] {processor.py:161} INFO - Started process (PID=74870) to work on /usr/local/python/3.10.13/lib/python3.10/site-packages/airflow/example_dags/example_sensors.py
[2024-05-24T15:15:31.933+0000] {processor.py:830} INFO - Processing file /usr/local/python/3.10.13/lib/python3.10/site-packages/airflow/example_dags/example_sensors.py for tasks to queue
[2024-05-24T15:15:31.935+0000] {logging_mixin.py:188} INFO - [2024-05-24T15:15:31.934+0000] {dagbag.py:545} INFO - Filling up the DagBag from /usr/local/python/3.10.13/lib/python3.10/site-packages/airflow/example_dags/example_sensors.py
[2024-05-24T15:15:31.942+0000] {processor.py:840} INFO - DAG(s) 'example_sensors' retrieved from /usr/local/python/3.10.13/lib/python3.10/site-packages/airflow/example_dags/example_sensors.py
[2024-05-24T15:15:31.958+0000] {logging_mixin.py:188} INFO - [2024-05-24T15:15:31.958+0000] {dag.py:3096} INFO - Sync 1 DAGs
[2024-05-24T15:15:31.968+0000] {logging_mixin.py:188} INFO - [2024-05-24T15:15:31.967+0000] {dag.py:3954} INFO - Setting next_dagrun for example_sensors to None, run_after=None
[2024-05-24T15:15:32.021+0000] {processor.py:183} INFO - Processing /usr/local/python/3.10.13/lib/python3.10/site-packages/airflow/example_dags/example_sensors.py took 0.093 seconds
[2024-05-24T15:16:30.563+0000] {processor.py:161} INFO - Started process (PID=75311) to work on /usr/local/python/3.10.13/lib/python3.10/site-packages/airflow/example_dags/example_sensors.py
[2024-05-24T15:16:30.564+0000] {processor.py:830} INFO - Processing file /usr/local/python/3.10.13/lib/python3.10/site-packages/airflow/example_dags/example_sensors.py for tasks to queue
[2024-05-24T15:16:30.565+0000] {logging_mixin.py:188} INFO - [2024-05-24T15:16:30.565+0000] {dagbag.py:545} INFO - Filling up the DagBag from /usr/local/python/3.10.13/lib/python3.10/site-packages/airflow/example_dags/example_sensors.py
[2024-05-24T15:16:30.573+0000] {processor.py:840} INFO - DAG(s) 'example_sensors' retrieved from /usr/local/python/3.10.13/lib/python3.10/site-packages/airflow/example_dags/example_sensors.py
[2024-05-24T15:16:30.589+0000] {logging_mixin.py:188} INFO - [2024-05-24T15:16:30.589+0000] {dag.py:3096} INFO - Sync 1 DAGs
[2024-05-24T15:16:30.598+0000] {logging_mixin.py:188} INFO - [2024-05-24T15:16:30.598+0000] {dag.py:3954} INFO - Setting next_dagrun for example_sensors to None, run_after=None
[2024-05-24T15:16:30.637+0000] {processor.py:183} INFO - Processing /usr/local/python/3.10.13/lib/python3.10/site-packages/airflow/example_dags/example_sensors.py took 0.078 seconds
[2024-05-24T15:17:30.127+0000] {processor.py:161} INFO - Started process (PID=75765) to work on /usr/local/python/3.10.13/lib/python3.10/site-packages/airflow/example_dags/example_sensors.py
[2024-05-24T15:17:30.128+0000] {processor.py:830} INFO - Processing file /usr/local/python/3.10.13/lib/python3.10/site-packages/airflow/example_dags/example_sensors.py for tasks to queue
[2024-05-24T15:17:30.129+0000] {logging_mixin.py:188} INFO - [2024-05-24T15:17:30.129+0000] {dagbag.py:545} INFO - Filling up the DagBag from /usr/local/python/3.10.13/lib/python3.10/site-packages/airflow/example_dags/example_sensors.py
[2024-05-24T15:17:30.137+0000] {processor.py:840} INFO - DAG(s) 'example_sensors' retrieved from /usr/local/python/3.10.13/lib/python3.10/site-packages/airflow/example_dags/example_sensors.py
[2024-05-24T15:17:30.154+0000] {logging_mixin.py:188} INFO - [2024-05-24T15:17:30.153+0000] {dag.py:3096} INFO - Sync 1 DAGs
[2024-05-24T15:17:30.162+0000] {logging_mixin.py:188} INFO - [2024-05-24T15:17:30.162+0000] {dag.py:3954} INFO - Setting next_dagrun for example_sensors to None, run_after=None
[2024-05-24T15:17:30.200+0000] {processor.py:183} INFO - Processing /usr/local/python/3.10.13/lib/python3.10/site-packages/airflow/example_dags/example_sensors.py took 0.077 seconds
[2024-05-24T15:18:27.089+0000] {processor.py:161} INFO - Started process (PID=76178) to work on /usr/local/python/3.10.13/lib/python3.10/site-packages/airflow/example_dags/example_sensors.py
[2024-05-24T15:18:27.090+0000] {processor.py:830} INFO - Processing file /usr/local/python/3.10.13/lib/python3.10/site-packages/airflow/example_dags/example_sensors.py for tasks to queue
[2024-05-24T15:18:27.091+0000] {logging_mixin.py:188} INFO - [2024-05-24T15:18:27.091+0000] {dagbag.py:545} INFO - Filling up the DagBag from /usr/local/python/3.10.13/lib/python3.10/site-packages/airflow/example_dags/example_sensors.py
[2024-05-24T15:18:27.098+0000] {processor.py:840} INFO - DAG(s) 'example_sensors' retrieved from /usr/local/python/3.10.13/lib/python3.10/site-packages/airflow/example_dags/example_sensors.py
[2024-05-24T15:18:27.120+0000] {logging_mixin.py:188} INFO - [2024-05-24T15:18:27.119+0000] {dag.py:3096} INFO - Sync 1 DAGs
[2024-05-24T15:18:27.133+0000] {logging_mixin.py:188} INFO - [2024-05-24T15:18:27.133+0000] {dag.py:3954} INFO - Setting next_dagrun for example_sensors to None, run_after=None
[2024-05-24T15:18:27.191+0000] {processor.py:183} INFO - Processing /usr/local/python/3.10.13/lib/python3.10/site-packages/airflow/example_dags/example_sensors.py took 0.107 seconds
[2024-05-24T15:19:11.432+0000] {processor.py:161} INFO - Started process (PID=76525) to work on /usr/local/python/3.10.13/lib/python3.10/site-packages/airflow/example_dags/example_sensors.py
[2024-05-24T15:19:11.433+0000] {processor.py:830} INFO - Processing file /usr/local/python/3.10.13/lib/python3.10/site-packages/airflow/example_dags/example_sensors.py for tasks to queue
[2024-05-24T15:19:11.434+0000] {logging_mixin.py:188} INFO - [2024-05-24T15:19:11.434+0000] {dagbag.py:545} INFO - Filling up the DagBag from /usr/local/python/3.10.13/lib/python3.10/site-packages/airflow/example_dags/example_sensors.py
[2024-05-24T15:19:11.441+0000] {processor.py:840} INFO - DAG(s) 'example_sensors' retrieved from /usr/local/python/3.10.13/lib/python3.10/site-packages/airflow/example_dags/example_sensors.py
[2024-05-24T15:19:11.459+0000] {logging_mixin.py:188} INFO - [2024-05-24T15:19:11.459+0000] {dag.py:3096} INFO - Sync 1 DAGs
[2024-05-24T15:19:11.468+0000] {logging_mixin.py:188} INFO - [2024-05-24T15:19:11.468+0000] {dag.py:3954} INFO - Setting next_dagrun for example_sensors to None, run_after=None
[2024-05-24T15:19:11.509+0000] {processor.py:183} INFO - Processing /usr/local/python/3.10.13/lib/python3.10/site-packages/airflow/example_dags/example_sensors.py took 0.082 seconds
[2024-05-24T15:19:54.133+0000] {processor.py:161} INFO - Started process (PID=76840) to work on /usr/local/python/3.10.13/lib/python3.10/site-packages/airflow/example_dags/example_sensors.py
[2024-05-24T15:19:54.133+0000] {processor.py:830} INFO - Processing file /usr/local/python/3.10.13/lib/python3.10/site-packages/airflow/example_dags/example_sensors.py for tasks to queue
[2024-05-24T15:19:54.134+0000] {logging_mixin.py:188} INFO - [2024-05-24T15:19:54.134+0000] {dagbag.py:545} INFO - Filling up the DagBag from /usr/local/python/3.10.13/lib/python3.10/site-packages/airflow/example_dags/example_sensors.py
[2024-05-24T15:19:54.142+0000] {processor.py:840} INFO - DAG(s) 'example_sensors' retrieved from /usr/local/python/3.10.13/lib/python3.10/site-packages/airflow/example_dags/example_sensors.py
[2024-05-24T15:19:54.158+0000] {logging_mixin.py:188} INFO - [2024-05-24T15:19:54.158+0000] {dag.py:3096} INFO - Sync 1 DAGs
[2024-05-24T15:19:54.167+0000] {logging_mixin.py:188} INFO - [2024-05-24T15:19:54.167+0000] {dag.py:3954} INFO - Setting next_dagrun for example_sensors to None, run_after=None
[2024-05-24T15:19:54.205+0000] {processor.py:183} INFO - Processing /usr/local/python/3.10.13/lib/python3.10/site-packages/airflow/example_dags/example_sensors.py took 0.077 seconds
[2024-05-24T15:20:35.600+0000] {processor.py:161} INFO - Started process (PID=77148) to work on /usr/local/python/3.10.13/lib/python3.10/site-packages/airflow/example_dags/example_sensors.py
[2024-05-24T15:20:35.601+0000] {processor.py:830} INFO - Processing file /usr/local/python/3.10.13/lib/python3.10/site-packages/airflow/example_dags/example_sensors.py for tasks to queue
[2024-05-24T15:20:35.602+0000] {logging_mixin.py:188} INFO - [2024-05-24T15:20:35.601+0000] {dagbag.py:545} INFO - Filling up the DagBag from /usr/local/python/3.10.13/lib/python3.10/site-packages/airflow/example_dags/example_sensors.py
[2024-05-24T15:20:35.609+0000] {processor.py:840} INFO - DAG(s) 'example_sensors' retrieved from /usr/local/python/3.10.13/lib/python3.10/site-packages/airflow/example_dags/example_sensors.py
[2024-05-24T15:20:35.625+0000] {logging_mixin.py:188} INFO - [2024-05-24T15:20:35.625+0000] {dag.py:3096} INFO - Sync 1 DAGs
[2024-05-24T15:20:35.634+0000] {logging_mixin.py:188} INFO - [2024-05-24T15:20:35.634+0000] {dag.py:3954} INFO - Setting next_dagrun for example_sensors to None, run_after=None
[2024-05-24T15:20:35.679+0000] {processor.py:183} INFO - Processing /usr/local/python/3.10.13/lib/python3.10/site-packages/airflow/example_dags/example_sensors.py took 0.084 seconds
[2024-05-24T15:21:37.546+0000] {processor.py:161} INFO - Started process (PID=77607) to work on /usr/local/python/3.10.13/lib/python3.10/site-packages/airflow/example_dags/example_sensors.py
[2024-05-24T15:21:37.546+0000] {processor.py:830} INFO - Processing file /usr/local/python/3.10.13/lib/python3.10/site-packages/airflow/example_dags/example_sensors.py for tasks to queue
[2024-05-24T15:21:37.547+0000] {logging_mixin.py:188} INFO - [2024-05-24T15:21:37.547+0000] {dagbag.py:545} INFO - Filling up the DagBag from /usr/local/python/3.10.13/lib/python3.10/site-packages/airflow/example_dags/example_sensors.py
[2024-05-24T15:21:37.554+0000] {processor.py:840} INFO - DAG(s) 'example_sensors' retrieved from /usr/local/python/3.10.13/lib/python3.10/site-packages/airflow/example_dags/example_sensors.py
[2024-05-24T15:21:37.571+0000] {logging_mixin.py:188} INFO - [2024-05-24T15:21:37.570+0000] {dag.py:3096} INFO - Sync 1 DAGs
[2024-05-24T15:21:37.579+0000] {logging_mixin.py:188} INFO - [2024-05-24T15:21:37.579+0000] {dag.py:3954} INFO - Setting next_dagrun for example_sensors to None, run_after=None
[2024-05-24T15:21:37.618+0000] {processor.py:183} INFO - Processing /usr/local/python/3.10.13/lib/python3.10/site-packages/airflow/example_dags/example_sensors.py took 0.077 seconds
[2024-05-24T15:22:19.926+0000] {processor.py:161} INFO - Started process (PID=77927) to work on /usr/local/python/3.10.13/lib/python3.10/site-packages/airflow/example_dags/example_sensors.py
[2024-05-24T15:22:19.927+0000] {processor.py:830} INFO - Processing file /usr/local/python/3.10.13/lib/python3.10/site-packages/airflow/example_dags/example_sensors.py for tasks to queue
[2024-05-24T15:22:19.928+0000] {logging_mixin.py:188} INFO - [2024-05-24T15:22:19.928+0000] {dagbag.py:545} INFO - Filling up the DagBag from /usr/local/python/3.10.13/lib/python3.10/site-packages/airflow/example_dags/example_sensors.py
[2024-05-24T15:22:19.936+0000] {processor.py:840} INFO - DAG(s) 'example_sensors' retrieved from /usr/local/python/3.10.13/lib/python3.10/site-packages/airflow/example_dags/example_sensors.py
[2024-05-24T15:22:19.952+0000] {logging_mixin.py:188} INFO - [2024-05-24T15:22:19.952+0000] {dag.py:3096} INFO - Sync 1 DAGs
[2024-05-24T15:22:19.961+0000] {logging_mixin.py:188} INFO - [2024-05-24T15:22:19.961+0000] {dag.py:3954} INFO - Setting next_dagrun for example_sensors to None, run_after=None
[2024-05-24T15:22:19.999+0000] {processor.py:183} INFO - Processing /usr/local/python/3.10.13/lib/python3.10/site-packages/airflow/example_dags/example_sensors.py took 0.079 seconds
[2024-05-24T15:23:02.383+0000] {processor.py:161} INFO - Started process (PID=78243) to work on /usr/local/python/3.10.13/lib/python3.10/site-packages/airflow/example_dags/example_sensors.py
[2024-05-24T15:23:02.384+0000] {processor.py:830} INFO - Processing file /usr/local/python/3.10.13/lib/python3.10/site-packages/airflow/example_dags/example_sensors.py for tasks to queue
[2024-05-24T15:23:02.385+0000] {logging_mixin.py:188} INFO - [2024-05-24T15:23:02.385+0000] {dagbag.py:545} INFO - Filling up the DagBag from /usr/local/python/3.10.13/lib/python3.10/site-packages/airflow/example_dags/example_sensors.py
[2024-05-24T15:23:02.392+0000] {processor.py:840} INFO - DAG(s) 'example_sensors' retrieved from /usr/local/python/3.10.13/lib/python3.10/site-packages/airflow/example_dags/example_sensors.py
[2024-05-24T15:23:02.409+0000] {logging_mixin.py:188} INFO - [2024-05-24T15:23:02.409+0000] {dag.py:3096} INFO - Sync 1 DAGs
[2024-05-24T15:23:02.418+0000] {logging_mixin.py:188} INFO - [2024-05-24T15:23:02.418+0000] {dag.py:3954} INFO - Setting next_dagrun for example_sensors to None, run_after=None
[2024-05-24T15:23:02.455+0000] {processor.py:183} INFO - Processing /usr/local/python/3.10.13/lib/python3.10/site-packages/airflow/example_dags/example_sensors.py took 0.076 seconds
[2024-05-24T15:23:44.234+0000] {processor.py:161} INFO - Started process (PID=78583) to work on /usr/local/python/3.10.13/lib/python3.10/site-packages/airflow/example_dags/example_sensors.py
[2024-05-24T15:23:44.235+0000] {processor.py:830} INFO - Processing file /usr/local/python/3.10.13/lib/python3.10/site-packages/airflow/example_dags/example_sensors.py for tasks to queue
[2024-05-24T15:23:44.236+0000] {logging_mixin.py:188} INFO - [2024-05-24T15:23:44.236+0000] {dagbag.py:545} INFO - Filling up the DagBag from /usr/local/python/3.10.13/lib/python3.10/site-packages/airflow/example_dags/example_sensors.py
[2024-05-24T15:23:44.243+0000] {processor.py:840} INFO - DAG(s) 'example_sensors' retrieved from /usr/local/python/3.10.13/lib/python3.10/site-packages/airflow/example_dags/example_sensors.py
[2024-05-24T15:23:44.261+0000] {logging_mixin.py:188} INFO - [2024-05-24T15:23:44.261+0000] {dag.py:3096} INFO - Sync 1 DAGs
[2024-05-24T15:23:44.270+0000] {logging_mixin.py:188} INFO - [2024-05-24T15:23:44.270+0000] {dag.py:3954} INFO - Setting next_dagrun for example_sensors to None, run_after=None
[2024-05-24T15:23:44.311+0000] {processor.py:183} INFO - Processing /usr/local/python/3.10.13/lib/python3.10/site-packages/airflow/example_dags/example_sensors.py took 0.083 seconds
[2024-05-24T15:24:29.595+0000] {processor.py:161} INFO - Started process (PID=78910) to work on /usr/local/python/3.10.13/lib/python3.10/site-packages/airflow/example_dags/example_sensors.py
[2024-05-24T15:24:29.596+0000] {processor.py:830} INFO - Processing file /usr/local/python/3.10.13/lib/python3.10/site-packages/airflow/example_dags/example_sensors.py for tasks to queue
[2024-05-24T15:24:29.597+0000] {logging_mixin.py:188} INFO - [2024-05-24T15:24:29.597+0000] {dagbag.py:545} INFO - Filling up the DagBag from /usr/local/python/3.10.13/lib/python3.10/site-packages/airflow/example_dags/example_sensors.py
[2024-05-24T15:24:29.604+0000] {processor.py:840} INFO - DAG(s) 'example_sensors' retrieved from /usr/local/python/3.10.13/lib/python3.10/site-packages/airflow/example_dags/example_sensors.py
[2024-05-24T15:24:29.621+0000] {logging_mixin.py:188} INFO - [2024-05-24T15:24:29.620+0000] {dag.py:3096} INFO - Sync 1 DAGs
[2024-05-24T15:24:29.630+0000] {logging_mixin.py:188} INFO - [2024-05-24T15:24:29.629+0000] {dag.py:3954} INFO - Setting next_dagrun for example_sensors to None, run_after=None
[2024-05-24T15:24:29.676+0000] {processor.py:183} INFO - Processing /usr/local/python/3.10.13/lib/python3.10/site-packages/airflow/example_dags/example_sensors.py took 0.085 seconds
[2024-05-24T15:25:14.876+0000] {processor.py:161} INFO - Started process (PID=79232) to work on /usr/local/python/3.10.13/lib/python3.10/site-packages/airflow/example_dags/example_sensors.py
[2024-05-24T15:25:14.877+0000] {processor.py:830} INFO - Processing file /usr/local/python/3.10.13/lib/python3.10/site-packages/airflow/example_dags/example_sensors.py for tasks to queue
[2024-05-24T15:25:14.878+0000] {logging_mixin.py:188} INFO - [2024-05-24T15:25:14.878+0000] {dagbag.py:545} INFO - Filling up the DagBag from /usr/local/python/3.10.13/lib/python3.10/site-packages/airflow/example_dags/example_sensors.py
[2024-05-24T15:25:14.885+0000] {processor.py:840} INFO - DAG(s) 'example_sensors' retrieved from /usr/local/python/3.10.13/lib/python3.10/site-packages/airflow/example_dags/example_sensors.py
[2024-05-24T15:25:14.901+0000] {logging_mixin.py:188} INFO - [2024-05-24T15:25:14.901+0000] {dag.py:3096} INFO - Sync 1 DAGs
[2024-05-24T15:25:14.910+0000] {logging_mixin.py:188} INFO - [2024-05-24T15:25:14.910+0000] {dag.py:3954} INFO - Setting next_dagrun for example_sensors to None, run_after=None
[2024-05-24T15:25:14.951+0000] {processor.py:183} INFO - Processing /usr/local/python/3.10.13/lib/python3.10/site-packages/airflow/example_dags/example_sensors.py took 0.079 seconds
[2024-05-24T15:26:12.962+0000] {processor.py:161} INFO - Started process (PID=79676) to work on /usr/local/python/3.10.13/lib/python3.10/site-packages/airflow/example_dags/example_sensors.py
[2024-05-24T15:26:12.963+0000] {processor.py:830} INFO - Processing file /usr/local/python/3.10.13/lib/python3.10/site-packages/airflow/example_dags/example_sensors.py for tasks to queue
[2024-05-24T15:26:12.964+0000] {logging_mixin.py:188} INFO - [2024-05-24T15:26:12.964+0000] {dagbag.py:545} INFO - Filling up the DagBag from /usr/local/python/3.10.13/lib/python3.10/site-packages/airflow/example_dags/example_sensors.py
[2024-05-24T15:26:12.971+0000] {processor.py:840} INFO - DAG(s) 'example_sensors' retrieved from /usr/local/python/3.10.13/lib/python3.10/site-packages/airflow/example_dags/example_sensors.py
[2024-05-24T15:26:12.988+0000] {logging_mixin.py:188} INFO - [2024-05-24T15:26:12.988+0000] {dag.py:3096} INFO - Sync 1 DAGs
[2024-05-24T15:26:12.997+0000] {logging_mixin.py:188} INFO - [2024-05-24T15:26:12.997+0000] {dag.py:3954} INFO - Setting next_dagrun for example_sensors to None, run_after=None
[2024-05-24T15:26:13.036+0000] {processor.py:183} INFO - Processing /usr/local/python/3.10.13/lib/python3.10/site-packages/airflow/example_dags/example_sensors.py took 0.078 seconds
[2024-05-24T15:27:10.660+0000] {processor.py:161} INFO - Started process (PID=80118) to work on /usr/local/python/3.10.13/lib/python3.10/site-packages/airflow/example_dags/example_sensors.py
[2024-05-24T15:27:10.661+0000] {processor.py:830} INFO - Processing file /usr/local/python/3.10.13/lib/python3.10/site-packages/airflow/example_dags/example_sensors.py for tasks to queue
[2024-05-24T15:27:10.662+0000] {logging_mixin.py:188} INFO - [2024-05-24T15:27:10.662+0000] {dagbag.py:545} INFO - Filling up the DagBag from /usr/local/python/3.10.13/lib/python3.10/site-packages/airflow/example_dags/example_sensors.py
[2024-05-24T15:27:10.670+0000] {processor.py:840} INFO - DAG(s) 'example_sensors' retrieved from /usr/local/python/3.10.13/lib/python3.10/site-packages/airflow/example_dags/example_sensors.py
[2024-05-24T15:27:10.687+0000] {logging_mixin.py:188} INFO - [2024-05-24T15:27:10.687+0000] {dag.py:3096} INFO - Sync 1 DAGs
[2024-05-24T15:27:10.696+0000] {logging_mixin.py:188} INFO - [2024-05-24T15:27:10.696+0000] {dag.py:3954} INFO - Setting next_dagrun for example_sensors to None, run_after=None
[2024-05-24T15:27:10.735+0000] {processor.py:183} INFO - Processing /usr/local/python/3.10.13/lib/python3.10/site-packages/airflow/example_dags/example_sensors.py took 0.079 seconds
[2024-05-24T15:27:52.211+0000] {processor.py:161} INFO - Started process (PID=80424) to work on /usr/local/python/3.10.13/lib/python3.10/site-packages/airflow/example_dags/example_sensors.py
[2024-05-24T15:27:52.211+0000] {processor.py:830} INFO - Processing file /usr/local/python/3.10.13/lib/python3.10/site-packages/airflow/example_dags/example_sensors.py for tasks to queue
[2024-05-24T15:27:52.213+0000] {logging_mixin.py:188} INFO - [2024-05-24T15:27:52.212+0000] {dagbag.py:545} INFO - Filling up the DagBag from /usr/local/python/3.10.13/lib/python3.10/site-packages/airflow/example_dags/example_sensors.py
[2024-05-24T15:27:52.220+0000] {processor.py:840} INFO - DAG(s) 'example_sensors' retrieved from /usr/local/python/3.10.13/lib/python3.10/site-packages/airflow/example_dags/example_sensors.py
[2024-05-24T15:27:52.236+0000] {logging_mixin.py:188} INFO - [2024-05-24T15:27:52.236+0000] {dag.py:3096} INFO - Sync 1 DAGs
[2024-05-24T15:27:52.247+0000] {logging_mixin.py:188} INFO - [2024-05-24T15:27:52.247+0000] {dag.py:3954} INFO - Setting next_dagrun for example_sensors to None, run_after=None
[2024-05-24T15:27:52.287+0000] {processor.py:183} INFO - Processing /usr/local/python/3.10.13/lib/python3.10/site-packages/airflow/example_dags/example_sensors.py took 0.080 seconds
[2024-05-24T15:28:33.594+0000] {processor.py:161} INFO - Started process (PID=80735) to work on /usr/local/python/3.10.13/lib/python3.10/site-packages/airflow/example_dags/example_sensors.py
[2024-05-24T15:28:33.595+0000] {processor.py:830} INFO - Processing file /usr/local/python/3.10.13/lib/python3.10/site-packages/airflow/example_dags/example_sensors.py for tasks to queue
[2024-05-24T15:28:33.597+0000] {logging_mixin.py:188} INFO - [2024-05-24T15:28:33.596+0000] {dagbag.py:545} INFO - Filling up the DagBag from /usr/local/python/3.10.13/lib/python3.10/site-packages/airflow/example_dags/example_sensors.py
[2024-05-24T15:28:33.604+0000] {processor.py:840} INFO - DAG(s) 'example_sensors' retrieved from /usr/local/python/3.10.13/lib/python3.10/site-packages/airflow/example_dags/example_sensors.py
[2024-05-24T15:28:33.621+0000] {logging_mixin.py:188} INFO - [2024-05-24T15:28:33.620+0000] {dag.py:3096} INFO - Sync 1 DAGs
[2024-05-24T15:28:33.630+0000] {logging_mixin.py:188} INFO - [2024-05-24T15:28:33.630+0000] {dag.py:3954} INFO - Setting next_dagrun for example_sensors to None, run_after=None
[2024-05-24T15:28:33.672+0000] {processor.py:183} INFO - Processing /usr/local/python/3.10.13/lib/python3.10/site-packages/airflow/example_dags/example_sensors.py took 0.085 seconds
