[2024-05-24T14:42:51.415+0000] {processor.py:161} INFO - Started process (PID=58410) to work on /usr/local/python/3.10.13/lib/python3.10/site-packages/airflow/example_dags/example_params_ui_tutorial.py
[2024-05-24T14:42:51.415+0000] {processor.py:830} INFO - Processing file /usr/local/python/3.10.13/lib/python3.10/site-packages/airflow/example_dags/example_params_ui_tutorial.py for tasks to queue
[2024-05-24T14:42:51.416+0000] {logging_mixin.py:188} INFO - [2024-05-24T14:42:51.416+0000] {dagbag.py:545} INFO - Filling up the DagBag from /usr/local/python/3.10.13/lib/python3.10/site-packages/airflow/example_dags/example_params_ui_tutorial.py
[2024-05-24T14:42:51.425+0000] {processor.py:840} INFO - DAG(s) 'example_params_ui_tutorial' retrieved from /usr/local/python/3.10.13/lib/python3.10/site-packages/airflow/example_dags/example_params_ui_tutorial.py
[2024-05-24T14:42:51.676+0000] {logging_mixin.py:188} INFO - [2024-05-24T14:42:51.675+0000] {override.py:1829} INFO - Created Permission View: can read on DAG:example_params_ui_tutorial
[2024-05-24T14:42:51.708+0000] {logging_mixin.py:188} INFO - [2024-05-24T14:42:51.707+0000] {override.py:1829} INFO - Created Permission View: can edit on DAG:example_params_ui_tutorial
[2024-05-24T14:42:51.735+0000] {logging_mixin.py:188} INFO - [2024-05-24T14:42:51.734+0000] {override.py:1829} INFO - Created Permission View: can delete on DAG:example_params_ui_tutorial
[2024-05-24T14:42:51.735+0000] {logging_mixin.py:188} INFO - [2024-05-24T14:42:51.735+0000] {dag.py:3096} INFO - Sync 1 DAGs
[2024-05-24T14:42:51.743+0000] {logging_mixin.py:188} INFO - [2024-05-24T14:42:51.743+0000] {dag.py:3118} INFO - Creating ORM DAG for example_params_ui_tutorial
[2024-05-24T14:42:51.744+0000] {logging_mixin.py:188} INFO - [2024-05-24T14:42:51.743+0000] {dag.py:3954} INFO - Setting next_dagrun for example_params_ui_tutorial to None, run_after=None
[2024-05-24T14:42:51.788+0000] {processor.py:183} INFO - Processing /usr/local/python/3.10.13/lib/python3.10/site-packages/airflow/example_dags/example_params_ui_tutorial.py took 0.378 seconds
[2024-05-24T14:43:50.430+0000] {processor.py:161} INFO - Started process (PID=58834) to work on /usr/local/python/3.10.13/lib/python3.10/site-packages/airflow/example_dags/example_params_ui_tutorial.py
[2024-05-24T14:43:50.431+0000] {processor.py:830} INFO - Processing file /usr/local/python/3.10.13/lib/python3.10/site-packages/airflow/example_dags/example_params_ui_tutorial.py for tasks to queue
[2024-05-24T14:43:50.432+0000] {logging_mixin.py:188} INFO - [2024-05-24T14:43:50.432+0000] {dagbag.py:545} INFO - Filling up the DagBag from /usr/local/python/3.10.13/lib/python3.10/site-packages/airflow/example_dags/example_params_ui_tutorial.py
[2024-05-24T14:43:50.441+0000] {processor.py:840} INFO - DAG(s) 'example_params_ui_tutorial' retrieved from /usr/local/python/3.10.13/lib/python3.10/site-packages/airflow/example_dags/example_params_ui_tutorial.py
[2024-05-24T14:43:50.481+0000] {logging_mixin.py:188} INFO - [2024-05-24T14:43:50.481+0000] {dag.py:3096} INFO - Sync 1 DAGs
[2024-05-24T14:43:50.491+0000] {logging_mixin.py:188} INFO - [2024-05-24T14:43:50.490+0000] {dag.py:3954} INFO - Setting next_dagrun for example_params_ui_tutorial to None, run_after=None
[2024-05-24T14:43:50.530+0000] {processor.py:183} INFO - Processing /usr/local/python/3.10.13/lib/python3.10/site-packages/airflow/example_dags/example_params_ui_tutorial.py took 0.104 seconds
[2024-05-24T14:44:42.342+0000] {processor.py:161} INFO - Started process (PID=59333) to work on /usr/local/python/3.10.13/lib/python3.10/site-packages/airflow/example_dags/example_params_ui_tutorial.py
[2024-05-24T14:44:42.343+0000] {processor.py:830} INFO - Processing file /usr/local/python/3.10.13/lib/python3.10/site-packages/airflow/example_dags/example_params_ui_tutorial.py for tasks to queue
[2024-05-24T14:44:42.344+0000] {logging_mixin.py:188} INFO - [2024-05-24T14:44:42.344+0000] {dagbag.py:545} INFO - Filling up the DagBag from /usr/local/python/3.10.13/lib/python3.10/site-packages/airflow/example_dags/example_params_ui_tutorial.py
[2024-05-24T14:44:42.353+0000] {processor.py:840} INFO - DAG(s) 'example_params_ui_tutorial' retrieved from /usr/local/python/3.10.13/lib/python3.10/site-packages/airflow/example_dags/example_params_ui_tutorial.py
[2024-05-24T14:44:42.393+0000] {logging_mixin.py:188} INFO - [2024-05-24T14:44:42.393+0000] {dag.py:3096} INFO - Sync 1 DAGs
[2024-05-24T14:44:42.402+0000] {logging_mixin.py:188} INFO - [2024-05-24T14:44:42.402+0000] {dag.py:3954} INFO - Setting next_dagrun for example_params_ui_tutorial to None, run_after=None
[2024-05-24T14:44:42.442+0000] {processor.py:183} INFO - Processing /usr/local/python/3.10.13/lib/python3.10/site-packages/airflow/example_dags/example_params_ui_tutorial.py took 0.104 seconds
[2024-05-24T14:45:33.226+0000] {processor.py:161} INFO - Started process (PID=59889) to work on /usr/local/python/3.10.13/lib/python3.10/site-packages/airflow/example_dags/example_params_ui_tutorial.py
[2024-05-24T14:45:33.226+0000] {processor.py:830} INFO - Processing file /usr/local/python/3.10.13/lib/python3.10/site-packages/airflow/example_dags/example_params_ui_tutorial.py for tasks to queue
[2024-05-24T14:45:33.228+0000] {logging_mixin.py:188} INFO - [2024-05-24T14:45:33.227+0000] {dagbag.py:545} INFO - Filling up the DagBag from /usr/local/python/3.10.13/lib/python3.10/site-packages/airflow/example_dags/example_params_ui_tutorial.py
[2024-05-24T14:45:33.237+0000] {processor.py:840} INFO - DAG(s) 'example_params_ui_tutorial' retrieved from /usr/local/python/3.10.13/lib/python3.10/site-packages/airflow/example_dags/example_params_ui_tutorial.py
[2024-05-24T14:45:33.280+0000] {logging_mixin.py:188} INFO - [2024-05-24T14:45:33.279+0000] {dag.py:3096} INFO - Sync 1 DAGs
[2024-05-24T14:45:33.294+0000] {logging_mixin.py:188} INFO - [2024-05-24T14:45:33.293+0000] {dag.py:3954} INFO - Setting next_dagrun for example_params_ui_tutorial to None, run_after=None
[2024-05-24T14:45:33.368+0000] {processor.py:183} INFO - Processing /usr/local/python/3.10.13/lib/python3.10/site-packages/airflow/example_dags/example_params_ui_tutorial.py took 0.147 seconds
[2024-05-24T14:46:17.846+0000] {processor.py:161} INFO - Started process (PID=60307) to work on /usr/local/python/3.10.13/lib/python3.10/site-packages/airflow/example_dags/example_params_ui_tutorial.py
[2024-05-24T14:46:17.847+0000] {processor.py:830} INFO - Processing file /usr/local/python/3.10.13/lib/python3.10/site-packages/airflow/example_dags/example_params_ui_tutorial.py for tasks to queue
[2024-05-24T14:46:17.848+0000] {logging_mixin.py:188} INFO - [2024-05-24T14:46:17.848+0000] {dagbag.py:545} INFO - Filling up the DagBag from /usr/local/python/3.10.13/lib/python3.10/site-packages/airflow/example_dags/example_params_ui_tutorial.py
[2024-05-24T14:46:17.858+0000] {processor.py:840} INFO - DAG(s) 'example_params_ui_tutorial' retrieved from /usr/local/python/3.10.13/lib/python3.10/site-packages/airflow/example_dags/example_params_ui_tutorial.py
[2024-05-24T14:46:17.898+0000] {logging_mixin.py:188} INFO - [2024-05-24T14:46:17.898+0000] {dag.py:3096} INFO - Sync 1 DAGs
[2024-05-24T14:46:17.907+0000] {logging_mixin.py:188} INFO - [2024-05-24T14:46:17.907+0000] {dag.py:3954} INFO - Setting next_dagrun for example_params_ui_tutorial to None, run_after=None
[2024-05-24T14:46:17.944+0000] {processor.py:183} INFO - Processing /usr/local/python/3.10.13/lib/python3.10/site-packages/airflow/example_dags/example_params_ui_tutorial.py took 0.103 seconds
