[2024-05-24T14:43:10.828+0000] {processor.py:161} INFO - Started process (PID=58519) to work on /usr/local/python/3.10.13/lib/python3.10/site-packages/airflow/example_dags/example_python_operator.py
[2024-05-24T14:43:10.828+0000] {processor.py:830} INFO - Processing file /usr/local/python/3.10.13/lib/python3.10/site-packages/airflow/example_dags/example_python_operator.py for tasks to queue
[2024-05-24T14:43:10.829+0000] {logging_mixin.py:188} INFO - [2024-05-24T14:43:10.829+0000] {dagbag.py:545} INFO - Filling up the DagBag from /usr/local/python/3.10.13/lib/python3.10/site-packages/airflow/example_dags/example_python_operator.py
[2024-05-24T14:43:10.921+0000] {processor.py:840} INFO - DAG(s) 'example_python_operator' retrieved from /usr/local/python/3.10.13/lib/python3.10/site-packages/airflow/example_dags/example_python_operator.py
[2024-05-24T14:43:11.050+0000] {logging_mixin.py:188} INFO - [2024-05-24T14:43:11.050+0000] {override.py:1829} INFO - Created Permission View: can read on DAG:example_python_operator
[2024-05-24T14:43:11.080+0000] {logging_mixin.py:188} INFO - [2024-05-24T14:43:11.080+0000] {override.py:1829} INFO - Created Permission View: can edit on DAG:example_python_operator
[2024-05-24T14:43:11.111+0000] {logging_mixin.py:188} INFO - [2024-05-24T14:43:11.110+0000] {override.py:1829} INFO - Created Permission View: can delete on DAG:example_python_operator
[2024-05-24T14:43:11.111+0000] {logging_mixin.py:188} INFO - [2024-05-24T14:43:11.111+0000] {dag.py:3096} INFO - Sync 1 DAGs
[2024-05-24T14:43:11.119+0000] {logging_mixin.py:188} INFO - [2024-05-24T14:43:11.119+0000] {dag.py:3118} INFO - Creating ORM DAG for example_python_operator
[2024-05-24T14:43:11.120+0000] {logging_mixin.py:188} INFO - [2024-05-24T14:43:11.120+0000] {dag.py:3954} INFO - Setting next_dagrun for example_python_operator to None, run_after=None
[2024-05-24T14:43:11.183+0000] {processor.py:183} INFO - Processing /usr/local/python/3.10.13/lib/python3.10/site-packages/airflow/example_dags/example_python_operator.py took 0.359 seconds
[2024-05-24T14:44:04.683+0000] {processor.py:161} INFO - Started process (PID=58984) to work on /usr/local/python/3.10.13/lib/python3.10/site-packages/airflow/example_dags/example_python_operator.py
[2024-05-24T14:44:04.684+0000] {processor.py:830} INFO - Processing file /usr/local/python/3.10.13/lib/python3.10/site-packages/airflow/example_dags/example_python_operator.py for tasks to queue
[2024-05-24T14:44:04.685+0000] {logging_mixin.py:188} INFO - [2024-05-24T14:44:04.685+0000] {dagbag.py:545} INFO - Filling up the DagBag from /usr/local/python/3.10.13/lib/python3.10/site-packages/airflow/example_dags/example_python_operator.py
[2024-05-24T14:44:04.694+0000] {processor.py:840} INFO - DAG(s) 'example_python_operator' retrieved from /usr/local/python/3.10.13/lib/python3.10/site-packages/airflow/example_dags/example_python_operator.py
[2024-05-24T14:44:04.707+0000] {logging_mixin.py:188} INFO - [2024-05-24T14:44:04.707+0000] {dag.py:3096} INFO - Sync 1 DAGs
[2024-05-24T14:44:04.717+0000] {logging_mixin.py:188} INFO - [2024-05-24T14:44:04.716+0000] {dag.py:3954} INFO - Setting next_dagrun for example_python_operator to None, run_after=None
[2024-05-24T14:44:04.754+0000] {processor.py:183} INFO - Processing /usr/local/python/3.10.13/lib/python3.10/site-packages/airflow/example_dags/example_python_operator.py took 0.075 seconds
[2024-05-24T14:44:56.763+0000] {processor.py:161} INFO - Started process (PID=59501) to work on /usr/local/python/3.10.13/lib/python3.10/site-packages/airflow/example_dags/example_python_operator.py
[2024-05-24T14:44:56.764+0000] {processor.py:830} INFO - Processing file /usr/local/python/3.10.13/lib/python3.10/site-packages/airflow/example_dags/example_python_operator.py for tasks to queue
[2024-05-24T14:44:56.765+0000] {logging_mixin.py:188} INFO - [2024-05-24T14:44:56.765+0000] {dagbag.py:545} INFO - Filling up the DagBag from /usr/local/python/3.10.13/lib/python3.10/site-packages/airflow/example_dags/example_python_operator.py
[2024-05-24T14:44:56.774+0000] {processor.py:840} INFO - DAG(s) 'example_python_operator' retrieved from /usr/local/python/3.10.13/lib/python3.10/site-packages/airflow/example_dags/example_python_operator.py
[2024-05-24T14:44:56.787+0000] {logging_mixin.py:188} INFO - [2024-05-24T14:44:56.787+0000] {dag.py:3096} INFO - Sync 1 DAGs
[2024-05-24T14:44:56.797+0000] {logging_mixin.py:188} INFO - [2024-05-24T14:44:56.797+0000] {dag.py:3954} INFO - Setting next_dagrun for example_python_operator to None, run_after=None
[2024-05-24T14:44:56.840+0000] {processor.py:183} INFO - Processing /usr/local/python/3.10.13/lib/python3.10/site-packages/airflow/example_dags/example_python_operator.py took 0.081 seconds
[2024-05-24T14:46:04.119+0000] {processor.py:161} INFO - Started process (PID=60191) to work on /usr/local/python/3.10.13/lib/python3.10/site-packages/airflow/example_dags/example_python_operator.py
[2024-05-24T14:46:04.120+0000] {processor.py:830} INFO - Processing file /usr/local/python/3.10.13/lib/python3.10/site-packages/airflow/example_dags/example_python_operator.py for tasks to queue
[2024-05-24T14:46:04.123+0000] {logging_mixin.py:188} INFO - [2024-05-24T14:46:04.122+0000] {dagbag.py:545} INFO - Filling up the DagBag from /usr/local/python/3.10.13/lib/python3.10/site-packages/airflow/example_dags/example_python_operator.py
[2024-05-24T14:46:04.138+0000] {processor.py:840} INFO - DAG(s) 'example_python_operator' retrieved from /usr/local/python/3.10.13/lib/python3.10/site-packages/airflow/example_dags/example_python_operator.py
[2024-05-24T14:46:04.159+0000] {logging_mixin.py:188} INFO - [2024-05-24T14:46:04.159+0000] {dag.py:3096} INFO - Sync 1 DAGs
[2024-05-24T14:46:04.170+0000] {logging_mixin.py:188} INFO - [2024-05-24T14:46:04.170+0000] {dag.py:3954} INFO - Setting next_dagrun for example_python_operator to None, run_after=None
[2024-05-24T14:46:04.221+0000] {processor.py:183} INFO - Processing /usr/local/python/3.10.13/lib/python3.10/site-packages/airflow/example_dags/example_python_operator.py took 0.108 seconds
