[2024-05-24T14:42:25.844+0000] {processor.py:161} INFO - Started process (PID=58230) to work on /usr/local/python/3.10.13/lib/python3.10/site-packages/airflow/example_dags/example_subdag_operator.py
[2024-05-24T14:42:25.845+0000] {processor.py:830} INFO - Processing file /usr/local/python/3.10.13/lib/python3.10/site-packages/airflow/example_dags/example_subdag_operator.py for tasks to queue
[2024-05-24T14:42:25.847+0000] {logging_mixin.py:188} INFO - [2024-05-24T14:42:25.846+0000] {dagbag.py:545} INFO - Filling up the DagBag from /usr/local/python/3.10.13/lib/python3.10/site-packages/airflow/example_dags/example_subdag_operator.py
[2024-05-24T14:42:25.861+0000] {processor.py:840} INFO - DAG(s) 'example_subdag_operator.section-1', 'example_subdag_operator.section-2', 'example_subdag_operator' retrieved from /usr/local/python/3.10.13/lib/python3.10/site-packages/airflow/example_dags/example_subdag_operator.py
[2024-05-24T14:42:26.069+0000] {logging_mixin.py:188} INFO - [2024-05-24T14:42:26.068+0000] {override.py:1829} INFO - Created Permission View: can read on DAG:example_subdag_operator
[2024-05-24T14:42:26.098+0000] {logging_mixin.py:188} INFO - [2024-05-24T14:42:26.098+0000] {override.py:1829} INFO - Created Permission View: can edit on DAG:example_subdag_operator
[2024-05-24T14:42:26.139+0000] {logging_mixin.py:188} INFO - [2024-05-24T14:42:26.139+0000] {override.py:1829} INFO - Created Permission View: can delete on DAG:example_subdag_operator
[2024-05-24T14:42:26.139+0000] {logging_mixin.py:188} INFO - [2024-05-24T14:42:26.139+0000] {dag.py:3096} INFO - Sync 3 DAGs
[2024-05-24T14:42:26.147+0000] {logging_mixin.py:188} INFO - [2024-05-24T14:42:26.147+0000] {dag.py:3118} INFO - Creating ORM DAG for example_subdag_operator
[2024-05-24T14:42:26.148+0000] {logging_mixin.py:188} INFO - [2024-05-24T14:42:26.148+0000] {dag.py:3118} INFO - Creating ORM DAG for example_subdag_operator.section-1
[2024-05-24T14:42:26.148+0000] {logging_mixin.py:188} INFO - [2024-05-24T14:42:26.148+0000] {dag.py:3118} INFO - Creating ORM DAG for example_subdag_operator.section-2
[2024-05-24T14:42:26.154+0000] {logging_mixin.py:188} INFO - [2024-05-24T14:42:26.154+0000] {dag.py:3954} INFO - Setting next_dagrun for example_subdag_operator to 2022-01-01 00:00:00+00:00, run_after=2022-01-01 00:00:00+00:00
[2024-05-24T14:42:26.155+0000] {logging_mixin.py:188} INFO - [2024-05-24T14:42:26.155+0000] {dag.py:3954} INFO - Setting next_dagrun for example_subdag_operator.section-1 to None, run_after=None
[2024-05-24T14:42:26.155+0000] {logging_mixin.py:188} INFO - [2024-05-24T14:42:26.155+0000] {dag.py:3954} INFO - Setting next_dagrun for example_subdag_operator.section-2 to None, run_after=None
[2024-05-24T14:42:26.161+0000] {logging_mixin.py:188} INFO - [2024-05-24T14:42:26.161+0000] {dag.py:3096} INFO - Sync 2 DAGs
[2024-05-24T14:42:26.164+0000] {logging_mixin.py:188} INFO - [2024-05-24T14:42:26.164+0000] {dag.py:3954} INFO - Setting next_dagrun for example_subdag_operator.section-1 to None, run_after=None
[2024-05-24T14:42:26.166+0000] {logging_mixin.py:188} INFO - [2024-05-24T14:42:26.165+0000] {dag.py:3954} INFO - Setting next_dagrun for example_subdag_operator.section-2 to None, run_after=None
[2024-05-24T14:42:26.205+0000] {processor.py:183} INFO - Processing /usr/local/python/3.10.13/lib/python3.10/site-packages/airflow/example_dags/example_subdag_operator.py took 0.365 seconds
[2024-05-24T14:43:30.161+0000] {processor.py:161} INFO - Started process (PID=58657) to work on /usr/local/python/3.10.13/lib/python3.10/site-packages/airflow/example_dags/example_subdag_operator.py
[2024-05-24T14:43:30.162+0000] {processor.py:830} INFO - Processing file /usr/local/python/3.10.13/lib/python3.10/site-packages/airflow/example_dags/example_subdag_operator.py for tasks to queue
[2024-05-24T14:43:30.163+0000] {logging_mixin.py:188} INFO - [2024-05-24T14:43:30.163+0000] {dagbag.py:545} INFO - Filling up the DagBag from /usr/local/python/3.10.13/lib/python3.10/site-packages/airflow/example_dags/example_subdag_operator.py
[2024-05-24T14:43:30.178+0000] {processor.py:840} INFO - DAG(s) 'example_subdag_operator.section-1', 'example_subdag_operator.section-2', 'example_subdag_operator' retrieved from /usr/local/python/3.10.13/lib/python3.10/site-packages/airflow/example_dags/example_subdag_operator.py
[2024-05-24T14:43:30.190+0000] {logging_mixin.py:188} INFO - [2024-05-24T14:43:30.190+0000] {dag.py:3096} INFO - Sync 3 DAGs
[2024-05-24T14:43:30.205+0000] {logging_mixin.py:188} INFO - [2024-05-24T14:43:30.205+0000] {dag.py:3954} INFO - Setting next_dagrun for example_subdag_operator to 2022-01-01 00:00:00+00:00, run_after=2022-01-01 00:00:00+00:00
[2024-05-24T14:43:30.208+0000] {logging_mixin.py:188} INFO - [2024-05-24T14:43:30.208+0000] {dag.py:3954} INFO - Setting next_dagrun for example_subdag_operator.section-1 to None, run_after=None
[2024-05-24T14:43:30.209+0000] {logging_mixin.py:188} INFO - [2024-05-24T14:43:30.209+0000] {dag.py:3954} INFO - Setting next_dagrun for example_subdag_operator.section-2 to None, run_after=None
[2024-05-24T14:43:30.213+0000] {logging_mixin.py:188} INFO - [2024-05-24T14:43:30.213+0000] {dag.py:3096} INFO - Sync 2 DAGs
[2024-05-24T14:43:30.216+0000] {logging_mixin.py:188} INFO - [2024-05-24T14:43:30.216+0000] {dag.py:3954} INFO - Setting next_dagrun for example_subdag_operator.section-1 to None, run_after=None
[2024-05-24T14:43:30.216+0000] {logging_mixin.py:188} INFO - [2024-05-24T14:43:30.216+0000] {dag.py:3954} INFO - Setting next_dagrun for example_subdag_operator.section-2 to None, run_after=None
[2024-05-24T14:43:30.250+0000] {processor.py:183} INFO - Processing /usr/local/python/3.10.13/lib/python3.10/site-packages/airflow/example_dags/example_subdag_operator.py took 0.093 seconds
[2024-05-24T14:44:20.952+0000] {processor.py:161} INFO - Started process (PID=59132) to work on /usr/local/python/3.10.13/lib/python3.10/site-packages/airflow/example_dags/example_subdag_operator.py
[2024-05-24T14:44:20.953+0000] {processor.py:830} INFO - Processing file /usr/local/python/3.10.13/lib/python3.10/site-packages/airflow/example_dags/example_subdag_operator.py for tasks to queue
[2024-05-24T14:44:20.954+0000] {logging_mixin.py:188} INFO - [2024-05-24T14:44:20.954+0000] {dagbag.py:545} INFO - Filling up the DagBag from /usr/local/python/3.10.13/lib/python3.10/site-packages/airflow/example_dags/example_subdag_operator.py
[2024-05-24T14:44:20.969+0000] {processor.py:840} INFO - DAG(s) 'example_subdag_operator.section-1', 'example_subdag_operator.section-2', 'example_subdag_operator' retrieved from /usr/local/python/3.10.13/lib/python3.10/site-packages/airflow/example_dags/example_subdag_operator.py
[2024-05-24T14:44:20.981+0000] {logging_mixin.py:188} INFO - [2024-05-24T14:44:20.981+0000] {dag.py:3096} INFO - Sync 3 DAGs
[2024-05-24T14:44:20.995+0000] {logging_mixin.py:188} INFO - [2024-05-24T14:44:20.995+0000] {dag.py:3954} INFO - Setting next_dagrun for example_subdag_operator to 2022-01-01 00:00:00+00:00, run_after=2022-01-01 00:00:00+00:00
[2024-05-24T14:44:20.998+0000] {logging_mixin.py:188} INFO - [2024-05-24T14:44:20.998+0000] {dag.py:3954} INFO - Setting next_dagrun for example_subdag_operator.section-1 to None, run_after=None
[2024-05-24T14:44:20.998+0000] {logging_mixin.py:188} INFO - [2024-05-24T14:44:20.998+0000] {dag.py:3954} INFO - Setting next_dagrun for example_subdag_operator.section-2 to None, run_after=None
[2024-05-24T14:44:21.003+0000] {logging_mixin.py:188} INFO - [2024-05-24T14:44:21.003+0000] {dag.py:3096} INFO - Sync 2 DAGs
[2024-05-24T14:44:21.006+0000] {logging_mixin.py:188} INFO - [2024-05-24T14:44:21.006+0000] {dag.py:3954} INFO - Setting next_dagrun for example_subdag_operator.section-1 to None, run_after=None
[2024-05-24T14:44:21.007+0000] {logging_mixin.py:188} INFO - [2024-05-24T14:44:21.007+0000] {dag.py:3954} INFO - Setting next_dagrun for example_subdag_operator.section-2 to None, run_after=None
[2024-05-24T14:44:21.041+0000] {processor.py:183} INFO - Processing /usr/local/python/3.10.13/lib/python3.10/site-packages/airflow/example_dags/example_subdag_operator.py took 0.094 seconds
[2024-05-24T14:45:05.928+0000] {processor.py:161} INFO - Started process (PID=59616) to work on /usr/local/python/3.10.13/lib/python3.10/site-packages/airflow/example_dags/example_subdag_operator.py
[2024-05-24T14:45:05.928+0000] {processor.py:830} INFO - Processing file /usr/local/python/3.10.13/lib/python3.10/site-packages/airflow/example_dags/example_subdag_operator.py for tasks to queue
[2024-05-24T14:45:05.930+0000] {logging_mixin.py:188} INFO - [2024-05-24T14:45:05.929+0000] {dagbag.py:545} INFO - Filling up the DagBag from /usr/local/python/3.10.13/lib/python3.10/site-packages/airflow/example_dags/example_subdag_operator.py
[2024-05-24T14:45:05.945+0000] {processor.py:840} INFO - DAG(s) 'example_subdag_operator.section-1', 'example_subdag_operator.section-2', 'example_subdag_operator' retrieved from /usr/local/python/3.10.13/lib/python3.10/site-packages/airflow/example_dags/example_subdag_operator.py
[2024-05-24T14:45:05.957+0000] {logging_mixin.py:188} INFO - [2024-05-24T14:45:05.957+0000] {dag.py:3096} INFO - Sync 3 DAGs
[2024-05-24T14:45:05.972+0000] {logging_mixin.py:188} INFO - [2024-05-24T14:45:05.972+0000] {dag.py:3954} INFO - Setting next_dagrun for example_subdag_operator to 2022-01-01 00:00:00+00:00, run_after=2022-01-01 00:00:00+00:00
[2024-05-24T14:45:05.975+0000] {logging_mixin.py:188} INFO - [2024-05-24T14:45:05.975+0000] {dag.py:3954} INFO - Setting next_dagrun for example_subdag_operator.section-1 to None, run_after=None
[2024-05-24T14:45:05.976+0000] {logging_mixin.py:188} INFO - [2024-05-24T14:45:05.975+0000] {dag.py:3954} INFO - Setting next_dagrun for example_subdag_operator.section-2 to None, run_after=None
[2024-05-24T14:45:05.980+0000] {logging_mixin.py:188} INFO - [2024-05-24T14:45:05.980+0000] {dag.py:3096} INFO - Sync 2 DAGs
[2024-05-24T14:45:05.983+0000] {logging_mixin.py:188} INFO - [2024-05-24T14:45:05.983+0000] {dag.py:3954} INFO - Setting next_dagrun for example_subdag_operator.section-1 to None, run_after=None
[2024-05-24T14:45:05.983+0000] {logging_mixin.py:188} INFO - [2024-05-24T14:45:05.983+0000] {dag.py:3954} INFO - Setting next_dagrun for example_subdag_operator.section-2 to None, run_after=None
[2024-05-24T14:45:06.016+0000] {processor.py:183} INFO - Processing /usr/local/python/3.10.13/lib/python3.10/site-packages/airflow/example_dags/example_subdag_operator.py took 0.093 seconds
[2024-05-24T14:45:51.842+0000] {processor.py:161} INFO - Started process (PID=60077) to work on /usr/local/python/3.10.13/lib/python3.10/site-packages/airflow/example_dags/example_subdag_operator.py
[2024-05-24T14:45:51.843+0000] {processor.py:830} INFO - Processing file /usr/local/python/3.10.13/lib/python3.10/site-packages/airflow/example_dags/example_subdag_operator.py for tasks to queue
[2024-05-24T14:45:51.844+0000] {logging_mixin.py:188} INFO - [2024-05-24T14:45:51.844+0000] {dagbag.py:545} INFO - Filling up the DagBag from /usr/local/python/3.10.13/lib/python3.10/site-packages/airflow/example_dags/example_subdag_operator.py
[2024-05-24T14:45:51.859+0000] {processor.py:840} INFO - DAG(s) 'example_subdag_operator.section-1', 'example_subdag_operator.section-2', 'example_subdag_operator' retrieved from /usr/local/python/3.10.13/lib/python3.10/site-packages/airflow/example_dags/example_subdag_operator.py
[2024-05-24T14:45:51.874+0000] {logging_mixin.py:188} INFO - [2024-05-24T14:45:51.874+0000] {dag.py:3096} INFO - Sync 3 DAGs
[2024-05-24T14:45:51.889+0000] {logging_mixin.py:188} INFO - [2024-05-24T14:45:51.889+0000] {dag.py:3954} INFO - Setting next_dagrun for example_subdag_operator to 2022-01-01 00:00:00+00:00, run_after=2022-01-01 00:00:00+00:00
[2024-05-24T14:45:51.892+0000] {logging_mixin.py:188} INFO - [2024-05-24T14:45:51.892+0000] {dag.py:3954} INFO - Setting next_dagrun for example_subdag_operator.section-1 to None, run_after=None
[2024-05-24T14:45:51.893+0000] {logging_mixin.py:188} INFO - [2024-05-24T14:45:51.893+0000] {dag.py:3954} INFO - Setting next_dagrun for example_subdag_operator.section-2 to None, run_after=None
[2024-05-24T14:45:51.899+0000] {logging_mixin.py:188} INFO - [2024-05-24T14:45:51.898+0000] {dag.py:3096} INFO - Sync 2 DAGs
[2024-05-24T14:45:51.902+0000] {logging_mixin.py:188} INFO - [2024-05-24T14:45:51.901+0000] {dag.py:3954} INFO - Setting next_dagrun for example_subdag_operator.section-1 to None, run_after=None
[2024-05-24T14:45:51.902+0000] {logging_mixin.py:188} INFO - [2024-05-24T14:45:51.902+0000] {dag.py:3954} INFO - Setting next_dagrun for example_subdag_operator.section-2 to None, run_after=None
[2024-05-24T14:45:51.940+0000] {processor.py:183} INFO - Processing /usr/local/python/3.10.13/lib/python3.10/site-packages/airflow/example_dags/example_subdag_operator.py took 0.103 seconds
