[2024-05-24T14:43:16.101+0000] {processor.py:161} INFO - Started process (PID=58561) to work on /usr/local/python/3.10.13/lib/python3.10/site-packages/airflow/example_dags/example_branch_datetime_operator.py
[2024-05-24T14:43:16.102+0000] {processor.py:830} INFO - Processing file /usr/local/python/3.10.13/lib/python3.10/site-packages/airflow/example_dags/example_branch_datetime_operator.py for tasks to queue
[2024-05-24T14:43:16.103+0000] {logging_mixin.py:188} INFO - [2024-05-24T14:43:16.102+0000] {dagbag.py:545} INFO - Filling up the DagBag from /usr/local/python/3.10.13/lib/python3.10/site-packages/airflow/example_dags/example_branch_datetime_operator.py
[2024-05-24T14:43:16.111+0000] {processor.py:840} INFO - DAG(s) 'example_branch_datetime_operator', 'example_branch_datetime_operator_2', 'example_branch_datetime_operator_3' retrieved from /usr/local/python/3.10.13/lib/python3.10/site-packages/airflow/example_dags/example_branch_datetime_operator.py
[2024-05-24T14:43:16.242+0000] {logging_mixin.py:188} INFO - [2024-05-24T14:43:16.241+0000] {override.py:1829} INFO - Created Permission View: can read on DAG:example_branch_datetime_operator
[2024-05-24T14:43:16.277+0000] {logging_mixin.py:188} INFO - [2024-05-24T14:43:16.276+0000] {override.py:1829} INFO - Created Permission View: can edit on DAG:example_branch_datetime_operator
[2024-05-24T14:43:16.306+0000] {logging_mixin.py:188} INFO - [2024-05-24T14:43:16.306+0000] {override.py:1829} INFO - Created Permission View: can delete on DAG:example_branch_datetime_operator
[2024-05-24T14:43:16.376+0000] {logging_mixin.py:188} INFO - [2024-05-24T14:43:16.376+0000] {override.py:1829} INFO - Created Permission View: can read on DAG:example_branch_datetime_operator_2
[2024-05-24T14:43:16.407+0000] {logging_mixin.py:188} INFO - [2024-05-24T14:43:16.407+0000] {override.py:1829} INFO - Created Permission View: can edit on DAG:example_branch_datetime_operator_2
[2024-05-24T14:43:16.437+0000] {logging_mixin.py:188} INFO - [2024-05-24T14:43:16.437+0000] {override.py:1829} INFO - Created Permission View: can delete on DAG:example_branch_datetime_operator_2
[2024-05-24T14:43:16.505+0000] {logging_mixin.py:188} INFO - [2024-05-24T14:43:16.504+0000] {override.py:1829} INFO - Created Permission View: can read on DAG:example_branch_datetime_operator_3
[2024-05-24T14:43:16.537+0000] {logging_mixin.py:188} INFO - [2024-05-24T14:43:16.536+0000] {override.py:1829} INFO - Created Permission View: can edit on DAG:example_branch_datetime_operator_3
[2024-05-24T14:43:16.569+0000] {logging_mixin.py:188} INFO - [2024-05-24T14:43:16.569+0000] {override.py:1829} INFO - Created Permission View: can delete on DAG:example_branch_datetime_operator_3
[2024-05-24T14:43:16.570+0000] {logging_mixin.py:188} INFO - [2024-05-24T14:43:16.570+0000] {dag.py:3096} INFO - Sync 3 DAGs
[2024-05-24T14:43:16.590+0000] {logging_mixin.py:188} INFO - [2024-05-24T14:43:16.590+0000] {dag.py:3118} INFO - Creating ORM DAG for example_branch_datetime_operator_3
[2024-05-24T14:43:16.591+0000] {logging_mixin.py:188} INFO - [2024-05-24T14:43:16.591+0000] {dag.py:3118} INFO - Creating ORM DAG for example_branch_datetime_operator_2
[2024-05-24T14:43:16.592+0000] {logging_mixin.py:188} INFO - [2024-05-24T14:43:16.591+0000] {dag.py:3118} INFO - Creating ORM DAG for example_branch_datetime_operator
[2024-05-24T14:43:16.604+0000] {logging_mixin.py:188} INFO - [2024-05-24T14:43:16.604+0000] {dag.py:3954} INFO - Setting next_dagrun for example_branch_datetime_operator to 2024-05-23 00:00:00+00:00, run_after=2024-05-24 00:00:00+00:00
[2024-05-24T14:43:16.607+0000] {logging_mixin.py:188} INFO - [2024-05-24T14:43:16.607+0000] {dag.py:3954} INFO - Setting next_dagrun for example_branch_datetime_operator_2 to 2024-05-23 00:00:00+00:00, run_after=2024-05-24 00:00:00+00:00
[2024-05-24T14:43:16.609+0000] {logging_mixin.py:188} INFO - [2024-05-24T14:43:16.609+0000] {dag.py:3954} INFO - Setting next_dagrun for example_branch_datetime_operator_3 to 2024-05-23 00:00:00+00:00, run_after=2024-05-24 00:00:00+00:00
[2024-05-24T14:43:16.655+0000] {processor.py:183} INFO - Processing /usr/local/python/3.10.13/lib/python3.10/site-packages/airflow/example_dags/example_branch_datetime_operator.py took 0.559 seconds
[2024-05-24T14:44:09.322+0000] {processor.py:161} INFO - Started process (PID=59018) to work on /usr/local/python/3.10.13/lib/python3.10/site-packages/airflow/example_dags/example_branch_datetime_operator.py
[2024-05-24T14:44:09.324+0000] {processor.py:830} INFO - Processing file /usr/local/python/3.10.13/lib/python3.10/site-packages/airflow/example_dags/example_branch_datetime_operator.py for tasks to queue
[2024-05-24T14:44:09.325+0000] {logging_mixin.py:188} INFO - [2024-05-24T14:44:09.325+0000] {dagbag.py:545} INFO - Filling up the DagBag from /usr/local/python/3.10.13/lib/python3.10/site-packages/airflow/example_dags/example_branch_datetime_operator.py
[2024-05-24T14:44:09.334+0000] {processor.py:840} INFO - DAG(s) 'example_branch_datetime_operator', 'example_branch_datetime_operator_2', 'example_branch_datetime_operator_3' retrieved from /usr/local/python/3.10.13/lib/python3.10/site-packages/airflow/example_dags/example_branch_datetime_operator.py
[2024-05-24T14:44:09.352+0000] {logging_mixin.py:188} INFO - [2024-05-24T14:44:09.351+0000] {dag.py:3096} INFO - Sync 3 DAGs
[2024-05-24T14:44:09.369+0000] {logging_mixin.py:188} INFO - [2024-05-24T14:44:09.369+0000] {dag.py:3954} INFO - Setting next_dagrun for example_branch_datetime_operator to 2024-05-23 00:00:00+00:00, run_after=2024-05-24 00:00:00+00:00
[2024-05-24T14:44:09.373+0000] {logging_mixin.py:188} INFO - [2024-05-24T14:44:09.373+0000] {dag.py:3954} INFO - Setting next_dagrun for example_branch_datetime_operator_2 to 2024-05-23 00:00:00+00:00, run_after=2024-05-24 00:00:00+00:00
[2024-05-24T14:44:09.375+0000] {logging_mixin.py:188} INFO - [2024-05-24T14:44:09.375+0000] {dag.py:3954} INFO - Setting next_dagrun for example_branch_datetime_operator_3 to 2024-05-23 00:00:00+00:00, run_after=2024-05-24 00:00:00+00:00
[2024-05-24T14:44:09.412+0000] {processor.py:183} INFO - Processing /usr/local/python/3.10.13/lib/python3.10/site-packages/airflow/example_dags/example_branch_datetime_operator.py took 0.095 seconds
[2024-05-24T14:45:17.523+0000] {processor.py:161} INFO - Started process (PID=59731) to work on /usr/local/python/3.10.13/lib/python3.10/site-packages/airflow/example_dags/example_branch_datetime_operator.py
[2024-05-24T14:45:17.524+0000] {processor.py:830} INFO - Processing file /usr/local/python/3.10.13/lib/python3.10/site-packages/airflow/example_dags/example_branch_datetime_operator.py for tasks to queue
[2024-05-24T14:45:17.525+0000] {logging_mixin.py:188} INFO - [2024-05-24T14:45:17.525+0000] {dagbag.py:545} INFO - Filling up the DagBag from /usr/local/python/3.10.13/lib/python3.10/site-packages/airflow/example_dags/example_branch_datetime_operator.py
[2024-05-24T14:45:17.534+0000] {processor.py:840} INFO - DAG(s) 'example_branch_datetime_operator', 'example_branch_datetime_operator_2', 'example_branch_datetime_operator_3' retrieved from /usr/local/python/3.10.13/lib/python3.10/site-packages/airflow/example_dags/example_branch_datetime_operator.py
[2024-05-24T14:45:17.550+0000] {logging_mixin.py:188} INFO - [2024-05-24T14:45:17.550+0000] {dag.py:3096} INFO - Sync 3 DAGs
[2024-05-24T14:45:17.567+0000] {logging_mixin.py:188} INFO - [2024-05-24T14:45:17.567+0000] {dag.py:3954} INFO - Setting next_dagrun for example_branch_datetime_operator to 2024-05-23 00:00:00+00:00, run_after=2024-05-24 00:00:00+00:00
[2024-05-24T14:45:17.571+0000] {logging_mixin.py:188} INFO - [2024-05-24T14:45:17.571+0000] {dag.py:3954} INFO - Setting next_dagrun for example_branch_datetime_operator_2 to 2024-05-23 00:00:00+00:00, run_after=2024-05-24 00:00:00+00:00
[2024-05-24T14:45:17.573+0000] {logging_mixin.py:188} INFO - [2024-05-24T14:45:17.573+0000] {dag.py:3954} INFO - Setting next_dagrun for example_branch_datetime_operator_3 to 2024-05-23 00:00:00+00:00, run_after=2024-05-24 00:00:00+00:00
[2024-05-24T14:45:17.616+0000] {processor.py:183} INFO - Processing /usr/local/python/3.10.13/lib/python3.10/site-packages/airflow/example_dags/example_branch_datetime_operator.py took 0.098 seconds
[2024-05-24T14:46:22.317+0000] {processor.py:161} INFO - Started process (PID=60362) to work on /usr/local/python/3.10.13/lib/python3.10/site-packages/airflow/example_dags/example_branch_datetime_operator.py
[2024-05-24T14:46:22.317+0000] {processor.py:830} INFO - Processing file /usr/local/python/3.10.13/lib/python3.10/site-packages/airflow/example_dags/example_branch_datetime_operator.py for tasks to queue
[2024-05-24T14:46:22.319+0000] {logging_mixin.py:188} INFO - [2024-05-24T14:46:22.318+0000] {dagbag.py:545} INFO - Filling up the DagBag from /usr/local/python/3.10.13/lib/python3.10/site-packages/airflow/example_dags/example_branch_datetime_operator.py
[2024-05-24T14:46:22.328+0000] {processor.py:840} INFO - DAG(s) 'example_branch_datetime_operator_2', 'example_branch_datetime_operator', 'example_branch_datetime_operator_3' retrieved from /usr/local/python/3.10.13/lib/python3.10/site-packages/airflow/example_dags/example_branch_datetime_operator.py
[2024-05-24T14:46:22.344+0000] {logging_mixin.py:188} INFO - [2024-05-24T14:46:22.344+0000] {dag.py:3096} INFO - Sync 3 DAGs
[2024-05-24T14:46:22.360+0000] {logging_mixin.py:188} INFO - [2024-05-24T14:46:22.360+0000] {dag.py:3954} INFO - Setting next_dagrun for example_branch_datetime_operator to 2024-05-23 00:00:00+00:00, run_after=2024-05-24 00:00:00+00:00
[2024-05-24T14:46:22.364+0000] {logging_mixin.py:188} INFO - [2024-05-24T14:46:22.364+0000] {dag.py:3954} INFO - Setting next_dagrun for example_branch_datetime_operator_2 to 2024-05-23 00:00:00+00:00, run_after=2024-05-24 00:00:00+00:00
[2024-05-24T14:46:22.366+0000] {logging_mixin.py:188} INFO - [2024-05-24T14:46:22.366+0000] {dag.py:3954} INFO - Setting next_dagrun for example_branch_datetime_operator_3 to 2024-05-23 00:00:00+00:00, run_after=2024-05-24 00:00:00+00:00
[2024-05-24T14:46:22.403+0000] {processor.py:183} INFO - Processing /usr/local/python/3.10.13/lib/python3.10/site-packages/airflow/example_dags/example_branch_datetime_operator.py took 0.091 seconds
[2024-05-24T14:47:24.736+0000] {processor.py:161} INFO - Started process (PID=60949) to work on /usr/local/python/3.10.13/lib/python3.10/site-packages/airflow/example_dags/example_branch_datetime_operator.py
[2024-05-24T14:47:24.737+0000] {processor.py:830} INFO - Processing file /usr/local/python/3.10.13/lib/python3.10/site-packages/airflow/example_dags/example_branch_datetime_operator.py for tasks to queue
[2024-05-24T14:47:24.738+0000] {logging_mixin.py:188} INFO - [2024-05-24T14:47:24.738+0000] {dagbag.py:545} INFO - Filling up the DagBag from /usr/local/python/3.10.13/lib/python3.10/site-packages/airflow/example_dags/example_branch_datetime_operator.py
[2024-05-24T14:47:24.749+0000] {processor.py:840} INFO - DAG(s) 'example_branch_datetime_operator_2', 'example_branch_datetime_operator_3', 'example_branch_datetime_operator' retrieved from /usr/local/python/3.10.13/lib/python3.10/site-packages/airflow/example_dags/example_branch_datetime_operator.py
[2024-05-24T14:47:24.766+0000] {logging_mixin.py:188} INFO - [2024-05-24T14:47:24.766+0000] {dag.py:3096} INFO - Sync 3 DAGs
[2024-05-24T14:47:24.783+0000] {logging_mixin.py:188} INFO - [2024-05-24T14:47:24.783+0000] {dag.py:3954} INFO - Setting next_dagrun for example_branch_datetime_operator to 2024-05-23 00:00:00+00:00, run_after=2024-05-24 00:00:00+00:00
[2024-05-24T14:47:24.787+0000] {logging_mixin.py:188} INFO - [2024-05-24T14:47:24.786+0000] {dag.py:3954} INFO - Setting next_dagrun for example_branch_datetime_operator_2 to 2024-05-23 00:00:00+00:00, run_after=2024-05-24 00:00:00+00:00
[2024-05-24T14:47:24.789+0000] {logging_mixin.py:188} INFO - [2024-05-24T14:47:24.789+0000] {dag.py:3954} INFO - Setting next_dagrun for example_branch_datetime_operator_3 to 2024-05-23 00:00:00+00:00, run_after=2024-05-24 00:00:00+00:00
[2024-05-24T14:47:24.833+0000] {processor.py:183} INFO - Processing /usr/local/python/3.10.13/lib/python3.10/site-packages/airflow/example_dags/example_branch_datetime_operator.py took 0.103 seconds
[2024-05-24T14:48:24.401+0000] {processor.py:161} INFO - Started process (PID=61526) to work on /usr/local/python/3.10.13/lib/python3.10/site-packages/airflow/example_dags/example_branch_datetime_operator.py
[2024-05-24T14:48:24.402+0000] {processor.py:830} INFO - Processing file /usr/local/python/3.10.13/lib/python3.10/site-packages/airflow/example_dags/example_branch_datetime_operator.py for tasks to queue
[2024-05-24T14:48:24.403+0000] {logging_mixin.py:188} INFO - [2024-05-24T14:48:24.403+0000] {dagbag.py:545} INFO - Filling up the DagBag from /usr/local/python/3.10.13/lib/python3.10/site-packages/airflow/example_dags/example_branch_datetime_operator.py
[2024-05-24T14:48:24.412+0000] {processor.py:840} INFO - DAG(s) 'example_branch_datetime_operator_2', 'example_branch_datetime_operator_3', 'example_branch_datetime_operator' retrieved from /usr/local/python/3.10.13/lib/python3.10/site-packages/airflow/example_dags/example_branch_datetime_operator.py
[2024-05-24T14:48:24.430+0000] {logging_mixin.py:188} INFO - [2024-05-24T14:48:24.430+0000] {dag.py:3096} INFO - Sync 3 DAGs
[2024-05-24T14:48:24.446+0000] {logging_mixin.py:188} INFO - [2024-05-24T14:48:24.446+0000] {dag.py:3954} INFO - Setting next_dagrun for example_branch_datetime_operator to 2024-05-23 00:00:00+00:00, run_after=2024-05-24 00:00:00+00:00
[2024-05-24T14:48:24.450+0000] {logging_mixin.py:188} INFO - [2024-05-24T14:48:24.450+0000] {dag.py:3954} INFO - Setting next_dagrun for example_branch_datetime_operator_2 to 2024-05-23 00:00:00+00:00, run_after=2024-05-24 00:00:00+00:00
[2024-05-24T14:48:24.452+0000] {logging_mixin.py:188} INFO - [2024-05-24T14:48:24.452+0000] {dag.py:3954} INFO - Setting next_dagrun for example_branch_datetime_operator_3 to 2024-05-23 00:00:00+00:00, run_after=2024-05-24 00:00:00+00:00
[2024-05-24T14:48:24.489+0000] {processor.py:183} INFO - Processing /usr/local/python/3.10.13/lib/python3.10/site-packages/airflow/example_dags/example_branch_datetime_operator.py took 0.093 seconds
[2024-05-24T14:49:27.968+0000] {processor.py:161} INFO - Started process (PID=62193) to work on /usr/local/python/3.10.13/lib/python3.10/site-packages/airflow/example_dags/example_branch_datetime_operator.py
[2024-05-24T14:49:27.971+0000] {processor.py:830} INFO - Processing file /usr/local/python/3.10.13/lib/python3.10/site-packages/airflow/example_dags/example_branch_datetime_operator.py for tasks to queue
[2024-05-24T14:49:27.973+0000] {logging_mixin.py:188} INFO - [2024-05-24T14:49:27.972+0000] {dagbag.py:545} INFO - Filling up the DagBag from /usr/local/python/3.10.13/lib/python3.10/site-packages/airflow/example_dags/example_branch_datetime_operator.py
[2024-05-24T14:49:27.982+0000] {processor.py:840} INFO - DAG(s) 'example_branch_datetime_operator_3', 'example_branch_datetime_operator_2', 'example_branch_datetime_operator' retrieved from /usr/local/python/3.10.13/lib/python3.10/site-packages/airflow/example_dags/example_branch_datetime_operator.py
[2024-05-24T14:49:27.998+0000] {logging_mixin.py:188} INFO - [2024-05-24T14:49:27.998+0000] {dag.py:3096} INFO - Sync 3 DAGs
[2024-05-24T14:49:28.015+0000] {logging_mixin.py:188} INFO - [2024-05-24T14:49:28.015+0000] {dag.py:3954} INFO - Setting next_dagrun for example_branch_datetime_operator to 2024-05-23 00:00:00+00:00, run_after=2024-05-24 00:00:00+00:00
[2024-05-24T14:49:28.019+0000] {logging_mixin.py:188} INFO - [2024-05-24T14:49:28.018+0000] {dag.py:3954} INFO - Setting next_dagrun for example_branch_datetime_operator_2 to 2024-05-23 00:00:00+00:00, run_after=2024-05-24 00:00:00+00:00
[2024-05-24T14:49:28.021+0000] {logging_mixin.py:188} INFO - [2024-05-24T14:49:28.021+0000] {dag.py:3954} INFO - Setting next_dagrun for example_branch_datetime_operator_3 to 2024-05-23 00:00:00+00:00, run_after=2024-05-24 00:00:00+00:00
[2024-05-24T14:49:28.059+0000] {processor.py:183} INFO - Processing /usr/local/python/3.10.13/lib/python3.10/site-packages/airflow/example_dags/example_branch_datetime_operator.py took 0.097 seconds
[2024-05-24T14:50:28.761+0000] {processor.py:161} INFO - Started process (PID=62718) to work on /usr/local/python/3.10.13/lib/python3.10/site-packages/airflow/example_dags/example_branch_datetime_operator.py
[2024-05-24T14:50:28.762+0000] {processor.py:830} INFO - Processing file /usr/local/python/3.10.13/lib/python3.10/site-packages/airflow/example_dags/example_branch_datetime_operator.py for tasks to queue
[2024-05-24T14:50:28.763+0000] {logging_mixin.py:188} INFO - [2024-05-24T14:50:28.763+0000] {dagbag.py:545} INFO - Filling up the DagBag from /usr/local/python/3.10.13/lib/python3.10/site-packages/airflow/example_dags/example_branch_datetime_operator.py
[2024-05-24T14:50:28.772+0000] {processor.py:840} INFO - DAG(s) 'example_branch_datetime_operator_2', 'example_branch_datetime_operator_3', 'example_branch_datetime_operator' retrieved from /usr/local/python/3.10.13/lib/python3.10/site-packages/airflow/example_dags/example_branch_datetime_operator.py
[2024-05-24T14:50:28.789+0000] {logging_mixin.py:188} INFO - [2024-05-24T14:50:28.789+0000] {dag.py:3096} INFO - Sync 3 DAGs
[2024-05-24T14:50:28.806+0000] {logging_mixin.py:188} INFO - [2024-05-24T14:50:28.805+0000] {dag.py:3954} INFO - Setting next_dagrun for example_branch_datetime_operator to 2024-05-23 00:00:00+00:00, run_after=2024-05-24 00:00:00+00:00
[2024-05-24T14:50:28.809+0000] {logging_mixin.py:188} INFO - [2024-05-24T14:50:28.809+0000] {dag.py:3954} INFO - Setting next_dagrun for example_branch_datetime_operator_2 to 2024-05-23 00:00:00+00:00, run_after=2024-05-24 00:00:00+00:00
[2024-05-24T14:50:28.811+0000] {logging_mixin.py:188} INFO - [2024-05-24T14:50:28.811+0000] {dag.py:3954} INFO - Setting next_dagrun for example_branch_datetime_operator_3 to 2024-05-23 00:00:00+00:00, run_after=2024-05-24 00:00:00+00:00
[2024-05-24T14:50:28.848+0000] {processor.py:183} INFO - Processing /usr/local/python/3.10.13/lib/python3.10/site-packages/airflow/example_dags/example_branch_datetime_operator.py took 0.092 seconds
[2024-05-24T14:51:34.674+0000] {processor.py:161} INFO - Started process (PID=63232) to work on /usr/local/python/3.10.13/lib/python3.10/site-packages/airflow/example_dags/example_branch_datetime_operator.py
[2024-05-24T14:51:34.675+0000] {processor.py:830} INFO - Processing file /usr/local/python/3.10.13/lib/python3.10/site-packages/airflow/example_dags/example_branch_datetime_operator.py for tasks to queue
[2024-05-24T14:51:34.676+0000] {logging_mixin.py:188} INFO - [2024-05-24T14:51:34.676+0000] {dagbag.py:545} INFO - Filling up the DagBag from /usr/local/python/3.10.13/lib/python3.10/site-packages/airflow/example_dags/example_branch_datetime_operator.py
[2024-05-24T14:51:34.685+0000] {processor.py:840} INFO - DAG(s) 'example_branch_datetime_operator_3', 'example_branch_datetime_operator_2', 'example_branch_datetime_operator' retrieved from /usr/local/python/3.10.13/lib/python3.10/site-packages/airflow/example_dags/example_branch_datetime_operator.py
[2024-05-24T14:51:34.701+0000] {logging_mixin.py:188} INFO - [2024-05-24T14:51:34.701+0000] {dag.py:3096} INFO - Sync 3 DAGs
[2024-05-24T14:51:34.718+0000] {logging_mixin.py:188} INFO - [2024-05-24T14:51:34.717+0000] {dag.py:3954} INFO - Setting next_dagrun for example_branch_datetime_operator to 2024-05-23 00:00:00+00:00, run_after=2024-05-24 00:00:00+00:00
[2024-05-24T14:51:34.722+0000] {logging_mixin.py:188} INFO - [2024-05-24T14:51:34.721+0000] {dag.py:3954} INFO - Setting next_dagrun for example_branch_datetime_operator_2 to 2024-05-23 00:00:00+00:00, run_after=2024-05-24 00:00:00+00:00
[2024-05-24T14:51:34.724+0000] {logging_mixin.py:188} INFO - [2024-05-24T14:51:34.724+0000] {dag.py:3954} INFO - Setting next_dagrun for example_branch_datetime_operator_3 to 2024-05-23 00:00:00+00:00, run_after=2024-05-24 00:00:00+00:00
[2024-05-24T14:51:34.761+0000] {processor.py:183} INFO - Processing /usr/local/python/3.10.13/lib/python3.10/site-packages/airflow/example_dags/example_branch_datetime_operator.py took 0.091 seconds
[2024-05-24T14:52:31.123+0000] {processor.py:161} INFO - Started process (PID=63648) to work on /usr/local/python/3.10.13/lib/python3.10/site-packages/airflow/example_dags/example_branch_datetime_operator.py
[2024-05-24T14:52:31.124+0000] {processor.py:830} INFO - Processing file /usr/local/python/3.10.13/lib/python3.10/site-packages/airflow/example_dags/example_branch_datetime_operator.py for tasks to queue
[2024-05-24T14:52:31.125+0000] {logging_mixin.py:188} INFO - [2024-05-24T14:52:31.125+0000] {dagbag.py:545} INFO - Filling up the DagBag from /usr/local/python/3.10.13/lib/python3.10/site-packages/airflow/example_dags/example_branch_datetime_operator.py
[2024-05-24T14:52:31.134+0000] {processor.py:840} INFO - DAG(s) 'example_branch_datetime_operator', 'example_branch_datetime_operator_3', 'example_branch_datetime_operator_2' retrieved from /usr/local/python/3.10.13/lib/python3.10/site-packages/airflow/example_dags/example_branch_datetime_operator.py
[2024-05-24T14:52:31.151+0000] {logging_mixin.py:188} INFO - [2024-05-24T14:52:31.150+0000] {dag.py:3096} INFO - Sync 3 DAGs
[2024-05-24T14:52:31.168+0000] {logging_mixin.py:188} INFO - [2024-05-24T14:52:31.168+0000] {dag.py:3954} INFO - Setting next_dagrun for example_branch_datetime_operator to 2024-05-23 00:00:00+00:00, run_after=2024-05-24 00:00:00+00:00
[2024-05-24T14:52:31.172+0000] {logging_mixin.py:188} INFO - [2024-05-24T14:52:31.172+0000] {dag.py:3954} INFO - Setting next_dagrun for example_branch_datetime_operator_2 to 2024-05-23 00:00:00+00:00, run_after=2024-05-24 00:00:00+00:00
[2024-05-24T14:52:31.174+0000] {logging_mixin.py:188} INFO - [2024-05-24T14:52:31.174+0000] {dag.py:3954} INFO - Setting next_dagrun for example_branch_datetime_operator_3 to 2024-05-23 00:00:00+00:00, run_after=2024-05-24 00:00:00+00:00
[2024-05-24T14:52:31.213+0000] {processor.py:183} INFO - Processing /usr/local/python/3.10.13/lib/python3.10/site-packages/airflow/example_dags/example_branch_datetime_operator.py took 0.095 seconds
[2024-05-24T14:53:32.310+0000] {processor.py:161} INFO - Started process (PID=64278) to work on /usr/local/python/3.10.13/lib/python3.10/site-packages/airflow/example_dags/example_branch_datetime_operator.py
[2024-05-24T14:53:32.311+0000] {processor.py:830} INFO - Processing file /usr/local/python/3.10.13/lib/python3.10/site-packages/airflow/example_dags/example_branch_datetime_operator.py for tasks to queue
[2024-05-24T14:53:32.312+0000] {logging_mixin.py:188} INFO - [2024-05-24T14:53:32.312+0000] {dagbag.py:545} INFO - Filling up the DagBag from /usr/local/python/3.10.13/lib/python3.10/site-packages/airflow/example_dags/example_branch_datetime_operator.py
[2024-05-24T14:53:32.321+0000] {processor.py:840} INFO - DAG(s) 'example_branch_datetime_operator_3', 'example_branch_datetime_operator', 'example_branch_datetime_operator_2' retrieved from /usr/local/python/3.10.13/lib/python3.10/site-packages/airflow/example_dags/example_branch_datetime_operator.py
[2024-05-24T14:53:32.338+0000] {logging_mixin.py:188} INFO - [2024-05-24T14:53:32.338+0000] {dag.py:3096} INFO - Sync 3 DAGs
[2024-05-24T14:53:32.355+0000] {logging_mixin.py:188} INFO - [2024-05-24T14:53:32.355+0000] {dag.py:3954} INFO - Setting next_dagrun for example_branch_datetime_operator to 2024-05-23 00:00:00+00:00, run_after=2024-05-24 00:00:00+00:00
[2024-05-24T14:53:32.359+0000] {logging_mixin.py:188} INFO - [2024-05-24T14:53:32.358+0000] {dag.py:3954} INFO - Setting next_dagrun for example_branch_datetime_operator_2 to 2024-05-23 00:00:00+00:00, run_after=2024-05-24 00:00:00+00:00
[2024-05-24T14:53:32.361+0000] {logging_mixin.py:188} INFO - [2024-05-24T14:53:32.361+0000] {dag.py:3954} INFO - Setting next_dagrun for example_branch_datetime_operator_3 to 2024-05-23 00:00:00+00:00, run_after=2024-05-24 00:00:00+00:00
[2024-05-24T14:53:32.398+0000] {processor.py:183} INFO - Processing /usr/local/python/3.10.13/lib/python3.10/site-packages/airflow/example_dags/example_branch_datetime_operator.py took 0.093 seconds
[2024-05-24T14:54:33.969+0000] {processor.py:161} INFO - Started process (PID=64898) to work on /usr/local/python/3.10.13/lib/python3.10/site-packages/airflow/example_dags/example_branch_datetime_operator.py
[2024-05-24T14:54:33.970+0000] {processor.py:830} INFO - Processing file /usr/local/python/3.10.13/lib/python3.10/site-packages/airflow/example_dags/example_branch_datetime_operator.py for tasks to queue
[2024-05-24T14:54:33.971+0000] {logging_mixin.py:188} INFO - [2024-05-24T14:54:33.971+0000] {dagbag.py:545} INFO - Filling up the DagBag from /usr/local/python/3.10.13/lib/python3.10/site-packages/airflow/example_dags/example_branch_datetime_operator.py
[2024-05-24T14:54:33.980+0000] {processor.py:840} INFO - DAG(s) 'example_branch_datetime_operator_3', 'example_branch_datetime_operator_2', 'example_branch_datetime_operator' retrieved from /usr/local/python/3.10.13/lib/python3.10/site-packages/airflow/example_dags/example_branch_datetime_operator.py
[2024-05-24T14:54:33.996+0000] {logging_mixin.py:188} INFO - [2024-05-24T14:54:33.995+0000] {dag.py:3096} INFO - Sync 3 DAGs
[2024-05-24T14:54:34.012+0000] {logging_mixin.py:188} INFO - [2024-05-24T14:54:34.012+0000] {dag.py:3954} INFO - Setting next_dagrun for example_branch_datetime_operator to 2024-05-23 00:00:00+00:00, run_after=2024-05-24 00:00:00+00:00
[2024-05-24T14:54:34.016+0000] {logging_mixin.py:188} INFO - [2024-05-24T14:54:34.016+0000] {dag.py:3954} INFO - Setting next_dagrun for example_branch_datetime_operator_2 to 2024-05-23 00:00:00+00:00, run_after=2024-05-24 00:00:00+00:00
[2024-05-24T14:54:34.018+0000] {logging_mixin.py:188} INFO - [2024-05-24T14:54:34.018+0000] {dag.py:3954} INFO - Setting next_dagrun for example_branch_datetime_operator_3 to 2024-05-23 00:00:00+00:00, run_after=2024-05-24 00:00:00+00:00
[2024-05-24T14:54:34.060+0000] {processor.py:183} INFO - Processing /usr/local/python/3.10.13/lib/python3.10/site-packages/airflow/example_dags/example_branch_datetime_operator.py took 0.096 seconds
[2024-05-24T14:55:32.656+0000] {processor.py:161} INFO - Started process (PID=65586) to work on /usr/local/python/3.10.13/lib/python3.10/site-packages/airflow/example_dags/example_branch_datetime_operator.py
[2024-05-24T14:55:32.656+0000] {processor.py:830} INFO - Processing file /usr/local/python/3.10.13/lib/python3.10/site-packages/airflow/example_dags/example_branch_datetime_operator.py for tasks to queue
[2024-05-24T14:55:32.658+0000] {logging_mixin.py:188} INFO - [2024-05-24T14:55:32.657+0000] {dagbag.py:545} INFO - Filling up the DagBag from /usr/local/python/3.10.13/lib/python3.10/site-packages/airflow/example_dags/example_branch_datetime_operator.py
[2024-05-24T14:55:32.667+0000] {processor.py:840} INFO - DAG(s) 'example_branch_datetime_operator', 'example_branch_datetime_operator_3', 'example_branch_datetime_operator_2' retrieved from /usr/local/python/3.10.13/lib/python3.10/site-packages/airflow/example_dags/example_branch_datetime_operator.py
[2024-05-24T14:55:32.682+0000] {logging_mixin.py:188} INFO - [2024-05-24T14:55:32.682+0000] {dag.py:3096} INFO - Sync 3 DAGs
[2024-05-24T14:55:32.698+0000] {logging_mixin.py:188} INFO - [2024-05-24T14:55:32.698+0000] {dag.py:3954} INFO - Setting next_dagrun for example_branch_datetime_operator to 2024-05-23 00:00:00+00:00, run_after=2024-05-24 00:00:00+00:00
[2024-05-24T14:55:32.702+0000] {logging_mixin.py:188} INFO - [2024-05-24T14:55:32.702+0000] {dag.py:3954} INFO - Setting next_dagrun for example_branch_datetime_operator_2 to 2024-05-23 00:00:00+00:00, run_after=2024-05-24 00:00:00+00:00
[2024-05-24T14:55:32.704+0000] {logging_mixin.py:188} INFO - [2024-05-24T14:55:32.704+0000] {dag.py:3954} INFO - Setting next_dagrun for example_branch_datetime_operator_3 to 2024-05-23 00:00:00+00:00, run_after=2024-05-24 00:00:00+00:00
[2024-05-24T14:55:32.742+0000] {processor.py:183} INFO - Processing /usr/local/python/3.10.13/lib/python3.10/site-packages/airflow/example_dags/example_branch_datetime_operator.py took 0.091 seconds
[2024-05-24T14:56:32.379+0000] {processor.py:161} INFO - Started process (PID=66311) to work on /usr/local/python/3.10.13/lib/python3.10/site-packages/airflow/example_dags/example_branch_datetime_operator.py
[2024-05-24T14:56:32.380+0000] {processor.py:830} INFO - Processing file /usr/local/python/3.10.13/lib/python3.10/site-packages/airflow/example_dags/example_branch_datetime_operator.py for tasks to queue
[2024-05-24T14:56:32.381+0000] {logging_mixin.py:188} INFO - [2024-05-24T14:56:32.381+0000] {dagbag.py:545} INFO - Filling up the DagBag from /usr/local/python/3.10.13/lib/python3.10/site-packages/airflow/example_dags/example_branch_datetime_operator.py
[2024-05-24T14:56:32.390+0000] {processor.py:840} INFO - DAG(s) 'example_branch_datetime_operator', 'example_branch_datetime_operator_3', 'example_branch_datetime_operator_2' retrieved from /usr/local/python/3.10.13/lib/python3.10/site-packages/airflow/example_dags/example_branch_datetime_operator.py
[2024-05-24T14:56:32.407+0000] {logging_mixin.py:188} INFO - [2024-05-24T14:56:32.407+0000] {dag.py:3096} INFO - Sync 3 DAGs
[2024-05-24T14:56:32.430+0000] {logging_mixin.py:188} INFO - [2024-05-24T14:56:32.430+0000] {dag.py:3954} INFO - Setting next_dagrun for example_branch_datetime_operator to 2024-05-23 00:00:00+00:00, run_after=2024-05-24 00:00:00+00:00
[2024-05-24T14:56:32.438+0000] {logging_mixin.py:188} INFO - [2024-05-24T14:56:32.437+0000] {dag.py:3954} INFO - Setting next_dagrun for example_branch_datetime_operator_2 to 2024-05-23 00:00:00+00:00, run_after=2024-05-24 00:00:00+00:00
[2024-05-24T14:56:32.440+0000] {logging_mixin.py:188} INFO - [2024-05-24T14:56:32.440+0000] {dag.py:3954} INFO - Setting next_dagrun for example_branch_datetime_operator_3 to 2024-05-23 00:00:00+00:00, run_after=2024-05-24 00:00:00+00:00
[2024-05-24T14:56:32.485+0000] {processor.py:183} INFO - Processing /usr/local/python/3.10.13/lib/python3.10/site-packages/airflow/example_dags/example_branch_datetime_operator.py took 0.111 seconds
[2024-05-24T14:57:36.695+0000] {processor.py:161} INFO - Started process (PID=66851) to work on /usr/local/python/3.10.13/lib/python3.10/site-packages/airflow/example_dags/example_branch_datetime_operator.py
[2024-05-24T14:57:36.696+0000] {processor.py:830} INFO - Processing file /usr/local/python/3.10.13/lib/python3.10/site-packages/airflow/example_dags/example_branch_datetime_operator.py for tasks to queue
[2024-05-24T14:57:36.698+0000] {logging_mixin.py:188} INFO - [2024-05-24T14:57:36.697+0000] {dagbag.py:545} INFO - Filling up the DagBag from /usr/local/python/3.10.13/lib/python3.10/site-packages/airflow/example_dags/example_branch_datetime_operator.py
[2024-05-24T14:57:36.706+0000] {processor.py:840} INFO - DAG(s) 'example_branch_datetime_operator_3', 'example_branch_datetime_operator', 'example_branch_datetime_operator_2' retrieved from /usr/local/python/3.10.13/lib/python3.10/site-packages/airflow/example_dags/example_branch_datetime_operator.py
[2024-05-24T14:57:36.723+0000] {logging_mixin.py:188} INFO - [2024-05-24T14:57:36.722+0000] {dag.py:3096} INFO - Sync 3 DAGs
[2024-05-24T14:57:36.739+0000] {logging_mixin.py:188} INFO - [2024-05-24T14:57:36.739+0000] {dag.py:3954} INFO - Setting next_dagrun for example_branch_datetime_operator to 2024-05-23 00:00:00+00:00, run_after=2024-05-24 00:00:00+00:00
[2024-05-24T14:57:36.743+0000] {logging_mixin.py:188} INFO - [2024-05-24T14:57:36.743+0000] {dag.py:3954} INFO - Setting next_dagrun for example_branch_datetime_operator_2 to 2024-05-23 00:00:00+00:00, run_after=2024-05-24 00:00:00+00:00
[2024-05-24T14:57:36.745+0000] {logging_mixin.py:188} INFO - [2024-05-24T14:57:36.745+0000] {dag.py:3954} INFO - Setting next_dagrun for example_branch_datetime_operator_3 to 2024-05-23 00:00:00+00:00, run_after=2024-05-24 00:00:00+00:00
[2024-05-24T14:57:36.783+0000] {processor.py:183} INFO - Processing /usr/local/python/3.10.13/lib/python3.10/site-packages/airflow/example_dags/example_branch_datetime_operator.py took 0.092 seconds
[2024-05-24T14:58:38.832+0000] {processor.py:161} INFO - Started process (PID=67354) to work on /usr/local/python/3.10.13/lib/python3.10/site-packages/airflow/example_dags/example_branch_datetime_operator.py
[2024-05-24T14:58:38.833+0000] {processor.py:830} INFO - Processing file /usr/local/python/3.10.13/lib/python3.10/site-packages/airflow/example_dags/example_branch_datetime_operator.py for tasks to queue
[2024-05-24T14:58:38.834+0000] {logging_mixin.py:188} INFO - [2024-05-24T14:58:38.834+0000] {dagbag.py:545} INFO - Filling up the DagBag from /usr/local/python/3.10.13/lib/python3.10/site-packages/airflow/example_dags/example_branch_datetime_operator.py
[2024-05-24T14:58:38.843+0000] {processor.py:840} INFO - DAG(s) 'example_branch_datetime_operator_2', 'example_branch_datetime_operator_3', 'example_branch_datetime_operator' retrieved from /usr/local/python/3.10.13/lib/python3.10/site-packages/airflow/example_dags/example_branch_datetime_operator.py
[2024-05-24T14:58:38.859+0000] {logging_mixin.py:188} INFO - [2024-05-24T14:58:38.859+0000] {dag.py:3096} INFO - Sync 3 DAGs
[2024-05-24T14:58:38.876+0000] {logging_mixin.py:188} INFO - [2024-05-24T14:58:38.876+0000] {dag.py:3954} INFO - Setting next_dagrun for example_branch_datetime_operator to 2024-05-23 00:00:00+00:00, run_after=2024-05-24 00:00:00+00:00
[2024-05-24T14:58:38.880+0000] {logging_mixin.py:188} INFO - [2024-05-24T14:58:38.880+0000] {dag.py:3954} INFO - Setting next_dagrun for example_branch_datetime_operator_2 to 2024-05-23 00:00:00+00:00, run_after=2024-05-24 00:00:00+00:00
[2024-05-24T14:58:38.882+0000] {logging_mixin.py:188} INFO - [2024-05-24T14:58:38.882+0000] {dag.py:3954} INFO - Setting next_dagrun for example_branch_datetime_operator_3 to 2024-05-23 00:00:00+00:00, run_after=2024-05-24 00:00:00+00:00
[2024-05-24T14:58:38.922+0000] {processor.py:183} INFO - Processing /usr/local/python/3.10.13/lib/python3.10/site-packages/airflow/example_dags/example_branch_datetime_operator.py took 0.094 seconds
[2024-05-24T14:59:41.520+0000] {processor.py:161} INFO - Started process (PID=67792) to work on /usr/local/python/3.10.13/lib/python3.10/site-packages/airflow/example_dags/example_branch_datetime_operator.py
[2024-05-24T14:59:41.521+0000] {processor.py:830} INFO - Processing file /usr/local/python/3.10.13/lib/python3.10/site-packages/airflow/example_dags/example_branch_datetime_operator.py for tasks to queue
[2024-05-24T14:59:41.522+0000] {logging_mixin.py:188} INFO - [2024-05-24T14:59:41.522+0000] {dagbag.py:545} INFO - Filling up the DagBag from /usr/local/python/3.10.13/lib/python3.10/site-packages/airflow/example_dags/example_branch_datetime_operator.py
[2024-05-24T14:59:41.531+0000] {processor.py:840} INFO - DAG(s) 'example_branch_datetime_operator_3', 'example_branch_datetime_operator_2', 'example_branch_datetime_operator' retrieved from /usr/local/python/3.10.13/lib/python3.10/site-packages/airflow/example_dags/example_branch_datetime_operator.py
[2024-05-24T14:59:41.548+0000] {logging_mixin.py:188} INFO - [2024-05-24T14:59:41.547+0000] {dag.py:3096} INFO - Sync 3 DAGs
[2024-05-24T14:59:41.564+0000] {logging_mixin.py:188} INFO - [2024-05-24T14:59:41.564+0000] {dag.py:3954} INFO - Setting next_dagrun for example_branch_datetime_operator to 2024-05-23 00:00:00+00:00, run_after=2024-05-24 00:00:00+00:00
[2024-05-24T14:59:41.569+0000] {logging_mixin.py:188} INFO - [2024-05-24T14:59:41.569+0000] {dag.py:3954} INFO - Setting next_dagrun for example_branch_datetime_operator_2 to 2024-05-23 00:00:00+00:00, run_after=2024-05-24 00:00:00+00:00
[2024-05-24T14:59:41.571+0000] {logging_mixin.py:188} INFO - [2024-05-24T14:59:41.571+0000] {dag.py:3954} INFO - Setting next_dagrun for example_branch_datetime_operator_3 to 2024-05-23 00:00:00+00:00, run_after=2024-05-24 00:00:00+00:00
[2024-05-24T14:59:41.623+0000] {processor.py:183} INFO - Processing /usr/local/python/3.10.13/lib/python3.10/site-packages/airflow/example_dags/example_branch_datetime_operator.py took 0.108 seconds
[2024-05-24T15:00:44.741+0000] {processor.py:161} INFO - Started process (PID=68229) to work on /usr/local/python/3.10.13/lib/python3.10/site-packages/airflow/example_dags/example_branch_datetime_operator.py
[2024-05-24T15:00:44.742+0000] {processor.py:830} INFO - Processing file /usr/local/python/3.10.13/lib/python3.10/site-packages/airflow/example_dags/example_branch_datetime_operator.py for tasks to queue
[2024-05-24T15:00:44.744+0000] {logging_mixin.py:188} INFO - [2024-05-24T15:00:44.743+0000] {dagbag.py:545} INFO - Filling up the DagBag from /usr/local/python/3.10.13/lib/python3.10/site-packages/airflow/example_dags/example_branch_datetime_operator.py
[2024-05-24T15:00:44.752+0000] {processor.py:840} INFO - DAG(s) 'example_branch_datetime_operator', 'example_branch_datetime_operator_2', 'example_branch_datetime_operator_3' retrieved from /usr/local/python/3.10.13/lib/python3.10/site-packages/airflow/example_dags/example_branch_datetime_operator.py
[2024-05-24T15:00:44.769+0000] {logging_mixin.py:188} INFO - [2024-05-24T15:00:44.769+0000] {dag.py:3096} INFO - Sync 3 DAGs
[2024-05-24T15:00:44.785+0000] {logging_mixin.py:188} INFO - [2024-05-24T15:00:44.785+0000] {dag.py:3954} INFO - Setting next_dagrun for example_branch_datetime_operator to 2024-05-23 00:00:00+00:00, run_after=2024-05-24 00:00:00+00:00
[2024-05-24T15:00:44.789+0000] {logging_mixin.py:188} INFO - [2024-05-24T15:00:44.789+0000] {dag.py:3954} INFO - Setting next_dagrun for example_branch_datetime_operator_2 to 2024-05-23 00:00:00+00:00, run_after=2024-05-24 00:00:00+00:00
[2024-05-24T15:00:44.791+0000] {logging_mixin.py:188} INFO - [2024-05-24T15:00:44.791+0000] {dag.py:3954} INFO - Setting next_dagrun for example_branch_datetime_operator_3 to 2024-05-23 00:00:00+00:00, run_after=2024-05-24 00:00:00+00:00
[2024-05-24T15:00:44.835+0000] {processor.py:183} INFO - Processing /usr/local/python/3.10.13/lib/python3.10/site-packages/airflow/example_dags/example_branch_datetime_operator.py took 0.098 seconds
[2024-05-24T15:01:47.770+0000] {processor.py:161} INFO - Started process (PID=68670) to work on /usr/local/python/3.10.13/lib/python3.10/site-packages/airflow/example_dags/example_branch_datetime_operator.py
[2024-05-24T15:01:47.770+0000] {processor.py:830} INFO - Processing file /usr/local/python/3.10.13/lib/python3.10/site-packages/airflow/example_dags/example_branch_datetime_operator.py for tasks to queue
[2024-05-24T15:01:47.772+0000] {logging_mixin.py:188} INFO - [2024-05-24T15:01:47.771+0000] {dagbag.py:545} INFO - Filling up the DagBag from /usr/local/python/3.10.13/lib/python3.10/site-packages/airflow/example_dags/example_branch_datetime_operator.py
[2024-05-24T15:01:47.780+0000] {processor.py:840} INFO - DAG(s) 'example_branch_datetime_operator_2', 'example_branch_datetime_operator', 'example_branch_datetime_operator_3' retrieved from /usr/local/python/3.10.13/lib/python3.10/site-packages/airflow/example_dags/example_branch_datetime_operator.py
[2024-05-24T15:01:47.797+0000] {logging_mixin.py:188} INFO - [2024-05-24T15:01:47.797+0000] {dag.py:3096} INFO - Sync 3 DAGs
[2024-05-24T15:01:47.815+0000] {logging_mixin.py:188} INFO - [2024-05-24T15:01:47.815+0000] {dag.py:3954} INFO - Setting next_dagrun for example_branch_datetime_operator to 2024-05-23 00:00:00+00:00, run_after=2024-05-24 00:00:00+00:00
[2024-05-24T15:01:47.819+0000] {logging_mixin.py:188} INFO - [2024-05-24T15:01:47.819+0000] {dag.py:3954} INFO - Setting next_dagrun for example_branch_datetime_operator_2 to 2024-05-23 00:00:00+00:00, run_after=2024-05-24 00:00:00+00:00
[2024-05-24T15:01:47.821+0000] {logging_mixin.py:188} INFO - [2024-05-24T15:01:47.821+0000] {dag.py:3954} INFO - Setting next_dagrun for example_branch_datetime_operator_3 to 2024-05-23 00:00:00+00:00, run_after=2024-05-24 00:00:00+00:00
[2024-05-24T15:01:47.858+0000] {processor.py:183} INFO - Processing /usr/local/python/3.10.13/lib/python3.10/site-packages/airflow/example_dags/example_branch_datetime_operator.py took 0.093 seconds
[2024-05-24T15:02:47.291+0000] {processor.py:161} INFO - Started process (PID=69122) to work on /usr/local/python/3.10.13/lib/python3.10/site-packages/airflow/example_dags/example_branch_datetime_operator.py
[2024-05-24T15:02:47.292+0000] {processor.py:830} INFO - Processing file /usr/local/python/3.10.13/lib/python3.10/site-packages/airflow/example_dags/example_branch_datetime_operator.py for tasks to queue
[2024-05-24T15:02:47.293+0000] {logging_mixin.py:188} INFO - [2024-05-24T15:02:47.293+0000] {dagbag.py:545} INFO - Filling up the DagBag from /usr/local/python/3.10.13/lib/python3.10/site-packages/airflow/example_dags/example_branch_datetime_operator.py
[2024-05-24T15:02:47.302+0000] {processor.py:840} INFO - DAG(s) 'example_branch_datetime_operator', 'example_branch_datetime_operator_3', 'example_branch_datetime_operator_2' retrieved from /usr/local/python/3.10.13/lib/python3.10/site-packages/airflow/example_dags/example_branch_datetime_operator.py
[2024-05-24T15:02:47.318+0000] {logging_mixin.py:188} INFO - [2024-05-24T15:02:47.317+0000] {dag.py:3096} INFO - Sync 3 DAGs
[2024-05-24T15:02:47.334+0000] {logging_mixin.py:188} INFO - [2024-05-24T15:02:47.334+0000] {dag.py:3954} INFO - Setting next_dagrun for example_branch_datetime_operator to 2024-05-23 00:00:00+00:00, run_after=2024-05-24 00:00:00+00:00
[2024-05-24T15:02:47.339+0000] {logging_mixin.py:188} INFO - [2024-05-24T15:02:47.339+0000] {dag.py:3954} INFO - Setting next_dagrun for example_branch_datetime_operator_2 to 2024-05-23 00:00:00+00:00, run_after=2024-05-24 00:00:00+00:00
[2024-05-24T15:02:47.342+0000] {logging_mixin.py:188} INFO - [2024-05-24T15:02:47.342+0000] {dag.py:3954} INFO - Setting next_dagrun for example_branch_datetime_operator_3 to 2024-05-23 00:00:00+00:00, run_after=2024-05-24 00:00:00+00:00
[2024-05-24T15:02:47.392+0000] {processor.py:183} INFO - Processing /usr/local/python/3.10.13/lib/python3.10/site-packages/airflow/example_dags/example_branch_datetime_operator.py took 0.106 seconds
[2024-05-24T15:03:49.454+0000] {processor.py:161} INFO - Started process (PID=69594) to work on /usr/local/python/3.10.13/lib/python3.10/site-packages/airflow/example_dags/example_branch_datetime_operator.py
[2024-05-24T15:03:49.455+0000] {processor.py:830} INFO - Processing file /usr/local/python/3.10.13/lib/python3.10/site-packages/airflow/example_dags/example_branch_datetime_operator.py for tasks to queue
[2024-05-24T15:03:49.456+0000] {logging_mixin.py:188} INFO - [2024-05-24T15:03:49.456+0000] {dagbag.py:545} INFO - Filling up the DagBag from /usr/local/python/3.10.13/lib/python3.10/site-packages/airflow/example_dags/example_branch_datetime_operator.py
[2024-05-24T15:03:49.466+0000] {processor.py:840} INFO - DAG(s) 'example_branch_datetime_operator', 'example_branch_datetime_operator_2', 'example_branch_datetime_operator_3' retrieved from /usr/local/python/3.10.13/lib/python3.10/site-packages/airflow/example_dags/example_branch_datetime_operator.py
[2024-05-24T15:03:49.482+0000] {logging_mixin.py:188} INFO - [2024-05-24T15:03:49.482+0000] {dag.py:3096} INFO - Sync 3 DAGs
[2024-05-24T15:03:49.506+0000] {logging_mixin.py:188} INFO - [2024-05-24T15:03:49.506+0000] {dag.py:3954} INFO - Setting next_dagrun for example_branch_datetime_operator to 2024-05-23 00:00:00+00:00, run_after=2024-05-24 00:00:00+00:00
[2024-05-24T15:03:49.512+0000] {logging_mixin.py:188} INFO - [2024-05-24T15:03:49.512+0000] {dag.py:3954} INFO - Setting next_dagrun for example_branch_datetime_operator_2 to 2024-05-23 00:00:00+00:00, run_after=2024-05-24 00:00:00+00:00
[2024-05-24T15:03:49.515+0000] {logging_mixin.py:188} INFO - [2024-05-24T15:03:49.515+0000] {dag.py:3954} INFO - Setting next_dagrun for example_branch_datetime_operator_3 to 2024-05-23 00:00:00+00:00, run_after=2024-05-24 00:00:00+00:00
[2024-05-24T15:03:49.554+0000] {processor.py:183} INFO - Processing /usr/local/python/3.10.13/lib/python3.10/site-packages/airflow/example_dags/example_branch_datetime_operator.py took 0.105 seconds
[2024-05-24T15:04:54.206+0000] {processor.py:161} INFO - Started process (PID=70087) to work on /usr/local/python/3.10.13/lib/python3.10/site-packages/airflow/example_dags/example_branch_datetime_operator.py
[2024-05-24T15:04:54.207+0000] {processor.py:830} INFO - Processing file /usr/local/python/3.10.13/lib/python3.10/site-packages/airflow/example_dags/example_branch_datetime_operator.py for tasks to queue
[2024-05-24T15:04:54.208+0000] {logging_mixin.py:188} INFO - [2024-05-24T15:04:54.208+0000] {dagbag.py:545} INFO - Filling up the DagBag from /usr/local/python/3.10.13/lib/python3.10/site-packages/airflow/example_dags/example_branch_datetime_operator.py
[2024-05-24T15:04:54.217+0000] {processor.py:840} INFO - DAG(s) 'example_branch_datetime_operator_2', 'example_branch_datetime_operator_3', 'example_branch_datetime_operator' retrieved from /usr/local/python/3.10.13/lib/python3.10/site-packages/airflow/example_dags/example_branch_datetime_operator.py
[2024-05-24T15:04:54.233+0000] {logging_mixin.py:188} INFO - [2024-05-24T15:04:54.233+0000] {dag.py:3096} INFO - Sync 3 DAGs
[2024-05-24T15:04:54.249+0000] {logging_mixin.py:188} INFO - [2024-05-24T15:04:54.249+0000] {dag.py:3954} INFO - Setting next_dagrun for example_branch_datetime_operator to 2024-05-23 00:00:00+00:00, run_after=2024-05-24 00:00:00+00:00
[2024-05-24T15:04:54.253+0000] {logging_mixin.py:188} INFO - [2024-05-24T15:04:54.253+0000] {dag.py:3954} INFO - Setting next_dagrun for example_branch_datetime_operator_2 to 2024-05-23 00:00:00+00:00, run_after=2024-05-24 00:00:00+00:00
[2024-05-24T15:04:54.255+0000] {logging_mixin.py:188} INFO - [2024-05-24T15:04:54.255+0000] {dag.py:3954} INFO - Setting next_dagrun for example_branch_datetime_operator_3 to 2024-05-23 00:00:00+00:00, run_after=2024-05-24 00:00:00+00:00
[2024-05-24T15:04:54.291+0000] {processor.py:183} INFO - Processing /usr/local/python/3.10.13/lib/python3.10/site-packages/airflow/example_dags/example_branch_datetime_operator.py took 0.089 seconds
[2024-05-24T15:06:01.295+0000] {processor.py:161} INFO - Started process (PID=70583) to work on /usr/local/python/3.10.13/lib/python3.10/site-packages/airflow/example_dags/example_branch_datetime_operator.py
[2024-05-24T15:06:01.295+0000] {processor.py:830} INFO - Processing file /usr/local/python/3.10.13/lib/python3.10/site-packages/airflow/example_dags/example_branch_datetime_operator.py for tasks to queue
[2024-05-24T15:06:01.297+0000] {logging_mixin.py:188} INFO - [2024-05-24T15:06:01.296+0000] {dagbag.py:545} INFO - Filling up the DagBag from /usr/local/python/3.10.13/lib/python3.10/site-packages/airflow/example_dags/example_branch_datetime_operator.py
[2024-05-24T15:06:01.305+0000] {processor.py:840} INFO - DAG(s) 'example_branch_datetime_operator', 'example_branch_datetime_operator_3', 'example_branch_datetime_operator_2' retrieved from /usr/local/python/3.10.13/lib/python3.10/site-packages/airflow/example_dags/example_branch_datetime_operator.py
[2024-05-24T15:06:01.322+0000] {logging_mixin.py:188} INFO - [2024-05-24T15:06:01.322+0000] {dag.py:3096} INFO - Sync 3 DAGs
[2024-05-24T15:06:01.339+0000] {logging_mixin.py:188} INFO - [2024-05-24T15:06:01.338+0000] {dag.py:3954} INFO - Setting next_dagrun for example_branch_datetime_operator to 2024-05-23 00:00:00+00:00, run_after=2024-05-24 00:00:00+00:00
[2024-05-24T15:06:01.342+0000] {logging_mixin.py:188} INFO - [2024-05-24T15:06:01.342+0000] {dag.py:3954} INFO - Setting next_dagrun for example_branch_datetime_operator_2 to 2024-05-23 00:00:00+00:00, run_after=2024-05-24 00:00:00+00:00
[2024-05-24T15:06:01.344+0000] {logging_mixin.py:188} INFO - [2024-05-24T15:06:01.344+0000] {dag.py:3954} INFO - Setting next_dagrun for example_branch_datetime_operator_3 to 2024-05-23 00:00:00+00:00, run_after=2024-05-24 00:00:00+00:00
[2024-05-24T15:06:01.380+0000] {processor.py:183} INFO - Processing /usr/local/python/3.10.13/lib/python3.10/site-packages/airflow/example_dags/example_branch_datetime_operator.py took 0.090 seconds
[2024-05-24T15:07:04.728+0000] {processor.py:161} INFO - Started process (PID=71059) to work on /usr/local/python/3.10.13/lib/python3.10/site-packages/airflow/example_dags/example_branch_datetime_operator.py
[2024-05-24T15:07:04.729+0000] {processor.py:830} INFO - Processing file /usr/local/python/3.10.13/lib/python3.10/site-packages/airflow/example_dags/example_branch_datetime_operator.py for tasks to queue
[2024-05-24T15:07:04.731+0000] {logging_mixin.py:188} INFO - [2024-05-24T15:07:04.731+0000] {dagbag.py:545} INFO - Filling up the DagBag from /usr/local/python/3.10.13/lib/python3.10/site-packages/airflow/example_dags/example_branch_datetime_operator.py
[2024-05-24T15:07:04.740+0000] {processor.py:840} INFO - DAG(s) 'example_branch_datetime_operator_3', 'example_branch_datetime_operator', 'example_branch_datetime_operator_2' retrieved from /usr/local/python/3.10.13/lib/python3.10/site-packages/airflow/example_dags/example_branch_datetime_operator.py
[2024-05-24T15:07:04.757+0000] {logging_mixin.py:188} INFO - [2024-05-24T15:07:04.756+0000] {dag.py:3096} INFO - Sync 3 DAGs
[2024-05-24T15:07:04.773+0000] {logging_mixin.py:188} INFO - [2024-05-24T15:07:04.773+0000] {dag.py:3954} INFO - Setting next_dagrun for example_branch_datetime_operator to 2024-05-23 00:00:00+00:00, run_after=2024-05-24 00:00:00+00:00
[2024-05-24T15:07:04.777+0000] {logging_mixin.py:188} INFO - [2024-05-24T15:07:04.777+0000] {dag.py:3954} INFO - Setting next_dagrun for example_branch_datetime_operator_2 to 2024-05-23 00:00:00+00:00, run_after=2024-05-24 00:00:00+00:00
[2024-05-24T15:07:04.779+0000] {logging_mixin.py:188} INFO - [2024-05-24T15:07:04.779+0000] {dag.py:3954} INFO - Setting next_dagrun for example_branch_datetime_operator_3 to 2024-05-23 00:00:00+00:00, run_after=2024-05-24 00:00:00+00:00
[2024-05-24T15:07:04.826+0000] {processor.py:183} INFO - Processing /usr/local/python/3.10.13/lib/python3.10/site-packages/airflow/example_dags/example_branch_datetime_operator.py took 0.106 seconds
[2024-05-24T15:08:11.758+0000] {processor.py:161} INFO - Started process (PID=71567) to work on /usr/local/python/3.10.13/lib/python3.10/site-packages/airflow/example_dags/example_branch_datetime_operator.py
[2024-05-24T15:08:11.758+0000] {processor.py:830} INFO - Processing file /usr/local/python/3.10.13/lib/python3.10/site-packages/airflow/example_dags/example_branch_datetime_operator.py for tasks to queue
[2024-05-24T15:08:11.760+0000] {logging_mixin.py:188} INFO - [2024-05-24T15:08:11.759+0000] {dagbag.py:545} INFO - Filling up the DagBag from /usr/local/python/3.10.13/lib/python3.10/site-packages/airflow/example_dags/example_branch_datetime_operator.py
[2024-05-24T15:08:11.768+0000] {processor.py:840} INFO - DAG(s) 'example_branch_datetime_operator_3', 'example_branch_datetime_operator_2', 'example_branch_datetime_operator' retrieved from /usr/local/python/3.10.13/lib/python3.10/site-packages/airflow/example_dags/example_branch_datetime_operator.py
[2024-05-24T15:08:11.785+0000] {logging_mixin.py:188} INFO - [2024-05-24T15:08:11.785+0000] {dag.py:3096} INFO - Sync 3 DAGs
[2024-05-24T15:08:11.802+0000] {logging_mixin.py:188} INFO - [2024-05-24T15:08:11.802+0000] {dag.py:3954} INFO - Setting next_dagrun for example_branch_datetime_operator to 2024-05-23 00:00:00+00:00, run_after=2024-05-24 00:00:00+00:00
[2024-05-24T15:08:11.806+0000] {logging_mixin.py:188} INFO - [2024-05-24T15:08:11.806+0000] {dag.py:3954} INFO - Setting next_dagrun for example_branch_datetime_operator_2 to 2024-05-23 00:00:00+00:00, run_after=2024-05-24 00:00:00+00:00
[2024-05-24T15:08:11.808+0000] {logging_mixin.py:188} INFO - [2024-05-24T15:08:11.808+0000] {dag.py:3954} INFO - Setting next_dagrun for example_branch_datetime_operator_3 to 2024-05-23 00:00:00+00:00, run_after=2024-05-24 00:00:00+00:00
[2024-05-24T15:08:11.847+0000] {processor.py:183} INFO - Processing /usr/local/python/3.10.13/lib/python3.10/site-packages/airflow/example_dags/example_branch_datetime_operator.py took 0.094 seconds
[2024-05-24T15:09:11.517+0000] {processor.py:161} INFO - Started process (PID=72017) to work on /usr/local/python/3.10.13/lib/python3.10/site-packages/airflow/example_dags/example_branch_datetime_operator.py
[2024-05-24T15:09:11.518+0000] {processor.py:830} INFO - Processing file /usr/local/python/3.10.13/lib/python3.10/site-packages/airflow/example_dags/example_branch_datetime_operator.py for tasks to queue
[2024-05-24T15:09:11.519+0000] {logging_mixin.py:188} INFO - [2024-05-24T15:09:11.519+0000] {dagbag.py:545} INFO - Filling up the DagBag from /usr/local/python/3.10.13/lib/python3.10/site-packages/airflow/example_dags/example_branch_datetime_operator.py
[2024-05-24T15:09:11.528+0000] {processor.py:840} INFO - DAG(s) 'example_branch_datetime_operator', 'example_branch_datetime_operator_2', 'example_branch_datetime_operator_3' retrieved from /usr/local/python/3.10.13/lib/python3.10/site-packages/airflow/example_dags/example_branch_datetime_operator.py
[2024-05-24T15:09:11.545+0000] {logging_mixin.py:188} INFO - [2024-05-24T15:09:11.544+0000] {dag.py:3096} INFO - Sync 3 DAGs
[2024-05-24T15:09:11.561+0000] {logging_mixin.py:188} INFO - [2024-05-24T15:09:11.561+0000] {dag.py:3954} INFO - Setting next_dagrun for example_branch_datetime_operator to 2024-05-23 00:00:00+00:00, run_after=2024-05-24 00:00:00+00:00
[2024-05-24T15:09:11.565+0000] {logging_mixin.py:188} INFO - [2024-05-24T15:09:11.564+0000] {dag.py:3954} INFO - Setting next_dagrun for example_branch_datetime_operator_2 to 2024-05-23 00:00:00+00:00, run_after=2024-05-24 00:00:00+00:00
[2024-05-24T15:09:11.567+0000] {logging_mixin.py:188} INFO - [2024-05-24T15:09:11.566+0000] {dag.py:3954} INFO - Setting next_dagrun for example_branch_datetime_operator_3 to 2024-05-23 00:00:00+00:00, run_after=2024-05-24 00:00:00+00:00
[2024-05-24T15:09:11.604+0000] {processor.py:183} INFO - Processing /usr/local/python/3.10.13/lib/python3.10/site-packages/airflow/example_dags/example_branch_datetime_operator.py took 0.092 seconds
[2024-05-24T15:10:12.774+0000] {processor.py:161} INFO - Started process (PID=72475) to work on /usr/local/python/3.10.13/lib/python3.10/site-packages/airflow/example_dags/example_branch_datetime_operator.py
[2024-05-24T15:10:12.775+0000] {processor.py:830} INFO - Processing file /usr/local/python/3.10.13/lib/python3.10/site-packages/airflow/example_dags/example_branch_datetime_operator.py for tasks to queue
[2024-05-24T15:10:12.776+0000] {logging_mixin.py:188} INFO - [2024-05-24T15:10:12.776+0000] {dagbag.py:545} INFO - Filling up the DagBag from /usr/local/python/3.10.13/lib/python3.10/site-packages/airflow/example_dags/example_branch_datetime_operator.py
[2024-05-24T15:10:12.787+0000] {processor.py:840} INFO - DAG(s) 'example_branch_datetime_operator', 'example_branch_datetime_operator_3', 'example_branch_datetime_operator_2' retrieved from /usr/local/python/3.10.13/lib/python3.10/site-packages/airflow/example_dags/example_branch_datetime_operator.py
[2024-05-24T15:10:12.803+0000] {logging_mixin.py:188} INFO - [2024-05-24T15:10:12.803+0000] {dag.py:3096} INFO - Sync 3 DAGs
[2024-05-24T15:10:12.819+0000] {logging_mixin.py:188} INFO - [2024-05-24T15:10:12.819+0000] {dag.py:3954} INFO - Setting next_dagrun for example_branch_datetime_operator to 2024-05-23 00:00:00+00:00, run_after=2024-05-24 00:00:00+00:00
[2024-05-24T15:10:12.823+0000] {logging_mixin.py:188} INFO - [2024-05-24T15:10:12.823+0000] {dag.py:3954} INFO - Setting next_dagrun for example_branch_datetime_operator_2 to 2024-05-23 00:00:00+00:00, run_after=2024-05-24 00:00:00+00:00
[2024-05-24T15:10:12.825+0000] {logging_mixin.py:188} INFO - [2024-05-24T15:10:12.825+0000] {dag.py:3954} INFO - Setting next_dagrun for example_branch_datetime_operator_3 to 2024-05-23 00:00:00+00:00, run_after=2024-05-24 00:00:00+00:00
[2024-05-24T15:10:12.876+0000] {processor.py:183} INFO - Processing /usr/local/python/3.10.13/lib/python3.10/site-packages/airflow/example_dags/example_branch_datetime_operator.py took 0.107 seconds
[2024-05-24T15:11:13.150+0000] {processor.py:161} INFO - Started process (PID=72918) to work on /usr/local/python/3.10.13/lib/python3.10/site-packages/airflow/example_dags/example_branch_datetime_operator.py
[2024-05-24T15:11:13.150+0000] {processor.py:830} INFO - Processing file /usr/local/python/3.10.13/lib/python3.10/site-packages/airflow/example_dags/example_branch_datetime_operator.py for tasks to queue
[2024-05-24T15:11:13.152+0000] {logging_mixin.py:188} INFO - [2024-05-24T15:11:13.151+0000] {dagbag.py:545} INFO - Filling up the DagBag from /usr/local/python/3.10.13/lib/python3.10/site-packages/airflow/example_dags/example_branch_datetime_operator.py
[2024-05-24T15:11:13.162+0000] {processor.py:840} INFO - DAG(s) 'example_branch_datetime_operator', 'example_branch_datetime_operator_2', 'example_branch_datetime_operator_3' retrieved from /usr/local/python/3.10.13/lib/python3.10/site-packages/airflow/example_dags/example_branch_datetime_operator.py
[2024-05-24T15:11:13.186+0000] {logging_mixin.py:188} INFO - [2024-05-24T15:11:13.186+0000] {dag.py:3096} INFO - Sync 3 DAGs
[2024-05-24T15:11:13.211+0000] {logging_mixin.py:188} INFO - [2024-05-24T15:11:13.211+0000] {dag.py:3954} INFO - Setting next_dagrun for example_branch_datetime_operator to 2024-05-23 00:00:00+00:00, run_after=2024-05-24 00:00:00+00:00
[2024-05-24T15:11:13.217+0000] {logging_mixin.py:188} INFO - [2024-05-24T15:11:13.217+0000] {dag.py:3954} INFO - Setting next_dagrun for example_branch_datetime_operator_2 to 2024-05-23 00:00:00+00:00, run_after=2024-05-24 00:00:00+00:00
[2024-05-24T15:11:13.219+0000] {logging_mixin.py:188} INFO - [2024-05-24T15:11:13.219+0000] {dag.py:3954} INFO - Setting next_dagrun for example_branch_datetime_operator_3 to 2024-05-23 00:00:00+00:00, run_after=2024-05-24 00:00:00+00:00
[2024-05-24T15:11:13.255+0000] {processor.py:183} INFO - Processing /usr/local/python/3.10.13/lib/python3.10/site-packages/airflow/example_dags/example_branch_datetime_operator.py took 0.110 seconds
[2024-05-24T15:12:15.949+0000] {processor.py:161} INFO - Started process (PID=73394) to work on /usr/local/python/3.10.13/lib/python3.10/site-packages/airflow/example_dags/example_branch_datetime_operator.py
[2024-05-24T15:12:15.950+0000] {processor.py:830} INFO - Processing file /usr/local/python/3.10.13/lib/python3.10/site-packages/airflow/example_dags/example_branch_datetime_operator.py for tasks to queue
[2024-05-24T15:12:15.951+0000] {logging_mixin.py:188} INFO - [2024-05-24T15:12:15.951+0000] {dagbag.py:545} INFO - Filling up the DagBag from /usr/local/python/3.10.13/lib/python3.10/site-packages/airflow/example_dags/example_branch_datetime_operator.py
[2024-05-24T15:12:15.960+0000] {processor.py:840} INFO - DAG(s) 'example_branch_datetime_operator_3', 'example_branch_datetime_operator', 'example_branch_datetime_operator_2' retrieved from /usr/local/python/3.10.13/lib/python3.10/site-packages/airflow/example_dags/example_branch_datetime_operator.py
[2024-05-24T15:12:15.976+0000] {logging_mixin.py:188} INFO - [2024-05-24T15:12:15.976+0000] {dag.py:3096} INFO - Sync 3 DAGs
[2024-05-24T15:12:15.993+0000] {logging_mixin.py:188} INFO - [2024-05-24T15:12:15.993+0000] {dag.py:3954} INFO - Setting next_dagrun for example_branch_datetime_operator to 2024-05-23 00:00:00+00:00, run_after=2024-05-24 00:00:00+00:00
[2024-05-24T15:12:15.997+0000] {logging_mixin.py:188} INFO - [2024-05-24T15:12:15.997+0000] {dag.py:3954} INFO - Setting next_dagrun for example_branch_datetime_operator_2 to 2024-05-23 00:00:00+00:00, run_after=2024-05-24 00:00:00+00:00
[2024-05-24T15:12:15.999+0000] {logging_mixin.py:188} INFO - [2024-05-24T15:12:15.999+0000] {dag.py:3954} INFO - Setting next_dagrun for example_branch_datetime_operator_3 to 2024-05-23 00:00:00+00:00, run_after=2024-05-24 00:00:00+00:00
[2024-05-24T15:12:16.044+0000] {processor.py:183} INFO - Processing /usr/local/python/3.10.13/lib/python3.10/site-packages/airflow/example_dags/example_branch_datetime_operator.py took 0.101 seconds
[2024-05-24T15:13:14.863+0000] {processor.py:161} INFO - Started process (PID=73846) to work on /usr/local/python/3.10.13/lib/python3.10/site-packages/airflow/example_dags/example_branch_datetime_operator.py
[2024-05-24T15:13:14.864+0000] {processor.py:830} INFO - Processing file /usr/local/python/3.10.13/lib/python3.10/site-packages/airflow/example_dags/example_branch_datetime_operator.py for tasks to queue
[2024-05-24T15:13:14.865+0000] {logging_mixin.py:188} INFO - [2024-05-24T15:13:14.865+0000] {dagbag.py:545} INFO - Filling up the DagBag from /usr/local/python/3.10.13/lib/python3.10/site-packages/airflow/example_dags/example_branch_datetime_operator.py
[2024-05-24T15:13:14.874+0000] {processor.py:840} INFO - DAG(s) 'example_branch_datetime_operator_3', 'example_branch_datetime_operator', 'example_branch_datetime_operator_2' retrieved from /usr/local/python/3.10.13/lib/python3.10/site-packages/airflow/example_dags/example_branch_datetime_operator.py
[2024-05-24T15:13:14.891+0000] {logging_mixin.py:188} INFO - [2024-05-24T15:13:14.891+0000] {dag.py:3096} INFO - Sync 3 DAGs
[2024-05-24T15:13:14.908+0000] {logging_mixin.py:188} INFO - [2024-05-24T15:13:14.907+0000] {dag.py:3954} INFO - Setting next_dagrun for example_branch_datetime_operator to 2024-05-23 00:00:00+00:00, run_after=2024-05-24 00:00:00+00:00
[2024-05-24T15:13:14.911+0000] {logging_mixin.py:188} INFO - [2024-05-24T15:13:14.911+0000] {dag.py:3954} INFO - Setting next_dagrun for example_branch_datetime_operator_2 to 2024-05-23 00:00:00+00:00, run_after=2024-05-24 00:00:00+00:00
[2024-05-24T15:13:14.913+0000] {logging_mixin.py:188} INFO - [2024-05-24T15:13:14.913+0000] {dag.py:3954} INFO - Setting next_dagrun for example_branch_datetime_operator_3 to 2024-05-23 00:00:00+00:00, run_after=2024-05-24 00:00:00+00:00
[2024-05-24T15:13:14.949+0000] {processor.py:183} INFO - Processing /usr/local/python/3.10.13/lib/python3.10/site-packages/airflow/example_dags/example_branch_datetime_operator.py took 0.091 seconds
[2024-05-24T15:14:15.860+0000] {processor.py:161} INFO - Started process (PID=74306) to work on /usr/local/python/3.10.13/lib/python3.10/site-packages/airflow/example_dags/example_branch_datetime_operator.py
[2024-05-24T15:14:15.861+0000] {processor.py:830} INFO - Processing file /usr/local/python/3.10.13/lib/python3.10/site-packages/airflow/example_dags/example_branch_datetime_operator.py for tasks to queue
[2024-05-24T15:14:15.862+0000] {logging_mixin.py:188} INFO - [2024-05-24T15:14:15.862+0000] {dagbag.py:545} INFO - Filling up the DagBag from /usr/local/python/3.10.13/lib/python3.10/site-packages/airflow/example_dags/example_branch_datetime_operator.py
[2024-05-24T15:14:15.871+0000] {processor.py:840} INFO - DAG(s) 'example_branch_datetime_operator_3', 'example_branch_datetime_operator', 'example_branch_datetime_operator_2' retrieved from /usr/local/python/3.10.13/lib/python3.10/site-packages/airflow/example_dags/example_branch_datetime_operator.py
[2024-05-24T15:14:15.889+0000] {logging_mixin.py:188} INFO - [2024-05-24T15:14:15.888+0000] {dag.py:3096} INFO - Sync 3 DAGs
[2024-05-24T15:14:15.906+0000] {logging_mixin.py:188} INFO - [2024-05-24T15:14:15.906+0000] {dag.py:3954} INFO - Setting next_dagrun for example_branch_datetime_operator to 2024-05-23 00:00:00+00:00, run_after=2024-05-24 00:00:00+00:00
[2024-05-24T15:14:15.910+0000] {logging_mixin.py:188} INFO - [2024-05-24T15:14:15.910+0000] {dag.py:3954} INFO - Setting next_dagrun for example_branch_datetime_operator_2 to 2024-05-23 00:00:00+00:00, run_after=2024-05-24 00:00:00+00:00
[2024-05-24T15:14:15.912+0000] {logging_mixin.py:188} INFO - [2024-05-24T15:14:15.912+0000] {dag.py:3954} INFO - Setting next_dagrun for example_branch_datetime_operator_3 to 2024-05-23 00:00:00+00:00, run_after=2024-05-24 00:00:00+00:00
[2024-05-24T15:14:15.950+0000] {processor.py:183} INFO - Processing /usr/local/python/3.10.13/lib/python3.10/site-packages/airflow/example_dags/example_branch_datetime_operator.py took 0.094 seconds
[2024-05-24T15:15:16.280+0000] {processor.py:161} INFO - Started process (PID=74759) to work on /usr/local/python/3.10.13/lib/python3.10/site-packages/airflow/example_dags/example_branch_datetime_operator.py
[2024-05-24T15:15:16.281+0000] {processor.py:830} INFO - Processing file /usr/local/python/3.10.13/lib/python3.10/site-packages/airflow/example_dags/example_branch_datetime_operator.py for tasks to queue
[2024-05-24T15:15:16.283+0000] {logging_mixin.py:188} INFO - [2024-05-24T15:15:16.283+0000] {dagbag.py:545} INFO - Filling up the DagBag from /usr/local/python/3.10.13/lib/python3.10/site-packages/airflow/example_dags/example_branch_datetime_operator.py
[2024-05-24T15:15:16.295+0000] {processor.py:840} INFO - DAG(s) 'example_branch_datetime_operator_3', 'example_branch_datetime_operator_2', 'example_branch_datetime_operator' retrieved from /usr/local/python/3.10.13/lib/python3.10/site-packages/airflow/example_dags/example_branch_datetime_operator.py
[2024-05-24T15:15:16.312+0000] {logging_mixin.py:188} INFO - [2024-05-24T15:15:16.312+0000] {dag.py:3096} INFO - Sync 3 DAGs
[2024-05-24T15:15:16.329+0000] {logging_mixin.py:188} INFO - [2024-05-24T15:15:16.329+0000] {dag.py:3954} INFO - Setting next_dagrun for example_branch_datetime_operator to 2024-05-23 00:00:00+00:00, run_after=2024-05-24 00:00:00+00:00
[2024-05-24T15:15:16.333+0000] {logging_mixin.py:188} INFO - [2024-05-24T15:15:16.332+0000] {dag.py:3954} INFO - Setting next_dagrun for example_branch_datetime_operator_2 to 2024-05-23 00:00:00+00:00, run_after=2024-05-24 00:00:00+00:00
[2024-05-24T15:15:16.335+0000] {logging_mixin.py:188} INFO - [2024-05-24T15:15:16.334+0000] {dag.py:3954} INFO - Setting next_dagrun for example_branch_datetime_operator_3 to 2024-05-23 00:00:00+00:00, run_after=2024-05-24 00:00:00+00:00
[2024-05-24T15:15:16.375+0000] {processor.py:183} INFO - Processing /usr/local/python/3.10.13/lib/python3.10/site-packages/airflow/example_dags/example_branch_datetime_operator.py took 0.102 seconds
[2024-05-24T15:16:14.773+0000] {processor.py:161} INFO - Started process (PID=75181) to work on /usr/local/python/3.10.13/lib/python3.10/site-packages/airflow/example_dags/example_branch_datetime_operator.py
[2024-05-24T15:16:14.773+0000] {processor.py:830} INFO - Processing file /usr/local/python/3.10.13/lib/python3.10/site-packages/airflow/example_dags/example_branch_datetime_operator.py for tasks to queue
[2024-05-24T15:16:14.775+0000] {logging_mixin.py:188} INFO - [2024-05-24T15:16:14.774+0000] {dagbag.py:545} INFO - Filling up the DagBag from /usr/local/python/3.10.13/lib/python3.10/site-packages/airflow/example_dags/example_branch_datetime_operator.py
[2024-05-24T15:16:14.783+0000] {processor.py:840} INFO - DAG(s) 'example_branch_datetime_operator', 'example_branch_datetime_operator_3', 'example_branch_datetime_operator_2' retrieved from /usr/local/python/3.10.13/lib/python3.10/site-packages/airflow/example_dags/example_branch_datetime_operator.py
[2024-05-24T15:16:14.800+0000] {logging_mixin.py:188} INFO - [2024-05-24T15:16:14.799+0000] {dag.py:3096} INFO - Sync 3 DAGs
[2024-05-24T15:16:14.816+0000] {logging_mixin.py:188} INFO - [2024-05-24T15:16:14.816+0000] {dag.py:3954} INFO - Setting next_dagrun for example_branch_datetime_operator to 2024-05-23 00:00:00+00:00, run_after=2024-05-24 00:00:00+00:00
[2024-05-24T15:16:14.820+0000] {logging_mixin.py:188} INFO - [2024-05-24T15:16:14.820+0000] {dag.py:3954} INFO - Setting next_dagrun for example_branch_datetime_operator_2 to 2024-05-23 00:00:00+00:00, run_after=2024-05-24 00:00:00+00:00
[2024-05-24T15:16:14.822+0000] {logging_mixin.py:188} INFO - [2024-05-24T15:16:14.822+0000] {dag.py:3954} INFO - Setting next_dagrun for example_branch_datetime_operator_3 to 2024-05-23 00:00:00+00:00, run_after=2024-05-24 00:00:00+00:00
[2024-05-24T15:16:14.859+0000] {processor.py:183} INFO - Processing /usr/local/python/3.10.13/lib/python3.10/site-packages/airflow/example_dags/example_branch_datetime_operator.py took 0.091 seconds
[2024-05-24T15:17:15.406+0000] {processor.py:161} INFO - Started process (PID=75641) to work on /usr/local/python/3.10.13/lib/python3.10/site-packages/airflow/example_dags/example_branch_datetime_operator.py
[2024-05-24T15:17:15.407+0000] {processor.py:830} INFO - Processing file /usr/local/python/3.10.13/lib/python3.10/site-packages/airflow/example_dags/example_branch_datetime_operator.py for tasks to queue
[2024-05-24T15:17:15.409+0000] {logging_mixin.py:188} INFO - [2024-05-24T15:17:15.408+0000] {dagbag.py:545} INFO - Filling up the DagBag from /usr/local/python/3.10.13/lib/python3.10/site-packages/airflow/example_dags/example_branch_datetime_operator.py
[2024-05-24T15:17:15.418+0000] {processor.py:840} INFO - DAG(s) 'example_branch_datetime_operator', 'example_branch_datetime_operator_2', 'example_branch_datetime_operator_3' retrieved from /usr/local/python/3.10.13/lib/python3.10/site-packages/airflow/example_dags/example_branch_datetime_operator.py
[2024-05-24T15:17:15.434+0000] {logging_mixin.py:188} INFO - [2024-05-24T15:17:15.434+0000] {dag.py:3096} INFO - Sync 3 DAGs
[2024-05-24T15:17:15.451+0000] {logging_mixin.py:188} INFO - [2024-05-24T15:17:15.451+0000] {dag.py:3954} INFO - Setting next_dagrun for example_branch_datetime_operator to 2024-05-23 00:00:00+00:00, run_after=2024-05-24 00:00:00+00:00
[2024-05-24T15:17:15.455+0000] {logging_mixin.py:188} INFO - [2024-05-24T15:17:15.455+0000] {dag.py:3954} INFO - Setting next_dagrun for example_branch_datetime_operator_2 to 2024-05-23 00:00:00+00:00, run_after=2024-05-24 00:00:00+00:00
[2024-05-24T15:17:15.457+0000] {logging_mixin.py:188} INFO - [2024-05-24T15:17:15.457+0000] {dag.py:3954} INFO - Setting next_dagrun for example_branch_datetime_operator_3 to 2024-05-23 00:00:00+00:00, run_after=2024-05-24 00:00:00+00:00
[2024-05-24T15:17:15.497+0000] {processor.py:183} INFO - Processing /usr/local/python/3.10.13/lib/python3.10/site-packages/airflow/example_dags/example_branch_datetime_operator.py took 0.096 seconds
[2024-05-24T15:18:10.711+0000] {processor.py:161} INFO - Started process (PID=76066) to work on /usr/local/python/3.10.13/lib/python3.10/site-packages/airflow/example_dags/example_branch_datetime_operator.py
[2024-05-24T15:18:10.712+0000] {processor.py:830} INFO - Processing file /usr/local/python/3.10.13/lib/python3.10/site-packages/airflow/example_dags/example_branch_datetime_operator.py for tasks to queue
[2024-05-24T15:18:10.714+0000] {logging_mixin.py:188} INFO - [2024-05-24T15:18:10.714+0000] {dagbag.py:545} INFO - Filling up the DagBag from /usr/local/python/3.10.13/lib/python3.10/site-packages/airflow/example_dags/example_branch_datetime_operator.py
[2024-05-24T15:18:10.727+0000] {processor.py:840} INFO - DAG(s) 'example_branch_datetime_operator', 'example_branch_datetime_operator_3', 'example_branch_datetime_operator_2' retrieved from /usr/local/python/3.10.13/lib/python3.10/site-packages/airflow/example_dags/example_branch_datetime_operator.py
[2024-05-24T15:18:10.744+0000] {logging_mixin.py:188} INFO - [2024-05-24T15:18:10.744+0000] {dag.py:3096} INFO - Sync 3 DAGs
[2024-05-24T15:18:10.762+0000] {logging_mixin.py:188} INFO - [2024-05-24T15:18:10.761+0000] {dag.py:3954} INFO - Setting next_dagrun for example_branch_datetime_operator to 2024-05-23 00:00:00+00:00, run_after=2024-05-24 00:00:00+00:00
[2024-05-24T15:18:10.766+0000] {logging_mixin.py:188} INFO - [2024-05-24T15:18:10.765+0000] {dag.py:3954} INFO - Setting next_dagrun for example_branch_datetime_operator_2 to 2024-05-23 00:00:00+00:00, run_after=2024-05-24 00:00:00+00:00
[2024-05-24T15:18:10.768+0000] {logging_mixin.py:188} INFO - [2024-05-24T15:18:10.767+0000] {dag.py:3954} INFO - Setting next_dagrun for example_branch_datetime_operator_3 to 2024-05-23 00:00:00+00:00, run_after=2024-05-24 00:00:00+00:00
[2024-05-24T15:18:10.805+0000] {processor.py:183} INFO - Processing /usr/local/python/3.10.13/lib/python3.10/site-packages/airflow/example_dags/example_branch_datetime_operator.py took 0.099 seconds
[2024-05-24T15:19:16.999+0000] {processor.py:161} INFO - Started process (PID=76551) to work on /usr/local/python/3.10.13/lib/python3.10/site-packages/airflow/example_dags/example_branch_datetime_operator.py
[2024-05-24T15:19:16.999+0000] {processor.py:830} INFO - Processing file /usr/local/python/3.10.13/lib/python3.10/site-packages/airflow/example_dags/example_branch_datetime_operator.py for tasks to queue
[2024-05-24T15:19:17.001+0000] {logging_mixin.py:188} INFO - [2024-05-24T15:19:17.000+0000] {dagbag.py:545} INFO - Filling up the DagBag from /usr/local/python/3.10.13/lib/python3.10/site-packages/airflow/example_dags/example_branch_datetime_operator.py
[2024-05-24T15:19:17.009+0000] {processor.py:840} INFO - DAG(s) 'example_branch_datetime_operator_2', 'example_branch_datetime_operator', 'example_branch_datetime_operator_3' retrieved from /usr/local/python/3.10.13/lib/python3.10/site-packages/airflow/example_dags/example_branch_datetime_operator.py
[2024-05-24T15:19:17.026+0000] {logging_mixin.py:188} INFO - [2024-05-24T15:19:17.025+0000] {dag.py:3096} INFO - Sync 3 DAGs
[2024-05-24T15:19:17.042+0000] {logging_mixin.py:188} INFO - [2024-05-24T15:19:17.042+0000] {dag.py:3954} INFO - Setting next_dagrun for example_branch_datetime_operator to 2024-05-23 00:00:00+00:00, run_after=2024-05-24 00:00:00+00:00
[2024-05-24T15:19:17.046+0000] {logging_mixin.py:188} INFO - [2024-05-24T15:19:17.046+0000] {dag.py:3954} INFO - Setting next_dagrun for example_branch_datetime_operator_2 to 2024-05-23 00:00:00+00:00, run_after=2024-05-24 00:00:00+00:00
[2024-05-24T15:19:17.048+0000] {logging_mixin.py:188} INFO - [2024-05-24T15:19:17.048+0000] {dag.py:3954} INFO - Setting next_dagrun for example_branch_datetime_operator_3 to 2024-05-23 00:00:00+00:00, run_after=2024-05-24 00:00:00+00:00
[2024-05-24T15:19:17.096+0000] {processor.py:183} INFO - Processing /usr/local/python/3.10.13/lib/python3.10/site-packages/airflow/example_dags/example_branch_datetime_operator.py took 0.102 seconds
[2024-05-24T15:20:19.178+0000] {processor.py:161} INFO - Started process (PID=77018) to work on /usr/local/python/3.10.13/lib/python3.10/site-packages/airflow/example_dags/example_branch_datetime_operator.py
[2024-05-24T15:20:19.179+0000] {processor.py:830} INFO - Processing file /usr/local/python/3.10.13/lib/python3.10/site-packages/airflow/example_dags/example_branch_datetime_operator.py for tasks to queue
[2024-05-24T15:20:19.180+0000] {logging_mixin.py:188} INFO - [2024-05-24T15:20:19.180+0000] {dagbag.py:545} INFO - Filling up the DagBag from /usr/local/python/3.10.13/lib/python3.10/site-packages/airflow/example_dags/example_branch_datetime_operator.py
[2024-05-24T15:20:19.189+0000] {processor.py:840} INFO - DAG(s) 'example_branch_datetime_operator', 'example_branch_datetime_operator_2', 'example_branch_datetime_operator_3' retrieved from /usr/local/python/3.10.13/lib/python3.10/site-packages/airflow/example_dags/example_branch_datetime_operator.py
[2024-05-24T15:20:19.205+0000] {logging_mixin.py:188} INFO - [2024-05-24T15:20:19.205+0000] {dag.py:3096} INFO - Sync 3 DAGs
[2024-05-24T15:20:19.221+0000] {logging_mixin.py:188} INFO - [2024-05-24T15:20:19.221+0000] {dag.py:3954} INFO - Setting next_dagrun for example_branch_datetime_operator to 2024-05-23 00:00:00+00:00, run_after=2024-05-24 00:00:00+00:00
[2024-05-24T15:20:19.225+0000] {logging_mixin.py:188} INFO - [2024-05-24T15:20:19.225+0000] {dag.py:3954} INFO - Setting next_dagrun for example_branch_datetime_operator_2 to 2024-05-23 00:00:00+00:00, run_after=2024-05-24 00:00:00+00:00
[2024-05-24T15:20:19.227+0000] {logging_mixin.py:188} INFO - [2024-05-24T15:20:19.227+0000] {dag.py:3954} INFO - Setting next_dagrun for example_branch_datetime_operator_3 to 2024-05-23 00:00:00+00:00, run_after=2024-05-24 00:00:00+00:00
[2024-05-24T15:20:19.266+0000] {processor.py:183} INFO - Processing /usr/local/python/3.10.13/lib/python3.10/site-packages/airflow/example_dags/example_branch_datetime_operator.py took 0.092 seconds
[2024-05-24T15:21:20.100+0000] {processor.py:161} INFO - Started process (PID=77478) to work on /usr/local/python/3.10.13/lib/python3.10/site-packages/airflow/example_dags/example_branch_datetime_operator.py
[2024-05-24T15:21:20.100+0000] {processor.py:830} INFO - Processing file /usr/local/python/3.10.13/lib/python3.10/site-packages/airflow/example_dags/example_branch_datetime_operator.py for tasks to queue
[2024-05-24T15:21:20.102+0000] {logging_mixin.py:188} INFO - [2024-05-24T15:21:20.101+0000] {dagbag.py:545} INFO - Filling up the DagBag from /usr/local/python/3.10.13/lib/python3.10/site-packages/airflow/example_dags/example_branch_datetime_operator.py
[2024-05-24T15:21:20.110+0000] {processor.py:840} INFO - DAG(s) 'example_branch_datetime_operator_2', 'example_branch_datetime_operator_3', 'example_branch_datetime_operator' retrieved from /usr/local/python/3.10.13/lib/python3.10/site-packages/airflow/example_dags/example_branch_datetime_operator.py
[2024-05-24T15:21:20.128+0000] {logging_mixin.py:188} INFO - [2024-05-24T15:21:20.128+0000] {dag.py:3096} INFO - Sync 3 DAGs
[2024-05-24T15:21:20.144+0000] {logging_mixin.py:188} INFO - [2024-05-24T15:21:20.144+0000] {dag.py:3954} INFO - Setting next_dagrun for example_branch_datetime_operator to 2024-05-23 00:00:00+00:00, run_after=2024-05-24 00:00:00+00:00
[2024-05-24T15:21:20.148+0000] {logging_mixin.py:188} INFO - [2024-05-24T15:21:20.148+0000] {dag.py:3954} INFO - Setting next_dagrun for example_branch_datetime_operator_2 to 2024-05-23 00:00:00+00:00, run_after=2024-05-24 00:00:00+00:00
[2024-05-24T15:21:20.150+0000] {logging_mixin.py:188} INFO - [2024-05-24T15:21:20.150+0000] {dag.py:3954} INFO - Setting next_dagrun for example_branch_datetime_operator_3 to 2024-05-23 00:00:00+00:00, run_after=2024-05-24 00:00:00+00:00
[2024-05-24T15:21:20.188+0000] {processor.py:183} INFO - Processing /usr/local/python/3.10.13/lib/python3.10/site-packages/airflow/example_dags/example_branch_datetime_operator.py took 0.093 seconds
[2024-05-24T15:22:23.756+0000] {processor.py:161} INFO - Started process (PID=77969) to work on /usr/local/python/3.10.13/lib/python3.10/site-packages/airflow/example_dags/example_branch_datetime_operator.py
[2024-05-24T15:22:23.757+0000] {processor.py:830} INFO - Processing file /usr/local/python/3.10.13/lib/python3.10/site-packages/airflow/example_dags/example_branch_datetime_operator.py for tasks to queue
[2024-05-24T15:22:23.758+0000] {logging_mixin.py:188} INFO - [2024-05-24T15:22:23.758+0000] {dagbag.py:545} INFO - Filling up the DagBag from /usr/local/python/3.10.13/lib/python3.10/site-packages/airflow/example_dags/example_branch_datetime_operator.py
[2024-05-24T15:22:23.767+0000] {processor.py:840} INFO - DAG(s) 'example_branch_datetime_operator_2', 'example_branch_datetime_operator_3', 'example_branch_datetime_operator' retrieved from /usr/local/python/3.10.13/lib/python3.10/site-packages/airflow/example_dags/example_branch_datetime_operator.py
[2024-05-24T15:22:23.783+0000] {logging_mixin.py:188} INFO - [2024-05-24T15:22:23.783+0000] {dag.py:3096} INFO - Sync 3 DAGs
[2024-05-24T15:22:23.800+0000] {logging_mixin.py:188} INFO - [2024-05-24T15:22:23.799+0000] {dag.py:3954} INFO - Setting next_dagrun for example_branch_datetime_operator to 2024-05-23 00:00:00+00:00, run_after=2024-05-24 00:00:00+00:00
[2024-05-24T15:22:23.803+0000] {logging_mixin.py:188} INFO - [2024-05-24T15:22:23.803+0000] {dag.py:3954} INFO - Setting next_dagrun for example_branch_datetime_operator_2 to 2024-05-23 00:00:00+00:00, run_after=2024-05-24 00:00:00+00:00
[2024-05-24T15:22:23.806+0000] {logging_mixin.py:188} INFO - [2024-05-24T15:22:23.805+0000] {dag.py:3954} INFO - Setting next_dagrun for example_branch_datetime_operator_3 to 2024-05-23 00:00:00+00:00, run_after=2024-05-24 00:00:00+00:00
[2024-05-24T15:22:23.845+0000] {processor.py:183} INFO - Processing /usr/local/python/3.10.13/lib/python3.10/site-packages/airflow/example_dags/example_branch_datetime_operator.py took 0.094 seconds
[2024-05-24T15:23:27.303+0000] {processor.py:161} INFO - Started process (PID=78438) to work on /usr/local/python/3.10.13/lib/python3.10/site-packages/airflow/example_dags/example_branch_datetime_operator.py
[2024-05-24T15:23:27.304+0000] {processor.py:830} INFO - Processing file /usr/local/python/3.10.13/lib/python3.10/site-packages/airflow/example_dags/example_branch_datetime_operator.py for tasks to queue
[2024-05-24T15:23:27.305+0000] {logging_mixin.py:188} INFO - [2024-05-24T15:23:27.305+0000] {dagbag.py:545} INFO - Filling up the DagBag from /usr/local/python/3.10.13/lib/python3.10/site-packages/airflow/example_dags/example_branch_datetime_operator.py
[2024-05-24T15:23:27.314+0000] {processor.py:840} INFO - DAG(s) 'example_branch_datetime_operator_2', 'example_branch_datetime_operator_3', 'example_branch_datetime_operator' retrieved from /usr/local/python/3.10.13/lib/python3.10/site-packages/airflow/example_dags/example_branch_datetime_operator.py
[2024-05-24T15:23:27.332+0000] {logging_mixin.py:188} INFO - [2024-05-24T15:23:27.332+0000] {dag.py:3096} INFO - Sync 3 DAGs
[2024-05-24T15:23:27.348+0000] {logging_mixin.py:188} INFO - [2024-05-24T15:23:27.348+0000] {dag.py:3954} INFO - Setting next_dagrun for example_branch_datetime_operator to 2024-05-23 00:00:00+00:00, run_after=2024-05-24 00:00:00+00:00
[2024-05-24T15:23:27.352+0000] {logging_mixin.py:188} INFO - [2024-05-24T15:23:27.352+0000] {dag.py:3954} INFO - Setting next_dagrun for example_branch_datetime_operator_2 to 2024-05-23 00:00:00+00:00, run_after=2024-05-24 00:00:00+00:00
[2024-05-24T15:23:27.354+0000] {logging_mixin.py:188} INFO - [2024-05-24T15:23:27.354+0000] {dag.py:3954} INFO - Setting next_dagrun for example_branch_datetime_operator_3 to 2024-05-23 00:00:00+00:00, run_after=2024-05-24 00:00:00+00:00
[2024-05-24T15:23:27.391+0000] {processor.py:183} INFO - Processing /usr/local/python/3.10.13/lib/python3.10/site-packages/airflow/example_dags/example_branch_datetime_operator.py took 0.093 seconds
[2024-05-24T15:24:35.169+0000] {processor.py:161} INFO - Started process (PID=78955) to work on /usr/local/python/3.10.13/lib/python3.10/site-packages/airflow/example_dags/example_branch_datetime_operator.py
[2024-05-24T15:24:35.170+0000] {processor.py:830} INFO - Processing file /usr/local/python/3.10.13/lib/python3.10/site-packages/airflow/example_dags/example_branch_datetime_operator.py for tasks to queue
[2024-05-24T15:24:35.171+0000] {logging_mixin.py:188} INFO - [2024-05-24T15:24:35.171+0000] {dagbag.py:545} INFO - Filling up the DagBag from /usr/local/python/3.10.13/lib/python3.10/site-packages/airflow/example_dags/example_branch_datetime_operator.py
[2024-05-24T15:24:35.180+0000] {processor.py:840} INFO - DAG(s) 'example_branch_datetime_operator', 'example_branch_datetime_operator_3', 'example_branch_datetime_operator_2' retrieved from /usr/local/python/3.10.13/lib/python3.10/site-packages/airflow/example_dags/example_branch_datetime_operator.py
[2024-05-24T15:24:35.197+0000] {logging_mixin.py:188} INFO - [2024-05-24T15:24:35.197+0000] {dag.py:3096} INFO - Sync 3 DAGs
[2024-05-24T15:24:35.214+0000] {logging_mixin.py:188} INFO - [2024-05-24T15:24:35.214+0000] {dag.py:3954} INFO - Setting next_dagrun for example_branch_datetime_operator to 2024-05-23 00:00:00+00:00, run_after=2024-05-24 00:00:00+00:00
[2024-05-24T15:24:35.218+0000] {logging_mixin.py:188} INFO - [2024-05-24T15:24:35.218+0000] {dag.py:3954} INFO - Setting next_dagrun for example_branch_datetime_operator_2 to 2024-05-23 00:00:00+00:00, run_after=2024-05-24 00:00:00+00:00
[2024-05-24T15:24:35.220+0000] {logging_mixin.py:188} INFO - [2024-05-24T15:24:35.220+0000] {dag.py:3954} INFO - Setting next_dagrun for example_branch_datetime_operator_3 to 2024-05-23 00:00:00+00:00, run_after=2024-05-24 00:00:00+00:00
[2024-05-24T15:24:35.258+0000] {processor.py:183} INFO - Processing /usr/local/python/3.10.13/lib/python3.10/site-packages/airflow/example_dags/example_branch_datetime_operator.py took 0.094 seconds
[2024-05-24T15:25:38.483+0000] {processor.py:161} INFO - Started process (PID=79429) to work on /usr/local/python/3.10.13/lib/python3.10/site-packages/airflow/example_dags/example_branch_datetime_operator.py
[2024-05-24T15:25:38.483+0000] {processor.py:830} INFO - Processing file /usr/local/python/3.10.13/lib/python3.10/site-packages/airflow/example_dags/example_branch_datetime_operator.py for tasks to queue
[2024-05-24T15:25:38.485+0000] {logging_mixin.py:188} INFO - [2024-05-24T15:25:38.484+0000] {dagbag.py:545} INFO - Filling up the DagBag from /usr/local/python/3.10.13/lib/python3.10/site-packages/airflow/example_dags/example_branch_datetime_operator.py
[2024-05-24T15:25:38.493+0000] {processor.py:840} INFO - DAG(s) 'example_branch_datetime_operator_2', 'example_branch_datetime_operator', 'example_branch_datetime_operator_3' retrieved from /usr/local/python/3.10.13/lib/python3.10/site-packages/airflow/example_dags/example_branch_datetime_operator.py
[2024-05-24T15:25:38.510+0000] {logging_mixin.py:188} INFO - [2024-05-24T15:25:38.510+0000] {dag.py:3096} INFO - Sync 3 DAGs
[2024-05-24T15:25:38.527+0000] {logging_mixin.py:188} INFO - [2024-05-24T15:25:38.527+0000] {dag.py:3954} INFO - Setting next_dagrun for example_branch_datetime_operator to 2024-05-23 00:00:00+00:00, run_after=2024-05-24 00:00:00+00:00
[2024-05-24T15:25:38.531+0000] {logging_mixin.py:188} INFO - [2024-05-24T15:25:38.530+0000] {dag.py:3954} INFO - Setting next_dagrun for example_branch_datetime_operator_2 to 2024-05-23 00:00:00+00:00, run_after=2024-05-24 00:00:00+00:00
[2024-05-24T15:25:38.533+0000] {logging_mixin.py:188} INFO - [2024-05-24T15:25:38.532+0000] {dag.py:3954} INFO - Setting next_dagrun for example_branch_datetime_operator_3 to 2024-05-23 00:00:00+00:00, run_after=2024-05-24 00:00:00+00:00
[2024-05-24T15:25:38.577+0000] {processor.py:183} INFO - Processing /usr/local/python/3.10.13/lib/python3.10/site-packages/airflow/example_dags/example_branch_datetime_operator.py took 0.098 seconds
[2024-05-24T15:26:35.584+0000] {processor.py:161} INFO - Started process (PID=79840) to work on /usr/local/python/3.10.13/lib/python3.10/site-packages/airflow/example_dags/example_branch_datetime_operator.py
[2024-05-24T15:26:35.585+0000] {processor.py:830} INFO - Processing file /usr/local/python/3.10.13/lib/python3.10/site-packages/airflow/example_dags/example_branch_datetime_operator.py for tasks to queue
[2024-05-24T15:26:35.586+0000] {logging_mixin.py:188} INFO - [2024-05-24T15:26:35.586+0000] {dagbag.py:545} INFO - Filling up the DagBag from /usr/local/python/3.10.13/lib/python3.10/site-packages/airflow/example_dags/example_branch_datetime_operator.py
[2024-05-24T15:26:35.594+0000] {processor.py:840} INFO - DAG(s) 'example_branch_datetime_operator_2', 'example_branch_datetime_operator', 'example_branch_datetime_operator_3' retrieved from /usr/local/python/3.10.13/lib/python3.10/site-packages/airflow/example_dags/example_branch_datetime_operator.py
[2024-05-24T15:26:35.611+0000] {logging_mixin.py:188} INFO - [2024-05-24T15:26:35.611+0000] {dag.py:3096} INFO - Sync 3 DAGs
[2024-05-24T15:26:35.627+0000] {logging_mixin.py:188} INFO - [2024-05-24T15:26:35.627+0000] {dag.py:3954} INFO - Setting next_dagrun for example_branch_datetime_operator to 2024-05-23 00:00:00+00:00, run_after=2024-05-24 00:00:00+00:00
[2024-05-24T15:26:35.631+0000] {logging_mixin.py:188} INFO - [2024-05-24T15:26:35.631+0000] {dag.py:3954} INFO - Setting next_dagrun for example_branch_datetime_operator_2 to 2024-05-23 00:00:00+00:00, run_after=2024-05-24 00:00:00+00:00
[2024-05-24T15:26:35.633+0000] {logging_mixin.py:188} INFO - [2024-05-24T15:26:35.633+0000] {dag.py:3954} INFO - Setting next_dagrun for example_branch_datetime_operator_3 to 2024-05-23 00:00:00+00:00, run_after=2024-05-24 00:00:00+00:00
[2024-05-24T15:26:35.671+0000] {processor.py:183} INFO - Processing /usr/local/python/3.10.13/lib/python3.10/site-packages/airflow/example_dags/example_branch_datetime_operator.py took 0.092 seconds
[2024-05-24T15:27:36.136+0000] {processor.py:161} INFO - Started process (PID=80297) to work on /usr/local/python/3.10.13/lib/python3.10/site-packages/airflow/example_dags/example_branch_datetime_operator.py
[2024-05-24T15:27:36.137+0000] {processor.py:830} INFO - Processing file /usr/local/python/3.10.13/lib/python3.10/site-packages/airflow/example_dags/example_branch_datetime_operator.py for tasks to queue
[2024-05-24T15:27:36.139+0000] {logging_mixin.py:188} INFO - [2024-05-24T15:27:36.138+0000] {dagbag.py:545} INFO - Filling up the DagBag from /usr/local/python/3.10.13/lib/python3.10/site-packages/airflow/example_dags/example_branch_datetime_operator.py
[2024-05-24T15:27:36.148+0000] {processor.py:840} INFO - DAG(s) 'example_branch_datetime_operator', 'example_branch_datetime_operator_3', 'example_branch_datetime_operator_2' retrieved from /usr/local/python/3.10.13/lib/python3.10/site-packages/airflow/example_dags/example_branch_datetime_operator.py
[2024-05-24T15:27:36.164+0000] {logging_mixin.py:188} INFO - [2024-05-24T15:27:36.164+0000] {dag.py:3096} INFO - Sync 3 DAGs
[2024-05-24T15:27:36.182+0000] {logging_mixin.py:188} INFO - [2024-05-24T15:27:36.181+0000] {dag.py:3954} INFO - Setting next_dagrun for example_branch_datetime_operator to 2024-05-23 00:00:00+00:00, run_after=2024-05-24 00:00:00+00:00
[2024-05-24T15:27:36.186+0000] {logging_mixin.py:188} INFO - [2024-05-24T15:27:36.186+0000] {dag.py:3954} INFO - Setting next_dagrun for example_branch_datetime_operator_2 to 2024-05-23 00:00:00+00:00, run_after=2024-05-24 00:00:00+00:00
[2024-05-24T15:27:36.188+0000] {logging_mixin.py:188} INFO - [2024-05-24T15:27:36.188+0000] {dag.py:3954} INFO - Setting next_dagrun for example_branch_datetime_operator_3 to 2024-05-23 00:00:00+00:00, run_after=2024-05-24 00:00:00+00:00
[2024-05-24T15:27:36.227+0000] {processor.py:183} INFO - Processing /usr/local/python/3.10.13/lib/python3.10/site-packages/airflow/example_dags/example_branch_datetime_operator.py took 0.095 seconds
[2024-05-24T15:28:38.253+0000] {processor.py:161} INFO - Started process (PID=80767) to work on /usr/local/python/3.10.13/lib/python3.10/site-packages/airflow/example_dags/example_branch_datetime_operator.py
[2024-05-24T15:28:38.253+0000] {processor.py:830} INFO - Processing file /usr/local/python/3.10.13/lib/python3.10/site-packages/airflow/example_dags/example_branch_datetime_operator.py for tasks to queue
[2024-05-24T15:28:38.255+0000] {logging_mixin.py:188} INFO - [2024-05-24T15:28:38.254+0000] {dagbag.py:545} INFO - Filling up the DagBag from /usr/local/python/3.10.13/lib/python3.10/site-packages/airflow/example_dags/example_branch_datetime_operator.py
[2024-05-24T15:28:38.264+0000] {processor.py:840} INFO - DAG(s) 'example_branch_datetime_operator_3', 'example_branch_datetime_operator', 'example_branch_datetime_operator_2' retrieved from /usr/local/python/3.10.13/lib/python3.10/site-packages/airflow/example_dags/example_branch_datetime_operator.py
[2024-05-24T15:28:38.280+0000] {logging_mixin.py:188} INFO - [2024-05-24T15:28:38.280+0000] {dag.py:3096} INFO - Sync 3 DAGs
[2024-05-24T15:28:38.297+0000] {logging_mixin.py:188} INFO - [2024-05-24T15:28:38.297+0000] {dag.py:3954} INFO - Setting next_dagrun for example_branch_datetime_operator to 2024-05-23 00:00:00+00:00, run_after=2024-05-24 00:00:00+00:00
[2024-05-24T15:28:38.301+0000] {logging_mixin.py:188} INFO - [2024-05-24T15:28:38.301+0000] {dag.py:3954} INFO - Setting next_dagrun for example_branch_datetime_operator_2 to 2024-05-23 00:00:00+00:00, run_after=2024-05-24 00:00:00+00:00
[2024-05-24T15:28:38.303+0000] {logging_mixin.py:188} INFO - [2024-05-24T15:28:38.303+0000] {dag.py:3954} INFO - Setting next_dagrun for example_branch_datetime_operator_3 to 2024-05-23 00:00:00+00:00, run_after=2024-05-24 00:00:00+00:00
[2024-05-24T15:28:38.348+0000] {processor.py:183} INFO - Processing /usr/local/python/3.10.13/lib/python3.10/site-packages/airflow/example_dags/example_branch_datetime_operator.py took 0.101 seconds
