[2024-05-24T14:43:13.245+0000] {processor.py:161} INFO - Started process (PID=58553) to work on /usr/local/python/3.10.13/lib/python3.10/site-packages/airflow/example_dags/example_external_task_marker_dag.py
[2024-05-24T14:43:13.246+0000] {processor.py:830} INFO - Processing file /usr/local/python/3.10.13/lib/python3.10/site-packages/airflow/example_dags/example_external_task_marker_dag.py for tasks to queue
[2024-05-24T14:43:13.248+0000] {logging_mixin.py:188} INFO - [2024-05-24T14:43:13.248+0000] {dagbag.py:545} INFO - Filling up the DagBag from /usr/local/python/3.10.13/lib/python3.10/site-packages/airflow/example_dags/example_external_task_marker_dag.py
[2024-05-24T14:43:13.255+0000] {processor.py:840} INFO - DAG(s) 'example_external_task_marker_parent', 'example_external_task_marker_child' retrieved from /usr/local/python/3.10.13/lib/python3.10/site-packages/airflow/example_dags/example_external_task_marker_dag.py
[2024-05-24T14:43:13.422+0000] {logging_mixin.py:188} INFO - [2024-05-24T14:43:13.421+0000] {override.py:1829} INFO - Created Permission View: can read on DAG:example_external_task_marker_parent
[2024-05-24T14:43:13.452+0000] {logging_mixin.py:188} INFO - [2024-05-24T14:43:13.452+0000] {override.py:1829} INFO - Created Permission View: can edit on DAG:example_external_task_marker_parent
[2024-05-24T14:43:13.480+0000] {logging_mixin.py:188} INFO - [2024-05-24T14:43:13.480+0000] {override.py:1829} INFO - Created Permission View: can delete on DAG:example_external_task_marker_parent
[2024-05-24T14:43:13.544+0000] {logging_mixin.py:188} INFO - [2024-05-24T14:43:13.544+0000] {override.py:1829} INFO - Created Permission View: can read on DAG:example_external_task_marker_child
[2024-05-24T14:43:13.573+0000] {logging_mixin.py:188} INFO - [2024-05-24T14:43:13.573+0000] {override.py:1829} INFO - Created Permission View: can edit on DAG:example_external_task_marker_child
[2024-05-24T14:43:13.600+0000] {logging_mixin.py:188} INFO - [2024-05-24T14:43:13.600+0000] {override.py:1829} INFO - Created Permission View: can delete on DAG:example_external_task_marker_child
[2024-05-24T14:43:13.601+0000] {logging_mixin.py:188} INFO - [2024-05-24T14:43:13.600+0000] {dag.py:3096} INFO - Sync 2 DAGs
[2024-05-24T14:43:13.609+0000] {logging_mixin.py:188} INFO - [2024-05-24T14:43:13.609+0000] {dag.py:3118} INFO - Creating ORM DAG for example_external_task_marker_child
[2024-05-24T14:43:13.609+0000] {logging_mixin.py:188} INFO - [2024-05-24T14:43:13.609+0000] {dag.py:3118} INFO - Creating ORM DAG for example_external_task_marker_parent
[2024-05-24T14:43:13.610+0000] {logging_mixin.py:188} INFO - [2024-05-24T14:43:13.610+0000] {dag.py:3954} INFO - Setting next_dagrun for example_external_task_marker_child to None, run_after=None
[2024-05-24T14:43:13.610+0000] {logging_mixin.py:188} INFO - [2024-05-24T14:43:13.610+0000] {dag.py:3954} INFO - Setting next_dagrun for example_external_task_marker_parent to None, run_after=None
[2024-05-24T14:43:13.659+0000] {processor.py:183} INFO - Processing /usr/local/python/3.10.13/lib/python3.10/site-packages/airflow/example_dags/example_external_task_marker_dag.py took 0.426 seconds
[2024-05-24T14:44:06.951+0000] {processor.py:161} INFO - Started process (PID=58998) to work on /usr/local/python/3.10.13/lib/python3.10/site-packages/airflow/example_dags/example_external_task_marker_dag.py
[2024-05-24T14:44:06.952+0000] {processor.py:830} INFO - Processing file /usr/local/python/3.10.13/lib/python3.10/site-packages/airflow/example_dags/example_external_task_marker_dag.py for tasks to queue
[2024-05-24T14:44:06.953+0000] {logging_mixin.py:188} INFO - [2024-05-24T14:44:06.953+0000] {dagbag.py:545} INFO - Filling up the DagBag from /usr/local/python/3.10.13/lib/python3.10/site-packages/airflow/example_dags/example_external_task_marker_dag.py
[2024-05-24T14:44:06.958+0000] {processor.py:840} INFO - DAG(s) 'example_external_task_marker_child', 'example_external_task_marker_parent' retrieved from /usr/local/python/3.10.13/lib/python3.10/site-packages/airflow/example_dags/example_external_task_marker_dag.py
[2024-05-24T14:44:06.971+0000] {logging_mixin.py:188} INFO - [2024-05-24T14:44:06.971+0000] {dag.py:3096} INFO - Sync 2 DAGs
[2024-05-24T14:44:06.981+0000] {logging_mixin.py:188} INFO - [2024-05-24T14:44:06.980+0000] {dag.py:3954} INFO - Setting next_dagrun for example_external_task_marker_child to None, run_after=None
[2024-05-24T14:44:06.983+0000] {logging_mixin.py:188} INFO - [2024-05-24T14:44:06.983+0000] {dag.py:3954} INFO - Setting next_dagrun for example_external_task_marker_parent to None, run_after=None
[2024-05-24T14:44:07.019+0000] {processor.py:183} INFO - Processing /usr/local/python/3.10.13/lib/python3.10/site-packages/airflow/example_dags/example_external_task_marker_dag.py took 0.072 seconds
[2024-05-24T14:44:59.039+0000] {processor.py:161} INFO - Started process (PID=59536) to work on /usr/local/python/3.10.13/lib/python3.10/site-packages/airflow/example_dags/example_external_task_marker_dag.py
[2024-05-24T14:44:59.040+0000] {processor.py:830} INFO - Processing file /usr/local/python/3.10.13/lib/python3.10/site-packages/airflow/example_dags/example_external_task_marker_dag.py for tasks to queue
[2024-05-24T14:44:59.041+0000] {logging_mixin.py:188} INFO - [2024-05-24T14:44:59.041+0000] {dagbag.py:545} INFO - Filling up the DagBag from /usr/local/python/3.10.13/lib/python3.10/site-packages/airflow/example_dags/example_external_task_marker_dag.py
[2024-05-24T14:44:59.046+0000] {processor.py:840} INFO - DAG(s) 'example_external_task_marker_child', 'example_external_task_marker_parent' retrieved from /usr/local/python/3.10.13/lib/python3.10/site-packages/airflow/example_dags/example_external_task_marker_dag.py
[2024-05-24T14:44:59.059+0000] {logging_mixin.py:188} INFO - [2024-05-24T14:44:59.059+0000] {dag.py:3096} INFO - Sync 2 DAGs
[2024-05-24T14:44:59.069+0000] {logging_mixin.py:188} INFO - [2024-05-24T14:44:59.069+0000] {dag.py:3954} INFO - Setting next_dagrun for example_external_task_marker_child to None, run_after=None
[2024-05-24T14:44:59.071+0000] {logging_mixin.py:188} INFO - [2024-05-24T14:44:59.071+0000] {dag.py:3954} INFO - Setting next_dagrun for example_external_task_marker_parent to None, run_after=None
[2024-05-24T14:44:59.107+0000] {processor.py:183} INFO - Processing /usr/local/python/3.10.13/lib/python3.10/site-packages/airflow/example_dags/example_external_task_marker_dag.py took 0.072 seconds
[2024-05-24T14:46:05.847+0000] {processor.py:161} INFO - Started process (PID=60224) to work on /usr/local/python/3.10.13/lib/python3.10/site-packages/airflow/example_dags/example_external_task_marker_dag.py
[2024-05-24T14:46:05.848+0000] {processor.py:830} INFO - Processing file /usr/local/python/3.10.13/lib/python3.10/site-packages/airflow/example_dags/example_external_task_marker_dag.py for tasks to queue
[2024-05-24T14:46:05.850+0000] {logging_mixin.py:188} INFO - [2024-05-24T14:46:05.849+0000] {dagbag.py:545} INFO - Filling up the DagBag from /usr/local/python/3.10.13/lib/python3.10/site-packages/airflow/example_dags/example_external_task_marker_dag.py
[2024-05-24T14:46:05.857+0000] {processor.py:840} INFO - DAG(s) 'example_external_task_marker_child', 'example_external_task_marker_parent' retrieved from /usr/local/python/3.10.13/lib/python3.10/site-packages/airflow/example_dags/example_external_task_marker_dag.py
[2024-05-24T14:46:05.880+0000] {logging_mixin.py:188} INFO - [2024-05-24T14:46:05.880+0000] {dag.py:3096} INFO - Sync 2 DAGs
[2024-05-24T14:46:05.895+0000] {logging_mixin.py:188} INFO - [2024-05-24T14:46:05.895+0000] {dag.py:3954} INFO - Setting next_dagrun for example_external_task_marker_child to None, run_after=None
[2024-05-24T14:46:05.899+0000] {logging_mixin.py:188} INFO - [2024-05-24T14:46:05.899+0000] {dag.py:3954} INFO - Setting next_dagrun for example_external_task_marker_parent to None, run_after=None
[2024-05-24T14:46:05.938+0000] {processor.py:183} INFO - Processing /usr/local/python/3.10.13/lib/python3.10/site-packages/airflow/example_dags/example_external_task_marker_dag.py took 0.098 seconds
[2024-05-24T14:47:08.886+0000] {processor.py:161} INFO - Started process (PID=60820) to work on /usr/local/python/3.10.13/lib/python3.10/site-packages/airflow/example_dags/example_external_task_marker_dag.py
[2024-05-24T14:47:08.887+0000] {processor.py:830} INFO - Processing file /usr/local/python/3.10.13/lib/python3.10/site-packages/airflow/example_dags/example_external_task_marker_dag.py for tasks to queue
[2024-05-24T14:47:08.888+0000] {logging_mixin.py:188} INFO - [2024-05-24T14:47:08.888+0000] {dagbag.py:545} INFO - Filling up the DagBag from /usr/local/python/3.10.13/lib/python3.10/site-packages/airflow/example_dags/example_external_task_marker_dag.py
[2024-05-24T14:47:08.893+0000] {processor.py:840} INFO - DAG(s) 'example_external_task_marker_child', 'example_external_task_marker_parent' retrieved from /usr/local/python/3.10.13/lib/python3.10/site-packages/airflow/example_dags/example_external_task_marker_dag.py
[2024-05-24T14:47:08.906+0000] {logging_mixin.py:188} INFO - [2024-05-24T14:47:08.906+0000] {dag.py:3096} INFO - Sync 2 DAGs
[2024-05-24T14:47:08.915+0000] {logging_mixin.py:188} INFO - [2024-05-24T14:47:08.915+0000] {dag.py:3954} INFO - Setting next_dagrun for example_external_task_marker_child to None, run_after=None
[2024-05-24T14:47:08.918+0000] {logging_mixin.py:188} INFO - [2024-05-24T14:47:08.918+0000] {dag.py:3954} INFO - Setting next_dagrun for example_external_task_marker_parent to None, run_after=None
[2024-05-24T14:47:08.955+0000] {processor.py:183} INFO - Processing /usr/local/python/3.10.13/lib/python3.10/site-packages/airflow/example_dags/example_external_task_marker_dag.py took 0.074 seconds
[2024-05-24T14:48:10.697+0000] {processor.py:161} INFO - Started process (PID=61342) to work on /usr/local/python/3.10.13/lib/python3.10/site-packages/airflow/example_dags/example_external_task_marker_dag.py
[2024-05-24T14:48:10.698+0000] {processor.py:830} INFO - Processing file /usr/local/python/3.10.13/lib/python3.10/site-packages/airflow/example_dags/example_external_task_marker_dag.py for tasks to queue
[2024-05-24T14:48:10.699+0000] {logging_mixin.py:188} INFO - [2024-05-24T14:48:10.699+0000] {dagbag.py:545} INFO - Filling up the DagBag from /usr/local/python/3.10.13/lib/python3.10/site-packages/airflow/example_dags/example_external_task_marker_dag.py
[2024-05-24T14:48:10.704+0000] {processor.py:840} INFO - DAG(s) 'example_external_task_marker_child', 'example_external_task_marker_parent' retrieved from /usr/local/python/3.10.13/lib/python3.10/site-packages/airflow/example_dags/example_external_task_marker_dag.py
[2024-05-24T14:48:10.719+0000] {logging_mixin.py:188} INFO - [2024-05-24T14:48:10.719+0000] {dag.py:3096} INFO - Sync 2 DAGs
[2024-05-24T14:48:10.729+0000] {logging_mixin.py:188} INFO - [2024-05-24T14:48:10.729+0000] {dag.py:3954} INFO - Setting next_dagrun for example_external_task_marker_child to None, run_after=None
[2024-05-24T14:48:10.731+0000] {logging_mixin.py:188} INFO - [2024-05-24T14:48:10.731+0000] {dag.py:3954} INFO - Setting next_dagrun for example_external_task_marker_parent to None, run_after=None
[2024-05-24T14:48:10.768+0000] {processor.py:183} INFO - Processing /usr/local/python/3.10.13/lib/python3.10/site-packages/airflow/example_dags/example_external_task_marker_dag.py took 0.076 seconds
[2024-05-24T14:49:12.123+0000] {processor.py:161} INFO - Started process (PID=62032) to work on /usr/local/python/3.10.13/lib/python3.10/site-packages/airflow/example_dags/example_external_task_marker_dag.py
[2024-05-24T14:49:12.123+0000] {processor.py:830} INFO - Processing file /usr/local/python/3.10.13/lib/python3.10/site-packages/airflow/example_dags/example_external_task_marker_dag.py for tasks to queue
[2024-05-24T14:49:12.125+0000] {logging_mixin.py:188} INFO - [2024-05-24T14:49:12.124+0000] {dagbag.py:545} INFO - Filling up the DagBag from /usr/local/python/3.10.13/lib/python3.10/site-packages/airflow/example_dags/example_external_task_marker_dag.py
[2024-05-24T14:49:12.129+0000] {processor.py:840} INFO - DAG(s) 'example_external_task_marker_parent', 'example_external_task_marker_child' retrieved from /usr/local/python/3.10.13/lib/python3.10/site-packages/airflow/example_dags/example_external_task_marker_dag.py
[2024-05-24T14:49:12.143+0000] {logging_mixin.py:188} INFO - [2024-05-24T14:49:12.143+0000] {dag.py:3096} INFO - Sync 2 DAGs
[2024-05-24T14:49:12.152+0000] {logging_mixin.py:188} INFO - [2024-05-24T14:49:12.152+0000] {dag.py:3954} INFO - Setting next_dagrun for example_external_task_marker_child to None, run_after=None
[2024-05-24T14:49:12.155+0000] {logging_mixin.py:188} INFO - [2024-05-24T14:49:12.155+0000] {dag.py:3954} INFO - Setting next_dagrun for example_external_task_marker_parent to None, run_after=None
[2024-05-24T14:49:12.193+0000] {processor.py:183} INFO - Processing /usr/local/python/3.10.13/lib/python3.10/site-packages/airflow/example_dags/example_external_task_marker_dag.py took 0.075 seconds
[2024-05-24T14:50:14.399+0000] {processor.py:161} INFO - Started process (PID=62605) to work on /usr/local/python/3.10.13/lib/python3.10/site-packages/airflow/example_dags/example_external_task_marker_dag.py
[2024-05-24T14:50:14.400+0000] {processor.py:830} INFO - Processing file /usr/local/python/3.10.13/lib/python3.10/site-packages/airflow/example_dags/example_external_task_marker_dag.py for tasks to queue
[2024-05-24T14:50:14.401+0000] {logging_mixin.py:188} INFO - [2024-05-24T14:50:14.401+0000] {dagbag.py:545} INFO - Filling up the DagBag from /usr/local/python/3.10.13/lib/python3.10/site-packages/airflow/example_dags/example_external_task_marker_dag.py
[2024-05-24T14:50:14.405+0000] {processor.py:840} INFO - DAG(s) 'example_external_task_marker_child', 'example_external_task_marker_parent' retrieved from /usr/local/python/3.10.13/lib/python3.10/site-packages/airflow/example_dags/example_external_task_marker_dag.py
[2024-05-24T14:50:14.419+0000] {logging_mixin.py:188} INFO - [2024-05-24T14:50:14.419+0000] {dag.py:3096} INFO - Sync 2 DAGs
[2024-05-24T14:50:14.428+0000] {logging_mixin.py:188} INFO - [2024-05-24T14:50:14.428+0000] {dag.py:3954} INFO - Setting next_dagrun for example_external_task_marker_child to None, run_after=None
[2024-05-24T14:50:14.431+0000] {logging_mixin.py:188} INFO - [2024-05-24T14:50:14.431+0000] {dag.py:3954} INFO - Setting next_dagrun for example_external_task_marker_parent to None, run_after=None
[2024-05-24T14:50:14.468+0000] {processor.py:183} INFO - Processing /usr/local/python/3.10.13/lib/python3.10/site-packages/airflow/example_dags/example_external_task_marker_dag.py took 0.074 seconds
[2024-05-24T14:51:17.676+0000] {processor.py:161} INFO - Started process (PID=63101) to work on /usr/local/python/3.10.13/lib/python3.10/site-packages/airflow/example_dags/example_external_task_marker_dag.py
[2024-05-24T14:51:17.677+0000] {processor.py:830} INFO - Processing file /usr/local/python/3.10.13/lib/python3.10/site-packages/airflow/example_dags/example_external_task_marker_dag.py for tasks to queue
[2024-05-24T14:51:17.678+0000] {logging_mixin.py:188} INFO - [2024-05-24T14:51:17.678+0000] {dagbag.py:545} INFO - Filling up the DagBag from /usr/local/python/3.10.13/lib/python3.10/site-packages/airflow/example_dags/example_external_task_marker_dag.py
[2024-05-24T14:51:17.683+0000] {processor.py:840} INFO - DAG(s) 'example_external_task_marker_child', 'example_external_task_marker_parent' retrieved from /usr/local/python/3.10.13/lib/python3.10/site-packages/airflow/example_dags/example_external_task_marker_dag.py
[2024-05-24T14:51:17.697+0000] {logging_mixin.py:188} INFO - [2024-05-24T14:51:17.697+0000] {dag.py:3096} INFO - Sync 2 DAGs
[2024-05-24T14:51:17.706+0000] {logging_mixin.py:188} INFO - [2024-05-24T14:51:17.706+0000] {dag.py:3954} INFO - Setting next_dagrun for example_external_task_marker_child to None, run_after=None
[2024-05-24T14:51:17.709+0000] {logging_mixin.py:188} INFO - [2024-05-24T14:51:17.708+0000] {dag.py:3954} INFO - Setting next_dagrun for example_external_task_marker_parent to None, run_after=None
[2024-05-24T14:51:17.748+0000] {processor.py:183} INFO - Processing /usr/local/python/3.10.13/lib/python3.10/site-packages/airflow/example_dags/example_external_task_marker_dag.py took 0.076 seconds
[2024-05-24T14:52:17.950+0000] {processor.py:161} INFO - Started process (PID=63542) to work on /usr/local/python/3.10.13/lib/python3.10/site-packages/airflow/example_dags/example_external_task_marker_dag.py
[2024-05-24T14:52:17.951+0000] {processor.py:830} INFO - Processing file /usr/local/python/3.10.13/lib/python3.10/site-packages/airflow/example_dags/example_external_task_marker_dag.py for tasks to queue
[2024-05-24T14:52:17.952+0000] {logging_mixin.py:188} INFO - [2024-05-24T14:52:17.952+0000] {dagbag.py:545} INFO - Filling up the DagBag from /usr/local/python/3.10.13/lib/python3.10/site-packages/airflow/example_dags/example_external_task_marker_dag.py
[2024-05-24T14:52:17.958+0000] {processor.py:840} INFO - DAG(s) 'example_external_task_marker_parent', 'example_external_task_marker_child' retrieved from /usr/local/python/3.10.13/lib/python3.10/site-packages/airflow/example_dags/example_external_task_marker_dag.py
[2024-05-24T14:52:17.972+0000] {logging_mixin.py:188} INFO - [2024-05-24T14:52:17.972+0000] {dag.py:3096} INFO - Sync 2 DAGs
[2024-05-24T14:52:17.982+0000] {logging_mixin.py:188} INFO - [2024-05-24T14:52:17.982+0000] {dag.py:3954} INFO - Setting next_dagrun for example_external_task_marker_child to None, run_after=None
[2024-05-24T14:52:17.984+0000] {logging_mixin.py:188} INFO - [2024-05-24T14:52:17.984+0000] {dag.py:3954} INFO - Setting next_dagrun for example_external_task_marker_parent to None, run_after=None
[2024-05-24T14:52:18.023+0000] {processor.py:183} INFO - Processing /usr/local/python/3.10.13/lib/python3.10/site-packages/airflow/example_dags/example_external_task_marker_dag.py took 0.078 seconds
[2024-05-24T14:53:18.336+0000] {processor.py:161} INFO - Started process (PID=64111) to work on /usr/local/python/3.10.13/lib/python3.10/site-packages/airflow/example_dags/example_external_task_marker_dag.py
[2024-05-24T14:53:18.337+0000] {processor.py:830} INFO - Processing file /usr/local/python/3.10.13/lib/python3.10/site-packages/airflow/example_dags/example_external_task_marker_dag.py for tasks to queue
[2024-05-24T14:53:18.339+0000] {logging_mixin.py:188} INFO - [2024-05-24T14:53:18.338+0000] {dagbag.py:545} INFO - Filling up the DagBag from /usr/local/python/3.10.13/lib/python3.10/site-packages/airflow/example_dags/example_external_task_marker_dag.py
[2024-05-24T14:53:18.346+0000] {processor.py:840} INFO - DAG(s) 'example_external_task_marker_parent', 'example_external_task_marker_child' retrieved from /usr/local/python/3.10.13/lib/python3.10/site-packages/airflow/example_dags/example_external_task_marker_dag.py
[2024-05-24T14:53:18.368+0000] {logging_mixin.py:188} INFO - [2024-05-24T14:53:18.367+0000] {dag.py:3096} INFO - Sync 2 DAGs
[2024-05-24T14:53:18.378+0000] {logging_mixin.py:188} INFO - [2024-05-24T14:53:18.377+0000] {dag.py:3954} INFO - Setting next_dagrun for example_external_task_marker_child to None, run_after=None
[2024-05-24T14:53:18.380+0000] {logging_mixin.py:188} INFO - [2024-05-24T14:53:18.380+0000] {dag.py:3954} INFO - Setting next_dagrun for example_external_task_marker_parent to None, run_after=None
[2024-05-24T14:53:18.417+0000] {processor.py:183} INFO - Processing /usr/local/python/3.10.13/lib/python3.10/site-packages/airflow/example_dags/example_external_task_marker_dag.py took 0.086 seconds
[2024-05-24T14:54:18.803+0000] {processor.py:161} INFO - Started process (PID=64726) to work on /usr/local/python/3.10.13/lib/python3.10/site-packages/airflow/example_dags/example_external_task_marker_dag.py
[2024-05-24T14:54:18.804+0000] {processor.py:830} INFO - Processing file /usr/local/python/3.10.13/lib/python3.10/site-packages/airflow/example_dags/example_external_task_marker_dag.py for tasks to queue
[2024-05-24T14:54:18.805+0000] {logging_mixin.py:188} INFO - [2024-05-24T14:54:18.805+0000] {dagbag.py:545} INFO - Filling up the DagBag from /usr/local/python/3.10.13/lib/python3.10/site-packages/airflow/example_dags/example_external_task_marker_dag.py
[2024-05-24T14:54:18.810+0000] {processor.py:840} INFO - DAG(s) 'example_external_task_marker_child', 'example_external_task_marker_parent' retrieved from /usr/local/python/3.10.13/lib/python3.10/site-packages/airflow/example_dags/example_external_task_marker_dag.py
[2024-05-24T14:54:18.823+0000] {logging_mixin.py:188} INFO - [2024-05-24T14:54:18.823+0000] {dag.py:3096} INFO - Sync 2 DAGs
[2024-05-24T14:54:18.832+0000] {logging_mixin.py:188} INFO - [2024-05-24T14:54:18.832+0000] {dag.py:3954} INFO - Setting next_dagrun for example_external_task_marker_child to None, run_after=None
[2024-05-24T14:54:18.835+0000] {logging_mixin.py:188} INFO - [2024-05-24T14:54:18.835+0000] {dag.py:3954} INFO - Setting next_dagrun for example_external_task_marker_parent to None, run_after=None
[2024-05-24T14:54:18.871+0000] {processor.py:183} INFO - Processing /usr/local/python/3.10.13/lib/python3.10/site-packages/airflow/example_dags/example_external_task_marker_dag.py took 0.072 seconds
[2024-05-24T14:55:18.237+0000] {processor.py:161} INFO - Started process (PID=65415) to work on /usr/local/python/3.10.13/lib/python3.10/site-packages/airflow/example_dags/example_external_task_marker_dag.py
[2024-05-24T14:55:18.238+0000] {processor.py:830} INFO - Processing file /usr/local/python/3.10.13/lib/python3.10/site-packages/airflow/example_dags/example_external_task_marker_dag.py for tasks to queue
[2024-05-24T14:55:18.239+0000] {logging_mixin.py:188} INFO - [2024-05-24T14:55:18.239+0000] {dagbag.py:545} INFO - Filling up the DagBag from /usr/local/python/3.10.13/lib/python3.10/site-packages/airflow/example_dags/example_external_task_marker_dag.py
[2024-05-24T14:55:18.244+0000] {processor.py:840} INFO - DAG(s) 'example_external_task_marker_child', 'example_external_task_marker_parent' retrieved from /usr/local/python/3.10.13/lib/python3.10/site-packages/airflow/example_dags/example_external_task_marker_dag.py
[2024-05-24T14:55:18.258+0000] {logging_mixin.py:188} INFO - [2024-05-24T14:55:18.257+0000] {dag.py:3096} INFO - Sync 2 DAGs
[2024-05-24T14:55:18.267+0000] {logging_mixin.py:188} INFO - [2024-05-24T14:55:18.267+0000] {dag.py:3954} INFO - Setting next_dagrun for example_external_task_marker_child to None, run_after=None
[2024-05-24T14:55:18.270+0000] {logging_mixin.py:188} INFO - [2024-05-24T14:55:18.270+0000] {dag.py:3954} INFO - Setting next_dagrun for example_external_task_marker_parent to None, run_after=None
[2024-05-24T14:55:18.306+0000] {processor.py:183} INFO - Processing /usr/local/python/3.10.13/lib/python3.10/site-packages/airflow/example_dags/example_external_task_marker_dag.py took 0.074 seconds
[2024-05-24T14:56:17.961+0000] {processor.py:161} INFO - Started process (PID=66129) to work on /usr/local/python/3.10.13/lib/python3.10/site-packages/airflow/example_dags/example_external_task_marker_dag.py
[2024-05-24T14:56:17.962+0000] {processor.py:830} INFO - Processing file /usr/local/python/3.10.13/lib/python3.10/site-packages/airflow/example_dags/example_external_task_marker_dag.py for tasks to queue
[2024-05-24T14:56:17.963+0000] {logging_mixin.py:188} INFO - [2024-05-24T14:56:17.963+0000] {dagbag.py:545} INFO - Filling up the DagBag from /usr/local/python/3.10.13/lib/python3.10/site-packages/airflow/example_dags/example_external_task_marker_dag.py
[2024-05-24T14:56:17.968+0000] {processor.py:840} INFO - DAG(s) 'example_external_task_marker_child', 'example_external_task_marker_parent' retrieved from /usr/local/python/3.10.13/lib/python3.10/site-packages/airflow/example_dags/example_external_task_marker_dag.py
[2024-05-24T14:56:17.982+0000] {logging_mixin.py:188} INFO - [2024-05-24T14:56:17.982+0000] {dag.py:3096} INFO - Sync 2 DAGs
[2024-05-24T14:56:17.991+0000] {logging_mixin.py:188} INFO - [2024-05-24T14:56:17.991+0000] {dag.py:3954} INFO - Setting next_dagrun for example_external_task_marker_child to None, run_after=None
[2024-05-24T14:56:17.994+0000] {logging_mixin.py:188} INFO - [2024-05-24T14:56:17.994+0000] {dag.py:3954} INFO - Setting next_dagrun for example_external_task_marker_parent to None, run_after=None
[2024-05-24T14:56:18.032+0000] {processor.py:183} INFO - Processing /usr/local/python/3.10.13/lib/python3.10/site-packages/airflow/example_dags/example_external_task_marker_dag.py took 0.075 seconds
[2024-05-24T14:57:19.893+0000] {processor.py:161} INFO - Started process (PID=66724) to work on /usr/local/python/3.10.13/lib/python3.10/site-packages/airflow/example_dags/example_external_task_marker_dag.py
[2024-05-24T14:57:19.894+0000] {processor.py:830} INFO - Processing file /usr/local/python/3.10.13/lib/python3.10/site-packages/airflow/example_dags/example_external_task_marker_dag.py for tasks to queue
[2024-05-24T14:57:19.895+0000] {logging_mixin.py:188} INFO - [2024-05-24T14:57:19.895+0000] {dagbag.py:545} INFO - Filling up the DagBag from /usr/local/python/3.10.13/lib/python3.10/site-packages/airflow/example_dags/example_external_task_marker_dag.py
[2024-05-24T14:57:19.901+0000] {processor.py:840} INFO - DAG(s) 'example_external_task_marker_parent', 'example_external_task_marker_child' retrieved from /usr/local/python/3.10.13/lib/python3.10/site-packages/airflow/example_dags/example_external_task_marker_dag.py
[2024-05-24T14:57:19.915+0000] {logging_mixin.py:188} INFO - [2024-05-24T14:57:19.915+0000] {dag.py:3096} INFO - Sync 2 DAGs
[2024-05-24T14:57:19.924+0000] {logging_mixin.py:188} INFO - [2024-05-24T14:57:19.924+0000] {dag.py:3954} INFO - Setting next_dagrun for example_external_task_marker_child to None, run_after=None
[2024-05-24T14:57:19.927+0000] {logging_mixin.py:188} INFO - [2024-05-24T14:57:19.927+0000] {dag.py:3954} INFO - Setting next_dagrun for example_external_task_marker_parent to None, run_after=None
[2024-05-24T14:57:19.963+0000] {processor.py:183} INFO - Processing /usr/local/python/3.10.13/lib/python3.10/site-packages/airflow/example_dags/example_external_task_marker_dag.py took 0.075 seconds
[2024-05-24T14:58:23.827+0000] {processor.py:161} INFO - Started process (PID=67247) to work on /usr/local/python/3.10.13/lib/python3.10/site-packages/airflow/example_dags/example_external_task_marker_dag.py
[2024-05-24T14:58:23.828+0000] {processor.py:830} INFO - Processing file /usr/local/python/3.10.13/lib/python3.10/site-packages/airflow/example_dags/example_external_task_marker_dag.py for tasks to queue
[2024-05-24T14:58:23.829+0000] {logging_mixin.py:188} INFO - [2024-05-24T14:58:23.829+0000] {dagbag.py:545} INFO - Filling up the DagBag from /usr/local/python/3.10.13/lib/python3.10/site-packages/airflow/example_dags/example_external_task_marker_dag.py
[2024-05-24T14:58:23.834+0000] {processor.py:840} INFO - DAG(s) 'example_external_task_marker_child', 'example_external_task_marker_parent' retrieved from /usr/local/python/3.10.13/lib/python3.10/site-packages/airflow/example_dags/example_external_task_marker_dag.py
[2024-05-24T14:58:23.848+0000] {logging_mixin.py:188} INFO - [2024-05-24T14:58:23.848+0000] {dag.py:3096} INFO - Sync 2 DAGs
[2024-05-24T14:58:23.857+0000] {logging_mixin.py:188} INFO - [2024-05-24T14:58:23.857+0000] {dag.py:3954} INFO - Setting next_dagrun for example_external_task_marker_child to None, run_after=None
[2024-05-24T14:58:23.860+0000] {logging_mixin.py:188} INFO - [2024-05-24T14:58:23.860+0000] {dag.py:3954} INFO - Setting next_dagrun for example_external_task_marker_parent to None, run_after=None
[2024-05-24T14:58:23.900+0000] {processor.py:183} INFO - Processing /usr/local/python/3.10.13/lib/python3.10/site-packages/airflow/example_dags/example_external_task_marker_dag.py took 0.078 seconds
[2024-05-24T14:59:24.639+0000] {processor.py:161} INFO - Started process (PID=67665) to work on /usr/local/python/3.10.13/lib/python3.10/site-packages/airflow/example_dags/example_external_task_marker_dag.py
[2024-05-24T14:59:24.640+0000] {processor.py:830} INFO - Processing file /usr/local/python/3.10.13/lib/python3.10/site-packages/airflow/example_dags/example_external_task_marker_dag.py for tasks to queue
[2024-05-24T14:59:24.641+0000] {logging_mixin.py:188} INFO - [2024-05-24T14:59:24.641+0000] {dagbag.py:545} INFO - Filling up the DagBag from /usr/local/python/3.10.13/lib/python3.10/site-packages/airflow/example_dags/example_external_task_marker_dag.py
[2024-05-24T14:59:24.646+0000] {processor.py:840} INFO - DAG(s) 'example_external_task_marker_parent', 'example_external_task_marker_child' retrieved from /usr/local/python/3.10.13/lib/python3.10/site-packages/airflow/example_dags/example_external_task_marker_dag.py
[2024-05-24T14:59:24.660+0000] {logging_mixin.py:188} INFO - [2024-05-24T14:59:24.660+0000] {dag.py:3096} INFO - Sync 2 DAGs
[2024-05-24T14:59:24.670+0000] {logging_mixin.py:188} INFO - [2024-05-24T14:59:24.670+0000] {dag.py:3954} INFO - Setting next_dagrun for example_external_task_marker_child to None, run_after=None
[2024-05-24T14:59:24.673+0000] {logging_mixin.py:188} INFO - [2024-05-24T14:59:24.672+0000] {dag.py:3954} INFO - Setting next_dagrun for example_external_task_marker_parent to None, run_after=None
[2024-05-24T14:59:24.711+0000] {processor.py:183} INFO - Processing /usr/local/python/3.10.13/lib/python3.10/site-packages/airflow/example_dags/example_external_task_marker_dag.py took 0.076 seconds
[2024-05-24T15:00:28.851+0000] {processor.py:161} INFO - Started process (PID=68108) to work on /usr/local/python/3.10.13/lib/python3.10/site-packages/airflow/example_dags/example_external_task_marker_dag.py
[2024-05-24T15:00:28.852+0000] {processor.py:830} INFO - Processing file /usr/local/python/3.10.13/lib/python3.10/site-packages/airflow/example_dags/example_external_task_marker_dag.py for tasks to queue
[2024-05-24T15:00:28.853+0000] {logging_mixin.py:188} INFO - [2024-05-24T15:00:28.853+0000] {dagbag.py:545} INFO - Filling up the DagBag from /usr/local/python/3.10.13/lib/python3.10/site-packages/airflow/example_dags/example_external_task_marker_dag.py
[2024-05-24T15:00:28.858+0000] {processor.py:840} INFO - DAG(s) 'example_external_task_marker_child', 'example_external_task_marker_parent' retrieved from /usr/local/python/3.10.13/lib/python3.10/site-packages/airflow/example_dags/example_external_task_marker_dag.py
[2024-05-24T15:00:28.873+0000] {logging_mixin.py:188} INFO - [2024-05-24T15:00:28.873+0000] {dag.py:3096} INFO - Sync 2 DAGs
[2024-05-24T15:00:28.882+0000] {logging_mixin.py:188} INFO - [2024-05-24T15:00:28.882+0000] {dag.py:3954} INFO - Setting next_dagrun for example_external_task_marker_child to None, run_after=None
[2024-05-24T15:00:28.885+0000] {logging_mixin.py:188} INFO - [2024-05-24T15:00:28.885+0000] {dag.py:3954} INFO - Setting next_dagrun for example_external_task_marker_parent to None, run_after=None
[2024-05-24T15:00:28.921+0000] {processor.py:183} INFO - Processing /usr/local/python/3.10.13/lib/python3.10/site-packages/airflow/example_dags/example_external_task_marker_dag.py took 0.074 seconds
[2024-05-24T15:01:30.172+0000] {processor.py:161} INFO - Started process (PID=68550) to work on /usr/local/python/3.10.13/lib/python3.10/site-packages/airflow/example_dags/example_external_task_marker_dag.py
[2024-05-24T15:01:30.173+0000] {processor.py:830} INFO - Processing file /usr/local/python/3.10.13/lib/python3.10/site-packages/airflow/example_dags/example_external_task_marker_dag.py for tasks to queue
[2024-05-24T15:01:30.174+0000] {logging_mixin.py:188} INFO - [2024-05-24T15:01:30.174+0000] {dagbag.py:545} INFO - Filling up the DagBag from /usr/local/python/3.10.13/lib/python3.10/site-packages/airflow/example_dags/example_external_task_marker_dag.py
[2024-05-24T15:01:30.181+0000] {processor.py:840} INFO - DAG(s) 'example_external_task_marker_parent', 'example_external_task_marker_child' retrieved from /usr/local/python/3.10.13/lib/python3.10/site-packages/airflow/example_dags/example_external_task_marker_dag.py
[2024-05-24T15:01:30.203+0000] {logging_mixin.py:188} INFO - [2024-05-24T15:01:30.203+0000] {dag.py:3096} INFO - Sync 2 DAGs
[2024-05-24T15:01:30.219+0000] {logging_mixin.py:188} INFO - [2024-05-24T15:01:30.219+0000] {dag.py:3954} INFO - Setting next_dagrun for example_external_task_marker_child to None, run_after=None
[2024-05-24T15:01:30.223+0000] {logging_mixin.py:188} INFO - [2024-05-24T15:01:30.222+0000] {dag.py:3954} INFO - Setting next_dagrun for example_external_task_marker_parent to None, run_after=None
[2024-05-24T15:01:30.264+0000] {processor.py:183} INFO - Processing /usr/local/python/3.10.13/lib/python3.10/site-packages/airflow/example_dags/example_external_task_marker_dag.py took 0.100 seconds
[2024-05-24T15:02:32.155+0000] {processor.py:161} INFO - Started process (PID=69018) to work on /usr/local/python/3.10.13/lib/python3.10/site-packages/airflow/example_dags/example_external_task_marker_dag.py
[2024-05-24T15:02:32.156+0000] {processor.py:830} INFO - Processing file /usr/local/python/3.10.13/lib/python3.10/site-packages/airflow/example_dags/example_external_task_marker_dag.py for tasks to queue
[2024-05-24T15:02:32.157+0000] {logging_mixin.py:188} INFO - [2024-05-24T15:02:32.157+0000] {dagbag.py:545} INFO - Filling up the DagBag from /usr/local/python/3.10.13/lib/python3.10/site-packages/airflow/example_dags/example_external_task_marker_dag.py
[2024-05-24T15:02:32.162+0000] {processor.py:840} INFO - DAG(s) 'example_external_task_marker_child', 'example_external_task_marker_parent' retrieved from /usr/local/python/3.10.13/lib/python3.10/site-packages/airflow/example_dags/example_external_task_marker_dag.py
[2024-05-24T15:02:32.176+0000] {logging_mixin.py:188} INFO - [2024-05-24T15:02:32.175+0000] {dag.py:3096} INFO - Sync 2 DAGs
[2024-05-24T15:02:32.185+0000] {logging_mixin.py:188} INFO - [2024-05-24T15:02:32.184+0000] {dag.py:3954} INFO - Setting next_dagrun for example_external_task_marker_child to None, run_after=None
[2024-05-24T15:02:32.188+0000] {logging_mixin.py:188} INFO - [2024-05-24T15:02:32.188+0000] {dag.py:3954} INFO - Setting next_dagrun for example_external_task_marker_parent to None, run_after=None
[2024-05-24T15:02:32.244+0000] {processor.py:183} INFO - Processing /usr/local/python/3.10.13/lib/python3.10/site-packages/airflow/example_dags/example_external_task_marker_dag.py took 0.093 seconds
[2024-05-24T15:03:33.028+0000] {processor.py:161} INFO - Started process (PID=69482) to work on /usr/local/python/3.10.13/lib/python3.10/site-packages/airflow/example_dags/example_external_task_marker_dag.py
[2024-05-24T15:03:33.029+0000] {processor.py:830} INFO - Processing file /usr/local/python/3.10.13/lib/python3.10/site-packages/airflow/example_dags/example_external_task_marker_dag.py for tasks to queue
[2024-05-24T15:03:33.030+0000] {logging_mixin.py:188} INFO - [2024-05-24T15:03:33.030+0000] {dagbag.py:545} INFO - Filling up the DagBag from /usr/local/python/3.10.13/lib/python3.10/site-packages/airflow/example_dags/example_external_task_marker_dag.py
[2024-05-24T15:03:33.035+0000] {processor.py:840} INFO - DAG(s) 'example_external_task_marker_child', 'example_external_task_marker_parent' retrieved from /usr/local/python/3.10.13/lib/python3.10/site-packages/airflow/example_dags/example_external_task_marker_dag.py
[2024-05-24T15:03:33.049+0000] {logging_mixin.py:188} INFO - [2024-05-24T15:03:33.049+0000] {dag.py:3096} INFO - Sync 2 DAGs
[2024-05-24T15:03:33.058+0000] {logging_mixin.py:188} INFO - [2024-05-24T15:03:33.058+0000] {dag.py:3954} INFO - Setting next_dagrun for example_external_task_marker_child to None, run_after=None
[2024-05-24T15:03:33.061+0000] {logging_mixin.py:188} INFO - [2024-05-24T15:03:33.061+0000] {dag.py:3954} INFO - Setting next_dagrun for example_external_task_marker_parent to None, run_after=None
[2024-05-24T15:03:33.100+0000] {processor.py:183} INFO - Processing /usr/local/python/3.10.13/lib/python3.10/site-packages/airflow/example_dags/example_external_task_marker_dag.py took 0.081 seconds
[2024-05-24T15:04:38.615+0000] {processor.py:161} INFO - Started process (PID=69967) to work on /usr/local/python/3.10.13/lib/python3.10/site-packages/airflow/example_dags/example_external_task_marker_dag.py
[2024-05-24T15:04:38.616+0000] {processor.py:830} INFO - Processing file /usr/local/python/3.10.13/lib/python3.10/site-packages/airflow/example_dags/example_external_task_marker_dag.py for tasks to queue
[2024-05-24T15:04:38.617+0000] {logging_mixin.py:188} INFO - [2024-05-24T15:04:38.617+0000] {dagbag.py:545} INFO - Filling up the DagBag from /usr/local/python/3.10.13/lib/python3.10/site-packages/airflow/example_dags/example_external_task_marker_dag.py
[2024-05-24T15:04:38.623+0000] {processor.py:840} INFO - DAG(s) 'example_external_task_marker_child', 'example_external_task_marker_parent' retrieved from /usr/local/python/3.10.13/lib/python3.10/site-packages/airflow/example_dags/example_external_task_marker_dag.py
[2024-05-24T15:04:38.637+0000] {logging_mixin.py:188} INFO - [2024-05-24T15:04:38.637+0000] {dag.py:3096} INFO - Sync 2 DAGs
[2024-05-24T15:04:38.646+0000] {logging_mixin.py:188} INFO - [2024-05-24T15:04:38.646+0000] {dag.py:3954} INFO - Setting next_dagrun for example_external_task_marker_child to None, run_after=None
[2024-05-24T15:04:38.649+0000] {logging_mixin.py:188} INFO - [2024-05-24T15:04:38.649+0000] {dag.py:3954} INFO - Setting next_dagrun for example_external_task_marker_parent to None, run_after=None
[2024-05-24T15:04:38.684+0000] {processor.py:183} INFO - Processing /usr/local/python/3.10.13/lib/python3.10/site-packages/airflow/example_dags/example_external_task_marker_dag.py took 0.074 seconds
[2024-05-24T15:05:43.607+0000] {processor.py:161} INFO - Started process (PID=70442) to work on /usr/local/python/3.10.13/lib/python3.10/site-packages/airflow/example_dags/example_external_task_marker_dag.py
[2024-05-24T15:05:43.608+0000] {processor.py:830} INFO - Processing file /usr/local/python/3.10.13/lib/python3.10/site-packages/airflow/example_dags/example_external_task_marker_dag.py for tasks to queue
[2024-05-24T15:05:43.610+0000] {logging_mixin.py:188} INFO - [2024-05-24T15:05:43.609+0000] {dagbag.py:545} INFO - Filling up the DagBag from /usr/local/python/3.10.13/lib/python3.10/site-packages/airflow/example_dags/example_external_task_marker_dag.py
[2024-05-24T15:05:43.616+0000] {processor.py:840} INFO - DAG(s) 'example_external_task_marker_parent', 'example_external_task_marker_child' retrieved from /usr/local/python/3.10.13/lib/python3.10/site-packages/airflow/example_dags/example_external_task_marker_dag.py
[2024-05-24T15:05:43.635+0000] {logging_mixin.py:188} INFO - [2024-05-24T15:05:43.634+0000] {dag.py:3096} INFO - Sync 2 DAGs
[2024-05-24T15:05:43.652+0000] {logging_mixin.py:188} INFO - [2024-05-24T15:05:43.651+0000] {dag.py:3954} INFO - Setting next_dagrun for example_external_task_marker_child to None, run_after=None
[2024-05-24T15:05:43.655+0000] {logging_mixin.py:188} INFO - [2024-05-24T15:05:43.655+0000] {dag.py:3954} INFO - Setting next_dagrun for example_external_task_marker_parent to None, run_after=None
[2024-05-24T15:05:43.698+0000] {processor.py:183} INFO - Processing /usr/local/python/3.10.13/lib/python3.10/site-packages/airflow/example_dags/example_external_task_marker_dag.py took 0.098 seconds
[2024-05-24T15:06:48.538+0000] {processor.py:161} INFO - Started process (PID=70944) to work on /usr/local/python/3.10.13/lib/python3.10/site-packages/airflow/example_dags/example_external_task_marker_dag.py
[2024-05-24T15:06:48.538+0000] {processor.py:830} INFO - Processing file /usr/local/python/3.10.13/lib/python3.10/site-packages/airflow/example_dags/example_external_task_marker_dag.py for tasks to queue
[2024-05-24T15:06:48.540+0000] {logging_mixin.py:188} INFO - [2024-05-24T15:06:48.539+0000] {dagbag.py:545} INFO - Filling up the DagBag from /usr/local/python/3.10.13/lib/python3.10/site-packages/airflow/example_dags/example_external_task_marker_dag.py
[2024-05-24T15:06:48.544+0000] {processor.py:840} INFO - DAG(s) 'example_external_task_marker_child', 'example_external_task_marker_parent' retrieved from /usr/local/python/3.10.13/lib/python3.10/site-packages/airflow/example_dags/example_external_task_marker_dag.py
[2024-05-24T15:06:48.559+0000] {logging_mixin.py:188} INFO - [2024-05-24T15:06:48.559+0000] {dag.py:3096} INFO - Sync 2 DAGs
[2024-05-24T15:06:48.573+0000] {logging_mixin.py:188} INFO - [2024-05-24T15:06:48.573+0000] {dag.py:3954} INFO - Setting next_dagrun for example_external_task_marker_child to None, run_after=None
[2024-05-24T15:06:48.577+0000] {logging_mixin.py:188} INFO - [2024-05-24T15:06:48.577+0000] {dag.py:3954} INFO - Setting next_dagrun for example_external_task_marker_parent to None, run_after=None
[2024-05-24T15:06:48.632+0000] {processor.py:183} INFO - Processing /usr/local/python/3.10.13/lib/python3.10/site-packages/airflow/example_dags/example_external_task_marker_dag.py took 0.098 seconds
[2024-05-24T15:07:53.023+0000] {processor.py:161} INFO - Started process (PID=71417) to work on /usr/local/python/3.10.13/lib/python3.10/site-packages/airflow/example_dags/example_external_task_marker_dag.py
[2024-05-24T15:07:53.024+0000] {processor.py:830} INFO - Processing file /usr/local/python/3.10.13/lib/python3.10/site-packages/airflow/example_dags/example_external_task_marker_dag.py for tasks to queue
[2024-05-24T15:07:53.025+0000] {logging_mixin.py:188} INFO - [2024-05-24T15:07:53.025+0000] {dagbag.py:545} INFO - Filling up the DagBag from /usr/local/python/3.10.13/lib/python3.10/site-packages/airflow/example_dags/example_external_task_marker_dag.py
[2024-05-24T15:07:53.030+0000] {processor.py:840} INFO - DAG(s) 'example_external_task_marker_parent', 'example_external_task_marker_child' retrieved from /usr/local/python/3.10.13/lib/python3.10/site-packages/airflow/example_dags/example_external_task_marker_dag.py
[2024-05-24T15:07:53.044+0000] {logging_mixin.py:188} INFO - [2024-05-24T15:07:53.044+0000] {dag.py:3096} INFO - Sync 2 DAGs
[2024-05-24T15:07:53.053+0000] {logging_mixin.py:188} INFO - [2024-05-24T15:07:53.053+0000] {dag.py:3954} INFO - Setting next_dagrun for example_external_task_marker_child to None, run_after=None
[2024-05-24T15:07:53.057+0000] {logging_mixin.py:188} INFO - [2024-05-24T15:07:53.057+0000] {dag.py:3954} INFO - Setting next_dagrun for example_external_task_marker_parent to None, run_after=None
[2024-05-24T15:07:53.122+0000] {processor.py:183} INFO - Processing /usr/local/python/3.10.13/lib/python3.10/site-packages/airflow/example_dags/example_external_task_marker_dag.py took 0.104 seconds
[2024-05-24T15:08:54.782+0000] {processor.py:161} INFO - Started process (PID=71887) to work on /usr/local/python/3.10.13/lib/python3.10/site-packages/airflow/example_dags/example_external_task_marker_dag.py
[2024-05-24T15:08:54.783+0000] {processor.py:830} INFO - Processing file /usr/local/python/3.10.13/lib/python3.10/site-packages/airflow/example_dags/example_external_task_marker_dag.py for tasks to queue
[2024-05-24T15:08:54.784+0000] {logging_mixin.py:188} INFO - [2024-05-24T15:08:54.784+0000] {dagbag.py:545} INFO - Filling up the DagBag from /usr/local/python/3.10.13/lib/python3.10/site-packages/airflow/example_dags/example_external_task_marker_dag.py
[2024-05-24T15:08:54.789+0000] {processor.py:840} INFO - DAG(s) 'example_external_task_marker_parent', 'example_external_task_marker_child' retrieved from /usr/local/python/3.10.13/lib/python3.10/site-packages/airflow/example_dags/example_external_task_marker_dag.py
[2024-05-24T15:08:54.802+0000] {logging_mixin.py:188} INFO - [2024-05-24T15:08:54.802+0000] {dag.py:3096} INFO - Sync 2 DAGs
[2024-05-24T15:08:54.811+0000] {logging_mixin.py:188} INFO - [2024-05-24T15:08:54.811+0000] {dag.py:3954} INFO - Setting next_dagrun for example_external_task_marker_child to None, run_after=None
[2024-05-24T15:08:54.814+0000] {logging_mixin.py:188} INFO - [2024-05-24T15:08:54.814+0000] {dag.py:3954} INFO - Setting next_dagrun for example_external_task_marker_parent to None, run_after=None
[2024-05-24T15:08:54.853+0000] {processor.py:183} INFO - Processing /usr/local/python/3.10.13/lib/python3.10/site-packages/airflow/example_dags/example_external_task_marker_dag.py took 0.075 seconds
[2024-05-24T15:09:57.182+0000] {processor.py:161} INFO - Started process (PID=72347) to work on /usr/local/python/3.10.13/lib/python3.10/site-packages/airflow/example_dags/example_external_task_marker_dag.py
[2024-05-24T15:09:57.183+0000] {processor.py:830} INFO - Processing file /usr/local/python/3.10.13/lib/python3.10/site-packages/airflow/example_dags/example_external_task_marker_dag.py for tasks to queue
[2024-05-24T15:09:57.184+0000] {logging_mixin.py:188} INFO - [2024-05-24T15:09:57.184+0000] {dagbag.py:545} INFO - Filling up the DagBag from /usr/local/python/3.10.13/lib/python3.10/site-packages/airflow/example_dags/example_external_task_marker_dag.py
[2024-05-24T15:09:57.190+0000] {processor.py:840} INFO - DAG(s) 'example_external_task_marker_parent', 'example_external_task_marker_child' retrieved from /usr/local/python/3.10.13/lib/python3.10/site-packages/airflow/example_dags/example_external_task_marker_dag.py
[2024-05-24T15:09:57.204+0000] {logging_mixin.py:188} INFO - [2024-05-24T15:09:57.204+0000] {dag.py:3096} INFO - Sync 2 DAGs
[2024-05-24T15:09:57.213+0000] {logging_mixin.py:188} INFO - [2024-05-24T15:09:57.213+0000] {dag.py:3954} INFO - Setting next_dagrun for example_external_task_marker_child to None, run_after=None
[2024-05-24T15:09:57.215+0000] {logging_mixin.py:188} INFO - [2024-05-24T15:09:57.215+0000] {dag.py:3954} INFO - Setting next_dagrun for example_external_task_marker_parent to None, run_after=None
[2024-05-24T15:09:57.252+0000] {processor.py:183} INFO - Processing /usr/local/python/3.10.13/lib/python3.10/site-packages/airflow/example_dags/example_external_task_marker_dag.py took 0.074 seconds
[2024-05-24T15:10:56.813+0000] {processor.py:161} INFO - Started process (PID=72789) to work on /usr/local/python/3.10.13/lib/python3.10/site-packages/airflow/example_dags/example_external_task_marker_dag.py
[2024-05-24T15:10:56.814+0000] {processor.py:830} INFO - Processing file /usr/local/python/3.10.13/lib/python3.10/site-packages/airflow/example_dags/example_external_task_marker_dag.py for tasks to queue
[2024-05-24T15:10:56.815+0000] {logging_mixin.py:188} INFO - [2024-05-24T15:10:56.815+0000] {dagbag.py:545} INFO - Filling up the DagBag from /usr/local/python/3.10.13/lib/python3.10/site-packages/airflow/example_dags/example_external_task_marker_dag.py
[2024-05-24T15:10:56.820+0000] {processor.py:840} INFO - DAG(s) 'example_external_task_marker_parent', 'example_external_task_marker_child' retrieved from /usr/local/python/3.10.13/lib/python3.10/site-packages/airflow/example_dags/example_external_task_marker_dag.py
[2024-05-24T15:10:56.834+0000] {logging_mixin.py:188} INFO - [2024-05-24T15:10:56.834+0000] {dag.py:3096} INFO - Sync 2 DAGs
[2024-05-24T15:10:56.843+0000] {logging_mixin.py:188} INFO - [2024-05-24T15:10:56.843+0000] {dag.py:3954} INFO - Setting next_dagrun for example_external_task_marker_child to None, run_after=None
[2024-05-24T15:10:56.845+0000] {logging_mixin.py:188} INFO - [2024-05-24T15:10:56.845+0000] {dag.py:3954} INFO - Setting next_dagrun for example_external_task_marker_parent to None, run_after=None
[2024-05-24T15:10:56.898+0000] {processor.py:183} INFO - Processing /usr/local/python/3.10.13/lib/python3.10/site-packages/airflow/example_dags/example_external_task_marker_dag.py took 0.090 seconds
[2024-05-24T15:12:00.109+0000] {processor.py:161} INFO - Started process (PID=73264) to work on /usr/local/python/3.10.13/lib/python3.10/site-packages/airflow/example_dags/example_external_task_marker_dag.py
[2024-05-24T15:12:00.110+0000] {processor.py:830} INFO - Processing file /usr/local/python/3.10.13/lib/python3.10/site-packages/airflow/example_dags/example_external_task_marker_dag.py for tasks to queue
[2024-05-24T15:12:00.111+0000] {logging_mixin.py:188} INFO - [2024-05-24T15:12:00.111+0000] {dagbag.py:545} INFO - Filling up the DagBag from /usr/local/python/3.10.13/lib/python3.10/site-packages/airflow/example_dags/example_external_task_marker_dag.py
[2024-05-24T15:12:00.116+0000] {processor.py:840} INFO - DAG(s) 'example_external_task_marker_child', 'example_external_task_marker_parent' retrieved from /usr/local/python/3.10.13/lib/python3.10/site-packages/airflow/example_dags/example_external_task_marker_dag.py
[2024-05-24T15:12:00.131+0000] {logging_mixin.py:188} INFO - [2024-05-24T15:12:00.131+0000] {dag.py:3096} INFO - Sync 2 DAGs
[2024-05-24T15:12:00.141+0000] {logging_mixin.py:188} INFO - [2024-05-24T15:12:00.140+0000] {dag.py:3954} INFO - Setting next_dagrun for example_external_task_marker_child to None, run_after=None
[2024-05-24T15:12:00.143+0000] {logging_mixin.py:188} INFO - [2024-05-24T15:12:00.143+0000] {dag.py:3954} INFO - Setting next_dagrun for example_external_task_marker_parent to None, run_after=None
[2024-05-24T15:12:00.181+0000] {processor.py:183} INFO - Processing /usr/local/python/3.10.13/lib/python3.10/site-packages/airflow/example_dags/example_external_task_marker_dag.py took 0.076 seconds
[2024-05-24T15:12:59.158+0000] {processor.py:161} INFO - Started process (PID=73718) to work on /usr/local/python/3.10.13/lib/python3.10/site-packages/airflow/example_dags/example_external_task_marker_dag.py
[2024-05-24T15:12:59.160+0000] {processor.py:830} INFO - Processing file /usr/local/python/3.10.13/lib/python3.10/site-packages/airflow/example_dags/example_external_task_marker_dag.py for tasks to queue
[2024-05-24T15:12:59.164+0000] {logging_mixin.py:188} INFO - [2024-05-24T15:12:59.163+0000] {dagbag.py:545} INFO - Filling up the DagBag from /usr/local/python/3.10.13/lib/python3.10/site-packages/airflow/example_dags/example_external_task_marker_dag.py
[2024-05-24T15:12:59.171+0000] {processor.py:840} INFO - DAG(s) 'example_external_task_marker_parent', 'example_external_task_marker_child' retrieved from /usr/local/python/3.10.13/lib/python3.10/site-packages/airflow/example_dags/example_external_task_marker_dag.py
[2024-05-24T15:12:59.192+0000] {logging_mixin.py:188} INFO - [2024-05-24T15:12:59.192+0000] {dag.py:3096} INFO - Sync 2 DAGs
[2024-05-24T15:12:59.218+0000] {logging_mixin.py:188} INFO - [2024-05-24T15:12:59.218+0000] {dag.py:3954} INFO - Setting next_dagrun for example_external_task_marker_child to None, run_after=None
[2024-05-24T15:12:59.243+0000] {logging_mixin.py:188} INFO - [2024-05-24T15:12:59.243+0000] {dag.py:3954} INFO - Setting next_dagrun for example_external_task_marker_parent to None, run_after=None
[2024-05-24T15:12:59.311+0000] {processor.py:183} INFO - Processing /usr/local/python/3.10.13/lib/python3.10/site-packages/airflow/example_dags/example_external_task_marker_dag.py took 0.166 seconds
[2024-05-24T15:14:00.279+0000] {processor.py:161} INFO - Started process (PID=74174) to work on /usr/local/python/3.10.13/lib/python3.10/site-packages/airflow/example_dags/example_external_task_marker_dag.py
[2024-05-24T15:14:00.280+0000] {processor.py:830} INFO - Processing file /usr/local/python/3.10.13/lib/python3.10/site-packages/airflow/example_dags/example_external_task_marker_dag.py for tasks to queue
[2024-05-24T15:14:00.282+0000] {logging_mixin.py:188} INFO - [2024-05-24T15:14:00.281+0000] {dagbag.py:545} INFO - Filling up the DagBag from /usr/local/python/3.10.13/lib/python3.10/site-packages/airflow/example_dags/example_external_task_marker_dag.py
[2024-05-24T15:14:00.287+0000] {processor.py:840} INFO - DAG(s) 'example_external_task_marker_parent', 'example_external_task_marker_child' retrieved from /usr/local/python/3.10.13/lib/python3.10/site-packages/airflow/example_dags/example_external_task_marker_dag.py
[2024-05-24T15:14:00.301+0000] {logging_mixin.py:188} INFO - [2024-05-24T15:14:00.301+0000] {dag.py:3096} INFO - Sync 2 DAGs
[2024-05-24T15:14:00.310+0000] {logging_mixin.py:188} INFO - [2024-05-24T15:14:00.310+0000] {dag.py:3954} INFO - Setting next_dagrun for example_external_task_marker_child to None, run_after=None
[2024-05-24T15:14:00.314+0000] {logging_mixin.py:188} INFO - [2024-05-24T15:14:00.313+0000] {dag.py:3954} INFO - Setting next_dagrun for example_external_task_marker_parent to None, run_after=None
[2024-05-24T15:14:00.351+0000] {processor.py:183} INFO - Processing /usr/local/python/3.10.13/lib/python3.10/site-packages/airflow/example_dags/example_external_task_marker_dag.py took 0.077 seconds
[2024-05-24T15:15:00.376+0000] {processor.py:161} INFO - Started process (PID=74626) to work on /usr/local/python/3.10.13/lib/python3.10/site-packages/airflow/example_dags/example_external_task_marker_dag.py
[2024-05-24T15:15:00.377+0000] {processor.py:830} INFO - Processing file /usr/local/python/3.10.13/lib/python3.10/site-packages/airflow/example_dags/example_external_task_marker_dag.py for tasks to queue
[2024-05-24T15:15:00.378+0000] {logging_mixin.py:188} INFO - [2024-05-24T15:15:00.378+0000] {dagbag.py:545} INFO - Filling up the DagBag from /usr/local/python/3.10.13/lib/python3.10/site-packages/airflow/example_dags/example_external_task_marker_dag.py
[2024-05-24T15:15:00.383+0000] {processor.py:840} INFO - DAG(s) 'example_external_task_marker_child', 'example_external_task_marker_parent' retrieved from /usr/local/python/3.10.13/lib/python3.10/site-packages/airflow/example_dags/example_external_task_marker_dag.py
[2024-05-24T15:15:00.397+0000] {logging_mixin.py:188} INFO - [2024-05-24T15:15:00.396+0000] {dag.py:3096} INFO - Sync 2 DAGs
[2024-05-24T15:15:00.407+0000] {logging_mixin.py:188} INFO - [2024-05-24T15:15:00.406+0000] {dag.py:3954} INFO - Setting next_dagrun for example_external_task_marker_child to None, run_after=None
[2024-05-24T15:15:00.410+0000] {logging_mixin.py:188} INFO - [2024-05-24T15:15:00.410+0000] {dag.py:3954} INFO - Setting next_dagrun for example_external_task_marker_parent to None, run_after=None
[2024-05-24T15:15:00.462+0000] {processor.py:183} INFO - Processing /usr/local/python/3.10.13/lib/python3.10/site-packages/airflow/example_dags/example_external_task_marker_dag.py took 0.091 seconds
[2024-05-24T15:15:58.884+0000] {processor.py:161} INFO - Started process (PID=75075) to work on /usr/local/python/3.10.13/lib/python3.10/site-packages/airflow/example_dags/example_external_task_marker_dag.py
[2024-05-24T15:15:58.884+0000] {processor.py:830} INFO - Processing file /usr/local/python/3.10.13/lib/python3.10/site-packages/airflow/example_dags/example_external_task_marker_dag.py for tasks to queue
[2024-05-24T15:15:58.886+0000] {logging_mixin.py:188} INFO - [2024-05-24T15:15:58.885+0000] {dagbag.py:545} INFO - Filling up the DagBag from /usr/local/python/3.10.13/lib/python3.10/site-packages/airflow/example_dags/example_external_task_marker_dag.py
[2024-05-24T15:15:58.891+0000] {processor.py:840} INFO - DAG(s) 'example_external_task_marker_parent', 'example_external_task_marker_child' retrieved from /usr/local/python/3.10.13/lib/python3.10/site-packages/airflow/example_dags/example_external_task_marker_dag.py
[2024-05-24T15:15:58.907+0000] {logging_mixin.py:188} INFO - [2024-05-24T15:15:58.907+0000] {dag.py:3096} INFO - Sync 2 DAGs
[2024-05-24T15:15:58.916+0000] {logging_mixin.py:188} INFO - [2024-05-24T15:15:58.916+0000] {dag.py:3954} INFO - Setting next_dagrun for example_external_task_marker_child to None, run_after=None
[2024-05-24T15:15:58.919+0000] {logging_mixin.py:188} INFO - [2024-05-24T15:15:58.919+0000] {dag.py:3954} INFO - Setting next_dagrun for example_external_task_marker_parent to None, run_after=None
[2024-05-24T15:15:58.957+0000] {processor.py:183} INFO - Processing /usr/local/python/3.10.13/lib/python3.10/site-packages/airflow/example_dags/example_external_task_marker_dag.py took 0.078 seconds
[2024-05-24T15:16:59.721+0000] {processor.py:161} INFO - Started process (PID=75528) to work on /usr/local/python/3.10.13/lib/python3.10/site-packages/airflow/example_dags/example_external_task_marker_dag.py
[2024-05-24T15:16:59.721+0000] {processor.py:830} INFO - Processing file /usr/local/python/3.10.13/lib/python3.10/site-packages/airflow/example_dags/example_external_task_marker_dag.py for tasks to queue
[2024-05-24T15:16:59.723+0000] {logging_mixin.py:188} INFO - [2024-05-24T15:16:59.722+0000] {dagbag.py:545} INFO - Filling up the DagBag from /usr/local/python/3.10.13/lib/python3.10/site-packages/airflow/example_dags/example_external_task_marker_dag.py
[2024-05-24T15:16:59.727+0000] {processor.py:840} INFO - DAG(s) 'example_external_task_marker_parent', 'example_external_task_marker_child' retrieved from /usr/local/python/3.10.13/lib/python3.10/site-packages/airflow/example_dags/example_external_task_marker_dag.py
[2024-05-24T15:16:59.741+0000] {logging_mixin.py:188} INFO - [2024-05-24T15:16:59.741+0000] {dag.py:3096} INFO - Sync 2 DAGs
[2024-05-24T15:16:59.750+0000] {logging_mixin.py:188} INFO - [2024-05-24T15:16:59.750+0000] {dag.py:3954} INFO - Setting next_dagrun for example_external_task_marker_child to None, run_after=None
[2024-05-24T15:16:59.753+0000] {logging_mixin.py:188} INFO - [2024-05-24T15:16:59.753+0000] {dag.py:3954} INFO - Setting next_dagrun for example_external_task_marker_parent to None, run_after=None
[2024-05-24T15:16:59.790+0000] {processor.py:183} INFO - Processing /usr/local/python/3.10.13/lib/python3.10/site-packages/airflow/example_dags/example_external_task_marker_dag.py took 0.074 seconds
[2024-05-24T15:17:56.735+0000] {processor.py:161} INFO - Started process (PID=75954) to work on /usr/local/python/3.10.13/lib/python3.10/site-packages/airflow/example_dags/example_external_task_marker_dag.py
[2024-05-24T15:17:56.735+0000] {processor.py:830} INFO - Processing file /usr/local/python/3.10.13/lib/python3.10/site-packages/airflow/example_dags/example_external_task_marker_dag.py for tasks to queue
[2024-05-24T15:17:56.737+0000] {logging_mixin.py:188} INFO - [2024-05-24T15:17:56.736+0000] {dagbag.py:545} INFO - Filling up the DagBag from /usr/local/python/3.10.13/lib/python3.10/site-packages/airflow/example_dags/example_external_task_marker_dag.py
[2024-05-24T15:17:56.742+0000] {processor.py:840} INFO - DAG(s) 'example_external_task_marker_child', 'example_external_task_marker_parent' retrieved from /usr/local/python/3.10.13/lib/python3.10/site-packages/airflow/example_dags/example_external_task_marker_dag.py
[2024-05-24T15:17:56.756+0000] {logging_mixin.py:188} INFO - [2024-05-24T15:17:56.756+0000] {dag.py:3096} INFO - Sync 2 DAGs
[2024-05-24T15:17:56.765+0000] {logging_mixin.py:188} INFO - [2024-05-24T15:17:56.765+0000] {dag.py:3954} INFO - Setting next_dagrun for example_external_task_marker_child to None, run_after=None
[2024-05-24T15:17:56.768+0000] {logging_mixin.py:188} INFO - [2024-05-24T15:17:56.768+0000] {dag.py:3954} INFO - Setting next_dagrun for example_external_task_marker_parent to None, run_after=None
[2024-05-24T15:17:56.806+0000] {processor.py:183} INFO - Processing /usr/local/python/3.10.13/lib/python3.10/site-packages/airflow/example_dags/example_external_task_marker_dag.py took 0.077 seconds
[2024-05-24T15:18:59.190+0000] {processor.py:161} INFO - Started process (PID=76440) to work on /usr/local/python/3.10.13/lib/python3.10/site-packages/airflow/example_dags/example_external_task_marker_dag.py
[2024-05-24T15:18:59.191+0000] {processor.py:830} INFO - Processing file /usr/local/python/3.10.13/lib/python3.10/site-packages/airflow/example_dags/example_external_task_marker_dag.py for tasks to queue
[2024-05-24T15:18:59.192+0000] {logging_mixin.py:188} INFO - [2024-05-24T15:18:59.192+0000] {dagbag.py:545} INFO - Filling up the DagBag from /usr/local/python/3.10.13/lib/python3.10/site-packages/airflow/example_dags/example_external_task_marker_dag.py
[2024-05-24T15:18:59.197+0000] {processor.py:840} INFO - DAG(s) 'example_external_task_marker_parent', 'example_external_task_marker_child' retrieved from /usr/local/python/3.10.13/lib/python3.10/site-packages/airflow/example_dags/example_external_task_marker_dag.py
[2024-05-24T15:18:59.211+0000] {logging_mixin.py:188} INFO - [2024-05-24T15:18:59.211+0000] {dag.py:3096} INFO - Sync 2 DAGs
[2024-05-24T15:18:59.221+0000] {logging_mixin.py:188} INFO - [2024-05-24T15:18:59.220+0000] {dag.py:3954} INFO - Setting next_dagrun for example_external_task_marker_child to None, run_after=None
[2024-05-24T15:18:59.223+0000] {logging_mixin.py:188} INFO - [2024-05-24T15:18:59.223+0000] {dag.py:3954} INFO - Setting next_dagrun for example_external_task_marker_parent to None, run_after=None
[2024-05-24T15:18:59.261+0000] {processor.py:183} INFO - Processing /usr/local/python/3.10.13/lib/python3.10/site-packages/airflow/example_dags/example_external_task_marker_dag.py took 0.075 seconds
[2024-05-24T15:20:01.997+0000] {processor.py:161} INFO - Started process (PID=76905) to work on /usr/local/python/3.10.13/lib/python3.10/site-packages/airflow/example_dags/example_external_task_marker_dag.py
[2024-05-24T15:20:01.998+0000] {processor.py:830} INFO - Processing file /usr/local/python/3.10.13/lib/python3.10/site-packages/airflow/example_dags/example_external_task_marker_dag.py for tasks to queue
[2024-05-24T15:20:01.999+0000] {logging_mixin.py:188} INFO - [2024-05-24T15:20:01.999+0000] {dagbag.py:545} INFO - Filling up the DagBag from /usr/local/python/3.10.13/lib/python3.10/site-packages/airflow/example_dags/example_external_task_marker_dag.py
[2024-05-24T15:20:02.004+0000] {processor.py:840} INFO - DAG(s) 'example_external_task_marker_parent', 'example_external_task_marker_child' retrieved from /usr/local/python/3.10.13/lib/python3.10/site-packages/airflow/example_dags/example_external_task_marker_dag.py
[2024-05-24T15:20:02.018+0000] {logging_mixin.py:188} INFO - [2024-05-24T15:20:02.017+0000] {dag.py:3096} INFO - Sync 2 DAGs
[2024-05-24T15:20:02.026+0000] {logging_mixin.py:188} INFO - [2024-05-24T15:20:02.026+0000] {dag.py:3954} INFO - Setting next_dagrun for example_external_task_marker_child to None, run_after=None
[2024-05-24T15:20:02.029+0000] {logging_mixin.py:188} INFO - [2024-05-24T15:20:02.029+0000] {dag.py:3954} INFO - Setting next_dagrun for example_external_task_marker_parent to None, run_after=None
[2024-05-24T15:20:02.066+0000] {processor.py:183} INFO - Processing /usr/local/python/3.10.13/lib/python3.10/site-packages/airflow/example_dags/example_external_task_marker_dag.py took 0.073 seconds
[2024-05-24T15:21:04.502+0000] {processor.py:161} INFO - Started process (PID=77367) to work on /usr/local/python/3.10.13/lib/python3.10/site-packages/airflow/example_dags/example_external_task_marker_dag.py
[2024-05-24T15:21:04.503+0000] {processor.py:830} INFO - Processing file /usr/local/python/3.10.13/lib/python3.10/site-packages/airflow/example_dags/example_external_task_marker_dag.py for tasks to queue
[2024-05-24T15:21:04.504+0000] {logging_mixin.py:188} INFO - [2024-05-24T15:21:04.504+0000] {dagbag.py:545} INFO - Filling up the DagBag from /usr/local/python/3.10.13/lib/python3.10/site-packages/airflow/example_dags/example_external_task_marker_dag.py
[2024-05-24T15:21:04.509+0000] {processor.py:840} INFO - DAG(s) 'example_external_task_marker_parent', 'example_external_task_marker_child' retrieved from /usr/local/python/3.10.13/lib/python3.10/site-packages/airflow/example_dags/example_external_task_marker_dag.py
[2024-05-24T15:21:04.525+0000] {logging_mixin.py:188} INFO - [2024-05-24T15:21:04.525+0000] {dag.py:3096} INFO - Sync 2 DAGs
[2024-05-24T15:21:04.534+0000] {logging_mixin.py:188} INFO - [2024-05-24T15:21:04.534+0000] {dag.py:3954} INFO - Setting next_dagrun for example_external_task_marker_child to None, run_after=None
[2024-05-24T15:21:04.537+0000] {logging_mixin.py:188} INFO - [2024-05-24T15:21:04.537+0000] {dag.py:3954} INFO - Setting next_dagrun for example_external_task_marker_parent to None, run_after=None
[2024-05-24T15:21:04.573+0000] {processor.py:183} INFO - Processing /usr/local/python/3.10.13/lib/python3.10/site-packages/airflow/example_dags/example_external_task_marker_dag.py took 0.076 seconds
[2024-05-24T15:22:07.618+0000] {processor.py:161} INFO - Started process (PID=77837) to work on /usr/local/python/3.10.13/lib/python3.10/site-packages/airflow/example_dags/example_external_task_marker_dag.py
[2024-05-24T15:22:07.619+0000] {processor.py:830} INFO - Processing file /usr/local/python/3.10.13/lib/python3.10/site-packages/airflow/example_dags/example_external_task_marker_dag.py for tasks to queue
[2024-05-24T15:22:07.620+0000] {logging_mixin.py:188} INFO - [2024-05-24T15:22:07.620+0000] {dagbag.py:545} INFO - Filling up the DagBag from /usr/local/python/3.10.13/lib/python3.10/site-packages/airflow/example_dags/example_external_task_marker_dag.py
[2024-05-24T15:22:07.625+0000] {processor.py:840} INFO - DAG(s) 'example_external_task_marker_child', 'example_external_task_marker_parent' retrieved from /usr/local/python/3.10.13/lib/python3.10/site-packages/airflow/example_dags/example_external_task_marker_dag.py
[2024-05-24T15:22:07.640+0000] {logging_mixin.py:188} INFO - [2024-05-24T15:22:07.639+0000] {dag.py:3096} INFO - Sync 2 DAGs
[2024-05-24T15:22:07.649+0000] {logging_mixin.py:188} INFO - [2024-05-24T15:22:07.649+0000] {dag.py:3954} INFO - Setting next_dagrun for example_external_task_marker_child to None, run_after=None
[2024-05-24T15:22:07.653+0000] {logging_mixin.py:188} INFO - [2024-05-24T15:22:07.653+0000] {dag.py:3954} INFO - Setting next_dagrun for example_external_task_marker_parent to None, run_after=None
[2024-05-24T15:22:07.694+0000] {processor.py:183} INFO - Processing /usr/local/python/3.10.13/lib/python3.10/site-packages/airflow/example_dags/example_external_task_marker_dag.py took 0.081 seconds
[2024-05-24T15:23:10.975+0000] {processor.py:161} INFO - Started process (PID=78307) to work on /usr/local/python/3.10.13/lib/python3.10/site-packages/airflow/example_dags/example_external_task_marker_dag.py
[2024-05-24T15:23:10.976+0000] {processor.py:830} INFO - Processing file /usr/local/python/3.10.13/lib/python3.10/site-packages/airflow/example_dags/example_external_task_marker_dag.py for tasks to queue
[2024-05-24T15:23:10.977+0000] {logging_mixin.py:188} INFO - [2024-05-24T15:23:10.977+0000] {dagbag.py:545} INFO - Filling up the DagBag from /usr/local/python/3.10.13/lib/python3.10/site-packages/airflow/example_dags/example_external_task_marker_dag.py
[2024-05-24T15:23:10.982+0000] {processor.py:840} INFO - DAG(s) 'example_external_task_marker_child', 'example_external_task_marker_parent' retrieved from /usr/local/python/3.10.13/lib/python3.10/site-packages/airflow/example_dags/example_external_task_marker_dag.py
[2024-05-24T15:23:10.997+0000] {logging_mixin.py:188} INFO - [2024-05-24T15:23:10.997+0000] {dag.py:3096} INFO - Sync 2 DAGs
[2024-05-24T15:23:11.006+0000] {logging_mixin.py:188} INFO - [2024-05-24T15:23:11.006+0000] {dag.py:3954} INFO - Setting next_dagrun for example_external_task_marker_child to None, run_after=None
[2024-05-24T15:23:11.009+0000] {logging_mixin.py:188} INFO - [2024-05-24T15:23:11.009+0000] {dag.py:3954} INFO - Setting next_dagrun for example_external_task_marker_parent to None, run_after=None
[2024-05-24T15:23:11.059+0000] {processor.py:183} INFO - Processing /usr/local/python/3.10.13/lib/python3.10/site-packages/airflow/example_dags/example_external_task_marker_dag.py took 0.089 seconds
[2024-05-24T15:24:16.214+0000] {processor.py:161} INFO - Started process (PID=78813) to work on /usr/local/python/3.10.13/lib/python3.10/site-packages/airflow/example_dags/example_external_task_marker_dag.py
[2024-05-24T15:24:16.215+0000] {processor.py:830} INFO - Processing file /usr/local/python/3.10.13/lib/python3.10/site-packages/airflow/example_dags/example_external_task_marker_dag.py for tasks to queue
[2024-05-24T15:24:16.216+0000] {logging_mixin.py:188} INFO - [2024-05-24T15:24:16.216+0000] {dagbag.py:545} INFO - Filling up the DagBag from /usr/local/python/3.10.13/lib/python3.10/site-packages/airflow/example_dags/example_external_task_marker_dag.py
[2024-05-24T15:24:16.221+0000] {processor.py:840} INFO - DAG(s) 'example_external_task_marker_child', 'example_external_task_marker_parent' retrieved from /usr/local/python/3.10.13/lib/python3.10/site-packages/airflow/example_dags/example_external_task_marker_dag.py
[2024-05-24T15:24:16.247+0000] {logging_mixin.py:188} INFO - [2024-05-24T15:24:16.247+0000] {dag.py:3096} INFO - Sync 2 DAGs
[2024-05-24T15:24:16.258+0000] {logging_mixin.py:188} INFO - [2024-05-24T15:24:16.258+0000] {dag.py:3954} INFO - Setting next_dagrun for example_external_task_marker_child to None, run_after=None
[2024-05-24T15:24:16.261+0000] {logging_mixin.py:188} INFO - [2024-05-24T15:24:16.260+0000] {dag.py:3954} INFO - Setting next_dagrun for example_external_task_marker_parent to None, run_after=None
[2024-05-24T15:24:16.297+0000] {processor.py:183} INFO - Processing /usr/local/python/3.10.13/lib/python3.10/site-packages/airflow/example_dags/example_external_task_marker_dag.py took 0.093 seconds
[2024-05-24T15:25:22.947+0000] {processor.py:161} INFO - Started process (PID=79301) to work on /usr/local/python/3.10.13/lib/python3.10/site-packages/airflow/example_dags/example_external_task_marker_dag.py
[2024-05-24T15:25:22.948+0000] {processor.py:830} INFO - Processing file /usr/local/python/3.10.13/lib/python3.10/site-packages/airflow/example_dags/example_external_task_marker_dag.py for tasks to queue
[2024-05-24T15:25:22.949+0000] {logging_mixin.py:188} INFO - [2024-05-24T15:25:22.949+0000] {dagbag.py:545} INFO - Filling up the DagBag from /usr/local/python/3.10.13/lib/python3.10/site-packages/airflow/example_dags/example_external_task_marker_dag.py
[2024-05-24T15:25:22.954+0000] {processor.py:840} INFO - DAG(s) 'example_external_task_marker_parent', 'example_external_task_marker_child' retrieved from /usr/local/python/3.10.13/lib/python3.10/site-packages/airflow/example_dags/example_external_task_marker_dag.py
[2024-05-24T15:25:22.968+0000] {logging_mixin.py:188} INFO - [2024-05-24T15:25:22.967+0000] {dag.py:3096} INFO - Sync 2 DAGs
[2024-05-24T15:25:22.977+0000] {logging_mixin.py:188} INFO - [2024-05-24T15:25:22.977+0000] {dag.py:3954} INFO - Setting next_dagrun for example_external_task_marker_child to None, run_after=None
[2024-05-24T15:25:22.979+0000] {logging_mixin.py:188} INFO - [2024-05-24T15:25:22.979+0000] {dag.py:3954} INFO - Setting next_dagrun for example_external_task_marker_parent to None, run_after=None
[2024-05-24T15:25:23.016+0000] {processor.py:183} INFO - Processing /usr/local/python/3.10.13/lib/python3.10/site-packages/airflow/example_dags/example_external_task_marker_dag.py took 0.073 seconds
[2024-05-24T15:26:21.217+0000] {processor.py:161} INFO - Started process (PID=79744) to work on /usr/local/python/3.10.13/lib/python3.10/site-packages/airflow/example_dags/example_external_task_marker_dag.py
[2024-05-24T15:26:21.218+0000] {processor.py:830} INFO - Processing file /usr/local/python/3.10.13/lib/python3.10/site-packages/airflow/example_dags/example_external_task_marker_dag.py for tasks to queue
[2024-05-24T15:26:21.219+0000] {logging_mixin.py:188} INFO - [2024-05-24T15:26:21.219+0000] {dagbag.py:545} INFO - Filling up the DagBag from /usr/local/python/3.10.13/lib/python3.10/site-packages/airflow/example_dags/example_external_task_marker_dag.py
[2024-05-24T15:26:21.225+0000] {processor.py:840} INFO - DAG(s) 'example_external_task_marker_parent', 'example_external_task_marker_child' retrieved from /usr/local/python/3.10.13/lib/python3.10/site-packages/airflow/example_dags/example_external_task_marker_dag.py
[2024-05-24T15:26:21.239+0000] {logging_mixin.py:188} INFO - [2024-05-24T15:26:21.239+0000] {dag.py:3096} INFO - Sync 2 DAGs
[2024-05-24T15:26:21.249+0000] {logging_mixin.py:188} INFO - [2024-05-24T15:26:21.248+0000] {dag.py:3954} INFO - Setting next_dagrun for example_external_task_marker_child to None, run_after=None
[2024-05-24T15:26:21.251+0000] {logging_mixin.py:188} INFO - [2024-05-24T15:26:21.251+0000] {dag.py:3954} INFO - Setting next_dagrun for example_external_task_marker_parent to None, run_after=None
[2024-05-24T15:26:21.288+0000] {processor.py:183} INFO - Processing /usr/local/python/3.10.13/lib/python3.10/site-packages/airflow/example_dags/example_external_task_marker_dag.py took 0.076 seconds
[2024-05-24T15:27:18.920+0000] {processor.py:161} INFO - Started process (PID=80181) to work on /usr/local/python/3.10.13/lib/python3.10/site-packages/airflow/example_dags/example_external_task_marker_dag.py
[2024-05-24T15:27:18.921+0000] {processor.py:830} INFO - Processing file /usr/local/python/3.10.13/lib/python3.10/site-packages/airflow/example_dags/example_external_task_marker_dag.py for tasks to queue
[2024-05-24T15:27:18.922+0000] {logging_mixin.py:188} INFO - [2024-05-24T15:27:18.922+0000] {dagbag.py:545} INFO - Filling up the DagBag from /usr/local/python/3.10.13/lib/python3.10/site-packages/airflow/example_dags/example_external_task_marker_dag.py
[2024-05-24T15:27:18.927+0000] {processor.py:840} INFO - DAG(s) 'example_external_task_marker_child', 'example_external_task_marker_parent' retrieved from /usr/local/python/3.10.13/lib/python3.10/site-packages/airflow/example_dags/example_external_task_marker_dag.py
[2024-05-24T15:27:18.941+0000] {logging_mixin.py:188} INFO - [2024-05-24T15:27:18.941+0000] {dag.py:3096} INFO - Sync 2 DAGs
[2024-05-24T15:27:18.950+0000] {logging_mixin.py:188} INFO - [2024-05-24T15:27:18.950+0000] {dag.py:3954} INFO - Setting next_dagrun for example_external_task_marker_child to None, run_after=None
[2024-05-24T15:27:18.953+0000] {logging_mixin.py:188} INFO - [2024-05-24T15:27:18.953+0000] {dag.py:3954} INFO - Setting next_dagrun for example_external_task_marker_parent to None, run_after=None
[2024-05-24T15:27:18.990+0000] {processor.py:183} INFO - Processing /usr/local/python/3.10.13/lib/python3.10/site-packages/airflow/example_dags/example_external_task_marker_dag.py took 0.074 seconds
[2024-05-24T15:28:22.499+0000] {processor.py:161} INFO - Started process (PID=80656) to work on /usr/local/python/3.10.13/lib/python3.10/site-packages/airflow/example_dags/example_external_task_marker_dag.py
[2024-05-24T15:28:22.500+0000] {processor.py:830} INFO - Processing file /usr/local/python/3.10.13/lib/python3.10/site-packages/airflow/example_dags/example_external_task_marker_dag.py for tasks to queue
[2024-05-24T15:28:22.501+0000] {logging_mixin.py:188} INFO - [2024-05-24T15:28:22.501+0000] {dagbag.py:545} INFO - Filling up the DagBag from /usr/local/python/3.10.13/lib/python3.10/site-packages/airflow/example_dags/example_external_task_marker_dag.py
[2024-05-24T15:28:22.506+0000] {processor.py:840} INFO - DAG(s) 'example_external_task_marker_parent', 'example_external_task_marker_child' retrieved from /usr/local/python/3.10.13/lib/python3.10/site-packages/airflow/example_dags/example_external_task_marker_dag.py
[2024-05-24T15:28:22.520+0000] {logging_mixin.py:188} INFO - [2024-05-24T15:28:22.520+0000] {dag.py:3096} INFO - Sync 2 DAGs
[2024-05-24T15:28:22.530+0000] {logging_mixin.py:188} INFO - [2024-05-24T15:28:22.530+0000] {dag.py:3954} INFO - Setting next_dagrun for example_external_task_marker_child to None, run_after=None
[2024-05-24T15:28:22.533+0000] {logging_mixin.py:188} INFO - [2024-05-24T15:28:22.533+0000] {dag.py:3954} INFO - Setting next_dagrun for example_external_task_marker_parent to None, run_after=None
[2024-05-24T15:28:22.571+0000] {processor.py:183} INFO - Processing /usr/local/python/3.10.13/lib/python3.10/site-packages/airflow/example_dags/example_external_task_marker_dag.py took 0.077 seconds
