[2024-05-24T14:42:38.253+0000] {processor.py:161} INFO - Started process (PID=58306) to work on /usr/local/python/3.10.13/lib/python3.10/site-packages/airflow/example_dags/tutorial_dag.py
[2024-05-24T14:42:38.254+0000] {processor.py:830} INFO - Processing file /usr/local/python/3.10.13/lib/python3.10/site-packages/airflow/example_dags/tutorial_dag.py for tasks to queue
[2024-05-24T14:42:38.256+0000] {logging_mixin.py:188} INFO - [2024-05-24T14:42:38.256+0000] {dagbag.py:545} INFO - Filling up the DagBag from /usr/local/python/3.10.13/lib/python3.10/site-packages/airflow/example_dags/tutorial_dag.py
[2024-05-24T14:42:38.261+0000] {processor.py:840} INFO - DAG(s) 'tutorial_dag' retrieved from /usr/local/python/3.10.13/lib/python3.10/site-packages/airflow/example_dags/tutorial_dag.py
[2024-05-24T14:42:38.480+0000] {logging_mixin.py:188} INFO - [2024-05-24T14:42:38.479+0000] {override.py:1829} INFO - Created Permission View: can read on DAG:tutorial_dag
[2024-05-24T14:42:38.510+0000] {logging_mixin.py:188} INFO - [2024-05-24T14:42:38.510+0000] {override.py:1829} INFO - Created Permission View: can edit on DAG:tutorial_dag
[2024-05-24T14:42:38.538+0000] {logging_mixin.py:188} INFO - [2024-05-24T14:42:38.538+0000] {override.py:1829} INFO - Created Permission View: can delete on DAG:tutorial_dag
[2024-05-24T14:42:38.539+0000] {logging_mixin.py:188} INFO - [2024-05-24T14:42:38.538+0000] {dag.py:3096} INFO - Sync 1 DAGs
[2024-05-24T14:42:38.549+0000] {logging_mixin.py:188} INFO - [2024-05-24T14:42:38.548+0000] {dag.py:3118} INFO - Creating ORM DAG for tutorial_dag
[2024-05-24T14:42:38.549+0000] {logging_mixin.py:188} INFO - [2024-05-24T14:42:38.549+0000] {dag.py:3954} INFO - Setting next_dagrun for tutorial_dag to None, run_after=None
[2024-05-24T14:42:38.593+0000] {processor.py:183} INFO - Processing /usr/local/python/3.10.13/lib/python3.10/site-packages/airflow/example_dags/tutorial_dag.py took 0.345 seconds
[2024-05-24T14:43:40.295+0000] {processor.py:161} INFO - Started process (PID=58733) to work on /usr/local/python/3.10.13/lib/python3.10/site-packages/airflow/example_dags/tutorial_dag.py
[2024-05-24T14:43:40.296+0000] {processor.py:830} INFO - Processing file /usr/local/python/3.10.13/lib/python3.10/site-packages/airflow/example_dags/tutorial_dag.py for tasks to queue
[2024-05-24T14:43:40.297+0000] {logging_mixin.py:188} INFO - [2024-05-24T14:43:40.297+0000] {dagbag.py:545} INFO - Filling up the DagBag from /usr/local/python/3.10.13/lib/python3.10/site-packages/airflow/example_dags/tutorial_dag.py
[2024-05-24T14:43:40.302+0000] {processor.py:840} INFO - DAG(s) 'tutorial_dag' retrieved from /usr/local/python/3.10.13/lib/python3.10/site-packages/airflow/example_dags/tutorial_dag.py
[2024-05-24T14:43:40.313+0000] {logging_mixin.py:188} INFO - [2024-05-24T14:43:40.313+0000] {dag.py:3096} INFO - Sync 1 DAGs
[2024-05-24T14:43:40.322+0000] {logging_mixin.py:188} INFO - [2024-05-24T14:43:40.322+0000] {dag.py:3954} INFO - Setting next_dagrun for tutorial_dag to None, run_after=None
[2024-05-24T14:43:40.364+0000] {processor.py:183} INFO - Processing /usr/local/python/3.10.13/lib/python3.10/site-packages/airflow/example_dags/tutorial_dag.py took 0.073 seconds
[2024-05-24T14:44:31.067+0000] {processor.py:161} INFO - Started process (PID=59232) to work on /usr/local/python/3.10.13/lib/python3.10/site-packages/airflow/example_dags/tutorial_dag.py
[2024-05-24T14:44:31.068+0000] {processor.py:830} INFO - Processing file /usr/local/python/3.10.13/lib/python3.10/site-packages/airflow/example_dags/tutorial_dag.py for tasks to queue
[2024-05-24T14:44:31.069+0000] {logging_mixin.py:188} INFO - [2024-05-24T14:44:31.069+0000] {dagbag.py:545} INFO - Filling up the DagBag from /usr/local/python/3.10.13/lib/python3.10/site-packages/airflow/example_dags/tutorial_dag.py
[2024-05-24T14:44:31.073+0000] {processor.py:840} INFO - DAG(s) 'tutorial_dag' retrieved from /usr/local/python/3.10.13/lib/python3.10/site-packages/airflow/example_dags/tutorial_dag.py
[2024-05-24T14:44:31.085+0000] {logging_mixin.py:188} INFO - [2024-05-24T14:44:31.085+0000] {dag.py:3096} INFO - Sync 1 DAGs
[2024-05-24T14:44:31.096+0000] {logging_mixin.py:188} INFO - [2024-05-24T14:44:31.095+0000] {dag.py:3954} INFO - Setting next_dagrun for tutorial_dag to None, run_after=None
[2024-05-24T14:44:31.134+0000] {processor.py:183} INFO - Processing /usr/local/python/3.10.13/lib/python3.10/site-packages/airflow/example_dags/tutorial_dag.py took 0.072 seconds
[2024-05-24T14:45:23.091+0000] {processor.py:161} INFO - Started process (PID=59788) to work on /usr/local/python/3.10.13/lib/python3.10/site-packages/airflow/example_dags/tutorial_dag.py
[2024-05-24T14:45:23.092+0000] {processor.py:830} INFO - Processing file /usr/local/python/3.10.13/lib/python3.10/site-packages/airflow/example_dags/tutorial_dag.py for tasks to queue
[2024-05-24T14:45:23.093+0000] {logging_mixin.py:188} INFO - [2024-05-24T14:45:23.093+0000] {dagbag.py:545} INFO - Filling up the DagBag from /usr/local/python/3.10.13/lib/python3.10/site-packages/airflow/example_dags/tutorial_dag.py
[2024-05-24T14:45:23.097+0000] {processor.py:840} INFO - DAG(s) 'tutorial_dag' retrieved from /usr/local/python/3.10.13/lib/python3.10/site-packages/airflow/example_dags/tutorial_dag.py
[2024-05-24T14:45:23.108+0000] {logging_mixin.py:188} INFO - [2024-05-24T14:45:23.108+0000] {dag.py:3096} INFO - Sync 1 DAGs
[2024-05-24T14:45:23.117+0000] {logging_mixin.py:188} INFO - [2024-05-24T14:45:23.117+0000] {dag.py:3954} INFO - Setting next_dagrun for tutorial_dag to None, run_after=None
[2024-05-24T14:45:23.160+0000] {processor.py:183} INFO - Processing /usr/local/python/3.10.13/lib/python3.10/site-packages/airflow/example_dags/tutorial_dag.py took 0.073 seconds
[2024-05-24T14:46:07.079+0000] {processor.py:161} INFO - Started process (PID=60231) to work on /usr/local/python/3.10.13/lib/python3.10/site-packages/airflow/example_dags/tutorial_dag.py
[2024-05-24T14:46:07.080+0000] {processor.py:830} INFO - Processing file /usr/local/python/3.10.13/lib/python3.10/site-packages/airflow/example_dags/tutorial_dag.py for tasks to queue
[2024-05-24T14:46:07.081+0000] {logging_mixin.py:188} INFO - [2024-05-24T14:46:07.081+0000] {dagbag.py:545} INFO - Filling up the DagBag from /usr/local/python/3.10.13/lib/python3.10/site-packages/airflow/example_dags/tutorial_dag.py
[2024-05-24T14:46:07.086+0000] {processor.py:840} INFO - DAG(s) 'tutorial_dag' retrieved from /usr/local/python/3.10.13/lib/python3.10/site-packages/airflow/example_dags/tutorial_dag.py
[2024-05-24T14:46:07.097+0000] {logging_mixin.py:188} INFO - [2024-05-24T14:46:07.096+0000] {dag.py:3096} INFO - Sync 1 DAGs
[2024-05-24T14:46:07.105+0000] {logging_mixin.py:188} INFO - [2024-05-24T14:46:07.105+0000] {dag.py:3954} INFO - Setting next_dagrun for tutorial_dag to None, run_after=None
[2024-05-24T14:46:07.143+0000] {processor.py:183} INFO - Processing /usr/local/python/3.10.13/lib/python3.10/site-packages/airflow/example_dags/tutorial_dag.py took 0.068 seconds
[2024-05-24T14:46:51.464+0000] {processor.py:161} INFO - Started process (PID=60664) to work on /usr/local/python/3.10.13/lib/python3.10/site-packages/airflow/example_dags/tutorial_dag.py
[2024-05-24T14:46:51.464+0000] {processor.py:830} INFO - Processing file /usr/local/python/3.10.13/lib/python3.10/site-packages/airflow/example_dags/tutorial_dag.py for tasks to queue
[2024-05-24T14:46:51.466+0000] {logging_mixin.py:188} INFO - [2024-05-24T14:46:51.465+0000] {dagbag.py:545} INFO - Filling up the DagBag from /usr/local/python/3.10.13/lib/python3.10/site-packages/airflow/example_dags/tutorial_dag.py
[2024-05-24T14:46:51.470+0000] {processor.py:840} INFO - DAG(s) 'tutorial_dag' retrieved from /usr/local/python/3.10.13/lib/python3.10/site-packages/airflow/example_dags/tutorial_dag.py
[2024-05-24T14:46:51.482+0000] {logging_mixin.py:188} INFO - [2024-05-24T14:46:51.482+0000] {dag.py:3096} INFO - Sync 1 DAGs
[2024-05-24T14:46:51.491+0000] {logging_mixin.py:188} INFO - [2024-05-24T14:46:51.491+0000] {dag.py:3954} INFO - Setting next_dagrun for tutorial_dag to None, run_after=None
[2024-05-24T14:46:51.529+0000] {processor.py:183} INFO - Processing /usr/local/python/3.10.13/lib/python3.10/site-packages/airflow/example_dags/tutorial_dag.py took 0.070 seconds
[2024-05-24T14:47:34.865+0000] {processor.py:161} INFO - Started process (PID=61020) to work on /usr/local/python/3.10.13/lib/python3.10/site-packages/airflow/example_dags/tutorial_dag.py
[2024-05-24T14:47:34.866+0000] {processor.py:830} INFO - Processing file /usr/local/python/3.10.13/lib/python3.10/site-packages/airflow/example_dags/tutorial_dag.py for tasks to queue
[2024-05-24T14:47:34.868+0000] {logging_mixin.py:188} INFO - [2024-05-24T14:47:34.867+0000] {dagbag.py:545} INFO - Filling up the DagBag from /usr/local/python/3.10.13/lib/python3.10/site-packages/airflow/example_dags/tutorial_dag.py
[2024-05-24T14:47:34.874+0000] {processor.py:840} INFO - DAG(s) 'tutorial_dag' retrieved from /usr/local/python/3.10.13/lib/python3.10/site-packages/airflow/example_dags/tutorial_dag.py
[2024-05-24T14:47:34.888+0000] {logging_mixin.py:188} INFO - [2024-05-24T14:47:34.888+0000] {dag.py:3096} INFO - Sync 1 DAGs
[2024-05-24T14:47:34.897+0000] {logging_mixin.py:188} INFO - [2024-05-24T14:47:34.897+0000] {dag.py:3954} INFO - Setting next_dagrun for tutorial_dag to None, run_after=None
[2024-05-24T14:47:34.939+0000] {processor.py:183} INFO - Processing /usr/local/python/3.10.13/lib/python3.10/site-packages/airflow/example_dags/tutorial_dag.py took 0.081 seconds
[2024-05-24T14:48:15.401+0000] {processor.py:161} INFO - Started process (PID=61377) to work on /usr/local/python/3.10.13/lib/python3.10/site-packages/airflow/example_dags/tutorial_dag.py
[2024-05-24T14:48:15.402+0000] {processor.py:830} INFO - Processing file /usr/local/python/3.10.13/lib/python3.10/site-packages/airflow/example_dags/tutorial_dag.py for tasks to queue
[2024-05-24T14:48:15.403+0000] {logging_mixin.py:188} INFO - [2024-05-24T14:48:15.403+0000] {dagbag.py:545} INFO - Filling up the DagBag from /usr/local/python/3.10.13/lib/python3.10/site-packages/airflow/example_dags/tutorial_dag.py
[2024-05-24T14:48:15.407+0000] {processor.py:840} INFO - DAG(s) 'tutorial_dag' retrieved from /usr/local/python/3.10.13/lib/python3.10/site-packages/airflow/example_dags/tutorial_dag.py
[2024-05-24T14:48:15.419+0000] {logging_mixin.py:188} INFO - [2024-05-24T14:48:15.419+0000] {dag.py:3096} INFO - Sync 1 DAGs
[2024-05-24T14:48:15.432+0000] {logging_mixin.py:188} INFO - [2024-05-24T14:48:15.432+0000] {dag.py:3954} INFO - Setting next_dagrun for tutorial_dag to None, run_after=None
[2024-05-24T14:48:15.482+0000] {processor.py:183} INFO - Processing /usr/local/python/3.10.13/lib/python3.10/site-packages/airflow/example_dags/tutorial_dag.py took 0.086 seconds
[2024-05-24T14:48:56.042+0000] {processor.py:161} INFO - Started process (PID=61828) to work on /usr/local/python/3.10.13/lib/python3.10/site-packages/airflow/example_dags/tutorial_dag.py
[2024-05-24T14:48:56.043+0000] {processor.py:830} INFO - Processing file /usr/local/python/3.10.13/lib/python3.10/site-packages/airflow/example_dags/tutorial_dag.py for tasks to queue
[2024-05-24T14:48:56.044+0000] {logging_mixin.py:188} INFO - [2024-05-24T14:48:56.044+0000] {dagbag.py:545} INFO - Filling up the DagBag from /usr/local/python/3.10.13/lib/python3.10/site-packages/airflow/example_dags/tutorial_dag.py
[2024-05-24T14:48:56.049+0000] {processor.py:840} INFO - DAG(s) 'tutorial_dag' retrieved from /usr/local/python/3.10.13/lib/python3.10/site-packages/airflow/example_dags/tutorial_dag.py
[2024-05-24T14:48:56.060+0000] {logging_mixin.py:188} INFO - [2024-05-24T14:48:56.060+0000] {dag.py:3096} INFO - Sync 1 DAGs
[2024-05-24T14:48:56.069+0000] {logging_mixin.py:188} INFO - [2024-05-24T14:48:56.069+0000] {dag.py:3954} INFO - Setting next_dagrun for tutorial_dag to None, run_after=None
[2024-05-24T14:48:56.106+0000] {processor.py:183} INFO - Processing /usr/local/python/3.10.13/lib/python3.10/site-packages/airflow/example_dags/tutorial_dag.py took 0.068 seconds
[2024-05-24T14:49:38.300+0000] {processor.py:161} INFO - Started process (PID=62284) to work on /usr/local/python/3.10.13/lib/python3.10/site-packages/airflow/example_dags/tutorial_dag.py
[2024-05-24T14:49:38.301+0000] {processor.py:830} INFO - Processing file /usr/local/python/3.10.13/lib/python3.10/site-packages/airflow/example_dags/tutorial_dag.py for tasks to queue
[2024-05-24T14:49:38.302+0000] {logging_mixin.py:188} INFO - [2024-05-24T14:49:38.302+0000] {dagbag.py:545} INFO - Filling up the DagBag from /usr/local/python/3.10.13/lib/python3.10/site-packages/airflow/example_dags/tutorial_dag.py
[2024-05-24T14:49:38.307+0000] {processor.py:840} INFO - DAG(s) 'tutorial_dag' retrieved from /usr/local/python/3.10.13/lib/python3.10/site-packages/airflow/example_dags/tutorial_dag.py
[2024-05-24T14:49:38.318+0000] {logging_mixin.py:188} INFO - [2024-05-24T14:49:38.318+0000] {dag.py:3096} INFO - Sync 1 DAGs
[2024-05-24T14:49:38.327+0000] {logging_mixin.py:188} INFO - [2024-05-24T14:49:38.327+0000] {dag.py:3954} INFO - Setting next_dagrun for tutorial_dag to None, run_after=None
[2024-05-24T14:49:38.366+0000] {processor.py:183} INFO - Processing /usr/local/python/3.10.13/lib/python3.10/site-packages/airflow/example_dags/tutorial_dag.py took 0.070 seconds
[2024-05-24T14:50:19.966+0000] {processor.py:161} INFO - Started process (PID=62654) to work on /usr/local/python/3.10.13/lib/python3.10/site-packages/airflow/example_dags/tutorial_dag.py
[2024-05-24T14:50:19.967+0000] {processor.py:830} INFO - Processing file /usr/local/python/3.10.13/lib/python3.10/site-packages/airflow/example_dags/tutorial_dag.py for tasks to queue
[2024-05-24T14:50:19.968+0000] {logging_mixin.py:188} INFO - [2024-05-24T14:50:19.968+0000] {dagbag.py:545} INFO - Filling up the DagBag from /usr/local/python/3.10.13/lib/python3.10/site-packages/airflow/example_dags/tutorial_dag.py
[2024-05-24T14:50:19.973+0000] {processor.py:840} INFO - DAG(s) 'tutorial_dag' retrieved from /usr/local/python/3.10.13/lib/python3.10/site-packages/airflow/example_dags/tutorial_dag.py
[2024-05-24T14:50:19.984+0000] {logging_mixin.py:188} INFO - [2024-05-24T14:50:19.984+0000] {dag.py:3096} INFO - Sync 1 DAGs
[2024-05-24T14:50:19.993+0000] {logging_mixin.py:188} INFO - [2024-05-24T14:50:19.993+0000] {dag.py:3954} INFO - Setting next_dagrun for tutorial_dag to None, run_after=None
[2024-05-24T14:50:20.033+0000] {processor.py:183} INFO - Processing /usr/local/python/3.10.13/lib/python3.10/site-packages/airflow/example_dags/tutorial_dag.py took 0.071 seconds
[2024-05-24T14:51:02.022+0000] {processor.py:161} INFO - Started process (PID=62943) to work on /usr/local/python/3.10.13/lib/python3.10/site-packages/airflow/example_dags/tutorial_dag.py
[2024-05-24T14:51:02.023+0000] {processor.py:830} INFO - Processing file /usr/local/python/3.10.13/lib/python3.10/site-packages/airflow/example_dags/tutorial_dag.py for tasks to queue
[2024-05-24T14:51:02.025+0000] {logging_mixin.py:188} INFO - [2024-05-24T14:51:02.024+0000] {dagbag.py:545} INFO - Filling up the DagBag from /usr/local/python/3.10.13/lib/python3.10/site-packages/airflow/example_dags/tutorial_dag.py
[2024-05-24T14:51:02.031+0000] {processor.py:840} INFO - DAG(s) 'tutorial_dag' retrieved from /usr/local/python/3.10.13/lib/python3.10/site-packages/airflow/example_dags/tutorial_dag.py
[2024-05-24T14:51:02.048+0000] {logging_mixin.py:188} INFO - [2024-05-24T14:51:02.048+0000] {dag.py:3096} INFO - Sync 1 DAGs
[2024-05-24T14:51:02.061+0000] {logging_mixin.py:188} INFO - [2024-05-24T14:51:02.061+0000] {dag.py:3954} INFO - Setting next_dagrun for tutorial_dag to None, run_after=None
[2024-05-24T14:51:02.107+0000] {processor.py:183} INFO - Processing /usr/local/python/3.10.13/lib/python3.10/site-packages/airflow/example_dags/tutorial_dag.py took 0.092 seconds
[2024-05-24T14:51:44.879+0000] {processor.py:161} INFO - Started process (PID=63306) to work on /usr/local/python/3.10.13/lib/python3.10/site-packages/airflow/example_dags/tutorial_dag.py
[2024-05-24T14:51:44.879+0000] {processor.py:830} INFO - Processing file /usr/local/python/3.10.13/lib/python3.10/site-packages/airflow/example_dags/tutorial_dag.py for tasks to queue
[2024-05-24T14:51:44.881+0000] {logging_mixin.py:188} INFO - [2024-05-24T14:51:44.880+0000] {dagbag.py:545} INFO - Filling up the DagBag from /usr/local/python/3.10.13/lib/python3.10/site-packages/airflow/example_dags/tutorial_dag.py
[2024-05-24T14:51:44.885+0000] {processor.py:840} INFO - DAG(s) 'tutorial_dag' retrieved from /usr/local/python/3.10.13/lib/python3.10/site-packages/airflow/example_dags/tutorial_dag.py
[2024-05-24T14:51:44.896+0000] {logging_mixin.py:188} INFO - [2024-05-24T14:51:44.896+0000] {dag.py:3096} INFO - Sync 1 DAGs
[2024-05-24T14:51:44.905+0000] {logging_mixin.py:188} INFO - [2024-05-24T14:51:44.905+0000] {dag.py:3954} INFO - Setting next_dagrun for tutorial_dag to None, run_after=None
[2024-05-24T14:51:44.943+0000] {processor.py:183} INFO - Processing /usr/local/python/3.10.13/lib/python3.10/site-packages/airflow/example_dags/tutorial_dag.py took 0.069 seconds
[2024-05-24T14:52:21.951+0000] {processor.py:161} INFO - Started process (PID=63585) to work on /usr/local/python/3.10.13/lib/python3.10/site-packages/airflow/example_dags/tutorial_dag.py
[2024-05-24T14:52:21.952+0000] {processor.py:830} INFO - Processing file /usr/local/python/3.10.13/lib/python3.10/site-packages/airflow/example_dags/tutorial_dag.py for tasks to queue
[2024-05-24T14:52:21.953+0000] {logging_mixin.py:188} INFO - [2024-05-24T14:52:21.953+0000] {dagbag.py:545} INFO - Filling up the DagBag from /usr/local/python/3.10.13/lib/python3.10/site-packages/airflow/example_dags/tutorial_dag.py
[2024-05-24T14:52:21.957+0000] {processor.py:840} INFO - DAG(s) 'tutorial_dag' retrieved from /usr/local/python/3.10.13/lib/python3.10/site-packages/airflow/example_dags/tutorial_dag.py
[2024-05-24T14:52:21.969+0000] {logging_mixin.py:188} INFO - [2024-05-24T14:52:21.969+0000] {dag.py:3096} INFO - Sync 1 DAGs
[2024-05-24T14:52:21.978+0000] {logging_mixin.py:188} INFO - [2024-05-24T14:52:21.978+0000] {dag.py:3954} INFO - Setting next_dagrun for tutorial_dag to None, run_after=None
[2024-05-24T14:52:22.019+0000] {processor.py:183} INFO - Processing /usr/local/python/3.10.13/lib/python3.10/site-packages/airflow/example_dags/tutorial_dag.py took 0.075 seconds
[2024-05-24T14:53:04.385+0000] {processor.py:161} INFO - Started process (PID=63955) to work on /usr/local/python/3.10.13/lib/python3.10/site-packages/airflow/example_dags/tutorial_dag.py
[2024-05-24T14:53:04.386+0000] {processor.py:830} INFO - Processing file /usr/local/python/3.10.13/lib/python3.10/site-packages/airflow/example_dags/tutorial_dag.py for tasks to queue
[2024-05-24T14:53:04.387+0000] {logging_mixin.py:188} INFO - [2024-05-24T14:53:04.387+0000] {dagbag.py:545} INFO - Filling up the DagBag from /usr/local/python/3.10.13/lib/python3.10/site-packages/airflow/example_dags/tutorial_dag.py
[2024-05-24T14:53:04.391+0000] {processor.py:840} INFO - DAG(s) 'tutorial_dag' retrieved from /usr/local/python/3.10.13/lib/python3.10/site-packages/airflow/example_dags/tutorial_dag.py
[2024-05-24T14:53:04.403+0000] {logging_mixin.py:188} INFO - [2024-05-24T14:53:04.403+0000] {dag.py:3096} INFO - Sync 1 DAGs
[2024-05-24T14:53:04.412+0000] {logging_mixin.py:188} INFO - [2024-05-24T14:53:04.412+0000] {dag.py:3954} INFO - Setting next_dagrun for tutorial_dag to None, run_after=None
[2024-05-24T14:53:04.450+0000] {processor.py:183} INFO - Processing /usr/local/python/3.10.13/lib/python3.10/site-packages/airflow/example_dags/tutorial_dag.py took 0.070 seconds
[2024-05-24T14:53:46.205+0000] {processor.py:161} INFO - Started process (PID=64400) to work on /usr/local/python/3.10.13/lib/python3.10/site-packages/airflow/example_dags/tutorial_dag.py
[2024-05-24T14:53:46.206+0000] {processor.py:830} INFO - Processing file /usr/local/python/3.10.13/lib/python3.10/site-packages/airflow/example_dags/tutorial_dag.py for tasks to queue
[2024-05-24T14:53:46.208+0000] {logging_mixin.py:188} INFO - [2024-05-24T14:53:46.207+0000] {dagbag.py:545} INFO - Filling up the DagBag from /usr/local/python/3.10.13/lib/python3.10/site-packages/airflow/example_dags/tutorial_dag.py
[2024-05-24T14:53:46.212+0000] {processor.py:840} INFO - DAG(s) 'tutorial_dag' retrieved from /usr/local/python/3.10.13/lib/python3.10/site-packages/airflow/example_dags/tutorial_dag.py
[2024-05-24T14:53:46.224+0000] {logging_mixin.py:188} INFO - [2024-05-24T14:53:46.223+0000] {dag.py:3096} INFO - Sync 1 DAGs
[2024-05-24T14:53:46.233+0000] {logging_mixin.py:188} INFO - [2024-05-24T14:53:46.233+0000] {dag.py:3954} INFO - Setting next_dagrun for tutorial_dag to None, run_after=None
[2024-05-24T14:53:46.273+0000] {processor.py:183} INFO - Processing /usr/local/python/3.10.13/lib/python3.10/site-packages/airflow/example_dags/tutorial_dag.py took 0.073 seconds
[2024-05-24T14:54:27.568+0000] {processor.py:161} INFO - Started process (PID=64823) to work on /usr/local/python/3.10.13/lib/python3.10/site-packages/airflow/example_dags/tutorial_dag.py
[2024-05-24T14:54:27.569+0000] {processor.py:830} INFO - Processing file /usr/local/python/3.10.13/lib/python3.10/site-packages/airflow/example_dags/tutorial_dag.py for tasks to queue
[2024-05-24T14:54:27.570+0000] {logging_mixin.py:188} INFO - [2024-05-24T14:54:27.570+0000] {dagbag.py:545} INFO - Filling up the DagBag from /usr/local/python/3.10.13/lib/python3.10/site-packages/airflow/example_dags/tutorial_dag.py
[2024-05-24T14:54:27.575+0000] {processor.py:840} INFO - DAG(s) 'tutorial_dag' retrieved from /usr/local/python/3.10.13/lib/python3.10/site-packages/airflow/example_dags/tutorial_dag.py
[2024-05-24T14:54:27.586+0000] {logging_mixin.py:188} INFO - [2024-05-24T14:54:27.586+0000] {dag.py:3096} INFO - Sync 1 DAGs
[2024-05-24T14:54:27.595+0000] {logging_mixin.py:188} INFO - [2024-05-24T14:54:27.595+0000] {dag.py:3954} INFO - Setting next_dagrun for tutorial_dag to None, run_after=None
[2024-05-24T14:54:27.636+0000] {processor.py:183} INFO - Processing /usr/local/python/3.10.13/lib/python3.10/site-packages/airflow/example_dags/tutorial_dag.py took 0.073 seconds
