[2024-05-24T14:42:40.975+0000] {processor.py:161} INFO - Started process (PID=58340) to work on /usr/local/python/3.10.13/lib/python3.10/site-packages/airflow/example_dags/tutorial.py
[2024-05-24T14:42:40.976+0000] {processor.py:830} INFO - Processing file /usr/local/python/3.10.13/lib/python3.10/site-packages/airflow/example_dags/tutorial.py for tasks to queue
[2024-05-24T14:42:40.977+0000] {logging_mixin.py:188} INFO - [2024-05-24T14:42:40.977+0000] {dagbag.py:545} INFO - Filling up the DagBag from /usr/local/python/3.10.13/lib/python3.10/site-packages/airflow/example_dags/tutorial.py
[2024-05-24T14:42:40.982+0000] {processor.py:840} INFO - DAG(s) 'tutorial' retrieved from /usr/local/python/3.10.13/lib/python3.10/site-packages/airflow/example_dags/tutorial.py
[2024-05-24T14:42:41.196+0000] {logging_mixin.py:188} INFO - [2024-05-24T14:42:41.196+0000] {override.py:1829} INFO - Created Permission View: can read on DAG:tutorial
[2024-05-24T14:42:41.227+0000] {logging_mixin.py:188} INFO - [2024-05-24T14:42:41.226+0000] {override.py:1829} INFO - Created Permission View: can edit on DAG:tutorial
[2024-05-24T14:42:41.254+0000] {logging_mixin.py:188} INFO - [2024-05-24T14:42:41.254+0000] {override.py:1829} INFO - Created Permission View: can delete on DAG:tutorial
[2024-05-24T14:42:41.254+0000] {logging_mixin.py:188} INFO - [2024-05-24T14:42:41.254+0000] {dag.py:3096} INFO - Sync 1 DAGs
[2024-05-24T14:42:41.264+0000] {logging_mixin.py:188} INFO - [2024-05-24T14:42:41.264+0000] {dag.py:3118} INFO - Creating ORM DAG for tutorial
[2024-05-24T14:42:41.270+0000] {logging_mixin.py:188} INFO - [2024-05-24T14:42:41.270+0000] {dag.py:3954} INFO - Setting next_dagrun for tutorial to 2024-05-23 00:00:00+00:00, run_after=2024-05-24 00:00:00+00:00
[2024-05-24T14:42:41.311+0000] {processor.py:183} INFO - Processing /usr/local/python/3.10.13/lib/python3.10/site-packages/airflow/example_dags/tutorial.py took 0.340 seconds
[2024-05-24T14:43:42.561+0000] {processor.py:161} INFO - Started process (PID=58775) to work on /usr/local/python/3.10.13/lib/python3.10/site-packages/airflow/example_dags/tutorial.py
[2024-05-24T14:43:42.562+0000] {processor.py:830} INFO - Processing file /usr/local/python/3.10.13/lib/python3.10/site-packages/airflow/example_dags/tutorial.py for tasks to queue
[2024-05-24T14:43:42.563+0000] {logging_mixin.py:188} INFO - [2024-05-24T14:43:42.563+0000] {dagbag.py:545} INFO - Filling up the DagBag from /usr/local/python/3.10.13/lib/python3.10/site-packages/airflow/example_dags/tutorial.py
[2024-05-24T14:43:42.568+0000] {processor.py:840} INFO - DAG(s) 'tutorial' retrieved from /usr/local/python/3.10.13/lib/python3.10/site-packages/airflow/example_dags/tutorial.py
[2024-05-24T14:43:42.582+0000] {logging_mixin.py:188} INFO - [2024-05-24T14:43:42.582+0000] {dag.py:3096} INFO - Sync 1 DAGs
[2024-05-24T14:43:42.605+0000] {logging_mixin.py:188} INFO - [2024-05-24T14:43:42.605+0000] {dag.py:3954} INFO - Setting next_dagrun for tutorial to 2024-05-23 00:00:00+00:00, run_after=2024-05-24 00:00:00+00:00
[2024-05-24T14:43:42.647+0000] {processor.py:183} INFO - Processing /usr/local/python/3.10.13/lib/python3.10/site-packages/airflow/example_dags/tutorial.py took 0.089 seconds
[2024-05-24T14:44:33.338+0000] {processor.py:161} INFO - Started process (PID=59276) to work on /usr/local/python/3.10.13/lib/python3.10/site-packages/airflow/example_dags/tutorial.py
[2024-05-24T14:44:33.339+0000] {processor.py:830} INFO - Processing file /usr/local/python/3.10.13/lib/python3.10/site-packages/airflow/example_dags/tutorial.py for tasks to queue
[2024-05-24T14:44:33.340+0000] {logging_mixin.py:188} INFO - [2024-05-24T14:44:33.340+0000] {dagbag.py:545} INFO - Filling up the DagBag from /usr/local/python/3.10.13/lib/python3.10/site-packages/airflow/example_dags/tutorial.py
[2024-05-24T14:44:33.345+0000] {processor.py:840} INFO - DAG(s) 'tutorial' retrieved from /usr/local/python/3.10.13/lib/python3.10/site-packages/airflow/example_dags/tutorial.py
[2024-05-24T14:44:33.357+0000] {logging_mixin.py:188} INFO - [2024-05-24T14:44:33.356+0000] {dag.py:3096} INFO - Sync 1 DAGs
[2024-05-24T14:44:33.373+0000] {logging_mixin.py:188} INFO - [2024-05-24T14:44:33.372+0000] {dag.py:3954} INFO - Setting next_dagrun for tutorial to 2024-05-23 00:00:00+00:00, run_after=2024-05-24 00:00:00+00:00
[2024-05-24T14:44:33.411+0000] {processor.py:183} INFO - Processing /usr/local/python/3.10.13/lib/python3.10/site-packages/airflow/example_dags/tutorial.py took 0.077 seconds
[2024-05-24T14:45:25.374+0000] {processor.py:161} INFO - Started process (PID=59817) to work on /usr/local/python/3.10.13/lib/python3.10/site-packages/airflow/example_dags/tutorial.py
[2024-05-24T14:45:25.375+0000] {processor.py:830} INFO - Processing file /usr/local/python/3.10.13/lib/python3.10/site-packages/airflow/example_dags/tutorial.py for tasks to queue
[2024-05-24T14:45:25.376+0000] {logging_mixin.py:188} INFO - [2024-05-24T14:45:25.376+0000] {dagbag.py:545} INFO - Filling up the DagBag from /usr/local/python/3.10.13/lib/python3.10/site-packages/airflow/example_dags/tutorial.py
[2024-05-24T14:45:25.382+0000] {processor.py:840} INFO - DAG(s) 'tutorial' retrieved from /usr/local/python/3.10.13/lib/python3.10/site-packages/airflow/example_dags/tutorial.py
[2024-05-24T14:45:25.393+0000] {logging_mixin.py:188} INFO - [2024-05-24T14:45:25.393+0000] {dag.py:3096} INFO - Sync 1 DAGs
[2024-05-24T14:45:25.408+0000] {logging_mixin.py:188} INFO - [2024-05-24T14:45:25.408+0000] {dag.py:3954} INFO - Setting next_dagrun for tutorial to 2024-05-23 00:00:00+00:00, run_after=2024-05-24 00:00:00+00:00
[2024-05-24T14:45:25.448+0000] {processor.py:183} INFO - Processing /usr/local/python/3.10.13/lib/python3.10/site-packages/airflow/example_dags/tutorial.py took 0.079 seconds
[2024-05-24T14:46:09.274+0000] {processor.py:161} INFO - Started process (PID=60242) to work on /usr/local/python/3.10.13/lib/python3.10/site-packages/airflow/example_dags/tutorial.py
[2024-05-24T14:46:09.275+0000] {processor.py:830} INFO - Processing file /usr/local/python/3.10.13/lib/python3.10/site-packages/airflow/example_dags/tutorial.py for tasks to queue
[2024-05-24T14:46:09.276+0000] {logging_mixin.py:188} INFO - [2024-05-24T14:46:09.276+0000] {dagbag.py:545} INFO - Filling up the DagBag from /usr/local/python/3.10.13/lib/python3.10/site-packages/airflow/example_dags/tutorial.py
[2024-05-24T14:46:09.281+0000] {processor.py:840} INFO - DAG(s) 'tutorial' retrieved from /usr/local/python/3.10.13/lib/python3.10/site-packages/airflow/example_dags/tutorial.py
[2024-05-24T14:46:09.292+0000] {logging_mixin.py:188} INFO - [2024-05-24T14:46:09.292+0000] {dag.py:3096} INFO - Sync 1 DAGs
[2024-05-24T14:46:09.306+0000] {logging_mixin.py:188} INFO - [2024-05-24T14:46:09.306+0000] {dag.py:3954} INFO - Setting next_dagrun for tutorial to 2024-05-23 00:00:00+00:00, run_after=2024-05-24 00:00:00+00:00
[2024-05-24T14:46:09.348+0000] {processor.py:183} INFO - Processing /usr/local/python/3.10.13/lib/python3.10/site-packages/airflow/example_dags/tutorial.py took 0.078 seconds
[2024-05-24T14:46:53.215+0000] {processor.py:161} INFO - Started process (PID=60672) to work on /usr/local/python/3.10.13/lib/python3.10/site-packages/airflow/example_dags/tutorial.py
[2024-05-24T14:46:53.216+0000] {processor.py:830} INFO - Processing file /usr/local/python/3.10.13/lib/python3.10/site-packages/airflow/example_dags/tutorial.py for tasks to queue
[2024-05-24T14:46:53.217+0000] {logging_mixin.py:188} INFO - [2024-05-24T14:46:53.217+0000] {dagbag.py:545} INFO - Filling up the DagBag from /usr/local/python/3.10.13/lib/python3.10/site-packages/airflow/example_dags/tutorial.py
[2024-05-24T14:46:53.222+0000] {processor.py:840} INFO - DAG(s) 'tutorial' retrieved from /usr/local/python/3.10.13/lib/python3.10/site-packages/airflow/example_dags/tutorial.py
[2024-05-24T14:46:53.233+0000] {logging_mixin.py:188} INFO - [2024-05-24T14:46:53.233+0000] {dag.py:3096} INFO - Sync 1 DAGs
[2024-05-24T14:46:53.248+0000] {logging_mixin.py:188} INFO - [2024-05-24T14:46:53.248+0000] {dag.py:3954} INFO - Setting next_dagrun for tutorial to 2024-05-23 00:00:00+00:00, run_after=2024-05-24 00:00:00+00:00
[2024-05-24T14:46:53.286+0000] {processor.py:183} INFO - Processing /usr/local/python/3.10.13/lib/python3.10/site-packages/airflow/example_dags/tutorial.py took 0.075 seconds
[2024-05-24T14:47:36.189+0000] {processor.py:161} INFO - Started process (PID=61046) to work on /usr/local/python/3.10.13/lib/python3.10/site-packages/airflow/example_dags/tutorial.py
[2024-05-24T14:47:36.190+0000] {processor.py:830} INFO - Processing file /usr/local/python/3.10.13/lib/python3.10/site-packages/airflow/example_dags/tutorial.py for tasks to queue
[2024-05-24T14:47:36.192+0000] {logging_mixin.py:188} INFO - [2024-05-24T14:47:36.191+0000] {dagbag.py:545} INFO - Filling up the DagBag from /usr/local/python/3.10.13/lib/python3.10/site-packages/airflow/example_dags/tutorial.py
[2024-05-24T14:47:36.196+0000] {processor.py:840} INFO - DAG(s) 'tutorial' retrieved from /usr/local/python/3.10.13/lib/python3.10/site-packages/airflow/example_dags/tutorial.py
[2024-05-24T14:47:36.210+0000] {logging_mixin.py:188} INFO - [2024-05-24T14:47:36.210+0000] {dag.py:3096} INFO - Sync 1 DAGs
[2024-05-24T14:47:36.225+0000] {logging_mixin.py:188} INFO - [2024-05-24T14:47:36.225+0000] {dag.py:3954} INFO - Setting next_dagrun for tutorial to 2024-05-23 00:00:00+00:00, run_after=2024-05-24 00:00:00+00:00
[2024-05-24T14:47:36.264+0000] {processor.py:183} INFO - Processing /usr/local/python/3.10.13/lib/python3.10/site-packages/airflow/example_dags/tutorial.py took 0.080 seconds
[2024-05-24T14:48:17.595+0000] {processor.py:161} INFO - Started process (PID=61431) to work on /usr/local/python/3.10.13/lib/python3.10/site-packages/airflow/example_dags/tutorial.py
[2024-05-24T14:48:17.596+0000] {processor.py:830} INFO - Processing file /usr/local/python/3.10.13/lib/python3.10/site-packages/airflow/example_dags/tutorial.py for tasks to queue
[2024-05-24T14:48:17.597+0000] {logging_mixin.py:188} INFO - [2024-05-24T14:48:17.597+0000] {dagbag.py:545} INFO - Filling up the DagBag from /usr/local/python/3.10.13/lib/python3.10/site-packages/airflow/example_dags/tutorial.py
[2024-05-24T14:48:17.602+0000] {processor.py:840} INFO - DAG(s) 'tutorial' retrieved from /usr/local/python/3.10.13/lib/python3.10/site-packages/airflow/example_dags/tutorial.py
[2024-05-24T14:48:17.613+0000] {logging_mixin.py:188} INFO - [2024-05-24T14:48:17.613+0000] {dag.py:3096} INFO - Sync 1 DAGs
[2024-05-24T14:48:17.628+0000] {logging_mixin.py:188} INFO - [2024-05-24T14:48:17.628+0000] {dag.py:3954} INFO - Setting next_dagrun for tutorial to 2024-05-23 00:00:00+00:00, run_after=2024-05-24 00:00:00+00:00
[2024-05-24T14:48:17.668+0000] {processor.py:183} INFO - Processing /usr/local/python/3.10.13/lib/python3.10/site-packages/airflow/example_dags/tutorial.py took 0.078 seconds
[2024-05-24T14:48:58.307+0000] {processor.py:161} INFO - Started process (PID=61870) to work on /usr/local/python/3.10.13/lib/python3.10/site-packages/airflow/example_dags/tutorial.py
[2024-05-24T14:48:58.308+0000] {processor.py:830} INFO - Processing file /usr/local/python/3.10.13/lib/python3.10/site-packages/airflow/example_dags/tutorial.py for tasks to queue
[2024-05-24T14:48:58.310+0000] {logging_mixin.py:188} INFO - [2024-05-24T14:48:58.309+0000] {dagbag.py:545} INFO - Filling up the DagBag from /usr/local/python/3.10.13/lib/python3.10/site-packages/airflow/example_dags/tutorial.py
[2024-05-24T14:48:58.314+0000] {processor.py:840} INFO - DAG(s) 'tutorial' retrieved from /usr/local/python/3.10.13/lib/python3.10/site-packages/airflow/example_dags/tutorial.py
[2024-05-24T14:48:58.326+0000] {logging_mixin.py:188} INFO - [2024-05-24T14:48:58.326+0000] {dag.py:3096} INFO - Sync 1 DAGs
[2024-05-24T14:48:58.341+0000] {logging_mixin.py:188} INFO - [2024-05-24T14:48:58.341+0000] {dag.py:3954} INFO - Setting next_dagrun for tutorial to 2024-05-23 00:00:00+00:00, run_after=2024-05-24 00:00:00+00:00
[2024-05-24T14:48:58.378+0000] {processor.py:183} INFO - Processing /usr/local/python/3.10.13/lib/python3.10/site-packages/airflow/example_dags/tutorial.py took 0.075 seconds
[2024-05-24T14:49:40.568+0000] {processor.py:161} INFO - Started process (PID=62295) to work on /usr/local/python/3.10.13/lib/python3.10/site-packages/airflow/example_dags/tutorial.py
[2024-05-24T14:49:40.568+0000] {processor.py:830} INFO - Processing file /usr/local/python/3.10.13/lib/python3.10/site-packages/airflow/example_dags/tutorial.py for tasks to queue
[2024-05-24T14:49:40.570+0000] {logging_mixin.py:188} INFO - [2024-05-24T14:49:40.569+0000] {dagbag.py:545} INFO - Filling up the DagBag from /usr/local/python/3.10.13/lib/python3.10/site-packages/airflow/example_dags/tutorial.py
[2024-05-24T14:49:40.574+0000] {processor.py:840} INFO - DAG(s) 'tutorial' retrieved from /usr/local/python/3.10.13/lib/python3.10/site-packages/airflow/example_dags/tutorial.py
[2024-05-24T14:49:40.586+0000] {logging_mixin.py:188} INFO - [2024-05-24T14:49:40.586+0000] {dag.py:3096} INFO - Sync 1 DAGs
[2024-05-24T14:49:40.600+0000] {logging_mixin.py:188} INFO - [2024-05-24T14:49:40.600+0000] {dag.py:3954} INFO - Setting next_dagrun for tutorial to 2024-05-23 00:00:00+00:00, run_after=2024-05-24 00:00:00+00:00
[2024-05-24T14:49:40.639+0000] {processor.py:183} INFO - Processing /usr/local/python/3.10.13/lib/python3.10/site-packages/airflow/example_dags/tutorial.py took 0.076 seconds
[2024-05-24T14:50:22.334+0000] {processor.py:161} INFO - Started process (PID=62668) to work on /usr/local/python/3.10.13/lib/python3.10/site-packages/airflow/example_dags/tutorial.py
[2024-05-24T14:50:22.335+0000] {processor.py:830} INFO - Processing file /usr/local/python/3.10.13/lib/python3.10/site-packages/airflow/example_dags/tutorial.py for tasks to queue
[2024-05-24T14:50:22.336+0000] {logging_mixin.py:188} INFO - [2024-05-24T14:50:22.336+0000] {dagbag.py:545} INFO - Filling up the DagBag from /usr/local/python/3.10.13/lib/python3.10/site-packages/airflow/example_dags/tutorial.py
[2024-05-24T14:50:22.341+0000] {processor.py:840} INFO - DAG(s) 'tutorial' retrieved from /usr/local/python/3.10.13/lib/python3.10/site-packages/airflow/example_dags/tutorial.py
[2024-05-24T14:50:22.353+0000] {logging_mixin.py:188} INFO - [2024-05-24T14:50:22.353+0000] {dag.py:3096} INFO - Sync 1 DAGs
[2024-05-24T14:50:22.368+0000] {logging_mixin.py:188} INFO - [2024-05-24T14:50:22.368+0000] {dag.py:3954} INFO - Setting next_dagrun for tutorial to 2024-05-23 00:00:00+00:00, run_after=2024-05-24 00:00:00+00:00
[2024-05-24T14:50:22.406+0000] {processor.py:183} INFO - Processing /usr/local/python/3.10.13/lib/python3.10/site-packages/airflow/example_dags/tutorial.py took 0.076 seconds
[2024-05-24T14:51:03.774+0000] {processor.py:161} INFO - Started process (PID=62960) to work on /usr/local/python/3.10.13/lib/python3.10/site-packages/airflow/example_dags/tutorial.py
[2024-05-24T14:51:03.780+0000] {processor.py:830} INFO - Processing file /usr/local/python/3.10.13/lib/python3.10/site-packages/airflow/example_dags/tutorial.py for tasks to queue
[2024-05-24T14:51:03.783+0000] {logging_mixin.py:188} INFO - [2024-05-24T14:51:03.782+0000] {dagbag.py:545} INFO - Filling up the DagBag from /usr/local/python/3.10.13/lib/python3.10/site-packages/airflow/example_dags/tutorial.py
[2024-05-24T14:51:03.789+0000] {processor.py:840} INFO - DAG(s) 'tutorial' retrieved from /usr/local/python/3.10.13/lib/python3.10/site-packages/airflow/example_dags/tutorial.py
[2024-05-24T14:51:03.803+0000] {logging_mixin.py:188} INFO - [2024-05-24T14:51:03.803+0000] {dag.py:3096} INFO - Sync 1 DAGs
[2024-05-24T14:51:03.818+0000] {logging_mixin.py:188} INFO - [2024-05-24T14:51:03.818+0000] {dag.py:3954} INFO - Setting next_dagrun for tutorial to 2024-05-23 00:00:00+00:00, run_after=2024-05-24 00:00:00+00:00
[2024-05-24T14:51:03.856+0000] {processor.py:183} INFO - Processing /usr/local/python/3.10.13/lib/python3.10/site-packages/airflow/example_dags/tutorial.py took 0.091 seconds
[2024-05-24T14:51:46.643+0000] {processor.py:161} INFO - Started process (PID=63317) to work on /usr/local/python/3.10.13/lib/python3.10/site-packages/airflow/example_dags/tutorial.py
[2024-05-24T14:51:46.644+0000] {processor.py:830} INFO - Processing file /usr/local/python/3.10.13/lib/python3.10/site-packages/airflow/example_dags/tutorial.py for tasks to queue
[2024-05-24T14:51:46.645+0000] {logging_mixin.py:188} INFO - [2024-05-24T14:51:46.645+0000] {dagbag.py:545} INFO - Filling up the DagBag from /usr/local/python/3.10.13/lib/python3.10/site-packages/airflow/example_dags/tutorial.py
[2024-05-24T14:51:46.650+0000] {processor.py:840} INFO - DAG(s) 'tutorial' retrieved from /usr/local/python/3.10.13/lib/python3.10/site-packages/airflow/example_dags/tutorial.py
[2024-05-24T14:51:46.662+0000] {logging_mixin.py:188} INFO - [2024-05-24T14:51:46.661+0000] {dag.py:3096} INFO - Sync 1 DAGs
[2024-05-24T14:51:46.677+0000] {logging_mixin.py:188} INFO - [2024-05-24T14:51:46.677+0000] {dag.py:3954} INFO - Setting next_dagrun for tutorial to 2024-05-23 00:00:00+00:00, run_after=2024-05-24 00:00:00+00:00
[2024-05-24T14:51:46.714+0000] {processor.py:183} INFO - Processing /usr/local/python/3.10.13/lib/python3.10/site-packages/airflow/example_dags/tutorial.py took 0.075 seconds
[2024-05-24T14:52:24.343+0000] {processor.py:161} INFO - Started process (PID=63593) to work on /usr/local/python/3.10.13/lib/python3.10/site-packages/airflow/example_dags/tutorial.py
[2024-05-24T14:52:24.344+0000] {processor.py:830} INFO - Processing file /usr/local/python/3.10.13/lib/python3.10/site-packages/airflow/example_dags/tutorial.py for tasks to queue
[2024-05-24T14:52:24.345+0000] {logging_mixin.py:188} INFO - [2024-05-24T14:52:24.345+0000] {dagbag.py:545} INFO - Filling up the DagBag from /usr/local/python/3.10.13/lib/python3.10/site-packages/airflow/example_dags/tutorial.py
[2024-05-24T14:52:24.350+0000] {processor.py:840} INFO - DAG(s) 'tutorial' retrieved from /usr/local/python/3.10.13/lib/python3.10/site-packages/airflow/example_dags/tutorial.py
[2024-05-24T14:52:24.362+0000] {logging_mixin.py:188} INFO - [2024-05-24T14:52:24.362+0000] {dag.py:3096} INFO - Sync 1 DAGs
[2024-05-24T14:52:24.377+0000] {logging_mixin.py:188} INFO - [2024-05-24T14:52:24.377+0000] {dag.py:3954} INFO - Setting next_dagrun for tutorial to 2024-05-23 00:00:00+00:00, run_after=2024-05-24 00:00:00+00:00
[2024-05-24T14:52:24.419+0000] {processor.py:183} INFO - Processing /usr/local/python/3.10.13/lib/python3.10/site-packages/airflow/example_dags/tutorial.py took 0.080 seconds
[2024-05-24T14:53:06.650+0000] {processor.py:161} INFO - Started process (PID=63963) to work on /usr/local/python/3.10.13/lib/python3.10/site-packages/airflow/example_dags/tutorial.py
[2024-05-24T14:53:06.650+0000] {processor.py:830} INFO - Processing file /usr/local/python/3.10.13/lib/python3.10/site-packages/airflow/example_dags/tutorial.py for tasks to queue
[2024-05-24T14:53:06.652+0000] {logging_mixin.py:188} INFO - [2024-05-24T14:53:06.651+0000] {dagbag.py:545} INFO - Filling up the DagBag from /usr/local/python/3.10.13/lib/python3.10/site-packages/airflow/example_dags/tutorial.py
[2024-05-24T14:53:06.656+0000] {processor.py:840} INFO - DAG(s) 'tutorial' retrieved from /usr/local/python/3.10.13/lib/python3.10/site-packages/airflow/example_dags/tutorial.py
[2024-05-24T14:53:06.667+0000] {logging_mixin.py:188} INFO - [2024-05-24T14:53:06.667+0000] {dag.py:3096} INFO - Sync 1 DAGs
[2024-05-24T14:53:06.682+0000] {logging_mixin.py:188} INFO - [2024-05-24T14:53:06.682+0000] {dag.py:3954} INFO - Setting next_dagrun for tutorial to 2024-05-23 00:00:00+00:00, run_after=2024-05-24 00:00:00+00:00
[2024-05-24T14:53:06.719+0000] {processor.py:183} INFO - Processing /usr/local/python/3.10.13/lib/python3.10/site-packages/airflow/example_dags/tutorial.py took 0.074 seconds
[2024-05-24T14:53:48.481+0000] {processor.py:161} INFO - Started process (PID=64414) to work on /usr/local/python/3.10.13/lib/python3.10/site-packages/airflow/example_dags/tutorial.py
[2024-05-24T14:53:48.482+0000] {processor.py:830} INFO - Processing file /usr/local/python/3.10.13/lib/python3.10/site-packages/airflow/example_dags/tutorial.py for tasks to queue
[2024-05-24T14:53:48.483+0000] {logging_mixin.py:188} INFO - [2024-05-24T14:53:48.483+0000] {dagbag.py:545} INFO - Filling up the DagBag from /usr/local/python/3.10.13/lib/python3.10/site-packages/airflow/example_dags/tutorial.py
[2024-05-24T14:53:48.488+0000] {processor.py:840} INFO - DAG(s) 'tutorial' retrieved from /usr/local/python/3.10.13/lib/python3.10/site-packages/airflow/example_dags/tutorial.py
[2024-05-24T14:53:48.499+0000] {logging_mixin.py:188} INFO - [2024-05-24T14:53:48.499+0000] {dag.py:3096} INFO - Sync 1 DAGs
[2024-05-24T14:53:48.514+0000] {logging_mixin.py:188} INFO - [2024-05-24T14:53:48.514+0000] {dag.py:3954} INFO - Setting next_dagrun for tutorial to 2024-05-23 00:00:00+00:00, run_after=2024-05-24 00:00:00+00:00
[2024-05-24T14:53:48.552+0000] {processor.py:183} INFO - Processing /usr/local/python/3.10.13/lib/python3.10/site-packages/airflow/example_dags/tutorial.py took 0.076 seconds
[2024-05-24T14:54:29.934+0000] {processor.py:161} INFO - Started process (PID=64846) to work on /usr/local/python/3.10.13/lib/python3.10/site-packages/airflow/example_dags/tutorial.py
[2024-05-24T14:54:29.935+0000] {processor.py:830} INFO - Processing file /usr/local/python/3.10.13/lib/python3.10/site-packages/airflow/example_dags/tutorial.py for tasks to queue
[2024-05-24T14:54:29.937+0000] {logging_mixin.py:188} INFO - [2024-05-24T14:54:29.937+0000] {dagbag.py:545} INFO - Filling up the DagBag from /usr/local/python/3.10.13/lib/python3.10/site-packages/airflow/example_dags/tutorial.py
[2024-05-24T14:54:29.943+0000] {processor.py:840} INFO - DAG(s) 'tutorial' retrieved from /usr/local/python/3.10.13/lib/python3.10/site-packages/airflow/example_dags/tutorial.py
[2024-05-24T14:54:29.964+0000] {logging_mixin.py:188} INFO - [2024-05-24T14:54:29.964+0000] {dag.py:3096} INFO - Sync 1 DAGs
[2024-05-24T14:54:29.988+0000] {logging_mixin.py:188} INFO - [2024-05-24T14:54:29.988+0000] {dag.py:3954} INFO - Setting next_dagrun for tutorial to 2024-05-23 00:00:00+00:00, run_after=2024-05-24 00:00:00+00:00
[2024-05-24T14:54:30.034+0000] {processor.py:183} INFO - Processing /usr/local/python/3.10.13/lib/python3.10/site-packages/airflow/example_dags/tutorial.py took 0.104 seconds
[2024-05-24T14:55:26.820+0000] {processor.py:161} INFO - Started process (PID=65554) to work on /usr/local/python/3.10.13/lib/python3.10/site-packages/airflow/example_dags/tutorial.py
[2024-05-24T14:55:26.820+0000] {processor.py:830} INFO - Processing file /usr/local/python/3.10.13/lib/python3.10/site-packages/airflow/example_dags/tutorial.py for tasks to queue
[2024-05-24T14:55:26.822+0000] {logging_mixin.py:188} INFO - [2024-05-24T14:55:26.821+0000] {dagbag.py:545} INFO - Filling up the DagBag from /usr/local/python/3.10.13/lib/python3.10/site-packages/airflow/example_dags/tutorial.py
[2024-05-24T14:55:26.826+0000] {processor.py:840} INFO - DAG(s) 'tutorial' retrieved from /usr/local/python/3.10.13/lib/python3.10/site-packages/airflow/example_dags/tutorial.py
[2024-05-24T14:55:26.837+0000] {logging_mixin.py:188} INFO - [2024-05-24T14:55:26.837+0000] {dag.py:3096} INFO - Sync 1 DAGs
[2024-05-24T14:55:26.852+0000] {logging_mixin.py:188} INFO - [2024-05-24T14:55:26.852+0000] {dag.py:3954} INFO - Setting next_dagrun for tutorial to 2024-05-23 00:00:00+00:00, run_after=2024-05-24 00:00:00+00:00
[2024-05-24T14:55:26.891+0000] {processor.py:183} INFO - Processing /usr/local/python/3.10.13/lib/python3.10/site-packages/airflow/example_dags/tutorial.py took 0.077 seconds
[2024-05-24T14:56:07.531+0000] {processor.py:161} INFO - Started process (PID=66017) to work on /usr/local/python/3.10.13/lib/python3.10/site-packages/airflow/example_dags/tutorial.py
[2024-05-24T14:56:07.532+0000] {processor.py:830} INFO - Processing file /usr/local/python/3.10.13/lib/python3.10/site-packages/airflow/example_dags/tutorial.py for tasks to queue
[2024-05-24T14:56:07.533+0000] {logging_mixin.py:188} INFO - [2024-05-24T14:56:07.533+0000] {dagbag.py:545} INFO - Filling up the DagBag from /usr/local/python/3.10.13/lib/python3.10/site-packages/airflow/example_dags/tutorial.py
[2024-05-24T14:56:07.538+0000] {processor.py:840} INFO - DAG(s) 'tutorial' retrieved from /usr/local/python/3.10.13/lib/python3.10/site-packages/airflow/example_dags/tutorial.py
[2024-05-24T14:56:07.549+0000] {logging_mixin.py:188} INFO - [2024-05-24T14:56:07.549+0000] {dag.py:3096} INFO - Sync 1 DAGs
[2024-05-24T14:56:07.564+0000] {logging_mixin.py:188} INFO - [2024-05-24T14:56:07.564+0000] {dag.py:3954} INFO - Setting next_dagrun for tutorial to 2024-05-23 00:00:00+00:00, run_after=2024-05-24 00:00:00+00:00
[2024-05-24T14:56:07.602+0000] {processor.py:183} INFO - Processing /usr/local/python/3.10.13/lib/python3.10/site-packages/airflow/example_dags/tutorial.py took 0.076 seconds
[2024-05-24T14:56:47.662+0000] {processor.py:161} INFO - Started process (PID=66487) to work on /usr/local/python/3.10.13/lib/python3.10/site-packages/airflow/example_dags/tutorial.py
[2024-05-24T14:56:47.663+0000] {processor.py:830} INFO - Processing file /usr/local/python/3.10.13/lib/python3.10/site-packages/airflow/example_dags/tutorial.py for tasks to queue
[2024-05-24T14:56:47.664+0000] {logging_mixin.py:188} INFO - [2024-05-24T14:56:47.664+0000] {dagbag.py:545} INFO - Filling up the DagBag from /usr/local/python/3.10.13/lib/python3.10/site-packages/airflow/example_dags/tutorial.py
[2024-05-24T14:56:47.669+0000] {processor.py:840} INFO - DAG(s) 'tutorial' retrieved from /usr/local/python/3.10.13/lib/python3.10/site-packages/airflow/example_dags/tutorial.py
[2024-05-24T14:56:47.681+0000] {logging_mixin.py:188} INFO - [2024-05-24T14:56:47.680+0000] {dag.py:3096} INFO - Sync 1 DAGs
[2024-05-24T14:56:47.695+0000] {logging_mixin.py:188} INFO - [2024-05-24T14:56:47.695+0000] {dag.py:3954} INFO - Setting next_dagrun for tutorial to 2024-05-23 00:00:00+00:00, run_after=2024-05-24 00:00:00+00:00
[2024-05-24T14:56:47.733+0000] {processor.py:183} INFO - Processing /usr/local/python/3.10.13/lib/python3.10/site-packages/airflow/example_dags/tutorial.py took 0.076 seconds
[2024-05-24T14:57:30.332+0000] {processor.py:161} INFO - Started process (PID=66799) to work on /usr/local/python/3.10.13/lib/python3.10/site-packages/airflow/example_dags/tutorial.py
[2024-05-24T14:57:30.333+0000] {processor.py:830} INFO - Processing file /usr/local/python/3.10.13/lib/python3.10/site-packages/airflow/example_dags/tutorial.py for tasks to queue
[2024-05-24T14:57:30.334+0000] {logging_mixin.py:188} INFO - [2024-05-24T14:57:30.334+0000] {dagbag.py:545} INFO - Filling up the DagBag from /usr/local/python/3.10.13/lib/python3.10/site-packages/airflow/example_dags/tutorial.py
[2024-05-24T14:57:30.338+0000] {processor.py:840} INFO - DAG(s) 'tutorial' retrieved from /usr/local/python/3.10.13/lib/python3.10/site-packages/airflow/example_dags/tutorial.py
[2024-05-24T14:57:30.350+0000] {logging_mixin.py:188} INFO - [2024-05-24T14:57:30.350+0000] {dag.py:3096} INFO - Sync 1 DAGs
[2024-05-24T14:57:30.365+0000] {logging_mixin.py:188} INFO - [2024-05-24T14:57:30.364+0000] {dag.py:3954} INFO - Setting next_dagrun for tutorial to 2024-05-23 00:00:00+00:00, run_after=2024-05-24 00:00:00+00:00
[2024-05-24T14:57:30.406+0000] {processor.py:183} INFO - Processing /usr/local/python/3.10.13/lib/python3.10/site-packages/airflow/example_dags/tutorial.py took 0.079 seconds
[2024-05-24T14:58:13.693+0000] {processor.py:161} INFO - Started process (PID=67151) to work on /usr/local/python/3.10.13/lib/python3.10/site-packages/airflow/example_dags/tutorial.py
[2024-05-24T14:58:13.693+0000] {processor.py:830} INFO - Processing file /usr/local/python/3.10.13/lib/python3.10/site-packages/airflow/example_dags/tutorial.py for tasks to queue
[2024-05-24T14:58:13.695+0000] {logging_mixin.py:188} INFO - [2024-05-24T14:58:13.694+0000] {dagbag.py:545} INFO - Filling up the DagBag from /usr/local/python/3.10.13/lib/python3.10/site-packages/airflow/example_dags/tutorial.py
[2024-05-24T14:58:13.699+0000] {processor.py:840} INFO - DAG(s) 'tutorial' retrieved from /usr/local/python/3.10.13/lib/python3.10/site-packages/airflow/example_dags/tutorial.py
[2024-05-24T14:58:13.710+0000] {logging_mixin.py:188} INFO - [2024-05-24T14:58:13.710+0000] {dag.py:3096} INFO - Sync 1 DAGs
[2024-05-24T14:58:13.725+0000] {logging_mixin.py:188} INFO - [2024-05-24T14:58:13.725+0000] {dag.py:3954} INFO - Setting next_dagrun for tutorial to 2024-05-23 00:00:00+00:00, run_after=2024-05-24 00:00:00+00:00
[2024-05-24T14:58:13.766+0000] {processor.py:183} INFO - Processing /usr/local/python/3.10.13/lib/python3.10/site-packages/airflow/example_dags/tutorial.py took 0.077 seconds
[2024-05-24T14:58:53.401+0000] {processor.py:161} INFO - Started process (PID=67448) to work on /usr/local/python/3.10.13/lib/python3.10/site-packages/airflow/example_dags/tutorial.py
[2024-05-24T14:58:53.402+0000] {processor.py:830} INFO - Processing file /usr/local/python/3.10.13/lib/python3.10/site-packages/airflow/example_dags/tutorial.py for tasks to queue
[2024-05-24T14:58:53.403+0000] {logging_mixin.py:188} INFO - [2024-05-24T14:58:53.403+0000] {dagbag.py:545} INFO - Filling up the DagBag from /usr/local/python/3.10.13/lib/python3.10/site-packages/airflow/example_dags/tutorial.py
[2024-05-24T14:58:53.408+0000] {processor.py:840} INFO - DAG(s) 'tutorial' retrieved from /usr/local/python/3.10.13/lib/python3.10/site-packages/airflow/example_dags/tutorial.py
[2024-05-24T14:58:53.420+0000] {logging_mixin.py:188} INFO - [2024-05-24T14:58:53.419+0000] {dag.py:3096} INFO - Sync 1 DAGs
[2024-05-24T14:58:53.434+0000] {logging_mixin.py:188} INFO - [2024-05-24T14:58:53.434+0000] {dag.py:3954} INFO - Setting next_dagrun for tutorial to 2024-05-23 00:00:00+00:00, run_after=2024-05-24 00:00:00+00:00
[2024-05-24T14:58:53.472+0000] {processor.py:183} INFO - Processing /usr/local/python/3.10.13/lib/python3.10/site-packages/airflow/example_dags/tutorial.py took 0.075 seconds
[2024-05-24T14:59:33.884+0000] {processor.py:161} INFO - Started process (PID=67731) to work on /usr/local/python/3.10.13/lib/python3.10/site-packages/airflow/example_dags/tutorial.py
[2024-05-24T14:59:33.885+0000] {processor.py:830} INFO - Processing file /usr/local/python/3.10.13/lib/python3.10/site-packages/airflow/example_dags/tutorial.py for tasks to queue
[2024-05-24T14:59:33.886+0000] {logging_mixin.py:188} INFO - [2024-05-24T14:59:33.886+0000] {dagbag.py:545} INFO - Filling up the DagBag from /usr/local/python/3.10.13/lib/python3.10/site-packages/airflow/example_dags/tutorial.py
[2024-05-24T14:59:33.892+0000] {processor.py:840} INFO - DAG(s) 'tutorial' retrieved from /usr/local/python/3.10.13/lib/python3.10/site-packages/airflow/example_dags/tutorial.py
[2024-05-24T14:59:33.909+0000] {logging_mixin.py:188} INFO - [2024-05-24T14:59:33.909+0000] {dag.py:3096} INFO - Sync 1 DAGs
[2024-05-24T14:59:33.935+0000] {logging_mixin.py:188} INFO - [2024-05-24T14:59:33.935+0000] {dag.py:3954} INFO - Setting next_dagrun for tutorial to 2024-05-23 00:00:00+00:00, run_after=2024-05-24 00:00:00+00:00
[2024-05-24T14:59:33.979+0000] {processor.py:183} INFO - Processing /usr/local/python/3.10.13/lib/python3.10/site-packages/airflow/example_dags/tutorial.py took 0.101 seconds
[2024-05-24T15:00:17.580+0000] {processor.py:161} INFO - Started process (PID=68028) to work on /usr/local/python/3.10.13/lib/python3.10/site-packages/airflow/example_dags/tutorial.py
[2024-05-24T15:00:17.581+0000] {processor.py:830} INFO - Processing file /usr/local/python/3.10.13/lib/python3.10/site-packages/airflow/example_dags/tutorial.py for tasks to queue
[2024-05-24T15:00:17.582+0000] {logging_mixin.py:188} INFO - [2024-05-24T15:00:17.582+0000] {dagbag.py:545} INFO - Filling up the DagBag from /usr/local/python/3.10.13/lib/python3.10/site-packages/airflow/example_dags/tutorial.py
[2024-05-24T15:00:17.587+0000] {processor.py:840} INFO - DAG(s) 'tutorial' retrieved from /usr/local/python/3.10.13/lib/python3.10/site-packages/airflow/example_dags/tutorial.py
[2024-05-24T15:00:17.602+0000] {logging_mixin.py:188} INFO - [2024-05-24T15:00:17.602+0000] {dag.py:3096} INFO - Sync 1 DAGs
[2024-05-24T15:00:17.622+0000] {logging_mixin.py:188} INFO - [2024-05-24T15:00:17.621+0000] {dag.py:3954} INFO - Setting next_dagrun for tutorial to 2024-05-23 00:00:00+00:00, run_after=2024-05-24 00:00:00+00:00
[2024-05-24T15:00:17.670+0000] {processor.py:183} INFO - Processing /usr/local/python/3.10.13/lib/python3.10/site-packages/airflow/example_dags/tutorial.py took 0.095 seconds
[2024-05-24T15:00:59.481+0000] {processor.py:161} INFO - Started process (PID=68320) to work on /usr/local/python/3.10.13/lib/python3.10/site-packages/airflow/example_dags/tutorial.py
[2024-05-24T15:00:59.481+0000] {processor.py:830} INFO - Processing file /usr/local/python/3.10.13/lib/python3.10/site-packages/airflow/example_dags/tutorial.py for tasks to queue
[2024-05-24T15:00:59.483+0000] {logging_mixin.py:188} INFO - [2024-05-24T15:00:59.482+0000] {dagbag.py:545} INFO - Filling up the DagBag from /usr/local/python/3.10.13/lib/python3.10/site-packages/airflow/example_dags/tutorial.py
[2024-05-24T15:00:59.487+0000] {processor.py:840} INFO - DAG(s) 'tutorial' retrieved from /usr/local/python/3.10.13/lib/python3.10/site-packages/airflow/example_dags/tutorial.py
[2024-05-24T15:00:59.498+0000] {logging_mixin.py:188} INFO - [2024-05-24T15:00:59.498+0000] {dag.py:3096} INFO - Sync 1 DAGs
[2024-05-24T15:00:59.518+0000] {logging_mixin.py:188} INFO - [2024-05-24T15:00:59.518+0000] {dag.py:3954} INFO - Setting next_dagrun for tutorial to 2024-05-23 00:00:00+00:00, run_after=2024-05-24 00:00:00+00:00
[2024-05-24T15:00:59.573+0000] {processor.py:183} INFO - Processing /usr/local/python/3.10.13/lib/python3.10/site-packages/airflow/example_dags/tutorial.py took 0.097 seconds
[2024-05-24T15:01:41.099+0000] {processor.py:161} INFO - Started process (PID=68636) to work on /usr/local/python/3.10.13/lib/python3.10/site-packages/airflow/example_dags/tutorial.py
[2024-05-24T15:01:41.100+0000] {processor.py:830} INFO - Processing file /usr/local/python/3.10.13/lib/python3.10/site-packages/airflow/example_dags/tutorial.py for tasks to queue
[2024-05-24T15:01:41.101+0000] {logging_mixin.py:188} INFO - [2024-05-24T15:01:41.101+0000] {dagbag.py:545} INFO - Filling up the DagBag from /usr/local/python/3.10.13/lib/python3.10/site-packages/airflow/example_dags/tutorial.py
[2024-05-24T15:01:41.105+0000] {processor.py:840} INFO - DAG(s) 'tutorial' retrieved from /usr/local/python/3.10.13/lib/python3.10/site-packages/airflow/example_dags/tutorial.py
[2024-05-24T15:01:41.117+0000] {logging_mixin.py:188} INFO - [2024-05-24T15:01:41.117+0000] {dag.py:3096} INFO - Sync 1 DAGs
[2024-05-24T15:01:41.132+0000] {logging_mixin.py:188} INFO - [2024-05-24T15:01:41.132+0000] {dag.py:3954} INFO - Setting next_dagrun for tutorial to 2024-05-23 00:00:00+00:00, run_after=2024-05-24 00:00:00+00:00
[2024-05-24T15:01:41.170+0000] {processor.py:183} INFO - Processing /usr/local/python/3.10.13/lib/python3.10/site-packages/airflow/example_dags/tutorial.py took 0.076 seconds
[2024-05-24T15:02:22.025+0000] {processor.py:161} INFO - Started process (PID=68943) to work on /usr/local/python/3.10.13/lib/python3.10/site-packages/airflow/example_dags/tutorial.py
[2024-05-24T15:02:22.026+0000] {processor.py:830} INFO - Processing file /usr/local/python/3.10.13/lib/python3.10/site-packages/airflow/example_dags/tutorial.py for tasks to queue
[2024-05-24T15:02:22.027+0000] {logging_mixin.py:188} INFO - [2024-05-24T15:02:22.027+0000] {dagbag.py:545} INFO - Filling up the DagBag from /usr/local/python/3.10.13/lib/python3.10/site-packages/airflow/example_dags/tutorial.py
[2024-05-24T15:02:22.033+0000] {processor.py:840} INFO - DAG(s) 'tutorial' retrieved from /usr/local/python/3.10.13/lib/python3.10/site-packages/airflow/example_dags/tutorial.py
[2024-05-24T15:02:22.045+0000] {logging_mixin.py:188} INFO - [2024-05-24T15:02:22.045+0000] {dag.py:3096} INFO - Sync 1 DAGs
[2024-05-24T15:02:22.061+0000] {logging_mixin.py:188} INFO - [2024-05-24T15:02:22.060+0000] {dag.py:3954} INFO - Setting next_dagrun for tutorial to 2024-05-23 00:00:00+00:00, run_after=2024-05-24 00:00:00+00:00
[2024-05-24T15:02:22.114+0000] {processor.py:183} INFO - Processing /usr/local/python/3.10.13/lib/python3.10/site-packages/airflow/example_dags/tutorial.py took 0.094 seconds
[2024-05-24T15:03:01.290+0000] {processor.py:161} INFO - Started process (PID=69225) to work on /usr/local/python/3.10.13/lib/python3.10/site-packages/airflow/example_dags/tutorial.py
[2024-05-24T15:03:01.291+0000] {processor.py:830} INFO - Processing file /usr/local/python/3.10.13/lib/python3.10/site-packages/airflow/example_dags/tutorial.py for tasks to queue
[2024-05-24T15:03:01.292+0000] {logging_mixin.py:188} INFO - [2024-05-24T15:03:01.292+0000] {dagbag.py:545} INFO - Filling up the DagBag from /usr/local/python/3.10.13/lib/python3.10/site-packages/airflow/example_dags/tutorial.py
[2024-05-24T15:03:01.297+0000] {processor.py:840} INFO - DAG(s) 'tutorial' retrieved from /usr/local/python/3.10.13/lib/python3.10/site-packages/airflow/example_dags/tutorial.py
[2024-05-24T15:03:01.308+0000] {logging_mixin.py:188} INFO - [2024-05-24T15:03:01.308+0000] {dag.py:3096} INFO - Sync 1 DAGs
[2024-05-24T15:03:01.323+0000] {logging_mixin.py:188} INFO - [2024-05-24T15:03:01.323+0000] {dag.py:3954} INFO - Setting next_dagrun for tutorial to 2024-05-23 00:00:00+00:00, run_after=2024-05-24 00:00:00+00:00
[2024-05-24T15:03:01.363+0000] {processor.py:183} INFO - Processing /usr/local/python/3.10.13/lib/python3.10/site-packages/airflow/example_dags/tutorial.py took 0.077 seconds
[2024-05-24T15:03:43.353+0000] {processor.py:161} INFO - Started process (PID=69554) to work on /usr/local/python/3.10.13/lib/python3.10/site-packages/airflow/example_dags/tutorial.py
[2024-05-24T15:03:43.354+0000] {processor.py:830} INFO - Processing file /usr/local/python/3.10.13/lib/python3.10/site-packages/airflow/example_dags/tutorial.py for tasks to queue
[2024-05-24T15:03:43.355+0000] {logging_mixin.py:188} INFO - [2024-05-24T15:03:43.355+0000] {dagbag.py:545} INFO - Filling up the DagBag from /usr/local/python/3.10.13/lib/python3.10/site-packages/airflow/example_dags/tutorial.py
[2024-05-24T15:03:43.360+0000] {processor.py:840} INFO - DAG(s) 'tutorial' retrieved from /usr/local/python/3.10.13/lib/python3.10/site-packages/airflow/example_dags/tutorial.py
[2024-05-24T15:03:43.371+0000] {logging_mixin.py:188} INFO - [2024-05-24T15:03:43.371+0000] {dag.py:3096} INFO - Sync 1 DAGs
[2024-05-24T15:03:43.386+0000] {logging_mixin.py:188} INFO - [2024-05-24T15:03:43.386+0000] {dag.py:3954} INFO - Setting next_dagrun for tutorial to 2024-05-23 00:00:00+00:00, run_after=2024-05-24 00:00:00+00:00
[2024-05-24T15:03:43.424+0000] {processor.py:183} INFO - Processing /usr/local/python/3.10.13/lib/python3.10/site-packages/airflow/example_dags/tutorial.py took 0.075 seconds
[2024-05-24T15:04:25.819+0000] {processor.py:161} INFO - Started process (PID=69865) to work on /usr/local/python/3.10.13/lib/python3.10/site-packages/airflow/example_dags/tutorial.py
[2024-05-24T15:04:25.820+0000] {processor.py:830} INFO - Processing file /usr/local/python/3.10.13/lib/python3.10/site-packages/airflow/example_dags/tutorial.py for tasks to queue
[2024-05-24T15:04:25.821+0000] {logging_mixin.py:188} INFO - [2024-05-24T15:04:25.821+0000] {dagbag.py:545} INFO - Filling up the DagBag from /usr/local/python/3.10.13/lib/python3.10/site-packages/airflow/example_dags/tutorial.py
[2024-05-24T15:04:25.826+0000] {processor.py:840} INFO - DAG(s) 'tutorial' retrieved from /usr/local/python/3.10.13/lib/python3.10/site-packages/airflow/example_dags/tutorial.py
[2024-05-24T15:04:25.838+0000] {logging_mixin.py:188} INFO - [2024-05-24T15:04:25.838+0000] {dag.py:3096} INFO - Sync 1 DAGs
[2024-05-24T15:04:25.854+0000] {logging_mixin.py:188} INFO - [2024-05-24T15:04:25.854+0000] {dag.py:3954} INFO - Setting next_dagrun for tutorial to 2024-05-23 00:00:00+00:00, run_after=2024-05-24 00:00:00+00:00
[2024-05-24T15:04:25.892+0000] {processor.py:183} INFO - Processing /usr/local/python/3.10.13/lib/python3.10/site-packages/airflow/example_dags/tutorial.py took 0.078 seconds
[2024-05-24T15:05:09.603+0000] {processor.py:161} INFO - Started process (PID=70197) to work on /usr/local/python/3.10.13/lib/python3.10/site-packages/airflow/example_dags/tutorial.py
[2024-05-24T15:05:09.604+0000] {processor.py:830} INFO - Processing file /usr/local/python/3.10.13/lib/python3.10/site-packages/airflow/example_dags/tutorial.py for tasks to queue
[2024-05-24T15:05:09.605+0000] {logging_mixin.py:188} INFO - [2024-05-24T15:05:09.605+0000] {dagbag.py:545} INFO - Filling up the DagBag from /usr/local/python/3.10.13/lib/python3.10/site-packages/airflow/example_dags/tutorial.py
[2024-05-24T15:05:09.610+0000] {processor.py:840} INFO - DAG(s) 'tutorial' retrieved from /usr/local/python/3.10.13/lib/python3.10/site-packages/airflow/example_dags/tutorial.py
[2024-05-24T15:05:09.622+0000] {logging_mixin.py:188} INFO - [2024-05-24T15:05:09.622+0000] {dag.py:3096} INFO - Sync 1 DAGs
[2024-05-24T15:05:09.637+0000] {logging_mixin.py:188} INFO - [2024-05-24T15:05:09.637+0000] {dag.py:3954} INFO - Setting next_dagrun for tutorial to 2024-05-23 00:00:00+00:00, run_after=2024-05-24 00:00:00+00:00
[2024-05-24T15:05:09.674+0000] {processor.py:183} INFO - Processing /usr/local/python/3.10.13/lib/python3.10/site-packages/airflow/example_dags/tutorial.py took 0.076 seconds
[2024-05-24T15:05:54.241+0000] {processor.py:161} INFO - Started process (PID=70530) to work on /usr/local/python/3.10.13/lib/python3.10/site-packages/airflow/example_dags/tutorial.py
[2024-05-24T15:05:54.242+0000] {processor.py:830} INFO - Processing file /usr/local/python/3.10.13/lib/python3.10/site-packages/airflow/example_dags/tutorial.py for tasks to queue
[2024-05-24T15:05:54.243+0000] {logging_mixin.py:188} INFO - [2024-05-24T15:05:54.243+0000] {dagbag.py:545} INFO - Filling up the DagBag from /usr/local/python/3.10.13/lib/python3.10/site-packages/airflow/example_dags/tutorial.py
[2024-05-24T15:05:54.248+0000] {processor.py:840} INFO - DAG(s) 'tutorial' retrieved from /usr/local/python/3.10.13/lib/python3.10/site-packages/airflow/example_dags/tutorial.py
[2024-05-24T15:05:54.260+0000] {logging_mixin.py:188} INFO - [2024-05-24T15:05:54.259+0000] {dag.py:3096} INFO - Sync 1 DAGs
[2024-05-24T15:05:54.275+0000] {logging_mixin.py:188} INFO - [2024-05-24T15:05:54.275+0000] {dag.py:3954} INFO - Setting next_dagrun for tutorial to 2024-05-23 00:00:00+00:00, run_after=2024-05-24 00:00:00+00:00
[2024-05-24T15:05:54.312+0000] {processor.py:183} INFO - Processing /usr/local/python/3.10.13/lib/python3.10/site-packages/airflow/example_dags/tutorial.py took 0.077 seconds
[2024-05-24T15:06:38.007+0000] {processor.py:161} INFO - Started process (PID=70868) to work on /usr/local/python/3.10.13/lib/python3.10/site-packages/airflow/example_dags/tutorial.py
[2024-05-24T15:06:38.008+0000] {processor.py:830} INFO - Processing file /usr/local/python/3.10.13/lib/python3.10/site-packages/airflow/example_dags/tutorial.py for tasks to queue
[2024-05-24T15:06:38.010+0000] {logging_mixin.py:188} INFO - [2024-05-24T15:06:38.009+0000] {dagbag.py:545} INFO - Filling up the DagBag from /usr/local/python/3.10.13/lib/python3.10/site-packages/airflow/example_dags/tutorial.py
[2024-05-24T15:06:38.014+0000] {processor.py:840} INFO - DAG(s) 'tutorial' retrieved from /usr/local/python/3.10.13/lib/python3.10/site-packages/airflow/example_dags/tutorial.py
[2024-05-24T15:06:38.026+0000] {logging_mixin.py:188} INFO - [2024-05-24T15:06:38.026+0000] {dag.py:3096} INFO - Sync 1 DAGs
[2024-05-24T15:06:38.042+0000] {logging_mixin.py:188} INFO - [2024-05-24T15:06:38.041+0000] {dag.py:3954} INFO - Setting next_dagrun for tutorial to 2024-05-23 00:00:00+00:00, run_after=2024-05-24 00:00:00+00:00
[2024-05-24T15:06:38.080+0000] {processor.py:183} INFO - Processing /usr/local/python/3.10.13/lib/python3.10/site-packages/airflow/example_dags/tutorial.py took 0.077 seconds
[2024-05-24T15:07:19.942+0000] {processor.py:161} INFO - Started process (PID=71176) to work on /usr/local/python/3.10.13/lib/python3.10/site-packages/airflow/example_dags/tutorial.py
[2024-05-24T15:07:19.943+0000] {processor.py:830} INFO - Processing file /usr/local/python/3.10.13/lib/python3.10/site-packages/airflow/example_dags/tutorial.py for tasks to queue
[2024-05-24T15:07:19.944+0000] {logging_mixin.py:188} INFO - [2024-05-24T15:07:19.944+0000] {dagbag.py:545} INFO - Filling up the DagBag from /usr/local/python/3.10.13/lib/python3.10/site-packages/airflow/example_dags/tutorial.py
[2024-05-24T15:07:19.949+0000] {processor.py:840} INFO - DAG(s) 'tutorial' retrieved from /usr/local/python/3.10.13/lib/python3.10/site-packages/airflow/example_dags/tutorial.py
[2024-05-24T15:07:19.961+0000] {logging_mixin.py:188} INFO - [2024-05-24T15:07:19.961+0000] {dag.py:3096} INFO - Sync 1 DAGs
[2024-05-24T15:07:19.976+0000] {logging_mixin.py:188} INFO - [2024-05-24T15:07:19.976+0000] {dag.py:3954} INFO - Setting next_dagrun for tutorial to 2024-05-23 00:00:00+00:00, run_after=2024-05-24 00:00:00+00:00
[2024-05-24T15:07:20.015+0000] {processor.py:183} INFO - Processing /usr/local/python/3.10.13/lib/python3.10/site-packages/airflow/example_dags/tutorial.py took 0.078 seconds
[2024-05-24T15:08:04.323+0000] {processor.py:161} INFO - Started process (PID=71500) to work on /usr/local/python/3.10.13/lib/python3.10/site-packages/airflow/example_dags/tutorial.py
[2024-05-24T15:08:04.323+0000] {processor.py:830} INFO - Processing file /usr/local/python/3.10.13/lib/python3.10/site-packages/airflow/example_dags/tutorial.py for tasks to queue
[2024-05-24T15:08:04.325+0000] {logging_mixin.py:188} INFO - [2024-05-24T15:08:04.324+0000] {dagbag.py:545} INFO - Filling up the DagBag from /usr/local/python/3.10.13/lib/python3.10/site-packages/airflow/example_dags/tutorial.py
[2024-05-24T15:08:04.329+0000] {processor.py:840} INFO - DAG(s) 'tutorial' retrieved from /usr/local/python/3.10.13/lib/python3.10/site-packages/airflow/example_dags/tutorial.py
[2024-05-24T15:08:04.345+0000] {logging_mixin.py:188} INFO - [2024-05-24T15:08:04.345+0000] {dag.py:3096} INFO - Sync 1 DAGs
[2024-05-24T15:08:04.369+0000] {logging_mixin.py:188} INFO - [2024-05-24T15:08:04.369+0000] {dag.py:3954} INFO - Setting next_dagrun for tutorial to 2024-05-23 00:00:00+00:00, run_after=2024-05-24 00:00:00+00:00
[2024-05-24T15:08:04.421+0000] {processor.py:183} INFO - Processing /usr/local/python/3.10.13/lib/python3.10/site-packages/airflow/example_dags/tutorial.py took 0.103 seconds
[2024-05-24T15:08:46.709+0000] {processor.py:161} INFO - Started process (PID=71821) to work on /usr/local/python/3.10.13/lib/python3.10/site-packages/airflow/example_dags/tutorial.py
[2024-05-24T15:08:46.710+0000] {processor.py:830} INFO - Processing file /usr/local/python/3.10.13/lib/python3.10/site-packages/airflow/example_dags/tutorial.py for tasks to queue
[2024-05-24T15:08:46.711+0000] {logging_mixin.py:188} INFO - [2024-05-24T15:08:46.711+0000] {dagbag.py:545} INFO - Filling up the DagBag from /usr/local/python/3.10.13/lib/python3.10/site-packages/airflow/example_dags/tutorial.py
[2024-05-24T15:08:46.716+0000] {processor.py:840} INFO - DAG(s) 'tutorial' retrieved from /usr/local/python/3.10.13/lib/python3.10/site-packages/airflow/example_dags/tutorial.py
[2024-05-24T15:08:46.728+0000] {logging_mixin.py:188} INFO - [2024-05-24T15:08:46.728+0000] {dag.py:3096} INFO - Sync 1 DAGs
[2024-05-24T15:08:46.744+0000] {logging_mixin.py:188} INFO - [2024-05-24T15:08:46.743+0000] {dag.py:3954} INFO - Setting next_dagrun for tutorial to 2024-05-23 00:00:00+00:00, run_after=2024-05-24 00:00:00+00:00
[2024-05-24T15:08:46.780+0000] {processor.py:183} INFO - Processing /usr/local/python/3.10.13/lib/python3.10/site-packages/airflow/example_dags/tutorial.py took 0.076 seconds
[2024-05-24T15:09:24.913+0000] {processor.py:161} INFO - Started process (PID=72106) to work on /usr/local/python/3.10.13/lib/python3.10/site-packages/airflow/example_dags/tutorial.py
[2024-05-24T15:09:24.914+0000] {processor.py:830} INFO - Processing file /usr/local/python/3.10.13/lib/python3.10/site-packages/airflow/example_dags/tutorial.py for tasks to queue
[2024-05-24T15:09:24.915+0000] {logging_mixin.py:188} INFO - [2024-05-24T15:09:24.915+0000] {dagbag.py:545} INFO - Filling up the DagBag from /usr/local/python/3.10.13/lib/python3.10/site-packages/airflow/example_dags/tutorial.py
[2024-05-24T15:09:24.919+0000] {processor.py:840} INFO - DAG(s) 'tutorial' retrieved from /usr/local/python/3.10.13/lib/python3.10/site-packages/airflow/example_dags/tutorial.py
[2024-05-24T15:09:24.931+0000] {logging_mixin.py:188} INFO - [2024-05-24T15:09:24.931+0000] {dag.py:3096} INFO - Sync 1 DAGs
[2024-05-24T15:09:24.946+0000] {logging_mixin.py:188} INFO - [2024-05-24T15:09:24.946+0000] {dag.py:3954} INFO - Setting next_dagrun for tutorial to 2024-05-23 00:00:00+00:00, run_after=2024-05-24 00:00:00+00:00
[2024-05-24T15:09:24.982+0000] {processor.py:183} INFO - Processing /usr/local/python/3.10.13/lib/python3.10/site-packages/airflow/example_dags/tutorial.py took 0.074 seconds
[2024-05-24T15:10:06.344+0000] {processor.py:161} INFO - Started process (PID=72421) to work on /usr/local/python/3.10.13/lib/python3.10/site-packages/airflow/example_dags/tutorial.py
[2024-05-24T15:10:06.344+0000] {processor.py:830} INFO - Processing file /usr/local/python/3.10.13/lib/python3.10/site-packages/airflow/example_dags/tutorial.py for tasks to queue
[2024-05-24T15:10:06.346+0000] {logging_mixin.py:188} INFO - [2024-05-24T15:10:06.345+0000] {dagbag.py:545} INFO - Filling up the DagBag from /usr/local/python/3.10.13/lib/python3.10/site-packages/airflow/example_dags/tutorial.py
[2024-05-24T15:10:06.351+0000] {processor.py:840} INFO - DAG(s) 'tutorial' retrieved from /usr/local/python/3.10.13/lib/python3.10/site-packages/airflow/example_dags/tutorial.py
[2024-05-24T15:10:06.363+0000] {logging_mixin.py:188} INFO - [2024-05-24T15:10:06.363+0000] {dag.py:3096} INFO - Sync 1 DAGs
[2024-05-24T15:10:06.381+0000] {logging_mixin.py:188} INFO - [2024-05-24T15:10:06.380+0000] {dag.py:3954} INFO - Setting next_dagrun for tutorial to 2024-05-23 00:00:00+00:00, run_after=2024-05-24 00:00:00+00:00
[2024-05-24T15:10:06.418+0000] {processor.py:183} INFO - Processing /usr/local/python/3.10.13/lib/python3.10/site-packages/airflow/example_dags/tutorial.py took 0.080 seconds
[2024-05-24T15:10:46.677+0000] {processor.py:161} INFO - Started process (PID=72714) to work on /usr/local/python/3.10.13/lib/python3.10/site-packages/airflow/example_dags/tutorial.py
[2024-05-24T15:10:46.678+0000] {processor.py:830} INFO - Processing file /usr/local/python/3.10.13/lib/python3.10/site-packages/airflow/example_dags/tutorial.py for tasks to queue
[2024-05-24T15:10:46.679+0000] {logging_mixin.py:188} INFO - [2024-05-24T15:10:46.679+0000] {dagbag.py:545} INFO - Filling up the DagBag from /usr/local/python/3.10.13/lib/python3.10/site-packages/airflow/example_dags/tutorial.py
[2024-05-24T15:10:46.684+0000] {processor.py:840} INFO - DAG(s) 'tutorial' retrieved from /usr/local/python/3.10.13/lib/python3.10/site-packages/airflow/example_dags/tutorial.py
[2024-05-24T15:10:46.695+0000] {logging_mixin.py:188} INFO - [2024-05-24T15:10:46.695+0000] {dag.py:3096} INFO - Sync 1 DAGs
[2024-05-24T15:10:46.712+0000] {logging_mixin.py:188} INFO - [2024-05-24T15:10:46.712+0000] {dag.py:3954} INFO - Setting next_dagrun for tutorial to 2024-05-23 00:00:00+00:00, run_after=2024-05-24 00:00:00+00:00
[2024-05-24T15:10:46.751+0000] {processor.py:183} INFO - Processing /usr/local/python/3.10.13/lib/python3.10/site-packages/airflow/example_dags/tutorial.py took 0.078 seconds
[2024-05-24T15:11:28.384+0000] {processor.py:161} INFO - Started process (PID=73030) to work on /usr/local/python/3.10.13/lib/python3.10/site-packages/airflow/example_dags/tutorial.py
[2024-05-24T15:11:28.385+0000] {processor.py:830} INFO - Processing file /usr/local/python/3.10.13/lib/python3.10/site-packages/airflow/example_dags/tutorial.py for tasks to queue
[2024-05-24T15:11:28.386+0000] {logging_mixin.py:188} INFO - [2024-05-24T15:11:28.386+0000] {dagbag.py:545} INFO - Filling up the DagBag from /usr/local/python/3.10.13/lib/python3.10/site-packages/airflow/example_dags/tutorial.py
[2024-05-24T15:11:28.391+0000] {processor.py:840} INFO - DAG(s) 'tutorial' retrieved from /usr/local/python/3.10.13/lib/python3.10/site-packages/airflow/example_dags/tutorial.py
[2024-05-24T15:11:28.402+0000] {logging_mixin.py:188} INFO - [2024-05-24T15:11:28.402+0000] {dag.py:3096} INFO - Sync 1 DAGs
[2024-05-24T15:11:28.417+0000] {logging_mixin.py:188} INFO - [2024-05-24T15:11:28.417+0000] {dag.py:3954} INFO - Setting next_dagrun for tutorial to 2024-05-23 00:00:00+00:00, run_after=2024-05-24 00:00:00+00:00
[2024-05-24T15:11:28.458+0000] {processor.py:183} INFO - Processing /usr/local/python/3.10.13/lib/python3.10/site-packages/airflow/example_dags/tutorial.py took 0.078 seconds
[2024-05-24T15:12:10.356+0000] {processor.py:161} INFO - Started process (PID=73341) to work on /usr/local/python/3.10.13/lib/python3.10/site-packages/airflow/example_dags/tutorial.py
[2024-05-24T15:12:10.357+0000] {processor.py:830} INFO - Processing file /usr/local/python/3.10.13/lib/python3.10/site-packages/airflow/example_dags/tutorial.py for tasks to queue
[2024-05-24T15:12:10.358+0000] {logging_mixin.py:188} INFO - [2024-05-24T15:12:10.358+0000] {dagbag.py:545} INFO - Filling up the DagBag from /usr/local/python/3.10.13/lib/python3.10/site-packages/airflow/example_dags/tutorial.py
[2024-05-24T15:12:10.363+0000] {processor.py:840} INFO - DAG(s) 'tutorial' retrieved from /usr/local/python/3.10.13/lib/python3.10/site-packages/airflow/example_dags/tutorial.py
[2024-05-24T15:12:10.375+0000] {logging_mixin.py:188} INFO - [2024-05-24T15:12:10.375+0000] {dag.py:3096} INFO - Sync 1 DAGs
[2024-05-24T15:12:10.390+0000] {logging_mixin.py:188} INFO - [2024-05-24T15:12:10.390+0000] {dag.py:3954} INFO - Setting next_dagrun for tutorial to 2024-05-23 00:00:00+00:00, run_after=2024-05-24 00:00:00+00:00
[2024-05-24T15:12:10.432+0000] {processor.py:183} INFO - Processing /usr/local/python/3.10.13/lib/python3.10/site-packages/airflow/example_dags/tutorial.py took 0.082 seconds
[2024-05-24T15:12:51.107+0000] {processor.py:161} INFO - Started process (PID=73649) to work on /usr/local/python/3.10.13/lib/python3.10/site-packages/airflow/example_dags/tutorial.py
[2024-05-24T15:12:51.108+0000] {processor.py:830} INFO - Processing file /usr/local/python/3.10.13/lib/python3.10/site-packages/airflow/example_dags/tutorial.py for tasks to queue
[2024-05-24T15:12:51.109+0000] {logging_mixin.py:188} INFO - [2024-05-24T15:12:51.109+0000] {dagbag.py:545} INFO - Filling up the DagBag from /usr/local/python/3.10.13/lib/python3.10/site-packages/airflow/example_dags/tutorial.py
[2024-05-24T15:12:51.114+0000] {processor.py:840} INFO - DAG(s) 'tutorial' retrieved from /usr/local/python/3.10.13/lib/python3.10/site-packages/airflow/example_dags/tutorial.py
[2024-05-24T15:12:51.127+0000] {logging_mixin.py:188} INFO - [2024-05-24T15:12:51.127+0000] {dag.py:3096} INFO - Sync 1 DAGs
[2024-05-24T15:12:51.142+0000] {logging_mixin.py:188} INFO - [2024-05-24T15:12:51.141+0000] {dag.py:3954} INFO - Setting next_dagrun for tutorial to 2024-05-23 00:00:00+00:00, run_after=2024-05-24 00:00:00+00:00
[2024-05-24T15:12:51.182+0000] {processor.py:183} INFO - Processing /usr/local/python/3.10.13/lib/python3.10/site-packages/airflow/example_dags/tutorial.py took 0.079 seconds
[2024-05-24T15:13:48.687+0000] {processor.py:161} INFO - Started process (PID=74094) to work on /usr/local/python/3.10.13/lib/python3.10/site-packages/airflow/example_dags/tutorial.py
[2024-05-24T15:13:48.688+0000] {processor.py:830} INFO - Processing file /usr/local/python/3.10.13/lib/python3.10/site-packages/airflow/example_dags/tutorial.py for tasks to queue
[2024-05-24T15:13:48.689+0000] {logging_mixin.py:188} INFO - [2024-05-24T15:13:48.689+0000] {dagbag.py:545} INFO - Filling up the DagBag from /usr/local/python/3.10.13/lib/python3.10/site-packages/airflow/example_dags/tutorial.py
[2024-05-24T15:13:48.693+0000] {processor.py:840} INFO - DAG(s) 'tutorial' retrieved from /usr/local/python/3.10.13/lib/python3.10/site-packages/airflow/example_dags/tutorial.py
[2024-05-24T15:13:48.705+0000] {logging_mixin.py:188} INFO - [2024-05-24T15:13:48.705+0000] {dag.py:3096} INFO - Sync 1 DAGs
[2024-05-24T15:13:48.720+0000] {logging_mixin.py:188} INFO - [2024-05-24T15:13:48.720+0000] {dag.py:3954} INFO - Setting next_dagrun for tutorial to 2024-05-23 00:00:00+00:00, run_after=2024-05-24 00:00:00+00:00
[2024-05-24T15:13:48.760+0000] {processor.py:183} INFO - Processing /usr/local/python/3.10.13/lib/python3.10/site-packages/airflow/example_dags/tutorial.py took 0.078 seconds
[2024-05-24T15:14:28.947+0000] {processor.py:161} INFO - Started process (PID=74395) to work on /usr/local/python/3.10.13/lib/python3.10/site-packages/airflow/example_dags/tutorial.py
[2024-05-24T15:14:28.947+0000] {processor.py:830} INFO - Processing file /usr/local/python/3.10.13/lib/python3.10/site-packages/airflow/example_dags/tutorial.py for tasks to queue
[2024-05-24T15:14:28.949+0000] {logging_mixin.py:188} INFO - [2024-05-24T15:14:28.949+0000] {dagbag.py:545} INFO - Filling up the DagBag from /usr/local/python/3.10.13/lib/python3.10/site-packages/airflow/example_dags/tutorial.py
[2024-05-24T15:14:28.953+0000] {processor.py:840} INFO - DAG(s) 'tutorial' retrieved from /usr/local/python/3.10.13/lib/python3.10/site-packages/airflow/example_dags/tutorial.py
[2024-05-24T15:14:28.966+0000] {logging_mixin.py:188} INFO - [2024-05-24T15:14:28.966+0000] {dag.py:3096} INFO - Sync 1 DAGs
[2024-05-24T15:14:28.987+0000] {logging_mixin.py:188} INFO - [2024-05-24T15:14:28.986+0000] {dag.py:3954} INFO - Setting next_dagrun for tutorial to 2024-05-23 00:00:00+00:00, run_after=2024-05-24 00:00:00+00:00
[2024-05-24T15:14:29.027+0000] {processor.py:183} INFO - Processing /usr/local/python/3.10.13/lib/python3.10/site-packages/airflow/example_dags/tutorial.py took 0.085 seconds
[2024-05-24T15:15:10.136+0000] {processor.py:161} INFO - Started process (PID=74703) to work on /usr/local/python/3.10.13/lib/python3.10/site-packages/airflow/example_dags/tutorial.py
[2024-05-24T15:15:10.136+0000] {processor.py:830} INFO - Processing file /usr/local/python/3.10.13/lib/python3.10/site-packages/airflow/example_dags/tutorial.py for tasks to queue
[2024-05-24T15:15:10.138+0000] {logging_mixin.py:188} INFO - [2024-05-24T15:15:10.137+0000] {dagbag.py:545} INFO - Filling up the DagBag from /usr/local/python/3.10.13/lib/python3.10/site-packages/airflow/example_dags/tutorial.py
[2024-05-24T15:15:10.142+0000] {processor.py:840} INFO - DAG(s) 'tutorial' retrieved from /usr/local/python/3.10.13/lib/python3.10/site-packages/airflow/example_dags/tutorial.py
[2024-05-24T15:15:10.155+0000] {logging_mixin.py:188} INFO - [2024-05-24T15:15:10.154+0000] {dag.py:3096} INFO - Sync 1 DAGs
[2024-05-24T15:15:10.170+0000] {logging_mixin.py:188} INFO - [2024-05-24T15:15:10.170+0000] {dag.py:3954} INFO - Setting next_dagrun for tutorial to 2024-05-23 00:00:00+00:00, run_after=2024-05-24 00:00:00+00:00
[2024-05-24T15:15:10.208+0000] {processor.py:183} INFO - Processing /usr/local/python/3.10.13/lib/python3.10/site-packages/airflow/example_dags/tutorial.py took 0.077 seconds
[2024-05-24T15:15:49.884+0000] {processor.py:161} INFO - Started process (PID=75001) to work on /usr/local/python/3.10.13/lib/python3.10/site-packages/airflow/example_dags/tutorial.py
[2024-05-24T15:15:49.884+0000] {processor.py:830} INFO - Processing file /usr/local/python/3.10.13/lib/python3.10/site-packages/airflow/example_dags/tutorial.py for tasks to queue
[2024-05-24T15:15:49.886+0000] {logging_mixin.py:188} INFO - [2024-05-24T15:15:49.885+0000] {dagbag.py:545} INFO - Filling up the DagBag from /usr/local/python/3.10.13/lib/python3.10/site-packages/airflow/example_dags/tutorial.py
[2024-05-24T15:15:49.890+0000] {processor.py:840} INFO - DAG(s) 'tutorial' retrieved from /usr/local/python/3.10.13/lib/python3.10/site-packages/airflow/example_dags/tutorial.py
[2024-05-24T15:15:49.902+0000] {logging_mixin.py:188} INFO - [2024-05-24T15:15:49.902+0000] {dag.py:3096} INFO - Sync 1 DAGs
[2024-05-24T15:15:49.916+0000] {logging_mixin.py:188} INFO - [2024-05-24T15:15:49.916+0000] {dag.py:3954} INFO - Setting next_dagrun for tutorial to 2024-05-23 00:00:00+00:00, run_after=2024-05-24 00:00:00+00:00
[2024-05-24T15:15:49.963+0000] {processor.py:183} INFO - Processing /usr/local/python/3.10.13/lib/python3.10/site-packages/airflow/example_dags/tutorial.py took 0.084 seconds
[2024-05-24T15:16:29.099+0000] {processor.py:161} INFO - Started process (PID=75296) to work on /usr/local/python/3.10.13/lib/python3.10/site-packages/airflow/example_dags/tutorial.py
[2024-05-24T15:16:29.100+0000] {processor.py:830} INFO - Processing file /usr/local/python/3.10.13/lib/python3.10/site-packages/airflow/example_dags/tutorial.py for tasks to queue
[2024-05-24T15:16:29.102+0000] {logging_mixin.py:188} INFO - [2024-05-24T15:16:29.101+0000] {dagbag.py:545} INFO - Filling up the DagBag from /usr/local/python/3.10.13/lib/python3.10/site-packages/airflow/example_dags/tutorial.py
[2024-05-24T15:16:29.106+0000] {processor.py:840} INFO - DAG(s) 'tutorial' retrieved from /usr/local/python/3.10.13/lib/python3.10/site-packages/airflow/example_dags/tutorial.py
[2024-05-24T15:16:29.117+0000] {logging_mixin.py:188} INFO - [2024-05-24T15:16:29.117+0000] {dag.py:3096} INFO - Sync 1 DAGs
[2024-05-24T15:16:29.132+0000] {logging_mixin.py:188} INFO - [2024-05-24T15:16:29.132+0000] {dag.py:3954} INFO - Setting next_dagrun for tutorial to 2024-05-23 00:00:00+00:00, run_after=2024-05-24 00:00:00+00:00
[2024-05-24T15:16:29.176+0000] {processor.py:183} INFO - Processing /usr/local/python/3.10.13/lib/python3.10/site-packages/airflow/example_dags/tutorial.py took 0.081 seconds
[2024-05-24T15:17:09.856+0000] {processor.py:161} INFO - Started process (PID=75608) to work on /usr/local/python/3.10.13/lib/python3.10/site-packages/airflow/example_dags/tutorial.py
[2024-05-24T15:17:09.857+0000] {processor.py:830} INFO - Processing file /usr/local/python/3.10.13/lib/python3.10/site-packages/airflow/example_dags/tutorial.py for tasks to queue
[2024-05-24T15:17:09.858+0000] {logging_mixin.py:188} INFO - [2024-05-24T15:17:09.858+0000] {dagbag.py:545} INFO - Filling up the DagBag from /usr/local/python/3.10.13/lib/python3.10/site-packages/airflow/example_dags/tutorial.py
[2024-05-24T15:17:09.863+0000] {processor.py:840} INFO - DAG(s) 'tutorial' retrieved from /usr/local/python/3.10.13/lib/python3.10/site-packages/airflow/example_dags/tutorial.py
[2024-05-24T15:17:09.875+0000] {logging_mixin.py:188} INFO - [2024-05-24T15:17:09.875+0000] {dag.py:3096} INFO - Sync 1 DAGs
[2024-05-24T15:17:09.889+0000] {logging_mixin.py:188} INFO - [2024-05-24T15:17:09.889+0000] {dag.py:3954} INFO - Setting next_dagrun for tutorial to 2024-05-23 00:00:00+00:00, run_after=2024-05-24 00:00:00+00:00
[2024-05-24T15:17:09.929+0000] {processor.py:183} INFO - Processing /usr/local/python/3.10.13/lib/python3.10/site-packages/airflow/example_dags/tutorial.py took 0.078 seconds
[2024-05-24T15:17:48.978+0000] {processor.py:161} INFO - Started process (PID=75905) to work on /usr/local/python/3.10.13/lib/python3.10/site-packages/airflow/example_dags/tutorial.py
[2024-05-24T15:17:48.979+0000] {processor.py:830} INFO - Processing file /usr/local/python/3.10.13/lib/python3.10/site-packages/airflow/example_dags/tutorial.py for tasks to queue
[2024-05-24T15:17:48.980+0000] {logging_mixin.py:188} INFO - [2024-05-24T15:17:48.980+0000] {dagbag.py:545} INFO - Filling up the DagBag from /usr/local/python/3.10.13/lib/python3.10/site-packages/airflow/example_dags/tutorial.py
[2024-05-24T15:17:48.985+0000] {processor.py:840} INFO - DAG(s) 'tutorial' retrieved from /usr/local/python/3.10.13/lib/python3.10/site-packages/airflow/example_dags/tutorial.py
[2024-05-24T15:17:48.997+0000] {logging_mixin.py:188} INFO - [2024-05-24T15:17:48.996+0000] {dag.py:3096} INFO - Sync 1 DAGs
[2024-05-24T15:17:49.012+0000] {logging_mixin.py:188} INFO - [2024-05-24T15:17:49.012+0000] {dag.py:3954} INFO - Setting next_dagrun for tutorial to 2024-05-23 00:00:00+00:00, run_after=2024-05-24 00:00:00+00:00
[2024-05-24T15:17:49.062+0000] {processor.py:183} INFO - Processing /usr/local/python/3.10.13/lib/python3.10/site-packages/airflow/example_dags/tutorial.py took 0.089 seconds
[2024-05-24T15:18:47.132+0000] {processor.py:161} INFO - Started process (PID=76335) to work on /usr/local/python/3.10.13/lib/python3.10/site-packages/airflow/example_dags/tutorial.py
[2024-05-24T15:18:47.133+0000] {processor.py:830} INFO - Processing file /usr/local/python/3.10.13/lib/python3.10/site-packages/airflow/example_dags/tutorial.py for tasks to queue
[2024-05-24T15:18:47.134+0000] {logging_mixin.py:188} INFO - [2024-05-24T15:18:47.134+0000] {dagbag.py:545} INFO - Filling up the DagBag from /usr/local/python/3.10.13/lib/python3.10/site-packages/airflow/example_dags/tutorial.py
[2024-05-24T15:18:47.138+0000] {processor.py:840} INFO - DAG(s) 'tutorial' retrieved from /usr/local/python/3.10.13/lib/python3.10/site-packages/airflow/example_dags/tutorial.py
[2024-05-24T15:18:47.153+0000] {logging_mixin.py:188} INFO - [2024-05-24T15:18:47.153+0000] {dag.py:3096} INFO - Sync 1 DAGs
[2024-05-24T15:18:47.170+0000] {logging_mixin.py:188} INFO - [2024-05-24T15:18:47.170+0000] {dag.py:3954} INFO - Setting next_dagrun for tutorial to 2024-05-23 00:00:00+00:00, run_after=2024-05-24 00:00:00+00:00
[2024-05-24T15:18:47.208+0000] {processor.py:183} INFO - Processing /usr/local/python/3.10.13/lib/python3.10/site-packages/airflow/example_dags/tutorial.py took 0.080 seconds
[2024-05-24T15:19:30.291+0000] {processor.py:161} INFO - Started process (PID=76672) to work on /usr/local/python/3.10.13/lib/python3.10/site-packages/airflow/example_dags/tutorial.py
[2024-05-24T15:19:30.292+0000] {processor.py:830} INFO - Processing file /usr/local/python/3.10.13/lib/python3.10/site-packages/airflow/example_dags/tutorial.py for tasks to queue
[2024-05-24T15:19:30.293+0000] {logging_mixin.py:188} INFO - [2024-05-24T15:19:30.293+0000] {dagbag.py:545} INFO - Filling up the DagBag from /usr/local/python/3.10.13/lib/python3.10/site-packages/airflow/example_dags/tutorial.py
[2024-05-24T15:19:30.298+0000] {processor.py:840} INFO - DAG(s) 'tutorial' retrieved from /usr/local/python/3.10.13/lib/python3.10/site-packages/airflow/example_dags/tutorial.py
[2024-05-24T15:19:30.310+0000] {logging_mixin.py:188} INFO - [2024-05-24T15:19:30.310+0000] {dag.py:3096} INFO - Sync 1 DAGs
[2024-05-24T15:19:30.326+0000] {logging_mixin.py:188} INFO - [2024-05-24T15:19:30.326+0000] {dag.py:3954} INFO - Setting next_dagrun for tutorial to 2024-05-23 00:00:00+00:00, run_after=2024-05-24 00:00:00+00:00
[2024-05-24T15:19:30.367+0000] {processor.py:183} INFO - Processing /usr/local/python/3.10.13/lib/python3.10/site-packages/airflow/example_dags/tutorial.py took 0.081 seconds
[2024-05-24T15:20:11.993+0000] {processor.py:161} INFO - Started process (PID=76981) to work on /usr/local/python/3.10.13/lib/python3.10/site-packages/airflow/example_dags/tutorial.py
[2024-05-24T15:20:11.994+0000] {processor.py:830} INFO - Processing file /usr/local/python/3.10.13/lib/python3.10/site-packages/airflow/example_dags/tutorial.py for tasks to queue
[2024-05-24T15:20:11.995+0000] {logging_mixin.py:188} INFO - [2024-05-24T15:20:11.995+0000] {dagbag.py:545} INFO - Filling up the DagBag from /usr/local/python/3.10.13/lib/python3.10/site-packages/airflow/example_dags/tutorial.py
[2024-05-24T15:20:12.000+0000] {processor.py:840} INFO - DAG(s) 'tutorial' retrieved from /usr/local/python/3.10.13/lib/python3.10/site-packages/airflow/example_dags/tutorial.py
[2024-05-24T15:20:12.011+0000] {logging_mixin.py:188} INFO - [2024-05-24T15:20:12.011+0000] {dag.py:3096} INFO - Sync 1 DAGs
[2024-05-24T15:20:12.027+0000] {logging_mixin.py:188} INFO - [2024-05-24T15:20:12.027+0000] {dag.py:3954} INFO - Setting next_dagrun for tutorial to 2024-05-23 00:00:00+00:00, run_after=2024-05-24 00:00:00+00:00
[2024-05-24T15:20:12.067+0000] {processor.py:183} INFO - Processing /usr/local/python/3.10.13/lib/python3.10/site-packages/airflow/example_dags/tutorial.py took 0.079 seconds
[2024-05-24T15:20:54.076+0000] {processor.py:161} INFO - Started process (PID=77290) to work on /usr/local/python/3.10.13/lib/python3.10/site-packages/airflow/example_dags/tutorial.py
[2024-05-24T15:20:54.077+0000] {processor.py:830} INFO - Processing file /usr/local/python/3.10.13/lib/python3.10/site-packages/airflow/example_dags/tutorial.py for tasks to queue
[2024-05-24T15:20:54.078+0000] {logging_mixin.py:188} INFO - [2024-05-24T15:20:54.078+0000] {dagbag.py:545} INFO - Filling up the DagBag from /usr/local/python/3.10.13/lib/python3.10/site-packages/airflow/example_dags/tutorial.py
[2024-05-24T15:20:54.083+0000] {processor.py:840} INFO - DAG(s) 'tutorial' retrieved from /usr/local/python/3.10.13/lib/python3.10/site-packages/airflow/example_dags/tutorial.py
[2024-05-24T15:20:54.095+0000] {logging_mixin.py:188} INFO - [2024-05-24T15:20:54.095+0000] {dag.py:3096} INFO - Sync 1 DAGs
[2024-05-24T15:20:54.110+0000] {logging_mixin.py:188} INFO - [2024-05-24T15:20:54.109+0000] {dag.py:3954} INFO - Setting next_dagrun for tutorial to 2024-05-23 00:00:00+00:00, run_after=2024-05-24 00:00:00+00:00
[2024-05-24T15:20:54.150+0000] {processor.py:183} INFO - Processing /usr/local/python/3.10.13/lib/python3.10/site-packages/airflow/example_dags/tutorial.py took 0.079 seconds
[2024-05-24T15:21:35.281+0000] {processor.py:161} INFO - Started process (PID=77599) to work on /usr/local/python/3.10.13/lib/python3.10/site-packages/airflow/example_dags/tutorial.py
[2024-05-24T15:21:35.281+0000] {processor.py:830} INFO - Processing file /usr/local/python/3.10.13/lib/python3.10/site-packages/airflow/example_dags/tutorial.py for tasks to queue
[2024-05-24T15:21:35.283+0000] {logging_mixin.py:188} INFO - [2024-05-24T15:21:35.282+0000] {dagbag.py:545} INFO - Filling up the DagBag from /usr/local/python/3.10.13/lib/python3.10/site-packages/airflow/example_dags/tutorial.py
[2024-05-24T15:21:35.287+0000] {processor.py:840} INFO - DAG(s) 'tutorial' retrieved from /usr/local/python/3.10.13/lib/python3.10/site-packages/airflow/example_dags/tutorial.py
[2024-05-24T15:21:35.298+0000] {logging_mixin.py:188} INFO - [2024-05-24T15:21:35.298+0000] {dag.py:3096} INFO - Sync 1 DAGs
[2024-05-24T15:21:35.313+0000] {logging_mixin.py:188} INFO - [2024-05-24T15:21:35.313+0000] {dag.py:3954} INFO - Setting next_dagrun for tutorial to 2024-05-23 00:00:00+00:00, run_after=2024-05-24 00:00:00+00:00
[2024-05-24T15:21:35.352+0000] {processor.py:183} INFO - Processing /usr/local/python/3.10.13/lib/python3.10/site-packages/airflow/example_dags/tutorial.py took 0.076 seconds
[2024-05-24T15:22:18.190+0000] {processor.py:161} INFO - Started process (PID=77916) to work on /usr/local/python/3.10.13/lib/python3.10/site-packages/airflow/example_dags/tutorial.py
[2024-05-24T15:22:18.191+0000] {processor.py:830} INFO - Processing file /usr/local/python/3.10.13/lib/python3.10/site-packages/airflow/example_dags/tutorial.py for tasks to queue
[2024-05-24T15:22:18.192+0000] {logging_mixin.py:188} INFO - [2024-05-24T15:22:18.192+0000] {dagbag.py:545} INFO - Filling up the DagBag from /usr/local/python/3.10.13/lib/python3.10/site-packages/airflow/example_dags/tutorial.py
[2024-05-24T15:22:18.197+0000] {processor.py:840} INFO - DAG(s) 'tutorial' retrieved from /usr/local/python/3.10.13/lib/python3.10/site-packages/airflow/example_dags/tutorial.py
[2024-05-24T15:22:18.208+0000] {logging_mixin.py:188} INFO - [2024-05-24T15:22:18.208+0000] {dag.py:3096} INFO - Sync 1 DAGs
[2024-05-24T15:22:18.223+0000] {logging_mixin.py:188} INFO - [2024-05-24T15:22:18.222+0000] {dag.py:3954} INFO - Setting next_dagrun for tutorial to 2024-05-23 00:00:00+00:00, run_after=2024-05-24 00:00:00+00:00
[2024-05-24T15:22:18.262+0000] {processor.py:183} INFO - Processing /usr/local/python/3.10.13/lib/python3.10/site-packages/airflow/example_dags/tutorial.py took 0.076 seconds
[2024-05-24T15:23:00.977+0000] {processor.py:161} INFO - Started process (PID=78241) to work on /usr/local/python/3.10.13/lib/python3.10/site-packages/airflow/example_dags/tutorial.py
[2024-05-24T15:23:00.977+0000] {processor.py:830} INFO - Processing file /usr/local/python/3.10.13/lib/python3.10/site-packages/airflow/example_dags/tutorial.py for tasks to queue
[2024-05-24T15:23:00.979+0000] {logging_mixin.py:188} INFO - [2024-05-24T15:23:00.978+0000] {dagbag.py:545} INFO - Filling up the DagBag from /usr/local/python/3.10.13/lib/python3.10/site-packages/airflow/example_dags/tutorial.py
[2024-05-24T15:23:00.983+0000] {processor.py:840} INFO - DAG(s) 'tutorial' retrieved from /usr/local/python/3.10.13/lib/python3.10/site-packages/airflow/example_dags/tutorial.py
[2024-05-24T15:23:00.995+0000] {logging_mixin.py:188} INFO - [2024-05-24T15:23:00.995+0000] {dag.py:3096} INFO - Sync 1 DAGs
[2024-05-24T15:23:01.009+0000] {logging_mixin.py:188} INFO - [2024-05-24T15:23:01.009+0000] {dag.py:3954} INFO - Setting next_dagrun for tutorial to 2024-05-23 00:00:00+00:00, run_after=2024-05-24 00:00:00+00:00
[2024-05-24T15:23:01.050+0000] {processor.py:183} INFO - Processing /usr/local/python/3.10.13/lib/python3.10/site-packages/airflow/example_dags/tutorial.py took 0.078 seconds
[2024-05-24T15:23:43.320+0000] {processor.py:161} INFO - Started process (PID=78555) to work on /usr/local/python/3.10.13/lib/python3.10/site-packages/airflow/example_dags/tutorial.py
[2024-05-24T15:23:43.321+0000] {processor.py:830} INFO - Processing file /usr/local/python/3.10.13/lib/python3.10/site-packages/airflow/example_dags/tutorial.py for tasks to queue
[2024-05-24T15:23:43.324+0000] {logging_mixin.py:188} INFO - [2024-05-24T15:23:43.324+0000] {dagbag.py:545} INFO - Filling up the DagBag from /usr/local/python/3.10.13/lib/python3.10/site-packages/airflow/example_dags/tutorial.py
[2024-05-24T15:23:43.331+0000] {processor.py:840} INFO - DAG(s) 'tutorial' retrieved from /usr/local/python/3.10.13/lib/python3.10/site-packages/airflow/example_dags/tutorial.py
[2024-05-24T15:23:43.347+0000] {logging_mixin.py:188} INFO - [2024-05-24T15:23:43.347+0000] {dag.py:3096} INFO - Sync 1 DAGs
[2024-05-24T15:23:43.369+0000] {logging_mixin.py:188} INFO - [2024-05-24T15:23:43.369+0000] {dag.py:3954} INFO - Setting next_dagrun for tutorial to 2024-05-23 00:00:00+00:00, run_after=2024-05-24 00:00:00+00:00
[2024-05-24T15:23:43.418+0000] {processor.py:183} INFO - Processing /usr/local/python/3.10.13/lib/python3.10/site-packages/airflow/example_dags/tutorial.py took 0.106 seconds
[2024-05-24T15:24:27.389+0000] {processor.py:161} INFO - Started process (PID=78896) to work on /usr/local/python/3.10.13/lib/python3.10/site-packages/airflow/example_dags/tutorial.py
[2024-05-24T15:24:27.390+0000] {processor.py:830} INFO - Processing file /usr/local/python/3.10.13/lib/python3.10/site-packages/airflow/example_dags/tutorial.py for tasks to queue
[2024-05-24T15:24:27.392+0000] {logging_mixin.py:188} INFO - [2024-05-24T15:24:27.391+0000] {dagbag.py:545} INFO - Filling up the DagBag from /usr/local/python/3.10.13/lib/python3.10/site-packages/airflow/example_dags/tutorial.py
[2024-05-24T15:24:27.398+0000] {processor.py:840} INFO - DAG(s) 'tutorial' retrieved from /usr/local/python/3.10.13/lib/python3.10/site-packages/airflow/example_dags/tutorial.py
[2024-05-24T15:24:27.421+0000] {logging_mixin.py:188} INFO - [2024-05-24T15:24:27.421+0000] {dag.py:3096} INFO - Sync 1 DAGs
[2024-05-24T15:24:27.444+0000] {logging_mixin.py:188} INFO - [2024-05-24T15:24:27.444+0000] {dag.py:3954} INFO - Setting next_dagrun for tutorial to 2024-05-23 00:00:00+00:00, run_after=2024-05-24 00:00:00+00:00
[2024-05-24T15:24:27.495+0000] {processor.py:183} INFO - Processing /usr/local/python/3.10.13/lib/python3.10/site-packages/airflow/example_dags/tutorial.py took 0.111 seconds
[2024-05-24T15:25:12.611+0000] {processor.py:161} INFO - Started process (PID=79224) to work on /usr/local/python/3.10.13/lib/python3.10/site-packages/airflow/example_dags/tutorial.py
[2024-05-24T15:25:12.612+0000] {processor.py:830} INFO - Processing file /usr/local/python/3.10.13/lib/python3.10/site-packages/airflow/example_dags/tutorial.py for tasks to queue
[2024-05-24T15:25:12.613+0000] {logging_mixin.py:188} INFO - [2024-05-24T15:25:12.613+0000] {dagbag.py:545} INFO - Filling up the DagBag from /usr/local/python/3.10.13/lib/python3.10/site-packages/airflow/example_dags/tutorial.py
[2024-05-24T15:25:12.618+0000] {processor.py:840} INFO - DAG(s) 'tutorial' retrieved from /usr/local/python/3.10.13/lib/python3.10/site-packages/airflow/example_dags/tutorial.py
[2024-05-24T15:25:12.629+0000] {logging_mixin.py:188} INFO - [2024-05-24T15:25:12.629+0000] {dag.py:3096} INFO - Sync 1 DAGs
[2024-05-24T15:25:12.643+0000] {logging_mixin.py:188} INFO - [2024-05-24T15:25:12.643+0000] {dag.py:3954} INFO - Setting next_dagrun for tutorial to 2024-05-23 00:00:00+00:00, run_after=2024-05-24 00:00:00+00:00
[2024-05-24T15:25:12.685+0000] {processor.py:183} INFO - Processing /usr/local/python/3.10.13/lib/python3.10/site-packages/airflow/example_dags/tutorial.py took 0.078 seconds
[2024-05-24T15:25:52.808+0000] {processor.py:161} INFO - Started process (PID=79527) to work on /usr/local/python/3.10.13/lib/python3.10/site-packages/airflow/example_dags/tutorial.py
[2024-05-24T15:25:52.809+0000] {processor.py:830} INFO - Processing file /usr/local/python/3.10.13/lib/python3.10/site-packages/airflow/example_dags/tutorial.py for tasks to queue
[2024-05-24T15:25:52.810+0000] {logging_mixin.py:188} INFO - [2024-05-24T15:25:52.810+0000] {dagbag.py:545} INFO - Filling up the DagBag from /usr/local/python/3.10.13/lib/python3.10/site-packages/airflow/example_dags/tutorial.py
[2024-05-24T15:25:52.814+0000] {processor.py:840} INFO - DAG(s) 'tutorial' retrieved from /usr/local/python/3.10.13/lib/python3.10/site-packages/airflow/example_dags/tutorial.py
[2024-05-24T15:25:52.827+0000] {logging_mixin.py:188} INFO - [2024-05-24T15:25:52.827+0000] {dag.py:3096} INFO - Sync 1 DAGs
[2024-05-24T15:25:52.842+0000] {logging_mixin.py:188} INFO - [2024-05-24T15:25:52.842+0000] {dag.py:3954} INFO - Setting next_dagrun for tutorial to 2024-05-23 00:00:00+00:00, run_after=2024-05-24 00:00:00+00:00
[2024-05-24T15:25:52.883+0000] {processor.py:183} INFO - Processing /usr/local/python/3.10.13/lib/python3.10/site-packages/airflow/example_dags/tutorial.py took 0.082 seconds
[2024-05-24T15:26:49.538+0000] {processor.py:161} INFO - Started process (PID=79961) to work on /usr/local/python/3.10.13/lib/python3.10/site-packages/airflow/example_dags/tutorial.py
[2024-05-24T15:26:49.539+0000] {processor.py:830} INFO - Processing file /usr/local/python/3.10.13/lib/python3.10/site-packages/airflow/example_dags/tutorial.py for tasks to queue
[2024-05-24T15:26:49.540+0000] {logging_mixin.py:188} INFO - [2024-05-24T15:26:49.540+0000] {dagbag.py:545} INFO - Filling up the DagBag from /usr/local/python/3.10.13/lib/python3.10/site-packages/airflow/example_dags/tutorial.py
[2024-05-24T15:26:49.544+0000] {processor.py:840} INFO - DAG(s) 'tutorial' retrieved from /usr/local/python/3.10.13/lib/python3.10/site-packages/airflow/example_dags/tutorial.py
[2024-05-24T15:26:49.555+0000] {logging_mixin.py:188} INFO - [2024-05-24T15:26:49.555+0000] {dag.py:3096} INFO - Sync 1 DAGs
[2024-05-24T15:26:49.570+0000] {logging_mixin.py:188} INFO - [2024-05-24T15:26:49.570+0000] {dag.py:3954} INFO - Setting next_dagrun for tutorial to 2024-05-23 00:00:00+00:00, run_after=2024-05-24 00:00:00+00:00
[2024-05-24T15:26:49.608+0000] {processor.py:183} INFO - Processing /usr/local/python/3.10.13/lib/python3.10/site-packages/airflow/example_dags/tutorial.py took 0.074 seconds
[2024-05-24T15:27:28.895+0000] {processor.py:161} INFO - Started process (PID=80257) to work on /usr/local/python/3.10.13/lib/python3.10/site-packages/airflow/example_dags/tutorial.py
[2024-05-24T15:27:28.896+0000] {processor.py:830} INFO - Processing file /usr/local/python/3.10.13/lib/python3.10/site-packages/airflow/example_dags/tutorial.py for tasks to queue
[2024-05-24T15:27:28.898+0000] {logging_mixin.py:188} INFO - [2024-05-24T15:27:28.897+0000] {dagbag.py:545} INFO - Filling up the DagBag from /usr/local/python/3.10.13/lib/python3.10/site-packages/airflow/example_dags/tutorial.py
[2024-05-24T15:27:28.902+0000] {processor.py:840} INFO - DAG(s) 'tutorial' retrieved from /usr/local/python/3.10.13/lib/python3.10/site-packages/airflow/example_dags/tutorial.py
[2024-05-24T15:27:28.914+0000] {logging_mixin.py:188} INFO - [2024-05-24T15:27:28.914+0000] {dag.py:3096} INFO - Sync 1 DAGs
[2024-05-24T15:27:28.930+0000] {logging_mixin.py:188} INFO - [2024-05-24T15:27:28.930+0000] {dag.py:3954} INFO - Setting next_dagrun for tutorial to 2024-05-23 00:00:00+00:00, run_after=2024-05-24 00:00:00+00:00
[2024-05-24T15:27:28.970+0000] {processor.py:183} INFO - Processing /usr/local/python/3.10.13/lib/python3.10/site-packages/airflow/example_dags/tutorial.py took 0.079 seconds
[2024-05-24T15:28:10.569+0000] {processor.py:161} INFO - Started process (PID=80568) to work on /usr/local/python/3.10.13/lib/python3.10/site-packages/airflow/example_dags/tutorial.py
[2024-05-24T15:28:10.570+0000] {processor.py:830} INFO - Processing file /usr/local/python/3.10.13/lib/python3.10/site-packages/airflow/example_dags/tutorial.py for tasks to queue
[2024-05-24T15:28:10.571+0000] {logging_mixin.py:188} INFO - [2024-05-24T15:28:10.571+0000] {dagbag.py:545} INFO - Filling up the DagBag from /usr/local/python/3.10.13/lib/python3.10/site-packages/airflow/example_dags/tutorial.py
[2024-05-24T15:28:10.575+0000] {processor.py:840} INFO - DAG(s) 'tutorial' retrieved from /usr/local/python/3.10.13/lib/python3.10/site-packages/airflow/example_dags/tutorial.py
[2024-05-24T15:28:10.587+0000] {logging_mixin.py:188} INFO - [2024-05-24T15:28:10.587+0000] {dag.py:3096} INFO - Sync 1 DAGs
[2024-05-24T15:28:10.601+0000] {logging_mixin.py:188} INFO - [2024-05-24T15:28:10.601+0000] {dag.py:3954} INFO - Setting next_dagrun for tutorial to 2024-05-23 00:00:00+00:00, run_after=2024-05-24 00:00:00+00:00
[2024-05-24T15:28:10.639+0000] {processor.py:183} INFO - Processing /usr/local/python/3.10.13/lib/python3.10/site-packages/airflow/example_dags/tutorial.py took 0.075 seconds
[2024-05-24T15:28:53.396+0000] {processor.py:161} INFO - Started process (PID=80888) to work on /usr/local/python/3.10.13/lib/python3.10/site-packages/airflow/example_dags/tutorial.py
[2024-05-24T15:28:53.397+0000] {processor.py:830} INFO - Processing file /usr/local/python/3.10.13/lib/python3.10/site-packages/airflow/example_dags/tutorial.py for tasks to queue
[2024-05-24T15:28:53.398+0000] {logging_mixin.py:188} INFO - [2024-05-24T15:28:53.398+0000] {dagbag.py:545} INFO - Filling up the DagBag from /usr/local/python/3.10.13/lib/python3.10/site-packages/airflow/example_dags/tutorial.py
[2024-05-24T15:28:53.403+0000] {processor.py:840} INFO - DAG(s) 'tutorial' retrieved from /usr/local/python/3.10.13/lib/python3.10/site-packages/airflow/example_dags/tutorial.py
[2024-05-24T15:28:53.414+0000] {logging_mixin.py:188} INFO - [2024-05-24T15:28:53.414+0000] {dag.py:3096} INFO - Sync 1 DAGs
[2024-05-24T15:28:53.429+0000] {logging_mixin.py:188} INFO - [2024-05-24T15:28:53.429+0000] {dag.py:3954} INFO - Setting next_dagrun for tutorial to 2024-05-23 00:00:00+00:00, run_after=2024-05-24 00:00:00+00:00
[2024-05-24T15:28:53.472+0000] {processor.py:183} INFO - Processing /usr/local/python/3.10.13/lib/python3.10/site-packages/airflow/example_dags/tutorial.py took 0.082 seconds
