[2024-05-24T14:42:36.945+0000] {processor.py:161} INFO - Started process (PID=58299) to work on /usr/local/python/3.10.13/lib/python3.10/site-packages/airflow/example_dags/tutorial_taskflow_api_virtualenv.py
[2024-05-24T14:42:36.946+0000] {processor.py:830} INFO - Processing file /usr/local/python/3.10.13/lib/python3.10/site-packages/airflow/example_dags/tutorial_taskflow_api_virtualenv.py for tasks to queue
[2024-05-24T14:42:36.947+0000] {logging_mixin.py:188} INFO - [2024-05-24T14:42:36.947+0000] {dagbag.py:545} INFO - Filling up the DagBag from /usr/local/python/3.10.13/lib/python3.10/site-packages/airflow/example_dags/tutorial_taskflow_api_virtualenv.py
[2024-05-24T14:42:36.955+0000] {processor.py:840} INFO - DAG(s) 'tutorial_taskflow_api_virtualenv' retrieved from /usr/local/python/3.10.13/lib/python3.10/site-packages/airflow/example_dags/tutorial_taskflow_api_virtualenv.py
[2024-05-24T14:42:37.161+0000] {logging_mixin.py:188} INFO - [2024-05-24T14:42:37.160+0000] {override.py:1829} INFO - Created Permission View: can read on DAG:tutorial_taskflow_api_virtualenv
[2024-05-24T14:42:37.192+0000] {logging_mixin.py:188} INFO - [2024-05-24T14:42:37.191+0000] {override.py:1829} INFO - Created Permission View: can edit on DAG:tutorial_taskflow_api_virtualenv
[2024-05-24T14:42:37.222+0000] {logging_mixin.py:188} INFO - [2024-05-24T14:42:37.222+0000] {override.py:1829} INFO - Created Permission View: can delete on DAG:tutorial_taskflow_api_virtualenv
[2024-05-24T14:42:37.223+0000] {logging_mixin.py:188} INFO - [2024-05-24T14:42:37.223+0000] {dag.py:3096} INFO - Sync 1 DAGs
[2024-05-24T14:42:37.233+0000] {logging_mixin.py:188} INFO - [2024-05-24T14:42:37.232+0000] {dag.py:3118} INFO - Creating ORM DAG for tutorial_taskflow_api_virtualenv
[2024-05-24T14:42:37.233+0000] {logging_mixin.py:188} INFO - [2024-05-24T14:42:37.233+0000] {dag.py:3954} INFO - Setting next_dagrun for tutorial_taskflow_api_virtualenv to None, run_after=None
[2024-05-24T14:42:37.275+0000] {processor.py:183} INFO - Processing /usr/local/python/3.10.13/lib/python3.10/site-packages/airflow/example_dags/tutorial_taskflow_api_virtualenv.py took 0.334 seconds
[2024-05-24T14:43:39.588+0000] {processor.py:161} INFO - Started process (PID=58732) to work on /usr/local/python/3.10.13/lib/python3.10/site-packages/airflow/example_dags/tutorial_taskflow_api_virtualenv.py
[2024-05-24T14:43:39.589+0000] {processor.py:830} INFO - Processing file /usr/local/python/3.10.13/lib/python3.10/site-packages/airflow/example_dags/tutorial_taskflow_api_virtualenv.py for tasks to queue
[2024-05-24T14:43:39.591+0000] {logging_mixin.py:188} INFO - [2024-05-24T14:43:39.590+0000] {dagbag.py:545} INFO - Filling up the DagBag from /usr/local/python/3.10.13/lib/python3.10/site-packages/airflow/example_dags/tutorial_taskflow_api_virtualenv.py
[2024-05-24T14:43:39.599+0000] {processor.py:840} INFO - DAG(s) 'tutorial_taskflow_api_virtualenv' retrieved from /usr/local/python/3.10.13/lib/python3.10/site-packages/airflow/example_dags/tutorial_taskflow_api_virtualenv.py
[2024-05-24T14:43:39.610+0000] {logging_mixin.py:188} INFO - [2024-05-24T14:43:39.610+0000] {dag.py:3096} INFO - Sync 1 DAGs
[2024-05-24T14:43:39.619+0000] {logging_mixin.py:188} INFO - [2024-05-24T14:43:39.619+0000] {dag.py:3954} INFO - Setting next_dagrun for tutorial_taskflow_api_virtualenv to None, run_after=None
[2024-05-24T14:43:39.657+0000] {processor.py:183} INFO - Processing /usr/local/python/3.10.13/lib/python3.10/site-packages/airflow/example_dags/tutorial_taskflow_api_virtualenv.py took 0.074 seconds
[2024-05-24T14:44:29.903+0000] {processor.py:161} INFO - Started process (PID=59225) to work on /usr/local/python/3.10.13/lib/python3.10/site-packages/airflow/example_dags/tutorial_taskflow_api_virtualenv.py
[2024-05-24T14:44:29.904+0000] {processor.py:830} INFO - Processing file /usr/local/python/3.10.13/lib/python3.10/site-packages/airflow/example_dags/tutorial_taskflow_api_virtualenv.py for tasks to queue
[2024-05-24T14:44:29.905+0000] {logging_mixin.py:188} INFO - [2024-05-24T14:44:29.905+0000] {dagbag.py:545} INFO - Filling up the DagBag from /usr/local/python/3.10.13/lib/python3.10/site-packages/airflow/example_dags/tutorial_taskflow_api_virtualenv.py
[2024-05-24T14:44:29.913+0000] {processor.py:840} INFO - DAG(s) 'tutorial_taskflow_api_virtualenv' retrieved from /usr/local/python/3.10.13/lib/python3.10/site-packages/airflow/example_dags/tutorial_taskflow_api_virtualenv.py
[2024-05-24T14:44:29.925+0000] {logging_mixin.py:188} INFO - [2024-05-24T14:44:29.925+0000] {dag.py:3096} INFO - Sync 1 DAGs
[2024-05-24T14:44:29.934+0000] {logging_mixin.py:188} INFO - [2024-05-24T14:44:29.934+0000] {dag.py:3954} INFO - Setting next_dagrun for tutorial_taskflow_api_virtualenv to None, run_after=None
[2024-05-24T14:44:29.974+0000] {processor.py:183} INFO - Processing /usr/local/python/3.10.13/lib/python3.10/site-packages/airflow/example_dags/tutorial_taskflow_api_virtualenv.py took 0.075 seconds
[2024-05-24T14:45:15.219+0000] {processor.py:161} INFO - Started process (PID=59717) to work on /usr/local/python/3.10.13/lib/python3.10/site-packages/airflow/example_dags/tutorial_taskflow_api_virtualenv.py
[2024-05-24T14:45:15.220+0000] {processor.py:830} INFO - Processing file /usr/local/python/3.10.13/lib/python3.10/site-packages/airflow/example_dags/tutorial_taskflow_api_virtualenv.py for tasks to queue
[2024-05-24T14:45:15.221+0000] {logging_mixin.py:188} INFO - [2024-05-24T14:45:15.221+0000] {dagbag.py:545} INFO - Filling up the DagBag from /usr/local/python/3.10.13/lib/python3.10/site-packages/airflow/example_dags/tutorial_taskflow_api_virtualenv.py
[2024-05-24T14:45:15.230+0000] {processor.py:840} INFO - DAG(s) 'tutorial_taskflow_api_virtualenv' retrieved from /usr/local/python/3.10.13/lib/python3.10/site-packages/airflow/example_dags/tutorial_taskflow_api_virtualenv.py
[2024-05-24T14:45:15.242+0000] {logging_mixin.py:188} INFO - [2024-05-24T14:45:15.242+0000] {dag.py:3096} INFO - Sync 1 DAGs
[2024-05-24T14:45:15.251+0000] {logging_mixin.py:188} INFO - [2024-05-24T14:45:15.251+0000] {dag.py:3954} INFO - Setting next_dagrun for tutorial_taskflow_api_virtualenv to None, run_after=None
[2024-05-24T14:45:15.289+0000] {processor.py:183} INFO - Processing /usr/local/python/3.10.13/lib/python3.10/site-packages/airflow/example_dags/tutorial_taskflow_api_virtualenv.py took 0.075 seconds
[2024-05-24T14:46:00.080+0000] {processor.py:161} INFO - Started process (PID=60160) to work on /usr/local/python/3.10.13/lib/python3.10/site-packages/airflow/example_dags/tutorial_taskflow_api_virtualenv.py
[2024-05-24T14:46:00.081+0000] {processor.py:830} INFO - Processing file /usr/local/python/3.10.13/lib/python3.10/site-packages/airflow/example_dags/tutorial_taskflow_api_virtualenv.py for tasks to queue
[2024-05-24T14:46:00.082+0000] {logging_mixin.py:188} INFO - [2024-05-24T14:46:00.082+0000] {dagbag.py:545} INFO - Filling up the DagBag from /usr/local/python/3.10.13/lib/python3.10/site-packages/airflow/example_dags/tutorial_taskflow_api_virtualenv.py
[2024-05-24T14:46:00.090+0000] {processor.py:840} INFO - DAG(s) 'tutorial_taskflow_api_virtualenv' retrieved from /usr/local/python/3.10.13/lib/python3.10/site-packages/airflow/example_dags/tutorial_taskflow_api_virtualenv.py
[2024-05-24T14:46:00.102+0000] {logging_mixin.py:188} INFO - [2024-05-24T14:46:00.102+0000] {dag.py:3096} INFO - Sync 1 DAGs
[2024-05-24T14:46:00.111+0000] {logging_mixin.py:188} INFO - [2024-05-24T14:46:00.111+0000] {dag.py:3954} INFO - Setting next_dagrun for tutorial_taskflow_api_virtualenv to None, run_after=None
[2024-05-24T14:46:00.156+0000] {processor.py:183} INFO - Processing /usr/local/python/3.10.13/lib/python3.10/site-packages/airflow/example_dags/tutorial_taskflow_api_virtualenv.py took 0.080 seconds
