[2024-05-26T09:11:06.734+0000] {processor.py:161} INFO - Started process (PID=40338) to work on /usr/local/python/3.10.13/lib/python3.10/site-packages/airflow/example_dags/example_kubernetes_executor.py
[2024-05-26T09:11:06.735+0000] {processor.py:830} INFO - Processing file /usr/local/python/3.10.13/lib/python3.10/site-packages/airflow/example_dags/example_kubernetes_executor.py for tasks to queue
[2024-05-26T09:11:06.736+0000] {logging_mixin.py:188} INFO - [2024-05-26T09:11:06.736+0000] {dagbag.py:545} INFO - Filling up the DagBag from /usr/local/python/3.10.13/lib/python3.10/site-packages/airflow/example_dags/example_kubernetes_executor.py
[2024-05-26T09:11:06.738+0000] {logging_mixin.py:188} INFO - [2024-05-26T09:11:06.738+0000] {example_kubernetes_executor.py:39} WARNING - The example_kubernetes_executor example DAG requires the kubernetes provider. Please install it with: pip install apache-airflow[cncf.kubernetes]
[2024-05-26T09:11:06.739+0000] {processor.py:842} WARNING - No viable dags retrieved from /usr/local/python/3.10.13/lib/python3.10/site-packages/airflow/example_dags/example_kubernetes_executor.py
[2024-05-26T09:11:06.747+0000] {processor.py:183} INFO - Processing /usr/local/python/3.10.13/lib/python3.10/site-packages/airflow/example_dags/example_kubernetes_executor.py took 0.017 seconds
[2024-05-26T09:11:57.509+0000] {processor.py:161} INFO - Started process (PID=40690) to work on /usr/local/python/3.10.13/lib/python3.10/site-packages/airflow/example_dags/example_kubernetes_executor.py
[2024-05-26T09:11:57.510+0000] {processor.py:830} INFO - Processing file /usr/local/python/3.10.13/lib/python3.10/site-packages/airflow/example_dags/example_kubernetes_executor.py for tasks to queue
[2024-05-26T09:11:57.511+0000] {logging_mixin.py:188} INFO - [2024-05-26T09:11:57.511+0000] {dagbag.py:545} INFO - Filling up the DagBag from /usr/local/python/3.10.13/lib/python3.10/site-packages/airflow/example_dags/example_kubernetes_executor.py
[2024-05-26T09:11:57.513+0000] {logging_mixin.py:188} INFO - [2024-05-26T09:11:57.513+0000] {example_kubernetes_executor.py:39} WARNING - The example_kubernetes_executor example DAG requires the kubernetes provider. Please install it with: pip install apache-airflow[cncf.kubernetes]
[2024-05-26T09:11:57.513+0000] {processor.py:842} WARNING - No viable dags retrieved from /usr/local/python/3.10.13/lib/python3.10/site-packages/airflow/example_dags/example_kubernetes_executor.py
[2024-05-26T09:11:57.521+0000] {processor.py:183} INFO - Processing /usr/local/python/3.10.13/lib/python3.10/site-packages/airflow/example_dags/example_kubernetes_executor.py took 0.016 seconds
[2024-05-26T09:12:58.441+0000] {processor.py:161} INFO - Started process (PID=41194) to work on /usr/local/python/3.10.13/lib/python3.10/site-packages/airflow/example_dags/example_kubernetes_executor.py
[2024-05-26T09:12:58.442+0000] {processor.py:830} INFO - Processing file /usr/local/python/3.10.13/lib/python3.10/site-packages/airflow/example_dags/example_kubernetes_executor.py for tasks to queue
[2024-05-26T09:12:58.443+0000] {logging_mixin.py:188} INFO - [2024-05-26T09:12:58.443+0000] {dagbag.py:545} INFO - Filling up the DagBag from /usr/local/python/3.10.13/lib/python3.10/site-packages/airflow/example_dags/example_kubernetes_executor.py
[2024-05-26T09:12:58.445+0000] {logging_mixin.py:188} INFO - [2024-05-26T09:12:58.445+0000] {example_kubernetes_executor.py:39} WARNING - The example_kubernetes_executor example DAG requires the kubernetes provider. Please install it with: pip install apache-airflow[cncf.kubernetes]
[2024-05-26T09:12:58.445+0000] {processor.py:842} WARNING - No viable dags retrieved from /usr/local/python/3.10.13/lib/python3.10/site-packages/airflow/example_dags/example_kubernetes_executor.py
[2024-05-26T09:12:58.452+0000] {processor.py:183} INFO - Processing /usr/local/python/3.10.13/lib/python3.10/site-packages/airflow/example_dags/example_kubernetes_executor.py took 0.016 seconds
[2024-05-26T09:14:03.093+0000] {processor.py:161} INFO - Started process (PID=41739) to work on /usr/local/python/3.10.13/lib/python3.10/site-packages/airflow/example_dags/example_kubernetes_executor.py
[2024-05-26T09:14:03.094+0000] {processor.py:830} INFO - Processing file /usr/local/python/3.10.13/lib/python3.10/site-packages/airflow/example_dags/example_kubernetes_executor.py for tasks to queue
[2024-05-26T09:14:03.095+0000] {logging_mixin.py:188} INFO - [2024-05-26T09:14:03.095+0000] {dagbag.py:545} INFO - Filling up the DagBag from /usr/local/python/3.10.13/lib/python3.10/site-packages/airflow/example_dags/example_kubernetes_executor.py
[2024-05-26T09:14:03.098+0000] {logging_mixin.py:188} INFO - [2024-05-26T09:14:03.098+0000] {example_kubernetes_executor.py:39} WARNING - The example_kubernetes_executor example DAG requires the kubernetes provider. Please install it with: pip install apache-airflow[cncf.kubernetes]
[2024-05-26T09:14:03.098+0000] {processor.py:842} WARNING - No viable dags retrieved from /usr/local/python/3.10.13/lib/python3.10/site-packages/airflow/example_dags/example_kubernetes_executor.py
[2024-05-26T09:14:03.105+0000] {processor.py:183} INFO - Processing /usr/local/python/3.10.13/lib/python3.10/site-packages/airflow/example_dags/example_kubernetes_executor.py took 0.016 seconds
[2024-05-26T09:15:09.128+0000] {processor.py:161} INFO - Started process (PID=42186) to work on /usr/local/python/3.10.13/lib/python3.10/site-packages/airflow/example_dags/example_kubernetes_executor.py
[2024-05-26T09:15:09.129+0000] {processor.py:830} INFO - Processing file /usr/local/python/3.10.13/lib/python3.10/site-packages/airflow/example_dags/example_kubernetes_executor.py for tasks to queue
[2024-05-26T09:15:09.131+0000] {logging_mixin.py:188} INFO - [2024-05-26T09:15:09.131+0000] {dagbag.py:545} INFO - Filling up the DagBag from /usr/local/python/3.10.13/lib/python3.10/site-packages/airflow/example_dags/example_kubernetes_executor.py
[2024-05-26T09:15:09.134+0000] {logging_mixin.py:188} INFO - [2024-05-26T09:15:09.134+0000] {example_kubernetes_executor.py:39} WARNING - The example_kubernetes_executor example DAG requires the kubernetes provider. Please install it with: pip install apache-airflow[cncf.kubernetes]
[2024-05-26T09:15:09.135+0000] {processor.py:842} WARNING - No viable dags retrieved from /usr/local/python/3.10.13/lib/python3.10/site-packages/airflow/example_dags/example_kubernetes_executor.py
[2024-05-26T09:15:09.145+0000] {processor.py:183} INFO - Processing /usr/local/python/3.10.13/lib/python3.10/site-packages/airflow/example_dags/example_kubernetes_executor.py took 0.022 seconds
[2024-05-26T09:16:11.960+0000] {processor.py:161} INFO - Started process (PID=42620) to work on /usr/local/python/3.10.13/lib/python3.10/site-packages/airflow/example_dags/example_kubernetes_executor.py
[2024-05-26T09:16:11.961+0000] {processor.py:830} INFO - Processing file /usr/local/python/3.10.13/lib/python3.10/site-packages/airflow/example_dags/example_kubernetes_executor.py for tasks to queue
[2024-05-26T09:16:11.963+0000] {logging_mixin.py:188} INFO - [2024-05-26T09:16:11.963+0000] {dagbag.py:545} INFO - Filling up the DagBag from /usr/local/python/3.10.13/lib/python3.10/site-packages/airflow/example_dags/example_kubernetes_executor.py
[2024-05-26T09:16:11.966+0000] {logging_mixin.py:188} INFO - [2024-05-26T09:16:11.966+0000] {example_kubernetes_executor.py:39} WARNING - The example_kubernetes_executor example DAG requires the kubernetes provider. Please install it with: pip install apache-airflow[cncf.kubernetes]
[2024-05-26T09:16:11.966+0000] {processor.py:842} WARNING - No viable dags retrieved from /usr/local/python/3.10.13/lib/python3.10/site-packages/airflow/example_dags/example_kubernetes_executor.py
[2024-05-26T09:16:11.979+0000] {processor.py:183} INFO - Processing /usr/local/python/3.10.13/lib/python3.10/site-packages/airflow/example_dags/example_kubernetes_executor.py took 0.024 seconds
[2024-05-26T09:17:13.512+0000] {processor.py:161} INFO - Started process (PID=43046) to work on /usr/local/python/3.10.13/lib/python3.10/site-packages/airflow/example_dags/example_kubernetes_executor.py
[2024-05-26T09:17:13.512+0000] {processor.py:830} INFO - Processing file /usr/local/python/3.10.13/lib/python3.10/site-packages/airflow/example_dags/example_kubernetes_executor.py for tasks to queue
[2024-05-26T09:17:13.514+0000] {logging_mixin.py:188} INFO - [2024-05-26T09:17:13.514+0000] {dagbag.py:545} INFO - Filling up the DagBag from /usr/local/python/3.10.13/lib/python3.10/site-packages/airflow/example_dags/example_kubernetes_executor.py
[2024-05-26T09:17:13.517+0000] {logging_mixin.py:188} INFO - [2024-05-26T09:17:13.517+0000] {example_kubernetes_executor.py:39} WARNING - The example_kubernetes_executor example DAG requires the kubernetes provider. Please install it with: pip install apache-airflow[cncf.kubernetes]
[2024-05-26T09:17:13.517+0000] {processor.py:842} WARNING - No viable dags retrieved from /usr/local/python/3.10.13/lib/python3.10/site-packages/airflow/example_dags/example_kubernetes_executor.py
[2024-05-26T09:17:13.528+0000] {processor.py:183} INFO - Processing /usr/local/python/3.10.13/lib/python3.10/site-packages/airflow/example_dags/example_kubernetes_executor.py took 0.024 seconds
[2024-05-26T09:18:19.201+0000] {processor.py:161} INFO - Started process (PID=43506) to work on /usr/local/python/3.10.13/lib/python3.10/site-packages/airflow/example_dags/example_kubernetes_executor.py
[2024-05-26T09:18:19.202+0000] {processor.py:830} INFO - Processing file /usr/local/python/3.10.13/lib/python3.10/site-packages/airflow/example_dags/example_kubernetes_executor.py for tasks to queue
[2024-05-26T09:18:19.203+0000] {logging_mixin.py:188} INFO - [2024-05-26T09:18:19.203+0000] {dagbag.py:545} INFO - Filling up the DagBag from /usr/local/python/3.10.13/lib/python3.10/site-packages/airflow/example_dags/example_kubernetes_executor.py
[2024-05-26T09:18:19.205+0000] {logging_mixin.py:188} INFO - [2024-05-26T09:18:19.205+0000] {example_kubernetes_executor.py:39} WARNING - The example_kubernetes_executor example DAG requires the kubernetes provider. Please install it with: pip install apache-airflow[cncf.kubernetes]
[2024-05-26T09:18:19.206+0000] {processor.py:842} WARNING - No viable dags retrieved from /usr/local/python/3.10.13/lib/python3.10/site-packages/airflow/example_dags/example_kubernetes_executor.py
[2024-05-26T09:18:19.213+0000] {processor.py:183} INFO - Processing /usr/local/python/3.10.13/lib/python3.10/site-packages/airflow/example_dags/example_kubernetes_executor.py took 0.016 seconds
[2024-05-26T09:19:20.459+0000] {processor.py:161} INFO - Started process (PID=43995) to work on /usr/local/python/3.10.13/lib/python3.10/site-packages/airflow/example_dags/example_kubernetes_executor.py
[2024-05-26T09:19:20.459+0000] {processor.py:830} INFO - Processing file /usr/local/python/3.10.13/lib/python3.10/site-packages/airflow/example_dags/example_kubernetes_executor.py for tasks to queue
[2024-05-26T09:19:20.461+0000] {logging_mixin.py:188} INFO - [2024-05-26T09:19:20.461+0000] {dagbag.py:545} INFO - Filling up the DagBag from /usr/local/python/3.10.13/lib/python3.10/site-packages/airflow/example_dags/example_kubernetes_executor.py
[2024-05-26T09:19:20.463+0000] {logging_mixin.py:188} INFO - [2024-05-26T09:19:20.463+0000] {example_kubernetes_executor.py:39} WARNING - The example_kubernetes_executor example DAG requires the kubernetes provider. Please install it with: pip install apache-airflow[cncf.kubernetes]
[2024-05-26T09:19:20.463+0000] {processor.py:842} WARNING - No viable dags retrieved from /usr/local/python/3.10.13/lib/python3.10/site-packages/airflow/example_dags/example_kubernetes_executor.py
[2024-05-26T09:19:20.471+0000] {processor.py:183} INFO - Processing /usr/local/python/3.10.13/lib/python3.10/site-packages/airflow/example_dags/example_kubernetes_executor.py took 0.017 seconds
[2024-05-26T09:20:26.038+0000] {processor.py:161} INFO - Started process (PID=44452) to work on /usr/local/python/3.10.13/lib/python3.10/site-packages/airflow/example_dags/example_kubernetes_executor.py
[2024-05-26T09:20:26.038+0000] {processor.py:830} INFO - Processing file /usr/local/python/3.10.13/lib/python3.10/site-packages/airflow/example_dags/example_kubernetes_executor.py for tasks to queue
[2024-05-26T09:20:26.040+0000] {logging_mixin.py:188} INFO - [2024-05-26T09:20:26.039+0000] {dagbag.py:545} INFO - Filling up the DagBag from /usr/local/python/3.10.13/lib/python3.10/site-packages/airflow/example_dags/example_kubernetes_executor.py
[2024-05-26T09:20:26.042+0000] {logging_mixin.py:188} INFO - [2024-05-26T09:20:26.042+0000] {example_kubernetes_executor.py:39} WARNING - The example_kubernetes_executor example DAG requires the kubernetes provider. Please install it with: pip install apache-airflow[cncf.kubernetes]
[2024-05-26T09:20:26.042+0000] {processor.py:842} WARNING - No viable dags retrieved from /usr/local/python/3.10.13/lib/python3.10/site-packages/airflow/example_dags/example_kubernetes_executor.py
[2024-05-26T09:20:26.049+0000] {processor.py:183} INFO - Processing /usr/local/python/3.10.13/lib/python3.10/site-packages/airflow/example_dags/example_kubernetes_executor.py took 0.017 seconds
[2024-05-26T09:21:27.789+0000] {processor.py:161} INFO - Started process (PID=44875) to work on /usr/local/python/3.10.13/lib/python3.10/site-packages/airflow/example_dags/example_kubernetes_executor.py
[2024-05-26T09:21:27.790+0000] {processor.py:830} INFO - Processing file /usr/local/python/3.10.13/lib/python3.10/site-packages/airflow/example_dags/example_kubernetes_executor.py for tasks to queue
[2024-05-26T09:21:27.791+0000] {logging_mixin.py:188} INFO - [2024-05-26T09:21:27.790+0000] {dagbag.py:545} INFO - Filling up the DagBag from /usr/local/python/3.10.13/lib/python3.10/site-packages/airflow/example_dags/example_kubernetes_executor.py
[2024-05-26T09:21:27.793+0000] {logging_mixin.py:188} INFO - [2024-05-26T09:21:27.793+0000] {example_kubernetes_executor.py:39} WARNING - The example_kubernetes_executor example DAG requires the kubernetes provider. Please install it with: pip install apache-airflow[cncf.kubernetes]
[2024-05-26T09:21:27.793+0000] {processor.py:842} WARNING - No viable dags retrieved from /usr/local/python/3.10.13/lib/python3.10/site-packages/airflow/example_dags/example_kubernetes_executor.py
[2024-05-26T09:21:27.801+0000] {processor.py:183} INFO - Processing /usr/local/python/3.10.13/lib/python3.10/site-packages/airflow/example_dags/example_kubernetes_executor.py took 0.017 seconds
[2024-05-26T09:22:29.480+0000] {processor.py:161} INFO - Started process (PID=45304) to work on /usr/local/python/3.10.13/lib/python3.10/site-packages/airflow/example_dags/example_kubernetes_executor.py
[2024-05-26T09:22:29.480+0000] {processor.py:830} INFO - Processing file /usr/local/python/3.10.13/lib/python3.10/site-packages/airflow/example_dags/example_kubernetes_executor.py for tasks to queue
[2024-05-26T09:22:29.482+0000] {logging_mixin.py:188} INFO - [2024-05-26T09:22:29.481+0000] {dagbag.py:545} INFO - Filling up the DagBag from /usr/local/python/3.10.13/lib/python3.10/site-packages/airflow/example_dags/example_kubernetes_executor.py
[2024-05-26T09:22:29.484+0000] {logging_mixin.py:188} INFO - [2024-05-26T09:22:29.484+0000] {example_kubernetes_executor.py:39} WARNING - The example_kubernetes_executor example DAG requires the kubernetes provider. Please install it with: pip install apache-airflow[cncf.kubernetes]
[2024-05-26T09:22:29.484+0000] {processor.py:842} WARNING - No viable dags retrieved from /usr/local/python/3.10.13/lib/python3.10/site-packages/airflow/example_dags/example_kubernetes_executor.py
[2024-05-26T09:22:29.491+0000] {processor.py:183} INFO - Processing /usr/local/python/3.10.13/lib/python3.10/site-packages/airflow/example_dags/example_kubernetes_executor.py took 0.017 seconds
[2024-05-26T09:23:26.051+0000] {processor.py:161} INFO - Started process (PID=45706) to work on /usr/local/python/3.10.13/lib/python3.10/site-packages/airflow/example_dags/example_kubernetes_executor.py
[2024-05-26T09:23:26.052+0000] {processor.py:830} INFO - Processing file /usr/local/python/3.10.13/lib/python3.10/site-packages/airflow/example_dags/example_kubernetes_executor.py for tasks to queue
[2024-05-26T09:23:26.054+0000] {logging_mixin.py:188} INFO - [2024-05-26T09:23:26.053+0000] {dagbag.py:545} INFO - Filling up the DagBag from /usr/local/python/3.10.13/lib/python3.10/site-packages/airflow/example_dags/example_kubernetes_executor.py
[2024-05-26T09:23:26.056+0000] {logging_mixin.py:188} INFO - [2024-05-26T09:23:26.056+0000] {example_kubernetes_executor.py:39} WARNING - The example_kubernetes_executor example DAG requires the kubernetes provider. Please install it with: pip install apache-airflow[cncf.kubernetes]
[2024-05-26T09:23:26.056+0000] {processor.py:842} WARNING - No viable dags retrieved from /usr/local/python/3.10.13/lib/python3.10/site-packages/airflow/example_dags/example_kubernetes_executor.py
[2024-05-26T09:23:26.063+0000] {processor.py:183} INFO - Processing /usr/local/python/3.10.13/lib/python3.10/site-packages/airflow/example_dags/example_kubernetes_executor.py took 0.017 seconds
[2024-05-26T09:24:29.275+0000] {processor.py:161} INFO - Started process (PID=46143) to work on /usr/local/python/3.10.13/lib/python3.10/site-packages/airflow/example_dags/example_kubernetes_executor.py
[2024-05-26T09:24:29.276+0000] {processor.py:830} INFO - Processing file /usr/local/python/3.10.13/lib/python3.10/site-packages/airflow/example_dags/example_kubernetes_executor.py for tasks to queue
[2024-05-26T09:24:29.277+0000] {logging_mixin.py:188} INFO - [2024-05-26T09:24:29.277+0000] {dagbag.py:545} INFO - Filling up the DagBag from /usr/local/python/3.10.13/lib/python3.10/site-packages/airflow/example_dags/example_kubernetes_executor.py
[2024-05-26T09:24:29.280+0000] {logging_mixin.py:188} INFO - [2024-05-26T09:24:29.279+0000] {example_kubernetes_executor.py:39} WARNING - The example_kubernetes_executor example DAG requires the kubernetes provider. Please install it with: pip install apache-airflow[cncf.kubernetes]
[2024-05-26T09:24:29.280+0000] {processor.py:842} WARNING - No viable dags retrieved from /usr/local/python/3.10.13/lib/python3.10/site-packages/airflow/example_dags/example_kubernetes_executor.py
[2024-05-26T09:24:29.287+0000] {processor.py:183} INFO - Processing /usr/local/python/3.10.13/lib/python3.10/site-packages/airflow/example_dags/example_kubernetes_executor.py took 0.016 seconds
[2024-05-26T09:25:29.956+0000] {processor.py:161} INFO - Started process (PID=46565) to work on /usr/local/python/3.10.13/lib/python3.10/site-packages/airflow/example_dags/example_kubernetes_executor.py
[2024-05-26T09:25:29.957+0000] {processor.py:830} INFO - Processing file /usr/local/python/3.10.13/lib/python3.10/site-packages/airflow/example_dags/example_kubernetes_executor.py for tasks to queue
[2024-05-26T09:25:29.958+0000] {logging_mixin.py:188} INFO - [2024-05-26T09:25:29.958+0000] {dagbag.py:545} INFO - Filling up the DagBag from /usr/local/python/3.10.13/lib/python3.10/site-packages/airflow/example_dags/example_kubernetes_executor.py
[2024-05-26T09:25:29.960+0000] {logging_mixin.py:188} INFO - [2024-05-26T09:25:29.960+0000] {example_kubernetes_executor.py:39} WARNING - The example_kubernetes_executor example DAG requires the kubernetes provider. Please install it with: pip install apache-airflow[cncf.kubernetes]
[2024-05-26T09:25:29.960+0000] {processor.py:842} WARNING - No viable dags retrieved from /usr/local/python/3.10.13/lib/python3.10/site-packages/airflow/example_dags/example_kubernetes_executor.py
[2024-05-26T09:25:29.969+0000] {processor.py:183} INFO - Processing /usr/local/python/3.10.13/lib/python3.10/site-packages/airflow/example_dags/example_kubernetes_executor.py took 0.018 seconds
[2024-05-26T09:26:31.653+0000] {processor.py:161} INFO - Started process (PID=47025) to work on /usr/local/python/3.10.13/lib/python3.10/site-packages/airflow/example_dags/example_kubernetes_executor.py
[2024-05-26T09:26:31.654+0000] {processor.py:830} INFO - Processing file /usr/local/python/3.10.13/lib/python3.10/site-packages/airflow/example_dags/example_kubernetes_executor.py for tasks to queue
[2024-05-26T09:26:31.655+0000] {logging_mixin.py:188} INFO - [2024-05-26T09:26:31.655+0000] {dagbag.py:545} INFO - Filling up the DagBag from /usr/local/python/3.10.13/lib/python3.10/site-packages/airflow/example_dags/example_kubernetes_executor.py
[2024-05-26T09:26:31.657+0000] {logging_mixin.py:188} INFO - [2024-05-26T09:26:31.657+0000] {example_kubernetes_executor.py:39} WARNING - The example_kubernetes_executor example DAG requires the kubernetes provider. Please install it with: pip install apache-airflow[cncf.kubernetes]
[2024-05-26T09:26:31.658+0000] {processor.py:842} WARNING - No viable dags retrieved from /usr/local/python/3.10.13/lib/python3.10/site-packages/airflow/example_dags/example_kubernetes_executor.py
[2024-05-26T09:26:31.665+0000] {processor.py:183} INFO - Processing /usr/local/python/3.10.13/lib/python3.10/site-packages/airflow/example_dags/example_kubernetes_executor.py took 0.017 seconds
[2024-05-26T09:27:32.918+0000] {processor.py:161} INFO - Started process (PID=47470) to work on /usr/local/python/3.10.13/lib/python3.10/site-packages/airflow/example_dags/example_kubernetes_executor.py
[2024-05-26T09:27:32.919+0000] {processor.py:830} INFO - Processing file /usr/local/python/3.10.13/lib/python3.10/site-packages/airflow/example_dags/example_kubernetes_executor.py for tasks to queue
[2024-05-26T09:27:32.920+0000] {logging_mixin.py:188} INFO - [2024-05-26T09:27:32.920+0000] {dagbag.py:545} INFO - Filling up the DagBag from /usr/local/python/3.10.13/lib/python3.10/site-packages/airflow/example_dags/example_kubernetes_executor.py
[2024-05-26T09:27:32.923+0000] {logging_mixin.py:188} INFO - [2024-05-26T09:27:32.923+0000] {example_kubernetes_executor.py:39} WARNING - The example_kubernetes_executor example DAG requires the kubernetes provider. Please install it with: pip install apache-airflow[cncf.kubernetes]
[2024-05-26T09:27:32.923+0000] {processor.py:842} WARNING - No viable dags retrieved from /usr/local/python/3.10.13/lib/python3.10/site-packages/airflow/example_dags/example_kubernetes_executor.py
[2024-05-26T09:27:32.930+0000] {processor.py:183} INFO - Processing /usr/local/python/3.10.13/lib/python3.10/site-packages/airflow/example_dags/example_kubernetes_executor.py took 0.017 seconds
[2024-05-26T09:28:36.078+0000] {processor.py:161} INFO - Started process (PID=47899) to work on /usr/local/python/3.10.13/lib/python3.10/site-packages/airflow/example_dags/example_kubernetes_executor.py
[2024-05-26T09:28:36.078+0000] {processor.py:830} INFO - Processing file /usr/local/python/3.10.13/lib/python3.10/site-packages/airflow/example_dags/example_kubernetes_executor.py for tasks to queue
[2024-05-26T09:28:36.079+0000] {logging_mixin.py:188} INFO - [2024-05-26T09:28:36.079+0000] {dagbag.py:545} INFO - Filling up the DagBag from /usr/local/python/3.10.13/lib/python3.10/site-packages/airflow/example_dags/example_kubernetes_executor.py
[2024-05-26T09:28:36.082+0000] {logging_mixin.py:188} INFO - [2024-05-26T09:28:36.081+0000] {example_kubernetes_executor.py:39} WARNING - The example_kubernetes_executor example DAG requires the kubernetes provider. Please install it with: pip install apache-airflow[cncf.kubernetes]
[2024-05-26T09:28:36.082+0000] {processor.py:842} WARNING - No viable dags retrieved from /usr/local/python/3.10.13/lib/python3.10/site-packages/airflow/example_dags/example_kubernetes_executor.py
[2024-05-26T09:28:36.089+0000] {processor.py:183} INFO - Processing /usr/local/python/3.10.13/lib/python3.10/site-packages/airflow/example_dags/example_kubernetes_executor.py took 0.016 seconds
[2024-05-26T09:29:39.224+0000] {processor.py:161} INFO - Started process (PID=48355) to work on /usr/local/python/3.10.13/lib/python3.10/site-packages/airflow/example_dags/example_kubernetes_executor.py
[2024-05-26T09:29:39.225+0000] {processor.py:830} INFO - Processing file /usr/local/python/3.10.13/lib/python3.10/site-packages/airflow/example_dags/example_kubernetes_executor.py for tasks to queue
[2024-05-26T09:29:39.226+0000] {logging_mixin.py:188} INFO - [2024-05-26T09:29:39.226+0000] {dagbag.py:545} INFO - Filling up the DagBag from /usr/local/python/3.10.13/lib/python3.10/site-packages/airflow/example_dags/example_kubernetes_executor.py
[2024-05-26T09:29:39.228+0000] {logging_mixin.py:188} INFO - [2024-05-26T09:29:39.228+0000] {example_kubernetes_executor.py:39} WARNING - The example_kubernetes_executor example DAG requires the kubernetes provider. Please install it with: pip install apache-airflow[cncf.kubernetes]
[2024-05-26T09:29:39.228+0000] {processor.py:842} WARNING - No viable dags retrieved from /usr/local/python/3.10.13/lib/python3.10/site-packages/airflow/example_dags/example_kubernetes_executor.py
[2024-05-26T09:29:39.236+0000] {processor.py:183} INFO - Processing /usr/local/python/3.10.13/lib/python3.10/site-packages/airflow/example_dags/example_kubernetes_executor.py took 0.016 seconds
[2024-05-26T09:30:37.749+0000] {processor.py:161} INFO - Started process (PID=48749) to work on /usr/local/python/3.10.13/lib/python3.10/site-packages/airflow/example_dags/example_kubernetes_executor.py
[2024-05-26T09:30:37.750+0000] {processor.py:830} INFO - Processing file /usr/local/python/3.10.13/lib/python3.10/site-packages/airflow/example_dags/example_kubernetes_executor.py for tasks to queue
[2024-05-26T09:30:37.751+0000] {logging_mixin.py:188} INFO - [2024-05-26T09:30:37.751+0000] {dagbag.py:545} INFO - Filling up the DagBag from /usr/local/python/3.10.13/lib/python3.10/site-packages/airflow/example_dags/example_kubernetes_executor.py
[2024-05-26T09:30:37.753+0000] {logging_mixin.py:188} INFO - [2024-05-26T09:30:37.753+0000] {example_kubernetes_executor.py:39} WARNING - The example_kubernetes_executor example DAG requires the kubernetes provider. Please install it with: pip install apache-airflow[cncf.kubernetes]
[2024-05-26T09:30:37.754+0000] {processor.py:842} WARNING - No viable dags retrieved from /usr/local/python/3.10.13/lib/python3.10/site-packages/airflow/example_dags/example_kubernetes_executor.py
[2024-05-26T09:30:37.761+0000] {processor.py:183} INFO - Processing /usr/local/python/3.10.13/lib/python3.10/site-packages/airflow/example_dags/example_kubernetes_executor.py took 0.017 seconds
[2024-05-26T09:31:38.021+0000] {processor.py:161} INFO - Started process (PID=49168) to work on /usr/local/python/3.10.13/lib/python3.10/site-packages/airflow/example_dags/example_kubernetes_executor.py
[2024-05-26T09:31:38.022+0000] {processor.py:830} INFO - Processing file /usr/local/python/3.10.13/lib/python3.10/site-packages/airflow/example_dags/example_kubernetes_executor.py for tasks to queue
[2024-05-26T09:31:38.023+0000] {logging_mixin.py:188} INFO - [2024-05-26T09:31:38.023+0000] {dagbag.py:545} INFO - Filling up the DagBag from /usr/local/python/3.10.13/lib/python3.10/site-packages/airflow/example_dags/example_kubernetes_executor.py
[2024-05-26T09:31:38.025+0000] {logging_mixin.py:188} INFO - [2024-05-26T09:31:38.025+0000] {example_kubernetes_executor.py:39} WARNING - The example_kubernetes_executor example DAG requires the kubernetes provider. Please install it with: pip install apache-airflow[cncf.kubernetes]
[2024-05-26T09:31:38.026+0000] {processor.py:842} WARNING - No viable dags retrieved from /usr/local/python/3.10.13/lib/python3.10/site-packages/airflow/example_dags/example_kubernetes_executor.py
[2024-05-26T09:31:38.033+0000] {processor.py:183} INFO - Processing /usr/local/python/3.10.13/lib/python3.10/site-packages/airflow/example_dags/example_kubernetes_executor.py took 0.016 seconds
[2024-05-26T09:32:43.067+0000] {processor.py:161} INFO - Started process (PID=49631) to work on /usr/local/python/3.10.13/lib/python3.10/site-packages/airflow/example_dags/example_kubernetes_executor.py
[2024-05-26T09:32:43.067+0000] {processor.py:830} INFO - Processing file /usr/local/python/3.10.13/lib/python3.10/site-packages/airflow/example_dags/example_kubernetes_executor.py for tasks to queue
[2024-05-26T09:32:43.069+0000] {logging_mixin.py:188} INFO - [2024-05-26T09:32:43.068+0000] {dagbag.py:545} INFO - Filling up the DagBag from /usr/local/python/3.10.13/lib/python3.10/site-packages/airflow/example_dags/example_kubernetes_executor.py
[2024-05-26T09:32:43.071+0000] {logging_mixin.py:188} INFO - [2024-05-26T09:32:43.071+0000] {example_kubernetes_executor.py:39} WARNING - The example_kubernetes_executor example DAG requires the kubernetes provider. Please install it with: pip install apache-airflow[cncf.kubernetes]
[2024-05-26T09:32:43.071+0000] {processor.py:842} WARNING - No viable dags retrieved from /usr/local/python/3.10.13/lib/python3.10/site-packages/airflow/example_dags/example_kubernetes_executor.py
[2024-05-26T09:32:43.078+0000] {processor.py:183} INFO - Processing /usr/local/python/3.10.13/lib/python3.10/site-packages/airflow/example_dags/example_kubernetes_executor.py took 0.016 seconds
[2024-05-26T09:33:40.563+0000] {processor.py:161} INFO - Started process (PID=50033) to work on /usr/local/python/3.10.13/lib/python3.10/site-packages/airflow/example_dags/example_kubernetes_executor.py
[2024-05-26T09:33:40.564+0000] {processor.py:830} INFO - Processing file /usr/local/python/3.10.13/lib/python3.10/site-packages/airflow/example_dags/example_kubernetes_executor.py for tasks to queue
[2024-05-26T09:33:40.565+0000] {logging_mixin.py:188} INFO - [2024-05-26T09:33:40.565+0000] {dagbag.py:545} INFO - Filling up the DagBag from /usr/local/python/3.10.13/lib/python3.10/site-packages/airflow/example_dags/example_kubernetes_executor.py
[2024-05-26T09:33:40.568+0000] {logging_mixin.py:188} INFO - [2024-05-26T09:33:40.567+0000] {example_kubernetes_executor.py:39} WARNING - The example_kubernetes_executor example DAG requires the kubernetes provider. Please install it with: pip install apache-airflow[cncf.kubernetes]
[2024-05-26T09:33:40.568+0000] {processor.py:842} WARNING - No viable dags retrieved from /usr/local/python/3.10.13/lib/python3.10/site-packages/airflow/example_dags/example_kubernetes_executor.py
[2024-05-26T09:33:40.575+0000] {processor.py:183} INFO - Processing /usr/local/python/3.10.13/lib/python3.10/site-packages/airflow/example_dags/example_kubernetes_executor.py took 0.017 seconds
[2024-05-26T09:34:42.521+0000] {processor.py:161} INFO - Started process (PID=50481) to work on /usr/local/python/3.10.13/lib/python3.10/site-packages/airflow/example_dags/example_kubernetes_executor.py
[2024-05-26T09:34:42.522+0000] {processor.py:830} INFO - Processing file /usr/local/python/3.10.13/lib/python3.10/site-packages/airflow/example_dags/example_kubernetes_executor.py for tasks to queue
[2024-05-26T09:34:42.524+0000] {logging_mixin.py:188} INFO - [2024-05-26T09:34:42.523+0000] {dagbag.py:545} INFO - Filling up the DagBag from /usr/local/python/3.10.13/lib/python3.10/site-packages/airflow/example_dags/example_kubernetes_executor.py
[2024-05-26T09:34:42.527+0000] {logging_mixin.py:188} INFO - [2024-05-26T09:34:42.527+0000] {example_kubernetes_executor.py:39} WARNING - The example_kubernetes_executor example DAG requires the kubernetes provider. Please install it with: pip install apache-airflow[cncf.kubernetes]
[2024-05-26T09:34:42.527+0000] {processor.py:842} WARNING - No viable dags retrieved from /usr/local/python/3.10.13/lib/python3.10/site-packages/airflow/example_dags/example_kubernetes_executor.py
[2024-05-26T09:34:42.537+0000] {processor.py:183} INFO - Processing /usr/local/python/3.10.13/lib/python3.10/site-packages/airflow/example_dags/example_kubernetes_executor.py took 0.023 seconds
[2024-05-26T09:35:41.726+0000] {processor.py:161} INFO - Started process (PID=50885) to work on /usr/local/python/3.10.13/lib/python3.10/site-packages/airflow/example_dags/example_kubernetes_executor.py
[2024-05-26T09:35:41.726+0000] {processor.py:830} INFO - Processing file /usr/local/python/3.10.13/lib/python3.10/site-packages/airflow/example_dags/example_kubernetes_executor.py for tasks to queue
[2024-05-26T09:35:41.728+0000] {logging_mixin.py:188} INFO - [2024-05-26T09:35:41.727+0000] {dagbag.py:545} INFO - Filling up the DagBag from /usr/local/python/3.10.13/lib/python3.10/site-packages/airflow/example_dags/example_kubernetes_executor.py
[2024-05-26T09:35:41.730+0000] {logging_mixin.py:188} INFO - [2024-05-26T09:35:41.730+0000] {example_kubernetes_executor.py:39} WARNING - The example_kubernetes_executor example DAG requires the kubernetes provider. Please install it with: pip install apache-airflow[cncf.kubernetes]
[2024-05-26T09:35:41.730+0000] {processor.py:842} WARNING - No viable dags retrieved from /usr/local/python/3.10.13/lib/python3.10/site-packages/airflow/example_dags/example_kubernetes_executor.py
[2024-05-26T09:35:41.738+0000] {processor.py:183} INFO - Processing /usr/local/python/3.10.13/lib/python3.10/site-packages/airflow/example_dags/example_kubernetes_executor.py took 0.017 seconds
[2024-05-26T09:36:42.513+0000] {processor.py:161} INFO - Started process (PID=51311) to work on /usr/local/python/3.10.13/lib/python3.10/site-packages/airflow/example_dags/example_kubernetes_executor.py
[2024-05-26T09:36:42.514+0000] {processor.py:830} INFO - Processing file /usr/local/python/3.10.13/lib/python3.10/site-packages/airflow/example_dags/example_kubernetes_executor.py for tasks to queue
[2024-05-26T09:36:42.515+0000] {logging_mixin.py:188} INFO - [2024-05-26T09:36:42.515+0000] {dagbag.py:545} INFO - Filling up the DagBag from /usr/local/python/3.10.13/lib/python3.10/site-packages/airflow/example_dags/example_kubernetes_executor.py
[2024-05-26T09:36:42.517+0000] {logging_mixin.py:188} INFO - [2024-05-26T09:36:42.517+0000] {example_kubernetes_executor.py:39} WARNING - The example_kubernetes_executor example DAG requires the kubernetes provider. Please install it with: pip install apache-airflow[cncf.kubernetes]
[2024-05-26T09:36:42.518+0000] {processor.py:842} WARNING - No viable dags retrieved from /usr/local/python/3.10.13/lib/python3.10/site-packages/airflow/example_dags/example_kubernetes_executor.py
[2024-05-26T09:36:42.525+0000] {processor.py:183} INFO - Processing /usr/local/python/3.10.13/lib/python3.10/site-packages/airflow/example_dags/example_kubernetes_executor.py took 0.016 seconds
[2024-05-26T09:37:47.574+0000] {processor.py:161} INFO - Started process (PID=51773) to work on /usr/local/python/3.10.13/lib/python3.10/site-packages/airflow/example_dags/example_kubernetes_executor.py
[2024-05-26T09:37:47.574+0000] {processor.py:830} INFO - Processing file /usr/local/python/3.10.13/lib/python3.10/site-packages/airflow/example_dags/example_kubernetes_executor.py for tasks to queue
[2024-05-26T09:37:47.576+0000] {logging_mixin.py:188} INFO - [2024-05-26T09:37:47.575+0000] {dagbag.py:545} INFO - Filling up the DagBag from /usr/local/python/3.10.13/lib/python3.10/site-packages/airflow/example_dags/example_kubernetes_executor.py
[2024-05-26T09:37:47.578+0000] {logging_mixin.py:188} INFO - [2024-05-26T09:37:47.578+0000] {example_kubernetes_executor.py:39} WARNING - The example_kubernetes_executor example DAG requires the kubernetes provider. Please install it with: pip install apache-airflow[cncf.kubernetes]
[2024-05-26T09:37:47.578+0000] {processor.py:842} WARNING - No viable dags retrieved from /usr/local/python/3.10.13/lib/python3.10/site-packages/airflow/example_dags/example_kubernetes_executor.py
[2024-05-26T09:37:47.585+0000] {processor.py:183} INFO - Processing /usr/local/python/3.10.13/lib/python3.10/site-packages/airflow/example_dags/example_kubernetes_executor.py took 0.016 seconds
[2024-05-26T09:38:44.763+0000] {processor.py:161} INFO - Started process (PID=52159) to work on /usr/local/python/3.10.13/lib/python3.10/site-packages/airflow/example_dags/example_kubernetes_executor.py
[2024-05-26T09:38:44.764+0000] {processor.py:830} INFO - Processing file /usr/local/python/3.10.13/lib/python3.10/site-packages/airflow/example_dags/example_kubernetes_executor.py for tasks to queue
[2024-05-26T09:38:44.765+0000] {logging_mixin.py:188} INFO - [2024-05-26T09:38:44.765+0000] {dagbag.py:545} INFO - Filling up the DagBag from /usr/local/python/3.10.13/lib/python3.10/site-packages/airflow/example_dags/example_kubernetes_executor.py
[2024-05-26T09:38:44.767+0000] {logging_mixin.py:188} INFO - [2024-05-26T09:38:44.767+0000] {example_kubernetes_executor.py:39} WARNING - The example_kubernetes_executor example DAG requires the kubernetes provider. Please install it with: pip install apache-airflow[cncf.kubernetes]
[2024-05-26T09:38:44.767+0000] {processor.py:842} WARNING - No viable dags retrieved from /usr/local/python/3.10.13/lib/python3.10/site-packages/airflow/example_dags/example_kubernetes_executor.py
[2024-05-26T09:38:44.775+0000] {processor.py:183} INFO - Processing /usr/local/python/3.10.13/lib/python3.10/site-packages/airflow/example_dags/example_kubernetes_executor.py took 0.017 seconds
[2024-05-26T09:39:45.405+0000] {processor.py:161} INFO - Started process (PID=52586) to work on /usr/local/python/3.10.13/lib/python3.10/site-packages/airflow/example_dags/example_kubernetes_executor.py
[2024-05-26T09:39:45.406+0000] {processor.py:830} INFO - Processing file /usr/local/python/3.10.13/lib/python3.10/site-packages/airflow/example_dags/example_kubernetes_executor.py for tasks to queue
[2024-05-26T09:39:45.408+0000] {logging_mixin.py:188} INFO - [2024-05-26T09:39:45.408+0000] {dagbag.py:545} INFO - Filling up the DagBag from /usr/local/python/3.10.13/lib/python3.10/site-packages/airflow/example_dags/example_kubernetes_executor.py
[2024-05-26T09:39:45.410+0000] {logging_mixin.py:188} INFO - [2024-05-26T09:39:45.410+0000] {example_kubernetes_executor.py:39} WARNING - The example_kubernetes_executor example DAG requires the kubernetes provider. Please install it with: pip install apache-airflow[cncf.kubernetes]
[2024-05-26T09:39:45.410+0000] {processor.py:842} WARNING - No viable dags retrieved from /usr/local/python/3.10.13/lib/python3.10/site-packages/airflow/example_dags/example_kubernetes_executor.py
[2024-05-26T09:39:45.418+0000] {processor.py:183} INFO - Processing /usr/local/python/3.10.13/lib/python3.10/site-packages/airflow/example_dags/example_kubernetes_executor.py took 0.017 seconds
[2024-05-26T09:40:48.793+0000] {processor.py:161} INFO - Started process (PID=53019) to work on /usr/local/python/3.10.13/lib/python3.10/site-packages/airflow/example_dags/example_kubernetes_executor.py
[2024-05-26T09:40:48.793+0000] {processor.py:830} INFO - Processing file /usr/local/python/3.10.13/lib/python3.10/site-packages/airflow/example_dags/example_kubernetes_executor.py for tasks to queue
[2024-05-26T09:40:48.795+0000] {logging_mixin.py:188} INFO - [2024-05-26T09:40:48.794+0000] {dagbag.py:545} INFO - Filling up the DagBag from /usr/local/python/3.10.13/lib/python3.10/site-packages/airflow/example_dags/example_kubernetes_executor.py
[2024-05-26T09:40:48.797+0000] {logging_mixin.py:188} INFO - [2024-05-26T09:40:48.797+0000] {example_kubernetes_executor.py:39} WARNING - The example_kubernetes_executor example DAG requires the kubernetes provider. Please install it with: pip install apache-airflow[cncf.kubernetes]
[2024-05-26T09:40:48.797+0000] {processor.py:842} WARNING - No viable dags retrieved from /usr/local/python/3.10.13/lib/python3.10/site-packages/airflow/example_dags/example_kubernetes_executor.py
[2024-05-26T09:40:48.805+0000] {processor.py:183} INFO - Processing /usr/local/python/3.10.13/lib/python3.10/site-packages/airflow/example_dags/example_kubernetes_executor.py took 0.017 seconds
[2024-05-26T09:41:51.261+0000] {processor.py:161} INFO - Started process (PID=53468) to work on /usr/local/python/3.10.13/lib/python3.10/site-packages/airflow/example_dags/example_kubernetes_executor.py
[2024-05-26T09:41:51.262+0000] {processor.py:830} INFO - Processing file /usr/local/python/3.10.13/lib/python3.10/site-packages/airflow/example_dags/example_kubernetes_executor.py for tasks to queue
[2024-05-26T09:41:51.263+0000] {logging_mixin.py:188} INFO - [2024-05-26T09:41:51.263+0000] {dagbag.py:545} INFO - Filling up the DagBag from /usr/local/python/3.10.13/lib/python3.10/site-packages/airflow/example_dags/example_kubernetes_executor.py
[2024-05-26T09:41:51.265+0000] {logging_mixin.py:188} INFO - [2024-05-26T09:41:51.265+0000] {example_kubernetes_executor.py:39} WARNING - The example_kubernetes_executor example DAG requires the kubernetes provider. Please install it with: pip install apache-airflow[cncf.kubernetes]
[2024-05-26T09:41:51.265+0000] {processor.py:842} WARNING - No viable dags retrieved from /usr/local/python/3.10.13/lib/python3.10/site-packages/airflow/example_dags/example_kubernetes_executor.py
[2024-05-26T09:41:51.272+0000] {processor.py:183} INFO - Processing /usr/local/python/3.10.13/lib/python3.10/site-packages/airflow/example_dags/example_kubernetes_executor.py took 0.016 seconds
[2024-05-26T09:42:50.121+0000] {processor.py:161} INFO - Started process (PID=53873) to work on /usr/local/python/3.10.13/lib/python3.10/site-packages/airflow/example_dags/example_kubernetes_executor.py
[2024-05-26T09:42:50.122+0000] {processor.py:830} INFO - Processing file /usr/local/python/3.10.13/lib/python3.10/site-packages/airflow/example_dags/example_kubernetes_executor.py for tasks to queue
[2024-05-26T09:42:50.123+0000] {logging_mixin.py:188} INFO - [2024-05-26T09:42:50.123+0000] {dagbag.py:545} INFO - Filling up the DagBag from /usr/local/python/3.10.13/lib/python3.10/site-packages/airflow/example_dags/example_kubernetes_executor.py
[2024-05-26T09:42:50.125+0000] {logging_mixin.py:188} INFO - [2024-05-26T09:42:50.125+0000] {example_kubernetes_executor.py:39} WARNING - The example_kubernetes_executor example DAG requires the kubernetes provider. Please install it with: pip install apache-airflow[cncf.kubernetes]
[2024-05-26T09:42:50.126+0000] {processor.py:842} WARNING - No viable dags retrieved from /usr/local/python/3.10.13/lib/python3.10/site-packages/airflow/example_dags/example_kubernetes_executor.py
[2024-05-26T09:42:50.133+0000] {processor.py:183} INFO - Processing /usr/local/python/3.10.13/lib/python3.10/site-packages/airflow/example_dags/example_kubernetes_executor.py took 0.017 seconds
[2024-05-26T09:43:49.788+0000] {processor.py:161} INFO - Started process (PID=54291) to work on /usr/local/python/3.10.13/lib/python3.10/site-packages/airflow/example_dags/example_kubernetes_executor.py
[2024-05-26T09:43:49.789+0000] {processor.py:830} INFO - Processing file /usr/local/python/3.10.13/lib/python3.10/site-packages/airflow/example_dags/example_kubernetes_executor.py for tasks to queue
[2024-05-26T09:43:49.790+0000] {logging_mixin.py:188} INFO - [2024-05-26T09:43:49.790+0000] {dagbag.py:545} INFO - Filling up the DagBag from /usr/local/python/3.10.13/lib/python3.10/site-packages/airflow/example_dags/example_kubernetes_executor.py
[2024-05-26T09:43:49.793+0000] {logging_mixin.py:188} INFO - [2024-05-26T09:43:49.792+0000] {example_kubernetes_executor.py:39} WARNING - The example_kubernetes_executor example DAG requires the kubernetes provider. Please install it with: pip install apache-airflow[cncf.kubernetes]
[2024-05-26T09:43:49.793+0000] {processor.py:842} WARNING - No viable dags retrieved from /usr/local/python/3.10.13/lib/python3.10/site-packages/airflow/example_dags/example_kubernetes_executor.py
[2024-05-26T09:43:49.801+0000] {processor.py:183} INFO - Processing /usr/local/python/3.10.13/lib/python3.10/site-packages/airflow/example_dags/example_kubernetes_executor.py took 0.017 seconds
[2024-05-26T09:44:52.559+0000] {processor.py:161} INFO - Started process (PID=54893) to work on /usr/local/python/3.10.13/lib/python3.10/site-packages/airflow/example_dags/example_kubernetes_executor.py
[2024-05-26T09:44:52.559+0000] {processor.py:830} INFO - Processing file /usr/local/python/3.10.13/lib/python3.10/site-packages/airflow/example_dags/example_kubernetes_executor.py for tasks to queue
[2024-05-26T09:44:52.561+0000] {logging_mixin.py:188} INFO - [2024-05-26T09:44:52.560+0000] {dagbag.py:545} INFO - Filling up the DagBag from /usr/local/python/3.10.13/lib/python3.10/site-packages/airflow/example_dags/example_kubernetes_executor.py
[2024-05-26T09:44:52.563+0000] {logging_mixin.py:188} INFO - [2024-05-26T09:44:52.563+0000] {example_kubernetes_executor.py:39} WARNING - The example_kubernetes_executor example DAG requires the kubernetes provider. Please install it with: pip install apache-airflow[cncf.kubernetes]
[2024-05-26T09:44:52.563+0000] {processor.py:842} WARNING - No viable dags retrieved from /usr/local/python/3.10.13/lib/python3.10/site-packages/airflow/example_dags/example_kubernetes_executor.py
[2024-05-26T09:44:52.571+0000] {processor.py:183} INFO - Processing /usr/local/python/3.10.13/lib/python3.10/site-packages/airflow/example_dags/example_kubernetes_executor.py took 0.017 seconds
[2024-05-26T09:45:53.531+0000] {processor.py:161} INFO - Started process (PID=55667) to work on /usr/local/python/3.10.13/lib/python3.10/site-packages/airflow/example_dags/example_kubernetes_executor.py
[2024-05-26T09:45:53.531+0000] {processor.py:830} INFO - Processing file /usr/local/python/3.10.13/lib/python3.10/site-packages/airflow/example_dags/example_kubernetes_executor.py for tasks to queue
[2024-05-26T09:45:53.533+0000] {logging_mixin.py:188} INFO - [2024-05-26T09:45:53.533+0000] {dagbag.py:545} INFO - Filling up the DagBag from /usr/local/python/3.10.13/lib/python3.10/site-packages/airflow/example_dags/example_kubernetes_executor.py
[2024-05-26T09:45:53.536+0000] {logging_mixin.py:188} INFO - [2024-05-26T09:45:53.536+0000] {example_kubernetes_executor.py:39} WARNING - The example_kubernetes_executor example DAG requires the kubernetes provider. Please install it with: pip install apache-airflow[cncf.kubernetes]
[2024-05-26T09:45:53.537+0000] {processor.py:842} WARNING - No viable dags retrieved from /usr/local/python/3.10.13/lib/python3.10/site-packages/airflow/example_dags/example_kubernetes_executor.py
[2024-05-26T09:45:53.549+0000] {processor.py:183} INFO - Processing /usr/local/python/3.10.13/lib/python3.10/site-packages/airflow/example_dags/example_kubernetes_executor.py took 0.025 seconds
[2024-05-26T09:46:54.324+0000] {processor.py:161} INFO - Started process (PID=56430) to work on /usr/local/python/3.10.13/lib/python3.10/site-packages/airflow/example_dags/example_kubernetes_executor.py
[2024-05-26T09:46:54.324+0000] {processor.py:830} INFO - Processing file /usr/local/python/3.10.13/lib/python3.10/site-packages/airflow/example_dags/example_kubernetes_executor.py for tasks to queue
[2024-05-26T09:46:54.326+0000] {logging_mixin.py:188} INFO - [2024-05-26T09:46:54.325+0000] {dagbag.py:545} INFO - Filling up the DagBag from /usr/local/python/3.10.13/lib/python3.10/site-packages/airflow/example_dags/example_kubernetes_executor.py
[2024-05-26T09:46:54.328+0000] {logging_mixin.py:188} INFO - [2024-05-26T09:46:54.328+0000] {example_kubernetes_executor.py:39} WARNING - The example_kubernetes_executor example DAG requires the kubernetes provider. Please install it with: pip install apache-airflow[cncf.kubernetes]
[2024-05-26T09:46:54.328+0000] {processor.py:842} WARNING - No viable dags retrieved from /usr/local/python/3.10.13/lib/python3.10/site-packages/airflow/example_dags/example_kubernetes_executor.py
[2024-05-26T09:46:54.335+0000] {processor.py:183} INFO - Processing /usr/local/python/3.10.13/lib/python3.10/site-packages/airflow/example_dags/example_kubernetes_executor.py took 0.016 seconds
[2024-05-26T09:47:51.658+0000] {processor.py:161} INFO - Started process (PID=57152) to work on /usr/local/python/3.10.13/lib/python3.10/site-packages/airflow/example_dags/example_kubernetes_executor.py
[2024-05-26T09:47:51.659+0000] {processor.py:830} INFO - Processing file /usr/local/python/3.10.13/lib/python3.10/site-packages/airflow/example_dags/example_kubernetes_executor.py for tasks to queue
[2024-05-26T09:47:51.660+0000] {logging_mixin.py:188} INFO - [2024-05-26T09:47:51.660+0000] {dagbag.py:545} INFO - Filling up the DagBag from /usr/local/python/3.10.13/lib/python3.10/site-packages/airflow/example_dags/example_kubernetes_executor.py
[2024-05-26T09:47:51.662+0000] {logging_mixin.py:188} INFO - [2024-05-26T09:47:51.662+0000] {example_kubernetes_executor.py:39} WARNING - The example_kubernetes_executor example DAG requires the kubernetes provider. Please install it with: pip install apache-airflow[cncf.kubernetes]
[2024-05-26T09:47:51.663+0000] {processor.py:842} WARNING - No viable dags retrieved from /usr/local/python/3.10.13/lib/python3.10/site-packages/airflow/example_dags/example_kubernetes_executor.py
[2024-05-26T09:47:51.670+0000] {processor.py:183} INFO - Processing /usr/local/python/3.10.13/lib/python3.10/site-packages/airflow/example_dags/example_kubernetes_executor.py took 0.017 seconds
[2024-05-26T09:48:53.403+0000] {processor.py:161} INFO - Started process (PID=57837) to work on /usr/local/python/3.10.13/lib/python3.10/site-packages/airflow/example_dags/example_kubernetes_executor.py
[2024-05-26T09:48:53.404+0000] {processor.py:830} INFO - Processing file /usr/local/python/3.10.13/lib/python3.10/site-packages/airflow/example_dags/example_kubernetes_executor.py for tasks to queue
[2024-05-26T09:48:53.405+0000] {logging_mixin.py:188} INFO - [2024-05-26T09:48:53.405+0000] {dagbag.py:545} INFO - Filling up the DagBag from /usr/local/python/3.10.13/lib/python3.10/site-packages/airflow/example_dags/example_kubernetes_executor.py
[2024-05-26T09:48:53.408+0000] {logging_mixin.py:188} INFO - [2024-05-26T09:48:53.408+0000] {example_kubernetes_executor.py:39} WARNING - The example_kubernetes_executor example DAG requires the kubernetes provider. Please install it with: pip install apache-airflow[cncf.kubernetes]
[2024-05-26T09:48:53.408+0000] {processor.py:842} WARNING - No viable dags retrieved from /usr/local/python/3.10.13/lib/python3.10/site-packages/airflow/example_dags/example_kubernetes_executor.py
[2024-05-26T09:48:53.415+0000] {processor.py:183} INFO - Processing /usr/local/python/3.10.13/lib/python3.10/site-packages/airflow/example_dags/example_kubernetes_executor.py took 0.017 seconds
[2024-05-26T09:49:57.802+0000] {processor.py:161} INFO - Started process (PID=58474) to work on /usr/local/python/3.10.13/lib/python3.10/site-packages/airflow/example_dags/example_kubernetes_executor.py
[2024-05-26T09:49:57.803+0000] {processor.py:830} INFO - Processing file /usr/local/python/3.10.13/lib/python3.10/site-packages/airflow/example_dags/example_kubernetes_executor.py for tasks to queue
[2024-05-26T09:49:57.804+0000] {logging_mixin.py:188} INFO - [2024-05-26T09:49:57.803+0000] {dagbag.py:545} INFO - Filling up the DagBag from /usr/local/python/3.10.13/lib/python3.10/site-packages/airflow/example_dags/example_kubernetes_executor.py
[2024-05-26T09:49:57.806+0000] {logging_mixin.py:188} INFO - [2024-05-26T09:49:57.806+0000] {example_kubernetes_executor.py:39} WARNING - The example_kubernetes_executor example DAG requires the kubernetes provider. Please install it with: pip install apache-airflow[cncf.kubernetes]
[2024-05-26T09:49:57.806+0000] {processor.py:842} WARNING - No viable dags retrieved from /usr/local/python/3.10.13/lib/python3.10/site-packages/airflow/example_dags/example_kubernetes_executor.py
[2024-05-26T09:49:57.814+0000] {processor.py:183} INFO - Processing /usr/local/python/3.10.13/lib/python3.10/site-packages/airflow/example_dags/example_kubernetes_executor.py took 0.017 seconds
[2024-05-26T09:51:00.148+0000] {processor.py:161} INFO - Started process (PID=59018) to work on /usr/local/python/3.10.13/lib/python3.10/site-packages/airflow/example_dags/example_kubernetes_executor.py
[2024-05-26T09:51:00.149+0000] {processor.py:830} INFO - Processing file /usr/local/python/3.10.13/lib/python3.10/site-packages/airflow/example_dags/example_kubernetes_executor.py for tasks to queue
[2024-05-26T09:51:00.151+0000] {logging_mixin.py:188} INFO - [2024-05-26T09:51:00.151+0000] {dagbag.py:545} INFO - Filling up the DagBag from /usr/local/python/3.10.13/lib/python3.10/site-packages/airflow/example_dags/example_kubernetes_executor.py
[2024-05-26T09:51:00.154+0000] {logging_mixin.py:188} INFO - [2024-05-26T09:51:00.154+0000] {example_kubernetes_executor.py:39} WARNING - The example_kubernetes_executor example DAG requires the kubernetes provider. Please install it with: pip install apache-airflow[cncf.kubernetes]
[2024-05-26T09:51:00.155+0000] {processor.py:842} WARNING - No viable dags retrieved from /usr/local/python/3.10.13/lib/python3.10/site-packages/airflow/example_dags/example_kubernetes_executor.py
[2024-05-26T09:51:00.164+0000] {processor.py:183} INFO - Processing /usr/local/python/3.10.13/lib/python3.10/site-packages/airflow/example_dags/example_kubernetes_executor.py took 0.021 seconds
[2024-05-26T09:52:00.704+0000] {processor.py:161} INFO - Started process (PID=59637) to work on /usr/local/python/3.10.13/lib/python3.10/site-packages/airflow/example_dags/example_kubernetes_executor.py
[2024-05-26T09:52:00.704+0000] {processor.py:830} INFO - Processing file /usr/local/python/3.10.13/lib/python3.10/site-packages/airflow/example_dags/example_kubernetes_executor.py for tasks to queue
[2024-05-26T09:52:00.706+0000] {logging_mixin.py:188} INFO - [2024-05-26T09:52:00.705+0000] {dagbag.py:545} INFO - Filling up the DagBag from /usr/local/python/3.10.13/lib/python3.10/site-packages/airflow/example_dags/example_kubernetes_executor.py
[2024-05-26T09:52:00.708+0000] {logging_mixin.py:188} INFO - [2024-05-26T09:52:00.708+0000] {example_kubernetes_executor.py:39} WARNING - The example_kubernetes_executor example DAG requires the kubernetes provider. Please install it with: pip install apache-airflow[cncf.kubernetes]
[2024-05-26T09:52:00.708+0000] {processor.py:842} WARNING - No viable dags retrieved from /usr/local/python/3.10.13/lib/python3.10/site-packages/airflow/example_dags/example_kubernetes_executor.py
[2024-05-26T09:52:00.715+0000] {processor.py:183} INFO - Processing /usr/local/python/3.10.13/lib/python3.10/site-packages/airflow/example_dags/example_kubernetes_executor.py took 0.017 seconds
[2024-05-26T09:53:03.136+0000] {processor.py:161} INFO - Started process (PID=60162) to work on /usr/local/python/3.10.13/lib/python3.10/site-packages/airflow/example_dags/example_kubernetes_executor.py
[2024-05-26T09:53:03.137+0000] {processor.py:830} INFO - Processing file /usr/local/python/3.10.13/lib/python3.10/site-packages/airflow/example_dags/example_kubernetes_executor.py for tasks to queue
[2024-05-26T09:53:03.138+0000] {logging_mixin.py:188} INFO - [2024-05-26T09:53:03.138+0000] {dagbag.py:545} INFO - Filling up the DagBag from /usr/local/python/3.10.13/lib/python3.10/site-packages/airflow/example_dags/example_kubernetes_executor.py
[2024-05-26T09:53:03.140+0000] {logging_mixin.py:188} INFO - [2024-05-26T09:53:03.140+0000] {example_kubernetes_executor.py:39} WARNING - The example_kubernetes_executor example DAG requires the kubernetes provider. Please install it with: pip install apache-airflow[cncf.kubernetes]
[2024-05-26T09:53:03.141+0000] {processor.py:842} WARNING - No viable dags retrieved from /usr/local/python/3.10.13/lib/python3.10/site-packages/airflow/example_dags/example_kubernetes_executor.py
[2024-05-26T09:53:03.148+0000] {processor.py:183} INFO - Processing /usr/local/python/3.10.13/lib/python3.10/site-packages/airflow/example_dags/example_kubernetes_executor.py took 0.017 seconds
[2024-05-26T09:54:07.413+0000] {processor.py:161} INFO - Started process (PID=60666) to work on /usr/local/python/3.10.13/lib/python3.10/site-packages/airflow/example_dags/example_kubernetes_executor.py
[2024-05-26T09:54:07.414+0000] {processor.py:830} INFO - Processing file /usr/local/python/3.10.13/lib/python3.10/site-packages/airflow/example_dags/example_kubernetes_executor.py for tasks to queue
[2024-05-26T09:54:07.415+0000] {logging_mixin.py:188} INFO - [2024-05-26T09:54:07.415+0000] {dagbag.py:545} INFO - Filling up the DagBag from /usr/local/python/3.10.13/lib/python3.10/site-packages/airflow/example_dags/example_kubernetes_executor.py
[2024-05-26T09:54:07.418+0000] {logging_mixin.py:188} INFO - [2024-05-26T09:54:07.418+0000] {example_kubernetes_executor.py:39} WARNING - The example_kubernetes_executor example DAG requires the kubernetes provider. Please install it with: pip install apache-airflow[cncf.kubernetes]
[2024-05-26T09:54:07.418+0000] {processor.py:842} WARNING - No viable dags retrieved from /usr/local/python/3.10.13/lib/python3.10/site-packages/airflow/example_dags/example_kubernetes_executor.py
[2024-05-26T09:54:07.426+0000] {processor.py:183} INFO - Processing /usr/local/python/3.10.13/lib/python3.10/site-packages/airflow/example_dags/example_kubernetes_executor.py took 0.017 seconds
[2024-05-26T09:55:12.666+0000] {processor.py:161} INFO - Started process (PID=61191) to work on /usr/local/python/3.10.13/lib/python3.10/site-packages/airflow/example_dags/example_kubernetes_executor.py
[2024-05-26T09:55:12.666+0000] {processor.py:830} INFO - Processing file /usr/local/python/3.10.13/lib/python3.10/site-packages/airflow/example_dags/example_kubernetes_executor.py for tasks to queue
[2024-05-26T09:55:12.668+0000] {logging_mixin.py:188} INFO - [2024-05-26T09:55:12.668+0000] {dagbag.py:545} INFO - Filling up the DagBag from /usr/local/python/3.10.13/lib/python3.10/site-packages/airflow/example_dags/example_kubernetes_executor.py
[2024-05-26T09:55:12.672+0000] {logging_mixin.py:188} INFO - [2024-05-26T09:55:12.672+0000] {example_kubernetes_executor.py:39} WARNING - The example_kubernetes_executor example DAG requires the kubernetes provider. Please install it with: pip install apache-airflow[cncf.kubernetes]
[2024-05-26T09:55:12.672+0000] {processor.py:842} WARNING - No viable dags retrieved from /usr/local/python/3.10.13/lib/python3.10/site-packages/airflow/example_dags/example_kubernetes_executor.py
[2024-05-26T09:55:12.681+0000] {processor.py:183} INFO - Processing /usr/local/python/3.10.13/lib/python3.10/site-packages/airflow/example_dags/example_kubernetes_executor.py took 0.021 seconds
