[2024-05-26T09:11:13.613+0000] {processor.py:161} INFO - Started process (PID=40389) to work on /usr/local/python/3.10.13/lib/python3.10/site-packages/airflow/example_dags/example_branch_labels.py
[2024-05-26T09:11:13.614+0000] {processor.py:830} INFO - Processing file /usr/local/python/3.10.13/lib/python3.10/site-packages/airflow/example_dags/example_branch_labels.py for tasks to queue
[2024-05-26T09:11:13.615+0000] {logging_mixin.py:188} INFO - [2024-05-26T09:11:13.615+0000] {dagbag.py:545} INFO - Filling up the DagBag from /usr/local/python/3.10.13/lib/python3.10/site-packages/airflow/example_dags/example_branch_labels.py
[2024-05-26T09:11:13.622+0000] {processor.py:840} INFO - DAG(s) 'example_branch_labels' retrieved from /usr/local/python/3.10.13/lib/python3.10/site-packages/airflow/example_dags/example_branch_labels.py
[2024-05-26T09:11:13.634+0000] {logging_mixin.py:188} INFO - [2024-05-26T09:11:13.634+0000] {dag.py:3096} INFO - Sync 1 DAGs
[2024-05-26T09:11:13.650+0000] {logging_mixin.py:188} INFO - [2024-05-26T09:11:13.649+0000] {dag.py:3954} INFO - Setting next_dagrun for example_branch_labels to 2024-05-25 00:00:00+00:00, run_after=2024-05-26 00:00:00+00:00
[2024-05-26T09:11:13.692+0000] {processor.py:183} INFO - Processing /usr/local/python/3.10.13/lib/python3.10/site-packages/airflow/example_dags/example_branch_labels.py took 0.083 seconds
[2024-05-26T09:12:18.252+0000] {processor.py:161} INFO - Started process (PID=40836) to work on /usr/local/python/3.10.13/lib/python3.10/site-packages/airflow/example_dags/example_branch_labels.py
[2024-05-26T09:12:18.253+0000] {processor.py:830} INFO - Processing file /usr/local/python/3.10.13/lib/python3.10/site-packages/airflow/example_dags/example_branch_labels.py for tasks to queue
[2024-05-26T09:12:18.254+0000] {logging_mixin.py:188} INFO - [2024-05-26T09:12:18.254+0000] {dagbag.py:545} INFO - Filling up the DagBag from /usr/local/python/3.10.13/lib/python3.10/site-packages/airflow/example_dags/example_branch_labels.py
[2024-05-26T09:12:18.261+0000] {processor.py:840} INFO - DAG(s) 'example_branch_labels' retrieved from /usr/local/python/3.10.13/lib/python3.10/site-packages/airflow/example_dags/example_branch_labels.py
[2024-05-26T09:12:18.273+0000] {logging_mixin.py:188} INFO - [2024-05-26T09:12:18.273+0000] {dag.py:3096} INFO - Sync 1 DAGs
[2024-05-26T09:12:18.288+0000] {logging_mixin.py:188} INFO - [2024-05-26T09:12:18.288+0000] {dag.py:3954} INFO - Setting next_dagrun for example_branch_labels to 2024-05-25 00:00:00+00:00, run_after=2024-05-26 00:00:00+00:00
[2024-05-26T09:12:18.327+0000] {processor.py:183} INFO - Processing /usr/local/python/3.10.13/lib/python3.10/site-packages/airflow/example_dags/example_branch_labels.py took 0.080 seconds
[2024-05-26T09:13:20.317+0000] {processor.py:161} INFO - Started process (PID=41343) to work on /usr/local/python/3.10.13/lib/python3.10/site-packages/airflow/example_dags/example_branch_labels.py
[2024-05-26T09:13:20.317+0000] {processor.py:830} INFO - Processing file /usr/local/python/3.10.13/lib/python3.10/site-packages/airflow/example_dags/example_branch_labels.py for tasks to queue
[2024-05-26T09:13:20.319+0000] {logging_mixin.py:188} INFO - [2024-05-26T09:13:20.318+0000] {dagbag.py:545} INFO - Filling up the DagBag from /usr/local/python/3.10.13/lib/python3.10/site-packages/airflow/example_dags/example_branch_labels.py
[2024-05-26T09:13:20.328+0000] {processor.py:840} INFO - DAG(s) 'example_branch_labels' retrieved from /usr/local/python/3.10.13/lib/python3.10/site-packages/airflow/example_dags/example_branch_labels.py
[2024-05-26T09:13:20.345+0000] {logging_mixin.py:188} INFO - [2024-05-26T09:13:20.344+0000] {dag.py:3096} INFO - Sync 1 DAGs
[2024-05-26T09:13:20.361+0000] {logging_mixin.py:188} INFO - [2024-05-26T09:13:20.361+0000] {dag.py:3954} INFO - Setting next_dagrun for example_branch_labels to 2024-05-25 00:00:00+00:00, run_after=2024-05-26 00:00:00+00:00
[2024-05-26T09:13:20.399+0000] {processor.py:183} INFO - Processing /usr/local/python/3.10.13/lib/python3.10/site-packages/airflow/example_dags/example_branch_labels.py took 0.087 seconds
[2024-05-26T09:14:24.751+0000] {processor.py:161} INFO - Started process (PID=41884) to work on /usr/local/python/3.10.13/lib/python3.10/site-packages/airflow/example_dags/example_branch_labels.py
[2024-05-26T09:14:24.752+0000] {processor.py:830} INFO - Processing file /usr/local/python/3.10.13/lib/python3.10/site-packages/airflow/example_dags/example_branch_labels.py for tasks to queue
[2024-05-26T09:14:24.753+0000] {logging_mixin.py:188} INFO - [2024-05-26T09:14:24.753+0000] {dagbag.py:545} INFO - Filling up the DagBag from /usr/local/python/3.10.13/lib/python3.10/site-packages/airflow/example_dags/example_branch_labels.py
[2024-05-26T09:14:24.761+0000] {processor.py:840} INFO - DAG(s) 'example_branch_labels' retrieved from /usr/local/python/3.10.13/lib/python3.10/site-packages/airflow/example_dags/example_branch_labels.py
[2024-05-26T09:14:24.774+0000] {logging_mixin.py:188} INFO - [2024-05-26T09:14:24.774+0000] {dag.py:3096} INFO - Sync 1 DAGs
[2024-05-26T09:14:24.789+0000] {logging_mixin.py:188} INFO - [2024-05-26T09:14:24.789+0000] {dag.py:3954} INFO - Setting next_dagrun for example_branch_labels to 2024-05-25 00:00:00+00:00, run_after=2024-05-26 00:00:00+00:00
[2024-05-26T09:14:24.835+0000] {processor.py:183} INFO - Processing /usr/local/python/3.10.13/lib/python3.10/site-packages/airflow/example_dags/example_branch_labels.py took 0.089 seconds
[2024-05-26T09:15:29.707+0000] {processor.py:161} INFO - Started process (PID=42330) to work on /usr/local/python/3.10.13/lib/python3.10/site-packages/airflow/example_dags/example_branch_labels.py
[2024-05-26T09:15:29.708+0000] {processor.py:830} INFO - Processing file /usr/local/python/3.10.13/lib/python3.10/site-packages/airflow/example_dags/example_branch_labels.py for tasks to queue
[2024-05-26T09:15:29.709+0000] {logging_mixin.py:188} INFO - [2024-05-26T09:15:29.709+0000] {dagbag.py:545} INFO - Filling up the DagBag from /usr/local/python/3.10.13/lib/python3.10/site-packages/airflow/example_dags/example_branch_labels.py
[2024-05-26T09:15:29.716+0000] {processor.py:840} INFO - DAG(s) 'example_branch_labels' retrieved from /usr/local/python/3.10.13/lib/python3.10/site-packages/airflow/example_dags/example_branch_labels.py
[2024-05-26T09:15:29.728+0000] {logging_mixin.py:188} INFO - [2024-05-26T09:15:29.727+0000] {dag.py:3096} INFO - Sync 1 DAGs
[2024-05-26T09:15:29.743+0000] {logging_mixin.py:188} INFO - [2024-05-26T09:15:29.743+0000] {dag.py:3954} INFO - Setting next_dagrun for example_branch_labels to 2024-05-25 00:00:00+00:00, run_after=2024-05-26 00:00:00+00:00
[2024-05-26T09:15:29.780+0000] {processor.py:183} INFO - Processing /usr/local/python/3.10.13/lib/python3.10/site-packages/airflow/example_dags/example_branch_labels.py took 0.077 seconds
[2024-05-26T09:16:30.789+0000] {processor.py:161} INFO - Started process (PID=42758) to work on /usr/local/python/3.10.13/lib/python3.10/site-packages/airflow/example_dags/example_branch_labels.py
[2024-05-26T09:16:30.790+0000] {processor.py:830} INFO - Processing file /usr/local/python/3.10.13/lib/python3.10/site-packages/airflow/example_dags/example_branch_labels.py for tasks to queue
[2024-05-26T09:16:30.791+0000] {logging_mixin.py:188} INFO - [2024-05-26T09:16:30.791+0000] {dagbag.py:545} INFO - Filling up the DagBag from /usr/local/python/3.10.13/lib/python3.10/site-packages/airflow/example_dags/example_branch_labels.py
[2024-05-26T09:16:30.798+0000] {processor.py:840} INFO - DAG(s) 'example_branch_labels' retrieved from /usr/local/python/3.10.13/lib/python3.10/site-packages/airflow/example_dags/example_branch_labels.py
[2024-05-26T09:16:30.811+0000] {logging_mixin.py:188} INFO - [2024-05-26T09:16:30.811+0000] {dag.py:3096} INFO - Sync 1 DAGs
[2024-05-26T09:16:30.826+0000] {logging_mixin.py:188} INFO - [2024-05-26T09:16:30.826+0000] {dag.py:3954} INFO - Setting next_dagrun for example_branch_labels to 2024-05-25 00:00:00+00:00, run_after=2024-05-26 00:00:00+00:00
[2024-05-26T09:16:30.863+0000] {processor.py:183} INFO - Processing /usr/local/python/3.10.13/lib/python3.10/site-packages/airflow/example_dags/example_branch_labels.py took 0.079 seconds
[2024-05-26T09:17:35.344+0000] {processor.py:161} INFO - Started process (PID=43210) to work on /usr/local/python/3.10.13/lib/python3.10/site-packages/airflow/example_dags/example_branch_labels.py
[2024-05-26T09:17:35.344+0000] {processor.py:830} INFO - Processing file /usr/local/python/3.10.13/lib/python3.10/site-packages/airflow/example_dags/example_branch_labels.py for tasks to queue
[2024-05-26T09:17:35.346+0000] {logging_mixin.py:188} INFO - [2024-05-26T09:17:35.345+0000] {dagbag.py:545} INFO - Filling up the DagBag from /usr/local/python/3.10.13/lib/python3.10/site-packages/airflow/example_dags/example_branch_labels.py
[2024-05-26T09:17:35.352+0000] {processor.py:840} INFO - DAG(s) 'example_branch_labels' retrieved from /usr/local/python/3.10.13/lib/python3.10/site-packages/airflow/example_dags/example_branch_labels.py
[2024-05-26T09:17:35.365+0000] {logging_mixin.py:188} INFO - [2024-05-26T09:17:35.365+0000] {dag.py:3096} INFO - Sync 1 DAGs
[2024-05-26T09:17:35.381+0000] {logging_mixin.py:188} INFO - [2024-05-26T09:17:35.380+0000] {dag.py:3954} INFO - Setting next_dagrun for example_branch_labels to 2024-05-25 00:00:00+00:00, run_after=2024-05-26 00:00:00+00:00
[2024-05-26T09:17:35.419+0000] {processor.py:183} INFO - Processing /usr/local/python/3.10.13/lib/python3.10/site-packages/airflow/example_dags/example_branch_labels.py took 0.080 seconds
[2024-05-26T09:18:39.474+0000] {processor.py:161} INFO - Started process (PID=43652) to work on /usr/local/python/3.10.13/lib/python3.10/site-packages/airflow/example_dags/example_branch_labels.py
[2024-05-26T09:18:39.475+0000] {processor.py:830} INFO - Processing file /usr/local/python/3.10.13/lib/python3.10/site-packages/airflow/example_dags/example_branch_labels.py for tasks to queue
[2024-05-26T09:18:39.476+0000] {logging_mixin.py:188} INFO - [2024-05-26T09:18:39.476+0000] {dagbag.py:545} INFO - Filling up the DagBag from /usr/local/python/3.10.13/lib/python3.10/site-packages/airflow/example_dags/example_branch_labels.py
[2024-05-26T09:18:39.483+0000] {processor.py:840} INFO - DAG(s) 'example_branch_labels' retrieved from /usr/local/python/3.10.13/lib/python3.10/site-packages/airflow/example_dags/example_branch_labels.py
[2024-05-26T09:18:39.495+0000] {logging_mixin.py:188} INFO - [2024-05-26T09:18:39.495+0000] {dag.py:3096} INFO - Sync 1 DAGs
[2024-05-26T09:18:39.511+0000] {logging_mixin.py:188} INFO - [2024-05-26T09:18:39.511+0000] {dag.py:3954} INFO - Setting next_dagrun for example_branch_labels to 2024-05-25 00:00:00+00:00, run_after=2024-05-26 00:00:00+00:00
[2024-05-26T09:18:39.548+0000] {processor.py:183} INFO - Processing /usr/local/python/3.10.13/lib/python3.10/site-packages/airflow/example_dags/example_branch_labels.py took 0.079 seconds
[2024-05-26T09:19:41.932+0000] {processor.py:161} INFO - Started process (PID=44146) to work on /usr/local/python/3.10.13/lib/python3.10/site-packages/airflow/example_dags/example_branch_labels.py
[2024-05-26T09:19:41.933+0000] {processor.py:830} INFO - Processing file /usr/local/python/3.10.13/lib/python3.10/site-packages/airflow/example_dags/example_branch_labels.py for tasks to queue
[2024-05-26T09:19:41.934+0000] {logging_mixin.py:188} INFO - [2024-05-26T09:19:41.934+0000] {dagbag.py:545} INFO - Filling up the DagBag from /usr/local/python/3.10.13/lib/python3.10/site-packages/airflow/example_dags/example_branch_labels.py
[2024-05-26T09:19:41.941+0000] {processor.py:840} INFO - DAG(s) 'example_branch_labels' retrieved from /usr/local/python/3.10.13/lib/python3.10/site-packages/airflow/example_dags/example_branch_labels.py
[2024-05-26T09:19:41.954+0000] {logging_mixin.py:188} INFO - [2024-05-26T09:19:41.954+0000] {dag.py:3096} INFO - Sync 1 DAGs
[2024-05-26T09:19:41.970+0000] {logging_mixin.py:188} INFO - [2024-05-26T09:19:41.970+0000] {dag.py:3954} INFO - Setting next_dagrun for example_branch_labels to 2024-05-25 00:00:00+00:00, run_after=2024-05-26 00:00:00+00:00
[2024-05-26T09:19:42.009+0000] {processor.py:183} INFO - Processing /usr/local/python/3.10.13/lib/python3.10/site-packages/airflow/example_dags/example_branch_labels.py took 0.081 seconds
[2024-05-26T09:20:45.656+0000] {processor.py:161} INFO - Started process (PID=44588) to work on /usr/local/python/3.10.13/lib/python3.10/site-packages/airflow/example_dags/example_branch_labels.py
[2024-05-26T09:20:45.657+0000] {processor.py:830} INFO - Processing file /usr/local/python/3.10.13/lib/python3.10/site-packages/airflow/example_dags/example_branch_labels.py for tasks to queue
[2024-05-26T09:20:45.658+0000] {logging_mixin.py:188} INFO - [2024-05-26T09:20:45.658+0000] {dagbag.py:545} INFO - Filling up the DagBag from /usr/local/python/3.10.13/lib/python3.10/site-packages/airflow/example_dags/example_branch_labels.py
[2024-05-26T09:20:45.665+0000] {processor.py:840} INFO - DAG(s) 'example_branch_labels' retrieved from /usr/local/python/3.10.13/lib/python3.10/site-packages/airflow/example_dags/example_branch_labels.py
[2024-05-26T09:20:45.677+0000] {logging_mixin.py:188} INFO - [2024-05-26T09:20:45.677+0000] {dag.py:3096} INFO - Sync 1 DAGs
[2024-05-26T09:20:45.693+0000] {logging_mixin.py:188} INFO - [2024-05-26T09:20:45.693+0000] {dag.py:3954} INFO - Setting next_dagrun for example_branch_labels to 2024-05-25 00:00:00+00:00, run_after=2024-05-26 00:00:00+00:00
[2024-05-26T09:20:45.732+0000] {processor.py:183} INFO - Processing /usr/local/python/3.10.13/lib/python3.10/site-packages/airflow/example_dags/example_branch_labels.py took 0.080 seconds
[2024-05-26T09:21:50.216+0000] {processor.py:161} INFO - Started process (PID=45043) to work on /usr/local/python/3.10.13/lib/python3.10/site-packages/airflow/example_dags/example_branch_labels.py
[2024-05-26T09:21:50.216+0000] {processor.py:830} INFO - Processing file /usr/local/python/3.10.13/lib/python3.10/site-packages/airflow/example_dags/example_branch_labels.py for tasks to queue
[2024-05-26T09:21:50.217+0000] {logging_mixin.py:188} INFO - [2024-05-26T09:21:50.217+0000] {dagbag.py:545} INFO - Filling up the DagBag from /usr/local/python/3.10.13/lib/python3.10/site-packages/airflow/example_dags/example_branch_labels.py
[2024-05-26T09:21:50.224+0000] {processor.py:840} INFO - DAG(s) 'example_branch_labels' retrieved from /usr/local/python/3.10.13/lib/python3.10/site-packages/airflow/example_dags/example_branch_labels.py
[2024-05-26T09:21:50.237+0000] {logging_mixin.py:188} INFO - [2024-05-26T09:21:50.236+0000] {dag.py:3096} INFO - Sync 1 DAGs
[2024-05-26T09:21:50.252+0000] {logging_mixin.py:188} INFO - [2024-05-26T09:21:50.252+0000] {dag.py:3954} INFO - Setting next_dagrun for example_branch_labels to 2024-05-25 00:00:00+00:00, run_after=2024-05-26 00:00:00+00:00
[2024-05-26T09:21:50.293+0000] {processor.py:183} INFO - Processing /usr/local/python/3.10.13/lib/python3.10/site-packages/airflow/example_dags/example_branch_labels.py took 0.082 seconds
[2024-05-26T09:22:46.980+0000] {processor.py:161} INFO - Started process (PID=45433) to work on /usr/local/python/3.10.13/lib/python3.10/site-packages/airflow/example_dags/example_branch_labels.py
[2024-05-26T09:22:46.981+0000] {processor.py:830} INFO - Processing file /usr/local/python/3.10.13/lib/python3.10/site-packages/airflow/example_dags/example_branch_labels.py for tasks to queue
[2024-05-26T09:22:46.982+0000] {logging_mixin.py:188} INFO - [2024-05-26T09:22:46.982+0000] {dagbag.py:545} INFO - Filling up the DagBag from /usr/local/python/3.10.13/lib/python3.10/site-packages/airflow/example_dags/example_branch_labels.py
[2024-05-26T09:22:46.988+0000] {processor.py:840} INFO - DAG(s) 'example_branch_labels' retrieved from /usr/local/python/3.10.13/lib/python3.10/site-packages/airflow/example_dags/example_branch_labels.py
[2024-05-26T09:22:47.001+0000] {logging_mixin.py:188} INFO - [2024-05-26T09:22:47.001+0000] {dag.py:3096} INFO - Sync 1 DAGs
[2024-05-26T09:22:47.017+0000] {logging_mixin.py:188} INFO - [2024-05-26T09:22:47.017+0000] {dag.py:3954} INFO - Setting next_dagrun for example_branch_labels to 2024-05-25 00:00:00+00:00, run_after=2024-05-26 00:00:00+00:00
[2024-05-26T09:22:47.055+0000] {processor.py:183} INFO - Processing /usr/local/python/3.10.13/lib/python3.10/site-packages/airflow/example_dags/example_branch_labels.py took 0.080 seconds
[2024-05-26T09:23:47.772+0000] {processor.py:161} INFO - Started process (PID=45854) to work on /usr/local/python/3.10.13/lib/python3.10/site-packages/airflow/example_dags/example_branch_labels.py
[2024-05-26T09:23:47.772+0000] {processor.py:830} INFO - Processing file /usr/local/python/3.10.13/lib/python3.10/site-packages/airflow/example_dags/example_branch_labels.py for tasks to queue
[2024-05-26T09:23:47.774+0000] {logging_mixin.py:188} INFO - [2024-05-26T09:23:47.773+0000] {dagbag.py:545} INFO - Filling up the DagBag from /usr/local/python/3.10.13/lib/python3.10/site-packages/airflow/example_dags/example_branch_labels.py
[2024-05-26T09:23:47.780+0000] {processor.py:840} INFO - DAG(s) 'example_branch_labels' retrieved from /usr/local/python/3.10.13/lib/python3.10/site-packages/airflow/example_dags/example_branch_labels.py
[2024-05-26T09:23:47.793+0000] {logging_mixin.py:188} INFO - [2024-05-26T09:23:47.793+0000] {dag.py:3096} INFO - Sync 1 DAGs
[2024-05-26T09:23:47.809+0000] {logging_mixin.py:188} INFO - [2024-05-26T09:23:47.809+0000] {dag.py:3954} INFO - Setting next_dagrun for example_branch_labels to 2024-05-25 00:00:00+00:00, run_after=2024-05-26 00:00:00+00:00
[2024-05-26T09:23:47.847+0000] {processor.py:183} INFO - Processing /usr/local/python/3.10.13/lib/python3.10/site-packages/airflow/example_dags/example_branch_labels.py took 0.080 seconds
[2024-05-26T09:24:48.643+0000] {processor.py:161} INFO - Started process (PID=46273) to work on /usr/local/python/3.10.13/lib/python3.10/site-packages/airflow/example_dags/example_branch_labels.py
[2024-05-26T09:24:48.644+0000] {processor.py:830} INFO - Processing file /usr/local/python/3.10.13/lib/python3.10/site-packages/airflow/example_dags/example_branch_labels.py for tasks to queue
[2024-05-26T09:24:48.645+0000] {logging_mixin.py:188} INFO - [2024-05-26T09:24:48.645+0000] {dagbag.py:545} INFO - Filling up the DagBag from /usr/local/python/3.10.13/lib/python3.10/site-packages/airflow/example_dags/example_branch_labels.py
[2024-05-26T09:24:48.652+0000] {processor.py:840} INFO - DAG(s) 'example_branch_labels' retrieved from /usr/local/python/3.10.13/lib/python3.10/site-packages/airflow/example_dags/example_branch_labels.py
[2024-05-26T09:24:48.664+0000] {logging_mixin.py:188} INFO - [2024-05-26T09:24:48.664+0000] {dag.py:3096} INFO - Sync 1 DAGs
[2024-05-26T09:24:48.679+0000] {logging_mixin.py:188} INFO - [2024-05-26T09:24:48.679+0000] {dag.py:3954} INFO - Setting next_dagrun for example_branch_labels to 2024-05-25 00:00:00+00:00, run_after=2024-05-26 00:00:00+00:00
[2024-05-26T09:24:48.718+0000] {processor.py:183} INFO - Processing /usr/local/python/3.10.13/lib/python3.10/site-packages/airflow/example_dags/example_branch_labels.py took 0.079 seconds
[2024-05-26T09:25:50.788+0000] {processor.py:161} INFO - Started process (PID=46723) to work on /usr/local/python/3.10.13/lib/python3.10/site-packages/airflow/example_dags/example_branch_labels.py
[2024-05-26T09:25:50.789+0000] {processor.py:830} INFO - Processing file /usr/local/python/3.10.13/lib/python3.10/site-packages/airflow/example_dags/example_branch_labels.py for tasks to queue
[2024-05-26T09:25:50.791+0000] {logging_mixin.py:188} INFO - [2024-05-26T09:25:50.790+0000] {dagbag.py:545} INFO - Filling up the DagBag from /usr/local/python/3.10.13/lib/python3.10/site-packages/airflow/example_dags/example_branch_labels.py
[2024-05-26T09:25:50.801+0000] {processor.py:840} INFO - DAG(s) 'example_branch_labels' retrieved from /usr/local/python/3.10.13/lib/python3.10/site-packages/airflow/example_dags/example_branch_labels.py
[2024-05-26T09:25:50.828+0000] {logging_mixin.py:188} INFO - [2024-05-26T09:25:50.828+0000] {dag.py:3096} INFO - Sync 1 DAGs
[2024-05-26T09:25:50.868+0000] {logging_mixin.py:188} INFO - [2024-05-26T09:25:50.868+0000] {dag.py:3954} INFO - Setting next_dagrun for example_branch_labels to 2024-05-25 00:00:00+00:00, run_after=2024-05-26 00:00:00+00:00
[2024-05-26T09:25:50.908+0000] {processor.py:183} INFO - Processing /usr/local/python/3.10.13/lib/python3.10/site-packages/airflow/example_dags/example_branch_labels.py took 0.127 seconds
[2024-05-26T09:26:53.975+0000] {processor.py:161} INFO - Started process (PID=47187) to work on /usr/local/python/3.10.13/lib/python3.10/site-packages/airflow/example_dags/example_branch_labels.py
[2024-05-26T09:26:53.975+0000] {processor.py:830} INFO - Processing file /usr/local/python/3.10.13/lib/python3.10/site-packages/airflow/example_dags/example_branch_labels.py for tasks to queue
[2024-05-26T09:26:53.976+0000] {logging_mixin.py:188} INFO - [2024-05-26T09:26:53.976+0000] {dagbag.py:545} INFO - Filling up the DagBag from /usr/local/python/3.10.13/lib/python3.10/site-packages/airflow/example_dags/example_branch_labels.py
[2024-05-26T09:26:53.983+0000] {processor.py:840} INFO - DAG(s) 'example_branch_labels' retrieved from /usr/local/python/3.10.13/lib/python3.10/site-packages/airflow/example_dags/example_branch_labels.py
[2024-05-26T09:26:53.995+0000] {logging_mixin.py:188} INFO - [2024-05-26T09:26:53.995+0000] {dag.py:3096} INFO - Sync 1 DAGs
[2024-05-26T09:26:54.011+0000] {logging_mixin.py:188} INFO - [2024-05-26T09:26:54.011+0000] {dag.py:3954} INFO - Setting next_dagrun for example_branch_labels to 2024-05-25 00:00:00+00:00, run_after=2024-05-26 00:00:00+00:00
[2024-05-26T09:26:54.048+0000] {processor.py:183} INFO - Processing /usr/local/python/3.10.13/lib/python3.10/site-packages/airflow/example_dags/example_branch_labels.py took 0.078 seconds
[2024-05-26T09:27:54.792+0000] {processor.py:161} INFO - Started process (PID=47620) to work on /usr/local/python/3.10.13/lib/python3.10/site-packages/airflow/example_dags/example_branch_labels.py
[2024-05-26T09:27:54.793+0000] {processor.py:830} INFO - Processing file /usr/local/python/3.10.13/lib/python3.10/site-packages/airflow/example_dags/example_branch_labels.py for tasks to queue
[2024-05-26T09:27:54.794+0000] {logging_mixin.py:188} INFO - [2024-05-26T09:27:54.794+0000] {dagbag.py:545} INFO - Filling up the DagBag from /usr/local/python/3.10.13/lib/python3.10/site-packages/airflow/example_dags/example_branch_labels.py
[2024-05-26T09:27:54.801+0000] {processor.py:840} INFO - DAG(s) 'example_branch_labels' retrieved from /usr/local/python/3.10.13/lib/python3.10/site-packages/airflow/example_dags/example_branch_labels.py
[2024-05-26T09:27:54.813+0000] {logging_mixin.py:188} INFO - [2024-05-26T09:27:54.813+0000] {dag.py:3096} INFO - Sync 1 DAGs
[2024-05-26T09:27:54.829+0000] {logging_mixin.py:188} INFO - [2024-05-26T09:27:54.829+0000] {dag.py:3954} INFO - Setting next_dagrun for example_branch_labels to 2024-05-25 00:00:00+00:00, run_after=2024-05-26 00:00:00+00:00
[2024-05-26T09:27:54.864+0000] {processor.py:183} INFO - Processing /usr/local/python/3.10.13/lib/python3.10/site-packages/airflow/example_dags/example_branch_labels.py took 0.077 seconds
[2024-05-26T09:28:55.576+0000] {processor.py:161} INFO - Started process (PID=48042) to work on /usr/local/python/3.10.13/lib/python3.10/site-packages/airflow/example_dags/example_branch_labels.py
[2024-05-26T09:28:55.577+0000] {processor.py:830} INFO - Processing file /usr/local/python/3.10.13/lib/python3.10/site-packages/airflow/example_dags/example_branch_labels.py for tasks to queue
[2024-05-26T09:28:55.578+0000] {logging_mixin.py:188} INFO - [2024-05-26T09:28:55.578+0000] {dagbag.py:545} INFO - Filling up the DagBag from /usr/local/python/3.10.13/lib/python3.10/site-packages/airflow/example_dags/example_branch_labels.py
[2024-05-26T09:28:55.585+0000] {processor.py:840} INFO - DAG(s) 'example_branch_labels' retrieved from /usr/local/python/3.10.13/lib/python3.10/site-packages/airflow/example_dags/example_branch_labels.py
[2024-05-26T09:28:55.598+0000] {logging_mixin.py:188} INFO - [2024-05-26T09:28:55.597+0000] {dag.py:3096} INFO - Sync 1 DAGs
[2024-05-26T09:28:55.615+0000] {logging_mixin.py:188} INFO - [2024-05-26T09:28:55.615+0000] {dag.py:3954} INFO - Setting next_dagrun for example_branch_labels to 2024-05-25 00:00:00+00:00, run_after=2024-05-26 00:00:00+00:00
[2024-05-26T09:28:55.660+0000] {processor.py:183} INFO - Processing /usr/local/python/3.10.13/lib/python3.10/site-packages/airflow/example_dags/example_branch_labels.py took 0.088 seconds
[2024-05-26T09:29:58.744+0000] {processor.py:161} INFO - Started process (PID=48485) to work on /usr/local/python/3.10.13/lib/python3.10/site-packages/airflow/example_dags/example_branch_labels.py
[2024-05-26T09:29:58.744+0000] {processor.py:830} INFO - Processing file /usr/local/python/3.10.13/lib/python3.10/site-packages/airflow/example_dags/example_branch_labels.py for tasks to queue
[2024-05-26T09:29:58.746+0000] {logging_mixin.py:188} INFO - [2024-05-26T09:29:58.745+0000] {dagbag.py:545} INFO - Filling up the DagBag from /usr/local/python/3.10.13/lib/python3.10/site-packages/airflow/example_dags/example_branch_labels.py
[2024-05-26T09:29:58.752+0000] {processor.py:840} INFO - DAG(s) 'example_branch_labels' retrieved from /usr/local/python/3.10.13/lib/python3.10/site-packages/airflow/example_dags/example_branch_labels.py
[2024-05-26T09:29:58.765+0000] {logging_mixin.py:188} INFO - [2024-05-26T09:29:58.765+0000] {dag.py:3096} INFO - Sync 1 DAGs
[2024-05-26T09:29:58.781+0000] {logging_mixin.py:188} INFO - [2024-05-26T09:29:58.781+0000] {dag.py:3954} INFO - Setting next_dagrun for example_branch_labels to 2024-05-25 00:00:00+00:00, run_after=2024-05-26 00:00:00+00:00
[2024-05-26T09:29:58.818+0000] {processor.py:183} INFO - Processing /usr/local/python/3.10.13/lib/python3.10/site-packages/airflow/example_dags/example_branch_labels.py took 0.078 seconds
[2024-05-26T09:30:56.636+0000] {processor.py:161} INFO - Started process (PID=48882) to work on /usr/local/python/3.10.13/lib/python3.10/site-packages/airflow/example_dags/example_branch_labels.py
[2024-05-26T09:30:56.637+0000] {processor.py:830} INFO - Processing file /usr/local/python/3.10.13/lib/python3.10/site-packages/airflow/example_dags/example_branch_labels.py for tasks to queue
[2024-05-26T09:30:56.639+0000] {logging_mixin.py:188} INFO - [2024-05-26T09:30:56.638+0000] {dagbag.py:545} INFO - Filling up the DagBag from /usr/local/python/3.10.13/lib/python3.10/site-packages/airflow/example_dags/example_branch_labels.py
[2024-05-26T09:30:56.645+0000] {processor.py:840} INFO - DAG(s) 'example_branch_labels' retrieved from /usr/local/python/3.10.13/lib/python3.10/site-packages/airflow/example_dags/example_branch_labels.py
[2024-05-26T09:30:56.657+0000] {logging_mixin.py:188} INFO - [2024-05-26T09:30:56.657+0000] {dag.py:3096} INFO - Sync 1 DAGs
[2024-05-26T09:30:56.673+0000] {logging_mixin.py:188} INFO - [2024-05-26T09:30:56.673+0000] {dag.py:3954} INFO - Setting next_dagrun for example_branch_labels to 2024-05-25 00:00:00+00:00, run_after=2024-05-26 00:00:00+00:00
[2024-05-26T09:30:56.708+0000] {processor.py:183} INFO - Processing /usr/local/python/3.10.13/lib/python3.10/site-packages/airflow/example_dags/example_branch_labels.py took 0.079 seconds
[2024-05-26T09:32:01.283+0000] {processor.py:161} INFO - Started process (PID=49341) to work on /usr/local/python/3.10.13/lib/python3.10/site-packages/airflow/example_dags/example_branch_labels.py
[2024-05-26T09:32:01.284+0000] {processor.py:830} INFO - Processing file /usr/local/python/3.10.13/lib/python3.10/site-packages/airflow/example_dags/example_branch_labels.py for tasks to queue
[2024-05-26T09:32:01.285+0000] {logging_mixin.py:188} INFO - [2024-05-26T09:32:01.285+0000] {dagbag.py:545} INFO - Filling up the DagBag from /usr/local/python/3.10.13/lib/python3.10/site-packages/airflow/example_dags/example_branch_labels.py
[2024-05-26T09:32:01.292+0000] {processor.py:840} INFO - DAG(s) 'example_branch_labels' retrieved from /usr/local/python/3.10.13/lib/python3.10/site-packages/airflow/example_dags/example_branch_labels.py
[2024-05-26T09:32:01.305+0000] {logging_mixin.py:188} INFO - [2024-05-26T09:32:01.305+0000] {dag.py:3096} INFO - Sync 1 DAGs
[2024-05-26T09:32:01.320+0000] {logging_mixin.py:188} INFO - [2024-05-26T09:32:01.320+0000] {dag.py:3954} INFO - Setting next_dagrun for example_branch_labels to 2024-05-25 00:00:00+00:00, run_after=2024-05-26 00:00:00+00:00
[2024-05-26T09:32:01.367+0000] {processor.py:183} INFO - Processing /usr/local/python/3.10.13/lib/python3.10/site-packages/airflow/example_dags/example_branch_labels.py took 0.088 seconds
[2024-05-26T09:33:02.372+0000] {processor.py:161} INFO - Started process (PID=49776) to work on /usr/local/python/3.10.13/lib/python3.10/site-packages/airflow/example_dags/example_branch_labels.py
[2024-05-26T09:33:02.373+0000] {processor.py:830} INFO - Processing file /usr/local/python/3.10.13/lib/python3.10/site-packages/airflow/example_dags/example_branch_labels.py for tasks to queue
[2024-05-26T09:33:02.374+0000] {logging_mixin.py:188} INFO - [2024-05-26T09:33:02.374+0000] {dagbag.py:545} INFO - Filling up the DagBag from /usr/local/python/3.10.13/lib/python3.10/site-packages/airflow/example_dags/example_branch_labels.py
[2024-05-26T09:33:02.380+0000] {processor.py:840} INFO - DAG(s) 'example_branch_labels' retrieved from /usr/local/python/3.10.13/lib/python3.10/site-packages/airflow/example_dags/example_branch_labels.py
[2024-05-26T09:33:02.393+0000] {logging_mixin.py:188} INFO - [2024-05-26T09:33:02.393+0000] {dag.py:3096} INFO - Sync 1 DAGs
[2024-05-26T09:33:02.409+0000] {logging_mixin.py:188} INFO - [2024-05-26T09:33:02.409+0000] {dag.py:3954} INFO - Setting next_dagrun for example_branch_labels to 2024-05-25 00:00:00+00:00, run_after=2024-05-26 00:00:00+00:00
[2024-05-26T09:33:02.459+0000] {processor.py:183} INFO - Processing /usr/local/python/3.10.13/lib/python3.10/site-packages/airflow/example_dags/example_branch_labels.py took 0.091 seconds
[2024-05-26T09:34:02.345+0000] {processor.py:161} INFO - Started process (PID=50203) to work on /usr/local/python/3.10.13/lib/python3.10/site-packages/airflow/example_dags/example_branch_labels.py
[2024-05-26T09:34:02.345+0000] {processor.py:830} INFO - Processing file /usr/local/python/3.10.13/lib/python3.10/site-packages/airflow/example_dags/example_branch_labels.py for tasks to queue
[2024-05-26T09:34:02.347+0000] {logging_mixin.py:188} INFO - [2024-05-26T09:34:02.346+0000] {dagbag.py:545} INFO - Filling up the DagBag from /usr/local/python/3.10.13/lib/python3.10/site-packages/airflow/example_dags/example_branch_labels.py
[2024-05-26T09:34:02.353+0000] {processor.py:840} INFO - DAG(s) 'example_branch_labels' retrieved from /usr/local/python/3.10.13/lib/python3.10/site-packages/airflow/example_dags/example_branch_labels.py
[2024-05-26T09:34:02.366+0000] {logging_mixin.py:188} INFO - [2024-05-26T09:34:02.366+0000] {dag.py:3096} INFO - Sync 1 DAGs
[2024-05-26T09:34:02.382+0000] {logging_mixin.py:188} INFO - [2024-05-26T09:34:02.381+0000] {dag.py:3954} INFO - Setting next_dagrun for example_branch_labels to 2024-05-25 00:00:00+00:00, run_after=2024-05-26 00:00:00+00:00
[2024-05-26T09:34:02.417+0000] {processor.py:183} INFO - Processing /usr/local/python/3.10.13/lib/python3.10/site-packages/airflow/example_dags/example_branch_labels.py took 0.078 seconds
[2024-05-26T09:35:00.725+0000] {processor.py:161} INFO - Started process (PID=50596) to work on /usr/local/python/3.10.13/lib/python3.10/site-packages/airflow/example_dags/example_branch_labels.py
[2024-05-26T09:35:00.726+0000] {processor.py:830} INFO - Processing file /usr/local/python/3.10.13/lib/python3.10/site-packages/airflow/example_dags/example_branch_labels.py for tasks to queue
[2024-05-26T09:35:00.727+0000] {logging_mixin.py:188} INFO - [2024-05-26T09:35:00.727+0000] {dagbag.py:545} INFO - Filling up the DagBag from /usr/local/python/3.10.13/lib/python3.10/site-packages/airflow/example_dags/example_branch_labels.py
[2024-05-26T09:35:00.733+0000] {processor.py:840} INFO - DAG(s) 'example_branch_labels' retrieved from /usr/local/python/3.10.13/lib/python3.10/site-packages/airflow/example_dags/example_branch_labels.py
[2024-05-26T09:35:00.746+0000] {logging_mixin.py:188} INFO - [2024-05-26T09:35:00.746+0000] {dag.py:3096} INFO - Sync 1 DAGs
[2024-05-26T09:35:00.762+0000] {logging_mixin.py:188} INFO - [2024-05-26T09:35:00.762+0000] {dag.py:3954} INFO - Setting next_dagrun for example_branch_labels to 2024-05-25 00:00:00+00:00, run_after=2024-05-26 00:00:00+00:00
[2024-05-26T09:35:00.799+0000] {processor.py:183} INFO - Processing /usr/local/python/3.10.13/lib/python3.10/site-packages/airflow/example_dags/example_branch_labels.py took 0.078 seconds
[2024-05-26T09:36:01.044+0000] {processor.py:161} INFO - Started process (PID=51024) to work on /usr/local/python/3.10.13/lib/python3.10/site-packages/airflow/example_dags/example_branch_labels.py
[2024-05-26T09:36:01.044+0000] {processor.py:830} INFO - Processing file /usr/local/python/3.10.13/lib/python3.10/site-packages/airflow/example_dags/example_branch_labels.py for tasks to queue
[2024-05-26T09:36:01.046+0000] {logging_mixin.py:188} INFO - [2024-05-26T09:36:01.045+0000] {dagbag.py:545} INFO - Filling up the DagBag from /usr/local/python/3.10.13/lib/python3.10/site-packages/airflow/example_dags/example_branch_labels.py
[2024-05-26T09:36:01.052+0000] {processor.py:840} INFO - DAG(s) 'example_branch_labels' retrieved from /usr/local/python/3.10.13/lib/python3.10/site-packages/airflow/example_dags/example_branch_labels.py
[2024-05-26T09:36:01.065+0000] {logging_mixin.py:188} INFO - [2024-05-26T09:36:01.065+0000] {dag.py:3096} INFO - Sync 1 DAGs
[2024-05-26T09:36:01.082+0000] {logging_mixin.py:188} INFO - [2024-05-26T09:36:01.081+0000] {dag.py:3954} INFO - Setting next_dagrun for example_branch_labels to 2024-05-25 00:00:00+00:00, run_after=2024-05-26 00:00:00+00:00
[2024-05-26T09:36:01.117+0000] {processor.py:183} INFO - Processing /usr/local/python/3.10.13/lib/python3.10/site-packages/airflow/example_dags/example_branch_labels.py took 0.078 seconds
[2024-05-26T09:37:04.299+0000] {processor.py:161} INFO - Started process (PID=51461) to work on /usr/local/python/3.10.13/lib/python3.10/site-packages/airflow/example_dags/example_branch_labels.py
[2024-05-26T09:37:04.300+0000] {processor.py:830} INFO - Processing file /usr/local/python/3.10.13/lib/python3.10/site-packages/airflow/example_dags/example_branch_labels.py for tasks to queue
[2024-05-26T09:37:04.301+0000] {logging_mixin.py:188} INFO - [2024-05-26T09:37:04.301+0000] {dagbag.py:545} INFO - Filling up the DagBag from /usr/local/python/3.10.13/lib/python3.10/site-packages/airflow/example_dags/example_branch_labels.py
[2024-05-26T09:37:04.308+0000] {processor.py:840} INFO - DAG(s) 'example_branch_labels' retrieved from /usr/local/python/3.10.13/lib/python3.10/site-packages/airflow/example_dags/example_branch_labels.py
[2024-05-26T09:37:04.321+0000] {logging_mixin.py:188} INFO - [2024-05-26T09:37:04.321+0000] {dag.py:3096} INFO - Sync 1 DAGs
[2024-05-26T09:37:04.337+0000] {logging_mixin.py:188} INFO - [2024-05-26T09:37:04.336+0000] {dag.py:3954} INFO - Setting next_dagrun for example_branch_labels to 2024-05-25 00:00:00+00:00, run_after=2024-05-26 00:00:00+00:00
[2024-05-26T09:37:04.374+0000] {processor.py:183} INFO - Processing /usr/local/python/3.10.13/lib/python3.10/site-packages/airflow/example_dags/example_branch_labels.py took 0.082 seconds
[2024-05-26T09:38:07.436+0000] {processor.py:161} INFO - Started process (PID=51914) to work on /usr/local/python/3.10.13/lib/python3.10/site-packages/airflow/example_dags/example_branch_labels.py
[2024-05-26T09:38:07.437+0000] {processor.py:830} INFO - Processing file /usr/local/python/3.10.13/lib/python3.10/site-packages/airflow/example_dags/example_branch_labels.py for tasks to queue
[2024-05-26T09:38:07.438+0000] {logging_mixin.py:188} INFO - [2024-05-26T09:38:07.438+0000] {dagbag.py:545} INFO - Filling up the DagBag from /usr/local/python/3.10.13/lib/python3.10/site-packages/airflow/example_dags/example_branch_labels.py
[2024-05-26T09:38:07.445+0000] {processor.py:840} INFO - DAG(s) 'example_branch_labels' retrieved from /usr/local/python/3.10.13/lib/python3.10/site-packages/airflow/example_dags/example_branch_labels.py
[2024-05-26T09:38:07.458+0000] {logging_mixin.py:188} INFO - [2024-05-26T09:38:07.458+0000] {dag.py:3096} INFO - Sync 1 DAGs
[2024-05-26T09:38:07.478+0000] {logging_mixin.py:188} INFO - [2024-05-26T09:38:07.478+0000] {dag.py:3954} INFO - Setting next_dagrun for example_branch_labels to 2024-05-25 00:00:00+00:00, run_after=2024-05-26 00:00:00+00:00
[2024-05-26T09:38:07.522+0000] {processor.py:183} INFO - Processing /usr/local/python/3.10.13/lib/python3.10/site-packages/airflow/example_dags/example_branch_labels.py took 0.090 seconds
[2024-05-26T09:39:04.019+0000] {processor.py:161} INFO - Started process (PID=52297) to work on /usr/local/python/3.10.13/lib/python3.10/site-packages/airflow/example_dags/example_branch_labels.py
[2024-05-26T09:39:04.020+0000] {processor.py:830} INFO - Processing file /usr/local/python/3.10.13/lib/python3.10/site-packages/airflow/example_dags/example_branch_labels.py for tasks to queue
[2024-05-26T09:39:04.021+0000] {logging_mixin.py:188} INFO - [2024-05-26T09:39:04.021+0000] {dagbag.py:545} INFO - Filling up the DagBag from /usr/local/python/3.10.13/lib/python3.10/site-packages/airflow/example_dags/example_branch_labels.py
[2024-05-26T09:39:04.027+0000] {processor.py:840} INFO - DAG(s) 'example_branch_labels' retrieved from /usr/local/python/3.10.13/lib/python3.10/site-packages/airflow/example_dags/example_branch_labels.py
[2024-05-26T09:39:04.040+0000] {logging_mixin.py:188} INFO - [2024-05-26T09:39:04.040+0000] {dag.py:3096} INFO - Sync 1 DAGs
[2024-05-26T09:39:04.055+0000] {logging_mixin.py:188} INFO - [2024-05-26T09:39:04.055+0000] {dag.py:3954} INFO - Setting next_dagrun for example_branch_labels to 2024-05-25 00:00:00+00:00, run_after=2024-05-26 00:00:00+00:00
[2024-05-26T09:39:04.094+0000] {processor.py:183} INFO - Processing /usr/local/python/3.10.13/lib/python3.10/site-packages/airflow/example_dags/example_branch_labels.py took 0.080 seconds
[2024-05-26T09:40:08.646+0000] {processor.py:161} INFO - Started process (PID=52756) to work on /usr/local/python/3.10.13/lib/python3.10/site-packages/airflow/example_dags/example_branch_labels.py
[2024-05-26T09:40:08.647+0000] {processor.py:830} INFO - Processing file /usr/local/python/3.10.13/lib/python3.10/site-packages/airflow/example_dags/example_branch_labels.py for tasks to queue
[2024-05-26T09:40:08.648+0000] {logging_mixin.py:188} INFO - [2024-05-26T09:40:08.648+0000] {dagbag.py:545} INFO - Filling up the DagBag from /usr/local/python/3.10.13/lib/python3.10/site-packages/airflow/example_dags/example_branch_labels.py
[2024-05-26T09:40:08.655+0000] {processor.py:840} INFO - DAG(s) 'example_branch_labels' retrieved from /usr/local/python/3.10.13/lib/python3.10/site-packages/airflow/example_dags/example_branch_labels.py
[2024-05-26T09:40:08.667+0000] {logging_mixin.py:188} INFO - [2024-05-26T09:40:08.667+0000] {dag.py:3096} INFO - Sync 1 DAGs
[2024-05-26T09:40:08.683+0000] {logging_mixin.py:188} INFO - [2024-05-26T09:40:08.682+0000] {dag.py:3954} INFO - Setting next_dagrun for example_branch_labels to 2024-05-25 00:00:00+00:00, run_after=2024-05-26 00:00:00+00:00
[2024-05-26T09:40:08.725+0000] {processor.py:183} INFO - Processing /usr/local/python/3.10.13/lib/python3.10/site-packages/airflow/example_dags/example_branch_labels.py took 0.084 seconds
[2024-05-26T09:41:09.291+0000] {processor.py:161} INFO - Started process (PID=53176) to work on /usr/local/python/3.10.13/lib/python3.10/site-packages/airflow/example_dags/example_branch_labels.py
[2024-05-26T09:41:09.292+0000] {processor.py:830} INFO - Processing file /usr/local/python/3.10.13/lib/python3.10/site-packages/airflow/example_dags/example_branch_labels.py for tasks to queue
[2024-05-26T09:41:09.294+0000] {logging_mixin.py:188} INFO - [2024-05-26T09:41:09.294+0000] {dagbag.py:545} INFO - Filling up the DagBag from /usr/local/python/3.10.13/lib/python3.10/site-packages/airflow/example_dags/example_branch_labels.py
[2024-05-26T09:41:09.306+0000] {processor.py:840} INFO - DAG(s) 'example_branch_labels' retrieved from /usr/local/python/3.10.13/lib/python3.10/site-packages/airflow/example_dags/example_branch_labels.py
[2024-05-26T09:41:09.326+0000] {logging_mixin.py:188} INFO - [2024-05-26T09:41:09.326+0000] {dag.py:3096} INFO - Sync 1 DAGs
[2024-05-26T09:41:09.354+0000] {logging_mixin.py:188} INFO - [2024-05-26T09:41:09.354+0000] {dag.py:3954} INFO - Setting next_dagrun for example_branch_labels to 2024-05-25 00:00:00+00:00, run_after=2024-05-26 00:00:00+00:00
[2024-05-26T09:41:09.392+0000] {processor.py:183} INFO - Processing /usr/local/python/3.10.13/lib/python3.10/site-packages/airflow/example_dags/example_branch_labels.py took 0.107 seconds
[2024-05-26T09:42:12.749+0000] {processor.py:161} INFO - Started process (PID=53618) to work on /usr/local/python/3.10.13/lib/python3.10/site-packages/airflow/example_dags/example_branch_labels.py
[2024-05-26T09:42:12.750+0000] {processor.py:830} INFO - Processing file /usr/local/python/3.10.13/lib/python3.10/site-packages/airflow/example_dags/example_branch_labels.py for tasks to queue
[2024-05-26T09:42:12.751+0000] {logging_mixin.py:188} INFO - [2024-05-26T09:42:12.751+0000] {dagbag.py:545} INFO - Filling up the DagBag from /usr/local/python/3.10.13/lib/python3.10/site-packages/airflow/example_dags/example_branch_labels.py
[2024-05-26T09:42:12.758+0000] {processor.py:840} INFO - DAG(s) 'example_branch_labels' retrieved from /usr/local/python/3.10.13/lib/python3.10/site-packages/airflow/example_dags/example_branch_labels.py
[2024-05-26T09:42:12.770+0000] {logging_mixin.py:188} INFO - [2024-05-26T09:42:12.770+0000] {dag.py:3096} INFO - Sync 1 DAGs
[2024-05-26T09:42:12.786+0000] {logging_mixin.py:188} INFO - [2024-05-26T09:42:12.786+0000] {dag.py:3954} INFO - Setting next_dagrun for example_branch_labels to 2024-05-25 00:00:00+00:00, run_after=2024-05-26 00:00:00+00:00
[2024-05-26T09:42:12.830+0000] {processor.py:183} INFO - Processing /usr/local/python/3.10.13/lib/python3.10/site-packages/airflow/example_dags/example_branch_labels.py took 0.086 seconds
[2024-05-26T09:43:09.627+0000] {processor.py:161} INFO - Started process (PID=54004) to work on /usr/local/python/3.10.13/lib/python3.10/site-packages/airflow/example_dags/example_branch_labels.py
[2024-05-26T09:43:09.629+0000] {processor.py:830} INFO - Processing file /usr/local/python/3.10.13/lib/python3.10/site-packages/airflow/example_dags/example_branch_labels.py for tasks to queue
[2024-05-26T09:43:09.631+0000] {logging_mixin.py:188} INFO - [2024-05-26T09:43:09.630+0000] {dagbag.py:545} INFO - Filling up the DagBag from /usr/local/python/3.10.13/lib/python3.10/site-packages/airflow/example_dags/example_branch_labels.py
[2024-05-26T09:43:09.641+0000] {processor.py:840} INFO - DAG(s) 'example_branch_labels' retrieved from /usr/local/python/3.10.13/lib/python3.10/site-packages/airflow/example_dags/example_branch_labels.py
[2024-05-26T09:43:09.660+0000] {logging_mixin.py:188} INFO - [2024-05-26T09:43:09.660+0000] {dag.py:3096} INFO - Sync 1 DAGs
[2024-05-26T09:43:09.681+0000] {logging_mixin.py:188} INFO - [2024-05-26T09:43:09.680+0000] {dag.py:3954} INFO - Setting next_dagrun for example_branch_labels to 2024-05-25 00:00:00+00:00, run_after=2024-05-26 00:00:00+00:00
[2024-05-26T09:43:09.717+0000] {processor.py:183} INFO - Processing /usr/local/python/3.10.13/lib/python3.10/site-packages/airflow/example_dags/example_branch_labels.py took 0.097 seconds
[2024-05-26T09:44:11.325+0000] {processor.py:161} INFO - Started process (PID=54527) to work on /usr/local/python/3.10.13/lib/python3.10/site-packages/airflow/example_dags/example_branch_labels.py
[2024-05-26T09:44:11.325+0000] {processor.py:830} INFO - Processing file /usr/local/python/3.10.13/lib/python3.10/site-packages/airflow/example_dags/example_branch_labels.py for tasks to queue
[2024-05-26T09:44:11.327+0000] {logging_mixin.py:188} INFO - [2024-05-26T09:44:11.326+0000] {dagbag.py:545} INFO - Filling up the DagBag from /usr/local/python/3.10.13/lib/python3.10/site-packages/airflow/example_dags/example_branch_labels.py
[2024-05-26T09:44:11.333+0000] {processor.py:840} INFO - DAG(s) 'example_branch_labels' retrieved from /usr/local/python/3.10.13/lib/python3.10/site-packages/airflow/example_dags/example_branch_labels.py
[2024-05-26T09:44:11.346+0000] {logging_mixin.py:188} INFO - [2024-05-26T09:44:11.346+0000] {dag.py:3096} INFO - Sync 1 DAGs
[2024-05-26T09:44:11.366+0000] {logging_mixin.py:188} INFO - [2024-05-26T09:44:11.366+0000] {dag.py:3954} INFO - Setting next_dagrun for example_branch_labels to 2024-05-25 00:00:00+00:00, run_after=2024-05-26 00:00:00+00:00
[2024-05-26T09:44:11.413+0000] {processor.py:183} INFO - Processing /usr/local/python/3.10.13/lib/python3.10/site-packages/airflow/example_dags/example_branch_labels.py took 0.093 seconds
[2024-05-26T09:45:15.197+0000] {processor.py:161} INFO - Started process (PID=55173) to work on /usr/local/python/3.10.13/lib/python3.10/site-packages/airflow/example_dags/example_branch_labels.py
[2024-05-26T09:45:15.198+0000] {processor.py:830} INFO - Processing file /usr/local/python/3.10.13/lib/python3.10/site-packages/airflow/example_dags/example_branch_labels.py for tasks to queue
[2024-05-26T09:45:15.199+0000] {logging_mixin.py:188} INFO - [2024-05-26T09:45:15.199+0000] {dagbag.py:545} INFO - Filling up the DagBag from /usr/local/python/3.10.13/lib/python3.10/site-packages/airflow/example_dags/example_branch_labels.py
[2024-05-26T09:45:15.206+0000] {processor.py:840} INFO - DAG(s) 'example_branch_labels' retrieved from /usr/local/python/3.10.13/lib/python3.10/site-packages/airflow/example_dags/example_branch_labels.py
[2024-05-26T09:45:15.219+0000] {logging_mixin.py:188} INFO - [2024-05-26T09:45:15.218+0000] {dag.py:3096} INFO - Sync 1 DAGs
[2024-05-26T09:45:15.234+0000] {logging_mixin.py:188} INFO - [2024-05-26T09:45:15.234+0000] {dag.py:3954} INFO - Setting next_dagrun for example_branch_labels to 2024-05-25 00:00:00+00:00, run_after=2024-05-26 00:00:00+00:00
[2024-05-26T09:45:15.273+0000] {processor.py:183} INFO - Processing /usr/local/python/3.10.13/lib/python3.10/site-packages/airflow/example_dags/example_branch_labels.py took 0.080 seconds
[2024-05-26T09:46:13.113+0000] {processor.py:161} INFO - Started process (PID=55954) to work on /usr/local/python/3.10.13/lib/python3.10/site-packages/airflow/example_dags/example_branch_labels.py
[2024-05-26T09:46:13.114+0000] {processor.py:830} INFO - Processing file /usr/local/python/3.10.13/lib/python3.10/site-packages/airflow/example_dags/example_branch_labels.py for tasks to queue
[2024-05-26T09:46:13.116+0000] {logging_mixin.py:188} INFO - [2024-05-26T09:46:13.115+0000] {dagbag.py:545} INFO - Filling up the DagBag from /usr/local/python/3.10.13/lib/python3.10/site-packages/airflow/example_dags/example_branch_labels.py
[2024-05-26T09:46:13.125+0000] {processor.py:840} INFO - DAG(s) 'example_branch_labels' retrieved from /usr/local/python/3.10.13/lib/python3.10/site-packages/airflow/example_dags/example_branch_labels.py
[2024-05-26T09:46:13.139+0000] {logging_mixin.py:188} INFO - [2024-05-26T09:46:13.139+0000] {dag.py:3096} INFO - Sync 1 DAGs
[2024-05-26T09:46:13.157+0000] {logging_mixin.py:188} INFO - [2024-05-26T09:46:13.157+0000] {dag.py:3954} INFO - Setting next_dagrun for example_branch_labels to 2024-05-25 00:00:00+00:00, run_after=2024-05-26 00:00:00+00:00
[2024-05-26T09:46:13.202+0000] {processor.py:183} INFO - Processing /usr/local/python/3.10.13/lib/python3.10/site-packages/airflow/example_dags/example_branch_labels.py took 0.095 seconds
