[2024-05-26T09:10:43.376+0000] {processor.py:161} INFO - Started process (PID=40165) to work on /usr/local/python/3.10.13/lib/python3.10/site-packages/airflow/example_dags/example_trigger_controller_dag.py
[2024-05-26T09:10:43.381+0000] {processor.py:830} INFO - Processing file /usr/local/python/3.10.13/lib/python3.10/site-packages/airflow/example_dags/example_trigger_controller_dag.py for tasks to queue
[2024-05-26T09:10:43.383+0000] {logging_mixin.py:188} INFO - [2024-05-26T09:10:43.383+0000] {dagbag.py:545} INFO - Filling up the DagBag from /usr/local/python/3.10.13/lib/python3.10/site-packages/airflow/example_dags/example_trigger_controller_dag.py
[2024-05-26T09:10:43.388+0000] {processor.py:840} INFO - DAG(s) 'example_trigger_controller_dag' retrieved from /usr/local/python/3.10.13/lib/python3.10/site-packages/airflow/example_dags/example_trigger_controller_dag.py
[2024-05-26T09:10:43.406+0000] {logging_mixin.py:188} INFO - [2024-05-26T09:10:43.406+0000] {dag.py:3096} INFO - Sync 1 DAGs
[2024-05-26T09:10:43.444+0000] {logging_mixin.py:188} INFO - [2024-05-26T09:10:43.444+0000] {dag.py:3954} INFO - Setting next_dagrun for example_trigger_controller_dag to 2021-01-01 00:00:00+00:00, run_after=2021-01-01 00:00:00+00:00
[2024-05-26T09:10:43.634+0000] {processor.py:183} INFO - Processing /usr/local/python/3.10.13/lib/python3.10/site-packages/airflow/example_dags/example_trigger_controller_dag.py took 0.264 seconds
[2024-05-26T09:11:36.858+0000] {processor.py:161} INFO - Started process (PID=40543) to work on /usr/local/python/3.10.13/lib/python3.10/site-packages/airflow/example_dags/example_trigger_controller_dag.py
[2024-05-26T09:11:36.858+0000] {processor.py:830} INFO - Processing file /usr/local/python/3.10.13/lib/python3.10/site-packages/airflow/example_dags/example_trigger_controller_dag.py for tasks to queue
[2024-05-26T09:11:36.860+0000] {logging_mixin.py:188} INFO - [2024-05-26T09:11:36.860+0000] {dagbag.py:545} INFO - Filling up the DagBag from /usr/local/python/3.10.13/lib/python3.10/site-packages/airflow/example_dags/example_trigger_controller_dag.py
[2024-05-26T09:11:36.863+0000] {processor.py:840} INFO - DAG(s) 'example_trigger_controller_dag' retrieved from /usr/local/python/3.10.13/lib/python3.10/site-packages/airflow/example_dags/example_trigger_controller_dag.py
[2024-05-26T09:11:36.874+0000] {logging_mixin.py:188} INFO - [2024-05-26T09:11:36.874+0000] {dag.py:3096} INFO - Sync 1 DAGs
[2024-05-26T09:11:36.888+0000] {logging_mixin.py:188} INFO - [2024-05-26T09:11:36.888+0000] {dag.py:3954} INFO - Setting next_dagrun for example_trigger_controller_dag to 2021-01-01 00:00:00+00:00, run_after=2021-01-01 00:00:00+00:00
[2024-05-26T09:11:36.929+0000] {processor.py:183} INFO - Processing /usr/local/python/3.10.13/lib/python3.10/site-packages/airflow/example_dags/example_trigger_controller_dag.py took 0.076 seconds
[2024-05-26T09:12:26.193+0000] {processor.py:161} INFO - Started process (PID=40904) to work on /usr/local/python/3.10.13/lib/python3.10/site-packages/airflow/example_dags/example_trigger_controller_dag.py
[2024-05-26T09:12:26.194+0000] {processor.py:830} INFO - Processing file /usr/local/python/3.10.13/lib/python3.10/site-packages/airflow/example_dags/example_trigger_controller_dag.py for tasks to queue
[2024-05-26T09:12:26.198+0000] {logging_mixin.py:188} INFO - [2024-05-26T09:12:26.197+0000] {dagbag.py:545} INFO - Filling up the DagBag from /usr/local/python/3.10.13/lib/python3.10/site-packages/airflow/example_dags/example_trigger_controller_dag.py
[2024-05-26T09:12:26.202+0000] {processor.py:840} INFO - DAG(s) 'example_trigger_controller_dag' retrieved from /usr/local/python/3.10.13/lib/python3.10/site-packages/airflow/example_dags/example_trigger_controller_dag.py
[2024-05-26T09:12:26.217+0000] {logging_mixin.py:188} INFO - [2024-05-26T09:12:26.217+0000] {dag.py:3096} INFO - Sync 1 DAGs
[2024-05-26T09:12:26.241+0000] {logging_mixin.py:188} INFO - [2024-05-26T09:12:26.241+0000] {dag.py:3954} INFO - Setting next_dagrun for example_trigger_controller_dag to 2021-01-01 00:00:00+00:00, run_after=2021-01-01 00:00:00+00:00
[2024-05-26T09:12:26.281+0000] {processor.py:183} INFO - Processing /usr/local/python/3.10.13/lib/python3.10/site-packages/airflow/example_dags/example_trigger_controller_dag.py took 0.094 seconds
[2024-05-26T09:13:10.114+0000] {processor.py:161} INFO - Started process (PID=41272) to work on /usr/local/python/3.10.13/lib/python3.10/site-packages/airflow/example_dags/example_trigger_controller_dag.py
[2024-05-26T09:13:10.115+0000] {processor.py:830} INFO - Processing file /usr/local/python/3.10.13/lib/python3.10/site-packages/airflow/example_dags/example_trigger_controller_dag.py for tasks to queue
[2024-05-26T09:13:10.116+0000] {logging_mixin.py:188} INFO - [2024-05-26T09:13:10.116+0000] {dagbag.py:545} INFO - Filling up the DagBag from /usr/local/python/3.10.13/lib/python3.10/site-packages/airflow/example_dags/example_trigger_controller_dag.py
[2024-05-26T09:13:10.120+0000] {processor.py:840} INFO - DAG(s) 'example_trigger_controller_dag' retrieved from /usr/local/python/3.10.13/lib/python3.10/site-packages/airflow/example_dags/example_trigger_controller_dag.py
[2024-05-26T09:13:10.131+0000] {logging_mixin.py:188} INFO - [2024-05-26T09:13:10.130+0000] {dag.py:3096} INFO - Sync 1 DAGs
[2024-05-26T09:13:10.145+0000] {logging_mixin.py:188} INFO - [2024-05-26T09:13:10.145+0000] {dag.py:3954} INFO - Setting next_dagrun for example_trigger_controller_dag to 2021-01-01 00:00:00+00:00, run_after=2021-01-01 00:00:00+00:00
[2024-05-26T09:13:10.185+0000] {processor.py:183} INFO - Processing /usr/local/python/3.10.13/lib/python3.10/site-packages/airflow/example_dags/example_trigger_controller_dag.py took 0.075 seconds
[2024-05-26T09:13:53.328+0000] {processor.py:161} INFO - Started process (PID=41670) to work on /usr/local/python/3.10.13/lib/python3.10/site-packages/airflow/example_dags/example_trigger_controller_dag.py
[2024-05-26T09:13:53.329+0000] {processor.py:830} INFO - Processing file /usr/local/python/3.10.13/lib/python3.10/site-packages/airflow/example_dags/example_trigger_controller_dag.py for tasks to queue
[2024-05-26T09:13:53.330+0000] {logging_mixin.py:188} INFO - [2024-05-26T09:13:53.330+0000] {dagbag.py:545} INFO - Filling up the DagBag from /usr/local/python/3.10.13/lib/python3.10/site-packages/airflow/example_dags/example_trigger_controller_dag.py
[2024-05-26T09:13:53.334+0000] {processor.py:840} INFO - DAG(s) 'example_trigger_controller_dag' retrieved from /usr/local/python/3.10.13/lib/python3.10/site-packages/airflow/example_dags/example_trigger_controller_dag.py
[2024-05-26T09:13:53.345+0000] {logging_mixin.py:188} INFO - [2024-05-26T09:13:53.344+0000] {dag.py:3096} INFO - Sync 1 DAGs
[2024-05-26T09:13:53.360+0000] {logging_mixin.py:188} INFO - [2024-05-26T09:13:53.360+0000] {dag.py:3954} INFO - Setting next_dagrun for example_trigger_controller_dag to 2021-01-01 00:00:00+00:00, run_after=2021-01-01 00:00:00+00:00
[2024-05-26T09:13:53.400+0000] {processor.py:183} INFO - Processing /usr/local/python/3.10.13/lib/python3.10/site-packages/airflow/example_dags/example_trigger_controller_dag.py took 0.077 seconds
[2024-05-26T09:14:36.746+0000] {processor.py:161} INFO - Started process (PID=41965) to work on /usr/local/python/3.10.13/lib/python3.10/site-packages/airflow/example_dags/example_trigger_controller_dag.py
[2024-05-26T09:14:36.747+0000] {processor.py:830} INFO - Processing file /usr/local/python/3.10.13/lib/python3.10/site-packages/airflow/example_dags/example_trigger_controller_dag.py for tasks to queue
[2024-05-26T09:14:36.749+0000] {logging_mixin.py:188} INFO - [2024-05-26T09:14:36.748+0000] {dagbag.py:545} INFO - Filling up the DagBag from /usr/local/python/3.10.13/lib/python3.10/site-packages/airflow/example_dags/example_trigger_controller_dag.py
[2024-05-26T09:14:36.753+0000] {processor.py:840} INFO - DAG(s) 'example_trigger_controller_dag' retrieved from /usr/local/python/3.10.13/lib/python3.10/site-packages/airflow/example_dags/example_trigger_controller_dag.py
[2024-05-26T09:14:36.765+0000] {logging_mixin.py:188} INFO - [2024-05-26T09:14:36.765+0000] {dag.py:3096} INFO - Sync 1 DAGs
[2024-05-26T09:14:36.779+0000] {logging_mixin.py:188} INFO - [2024-05-26T09:14:36.779+0000] {dag.py:3954} INFO - Setting next_dagrun for example_trigger_controller_dag to 2021-01-01 00:00:00+00:00, run_after=2021-01-01 00:00:00+00:00
[2024-05-26T09:14:36.819+0000] {processor.py:183} INFO - Processing /usr/local/python/3.10.13/lib/python3.10/site-packages/airflow/example_dags/example_trigger_controller_dag.py took 0.080 seconds
[2024-05-26T09:15:21.370+0000] {processor.py:161} INFO - Started process (PID=42272) to work on /usr/local/python/3.10.13/lib/python3.10/site-packages/airflow/example_dags/example_trigger_controller_dag.py
[2024-05-26T09:15:21.371+0000] {processor.py:830} INFO - Processing file /usr/local/python/3.10.13/lib/python3.10/site-packages/airflow/example_dags/example_trigger_controller_dag.py for tasks to queue
[2024-05-26T09:15:21.372+0000] {logging_mixin.py:188} INFO - [2024-05-26T09:15:21.372+0000] {dagbag.py:545} INFO - Filling up the DagBag from /usr/local/python/3.10.13/lib/python3.10/site-packages/airflow/example_dags/example_trigger_controller_dag.py
[2024-05-26T09:15:21.376+0000] {processor.py:840} INFO - DAG(s) 'example_trigger_controller_dag' retrieved from /usr/local/python/3.10.13/lib/python3.10/site-packages/airflow/example_dags/example_trigger_controller_dag.py
[2024-05-26T09:15:21.387+0000] {logging_mixin.py:188} INFO - [2024-05-26T09:15:21.387+0000] {dag.py:3096} INFO - Sync 1 DAGs
[2024-05-26T09:15:21.402+0000] {logging_mixin.py:188} INFO - [2024-05-26T09:15:21.402+0000] {dag.py:3954} INFO - Setting next_dagrun for example_trigger_controller_dag to 2021-01-01 00:00:00+00:00, run_after=2021-01-01 00:00:00+00:00
[2024-05-26T09:15:21.438+0000] {processor.py:183} INFO - Processing /usr/local/python/3.10.13/lib/python3.10/site-packages/airflow/example_dags/example_trigger_controller_dag.py took 0.073 seconds
[2024-05-26T09:16:01.645+0000] {processor.py:161} INFO - Started process (PID=42547) to work on /usr/local/python/3.10.13/lib/python3.10/site-packages/airflow/example_dags/example_trigger_controller_dag.py
[2024-05-26T09:16:01.646+0000] {processor.py:830} INFO - Processing file /usr/local/python/3.10.13/lib/python3.10/site-packages/airflow/example_dags/example_trigger_controller_dag.py for tasks to queue
[2024-05-26T09:16:01.647+0000] {logging_mixin.py:188} INFO - [2024-05-26T09:16:01.647+0000] {dagbag.py:545} INFO - Filling up the DagBag from /usr/local/python/3.10.13/lib/python3.10/site-packages/airflow/example_dags/example_trigger_controller_dag.py
[2024-05-26T09:16:01.651+0000] {processor.py:840} INFO - DAG(s) 'example_trigger_controller_dag' retrieved from /usr/local/python/3.10.13/lib/python3.10/site-packages/airflow/example_dags/example_trigger_controller_dag.py
[2024-05-26T09:16:01.662+0000] {logging_mixin.py:188} INFO - [2024-05-26T09:16:01.662+0000] {dag.py:3096} INFO - Sync 1 DAGs
[2024-05-26T09:16:01.676+0000] {logging_mixin.py:188} INFO - [2024-05-26T09:16:01.676+0000] {dag.py:3954} INFO - Setting next_dagrun for example_trigger_controller_dag to 2021-01-01 00:00:00+00:00, run_after=2021-01-01 00:00:00+00:00
[2024-05-26T09:16:01.731+0000] {processor.py:183} INFO - Processing /usr/local/python/3.10.13/lib/python3.10/site-packages/airflow/example_dags/example_trigger_controller_dag.py took 0.091 seconds
[2024-05-26T09:16:43.382+0000] {processor.py:161} INFO - Started process (PID=42843) to work on /usr/local/python/3.10.13/lib/python3.10/site-packages/airflow/example_dags/example_trigger_controller_dag.py
[2024-05-26T09:16:43.383+0000] {processor.py:830} INFO - Processing file /usr/local/python/3.10.13/lib/python3.10/site-packages/airflow/example_dags/example_trigger_controller_dag.py for tasks to queue
[2024-05-26T09:16:43.384+0000] {logging_mixin.py:188} INFO - [2024-05-26T09:16:43.384+0000] {dagbag.py:545} INFO - Filling up the DagBag from /usr/local/python/3.10.13/lib/python3.10/site-packages/airflow/example_dags/example_trigger_controller_dag.py
[2024-05-26T09:16:43.388+0000] {processor.py:840} INFO - DAG(s) 'example_trigger_controller_dag' retrieved from /usr/local/python/3.10.13/lib/python3.10/site-packages/airflow/example_dags/example_trigger_controller_dag.py
[2024-05-26T09:16:43.399+0000] {logging_mixin.py:188} INFO - [2024-05-26T09:16:43.399+0000] {dag.py:3096} INFO - Sync 1 DAGs
[2024-05-26T09:16:43.413+0000] {logging_mixin.py:188} INFO - [2024-05-26T09:16:43.413+0000] {dag.py:3954} INFO - Setting next_dagrun for example_trigger_controller_dag to 2021-01-01 00:00:00+00:00, run_after=2021-01-01 00:00:00+00:00
[2024-05-26T09:16:43.451+0000] {processor.py:183} INFO - Processing /usr/local/python/3.10.13/lib/python3.10/site-packages/airflow/example_dags/example_trigger_controller_dag.py took 0.073 seconds
[2024-05-26T09:17:25.496+0000] {processor.py:161} INFO - Started process (PID=43147) to work on /usr/local/python/3.10.13/lib/python3.10/site-packages/airflow/example_dags/example_trigger_controller_dag.py
[2024-05-26T09:17:25.497+0000] {processor.py:830} INFO - Processing file /usr/local/python/3.10.13/lib/python3.10/site-packages/airflow/example_dags/example_trigger_controller_dag.py for tasks to queue
[2024-05-26T09:17:25.499+0000] {logging_mixin.py:188} INFO - [2024-05-26T09:17:25.498+0000] {dagbag.py:545} INFO - Filling up the DagBag from /usr/local/python/3.10.13/lib/python3.10/site-packages/airflow/example_dags/example_trigger_controller_dag.py
[2024-05-26T09:17:25.504+0000] {processor.py:840} INFO - DAG(s) 'example_trigger_controller_dag' retrieved from /usr/local/python/3.10.13/lib/python3.10/site-packages/airflow/example_dags/example_trigger_controller_dag.py
[2024-05-26T09:17:25.519+0000] {logging_mixin.py:188} INFO - [2024-05-26T09:17:25.519+0000] {dag.py:3096} INFO - Sync 1 DAGs
[2024-05-26T09:17:25.535+0000] {logging_mixin.py:188} INFO - [2024-05-26T09:17:25.535+0000] {dag.py:3954} INFO - Setting next_dagrun for example_trigger_controller_dag to 2021-01-01 00:00:00+00:00, run_after=2021-01-01 00:00:00+00:00
[2024-05-26T09:17:25.577+0000] {processor.py:183} INFO - Processing /usr/local/python/3.10.13/lib/python3.10/site-packages/airflow/example_dags/example_trigger_controller_dag.py took 0.086 seconds
[2024-05-26T09:18:08.970+0000] {processor.py:161} INFO - Started process (PID=43445) to work on /usr/local/python/3.10.13/lib/python3.10/site-packages/airflow/example_dags/example_trigger_controller_dag.py
[2024-05-26T09:18:08.971+0000] {processor.py:830} INFO - Processing file /usr/local/python/3.10.13/lib/python3.10/site-packages/airflow/example_dags/example_trigger_controller_dag.py for tasks to queue
[2024-05-26T09:18:08.973+0000] {logging_mixin.py:188} INFO - [2024-05-26T09:18:08.973+0000] {dagbag.py:545} INFO - Filling up the DagBag from /usr/local/python/3.10.13/lib/python3.10/site-packages/airflow/example_dags/example_trigger_controller_dag.py
[2024-05-26T09:18:08.979+0000] {processor.py:840} INFO - DAG(s) 'example_trigger_controller_dag' retrieved from /usr/local/python/3.10.13/lib/python3.10/site-packages/airflow/example_dags/example_trigger_controller_dag.py
[2024-05-26T09:18:08.995+0000] {logging_mixin.py:188} INFO - [2024-05-26T09:18:08.994+0000] {dag.py:3096} INFO - Sync 1 DAGs
[2024-05-26T09:18:09.015+0000] {logging_mixin.py:188} INFO - [2024-05-26T09:18:09.015+0000] {dag.py:3954} INFO - Setting next_dagrun for example_trigger_controller_dag to 2021-01-01 00:00:00+00:00, run_after=2021-01-01 00:00:00+00:00
[2024-05-26T09:18:09.062+0000] {processor.py:183} INFO - Processing /usr/local/python/3.10.13/lib/python3.10/site-packages/airflow/example_dags/example_trigger_controller_dag.py took 0.099 seconds
[2024-05-26T09:18:50.746+0000] {processor.py:161} INFO - Started process (PID=43770) to work on /usr/local/python/3.10.13/lib/python3.10/site-packages/airflow/example_dags/example_trigger_controller_dag.py
[2024-05-26T09:18:50.747+0000] {processor.py:830} INFO - Processing file /usr/local/python/3.10.13/lib/python3.10/site-packages/airflow/example_dags/example_trigger_controller_dag.py for tasks to queue
[2024-05-26T09:18:50.748+0000] {logging_mixin.py:188} INFO - [2024-05-26T09:18:50.747+0000] {dagbag.py:545} INFO - Filling up the DagBag from /usr/local/python/3.10.13/lib/python3.10/site-packages/airflow/example_dags/example_trigger_controller_dag.py
[2024-05-26T09:18:50.752+0000] {processor.py:840} INFO - DAG(s) 'example_trigger_controller_dag' retrieved from /usr/local/python/3.10.13/lib/python3.10/site-packages/airflow/example_dags/example_trigger_controller_dag.py
[2024-05-26T09:18:50.765+0000] {logging_mixin.py:188} INFO - [2024-05-26T09:18:50.765+0000] {dag.py:3096} INFO - Sync 1 DAGs
[2024-05-26T09:18:50.780+0000] {logging_mixin.py:188} INFO - [2024-05-26T09:18:50.779+0000] {dag.py:3954} INFO - Setting next_dagrun for example_trigger_controller_dag to 2021-01-01 00:00:00+00:00, run_after=2021-01-01 00:00:00+00:00
[2024-05-26T09:18:50.818+0000] {processor.py:183} INFO - Processing /usr/local/python/3.10.13/lib/python3.10/site-packages/airflow/example_dags/example_trigger_controller_dag.py took 0.078 seconds
[2024-05-26T09:19:33.080+0000] {processor.py:161} INFO - Started process (PID=44076) to work on /usr/local/python/3.10.13/lib/python3.10/site-packages/airflow/example_dags/example_trigger_controller_dag.py
[2024-05-26T09:19:33.081+0000] {processor.py:830} INFO - Processing file /usr/local/python/3.10.13/lib/python3.10/site-packages/airflow/example_dags/example_trigger_controller_dag.py for tasks to queue
[2024-05-26T09:19:33.082+0000] {logging_mixin.py:188} INFO - [2024-05-26T09:19:33.082+0000] {dagbag.py:545} INFO - Filling up the DagBag from /usr/local/python/3.10.13/lib/python3.10/site-packages/airflow/example_dags/example_trigger_controller_dag.py
[2024-05-26T09:19:33.086+0000] {processor.py:840} INFO - DAG(s) 'example_trigger_controller_dag' retrieved from /usr/local/python/3.10.13/lib/python3.10/site-packages/airflow/example_dags/example_trigger_controller_dag.py
[2024-05-26T09:19:33.097+0000] {logging_mixin.py:188} INFO - [2024-05-26T09:19:33.097+0000] {dag.py:3096} INFO - Sync 1 DAGs
[2024-05-26T09:19:33.111+0000] {logging_mixin.py:188} INFO - [2024-05-26T09:19:33.111+0000] {dag.py:3954} INFO - Setting next_dagrun for example_trigger_controller_dag to 2021-01-01 00:00:00+00:00, run_after=2021-01-01 00:00:00+00:00
[2024-05-26T09:19:33.149+0000] {processor.py:183} INFO - Processing /usr/local/python/3.10.13/lib/python3.10/site-packages/airflow/example_dags/example_trigger_controller_dag.py took 0.073 seconds
[2024-05-26T09:20:16.752+0000] {processor.py:161} INFO - Started process (PID=44385) to work on /usr/local/python/3.10.13/lib/python3.10/site-packages/airflow/example_dags/example_trigger_controller_dag.py
[2024-05-26T09:20:16.753+0000] {processor.py:830} INFO - Processing file /usr/local/python/3.10.13/lib/python3.10/site-packages/airflow/example_dags/example_trigger_controller_dag.py for tasks to queue
[2024-05-26T09:20:16.754+0000] {logging_mixin.py:188} INFO - [2024-05-26T09:20:16.754+0000] {dagbag.py:545} INFO - Filling up the DagBag from /usr/local/python/3.10.13/lib/python3.10/site-packages/airflow/example_dags/example_trigger_controller_dag.py
[2024-05-26T09:20:16.758+0000] {processor.py:840} INFO - DAG(s) 'example_trigger_controller_dag' retrieved from /usr/local/python/3.10.13/lib/python3.10/site-packages/airflow/example_dags/example_trigger_controller_dag.py
[2024-05-26T09:20:16.769+0000] {logging_mixin.py:188} INFO - [2024-05-26T09:20:16.768+0000] {dag.py:3096} INFO - Sync 1 DAGs
[2024-05-26T09:20:16.783+0000] {logging_mixin.py:188} INFO - [2024-05-26T09:20:16.782+0000] {dag.py:3954} INFO - Setting next_dagrun for example_trigger_controller_dag to 2021-01-01 00:00:00+00:00, run_after=2021-01-01 00:00:00+00:00
[2024-05-26T09:20:16.820+0000] {processor.py:183} INFO - Processing /usr/local/python/3.10.13/lib/python3.10/site-packages/airflow/example_dags/example_trigger_controller_dag.py took 0.072 seconds
[2024-05-26T09:20:57.511+0000] {processor.py:161} INFO - Started process (PID=44674) to work on /usr/local/python/3.10.13/lib/python3.10/site-packages/airflow/example_dags/example_trigger_controller_dag.py
[2024-05-26T09:20:57.512+0000] {processor.py:830} INFO - Processing file /usr/local/python/3.10.13/lib/python3.10/site-packages/airflow/example_dags/example_trigger_controller_dag.py for tasks to queue
[2024-05-26T09:20:57.513+0000] {logging_mixin.py:188} INFO - [2024-05-26T09:20:57.513+0000] {dagbag.py:545} INFO - Filling up the DagBag from /usr/local/python/3.10.13/lib/python3.10/site-packages/airflow/example_dags/example_trigger_controller_dag.py
[2024-05-26T09:20:57.517+0000] {processor.py:840} INFO - DAG(s) 'example_trigger_controller_dag' retrieved from /usr/local/python/3.10.13/lib/python3.10/site-packages/airflow/example_dags/example_trigger_controller_dag.py
[2024-05-26T09:20:57.528+0000] {logging_mixin.py:188} INFO - [2024-05-26T09:20:57.528+0000] {dag.py:3096} INFO - Sync 1 DAGs
[2024-05-26T09:20:57.542+0000] {logging_mixin.py:188} INFO - [2024-05-26T09:20:57.542+0000] {dag.py:3954} INFO - Setting next_dagrun for example_trigger_controller_dag to 2021-01-01 00:00:00+00:00, run_after=2021-01-01 00:00:00+00:00
[2024-05-26T09:20:57.582+0000] {processor.py:183} INFO - Processing /usr/local/python/3.10.13/lib/python3.10/site-packages/airflow/example_dags/example_trigger_controller_dag.py took 0.076 seconds
[2024-05-26T09:21:40.288+0000] {processor.py:161} INFO - Started process (PID=44978) to work on /usr/local/python/3.10.13/lib/python3.10/site-packages/airflow/example_dags/example_trigger_controller_dag.py
[2024-05-26T09:21:40.289+0000] {processor.py:830} INFO - Processing file /usr/local/python/3.10.13/lib/python3.10/site-packages/airflow/example_dags/example_trigger_controller_dag.py for tasks to queue
[2024-05-26T09:21:40.290+0000] {logging_mixin.py:188} INFO - [2024-05-26T09:21:40.290+0000] {dagbag.py:545} INFO - Filling up the DagBag from /usr/local/python/3.10.13/lib/python3.10/site-packages/airflow/example_dags/example_trigger_controller_dag.py
[2024-05-26T09:21:40.297+0000] {processor.py:840} INFO - DAG(s) 'example_trigger_controller_dag' retrieved from /usr/local/python/3.10.13/lib/python3.10/site-packages/airflow/example_dags/example_trigger_controller_dag.py
[2024-05-26T09:21:40.310+0000] {logging_mixin.py:188} INFO - [2024-05-26T09:21:40.310+0000] {dag.py:3096} INFO - Sync 1 DAGs
[2024-05-26T09:21:40.324+0000] {logging_mixin.py:188} INFO - [2024-05-26T09:21:40.324+0000] {dag.py:3954} INFO - Setting next_dagrun for example_trigger_controller_dag to 2021-01-01 00:00:00+00:00, run_after=2021-01-01 00:00:00+00:00
[2024-05-26T09:21:40.364+0000] {processor.py:183} INFO - Processing /usr/local/python/3.10.13/lib/python3.10/site-packages/airflow/example_dags/example_trigger_controller_dag.py took 0.080 seconds
[2024-05-26T09:22:22.122+0000] {processor.py:161} INFO - Started process (PID=45265) to work on /usr/local/python/3.10.13/lib/python3.10/site-packages/airflow/example_dags/example_trigger_controller_dag.py
[2024-05-26T09:22:22.122+0000] {processor.py:830} INFO - Processing file /usr/local/python/3.10.13/lib/python3.10/site-packages/airflow/example_dags/example_trigger_controller_dag.py for tasks to queue
[2024-05-26T09:22:22.124+0000] {logging_mixin.py:188} INFO - [2024-05-26T09:22:22.123+0000] {dagbag.py:545} INFO - Filling up the DagBag from /usr/local/python/3.10.13/lib/python3.10/site-packages/airflow/example_dags/example_trigger_controller_dag.py
[2024-05-26T09:22:22.127+0000] {processor.py:840} INFO - DAG(s) 'example_trigger_controller_dag' retrieved from /usr/local/python/3.10.13/lib/python3.10/site-packages/airflow/example_dags/example_trigger_controller_dag.py
[2024-05-26T09:22:22.139+0000] {logging_mixin.py:188} INFO - [2024-05-26T09:22:22.138+0000] {dag.py:3096} INFO - Sync 1 DAGs
[2024-05-26T09:22:22.159+0000] {logging_mixin.py:188} INFO - [2024-05-26T09:22:22.159+0000] {dag.py:3954} INFO - Setting next_dagrun for example_trigger_controller_dag to 2021-01-01 00:00:00+00:00, run_after=2021-01-01 00:00:00+00:00
[2024-05-26T09:22:22.199+0000] {processor.py:183} INFO - Processing /usr/local/python/3.10.13/lib/python3.10/site-packages/airflow/example_dags/example_trigger_controller_dag.py took 0.082 seconds
[2024-05-26T09:23:17.066+0000] {processor.py:161} INFO - Started process (PID=45641) to work on /usr/local/python/3.10.13/lib/python3.10/site-packages/airflow/example_dags/example_trigger_controller_dag.py
[2024-05-26T09:23:17.066+0000] {processor.py:830} INFO - Processing file /usr/local/python/3.10.13/lib/python3.10/site-packages/airflow/example_dags/example_trigger_controller_dag.py for tasks to queue
[2024-05-26T09:23:17.068+0000] {logging_mixin.py:188} INFO - [2024-05-26T09:23:17.067+0000] {dagbag.py:545} INFO - Filling up the DagBag from /usr/local/python/3.10.13/lib/python3.10/site-packages/airflow/example_dags/example_trigger_controller_dag.py
[2024-05-26T09:23:17.072+0000] {processor.py:840} INFO - DAG(s) 'example_trigger_controller_dag' retrieved from /usr/local/python/3.10.13/lib/python3.10/site-packages/airflow/example_dags/example_trigger_controller_dag.py
[2024-05-26T09:23:17.083+0000] {logging_mixin.py:188} INFO - [2024-05-26T09:23:17.083+0000] {dag.py:3096} INFO - Sync 1 DAGs
[2024-05-26T09:23:17.099+0000] {logging_mixin.py:188} INFO - [2024-05-26T09:23:17.099+0000] {dag.py:3954} INFO - Setting next_dagrun for example_trigger_controller_dag to 2021-01-01 00:00:00+00:00, run_after=2021-01-01 00:00:00+00:00
[2024-05-26T09:23:17.141+0000] {processor.py:183} INFO - Processing /usr/local/python/3.10.13/lib/python3.10/site-packages/airflow/example_dags/example_trigger_controller_dag.py took 0.081 seconds
[2024-05-26T09:23:59.723+0000] {processor.py:161} INFO - Started process (PID=45928) to work on /usr/local/python/3.10.13/lib/python3.10/site-packages/airflow/example_dags/example_trigger_controller_dag.py
[2024-05-26T09:23:59.724+0000] {processor.py:830} INFO - Processing file /usr/local/python/3.10.13/lib/python3.10/site-packages/airflow/example_dags/example_trigger_controller_dag.py for tasks to queue
[2024-05-26T09:23:59.725+0000] {logging_mixin.py:188} INFO - [2024-05-26T09:23:59.725+0000] {dagbag.py:545} INFO - Filling up the DagBag from /usr/local/python/3.10.13/lib/python3.10/site-packages/airflow/example_dags/example_trigger_controller_dag.py
[2024-05-26T09:23:59.729+0000] {processor.py:840} INFO - DAG(s) 'example_trigger_controller_dag' retrieved from /usr/local/python/3.10.13/lib/python3.10/site-packages/airflow/example_dags/example_trigger_controller_dag.py
[2024-05-26T09:23:59.742+0000] {logging_mixin.py:188} INFO - [2024-05-26T09:23:59.741+0000] {dag.py:3096} INFO - Sync 1 DAGs
[2024-05-26T09:23:59.756+0000] {logging_mixin.py:188} INFO - [2024-05-26T09:23:59.756+0000] {dag.py:3954} INFO - Setting next_dagrun for example_trigger_controller_dag to 2021-01-01 00:00:00+00:00, run_after=2021-01-01 00:00:00+00:00
[2024-05-26T09:23:59.792+0000] {processor.py:183} INFO - Processing /usr/local/python/3.10.13/lib/python3.10/site-packages/airflow/example_dags/example_trigger_controller_dag.py took 0.073 seconds
[2024-05-26T09:24:41.178+0000] {processor.py:161} INFO - Started process (PID=46222) to work on /usr/local/python/3.10.13/lib/python3.10/site-packages/airflow/example_dags/example_trigger_controller_dag.py
[2024-05-26T09:24:41.178+0000] {processor.py:830} INFO - Processing file /usr/local/python/3.10.13/lib/python3.10/site-packages/airflow/example_dags/example_trigger_controller_dag.py for tasks to queue
[2024-05-26T09:24:41.180+0000] {logging_mixin.py:188} INFO - [2024-05-26T09:24:41.179+0000] {dagbag.py:545} INFO - Filling up the DagBag from /usr/local/python/3.10.13/lib/python3.10/site-packages/airflow/example_dags/example_trigger_controller_dag.py
[2024-05-26T09:24:41.183+0000] {processor.py:840} INFO - DAG(s) 'example_trigger_controller_dag' retrieved from /usr/local/python/3.10.13/lib/python3.10/site-packages/airflow/example_dags/example_trigger_controller_dag.py
[2024-05-26T09:24:41.195+0000] {logging_mixin.py:188} INFO - [2024-05-26T09:24:41.195+0000] {dag.py:3096} INFO - Sync 1 DAGs
[2024-05-26T09:24:41.211+0000] {logging_mixin.py:188} INFO - [2024-05-26T09:24:41.211+0000] {dag.py:3954} INFO - Setting next_dagrun for example_trigger_controller_dag to 2021-01-01 00:00:00+00:00, run_after=2021-01-01 00:00:00+00:00
[2024-05-26T09:24:41.249+0000] {processor.py:183} INFO - Processing /usr/local/python/3.10.13/lib/python3.10/site-packages/airflow/example_dags/example_trigger_controller_dag.py took 0.076 seconds
[2024-05-26T09:25:21.712+0000] {processor.py:161} INFO - Started process (PID=46498) to work on /usr/local/python/3.10.13/lib/python3.10/site-packages/airflow/example_dags/example_trigger_controller_dag.py
[2024-05-26T09:25:21.713+0000] {processor.py:830} INFO - Processing file /usr/local/python/3.10.13/lib/python3.10/site-packages/airflow/example_dags/example_trigger_controller_dag.py for tasks to queue
[2024-05-26T09:25:21.714+0000] {logging_mixin.py:188} INFO - [2024-05-26T09:25:21.714+0000] {dagbag.py:545} INFO - Filling up the DagBag from /usr/local/python/3.10.13/lib/python3.10/site-packages/airflow/example_dags/example_trigger_controller_dag.py
[2024-05-26T09:25:21.718+0000] {processor.py:840} INFO - DAG(s) 'example_trigger_controller_dag' retrieved from /usr/local/python/3.10.13/lib/python3.10/site-packages/airflow/example_dags/example_trigger_controller_dag.py
[2024-05-26T09:25:21.730+0000] {logging_mixin.py:188} INFO - [2024-05-26T09:25:21.730+0000] {dag.py:3096} INFO - Sync 1 DAGs
[2024-05-26T09:25:21.746+0000] {logging_mixin.py:188} INFO - [2024-05-26T09:25:21.746+0000] {dag.py:3954} INFO - Setting next_dagrun for example_trigger_controller_dag to 2021-01-01 00:00:00+00:00, run_after=2021-01-01 00:00:00+00:00
[2024-05-26T09:25:21.787+0000] {processor.py:183} INFO - Processing /usr/local/python/3.10.13/lib/python3.10/site-packages/airflow/example_dags/example_trigger_controller_dag.py took 0.079 seconds
[2024-05-26T09:26:03.640+0000] {processor.py:161} INFO - Started process (PID=46815) to work on /usr/local/python/3.10.13/lib/python3.10/site-packages/airflow/example_dags/example_trigger_controller_dag.py
[2024-05-26T09:26:03.641+0000] {processor.py:830} INFO - Processing file /usr/local/python/3.10.13/lib/python3.10/site-packages/airflow/example_dags/example_trigger_controller_dag.py for tasks to queue
[2024-05-26T09:26:03.642+0000] {logging_mixin.py:188} INFO - [2024-05-26T09:26:03.642+0000] {dagbag.py:545} INFO - Filling up the DagBag from /usr/local/python/3.10.13/lib/python3.10/site-packages/airflow/example_dags/example_trigger_controller_dag.py
[2024-05-26T09:26:03.646+0000] {processor.py:840} INFO - DAG(s) 'example_trigger_controller_dag' retrieved from /usr/local/python/3.10.13/lib/python3.10/site-packages/airflow/example_dags/example_trigger_controller_dag.py
[2024-05-26T09:26:03.657+0000] {logging_mixin.py:188} INFO - [2024-05-26T09:26:03.656+0000] {dag.py:3096} INFO - Sync 1 DAGs
[2024-05-26T09:26:03.671+0000] {logging_mixin.py:188} INFO - [2024-05-26T09:26:03.671+0000] {dag.py:3954} INFO - Setting next_dagrun for example_trigger_controller_dag to 2021-01-01 00:00:00+00:00, run_after=2021-01-01 00:00:00+00:00
[2024-05-26T09:26:03.727+0000] {processor.py:183} INFO - Processing /usr/local/python/3.10.13/lib/python3.10/site-packages/airflow/example_dags/example_trigger_controller_dag.py took 0.091 seconds
[2024-05-26T09:26:45.292+0000] {processor.py:161} INFO - Started process (PID=47145) to work on /usr/local/python/3.10.13/lib/python3.10/site-packages/airflow/example_dags/example_trigger_controller_dag.py
[2024-05-26T09:26:45.293+0000] {processor.py:830} INFO - Processing file /usr/local/python/3.10.13/lib/python3.10/site-packages/airflow/example_dags/example_trigger_controller_dag.py for tasks to queue
[2024-05-26T09:26:45.294+0000] {logging_mixin.py:188} INFO - [2024-05-26T09:26:45.294+0000] {dagbag.py:545} INFO - Filling up the DagBag from /usr/local/python/3.10.13/lib/python3.10/site-packages/airflow/example_dags/example_trigger_controller_dag.py
[2024-05-26T09:26:45.299+0000] {processor.py:840} INFO - DAG(s) 'example_trigger_controller_dag' retrieved from /usr/local/python/3.10.13/lib/python3.10/site-packages/airflow/example_dags/example_trigger_controller_dag.py
[2024-05-26T09:26:45.310+0000] {logging_mixin.py:188} INFO - [2024-05-26T09:26:45.310+0000] {dag.py:3096} INFO - Sync 1 DAGs
[2024-05-26T09:26:45.325+0000] {logging_mixin.py:188} INFO - [2024-05-26T09:26:45.325+0000] {dag.py:3954} INFO - Setting next_dagrun for example_trigger_controller_dag to 2021-01-01 00:00:00+00:00, run_after=2021-01-01 00:00:00+00:00
[2024-05-26T09:26:45.361+0000] {processor.py:183} INFO - Processing /usr/local/python/3.10.13/lib/python3.10/site-packages/airflow/example_dags/example_trigger_controller_dag.py took 0.074 seconds
[2024-05-26T09:27:26.598+0000] {processor.py:161} INFO - Started process (PID=47434) to work on /usr/local/python/3.10.13/lib/python3.10/site-packages/airflow/example_dags/example_trigger_controller_dag.py
[2024-05-26T09:27:26.599+0000] {processor.py:830} INFO - Processing file /usr/local/python/3.10.13/lib/python3.10/site-packages/airflow/example_dags/example_trigger_controller_dag.py for tasks to queue
[2024-05-26T09:27:26.600+0000] {logging_mixin.py:188} INFO - [2024-05-26T09:27:26.600+0000] {dagbag.py:545} INFO - Filling up the DagBag from /usr/local/python/3.10.13/lib/python3.10/site-packages/airflow/example_dags/example_trigger_controller_dag.py
[2024-05-26T09:27:26.604+0000] {processor.py:840} INFO - DAG(s) 'example_trigger_controller_dag' retrieved from /usr/local/python/3.10.13/lib/python3.10/site-packages/airflow/example_dags/example_trigger_controller_dag.py
[2024-05-26T09:27:26.615+0000] {logging_mixin.py:188} INFO - [2024-05-26T09:27:26.615+0000] {dag.py:3096} INFO - Sync 1 DAGs
[2024-05-26T09:27:26.629+0000] {logging_mixin.py:188} INFO - [2024-05-26T09:27:26.629+0000] {dag.py:3954} INFO - Setting next_dagrun for example_trigger_controller_dag to 2021-01-01 00:00:00+00:00, run_after=2021-01-01 00:00:00+00:00
[2024-05-26T09:27:26.668+0000] {processor.py:183} INFO - Processing /usr/local/python/3.10.13/lib/python3.10/site-packages/airflow/example_dags/example_trigger_controller_dag.py took 0.075 seconds
[2024-05-26T09:28:07.583+0000] {processor.py:161} INFO - Started process (PID=47720) to work on /usr/local/python/3.10.13/lib/python3.10/site-packages/airflow/example_dags/example_trigger_controller_dag.py
[2024-05-26T09:28:07.584+0000] {processor.py:830} INFO - Processing file /usr/local/python/3.10.13/lib/python3.10/site-packages/airflow/example_dags/example_trigger_controller_dag.py for tasks to queue
[2024-05-26T09:28:07.585+0000] {logging_mixin.py:188} INFO - [2024-05-26T09:28:07.585+0000] {dagbag.py:545} INFO - Filling up the DagBag from /usr/local/python/3.10.13/lib/python3.10/site-packages/airflow/example_dags/example_trigger_controller_dag.py
[2024-05-26T09:28:07.589+0000] {processor.py:840} INFO - DAG(s) 'example_trigger_controller_dag' retrieved from /usr/local/python/3.10.13/lib/python3.10/site-packages/airflow/example_dags/example_trigger_controller_dag.py
[2024-05-26T09:28:07.601+0000] {logging_mixin.py:188} INFO - [2024-05-26T09:28:07.600+0000] {dag.py:3096} INFO - Sync 1 DAGs
[2024-05-26T09:28:07.615+0000] {logging_mixin.py:188} INFO - [2024-05-26T09:28:07.615+0000] {dag.py:3954} INFO - Setting next_dagrun for example_trigger_controller_dag to 2021-01-01 00:00:00+00:00, run_after=2021-01-01 00:00:00+00:00
[2024-05-26T09:28:07.650+0000] {processor.py:183} INFO - Processing /usr/local/python/3.10.13/lib/python3.10/site-packages/airflow/example_dags/example_trigger_controller_dag.py took 0.073 seconds
[2024-05-26T09:28:47.902+0000] {processor.py:161} INFO - Started process (PID=47998) to work on /usr/local/python/3.10.13/lib/python3.10/site-packages/airflow/example_dags/example_trigger_controller_dag.py
[2024-05-26T09:28:47.903+0000] {processor.py:830} INFO - Processing file /usr/local/python/3.10.13/lib/python3.10/site-packages/airflow/example_dags/example_trigger_controller_dag.py for tasks to queue
[2024-05-26T09:28:47.904+0000] {logging_mixin.py:188} INFO - [2024-05-26T09:28:47.904+0000] {dagbag.py:545} INFO - Filling up the DagBag from /usr/local/python/3.10.13/lib/python3.10/site-packages/airflow/example_dags/example_trigger_controller_dag.py
[2024-05-26T09:28:47.908+0000] {processor.py:840} INFO - DAG(s) 'example_trigger_controller_dag' retrieved from /usr/local/python/3.10.13/lib/python3.10/site-packages/airflow/example_dags/example_trigger_controller_dag.py
[2024-05-26T09:28:47.919+0000] {logging_mixin.py:188} INFO - [2024-05-26T09:28:47.918+0000] {dag.py:3096} INFO - Sync 1 DAGs
[2024-05-26T09:28:47.933+0000] {logging_mixin.py:188} INFO - [2024-05-26T09:28:47.933+0000] {dag.py:3954} INFO - Setting next_dagrun for example_trigger_controller_dag to 2021-01-01 00:00:00+00:00, run_after=2021-01-01 00:00:00+00:00
[2024-05-26T09:28:47.969+0000] {processor.py:183} INFO - Processing /usr/local/python/3.10.13/lib/python3.10/site-packages/airflow/example_dags/example_trigger_controller_dag.py took 0.071 seconds
[2024-05-26T09:29:30.386+0000] {processor.py:161} INFO - Started process (PID=48286) to work on /usr/local/python/3.10.13/lib/python3.10/site-packages/airflow/example_dags/example_trigger_controller_dag.py
[2024-05-26T09:29:30.387+0000] {processor.py:830} INFO - Processing file /usr/local/python/3.10.13/lib/python3.10/site-packages/airflow/example_dags/example_trigger_controller_dag.py for tasks to queue
[2024-05-26T09:29:30.389+0000] {logging_mixin.py:188} INFO - [2024-05-26T09:29:30.389+0000] {dagbag.py:545} INFO - Filling up the DagBag from /usr/local/python/3.10.13/lib/python3.10/site-packages/airflow/example_dags/example_trigger_controller_dag.py
[2024-05-26T09:29:30.394+0000] {processor.py:840} INFO - DAG(s) 'example_trigger_controller_dag' retrieved from /usr/local/python/3.10.13/lib/python3.10/site-packages/airflow/example_dags/example_trigger_controller_dag.py
[2024-05-26T09:29:30.410+0000] {logging_mixin.py:188} INFO - [2024-05-26T09:29:30.409+0000] {dag.py:3096} INFO - Sync 1 DAGs
[2024-05-26T09:29:30.434+0000] {logging_mixin.py:188} INFO - [2024-05-26T09:29:30.433+0000] {dag.py:3954} INFO - Setting next_dagrun for example_trigger_controller_dag to 2021-01-01 00:00:00+00:00, run_after=2021-01-01 00:00:00+00:00
[2024-05-26T09:29:30.475+0000] {processor.py:183} INFO - Processing /usr/local/python/3.10.13/lib/python3.10/site-packages/airflow/example_dags/example_trigger_controller_dag.py took 0.094 seconds
[2024-05-26T09:30:11.936+0000] {processor.py:161} INFO - Started process (PID=48578) to work on /usr/local/python/3.10.13/lib/python3.10/site-packages/airflow/example_dags/example_trigger_controller_dag.py
[2024-05-26T09:30:11.937+0000] {processor.py:830} INFO - Processing file /usr/local/python/3.10.13/lib/python3.10/site-packages/airflow/example_dags/example_trigger_controller_dag.py for tasks to queue
[2024-05-26T09:30:11.938+0000] {logging_mixin.py:188} INFO - [2024-05-26T09:30:11.938+0000] {dagbag.py:545} INFO - Filling up the DagBag from /usr/local/python/3.10.13/lib/python3.10/site-packages/airflow/example_dags/example_trigger_controller_dag.py
[2024-05-26T09:30:11.942+0000] {processor.py:840} INFO - DAG(s) 'example_trigger_controller_dag' retrieved from /usr/local/python/3.10.13/lib/python3.10/site-packages/airflow/example_dags/example_trigger_controller_dag.py
[2024-05-26T09:30:11.952+0000] {logging_mixin.py:188} INFO - [2024-05-26T09:30:11.952+0000] {dag.py:3096} INFO - Sync 1 DAGs
[2024-05-26T09:30:11.966+0000] {logging_mixin.py:188} INFO - [2024-05-26T09:30:11.966+0000] {dag.py:3954} INFO - Setting next_dagrun for example_trigger_controller_dag to 2021-01-01 00:00:00+00:00, run_after=2021-01-01 00:00:00+00:00
[2024-05-26T09:30:12.002+0000] {processor.py:183} INFO - Processing /usr/local/python/3.10.13/lib/python3.10/site-packages/airflow/example_dags/example_trigger_controller_dag.py took 0.070 seconds
[2024-05-26T09:31:08.005+0000] {processor.py:161} INFO - Started process (PID=48957) to work on /usr/local/python/3.10.13/lib/python3.10/site-packages/airflow/example_dags/example_trigger_controller_dag.py
[2024-05-26T09:31:08.006+0000] {processor.py:830} INFO - Processing file /usr/local/python/3.10.13/lib/python3.10/site-packages/airflow/example_dags/example_trigger_controller_dag.py for tasks to queue
[2024-05-26T09:31:08.007+0000] {logging_mixin.py:188} INFO - [2024-05-26T09:31:08.007+0000] {dagbag.py:545} INFO - Filling up the DagBag from /usr/local/python/3.10.13/lib/python3.10/site-packages/airflow/example_dags/example_trigger_controller_dag.py
[2024-05-26T09:31:08.011+0000] {processor.py:840} INFO - DAG(s) 'example_trigger_controller_dag' retrieved from /usr/local/python/3.10.13/lib/python3.10/site-packages/airflow/example_dags/example_trigger_controller_dag.py
[2024-05-26T09:31:08.022+0000] {logging_mixin.py:188} INFO - [2024-05-26T09:31:08.022+0000] {dag.py:3096} INFO - Sync 1 DAGs
[2024-05-26T09:31:08.036+0000] {logging_mixin.py:188} INFO - [2024-05-26T09:31:08.036+0000] {dag.py:3954} INFO - Setting next_dagrun for example_trigger_controller_dag to 2021-01-01 00:00:00+00:00, run_after=2021-01-01 00:00:00+00:00
[2024-05-26T09:31:08.072+0000] {processor.py:183} INFO - Processing /usr/local/python/3.10.13/lib/python3.10/site-packages/airflow/example_dags/example_trigger_controller_dag.py took 0.072 seconds
[2024-05-26T09:31:51.149+0000] {processor.py:161} INFO - Started process (PID=49269) to work on /usr/local/python/3.10.13/lib/python3.10/site-packages/airflow/example_dags/example_trigger_controller_dag.py
[2024-05-26T09:31:51.150+0000] {processor.py:830} INFO - Processing file /usr/local/python/3.10.13/lib/python3.10/site-packages/airflow/example_dags/example_trigger_controller_dag.py for tasks to queue
[2024-05-26T09:31:51.151+0000] {logging_mixin.py:188} INFO - [2024-05-26T09:31:51.151+0000] {dagbag.py:545} INFO - Filling up the DagBag from /usr/local/python/3.10.13/lib/python3.10/site-packages/airflow/example_dags/example_trigger_controller_dag.py
[2024-05-26T09:31:51.155+0000] {processor.py:840} INFO - DAG(s) 'example_trigger_controller_dag' retrieved from /usr/local/python/3.10.13/lib/python3.10/site-packages/airflow/example_dags/example_trigger_controller_dag.py
[2024-05-26T09:31:51.166+0000] {logging_mixin.py:188} INFO - [2024-05-26T09:31:51.165+0000] {dag.py:3096} INFO - Sync 1 DAGs
[2024-05-26T09:31:51.180+0000] {logging_mixin.py:188} INFO - [2024-05-26T09:31:51.180+0000] {dag.py:3954} INFO - Setting next_dagrun for example_trigger_controller_dag to 2021-01-01 00:00:00+00:00, run_after=2021-01-01 00:00:00+00:00
[2024-05-26T09:31:51.216+0000] {processor.py:183} INFO - Processing /usr/local/python/3.10.13/lib/python3.10/site-packages/airflow/example_dags/example_trigger_controller_dag.py took 0.072 seconds
[2024-05-26T09:32:36.188+0000] {processor.py:161} INFO - Started process (PID=49574) to work on /usr/local/python/3.10.13/lib/python3.10/site-packages/airflow/example_dags/example_trigger_controller_dag.py
[2024-05-26T09:32:36.188+0000] {processor.py:830} INFO - Processing file /usr/local/python/3.10.13/lib/python3.10/site-packages/airflow/example_dags/example_trigger_controller_dag.py for tasks to queue
[2024-05-26T09:32:36.189+0000] {logging_mixin.py:188} INFO - [2024-05-26T09:32:36.189+0000] {dagbag.py:545} INFO - Filling up the DagBag from /usr/local/python/3.10.13/lib/python3.10/site-packages/airflow/example_dags/example_trigger_controller_dag.py
[2024-05-26T09:32:36.193+0000] {processor.py:840} INFO - DAG(s) 'example_trigger_controller_dag' retrieved from /usr/local/python/3.10.13/lib/python3.10/site-packages/airflow/example_dags/example_trigger_controller_dag.py
[2024-05-26T09:32:36.205+0000] {logging_mixin.py:188} INFO - [2024-05-26T09:32:36.204+0000] {dag.py:3096} INFO - Sync 1 DAGs
[2024-05-26T09:32:36.225+0000] {logging_mixin.py:188} INFO - [2024-05-26T09:32:36.225+0000] {dag.py:3954} INFO - Setting next_dagrun for example_trigger_controller_dag to 2021-01-01 00:00:00+00:00, run_after=2021-01-01 00:00:00+00:00
[2024-05-26T09:32:36.271+0000] {processor.py:183} INFO - Processing /usr/local/python/3.10.13/lib/python3.10/site-packages/airflow/example_dags/example_trigger_controller_dag.py took 0.088 seconds
[2024-05-26T09:33:32.632+0000] {processor.py:161} INFO - Started process (PID=49995) to work on /usr/local/python/3.10.13/lib/python3.10/site-packages/airflow/example_dags/example_trigger_controller_dag.py
[2024-05-26T09:33:32.633+0000] {processor.py:830} INFO - Processing file /usr/local/python/3.10.13/lib/python3.10/site-packages/airflow/example_dags/example_trigger_controller_dag.py for tasks to queue
[2024-05-26T09:33:32.634+0000] {logging_mixin.py:188} INFO - [2024-05-26T09:33:32.634+0000] {dagbag.py:545} INFO - Filling up the DagBag from /usr/local/python/3.10.13/lib/python3.10/site-packages/airflow/example_dags/example_trigger_controller_dag.py
[2024-05-26T09:33:32.638+0000] {processor.py:840} INFO - DAG(s) 'example_trigger_controller_dag' retrieved from /usr/local/python/3.10.13/lib/python3.10/site-packages/airflow/example_dags/example_trigger_controller_dag.py
[2024-05-26T09:33:32.649+0000] {logging_mixin.py:188} INFO - [2024-05-26T09:33:32.649+0000] {dag.py:3096} INFO - Sync 1 DAGs
[2024-05-26T09:33:32.664+0000] {logging_mixin.py:188} INFO - [2024-05-26T09:33:32.663+0000] {dag.py:3954} INFO - Setting next_dagrun for example_trigger_controller_dag to 2021-01-01 00:00:00+00:00, run_after=2021-01-01 00:00:00+00:00
[2024-05-26T09:33:32.707+0000] {processor.py:183} INFO - Processing /usr/local/python/3.10.13/lib/python3.10/site-packages/airflow/example_dags/example_trigger_controller_dag.py took 0.080 seconds
[2024-05-26T09:34:14.400+0000] {processor.py:161} INFO - Started process (PID=50290) to work on /usr/local/python/3.10.13/lib/python3.10/site-packages/airflow/example_dags/example_trigger_controller_dag.py
[2024-05-26T09:34:14.401+0000] {processor.py:830} INFO - Processing file /usr/local/python/3.10.13/lib/python3.10/site-packages/airflow/example_dags/example_trigger_controller_dag.py for tasks to queue
[2024-05-26T09:34:14.403+0000] {logging_mixin.py:188} INFO - [2024-05-26T09:34:14.402+0000] {dagbag.py:545} INFO - Filling up the DagBag from /usr/local/python/3.10.13/lib/python3.10/site-packages/airflow/example_dags/example_trigger_controller_dag.py
[2024-05-26T09:34:14.408+0000] {processor.py:840} INFO - DAG(s) 'example_trigger_controller_dag' retrieved from /usr/local/python/3.10.13/lib/python3.10/site-packages/airflow/example_dags/example_trigger_controller_dag.py
[2024-05-26T09:34:14.424+0000] {logging_mixin.py:188} INFO - [2024-05-26T09:34:14.424+0000] {dag.py:3096} INFO - Sync 1 DAGs
[2024-05-26T09:34:14.440+0000] {logging_mixin.py:188} INFO - [2024-05-26T09:34:14.439+0000] {dag.py:3954} INFO - Setting next_dagrun for example_trigger_controller_dag to 2021-01-01 00:00:00+00:00, run_after=2021-01-01 00:00:00+00:00
[2024-05-26T09:34:14.476+0000] {processor.py:183} INFO - Processing /usr/local/python/3.10.13/lib/python3.10/site-packages/airflow/example_dags/example_trigger_controller_dag.py took 0.083 seconds
[2024-05-26T09:34:55.072+0000] {processor.py:161} INFO - Started process (PID=50571) to work on /usr/local/python/3.10.13/lib/python3.10/site-packages/airflow/example_dags/example_trigger_controller_dag.py
[2024-05-26T09:34:55.072+0000] {processor.py:830} INFO - Processing file /usr/local/python/3.10.13/lib/python3.10/site-packages/airflow/example_dags/example_trigger_controller_dag.py for tasks to queue
[2024-05-26T09:34:55.074+0000] {logging_mixin.py:188} INFO - [2024-05-26T09:34:55.073+0000] {dagbag.py:545} INFO - Filling up the DagBag from /usr/local/python/3.10.13/lib/python3.10/site-packages/airflow/example_dags/example_trigger_controller_dag.py
[2024-05-26T09:34:55.078+0000] {processor.py:840} INFO - DAG(s) 'example_trigger_controller_dag' retrieved from /usr/local/python/3.10.13/lib/python3.10/site-packages/airflow/example_dags/example_trigger_controller_dag.py
[2024-05-26T09:34:55.089+0000] {logging_mixin.py:188} INFO - [2024-05-26T09:34:55.089+0000] {dag.py:3096} INFO - Sync 1 DAGs
[2024-05-26T09:34:55.104+0000] {logging_mixin.py:188} INFO - [2024-05-26T09:34:55.104+0000] {dag.py:3954} INFO - Setting next_dagrun for example_trigger_controller_dag to 2021-01-01 00:00:00+00:00, run_after=2021-01-01 00:00:00+00:00
[2024-05-26T09:34:55.140+0000] {processor.py:183} INFO - Processing /usr/local/python/3.10.13/lib/python3.10/site-packages/airflow/example_dags/example_trigger_controller_dag.py took 0.073 seconds
[2024-05-26T09:35:50.973+0000] {processor.py:161} INFO - Started process (PID=50953) to work on /usr/local/python/3.10.13/lib/python3.10/site-packages/airflow/example_dags/example_trigger_controller_dag.py
[2024-05-26T09:35:50.973+0000] {processor.py:830} INFO - Processing file /usr/local/python/3.10.13/lib/python3.10/site-packages/airflow/example_dags/example_trigger_controller_dag.py for tasks to queue
[2024-05-26T09:35:50.975+0000] {logging_mixin.py:188} INFO - [2024-05-26T09:35:50.974+0000] {dagbag.py:545} INFO - Filling up the DagBag from /usr/local/python/3.10.13/lib/python3.10/site-packages/airflow/example_dags/example_trigger_controller_dag.py
[2024-05-26T09:35:50.978+0000] {processor.py:840} INFO - DAG(s) 'example_trigger_controller_dag' retrieved from /usr/local/python/3.10.13/lib/python3.10/site-packages/airflow/example_dags/example_trigger_controller_dag.py
[2024-05-26T09:35:50.989+0000] {logging_mixin.py:188} INFO - [2024-05-26T09:35:50.988+0000] {dag.py:3096} INFO - Sync 1 DAGs
[2024-05-26T09:35:51.004+0000] {logging_mixin.py:188} INFO - [2024-05-26T09:35:51.003+0000] {dag.py:3954} INFO - Setting next_dagrun for example_trigger_controller_dag to 2021-01-01 00:00:00+00:00, run_after=2021-01-01 00:00:00+00:00
[2024-05-26T09:35:51.040+0000] {processor.py:183} INFO - Processing /usr/local/python/3.10.13/lib/python3.10/site-packages/airflow/example_dags/example_trigger_controller_dag.py took 0.072 seconds
[2024-05-26T09:36:33.242+0000] {processor.py:161} INFO - Started process (PID=51242) to work on /usr/local/python/3.10.13/lib/python3.10/site-packages/airflow/example_dags/example_trigger_controller_dag.py
[2024-05-26T09:36:33.243+0000] {processor.py:830} INFO - Processing file /usr/local/python/3.10.13/lib/python3.10/site-packages/airflow/example_dags/example_trigger_controller_dag.py for tasks to queue
[2024-05-26T09:36:33.244+0000] {logging_mixin.py:188} INFO - [2024-05-26T09:36:33.244+0000] {dagbag.py:545} INFO - Filling up the DagBag from /usr/local/python/3.10.13/lib/python3.10/site-packages/airflow/example_dags/example_trigger_controller_dag.py
[2024-05-26T09:36:33.248+0000] {processor.py:840} INFO - DAG(s) 'example_trigger_controller_dag' retrieved from /usr/local/python/3.10.13/lib/python3.10/site-packages/airflow/example_dags/example_trigger_controller_dag.py
[2024-05-26T09:36:33.258+0000] {logging_mixin.py:188} INFO - [2024-05-26T09:36:33.258+0000] {dag.py:3096} INFO - Sync 1 DAGs
[2024-05-26T09:36:33.281+0000] {logging_mixin.py:188} INFO - [2024-05-26T09:36:33.281+0000] {dag.py:3954} INFO - Setting next_dagrun for example_trigger_controller_dag to 2021-01-01 00:00:00+00:00, run_after=2021-01-01 00:00:00+00:00
[2024-05-26T09:36:33.326+0000] {processor.py:183} INFO - Processing /usr/local/python/3.10.13/lib/python3.10/site-packages/airflow/example_dags/example_trigger_controller_dag.py took 0.087 seconds
[2024-05-26T09:37:17.141+0000] {processor.py:161} INFO - Started process (PID=51561) to work on /usr/local/python/3.10.13/lib/python3.10/site-packages/airflow/example_dags/example_trigger_controller_dag.py
[2024-05-26T09:37:17.141+0000] {processor.py:830} INFO - Processing file /usr/local/python/3.10.13/lib/python3.10/site-packages/airflow/example_dags/example_trigger_controller_dag.py for tasks to queue
[2024-05-26T09:37:17.143+0000] {logging_mixin.py:188} INFO - [2024-05-26T09:37:17.142+0000] {dagbag.py:545} INFO - Filling up the DagBag from /usr/local/python/3.10.13/lib/python3.10/site-packages/airflow/example_dags/example_trigger_controller_dag.py
[2024-05-26T09:37:17.146+0000] {processor.py:840} INFO - DAG(s) 'example_trigger_controller_dag' retrieved from /usr/local/python/3.10.13/lib/python3.10/site-packages/airflow/example_dags/example_trigger_controller_dag.py
[2024-05-26T09:37:17.158+0000] {logging_mixin.py:188} INFO - [2024-05-26T09:37:17.158+0000] {dag.py:3096} INFO - Sync 1 DAGs
[2024-05-26T09:37:17.174+0000] {logging_mixin.py:188} INFO - [2024-05-26T09:37:17.173+0000] {dag.py:3954} INFO - Setting next_dagrun for example_trigger_controller_dag to 2021-01-01 00:00:00+00:00, run_after=2021-01-01 00:00:00+00:00
[2024-05-26T09:37:17.211+0000] {processor.py:183} INFO - Processing /usr/local/python/3.10.13/lib/python3.10/site-packages/airflow/example_dags/example_trigger_controller_dag.py took 0.075 seconds
[2024-05-26T09:38:00.156+0000] {processor.py:161} INFO - Started process (PID=51854) to work on /usr/local/python/3.10.13/lib/python3.10/site-packages/airflow/example_dags/example_trigger_controller_dag.py
[2024-05-26T09:38:00.156+0000] {processor.py:830} INFO - Processing file /usr/local/python/3.10.13/lib/python3.10/site-packages/airflow/example_dags/example_trigger_controller_dag.py for tasks to queue
[2024-05-26T09:38:00.158+0000] {logging_mixin.py:188} INFO - [2024-05-26T09:38:00.157+0000] {dagbag.py:545} INFO - Filling up the DagBag from /usr/local/python/3.10.13/lib/python3.10/site-packages/airflow/example_dags/example_trigger_controller_dag.py
[2024-05-26T09:38:00.162+0000] {processor.py:840} INFO - DAG(s) 'example_trigger_controller_dag' retrieved from /usr/local/python/3.10.13/lib/python3.10/site-packages/airflow/example_dags/example_trigger_controller_dag.py
[2024-05-26T09:38:00.172+0000] {logging_mixin.py:188} INFO - [2024-05-26T09:38:00.172+0000] {dag.py:3096} INFO - Sync 1 DAGs
[2024-05-26T09:38:00.187+0000] {logging_mixin.py:188} INFO - [2024-05-26T09:38:00.187+0000] {dag.py:3954} INFO - Setting next_dagrun for example_trigger_controller_dag to 2021-01-01 00:00:00+00:00, run_after=2021-01-01 00:00:00+00:00
[2024-05-26T09:38:00.229+0000] {processor.py:183} INFO - Processing /usr/local/python/3.10.13/lib/python3.10/site-packages/airflow/example_dags/example_trigger_controller_dag.py took 0.078 seconds
[2024-05-26T09:38:54.191+0000] {processor.py:161} INFO - Started process (PID=52225) to work on /usr/local/python/3.10.13/lib/python3.10/site-packages/airflow/example_dags/example_trigger_controller_dag.py
[2024-05-26T09:38:54.191+0000] {processor.py:830} INFO - Processing file /usr/local/python/3.10.13/lib/python3.10/site-packages/airflow/example_dags/example_trigger_controller_dag.py for tasks to queue
[2024-05-26T09:38:54.193+0000] {logging_mixin.py:188} INFO - [2024-05-26T09:38:54.192+0000] {dagbag.py:545} INFO - Filling up the DagBag from /usr/local/python/3.10.13/lib/python3.10/site-packages/airflow/example_dags/example_trigger_controller_dag.py
[2024-05-26T09:38:54.196+0000] {processor.py:840} INFO - DAG(s) 'example_trigger_controller_dag' retrieved from /usr/local/python/3.10.13/lib/python3.10/site-packages/airflow/example_dags/example_trigger_controller_dag.py
[2024-05-26T09:38:54.207+0000] {logging_mixin.py:188} INFO - [2024-05-26T09:38:54.207+0000] {dag.py:3096} INFO - Sync 1 DAGs
[2024-05-26T09:38:54.222+0000] {logging_mixin.py:188} INFO - [2024-05-26T09:38:54.222+0000] {dag.py:3954} INFO - Setting next_dagrun for example_trigger_controller_dag to 2021-01-01 00:00:00+00:00, run_after=2021-01-01 00:00:00+00:00
[2024-05-26T09:38:54.261+0000] {processor.py:183} INFO - Processing /usr/local/python/3.10.13/lib/python3.10/site-packages/airflow/example_dags/example_trigger_controller_dag.py took 0.075 seconds
[2024-05-26T09:39:36.638+0000] {processor.py:161} INFO - Started process (PID=52522) to work on /usr/local/python/3.10.13/lib/python3.10/site-packages/airflow/example_dags/example_trigger_controller_dag.py
[2024-05-26T09:39:36.639+0000] {processor.py:830} INFO - Processing file /usr/local/python/3.10.13/lib/python3.10/site-packages/airflow/example_dags/example_trigger_controller_dag.py for tasks to queue
[2024-05-26T09:39:36.640+0000] {logging_mixin.py:188} INFO - [2024-05-26T09:39:36.640+0000] {dagbag.py:545} INFO - Filling up the DagBag from /usr/local/python/3.10.13/lib/python3.10/site-packages/airflow/example_dags/example_trigger_controller_dag.py
[2024-05-26T09:39:36.644+0000] {processor.py:840} INFO - DAG(s) 'example_trigger_controller_dag' retrieved from /usr/local/python/3.10.13/lib/python3.10/site-packages/airflow/example_dags/example_trigger_controller_dag.py
[2024-05-26T09:39:36.655+0000] {logging_mixin.py:188} INFO - [2024-05-26T09:39:36.654+0000] {dag.py:3096} INFO - Sync 1 DAGs
[2024-05-26T09:39:36.669+0000] {logging_mixin.py:188} INFO - [2024-05-26T09:39:36.669+0000] {dag.py:3954} INFO - Setting next_dagrun for example_trigger_controller_dag to 2021-01-01 00:00:00+00:00, run_after=2021-01-01 00:00:00+00:00
[2024-05-26T09:39:36.705+0000] {processor.py:183} INFO - Processing /usr/local/python/3.10.13/lib/python3.10/site-packages/airflow/example_dags/example_trigger_controller_dag.py took 0.072 seconds
[2024-05-26T09:40:21.240+0000] {processor.py:161} INFO - Started process (PID=52844) to work on /usr/local/python/3.10.13/lib/python3.10/site-packages/airflow/example_dags/example_trigger_controller_dag.py
[2024-05-26T09:40:21.241+0000] {processor.py:830} INFO - Processing file /usr/local/python/3.10.13/lib/python3.10/site-packages/airflow/example_dags/example_trigger_controller_dag.py for tasks to queue
[2024-05-26T09:40:21.242+0000] {logging_mixin.py:188} INFO - [2024-05-26T09:40:21.242+0000] {dagbag.py:545} INFO - Filling up the DagBag from /usr/local/python/3.10.13/lib/python3.10/site-packages/airflow/example_dags/example_trigger_controller_dag.py
[2024-05-26T09:40:21.247+0000] {processor.py:840} INFO - DAG(s) 'example_trigger_controller_dag' retrieved from /usr/local/python/3.10.13/lib/python3.10/site-packages/airflow/example_dags/example_trigger_controller_dag.py
[2024-05-26T09:40:21.258+0000] {logging_mixin.py:188} INFO - [2024-05-26T09:40:21.258+0000] {dag.py:3096} INFO - Sync 1 DAGs
[2024-05-26T09:40:21.273+0000] {logging_mixin.py:188} INFO - [2024-05-26T09:40:21.272+0000] {dag.py:3954} INFO - Setting next_dagrun for example_trigger_controller_dag to 2021-01-01 00:00:00+00:00, run_after=2021-01-01 00:00:00+00:00
[2024-05-26T09:40:21.313+0000] {processor.py:183} INFO - Processing /usr/local/python/3.10.13/lib/python3.10/site-packages/airflow/example_dags/example_trigger_controller_dag.py took 0.078 seconds
[2024-05-26T09:41:01.733+0000] {processor.py:161} INFO - Started process (PID=53127) to work on /usr/local/python/3.10.13/lib/python3.10/site-packages/airflow/example_dags/example_trigger_controller_dag.py
[2024-05-26T09:41:01.734+0000] {processor.py:830} INFO - Processing file /usr/local/python/3.10.13/lib/python3.10/site-packages/airflow/example_dags/example_trigger_controller_dag.py for tasks to queue
[2024-05-26T09:41:01.735+0000] {logging_mixin.py:188} INFO - [2024-05-26T09:41:01.735+0000] {dagbag.py:545} INFO - Filling up the DagBag from /usr/local/python/3.10.13/lib/python3.10/site-packages/airflow/example_dags/example_trigger_controller_dag.py
[2024-05-26T09:41:01.739+0000] {processor.py:840} INFO - DAG(s) 'example_trigger_controller_dag' retrieved from /usr/local/python/3.10.13/lib/python3.10/site-packages/airflow/example_dags/example_trigger_controller_dag.py
[2024-05-26T09:41:01.750+0000] {logging_mixin.py:188} INFO - [2024-05-26T09:41:01.750+0000] {dag.py:3096} INFO - Sync 1 DAGs
[2024-05-26T09:41:01.765+0000] {logging_mixin.py:188} INFO - [2024-05-26T09:41:01.765+0000] {dag.py:3954} INFO - Setting next_dagrun for example_trigger_controller_dag to 2021-01-01 00:00:00+00:00, run_after=2021-01-01 00:00:00+00:00
[2024-05-26T09:41:01.802+0000] {processor.py:183} INFO - Processing /usr/local/python/3.10.13/lib/python3.10/site-packages/airflow/example_dags/example_trigger_controller_dag.py took 0.073 seconds
[2024-05-26T09:41:43.292+0000] {processor.py:161} INFO - Started process (PID=53405) to work on /usr/local/python/3.10.13/lib/python3.10/site-packages/airflow/example_dags/example_trigger_controller_dag.py
[2024-05-26T09:41:43.293+0000] {processor.py:830} INFO - Processing file /usr/local/python/3.10.13/lib/python3.10/site-packages/airflow/example_dags/example_trigger_controller_dag.py for tasks to queue
[2024-05-26T09:41:43.295+0000] {logging_mixin.py:188} INFO - [2024-05-26T09:41:43.295+0000] {dagbag.py:545} INFO - Filling up the DagBag from /usr/local/python/3.10.13/lib/python3.10/site-packages/airflow/example_dags/example_trigger_controller_dag.py
[2024-05-26T09:41:43.301+0000] {processor.py:840} INFO - DAG(s) 'example_trigger_controller_dag' retrieved from /usr/local/python/3.10.13/lib/python3.10/site-packages/airflow/example_dags/example_trigger_controller_dag.py
[2024-05-26T09:41:43.319+0000] {logging_mixin.py:188} INFO - [2024-05-26T09:41:43.319+0000] {dag.py:3096} INFO - Sync 1 DAGs
[2024-05-26T09:41:43.341+0000] {logging_mixin.py:188} INFO - [2024-05-26T09:41:43.341+0000] {dag.py:3954} INFO - Setting next_dagrun for example_trigger_controller_dag to 2021-01-01 00:00:00+00:00, run_after=2021-01-01 00:00:00+00:00
[2024-05-26T09:41:43.381+0000] {processor.py:183} INFO - Processing /usr/local/python/3.10.13/lib/python3.10/site-packages/airflow/example_dags/example_trigger_controller_dag.py took 0.095 seconds
[2024-05-26T09:42:25.157+0000] {processor.py:161} INFO - Started process (PID=53698) to work on /usr/local/python/3.10.13/lib/python3.10/site-packages/airflow/example_dags/example_trigger_controller_dag.py
[2024-05-26T09:42:25.158+0000] {processor.py:830} INFO - Processing file /usr/local/python/3.10.13/lib/python3.10/site-packages/airflow/example_dags/example_trigger_controller_dag.py for tasks to queue
[2024-05-26T09:42:25.159+0000] {logging_mixin.py:188} INFO - [2024-05-26T09:42:25.159+0000] {dagbag.py:545} INFO - Filling up the DagBag from /usr/local/python/3.10.13/lib/python3.10/site-packages/airflow/example_dags/example_trigger_controller_dag.py
[2024-05-26T09:42:25.163+0000] {processor.py:840} INFO - DAG(s) 'example_trigger_controller_dag' retrieved from /usr/local/python/3.10.13/lib/python3.10/site-packages/airflow/example_dags/example_trigger_controller_dag.py
[2024-05-26T09:42:25.173+0000] {logging_mixin.py:188} INFO - [2024-05-26T09:42:25.173+0000] {dag.py:3096} INFO - Sync 1 DAGs
[2024-05-26T09:42:25.188+0000] {logging_mixin.py:188} INFO - [2024-05-26T09:42:25.188+0000] {dag.py:3954} INFO - Setting next_dagrun for example_trigger_controller_dag to 2021-01-01 00:00:00+00:00, run_after=2021-01-01 00:00:00+00:00
[2024-05-26T09:42:25.225+0000] {processor.py:183} INFO - Processing /usr/local/python/3.10.13/lib/python3.10/site-packages/airflow/example_dags/example_trigger_controller_dag.py took 0.073 seconds
[2024-05-26T09:43:23.871+0000] {processor.py:161} INFO - Started process (PID=54116) to work on /usr/local/python/3.10.13/lib/python3.10/site-packages/airflow/example_dags/example_trigger_controller_dag.py
[2024-05-26T09:43:23.871+0000] {processor.py:830} INFO - Processing file /usr/local/python/3.10.13/lib/python3.10/site-packages/airflow/example_dags/example_trigger_controller_dag.py for tasks to queue
[2024-05-26T09:43:23.873+0000] {logging_mixin.py:188} INFO - [2024-05-26T09:43:23.872+0000] {dagbag.py:545} INFO - Filling up the DagBag from /usr/local/python/3.10.13/lib/python3.10/site-packages/airflow/example_dags/example_trigger_controller_dag.py
[2024-05-26T09:43:23.876+0000] {processor.py:840} INFO - DAG(s) 'example_trigger_controller_dag' retrieved from /usr/local/python/3.10.13/lib/python3.10/site-packages/airflow/example_dags/example_trigger_controller_dag.py
[2024-05-26T09:43:23.887+0000] {logging_mixin.py:188} INFO - [2024-05-26T09:43:23.887+0000] {dag.py:3096} INFO - Sync 1 DAGs
[2024-05-26T09:43:23.901+0000] {logging_mixin.py:188} INFO - [2024-05-26T09:43:23.900+0000] {dag.py:3954} INFO - Setting next_dagrun for example_trigger_controller_dag to 2021-01-01 00:00:00+00:00, run_after=2021-01-01 00:00:00+00:00
[2024-05-26T09:43:23.936+0000] {processor.py:183} INFO - Processing /usr/local/python/3.10.13/lib/python3.10/site-packages/airflow/example_dags/example_trigger_controller_dag.py took 0.070 seconds
[2024-05-26T09:44:21.995+0000] {processor.py:161} INFO - Started process (PID=54615) to work on /usr/local/python/3.10.13/lib/python3.10/site-packages/airflow/example_dags/example_trigger_controller_dag.py
[2024-05-26T09:44:21.996+0000] {processor.py:830} INFO - Processing file /usr/local/python/3.10.13/lib/python3.10/site-packages/airflow/example_dags/example_trigger_controller_dag.py for tasks to queue
[2024-05-26T09:44:21.997+0000] {logging_mixin.py:188} INFO - [2024-05-26T09:44:21.997+0000] {dagbag.py:545} INFO - Filling up the DagBag from /usr/local/python/3.10.13/lib/python3.10/site-packages/airflow/example_dags/example_trigger_controller_dag.py
[2024-05-26T09:44:22.001+0000] {processor.py:840} INFO - DAG(s) 'example_trigger_controller_dag' retrieved from /usr/local/python/3.10.13/lib/python3.10/site-packages/airflow/example_dags/example_trigger_controller_dag.py
[2024-05-26T09:44:22.012+0000] {logging_mixin.py:188} INFO - [2024-05-26T09:44:22.012+0000] {dag.py:3096} INFO - Sync 1 DAGs
[2024-05-26T09:44:22.027+0000] {logging_mixin.py:188} INFO - [2024-05-26T09:44:22.027+0000] {dag.py:3954} INFO - Setting next_dagrun for example_trigger_controller_dag to 2021-01-01 00:00:00+00:00, run_after=2021-01-01 00:00:00+00:00
[2024-05-26T09:44:22.064+0000] {processor.py:183} INFO - Processing /usr/local/python/3.10.13/lib/python3.10/site-packages/airflow/example_dags/example_trigger_controller_dag.py took 0.074 seconds
[2024-05-26T09:45:03.827+0000] {processor.py:161} INFO - Started process (PID=55023) to work on /usr/local/python/3.10.13/lib/python3.10/site-packages/airflow/example_dags/example_trigger_controller_dag.py
[2024-05-26T09:45:03.827+0000] {processor.py:830} INFO - Processing file /usr/local/python/3.10.13/lib/python3.10/site-packages/airflow/example_dags/example_trigger_controller_dag.py for tasks to queue
[2024-05-26T09:45:03.829+0000] {logging_mixin.py:188} INFO - [2024-05-26T09:45:03.828+0000] {dagbag.py:545} INFO - Filling up the DagBag from /usr/local/python/3.10.13/lib/python3.10/site-packages/airflow/example_dags/example_trigger_controller_dag.py
[2024-05-26T09:45:03.833+0000] {processor.py:840} INFO - DAG(s) 'example_trigger_controller_dag' retrieved from /usr/local/python/3.10.13/lib/python3.10/site-packages/airflow/example_dags/example_trigger_controller_dag.py
[2024-05-26T09:45:03.847+0000] {logging_mixin.py:188} INFO - [2024-05-26T09:45:03.847+0000] {dag.py:3096} INFO - Sync 1 DAGs
[2024-05-26T09:45:03.864+0000] {logging_mixin.py:188} INFO - [2024-05-26T09:45:03.863+0000] {dag.py:3954} INFO - Setting next_dagrun for example_trigger_controller_dag to 2021-01-01 00:00:00+00:00, run_after=2021-01-01 00:00:00+00:00
[2024-05-26T09:45:03.899+0000] {processor.py:183} INFO - Processing /usr/local/python/3.10.13/lib/python3.10/site-packages/airflow/example_dags/example_trigger_controller_dag.py took 0.077 seconds
[2024-05-26T09:45:45.717+0000] {processor.py:161} INFO - Started process (PID=55594) to work on /usr/local/python/3.10.13/lib/python3.10/site-packages/airflow/example_dags/example_trigger_controller_dag.py
[2024-05-26T09:45:45.717+0000] {processor.py:830} INFO - Processing file /usr/local/python/3.10.13/lib/python3.10/site-packages/airflow/example_dags/example_trigger_controller_dag.py for tasks to queue
[2024-05-26T09:45:45.719+0000] {logging_mixin.py:188} INFO - [2024-05-26T09:45:45.718+0000] {dagbag.py:545} INFO - Filling up the DagBag from /usr/local/python/3.10.13/lib/python3.10/site-packages/airflow/example_dags/example_trigger_controller_dag.py
[2024-05-26T09:45:45.723+0000] {processor.py:840} INFO - DAG(s) 'example_trigger_controller_dag' retrieved from /usr/local/python/3.10.13/lib/python3.10/site-packages/airflow/example_dags/example_trigger_controller_dag.py
[2024-05-26T09:45:45.734+0000] {logging_mixin.py:188} INFO - [2024-05-26T09:45:45.734+0000] {dag.py:3096} INFO - Sync 1 DAGs
[2024-05-26T09:45:45.749+0000] {logging_mixin.py:188} INFO - [2024-05-26T09:45:45.748+0000] {dag.py:3954} INFO - Setting next_dagrun for example_trigger_controller_dag to 2021-01-01 00:00:00+00:00, run_after=2021-01-01 00:00:00+00:00
[2024-05-26T09:45:45.786+0000] {processor.py:183} INFO - Processing /usr/local/python/3.10.13/lib/python3.10/site-packages/airflow/example_dags/example_trigger_controller_dag.py took 0.074 seconds
[2024-05-26T09:46:26.129+0000] {processor.py:161} INFO - Started process (PID=56126) to work on /usr/local/python/3.10.13/lib/python3.10/site-packages/airflow/example_dags/example_trigger_controller_dag.py
[2024-05-26T09:46:26.130+0000] {processor.py:830} INFO - Processing file /usr/local/python/3.10.13/lib/python3.10/site-packages/airflow/example_dags/example_trigger_controller_dag.py for tasks to queue
[2024-05-26T09:46:26.131+0000] {logging_mixin.py:188} INFO - [2024-05-26T09:46:26.131+0000] {dagbag.py:545} INFO - Filling up the DagBag from /usr/local/python/3.10.13/lib/python3.10/site-packages/airflow/example_dags/example_trigger_controller_dag.py
[2024-05-26T09:46:26.135+0000] {processor.py:840} INFO - DAG(s) 'example_trigger_controller_dag' retrieved from /usr/local/python/3.10.13/lib/python3.10/site-packages/airflow/example_dags/example_trigger_controller_dag.py
[2024-05-26T09:46:26.147+0000] {logging_mixin.py:188} INFO - [2024-05-26T09:46:26.146+0000] {dag.py:3096} INFO - Sync 1 DAGs
[2024-05-26T09:46:26.161+0000] {logging_mixin.py:188} INFO - [2024-05-26T09:46:26.161+0000] {dag.py:3954} INFO - Setting next_dagrun for example_trigger_controller_dag to 2021-01-01 00:00:00+00:00, run_after=2021-01-01 00:00:00+00:00
[2024-05-26T09:46:26.204+0000] {processor.py:183} INFO - Processing /usr/local/python/3.10.13/lib/python3.10/site-packages/airflow/example_dags/example_trigger_controller_dag.py took 0.079 seconds
