[2024-05-26T09:10:57.332+0000] {processor.py:161} INFO - Started process (PID=40270) to work on /usr/local/python/3.10.13/lib/python3.10/site-packages/airflow/example_dags/example_latest_only_with_trigger.py
[2024-05-26T09:10:57.332+0000] {processor.py:830} INFO - Processing file /usr/local/python/3.10.13/lib/python3.10/site-packages/airflow/example_dags/example_latest_only_with_trigger.py for tasks to queue
[2024-05-26T09:10:57.333+0000] {logging_mixin.py:188} INFO - [2024-05-26T09:10:57.333+0000] {dagbag.py:545} INFO - Filling up the DagBag from /usr/local/python/3.10.13/lib/python3.10/site-packages/airflow/example_dags/example_latest_only_with_trigger.py
[2024-05-26T09:10:57.338+0000] {processor.py:840} INFO - DAG(s) 'latest_only_with_trigger' retrieved from /usr/local/python/3.10.13/lib/python3.10/site-packages/airflow/example_dags/example_latest_only_with_trigger.py
[2024-05-26T09:10:57.435+0000] {logging_mixin.py:188} INFO - [2024-05-26T09:10:57.434+0000] {dag.py:3096} INFO - Sync 1 DAGs
[2024-05-26T09:10:57.448+0000] {logging_mixin.py:188} INFO - [2024-05-26T09:10:57.447+0000] {dag.py:3954} INFO - Setting next_dagrun for latest_only_with_trigger to 2024-05-26 04:00:00+00:00, run_after=2024-05-26 08:00:00+00:00
[2024-05-26T09:10:57.487+0000] {processor.py:183} INFO - Processing /usr/local/python/3.10.13/lib/python3.10/site-packages/airflow/example_dags/example_latest_only_with_trigger.py took 0.159 seconds
[2024-05-26T09:11:48.415+0000] {processor.py:161} INFO - Started process (PID=40622) to work on /usr/local/python/3.10.13/lib/python3.10/site-packages/airflow/example_dags/example_latest_only_with_trigger.py
[2024-05-26T09:11:48.415+0000] {processor.py:830} INFO - Processing file /usr/local/python/3.10.13/lib/python3.10/site-packages/airflow/example_dags/example_latest_only_with_trigger.py for tasks to queue
[2024-05-26T09:11:48.417+0000] {logging_mixin.py:188} INFO - [2024-05-26T09:11:48.416+0000] {dagbag.py:545} INFO - Filling up the DagBag from /usr/local/python/3.10.13/lib/python3.10/site-packages/airflow/example_dags/example_latest_only_with_trigger.py
[2024-05-26T09:11:48.421+0000] {processor.py:840} INFO - DAG(s) 'latest_only_with_trigger' retrieved from /usr/local/python/3.10.13/lib/python3.10/site-packages/airflow/example_dags/example_latest_only_with_trigger.py
[2024-05-26T09:11:48.433+0000] {logging_mixin.py:188} INFO - [2024-05-26T09:11:48.433+0000] {dag.py:3096} INFO - Sync 1 DAGs
[2024-05-26T09:11:48.448+0000] {logging_mixin.py:188} INFO - [2024-05-26T09:11:48.448+0000] {dag.py:3954} INFO - Setting next_dagrun for latest_only_with_trigger to 2024-05-26 04:00:00+00:00, run_after=2024-05-26 08:00:00+00:00
[2024-05-26T09:11:48.490+0000] {processor.py:183} INFO - Processing /usr/local/python/3.10.13/lib/python3.10/site-packages/airflow/example_dags/example_latest_only_with_trigger.py took 0.080 seconds
[2024-05-26T09:12:38.707+0000] {processor.py:161} INFO - Started process (PID=41063) to work on /usr/local/python/3.10.13/lib/python3.10/site-packages/airflow/example_dags/example_latest_only_with_trigger.py
[2024-05-26T09:12:38.708+0000] {processor.py:830} INFO - Processing file /usr/local/python/3.10.13/lib/python3.10/site-packages/airflow/example_dags/example_latest_only_with_trigger.py for tasks to queue
[2024-05-26T09:12:38.709+0000] {logging_mixin.py:188} INFO - [2024-05-26T09:12:38.709+0000] {dagbag.py:545} INFO - Filling up the DagBag from /usr/local/python/3.10.13/lib/python3.10/site-packages/airflow/example_dags/example_latest_only_with_trigger.py
[2024-05-26T09:12:38.713+0000] {processor.py:840} INFO - DAG(s) 'latest_only_with_trigger' retrieved from /usr/local/python/3.10.13/lib/python3.10/site-packages/airflow/example_dags/example_latest_only_with_trigger.py
[2024-05-26T09:12:38.725+0000] {logging_mixin.py:188} INFO - [2024-05-26T09:12:38.725+0000] {dag.py:3096} INFO - Sync 1 DAGs
[2024-05-26T09:12:38.741+0000] {logging_mixin.py:188} INFO - [2024-05-26T09:12:38.741+0000] {dag.py:3954} INFO - Setting next_dagrun for latest_only_with_trigger to 2024-05-26 04:00:00+00:00, run_after=2024-05-26 08:00:00+00:00
[2024-05-26T09:12:38.778+0000] {processor.py:183} INFO - Processing /usr/local/python/3.10.13/lib/python3.10/site-packages/airflow/example_dags/example_latest_only_with_trigger.py took 0.075 seconds
[2024-05-26T09:13:39.940+0000] {processor.py:161} INFO - Started process (PID=41564) to work on /usr/local/python/3.10.13/lib/python3.10/site-packages/airflow/example_dags/example_latest_only_with_trigger.py
[2024-05-26T09:13:39.940+0000] {processor.py:830} INFO - Processing file /usr/local/python/3.10.13/lib/python3.10/site-packages/airflow/example_dags/example_latest_only_with_trigger.py for tasks to queue
[2024-05-26T09:13:39.942+0000] {logging_mixin.py:188} INFO - [2024-05-26T09:13:39.941+0000] {dagbag.py:545} INFO - Filling up the DagBag from /usr/local/python/3.10.13/lib/python3.10/site-packages/airflow/example_dags/example_latest_only_with_trigger.py
[2024-05-26T09:13:39.946+0000] {processor.py:840} INFO - DAG(s) 'latest_only_with_trigger' retrieved from /usr/local/python/3.10.13/lib/python3.10/site-packages/airflow/example_dags/example_latest_only_with_trigger.py
[2024-05-26T09:13:39.958+0000] {logging_mixin.py:188} INFO - [2024-05-26T09:13:39.958+0000] {dag.py:3096} INFO - Sync 1 DAGs
[2024-05-26T09:13:39.973+0000] {logging_mixin.py:188} INFO - [2024-05-26T09:13:39.973+0000] {dag.py:3954} INFO - Setting next_dagrun for latest_only_with_trigger to 2024-05-26 04:00:00+00:00, run_after=2024-05-26 08:00:00+00:00
[2024-05-26T09:13:40.015+0000] {processor.py:183} INFO - Processing /usr/local/python/3.10.13/lib/python3.10/site-packages/airflow/example_dags/example_latest_only_with_trigger.py took 0.080 seconds
[2024-05-26T09:14:45.424+0000] {processor.py:161} INFO - Started process (PID=42030) to work on /usr/local/python/3.10.13/lib/python3.10/site-packages/airflow/example_dags/example_latest_only_with_trigger.py
[2024-05-26T09:14:45.424+0000] {processor.py:830} INFO - Processing file /usr/local/python/3.10.13/lib/python3.10/site-packages/airflow/example_dags/example_latest_only_with_trigger.py for tasks to queue
[2024-05-26T09:14:45.425+0000] {logging_mixin.py:188} INFO - [2024-05-26T09:14:45.425+0000] {dagbag.py:545} INFO - Filling up the DagBag from /usr/local/python/3.10.13/lib/python3.10/site-packages/airflow/example_dags/example_latest_only_with_trigger.py
[2024-05-26T09:14:45.430+0000] {processor.py:840} INFO - DAG(s) 'latest_only_with_trigger' retrieved from /usr/local/python/3.10.13/lib/python3.10/site-packages/airflow/example_dags/example_latest_only_with_trigger.py
[2024-05-26T09:14:45.442+0000] {logging_mixin.py:188} INFO - [2024-05-26T09:14:45.441+0000] {dag.py:3096} INFO - Sync 1 DAGs
[2024-05-26T09:14:45.457+0000] {logging_mixin.py:188} INFO - [2024-05-26T09:14:45.457+0000] {dag.py:3954} INFO - Setting next_dagrun for latest_only_with_trigger to 2024-05-26 04:00:00+00:00, run_after=2024-05-26 08:00:00+00:00
[2024-05-26T09:14:45.500+0000] {processor.py:183} INFO - Processing /usr/local/python/3.10.13/lib/python3.10/site-packages/airflow/example_dags/example_latest_only_with_trigger.py took 0.081 seconds
[2024-05-26T09:15:47.892+0000] {processor.py:161} INFO - Started process (PID=42459) to work on /usr/local/python/3.10.13/lib/python3.10/site-packages/airflow/example_dags/example_latest_only_with_trigger.py
[2024-05-26T09:15:47.893+0000] {processor.py:830} INFO - Processing file /usr/local/python/3.10.13/lib/python3.10/site-packages/airflow/example_dags/example_latest_only_with_trigger.py for tasks to queue
[2024-05-26T09:15:47.894+0000] {logging_mixin.py:188} INFO - [2024-05-26T09:15:47.894+0000] {dagbag.py:545} INFO - Filling up the DagBag from /usr/local/python/3.10.13/lib/python3.10/site-packages/airflow/example_dags/example_latest_only_with_trigger.py
[2024-05-26T09:15:47.898+0000] {processor.py:840} INFO - DAG(s) 'latest_only_with_trigger' retrieved from /usr/local/python/3.10.13/lib/python3.10/site-packages/airflow/example_dags/example_latest_only_with_trigger.py
[2024-05-26T09:15:47.916+0000] {logging_mixin.py:188} INFO - [2024-05-26T09:15:47.916+0000] {dag.py:3096} INFO - Sync 1 DAGs
[2024-05-26T09:15:47.943+0000] {logging_mixin.py:188} INFO - [2024-05-26T09:15:47.942+0000] {dag.py:3954} INFO - Setting next_dagrun for latest_only_with_trigger to 2024-05-26 04:00:00+00:00, run_after=2024-05-26 08:00:00+00:00
[2024-05-26T09:15:47.981+0000] {processor.py:183} INFO - Processing /usr/local/python/3.10.13/lib/python3.10/site-packages/airflow/example_dags/example_latest_only_with_trigger.py took 0.094 seconds
[2024-05-26T09:16:49.110+0000] {processor.py:161} INFO - Started process (PID=42892) to work on /usr/local/python/3.10.13/lib/python3.10/site-packages/airflow/example_dags/example_latest_only_with_trigger.py
[2024-05-26T09:16:49.110+0000] {processor.py:830} INFO - Processing file /usr/local/python/3.10.13/lib/python3.10/site-packages/airflow/example_dags/example_latest_only_with_trigger.py for tasks to queue
[2024-05-26T09:16:49.112+0000] {logging_mixin.py:188} INFO - [2024-05-26T09:16:49.111+0000] {dagbag.py:545} INFO - Filling up the DagBag from /usr/local/python/3.10.13/lib/python3.10/site-packages/airflow/example_dags/example_latest_only_with_trigger.py
[2024-05-26T09:16:49.116+0000] {processor.py:840} INFO - DAG(s) 'latest_only_with_trigger' retrieved from /usr/local/python/3.10.13/lib/python3.10/site-packages/airflow/example_dags/example_latest_only_with_trigger.py
[2024-05-26T09:16:49.128+0000] {logging_mixin.py:188} INFO - [2024-05-26T09:16:49.128+0000] {dag.py:3096} INFO - Sync 1 DAGs
[2024-05-26T09:16:49.143+0000] {logging_mixin.py:188} INFO - [2024-05-26T09:16:49.143+0000] {dag.py:3954} INFO - Setting next_dagrun for latest_only_with_trigger to 2024-05-26 04:00:00+00:00, run_after=2024-05-26 08:00:00+00:00
[2024-05-26T09:16:49.181+0000] {processor.py:183} INFO - Processing /usr/local/python/3.10.13/lib/python3.10/site-packages/airflow/example_dags/example_latest_only_with_trigger.py took 0.076 seconds
[2024-05-26T09:17:54.872+0000] {processor.py:161} INFO - Started process (PID=43336) to work on /usr/local/python/3.10.13/lib/python3.10/site-packages/airflow/example_dags/example_latest_only_with_trigger.py
[2024-05-26T09:17:54.872+0000] {processor.py:830} INFO - Processing file /usr/local/python/3.10.13/lib/python3.10/site-packages/airflow/example_dags/example_latest_only_with_trigger.py for tasks to queue
[2024-05-26T09:17:54.874+0000] {logging_mixin.py:188} INFO - [2024-05-26T09:17:54.873+0000] {dagbag.py:545} INFO - Filling up the DagBag from /usr/local/python/3.10.13/lib/python3.10/site-packages/airflow/example_dags/example_latest_only_with_trigger.py
[2024-05-26T09:17:54.878+0000] {processor.py:840} INFO - DAG(s) 'latest_only_with_trigger' retrieved from /usr/local/python/3.10.13/lib/python3.10/site-packages/airflow/example_dags/example_latest_only_with_trigger.py
[2024-05-26T09:17:54.890+0000] {logging_mixin.py:188} INFO - [2024-05-26T09:17:54.890+0000] {dag.py:3096} INFO - Sync 1 DAGs
[2024-05-26T09:17:54.905+0000] {logging_mixin.py:188} INFO - [2024-05-26T09:17:54.904+0000] {dag.py:3954} INFO - Setting next_dagrun for latest_only_with_trigger to 2024-05-26 04:00:00+00:00, run_after=2024-05-26 08:00:00+00:00
[2024-05-26T09:17:54.944+0000] {processor.py:183} INFO - Processing /usr/local/python/3.10.13/lib/python3.10/site-packages/airflow/example_dags/example_latest_only_with_trigger.py took 0.078 seconds
[2024-05-26T09:18:57.779+0000] {processor.py:161} INFO - Started process (PID=43833) to work on /usr/local/python/3.10.13/lib/python3.10/site-packages/airflow/example_dags/example_latest_only_with_trigger.py
[2024-05-26T09:18:57.780+0000] {processor.py:830} INFO - Processing file /usr/local/python/3.10.13/lib/python3.10/site-packages/airflow/example_dags/example_latest_only_with_trigger.py for tasks to queue
[2024-05-26T09:18:57.781+0000] {logging_mixin.py:188} INFO - [2024-05-26T09:18:57.781+0000] {dagbag.py:545} INFO - Filling up the DagBag from /usr/local/python/3.10.13/lib/python3.10/site-packages/airflow/example_dags/example_latest_only_with_trigger.py
[2024-05-26T09:18:57.786+0000] {processor.py:840} INFO - DAG(s) 'latest_only_with_trigger' retrieved from /usr/local/python/3.10.13/lib/python3.10/site-packages/airflow/example_dags/example_latest_only_with_trigger.py
[2024-05-26T09:18:57.798+0000] {logging_mixin.py:188} INFO - [2024-05-26T09:18:57.797+0000] {dag.py:3096} INFO - Sync 1 DAGs
[2024-05-26T09:18:57.812+0000] {logging_mixin.py:188} INFO - [2024-05-26T09:18:57.812+0000] {dag.py:3954} INFO - Setting next_dagrun for latest_only_with_trigger to 2024-05-26 04:00:00+00:00, run_after=2024-05-26 08:00:00+00:00
[2024-05-26T09:18:57.854+0000] {processor.py:183} INFO - Processing /usr/local/python/3.10.13/lib/python3.10/site-packages/airflow/example_dags/example_latest_only_with_trigger.py took 0.079 seconds
[2024-05-26T09:20:03.015+0000] {processor.py:161} INFO - Started process (PID=44298) to work on /usr/local/python/3.10.13/lib/python3.10/site-packages/airflow/example_dags/example_latest_only_with_trigger.py
[2024-05-26T09:20:03.017+0000] {processor.py:830} INFO - Processing file /usr/local/python/3.10.13/lib/python3.10/site-packages/airflow/example_dags/example_latest_only_with_trigger.py for tasks to queue
[2024-05-26T09:20:03.019+0000] {logging_mixin.py:188} INFO - [2024-05-26T09:20:03.018+0000] {dagbag.py:545} INFO - Filling up the DagBag from /usr/local/python/3.10.13/lib/python3.10/site-packages/airflow/example_dags/example_latest_only_with_trigger.py
[2024-05-26T09:20:03.025+0000] {processor.py:840} INFO - DAG(s) 'latest_only_with_trigger' retrieved from /usr/local/python/3.10.13/lib/python3.10/site-packages/airflow/example_dags/example_latest_only_with_trigger.py
[2024-05-26T09:20:03.044+0000] {logging_mixin.py:188} INFO - [2024-05-26T09:20:03.044+0000] {dag.py:3096} INFO - Sync 1 DAGs
[2024-05-26T09:20:03.064+0000] {logging_mixin.py:188} INFO - [2024-05-26T09:20:03.064+0000] {dag.py:3954} INFO - Setting next_dagrun for latest_only_with_trigger to 2024-05-26 04:00:00+00:00, run_after=2024-05-26 08:00:00+00:00
[2024-05-26T09:20:03.107+0000] {processor.py:183} INFO - Processing /usr/local/python/3.10.13/lib/python3.10/site-packages/airflow/example_dags/example_latest_only_with_trigger.py took 0.099 seconds
[2024-05-26T09:21:03.818+0000] {processor.py:161} INFO - Started process (PID=44723) to work on /usr/local/python/3.10.13/lib/python3.10/site-packages/airflow/example_dags/example_latest_only_with_trigger.py
[2024-05-26T09:21:03.819+0000] {processor.py:830} INFO - Processing file /usr/local/python/3.10.13/lib/python3.10/site-packages/airflow/example_dags/example_latest_only_with_trigger.py for tasks to queue
[2024-05-26T09:21:03.820+0000] {logging_mixin.py:188} INFO - [2024-05-26T09:21:03.820+0000] {dagbag.py:545} INFO - Filling up the DagBag from /usr/local/python/3.10.13/lib/python3.10/site-packages/airflow/example_dags/example_latest_only_with_trigger.py
[2024-05-26T09:21:03.825+0000] {processor.py:840} INFO - DAG(s) 'latest_only_with_trigger' retrieved from /usr/local/python/3.10.13/lib/python3.10/site-packages/airflow/example_dags/example_latest_only_with_trigger.py
[2024-05-26T09:21:03.836+0000] {logging_mixin.py:188} INFO - [2024-05-26T09:21:03.836+0000] {dag.py:3096} INFO - Sync 1 DAGs
[2024-05-26T09:21:03.851+0000] {logging_mixin.py:188} INFO - [2024-05-26T09:21:03.851+0000] {dag.py:3954} INFO - Setting next_dagrun for latest_only_with_trigger to 2024-05-26 04:00:00+00:00, run_after=2024-05-26 08:00:00+00:00
[2024-05-26T09:21:03.889+0000] {processor.py:183} INFO - Processing /usr/local/python/3.10.13/lib/python3.10/site-packages/airflow/example_dags/example_latest_only_with_trigger.py took 0.075 seconds
[2024-05-26T09:22:08.518+0000] {processor.py:161} INFO - Started process (PID=45160) to work on /usr/local/python/3.10.13/lib/python3.10/site-packages/airflow/example_dags/example_latest_only_with_trigger.py
[2024-05-26T09:22:08.519+0000] {processor.py:830} INFO - Processing file /usr/local/python/3.10.13/lib/python3.10/site-packages/airflow/example_dags/example_latest_only_with_trigger.py for tasks to queue
[2024-05-26T09:22:08.520+0000] {logging_mixin.py:188} INFO - [2024-05-26T09:22:08.520+0000] {dagbag.py:545} INFO - Filling up the DagBag from /usr/local/python/3.10.13/lib/python3.10/site-packages/airflow/example_dags/example_latest_only_with_trigger.py
[2024-05-26T09:22:08.524+0000] {processor.py:840} INFO - DAG(s) 'latest_only_with_trigger' retrieved from /usr/local/python/3.10.13/lib/python3.10/site-packages/airflow/example_dags/example_latest_only_with_trigger.py
[2024-05-26T09:22:08.536+0000] {logging_mixin.py:188} INFO - [2024-05-26T09:22:08.536+0000] {dag.py:3096} INFO - Sync 1 DAGs
[2024-05-26T09:22:08.551+0000] {logging_mixin.py:188} INFO - [2024-05-26T09:22:08.551+0000] {dag.py:3954} INFO - Setting next_dagrun for latest_only_with_trigger to 2024-05-26 04:00:00+00:00, run_after=2024-05-26 08:00:00+00:00
[2024-05-26T09:22:08.588+0000] {processor.py:183} INFO - Processing /usr/local/python/3.10.13/lib/python3.10/site-packages/airflow/example_dags/example_latest_only_with_trigger.py took 0.075 seconds
[2024-05-26T09:23:02.984+0000] {processor.py:161} INFO - Started process (PID=45554) to work on /usr/local/python/3.10.13/lib/python3.10/site-packages/airflow/example_dags/example_latest_only_with_trigger.py
[2024-05-26T09:23:02.985+0000] {processor.py:830} INFO - Processing file /usr/local/python/3.10.13/lib/python3.10/site-packages/airflow/example_dags/example_latest_only_with_trigger.py for tasks to queue
[2024-05-26T09:23:02.986+0000] {logging_mixin.py:188} INFO - [2024-05-26T09:23:02.986+0000] {dagbag.py:545} INFO - Filling up the DagBag from /usr/local/python/3.10.13/lib/python3.10/site-packages/airflow/example_dags/example_latest_only_with_trigger.py
[2024-05-26T09:23:02.990+0000] {processor.py:840} INFO - DAG(s) 'latest_only_with_trigger' retrieved from /usr/local/python/3.10.13/lib/python3.10/site-packages/airflow/example_dags/example_latest_only_with_trigger.py
[2024-05-26T09:23:03.004+0000] {logging_mixin.py:188} INFO - [2024-05-26T09:23:03.003+0000] {dag.py:3096} INFO - Sync 1 DAGs
[2024-05-26T09:23:03.018+0000] {logging_mixin.py:188} INFO - [2024-05-26T09:23:03.018+0000] {dag.py:3954} INFO - Setting next_dagrun for latest_only_with_trigger to 2024-05-26 04:00:00+00:00, run_after=2024-05-26 08:00:00+00:00
[2024-05-26T09:23:03.056+0000] {processor.py:183} INFO - Processing /usr/local/python/3.10.13/lib/python3.10/site-packages/airflow/example_dags/example_latest_only_with_trigger.py took 0.076 seconds
[2024-05-26T09:24:07.384+0000] {processor.py:161} INFO - Started process (PID=45990) to work on /usr/local/python/3.10.13/lib/python3.10/site-packages/airflow/example_dags/example_latest_only_with_trigger.py
[2024-05-26T09:24:07.384+0000] {processor.py:830} INFO - Processing file /usr/local/python/3.10.13/lib/python3.10/site-packages/airflow/example_dags/example_latest_only_with_trigger.py for tasks to queue
[2024-05-26T09:24:07.386+0000] {logging_mixin.py:188} INFO - [2024-05-26T09:24:07.385+0000] {dagbag.py:545} INFO - Filling up the DagBag from /usr/local/python/3.10.13/lib/python3.10/site-packages/airflow/example_dags/example_latest_only_with_trigger.py
[2024-05-26T09:24:07.390+0000] {processor.py:840} INFO - DAG(s) 'latest_only_with_trigger' retrieved from /usr/local/python/3.10.13/lib/python3.10/site-packages/airflow/example_dags/example_latest_only_with_trigger.py
[2024-05-26T09:24:07.402+0000] {logging_mixin.py:188} INFO - [2024-05-26T09:24:07.402+0000] {dag.py:3096} INFO - Sync 1 DAGs
[2024-05-26T09:24:07.417+0000] {logging_mixin.py:188} INFO - [2024-05-26T09:24:07.417+0000] {dag.py:3954} INFO - Setting next_dagrun for latest_only_with_trigger to 2024-05-26 04:00:00+00:00, run_after=2024-05-26 08:00:00+00:00
[2024-05-26T09:24:07.454+0000] {processor.py:183} INFO - Processing /usr/local/python/3.10.13/lib/python3.10/site-packages/airflow/example_dags/example_latest_only_with_trigger.py took 0.075 seconds
[2024-05-26T09:25:06.998+0000] {processor.py:161} INFO - Started process (PID=46409) to work on /usr/local/python/3.10.13/lib/python3.10/site-packages/airflow/example_dags/example_latest_only_with_trigger.py
[2024-05-26T09:25:06.999+0000] {processor.py:830} INFO - Processing file /usr/local/python/3.10.13/lib/python3.10/site-packages/airflow/example_dags/example_latest_only_with_trigger.py for tasks to queue
[2024-05-26T09:25:07.000+0000] {logging_mixin.py:188} INFO - [2024-05-26T09:25:07.000+0000] {dagbag.py:545} INFO - Filling up the DagBag from /usr/local/python/3.10.13/lib/python3.10/site-packages/airflow/example_dags/example_latest_only_with_trigger.py
[2024-05-26T09:25:07.004+0000] {processor.py:840} INFO - DAG(s) 'latest_only_with_trigger' retrieved from /usr/local/python/3.10.13/lib/python3.10/site-packages/airflow/example_dags/example_latest_only_with_trigger.py
[2024-05-26T09:25:07.017+0000] {logging_mixin.py:188} INFO - [2024-05-26T09:25:07.017+0000] {dag.py:3096} INFO - Sync 1 DAGs
[2024-05-26T09:25:07.036+0000] {logging_mixin.py:188} INFO - [2024-05-26T09:25:07.036+0000] {dag.py:3954} INFO - Setting next_dagrun for latest_only_with_trigger to 2024-05-26 04:00:00+00:00, run_after=2024-05-26 08:00:00+00:00
[2024-05-26T09:25:07.076+0000] {processor.py:183} INFO - Processing /usr/local/python/3.10.13/lib/python3.10/site-packages/airflow/example_dags/example_latest_only_with_trigger.py took 0.083 seconds
[2024-05-26T09:26:09.049+0000] {processor.py:161} INFO - Started process (PID=46860) to work on /usr/local/python/3.10.13/lib/python3.10/site-packages/airflow/example_dags/example_latest_only_with_trigger.py
[2024-05-26T09:26:09.049+0000] {processor.py:830} INFO - Processing file /usr/local/python/3.10.13/lib/python3.10/site-packages/airflow/example_dags/example_latest_only_with_trigger.py for tasks to queue
[2024-05-26T09:26:09.051+0000] {logging_mixin.py:188} INFO - [2024-05-26T09:26:09.050+0000] {dagbag.py:545} INFO - Filling up the DagBag from /usr/local/python/3.10.13/lib/python3.10/site-packages/airflow/example_dags/example_latest_only_with_trigger.py
[2024-05-26T09:26:09.055+0000] {processor.py:840} INFO - DAG(s) 'latest_only_with_trigger' retrieved from /usr/local/python/3.10.13/lib/python3.10/site-packages/airflow/example_dags/example_latest_only_with_trigger.py
[2024-05-26T09:26:09.068+0000] {logging_mixin.py:188} INFO - [2024-05-26T09:26:09.068+0000] {dag.py:3096} INFO - Sync 1 DAGs
[2024-05-26T09:26:09.083+0000] {logging_mixin.py:188} INFO - [2024-05-26T09:26:09.083+0000] {dag.py:3954} INFO - Setting next_dagrun for latest_only_with_trigger to 2024-05-26 04:00:00+00:00, run_after=2024-05-26 08:00:00+00:00
[2024-05-26T09:26:09.121+0000] {processor.py:183} INFO - Processing /usr/local/python/3.10.13/lib/python3.10/site-packages/airflow/example_dags/example_latest_only_with_trigger.py took 0.077 seconds
[2024-05-26T09:27:12.270+0000] {processor.py:161} INFO - Started process (PID=47324) to work on /usr/local/python/3.10.13/lib/python3.10/site-packages/airflow/example_dags/example_latest_only_with_trigger.py
[2024-05-26T09:27:12.271+0000] {processor.py:830} INFO - Processing file /usr/local/python/3.10.13/lib/python3.10/site-packages/airflow/example_dags/example_latest_only_with_trigger.py for tasks to queue
[2024-05-26T09:27:12.272+0000] {logging_mixin.py:188} INFO - [2024-05-26T09:27:12.272+0000] {dagbag.py:545} INFO - Filling up the DagBag from /usr/local/python/3.10.13/lib/python3.10/site-packages/airflow/example_dags/example_latest_only_with_trigger.py
[2024-05-26T09:27:12.276+0000] {processor.py:840} INFO - DAG(s) 'latest_only_with_trigger' retrieved from /usr/local/python/3.10.13/lib/python3.10/site-packages/airflow/example_dags/example_latest_only_with_trigger.py
[2024-05-26T09:27:12.289+0000] {logging_mixin.py:188} INFO - [2024-05-26T09:27:12.289+0000] {dag.py:3096} INFO - Sync 1 DAGs
[2024-05-26T09:27:12.304+0000] {logging_mixin.py:188} INFO - [2024-05-26T09:27:12.304+0000] {dag.py:3954} INFO - Setting next_dagrun for latest_only_with_trigger to 2024-05-26 04:00:00+00:00, run_after=2024-05-26 08:00:00+00:00
[2024-05-26T09:27:12.342+0000] {processor.py:183} INFO - Processing /usr/local/python/3.10.13/lib/python3.10/site-packages/airflow/example_dags/example_latest_only_with_trigger.py took 0.076 seconds
[2024-05-26T09:28:13.141+0000] {processor.py:161} INFO - Started process (PID=47751) to work on /usr/local/python/3.10.13/lib/python3.10/site-packages/airflow/example_dags/example_latest_only_with_trigger.py
[2024-05-26T09:28:13.142+0000] {processor.py:830} INFO - Processing file /usr/local/python/3.10.13/lib/python3.10/site-packages/airflow/example_dags/example_latest_only_with_trigger.py for tasks to queue
[2024-05-26T09:28:13.143+0000] {logging_mixin.py:188} INFO - [2024-05-26T09:28:13.143+0000] {dagbag.py:545} INFO - Filling up the DagBag from /usr/local/python/3.10.13/lib/python3.10/site-packages/airflow/example_dags/example_latest_only_with_trigger.py
[2024-05-26T09:28:13.148+0000] {processor.py:840} INFO - DAG(s) 'latest_only_with_trigger' retrieved from /usr/local/python/3.10.13/lib/python3.10/site-packages/airflow/example_dags/example_latest_only_with_trigger.py
[2024-05-26T09:28:13.160+0000] {logging_mixin.py:188} INFO - [2024-05-26T09:28:13.160+0000] {dag.py:3096} INFO - Sync 1 DAGs
[2024-05-26T09:28:13.176+0000] {logging_mixin.py:188} INFO - [2024-05-26T09:28:13.176+0000] {dag.py:3954} INFO - Setting next_dagrun for latest_only_with_trigger to 2024-05-26 04:00:00+00:00, run_after=2024-05-26 08:00:00+00:00
[2024-05-26T09:28:13.211+0000] {processor.py:183} INFO - Processing /usr/local/python/3.10.13/lib/python3.10/site-packages/airflow/example_dags/example_latest_only_with_trigger.py took 0.075 seconds
[2024-05-26T09:29:15.174+0000] {processor.py:161} INFO - Started process (PID=48172) to work on /usr/local/python/3.10.13/lib/python3.10/site-packages/airflow/example_dags/example_latest_only_with_trigger.py
[2024-05-26T09:29:15.175+0000] {processor.py:830} INFO - Processing file /usr/local/python/3.10.13/lib/python3.10/site-packages/airflow/example_dags/example_latest_only_with_trigger.py for tasks to queue
[2024-05-26T09:29:15.176+0000] {logging_mixin.py:188} INFO - [2024-05-26T09:29:15.175+0000] {dagbag.py:545} INFO - Filling up the DagBag from /usr/local/python/3.10.13/lib/python3.10/site-packages/airflow/example_dags/example_latest_only_with_trigger.py
[2024-05-26T09:29:15.180+0000] {processor.py:840} INFO - DAG(s) 'latest_only_with_trigger' retrieved from /usr/local/python/3.10.13/lib/python3.10/site-packages/airflow/example_dags/example_latest_only_with_trigger.py
[2024-05-26T09:29:15.192+0000] {logging_mixin.py:188} INFO - [2024-05-26T09:29:15.192+0000] {dag.py:3096} INFO - Sync 1 DAGs
[2024-05-26T09:29:15.207+0000] {logging_mixin.py:188} INFO - [2024-05-26T09:29:15.207+0000] {dag.py:3954} INFO - Setting next_dagrun for latest_only_with_trigger to 2024-05-26 04:00:00+00:00, run_after=2024-05-26 08:00:00+00:00
[2024-05-26T09:29:15.245+0000] {processor.py:183} INFO - Processing /usr/local/python/3.10.13/lib/python3.10/site-packages/airflow/example_dags/example_latest_only_with_trigger.py took 0.075 seconds
[2024-05-26T09:30:17.570+0000] {processor.py:161} INFO - Started process (PID=48602) to work on /usr/local/python/3.10.13/lib/python3.10/site-packages/airflow/example_dags/example_latest_only_with_trigger.py
[2024-05-26T09:30:17.571+0000] {processor.py:830} INFO - Processing file /usr/local/python/3.10.13/lib/python3.10/site-packages/airflow/example_dags/example_latest_only_with_trigger.py for tasks to queue
[2024-05-26T09:30:17.573+0000] {logging_mixin.py:188} INFO - [2024-05-26T09:30:17.573+0000] {dagbag.py:545} INFO - Filling up the DagBag from /usr/local/python/3.10.13/lib/python3.10/site-packages/airflow/example_dags/example_latest_only_with_trigger.py
[2024-05-26T09:30:17.579+0000] {processor.py:840} INFO - DAG(s) 'latest_only_with_trigger' retrieved from /usr/local/python/3.10.13/lib/python3.10/site-packages/airflow/example_dags/example_latest_only_with_trigger.py
[2024-05-26T09:30:17.598+0000] {logging_mixin.py:188} INFO - [2024-05-26T09:30:17.598+0000] {dag.py:3096} INFO - Sync 1 DAGs
[2024-05-26T09:30:17.623+0000] {logging_mixin.py:188} INFO - [2024-05-26T09:30:17.623+0000] {dag.py:3954} INFO - Setting next_dagrun for latest_only_with_trigger to 2024-05-26 04:00:00+00:00, run_after=2024-05-26 08:00:00+00:00
[2024-05-26T09:30:17.667+0000] {processor.py:183} INFO - Processing /usr/local/python/3.10.13/lib/python3.10/site-packages/airflow/example_dags/example_latest_only_with_trigger.py took 0.102 seconds
[2024-05-26T09:31:13.745+0000] {processor.py:161} INFO - Started process (PID=49005) to work on /usr/local/python/3.10.13/lib/python3.10/site-packages/airflow/example_dags/example_latest_only_with_trigger.py
[2024-05-26T09:31:13.746+0000] {processor.py:830} INFO - Processing file /usr/local/python/3.10.13/lib/python3.10/site-packages/airflow/example_dags/example_latest_only_with_trigger.py for tasks to queue
[2024-05-26T09:31:13.747+0000] {logging_mixin.py:188} INFO - [2024-05-26T09:31:13.747+0000] {dagbag.py:545} INFO - Filling up the DagBag from /usr/local/python/3.10.13/lib/python3.10/site-packages/airflow/example_dags/example_latest_only_with_trigger.py
[2024-05-26T09:31:13.751+0000] {processor.py:840} INFO - DAG(s) 'latest_only_with_trigger' retrieved from /usr/local/python/3.10.13/lib/python3.10/site-packages/airflow/example_dags/example_latest_only_with_trigger.py
[2024-05-26T09:31:13.763+0000] {logging_mixin.py:188} INFO - [2024-05-26T09:31:13.763+0000] {dag.py:3096} INFO - Sync 1 DAGs
[2024-05-26T09:31:13.778+0000] {logging_mixin.py:188} INFO - [2024-05-26T09:31:13.777+0000] {dag.py:3954} INFO - Setting next_dagrun for latest_only_with_trigger to 2024-05-26 04:00:00+00:00, run_after=2024-05-26 08:00:00+00:00
[2024-05-26T09:31:13.814+0000] {processor.py:183} INFO - Processing /usr/local/python/3.10.13/lib/python3.10/site-packages/airflow/example_dags/example_latest_only_with_trigger.py took 0.073 seconds
[2024-05-26T09:32:21.040+0000] {processor.py:161} INFO - Started process (PID=49486) to work on /usr/local/python/3.10.13/lib/python3.10/site-packages/airflow/example_dags/example_latest_only_with_trigger.py
[2024-05-26T09:32:21.041+0000] {processor.py:830} INFO - Processing file /usr/local/python/3.10.13/lib/python3.10/site-packages/airflow/example_dags/example_latest_only_with_trigger.py for tasks to queue
[2024-05-26T09:32:21.043+0000] {logging_mixin.py:188} INFO - [2024-05-26T09:32:21.042+0000] {dagbag.py:545} INFO - Filling up the DagBag from /usr/local/python/3.10.13/lib/python3.10/site-packages/airflow/example_dags/example_latest_only_with_trigger.py
[2024-05-26T09:32:21.050+0000] {processor.py:840} INFO - DAG(s) 'latest_only_with_trigger' retrieved from /usr/local/python/3.10.13/lib/python3.10/site-packages/airflow/example_dags/example_latest_only_with_trigger.py
[2024-05-26T09:32:21.063+0000] {logging_mixin.py:188} INFO - [2024-05-26T09:32:21.063+0000] {dag.py:3096} INFO - Sync 1 DAGs
[2024-05-26T09:32:21.078+0000] {logging_mixin.py:188} INFO - [2024-05-26T09:32:21.078+0000] {dag.py:3954} INFO - Setting next_dagrun for latest_only_with_trigger to 2024-05-26 04:00:00+00:00, run_after=2024-05-26 08:00:00+00:00
[2024-05-26T09:32:21.116+0000] {processor.py:183} INFO - Processing /usr/local/python/3.10.13/lib/python3.10/site-packages/airflow/example_dags/example_latest_only_with_trigger.py took 0.083 seconds
[2024-05-26T09:33:18.987+0000] {processor.py:161} INFO - Started process (PID=49887) to work on /usr/local/python/3.10.13/lib/python3.10/site-packages/airflow/example_dags/example_latest_only_with_trigger.py
[2024-05-26T09:33:18.988+0000] {processor.py:830} INFO - Processing file /usr/local/python/3.10.13/lib/python3.10/site-packages/airflow/example_dags/example_latest_only_with_trigger.py for tasks to queue
[2024-05-26T09:33:18.989+0000] {logging_mixin.py:188} INFO - [2024-05-26T09:33:18.989+0000] {dagbag.py:545} INFO - Filling up the DagBag from /usr/local/python/3.10.13/lib/python3.10/site-packages/airflow/example_dags/example_latest_only_with_trigger.py
[2024-05-26T09:33:18.993+0000] {processor.py:840} INFO - DAG(s) 'latest_only_with_trigger' retrieved from /usr/local/python/3.10.13/lib/python3.10/site-packages/airflow/example_dags/example_latest_only_with_trigger.py
[2024-05-26T09:33:19.006+0000] {logging_mixin.py:188} INFO - [2024-05-26T09:33:19.005+0000] {dag.py:3096} INFO - Sync 1 DAGs
[2024-05-26T09:33:19.021+0000] {logging_mixin.py:188} INFO - [2024-05-26T09:33:19.020+0000] {dag.py:3954} INFO - Setting next_dagrun for latest_only_with_trigger to 2024-05-26 04:00:00+00:00, run_after=2024-05-26 08:00:00+00:00
[2024-05-26T09:33:19.059+0000] {processor.py:183} INFO - Processing /usr/local/python/3.10.13/lib/python3.10/site-packages/airflow/example_dags/example_latest_only_with_trigger.py took 0.076 seconds
[2024-05-26T09:34:22.399+0000] {processor.py:161} INFO - Started process (PID=50346) to work on /usr/local/python/3.10.13/lib/python3.10/site-packages/airflow/example_dags/example_latest_only_with_trigger.py
[2024-05-26T09:34:22.400+0000] {processor.py:830} INFO - Processing file /usr/local/python/3.10.13/lib/python3.10/site-packages/airflow/example_dags/example_latest_only_with_trigger.py for tasks to queue
[2024-05-26T09:34:22.401+0000] {logging_mixin.py:188} INFO - [2024-05-26T09:34:22.401+0000] {dagbag.py:545} INFO - Filling up the DagBag from /usr/local/python/3.10.13/lib/python3.10/site-packages/airflow/example_dags/example_latest_only_with_trigger.py
[2024-05-26T09:34:22.406+0000] {processor.py:840} INFO - DAG(s) 'latest_only_with_trigger' retrieved from /usr/local/python/3.10.13/lib/python3.10/site-packages/airflow/example_dags/example_latest_only_with_trigger.py
[2024-05-26T09:34:22.418+0000] {logging_mixin.py:188} INFO - [2024-05-26T09:34:22.418+0000] {dag.py:3096} INFO - Sync 1 DAGs
[2024-05-26T09:34:22.433+0000] {logging_mixin.py:188} INFO - [2024-05-26T09:34:22.433+0000] {dag.py:3954} INFO - Setting next_dagrun for latest_only_with_trigger to 2024-05-26 04:00:00+00:00, run_after=2024-05-26 08:00:00+00:00
[2024-05-26T09:34:22.474+0000] {processor.py:183} INFO - Processing /usr/local/python/3.10.13/lib/python3.10/site-packages/airflow/example_dags/example_latest_only_with_trigger.py took 0.080 seconds
[2024-05-26T09:35:18.623+0000] {processor.py:161} INFO - Started process (PID=50725) to work on /usr/local/python/3.10.13/lib/python3.10/site-packages/airflow/example_dags/example_latest_only_with_trigger.py
[2024-05-26T09:35:18.624+0000] {processor.py:830} INFO - Processing file /usr/local/python/3.10.13/lib/python3.10/site-packages/airflow/example_dags/example_latest_only_with_trigger.py for tasks to queue
[2024-05-26T09:35:18.626+0000] {logging_mixin.py:188} INFO - [2024-05-26T09:35:18.626+0000] {dagbag.py:545} INFO - Filling up the DagBag from /usr/local/python/3.10.13/lib/python3.10/site-packages/airflow/example_dags/example_latest_only_with_trigger.py
[2024-05-26T09:35:18.633+0000] {processor.py:840} INFO - DAG(s) 'latest_only_with_trigger' retrieved from /usr/local/python/3.10.13/lib/python3.10/site-packages/airflow/example_dags/example_latest_only_with_trigger.py
[2024-05-26T09:35:18.649+0000] {logging_mixin.py:188} INFO - [2024-05-26T09:35:18.649+0000] {dag.py:3096} INFO - Sync 1 DAGs
[2024-05-26T09:35:18.664+0000] {logging_mixin.py:188} INFO - [2024-05-26T09:35:18.664+0000] {dag.py:3954} INFO - Setting next_dagrun for latest_only_with_trigger to 2024-05-26 04:00:00+00:00, run_after=2024-05-26 08:00:00+00:00
[2024-05-26T09:35:18.700+0000] {processor.py:183} INFO - Processing /usr/local/python/3.10.13/lib/python3.10/site-packages/airflow/example_dags/example_latest_only_with_trigger.py took 0.083 seconds
[2024-05-26T09:36:17.467+0000] {processor.py:161} INFO - Started process (PID=51146) to work on /usr/local/python/3.10.13/lib/python3.10/site-packages/airflow/example_dags/example_latest_only_with_trigger.py
[2024-05-26T09:36:17.468+0000] {processor.py:830} INFO - Processing file /usr/local/python/3.10.13/lib/python3.10/site-packages/airflow/example_dags/example_latest_only_with_trigger.py for tasks to queue
[2024-05-26T09:36:17.469+0000] {logging_mixin.py:188} INFO - [2024-05-26T09:36:17.469+0000] {dagbag.py:545} INFO - Filling up the DagBag from /usr/local/python/3.10.13/lib/python3.10/site-packages/airflow/example_dags/example_latest_only_with_trigger.py
[2024-05-26T09:36:17.473+0000] {processor.py:840} INFO - DAG(s) 'latest_only_with_trigger' retrieved from /usr/local/python/3.10.13/lib/python3.10/site-packages/airflow/example_dags/example_latest_only_with_trigger.py
[2024-05-26T09:36:17.485+0000] {logging_mixin.py:188} INFO - [2024-05-26T09:36:17.485+0000] {dag.py:3096} INFO - Sync 1 DAGs
[2024-05-26T09:36:17.500+0000] {logging_mixin.py:188} INFO - [2024-05-26T09:36:17.500+0000] {dag.py:3954} INFO - Setting next_dagrun for latest_only_with_trigger to 2024-05-26 04:00:00+00:00, run_after=2024-05-26 08:00:00+00:00
[2024-05-26T09:36:17.538+0000] {processor.py:183} INFO - Processing /usr/local/python/3.10.13/lib/python3.10/site-packages/airflow/example_dags/example_latest_only_with_trigger.py took 0.075 seconds
[2024-05-26T09:37:23.158+0000] {processor.py:161} INFO - Started process (PID=51591) to work on /usr/local/python/3.10.13/lib/python3.10/site-packages/airflow/example_dags/example_latest_only_with_trigger.py
[2024-05-26T09:37:23.159+0000] {processor.py:830} INFO - Processing file /usr/local/python/3.10.13/lib/python3.10/site-packages/airflow/example_dags/example_latest_only_with_trigger.py for tasks to queue
[2024-05-26T09:37:23.160+0000] {logging_mixin.py:188} INFO - [2024-05-26T09:37:23.160+0000] {dagbag.py:545} INFO - Filling up the DagBag from /usr/local/python/3.10.13/lib/python3.10/site-packages/airflow/example_dags/example_latest_only_with_trigger.py
[2024-05-26T09:37:23.164+0000] {processor.py:840} INFO - DAG(s) 'latest_only_with_trigger' retrieved from /usr/local/python/3.10.13/lib/python3.10/site-packages/airflow/example_dags/example_latest_only_with_trigger.py
[2024-05-26T09:37:23.177+0000] {logging_mixin.py:188} INFO - [2024-05-26T09:37:23.176+0000] {dag.py:3096} INFO - Sync 1 DAGs
[2024-05-26T09:37:23.191+0000] {logging_mixin.py:188} INFO - [2024-05-26T09:37:23.191+0000] {dag.py:3954} INFO - Setting next_dagrun for latest_only_with_trigger to 2024-05-26 04:00:00+00:00, run_after=2024-05-26 08:00:00+00:00
[2024-05-26T09:37:23.228+0000] {processor.py:183} INFO - Processing /usr/local/python/3.10.13/lib/python3.10/site-packages/airflow/example_dags/example_latest_only_with_trigger.py took 0.074 seconds
[2024-05-26T09:38:23.299+0000] {processor.py:161} INFO - Started process (PID=52010) to work on /usr/local/python/3.10.13/lib/python3.10/site-packages/airflow/example_dags/example_latest_only_with_trigger.py
[2024-05-26T09:38:23.300+0000] {processor.py:830} INFO - Processing file /usr/local/python/3.10.13/lib/python3.10/site-packages/airflow/example_dags/example_latest_only_with_trigger.py for tasks to queue
[2024-05-26T09:38:23.301+0000] {logging_mixin.py:188} INFO - [2024-05-26T09:38:23.301+0000] {dagbag.py:545} INFO - Filling up the DagBag from /usr/local/python/3.10.13/lib/python3.10/site-packages/airflow/example_dags/example_latest_only_with_trigger.py
[2024-05-26T09:38:23.305+0000] {processor.py:840} INFO - DAG(s) 'latest_only_with_trigger' retrieved from /usr/local/python/3.10.13/lib/python3.10/site-packages/airflow/example_dags/example_latest_only_with_trigger.py
[2024-05-26T09:38:23.317+0000] {logging_mixin.py:188} INFO - [2024-05-26T09:38:23.317+0000] {dag.py:3096} INFO - Sync 1 DAGs
[2024-05-26T09:38:23.332+0000] {logging_mixin.py:188} INFO - [2024-05-26T09:38:23.332+0000] {dag.py:3954} INFO - Setting next_dagrun for latest_only_with_trigger to 2024-05-26 04:00:00+00:00, run_after=2024-05-26 08:00:00+00:00
[2024-05-26T09:38:23.368+0000] {processor.py:183} INFO - Processing /usr/local/python/3.10.13/lib/python3.10/site-packages/airflow/example_dags/example_latest_only_with_trigger.py took 0.074 seconds
[2024-05-26T09:39:19.995+0000] {processor.py:161} INFO - Started process (PID=52419) to work on /usr/local/python/3.10.13/lib/python3.10/site-packages/airflow/example_dags/example_latest_only_with_trigger.py
[2024-05-26T09:39:19.996+0000] {processor.py:830} INFO - Processing file /usr/local/python/3.10.13/lib/python3.10/site-packages/airflow/example_dags/example_latest_only_with_trigger.py for tasks to queue
[2024-05-26T09:39:19.997+0000] {logging_mixin.py:188} INFO - [2024-05-26T09:39:19.997+0000] {dagbag.py:545} INFO - Filling up the DagBag from /usr/local/python/3.10.13/lib/python3.10/site-packages/airflow/example_dags/example_latest_only_with_trigger.py
[2024-05-26T09:39:20.002+0000] {processor.py:840} INFO - DAG(s) 'latest_only_with_trigger' retrieved from /usr/local/python/3.10.13/lib/python3.10/site-packages/airflow/example_dags/example_latest_only_with_trigger.py
[2024-05-26T09:39:20.014+0000] {logging_mixin.py:188} INFO - [2024-05-26T09:39:20.014+0000] {dag.py:3096} INFO - Sync 1 DAGs
[2024-05-26T09:39:20.029+0000] {logging_mixin.py:188} INFO - [2024-05-26T09:39:20.029+0000] {dag.py:3954} INFO - Setting next_dagrun for latest_only_with_trigger to 2024-05-26 04:00:00+00:00, run_after=2024-05-26 08:00:00+00:00
[2024-05-26T09:39:20.067+0000] {processor.py:183} INFO - Processing /usr/local/python/3.10.13/lib/python3.10/site-packages/airflow/example_dags/example_latest_only_with_trigger.py took 0.077 seconds
[2024-05-26T09:40:25.327+0000] {processor.py:161} INFO - Started process (PID=52865) to work on /usr/local/python/3.10.13/lib/python3.10/site-packages/airflow/example_dags/example_latest_only_with_trigger.py
[2024-05-26T09:40:25.328+0000] {processor.py:830} INFO - Processing file /usr/local/python/3.10.13/lib/python3.10/site-packages/airflow/example_dags/example_latest_only_with_trigger.py for tasks to queue
[2024-05-26T09:40:25.330+0000] {logging_mixin.py:188} INFO - [2024-05-26T09:40:25.329+0000] {dagbag.py:545} INFO - Filling up the DagBag from /usr/local/python/3.10.13/lib/python3.10/site-packages/airflow/example_dags/example_latest_only_with_trigger.py
[2024-05-26T09:40:25.336+0000] {processor.py:840} INFO - DAG(s) 'latest_only_with_trigger' retrieved from /usr/local/python/3.10.13/lib/python3.10/site-packages/airflow/example_dags/example_latest_only_with_trigger.py
[2024-05-26T09:40:25.351+0000] {logging_mixin.py:188} INFO - [2024-05-26T09:40:25.351+0000] {dag.py:3096} INFO - Sync 1 DAGs
[2024-05-26T09:40:25.367+0000] {logging_mixin.py:188} INFO - [2024-05-26T09:40:25.367+0000] {dag.py:3954} INFO - Setting next_dagrun for latest_only_with_trigger to 2024-05-26 04:00:00+00:00, run_after=2024-05-26 08:00:00+00:00
[2024-05-26T09:40:25.403+0000] {processor.py:183} INFO - Processing /usr/local/python/3.10.13/lib/python3.10/site-packages/airflow/example_dags/example_latest_only_with_trigger.py took 0.083 seconds
[2024-05-26T09:41:27.728+0000] {processor.py:161} INFO - Started process (PID=53298) to work on /usr/local/python/3.10.13/lib/python3.10/site-packages/airflow/example_dags/example_latest_only_with_trigger.py
[2024-05-26T09:41:27.729+0000] {processor.py:830} INFO - Processing file /usr/local/python/3.10.13/lib/python3.10/site-packages/airflow/example_dags/example_latest_only_with_trigger.py for tasks to queue
[2024-05-26T09:41:27.730+0000] {logging_mixin.py:188} INFO - [2024-05-26T09:41:27.729+0000] {dagbag.py:545} INFO - Filling up the DagBag from /usr/local/python/3.10.13/lib/python3.10/site-packages/airflow/example_dags/example_latest_only_with_trigger.py
[2024-05-26T09:41:27.734+0000] {processor.py:840} INFO - DAG(s) 'latest_only_with_trigger' retrieved from /usr/local/python/3.10.13/lib/python3.10/site-packages/airflow/example_dags/example_latest_only_with_trigger.py
[2024-05-26T09:41:27.746+0000] {logging_mixin.py:188} INFO - [2024-05-26T09:41:27.746+0000] {dag.py:3096} INFO - Sync 1 DAGs
[2024-05-26T09:41:27.761+0000] {logging_mixin.py:188} INFO - [2024-05-26T09:41:27.761+0000] {dag.py:3954} INFO - Setting next_dagrun for latest_only_with_trigger to 2024-05-26 04:00:00+00:00, run_after=2024-05-26 08:00:00+00:00
[2024-05-26T09:41:27.798+0000] {processor.py:183} INFO - Processing /usr/local/python/3.10.13/lib/python3.10/site-packages/airflow/example_dags/example_latest_only_with_trigger.py took 0.075 seconds
[2024-05-26T09:42:28.229+0000] {processor.py:161} INFO - Started process (PID=53714) to work on /usr/local/python/3.10.13/lib/python3.10/site-packages/airflow/example_dags/example_latest_only_with_trigger.py
[2024-05-26T09:42:28.230+0000] {processor.py:830} INFO - Processing file /usr/local/python/3.10.13/lib/python3.10/site-packages/airflow/example_dags/example_latest_only_with_trigger.py for tasks to queue
[2024-05-26T09:42:28.231+0000] {logging_mixin.py:188} INFO - [2024-05-26T09:42:28.231+0000] {dagbag.py:545} INFO - Filling up the DagBag from /usr/local/python/3.10.13/lib/python3.10/site-packages/airflow/example_dags/example_latest_only_with_trigger.py
[2024-05-26T09:42:28.235+0000] {processor.py:840} INFO - DAG(s) 'latest_only_with_trigger' retrieved from /usr/local/python/3.10.13/lib/python3.10/site-packages/airflow/example_dags/example_latest_only_with_trigger.py
[2024-05-26T09:42:28.248+0000] {logging_mixin.py:188} INFO - [2024-05-26T09:42:28.248+0000] {dag.py:3096} INFO - Sync 1 DAGs
[2024-05-26T09:42:28.263+0000] {logging_mixin.py:188} INFO - [2024-05-26T09:42:28.262+0000] {dag.py:3954} INFO - Setting next_dagrun for latest_only_with_trigger to 2024-05-26 04:00:00+00:00, run_after=2024-05-26 08:00:00+00:00
[2024-05-26T09:42:28.298+0000] {processor.py:183} INFO - Processing /usr/local/python/3.10.13/lib/python3.10/site-packages/airflow/example_dags/example_latest_only_with_trigger.py took 0.074 seconds
[2024-05-26T09:43:27.083+0000] {processor.py:161} INFO - Started process (PID=54138) to work on /usr/local/python/3.10.13/lib/python3.10/site-packages/airflow/example_dags/example_latest_only_with_trigger.py
[2024-05-26T09:43:27.084+0000] {processor.py:830} INFO - Processing file /usr/local/python/3.10.13/lib/python3.10/site-packages/airflow/example_dags/example_latest_only_with_trigger.py for tasks to queue
[2024-05-26T09:43:27.085+0000] {logging_mixin.py:188} INFO - [2024-05-26T09:43:27.085+0000] {dagbag.py:545} INFO - Filling up the DagBag from /usr/local/python/3.10.13/lib/python3.10/site-packages/airflow/example_dags/example_latest_only_with_trigger.py
[2024-05-26T09:43:27.090+0000] {processor.py:840} INFO - DAG(s) 'latest_only_with_trigger' retrieved from /usr/local/python/3.10.13/lib/python3.10/site-packages/airflow/example_dags/example_latest_only_with_trigger.py
[2024-05-26T09:43:27.102+0000] {logging_mixin.py:188} INFO - [2024-05-26T09:43:27.102+0000] {dag.py:3096} INFO - Sync 1 DAGs
[2024-05-26T09:43:27.118+0000] {logging_mixin.py:188} INFO - [2024-05-26T09:43:27.118+0000] {dag.py:3954} INFO - Setting next_dagrun for latest_only_with_trigger to 2024-05-26 04:00:00+00:00, run_after=2024-05-26 08:00:00+00:00
[2024-05-26T09:43:27.155+0000] {processor.py:183} INFO - Processing /usr/local/python/3.10.13/lib/python3.10/site-packages/airflow/example_dags/example_latest_only_with_trigger.py took 0.077 seconds
[2024-05-26T09:44:28.761+0000] {processor.py:161} INFO - Started process (PID=54674) to work on /usr/local/python/3.10.13/lib/python3.10/site-packages/airflow/example_dags/example_latest_only_with_trigger.py
[2024-05-26T09:44:28.762+0000] {processor.py:830} INFO - Processing file /usr/local/python/3.10.13/lib/python3.10/site-packages/airflow/example_dags/example_latest_only_with_trigger.py for tasks to queue
[2024-05-26T09:44:28.763+0000] {logging_mixin.py:188} INFO - [2024-05-26T09:44:28.763+0000] {dagbag.py:545} INFO - Filling up the DagBag from /usr/local/python/3.10.13/lib/python3.10/site-packages/airflow/example_dags/example_latest_only_with_trigger.py
[2024-05-26T09:44:28.767+0000] {processor.py:840} INFO - DAG(s) 'latest_only_with_trigger' retrieved from /usr/local/python/3.10.13/lib/python3.10/site-packages/airflow/example_dags/example_latest_only_with_trigger.py
[2024-05-26T09:44:28.780+0000] {logging_mixin.py:188} INFO - [2024-05-26T09:44:28.779+0000] {dag.py:3096} INFO - Sync 1 DAGs
[2024-05-26T09:44:28.795+0000] {logging_mixin.py:188} INFO - [2024-05-26T09:44:28.795+0000] {dag.py:3954} INFO - Setting next_dagrun for latest_only_with_trigger to 2024-05-26 04:00:00+00:00, run_after=2024-05-26 08:00:00+00:00
[2024-05-26T09:44:28.830+0000] {processor.py:183} INFO - Processing /usr/local/python/3.10.13/lib/python3.10/site-packages/airflow/example_dags/example_latest_only_with_trigger.py took 0.073 seconds
[2024-05-26T09:45:32.983+0000] {processor.py:161} INFO - Started process (PID=55411) to work on /usr/local/python/3.10.13/lib/python3.10/site-packages/airflow/example_dags/example_latest_only_with_trigger.py
[2024-05-26T09:45:32.983+0000] {processor.py:830} INFO - Processing file /usr/local/python/3.10.13/lib/python3.10/site-packages/airflow/example_dags/example_latest_only_with_trigger.py for tasks to queue
[2024-05-26T09:45:32.985+0000] {logging_mixin.py:188} INFO - [2024-05-26T09:45:32.984+0000] {dagbag.py:545} INFO - Filling up the DagBag from /usr/local/python/3.10.13/lib/python3.10/site-packages/airflow/example_dags/example_latest_only_with_trigger.py
[2024-05-26T09:45:32.989+0000] {processor.py:840} INFO - DAG(s) 'latest_only_with_trigger' retrieved from /usr/local/python/3.10.13/lib/python3.10/site-packages/airflow/example_dags/example_latest_only_with_trigger.py
[2024-05-26T09:45:33.001+0000] {logging_mixin.py:188} INFO - [2024-05-26T09:45:33.001+0000] {dag.py:3096} INFO - Sync 1 DAGs
[2024-05-26T09:45:33.017+0000] {logging_mixin.py:188} INFO - [2024-05-26T09:45:33.016+0000] {dag.py:3954} INFO - Setting next_dagrun for latest_only_with_trigger to 2024-05-26 04:00:00+00:00, run_after=2024-05-26 08:00:00+00:00
[2024-05-26T09:45:33.052+0000] {processor.py:183} INFO - Processing /usr/local/python/3.10.13/lib/python3.10/site-packages/airflow/example_dags/example_latest_only_with_trigger.py took 0.074 seconds
[2024-05-26T09:46:30.076+0000] {processor.py:161} INFO - Started process (PID=56152) to work on /usr/local/python/3.10.13/lib/python3.10/site-packages/airflow/example_dags/example_latest_only_with_trigger.py
[2024-05-26T09:46:30.077+0000] {processor.py:830} INFO - Processing file /usr/local/python/3.10.13/lib/python3.10/site-packages/airflow/example_dags/example_latest_only_with_trigger.py for tasks to queue
[2024-05-26T09:46:30.078+0000] {logging_mixin.py:188} INFO - [2024-05-26T09:46:30.078+0000] {dagbag.py:545} INFO - Filling up the DagBag from /usr/local/python/3.10.13/lib/python3.10/site-packages/airflow/example_dags/example_latest_only_with_trigger.py
[2024-05-26T09:46:30.083+0000] {processor.py:840} INFO - DAG(s) 'latest_only_with_trigger' retrieved from /usr/local/python/3.10.13/lib/python3.10/site-packages/airflow/example_dags/example_latest_only_with_trigger.py
[2024-05-26T09:46:30.095+0000] {logging_mixin.py:188} INFO - [2024-05-26T09:46:30.095+0000] {dag.py:3096} INFO - Sync 1 DAGs
[2024-05-26T09:46:30.110+0000] {logging_mixin.py:188} INFO - [2024-05-26T09:46:30.110+0000] {dag.py:3954} INFO - Setting next_dagrun for latest_only_with_trigger to 2024-05-26 04:00:00+00:00, run_after=2024-05-26 08:00:00+00:00
[2024-05-26T09:46:30.146+0000] {processor.py:183} INFO - Processing /usr/local/python/3.10.13/lib/python3.10/site-packages/airflow/example_dags/example_latest_only_with_trigger.py took 0.075 seconds
[2024-05-26T09:47:31.019+0000] {processor.py:161} INFO - Started process (PID=56917) to work on /usr/local/python/3.10.13/lib/python3.10/site-packages/airflow/example_dags/example_latest_only_with_trigger.py
[2024-05-26T09:47:31.020+0000] {processor.py:830} INFO - Processing file /usr/local/python/3.10.13/lib/python3.10/site-packages/airflow/example_dags/example_latest_only_with_trigger.py for tasks to queue
[2024-05-26T09:47:31.021+0000] {logging_mixin.py:188} INFO - [2024-05-26T09:47:31.021+0000] {dagbag.py:545} INFO - Filling up the DagBag from /usr/local/python/3.10.13/lib/python3.10/site-packages/airflow/example_dags/example_latest_only_with_trigger.py
[2024-05-26T09:47:31.025+0000] {processor.py:840} INFO - DAG(s) 'latest_only_with_trigger' retrieved from /usr/local/python/3.10.13/lib/python3.10/site-packages/airflow/example_dags/example_latest_only_with_trigger.py
[2024-05-26T09:47:31.037+0000] {logging_mixin.py:188} INFO - [2024-05-26T09:47:31.037+0000] {dag.py:3096} INFO - Sync 1 DAGs
[2024-05-26T09:47:31.052+0000] {logging_mixin.py:188} INFO - [2024-05-26T09:47:31.052+0000] {dag.py:3954} INFO - Setting next_dagrun for latest_only_with_trigger to 2024-05-26 04:00:00+00:00, run_after=2024-05-26 08:00:00+00:00
[2024-05-26T09:47:31.090+0000] {processor.py:183} INFO - Processing /usr/local/python/3.10.13/lib/python3.10/site-packages/airflow/example_dags/example_latest_only_with_trigger.py took 0.075 seconds
[2024-05-26T09:48:29.893+0000] {processor.py:161} INFO - Started process (PID=57570) to work on /usr/local/python/3.10.13/lib/python3.10/site-packages/airflow/example_dags/example_latest_only_with_trigger.py
[2024-05-26T09:48:29.894+0000] {processor.py:830} INFO - Processing file /usr/local/python/3.10.13/lib/python3.10/site-packages/airflow/example_dags/example_latest_only_with_trigger.py for tasks to queue
[2024-05-26T09:48:29.895+0000] {logging_mixin.py:188} INFO - [2024-05-26T09:48:29.895+0000] {dagbag.py:545} INFO - Filling up the DagBag from /usr/local/python/3.10.13/lib/python3.10/site-packages/airflow/example_dags/example_latest_only_with_trigger.py
[2024-05-26T09:48:29.900+0000] {processor.py:840} INFO - DAG(s) 'latest_only_with_trigger' retrieved from /usr/local/python/3.10.13/lib/python3.10/site-packages/airflow/example_dags/example_latest_only_with_trigger.py
[2024-05-26T09:48:29.912+0000] {logging_mixin.py:188} INFO - [2024-05-26T09:48:29.912+0000] {dag.py:3096} INFO - Sync 1 DAGs
[2024-05-26T09:48:29.927+0000] {logging_mixin.py:188} INFO - [2024-05-26T09:48:29.927+0000] {dag.py:3954} INFO - Setting next_dagrun for latest_only_with_trigger to 2024-05-26 04:00:00+00:00, run_after=2024-05-26 08:00:00+00:00
[2024-05-26T09:48:29.963+0000] {processor.py:183} INFO - Processing /usr/local/python/3.10.13/lib/python3.10/site-packages/airflow/example_dags/example_latest_only_with_trigger.py took 0.074 seconds
[2024-05-26T09:49:34.718+0000] {processor.py:161} INFO - Started process (PID=58230) to work on /usr/local/python/3.10.13/lib/python3.10/site-packages/airflow/example_dags/example_latest_only_with_trigger.py
[2024-05-26T09:49:34.719+0000] {processor.py:830} INFO - Processing file /usr/local/python/3.10.13/lib/python3.10/site-packages/airflow/example_dags/example_latest_only_with_trigger.py for tasks to queue
[2024-05-26T09:49:34.720+0000] {logging_mixin.py:188} INFO - [2024-05-26T09:49:34.720+0000] {dagbag.py:545} INFO - Filling up the DagBag from /usr/local/python/3.10.13/lib/python3.10/site-packages/airflow/example_dags/example_latest_only_with_trigger.py
[2024-05-26T09:49:34.724+0000] {processor.py:840} INFO - DAG(s) 'latest_only_with_trigger' retrieved from /usr/local/python/3.10.13/lib/python3.10/site-packages/airflow/example_dags/example_latest_only_with_trigger.py
[2024-05-26T09:49:34.736+0000] {logging_mixin.py:188} INFO - [2024-05-26T09:49:34.736+0000] {dag.py:3096} INFO - Sync 1 DAGs
[2024-05-26T09:49:34.754+0000] {logging_mixin.py:188} INFO - [2024-05-26T09:49:34.753+0000] {dag.py:3954} INFO - Setting next_dagrun for latest_only_with_trigger to 2024-05-26 04:00:00+00:00, run_after=2024-05-26 08:00:00+00:00
[2024-05-26T09:49:34.791+0000] {processor.py:183} INFO - Processing /usr/local/python/3.10.13/lib/python3.10/site-packages/airflow/example_dags/example_latest_only_with_trigger.py took 0.078 seconds
[2024-05-26T09:50:35.563+0000] {processor.py:161} INFO - Started process (PID=58745) to work on /usr/local/python/3.10.13/lib/python3.10/site-packages/airflow/example_dags/example_latest_only_with_trigger.py
[2024-05-26T09:50:35.564+0000] {processor.py:830} INFO - Processing file /usr/local/python/3.10.13/lib/python3.10/site-packages/airflow/example_dags/example_latest_only_with_trigger.py for tasks to queue
[2024-05-26T09:50:35.565+0000] {logging_mixin.py:188} INFO - [2024-05-26T09:50:35.565+0000] {dagbag.py:545} INFO - Filling up the DagBag from /usr/local/python/3.10.13/lib/python3.10/site-packages/airflow/example_dags/example_latest_only_with_trigger.py
[2024-05-26T09:50:35.569+0000] {processor.py:840} INFO - DAG(s) 'latest_only_with_trigger' retrieved from /usr/local/python/3.10.13/lib/python3.10/site-packages/airflow/example_dags/example_latest_only_with_trigger.py
[2024-05-26T09:50:35.583+0000] {logging_mixin.py:188} INFO - [2024-05-26T09:50:35.583+0000] {dag.py:3096} INFO - Sync 1 DAGs
[2024-05-26T09:50:35.597+0000] {logging_mixin.py:188} INFO - [2024-05-26T09:50:35.597+0000] {dag.py:3954} INFO - Setting next_dagrun for latest_only_with_trigger to 2024-05-26 04:00:00+00:00, run_after=2024-05-26 08:00:00+00:00
[2024-05-26T09:50:35.644+0000] {processor.py:183} INFO - Processing /usr/local/python/3.10.13/lib/python3.10/site-packages/airflow/example_dags/example_latest_only_with_trigger.py took 0.086 seconds
[2024-05-26T09:51:38.139+0000] {processor.py:161} INFO - Started process (PID=59398) to work on /usr/local/python/3.10.13/lib/python3.10/site-packages/airflow/example_dags/example_latest_only_with_trigger.py
[2024-05-26T09:51:38.140+0000] {processor.py:830} INFO - Processing file /usr/local/python/3.10.13/lib/python3.10/site-packages/airflow/example_dags/example_latest_only_with_trigger.py for tasks to queue
[2024-05-26T09:51:38.141+0000] {logging_mixin.py:188} INFO - [2024-05-26T09:51:38.141+0000] {dagbag.py:545} INFO - Filling up the DagBag from /usr/local/python/3.10.13/lib/python3.10/site-packages/airflow/example_dags/example_latest_only_with_trigger.py
[2024-05-26T09:51:38.145+0000] {processor.py:840} INFO - DAG(s) 'latest_only_with_trigger' retrieved from /usr/local/python/3.10.13/lib/python3.10/site-packages/airflow/example_dags/example_latest_only_with_trigger.py
[2024-05-26T09:51:38.157+0000] {logging_mixin.py:188} INFO - [2024-05-26T09:51:38.157+0000] {dag.py:3096} INFO - Sync 1 DAGs
[2024-05-26T09:51:38.172+0000] {logging_mixin.py:188} INFO - [2024-05-26T09:51:38.172+0000] {dag.py:3954} INFO - Setting next_dagrun for latest_only_with_trigger to 2024-05-26 04:00:00+00:00, run_after=2024-05-26 08:00:00+00:00
[2024-05-26T09:51:38.212+0000] {processor.py:183} INFO - Processing /usr/local/python/3.10.13/lib/python3.10/site-packages/airflow/example_dags/example_latest_only_with_trigger.py took 0.079 seconds
[2024-05-26T09:52:40.366+0000] {processor.py:161} INFO - Started process (PID=59983) to work on /usr/local/python/3.10.13/lib/python3.10/site-packages/airflow/example_dags/example_latest_only_with_trigger.py
[2024-05-26T09:52:40.367+0000] {processor.py:830} INFO - Processing file /usr/local/python/3.10.13/lib/python3.10/site-packages/airflow/example_dags/example_latest_only_with_trigger.py for tasks to queue
[2024-05-26T09:52:40.368+0000] {logging_mixin.py:188} INFO - [2024-05-26T09:52:40.368+0000] {dagbag.py:545} INFO - Filling up the DagBag from /usr/local/python/3.10.13/lib/python3.10/site-packages/airflow/example_dags/example_latest_only_with_trigger.py
[2024-05-26T09:52:40.373+0000] {processor.py:840} INFO - DAG(s) 'latest_only_with_trigger' retrieved from /usr/local/python/3.10.13/lib/python3.10/site-packages/airflow/example_dags/example_latest_only_with_trigger.py
[2024-05-26T09:52:40.385+0000] {logging_mixin.py:188} INFO - [2024-05-26T09:52:40.384+0000] {dag.py:3096} INFO - Sync 1 DAGs
[2024-05-26T09:52:40.400+0000] {logging_mixin.py:188} INFO - [2024-05-26T09:52:40.400+0000] {dag.py:3954} INFO - Setting next_dagrun for latest_only_with_trigger to 2024-05-26 04:00:00+00:00, run_after=2024-05-26 08:00:00+00:00
[2024-05-26T09:52:40.437+0000] {processor.py:183} INFO - Processing /usr/local/python/3.10.13/lib/python3.10/site-packages/airflow/example_dags/example_latest_only_with_trigger.py took 0.075 seconds
[2024-05-26T09:53:42.400+0000] {processor.py:161} INFO - Started process (PID=60474) to work on /usr/local/python/3.10.13/lib/python3.10/site-packages/airflow/example_dags/example_latest_only_with_trigger.py
[2024-05-26T09:53:42.401+0000] {processor.py:830} INFO - Processing file /usr/local/python/3.10.13/lib/python3.10/site-packages/airflow/example_dags/example_latest_only_with_trigger.py for tasks to queue
[2024-05-26T09:53:42.403+0000] {logging_mixin.py:188} INFO - [2024-05-26T09:53:42.403+0000] {dagbag.py:545} INFO - Filling up the DagBag from /usr/local/python/3.10.13/lib/python3.10/site-packages/airflow/example_dags/example_latest_only_with_trigger.py
[2024-05-26T09:53:42.410+0000] {processor.py:840} INFO - DAG(s) 'latest_only_with_trigger' retrieved from /usr/local/python/3.10.13/lib/python3.10/site-packages/airflow/example_dags/example_latest_only_with_trigger.py
[2024-05-26T09:53:42.429+0000] {logging_mixin.py:188} INFO - [2024-05-26T09:53:42.428+0000] {dag.py:3096} INFO - Sync 1 DAGs
[2024-05-26T09:53:42.448+0000] {logging_mixin.py:188} INFO - [2024-05-26T09:53:42.448+0000] {dag.py:3954} INFO - Setting next_dagrun for latest_only_with_trigger to 2024-05-26 04:00:00+00:00, run_after=2024-05-26 08:00:00+00:00
[2024-05-26T09:53:42.493+0000] {processor.py:183} INFO - Processing /usr/local/python/3.10.13/lib/python3.10/site-packages/airflow/example_dags/example_latest_only_with_trigger.py took 0.099 seconds
[2024-05-26T09:54:48.714+0000] {processor.py:161} INFO - Started process (PID=61024) to work on /usr/local/python/3.10.13/lib/python3.10/site-packages/airflow/example_dags/example_latest_only_with_trigger.py
[2024-05-26T09:54:48.715+0000] {processor.py:830} INFO - Processing file /usr/local/python/3.10.13/lib/python3.10/site-packages/airflow/example_dags/example_latest_only_with_trigger.py for tasks to queue
[2024-05-26T09:54:48.716+0000] {logging_mixin.py:188} INFO - [2024-05-26T09:54:48.716+0000] {dagbag.py:545} INFO - Filling up the DagBag from /usr/local/python/3.10.13/lib/python3.10/site-packages/airflow/example_dags/example_latest_only_with_trigger.py
[2024-05-26T09:54:48.721+0000] {processor.py:840} INFO - DAG(s) 'latest_only_with_trigger' retrieved from /usr/local/python/3.10.13/lib/python3.10/site-packages/airflow/example_dags/example_latest_only_with_trigger.py
[2024-05-26T09:54:48.733+0000] {logging_mixin.py:188} INFO - [2024-05-26T09:54:48.732+0000] {dag.py:3096} INFO - Sync 1 DAGs
[2024-05-26T09:54:48.747+0000] {logging_mixin.py:188} INFO - [2024-05-26T09:54:48.747+0000] {dag.py:3954} INFO - Setting next_dagrun for latest_only_with_trigger to 2024-05-26 04:00:00+00:00, run_after=2024-05-26 08:00:00+00:00
[2024-05-26T09:54:48.784+0000] {processor.py:183} INFO - Processing /usr/local/python/3.10.13/lib/python3.10/site-packages/airflow/example_dags/example_latest_only_with_trigger.py took 0.074 seconds
