[2024-05-26T09:10:47.092+0000] {processor.py:161} INFO - Started process (PID=40195) to work on /usr/local/python/3.10.13/lib/python3.10/site-packages/airflow/example_dags/example_sensors.py
[2024-05-26T09:10:47.092+0000] {processor.py:830} INFO - Processing file /usr/local/python/3.10.13/lib/python3.10/site-packages/airflow/example_dags/example_sensors.py for tasks to queue
[2024-05-26T09:10:47.094+0000] {logging_mixin.py:188} INFO - [2024-05-26T09:10:47.093+0000] {dagbag.py:545} INFO - Filling up the DagBag from /usr/local/python/3.10.13/lib/python3.10/site-packages/airflow/example_dags/example_sensors.py
[2024-05-26T09:10:47.101+0000] {processor.py:840} INFO - DAG(s) 'example_sensors' retrieved from /usr/local/python/3.10.13/lib/python3.10/site-packages/airflow/example_dags/example_sensors.py
[2024-05-26T09:10:47.121+0000] {logging_mixin.py:188} INFO - [2024-05-26T09:10:47.120+0000] {dag.py:3096} INFO - Sync 1 DAGs
[2024-05-26T09:10:47.212+0000] {logging_mixin.py:188} INFO - [2024-05-26T09:10:47.212+0000] {dag.py:3954} INFO - Setting next_dagrun for example_sensors to None, run_after=None
[2024-05-26T09:10:47.252+0000] {processor.py:183} INFO - Processing /usr/local/python/3.10.13/lib/python3.10/site-packages/airflow/example_dags/example_sensors.py took 0.165 seconds
[2024-05-26T09:11:39.281+0000] {processor.py:161} INFO - Started process (PID=40583) to work on /usr/local/python/3.10.13/lib/python3.10/site-packages/airflow/example_dags/example_sensors.py
[2024-05-26T09:11:39.282+0000] {processor.py:830} INFO - Processing file /usr/local/python/3.10.13/lib/python3.10/site-packages/airflow/example_dags/example_sensors.py for tasks to queue
[2024-05-26T09:11:39.283+0000] {logging_mixin.py:188} INFO - [2024-05-26T09:11:39.283+0000] {dagbag.py:545} INFO - Filling up the DagBag from /usr/local/python/3.10.13/lib/python3.10/site-packages/airflow/example_dags/example_sensors.py
[2024-05-26T09:11:39.290+0000] {processor.py:840} INFO - DAG(s) 'example_sensors' retrieved from /usr/local/python/3.10.13/lib/python3.10/site-packages/airflow/example_dags/example_sensors.py
[2024-05-26T09:11:39.307+0000] {logging_mixin.py:188} INFO - [2024-05-26T09:11:39.306+0000] {dag.py:3096} INFO - Sync 1 DAGs
[2024-05-26T09:11:39.315+0000] {logging_mixin.py:188} INFO - [2024-05-26T09:11:39.315+0000] {dag.py:3954} INFO - Setting next_dagrun for example_sensors to None, run_after=None
[2024-05-26T09:11:39.356+0000] {processor.py:183} INFO - Processing /usr/local/python/3.10.13/lib/python3.10/site-packages/airflow/example_dags/example_sensors.py took 0.079 seconds
[2024-05-26T09:12:29.629+0000] {processor.py:161} INFO - Started process (PID=40974) to work on /usr/local/python/3.10.13/lib/python3.10/site-packages/airflow/example_dags/example_sensors.py
[2024-05-26T09:12:29.630+0000] {processor.py:830} INFO - Processing file /usr/local/python/3.10.13/lib/python3.10/site-packages/airflow/example_dags/example_sensors.py for tasks to queue
[2024-05-26T09:12:29.632+0000] {logging_mixin.py:188} INFO - [2024-05-26T09:12:29.631+0000] {dagbag.py:545} INFO - Filling up the DagBag from /usr/local/python/3.10.13/lib/python3.10/site-packages/airflow/example_dags/example_sensors.py
[2024-05-26T09:12:29.644+0000] {processor.py:840} INFO - DAG(s) 'example_sensors' retrieved from /usr/local/python/3.10.13/lib/python3.10/site-packages/airflow/example_dags/example_sensors.py
[2024-05-26T09:12:29.669+0000] {logging_mixin.py:188} INFO - [2024-05-26T09:12:29.668+0000] {dag.py:3096} INFO - Sync 1 DAGs
[2024-05-26T09:12:29.685+0000] {logging_mixin.py:188} INFO - [2024-05-26T09:12:29.685+0000] {dag.py:3954} INFO - Setting next_dagrun for example_sensors to None, run_after=None
[2024-05-26T09:12:29.739+0000] {processor.py:183} INFO - Processing /usr/local/python/3.10.13/lib/python3.10/site-packages/airflow/example_dags/example_sensors.py took 0.116 seconds
[2024-05-26T09:13:12.769+0000] {processor.py:161} INFO - Started process (PID=41306) to work on /usr/local/python/3.10.13/lib/python3.10/site-packages/airflow/example_dags/example_sensors.py
[2024-05-26T09:13:12.770+0000] {processor.py:830} INFO - Processing file /usr/local/python/3.10.13/lib/python3.10/site-packages/airflow/example_dags/example_sensors.py for tasks to queue
[2024-05-26T09:13:12.771+0000] {logging_mixin.py:188} INFO - [2024-05-26T09:13:12.771+0000] {dagbag.py:545} INFO - Filling up the DagBag from /usr/local/python/3.10.13/lib/python3.10/site-packages/airflow/example_dags/example_sensors.py
[2024-05-26T09:13:12.778+0000] {processor.py:840} INFO - DAG(s) 'example_sensors' retrieved from /usr/local/python/3.10.13/lib/python3.10/site-packages/airflow/example_dags/example_sensors.py
[2024-05-26T09:13:12.794+0000] {logging_mixin.py:188} INFO - [2024-05-26T09:13:12.794+0000] {dag.py:3096} INFO - Sync 1 DAGs
[2024-05-26T09:13:12.803+0000] {logging_mixin.py:188} INFO - [2024-05-26T09:13:12.803+0000] {dag.py:3954} INFO - Setting next_dagrun for example_sensors to None, run_after=None
[2024-05-26T09:13:12.840+0000] {processor.py:183} INFO - Processing /usr/local/python/3.10.13/lib/python3.10/site-packages/airflow/example_dags/example_sensors.py took 0.076 seconds
[2024-05-26T09:13:56.089+0000] {processor.py:161} INFO - Started process (PID=41685) to work on /usr/local/python/3.10.13/lib/python3.10/site-packages/airflow/example_dags/example_sensors.py
[2024-05-26T09:13:56.089+0000] {processor.py:830} INFO - Processing file /usr/local/python/3.10.13/lib/python3.10/site-packages/airflow/example_dags/example_sensors.py for tasks to queue
[2024-05-26T09:13:56.091+0000] {logging_mixin.py:188} INFO - [2024-05-26T09:13:56.090+0000] {dagbag.py:545} INFO - Filling up the DagBag from /usr/local/python/3.10.13/lib/python3.10/site-packages/airflow/example_dags/example_sensors.py
[2024-05-26T09:13:56.098+0000] {processor.py:840} INFO - DAG(s) 'example_sensors' retrieved from /usr/local/python/3.10.13/lib/python3.10/site-packages/airflow/example_dags/example_sensors.py
[2024-05-26T09:13:56.114+0000] {logging_mixin.py:188} INFO - [2024-05-26T09:13:56.114+0000] {dag.py:3096} INFO - Sync 1 DAGs
[2024-05-26T09:13:56.124+0000] {logging_mixin.py:188} INFO - [2024-05-26T09:13:56.124+0000] {dag.py:3954} INFO - Setting next_dagrun for example_sensors to None, run_after=None
[2024-05-26T09:13:56.162+0000] {processor.py:183} INFO - Processing /usr/local/python/3.10.13/lib/python3.10/site-packages/airflow/example_dags/example_sensors.py took 0.078 seconds
[2024-05-26T09:14:39.886+0000] {processor.py:161} INFO - Started process (PID=41986) to work on /usr/local/python/3.10.13/lib/python3.10/site-packages/airflow/example_dags/example_sensors.py
[2024-05-26T09:14:39.887+0000] {processor.py:830} INFO - Processing file /usr/local/python/3.10.13/lib/python3.10/site-packages/airflow/example_dags/example_sensors.py for tasks to queue
[2024-05-26T09:14:39.888+0000] {logging_mixin.py:188} INFO - [2024-05-26T09:14:39.888+0000] {dagbag.py:545} INFO - Filling up the DagBag from /usr/local/python/3.10.13/lib/python3.10/site-packages/airflow/example_dags/example_sensors.py
[2024-05-26T09:14:39.895+0000] {processor.py:840} INFO - DAG(s) 'example_sensors' retrieved from /usr/local/python/3.10.13/lib/python3.10/site-packages/airflow/example_dags/example_sensors.py
[2024-05-26T09:14:39.912+0000] {logging_mixin.py:188} INFO - [2024-05-26T09:14:39.912+0000] {dag.py:3096} INFO - Sync 1 DAGs
[2024-05-26T09:14:39.921+0000] {logging_mixin.py:188} INFO - [2024-05-26T09:14:39.920+0000] {dag.py:3954} INFO - Setting next_dagrun for example_sensors to None, run_after=None
[2024-05-26T09:14:39.959+0000] {processor.py:183} INFO - Processing /usr/local/python/3.10.13/lib/python3.10/site-packages/airflow/example_dags/example_sensors.py took 0.078 seconds
[2024-05-26T09:15:23.311+0000] {processor.py:161} INFO - Started process (PID=42300) to work on /usr/local/python/3.10.13/lib/python3.10/site-packages/airflow/example_dags/example_sensors.py
[2024-05-26T09:15:23.311+0000] {processor.py:830} INFO - Processing file /usr/local/python/3.10.13/lib/python3.10/site-packages/airflow/example_dags/example_sensors.py for tasks to queue
[2024-05-26T09:15:23.313+0000] {logging_mixin.py:188} INFO - [2024-05-26T09:15:23.312+0000] {dagbag.py:545} INFO - Filling up the DagBag from /usr/local/python/3.10.13/lib/python3.10/site-packages/airflow/example_dags/example_sensors.py
[2024-05-26T09:15:23.320+0000] {processor.py:840} INFO - DAG(s) 'example_sensors' retrieved from /usr/local/python/3.10.13/lib/python3.10/site-packages/airflow/example_dags/example_sensors.py
[2024-05-26T09:15:23.336+0000] {logging_mixin.py:188} INFO - [2024-05-26T09:15:23.336+0000] {dag.py:3096} INFO - Sync 1 DAGs
[2024-05-26T09:15:23.345+0000] {logging_mixin.py:188} INFO - [2024-05-26T09:15:23.345+0000] {dag.py:3954} INFO - Setting next_dagrun for example_sensors to None, run_after=None
[2024-05-26T09:15:23.385+0000] {processor.py:183} INFO - Processing /usr/local/python/3.10.13/lib/python3.10/site-packages/airflow/example_dags/example_sensors.py took 0.079 seconds
[2024-05-26T09:16:24.358+0000] {processor.py:161} INFO - Started process (PID=42726) to work on /usr/local/python/3.10.13/lib/python3.10/site-packages/airflow/example_dags/example_sensors.py
[2024-05-26T09:16:24.359+0000] {processor.py:830} INFO - Processing file /usr/local/python/3.10.13/lib/python3.10/site-packages/airflow/example_dags/example_sensors.py for tasks to queue
[2024-05-26T09:16:24.360+0000] {logging_mixin.py:188} INFO - [2024-05-26T09:16:24.360+0000] {dagbag.py:545} INFO - Filling up the DagBag from /usr/local/python/3.10.13/lib/python3.10/site-packages/airflow/example_dags/example_sensors.py
[2024-05-26T09:16:24.368+0000] {processor.py:840} INFO - DAG(s) 'example_sensors' retrieved from /usr/local/python/3.10.13/lib/python3.10/site-packages/airflow/example_dags/example_sensors.py
[2024-05-26T09:16:24.384+0000] {logging_mixin.py:188} INFO - [2024-05-26T09:16:24.384+0000] {dag.py:3096} INFO - Sync 1 DAGs
[2024-05-26T09:16:24.393+0000] {logging_mixin.py:188} INFO - [2024-05-26T09:16:24.393+0000] {dag.py:3954} INFO - Setting next_dagrun for example_sensors to None, run_after=None
[2024-05-26T09:16:24.434+0000] {processor.py:183} INFO - Processing /usr/local/python/3.10.13/lib/python3.10/site-packages/airflow/example_dags/example_sensors.py took 0.081 seconds
[2024-05-26T09:17:05.457+0000] {processor.py:161} INFO - Started process (PID=43013) to work on /usr/local/python/3.10.13/lib/python3.10/site-packages/airflow/example_dags/example_sensors.py
[2024-05-26T09:17:05.458+0000] {processor.py:830} INFO - Processing file /usr/local/python/3.10.13/lib/python3.10/site-packages/airflow/example_dags/example_sensors.py for tasks to queue
[2024-05-26T09:17:05.459+0000] {logging_mixin.py:188} INFO - [2024-05-26T09:17:05.459+0000] {dagbag.py:545} INFO - Filling up the DagBag from /usr/local/python/3.10.13/lib/python3.10/site-packages/airflow/example_dags/example_sensors.py
[2024-05-26T09:17:05.466+0000] {processor.py:840} INFO - DAG(s) 'example_sensors' retrieved from /usr/local/python/3.10.13/lib/python3.10/site-packages/airflow/example_dags/example_sensors.py
[2024-05-26T09:17:05.483+0000] {logging_mixin.py:188} INFO - [2024-05-26T09:17:05.482+0000] {dag.py:3096} INFO - Sync 1 DAGs
[2024-05-26T09:17:05.492+0000] {logging_mixin.py:188} INFO - [2024-05-26T09:17:05.492+0000] {dag.py:3954} INFO - Setting next_dagrun for example_sensors to None, run_after=None
[2024-05-26T09:17:05.533+0000] {processor.py:183} INFO - Processing /usr/local/python/3.10.13/lib/python3.10/site-packages/airflow/example_dags/example_sensors.py took 0.083 seconds
[2024-05-26T09:17:48.478+0000] {processor.py:161} INFO - Started process (PID=43305) to work on /usr/local/python/3.10.13/lib/python3.10/site-packages/airflow/example_dags/example_sensors.py
[2024-05-26T09:17:48.479+0000] {processor.py:830} INFO - Processing file /usr/local/python/3.10.13/lib/python3.10/site-packages/airflow/example_dags/example_sensors.py for tasks to queue
[2024-05-26T09:17:48.481+0000] {logging_mixin.py:188} INFO - [2024-05-26T09:17:48.480+0000] {dagbag.py:545} INFO - Filling up the DagBag from /usr/local/python/3.10.13/lib/python3.10/site-packages/airflow/example_dags/example_sensors.py
[2024-05-26T09:17:48.490+0000] {processor.py:840} INFO - DAG(s) 'example_sensors' retrieved from /usr/local/python/3.10.13/lib/python3.10/site-packages/airflow/example_dags/example_sensors.py
[2024-05-26T09:17:48.509+0000] {logging_mixin.py:188} INFO - [2024-05-26T09:17:48.509+0000] {dag.py:3096} INFO - Sync 1 DAGs
[2024-05-26T09:17:48.523+0000] {logging_mixin.py:188} INFO - [2024-05-26T09:17:48.523+0000] {dag.py:3954} INFO - Setting next_dagrun for example_sensors to None, run_after=None
[2024-05-26T09:17:48.568+0000] {processor.py:183} INFO - Processing /usr/local/python/3.10.13/lib/python3.10/site-packages/airflow/example_dags/example_sensors.py took 0.096 seconds
[2024-05-26T09:18:32.751+0000] {processor.py:161} INFO - Started process (PID=43600) to work on /usr/local/python/3.10.13/lib/python3.10/site-packages/airflow/example_dags/example_sensors.py
[2024-05-26T09:18:32.751+0000] {processor.py:830} INFO - Processing file /usr/local/python/3.10.13/lib/python3.10/site-packages/airflow/example_dags/example_sensors.py for tasks to queue
[2024-05-26T09:18:32.753+0000] {logging_mixin.py:188} INFO - [2024-05-26T09:18:32.752+0000] {dagbag.py:545} INFO - Filling up the DagBag from /usr/local/python/3.10.13/lib/python3.10/site-packages/airflow/example_dags/example_sensors.py
[2024-05-26T09:18:32.760+0000] {processor.py:840} INFO - DAG(s) 'example_sensors' retrieved from /usr/local/python/3.10.13/lib/python3.10/site-packages/airflow/example_dags/example_sensors.py
[2024-05-26T09:18:32.778+0000] {logging_mixin.py:188} INFO - [2024-05-26T09:18:32.778+0000] {dag.py:3096} INFO - Sync 1 DAGs
[2024-05-26T09:18:32.787+0000] {logging_mixin.py:188} INFO - [2024-05-26T09:18:32.787+0000] {dag.py:3954} INFO - Setting next_dagrun for example_sensors to None, run_after=None
[2024-05-26T09:18:32.828+0000] {processor.py:183} INFO - Processing /usr/local/python/3.10.13/lib/python3.10/site-packages/airflow/example_dags/example_sensors.py took 0.083 seconds
[2024-05-26T09:19:12.915+0000] {processor.py:161} INFO - Started process (PID=43938) to work on /usr/local/python/3.10.13/lib/python3.10/site-packages/airflow/example_dags/example_sensors.py
[2024-05-26T09:19:12.916+0000] {processor.py:830} INFO - Processing file /usr/local/python/3.10.13/lib/python3.10/site-packages/airflow/example_dags/example_sensors.py for tasks to queue
[2024-05-26T09:19:12.917+0000] {logging_mixin.py:188} INFO - [2024-05-26T09:19:12.917+0000] {dagbag.py:545} INFO - Filling up the DagBag from /usr/local/python/3.10.13/lib/python3.10/site-packages/airflow/example_dags/example_sensors.py
[2024-05-26T09:19:12.929+0000] {processor.py:840} INFO - DAG(s) 'example_sensors' retrieved from /usr/local/python/3.10.13/lib/python3.10/site-packages/airflow/example_dags/example_sensors.py
[2024-05-26T09:19:12.947+0000] {logging_mixin.py:188} INFO - [2024-05-26T09:19:12.947+0000] {dag.py:3096} INFO - Sync 1 DAGs
[2024-05-26T09:19:12.956+0000] {logging_mixin.py:188} INFO - [2024-05-26T09:19:12.956+0000] {dag.py:3954} INFO - Setting next_dagrun for example_sensors to None, run_after=None
[2024-05-26T09:19:13.000+0000] {processor.py:183} INFO - Processing /usr/local/python/3.10.13/lib/python3.10/site-packages/airflow/example_dags/example_sensors.py took 0.089 seconds
[2024-05-26T09:19:56.716+0000] {processor.py:161} INFO - Started process (PID=44243) to work on /usr/local/python/3.10.13/lib/python3.10/site-packages/airflow/example_dags/example_sensors.py
[2024-05-26T09:19:56.716+0000] {processor.py:830} INFO - Processing file /usr/local/python/3.10.13/lib/python3.10/site-packages/airflow/example_dags/example_sensors.py for tasks to queue
[2024-05-26T09:19:56.718+0000] {logging_mixin.py:188} INFO - [2024-05-26T09:19:56.717+0000] {dagbag.py:545} INFO - Filling up the DagBag from /usr/local/python/3.10.13/lib/python3.10/site-packages/airflow/example_dags/example_sensors.py
[2024-05-26T09:19:56.725+0000] {processor.py:840} INFO - DAG(s) 'example_sensors' retrieved from /usr/local/python/3.10.13/lib/python3.10/site-packages/airflow/example_dags/example_sensors.py
[2024-05-26T09:19:56.743+0000] {logging_mixin.py:188} INFO - [2024-05-26T09:19:56.743+0000] {dag.py:3096} INFO - Sync 1 DAGs
[2024-05-26T09:19:56.752+0000] {logging_mixin.py:188} INFO - [2024-05-26T09:19:56.752+0000] {dag.py:3954} INFO - Setting next_dagrun for example_sensors to None, run_after=None
[2024-05-26T09:19:56.795+0000] {processor.py:183} INFO - Processing /usr/local/python/3.10.13/lib/python3.10/site-packages/airflow/example_dags/example_sensors.py took 0.084 seconds
[2024-05-26T09:20:39.261+0000] {processor.py:161} INFO - Started process (PID=44558) to work on /usr/local/python/3.10.13/lib/python3.10/site-packages/airflow/example_dags/example_sensors.py
[2024-05-26T09:20:39.262+0000] {processor.py:830} INFO - Processing file /usr/local/python/3.10.13/lib/python3.10/site-packages/airflow/example_dags/example_sensors.py for tasks to queue
[2024-05-26T09:20:39.263+0000] {logging_mixin.py:188} INFO - [2024-05-26T09:20:39.263+0000] {dagbag.py:545} INFO - Filling up the DagBag from /usr/local/python/3.10.13/lib/python3.10/site-packages/airflow/example_dags/example_sensors.py
[2024-05-26T09:20:39.270+0000] {processor.py:840} INFO - DAG(s) 'example_sensors' retrieved from /usr/local/python/3.10.13/lib/python3.10/site-packages/airflow/example_dags/example_sensors.py
[2024-05-26T09:20:39.287+0000] {logging_mixin.py:188} INFO - [2024-05-26T09:20:39.287+0000] {dag.py:3096} INFO - Sync 1 DAGs
[2024-05-26T09:20:39.296+0000] {logging_mixin.py:188} INFO - [2024-05-26T09:20:39.296+0000] {dag.py:3954} INFO - Setting next_dagrun for example_sensors to None, run_after=None
[2024-05-26T09:20:39.336+0000] {processor.py:183} INFO - Processing /usr/local/python/3.10.13/lib/python3.10/site-packages/airflow/example_dags/example_sensors.py took 0.079 seconds
[2024-05-26T09:21:42.092+0000] {processor.py:161} INFO - Started process (PID=44986) to work on /usr/local/python/3.10.13/lib/python3.10/site-packages/airflow/example_dags/example_sensors.py
[2024-05-26T09:21:42.092+0000] {processor.py:830} INFO - Processing file /usr/local/python/3.10.13/lib/python3.10/site-packages/airflow/example_dags/example_sensors.py for tasks to queue
[2024-05-26T09:21:42.094+0000] {logging_mixin.py:188} INFO - [2024-05-26T09:21:42.093+0000] {dagbag.py:545} INFO - Filling up the DagBag from /usr/local/python/3.10.13/lib/python3.10/site-packages/airflow/example_dags/example_sensors.py
[2024-05-26T09:21:42.101+0000] {processor.py:840} INFO - DAG(s) 'example_sensors' retrieved from /usr/local/python/3.10.13/lib/python3.10/site-packages/airflow/example_dags/example_sensors.py
[2024-05-26T09:21:42.118+0000] {logging_mixin.py:188} INFO - [2024-05-26T09:21:42.117+0000] {dag.py:3096} INFO - Sync 1 DAGs
[2024-05-26T09:21:42.130+0000] {logging_mixin.py:188} INFO - [2024-05-26T09:21:42.129+0000] {dag.py:3954} INFO - Setting next_dagrun for example_sensors to None, run_after=None
[2024-05-26T09:21:42.181+0000] {processor.py:183} INFO - Processing /usr/local/python/3.10.13/lib/python3.10/site-packages/airflow/example_dags/example_sensors.py took 0.094 seconds
[2024-05-26T09:22:22.891+0000] {processor.py:161} INFO - Started process (PID=45267) to work on /usr/local/python/3.10.13/lib/python3.10/site-packages/airflow/example_dags/example_sensors.py
[2024-05-26T09:22:22.892+0000] {processor.py:830} INFO - Processing file /usr/local/python/3.10.13/lib/python3.10/site-packages/airflow/example_dags/example_sensors.py for tasks to queue
[2024-05-26T09:22:22.893+0000] {logging_mixin.py:188} INFO - [2024-05-26T09:22:22.893+0000] {dagbag.py:545} INFO - Filling up the DagBag from /usr/local/python/3.10.13/lib/python3.10/site-packages/airflow/example_dags/example_sensors.py
[2024-05-26T09:22:22.900+0000] {processor.py:840} INFO - DAG(s) 'example_sensors' retrieved from /usr/local/python/3.10.13/lib/python3.10/site-packages/airflow/example_dags/example_sensors.py
[2024-05-26T09:22:22.917+0000] {logging_mixin.py:188} INFO - [2024-05-26T09:22:22.917+0000] {dag.py:3096} INFO - Sync 1 DAGs
[2024-05-26T09:22:22.926+0000] {logging_mixin.py:188} INFO - [2024-05-26T09:22:22.926+0000] {dag.py:3954} INFO - Setting next_dagrun for example_sensors to None, run_after=None
[2024-05-26T09:22:22.964+0000] {processor.py:183} INFO - Processing /usr/local/python/3.10.13/lib/python3.10/site-packages/airflow/example_dags/example_sensors.py took 0.077 seconds
[2024-05-26T09:23:18.496+0000] {processor.py:161} INFO - Started process (PID=45649) to work on /usr/local/python/3.10.13/lib/python3.10/site-packages/airflow/example_dags/example_sensors.py
[2024-05-26T09:23:18.497+0000] {processor.py:830} INFO - Processing file /usr/local/python/3.10.13/lib/python3.10/site-packages/airflow/example_dags/example_sensors.py for tasks to queue
[2024-05-26T09:23:18.499+0000] {logging_mixin.py:188} INFO - [2024-05-26T09:23:18.499+0000] {dagbag.py:545} INFO - Filling up the DagBag from /usr/local/python/3.10.13/lib/python3.10/site-packages/airflow/example_dags/example_sensors.py
[2024-05-26T09:23:18.511+0000] {processor.py:840} INFO - DAG(s) 'example_sensors' retrieved from /usr/local/python/3.10.13/lib/python3.10/site-packages/airflow/example_dags/example_sensors.py
[2024-05-26T09:23:18.548+0000] {logging_mixin.py:188} INFO - [2024-05-26T09:23:18.547+0000] {dag.py:3096} INFO - Sync 1 DAGs
[2024-05-26T09:23:18.558+0000] {logging_mixin.py:188} INFO - [2024-05-26T09:23:18.558+0000] {dag.py:3954} INFO - Setting next_dagrun for example_sensors to None, run_after=None
[2024-05-26T09:23:18.601+0000] {processor.py:183} INFO - Processing /usr/local/python/3.10.13/lib/python3.10/site-packages/airflow/example_dags/example_sensors.py took 0.113 seconds
[2024-05-26T09:24:02.017+0000] {processor.py:161} INFO - Started process (PID=45961) to work on /usr/local/python/3.10.13/lib/python3.10/site-packages/airflow/example_dags/example_sensors.py
[2024-05-26T09:24:02.018+0000] {processor.py:830} INFO - Processing file /usr/local/python/3.10.13/lib/python3.10/site-packages/airflow/example_dags/example_sensors.py for tasks to queue
[2024-05-26T09:24:02.019+0000] {logging_mixin.py:188} INFO - [2024-05-26T09:24:02.019+0000] {dagbag.py:545} INFO - Filling up the DagBag from /usr/local/python/3.10.13/lib/python3.10/site-packages/airflow/example_dags/example_sensors.py
[2024-05-26T09:24:02.027+0000] {processor.py:840} INFO - DAG(s) 'example_sensors' retrieved from /usr/local/python/3.10.13/lib/python3.10/site-packages/airflow/example_dags/example_sensors.py
[2024-05-26T09:24:02.049+0000] {logging_mixin.py:188} INFO - [2024-05-26T09:24:02.049+0000] {dag.py:3096} INFO - Sync 1 DAGs
[2024-05-26T09:24:02.063+0000] {logging_mixin.py:188} INFO - [2024-05-26T09:24:02.062+0000] {dag.py:3954} INFO - Setting next_dagrun for example_sensors to None, run_after=None
[2024-05-26T09:24:02.106+0000] {processor.py:183} INFO - Processing /usr/local/python/3.10.13/lib/python3.10/site-packages/airflow/example_dags/example_sensors.py took 0.093 seconds
[2024-05-26T09:25:01.834+0000] {processor.py:161} INFO - Started process (PID=46367) to work on /usr/local/python/3.10.13/lib/python3.10/site-packages/airflow/example_dags/example_sensors.py
[2024-05-26T09:25:01.835+0000] {processor.py:830} INFO - Processing file /usr/local/python/3.10.13/lib/python3.10/site-packages/airflow/example_dags/example_sensors.py for tasks to queue
[2024-05-26T09:25:01.836+0000] {logging_mixin.py:188} INFO - [2024-05-26T09:25:01.835+0000] {dagbag.py:545} INFO - Filling up the DagBag from /usr/local/python/3.10.13/lib/python3.10/site-packages/airflow/example_dags/example_sensors.py
[2024-05-26T09:25:01.843+0000] {processor.py:840} INFO - DAG(s) 'example_sensors' retrieved from /usr/local/python/3.10.13/lib/python3.10/site-packages/airflow/example_dags/example_sensors.py
[2024-05-26T09:25:01.861+0000] {logging_mixin.py:188} INFO - [2024-05-26T09:25:01.861+0000] {dag.py:3096} INFO - Sync 1 DAGs
[2024-05-26T09:25:01.870+0000] {logging_mixin.py:188} INFO - [2024-05-26T09:25:01.870+0000] {dag.py:3954} INFO - Setting next_dagrun for example_sensors to None, run_after=None
[2024-05-26T09:25:01.910+0000] {processor.py:183} INFO - Processing /usr/local/python/3.10.13/lib/python3.10/site-packages/airflow/example_dags/example_sensors.py took 0.081 seconds
[2024-05-26T09:25:44.280+0000] {processor.py:161} INFO - Started process (PID=46686) to work on /usr/local/python/3.10.13/lib/python3.10/site-packages/airflow/example_dags/example_sensors.py
[2024-05-26T09:25:44.281+0000] {processor.py:830} INFO - Processing file /usr/local/python/3.10.13/lib/python3.10/site-packages/airflow/example_dags/example_sensors.py for tasks to queue
[2024-05-26T09:25:44.282+0000] {logging_mixin.py:188} INFO - [2024-05-26T09:25:44.282+0000] {dagbag.py:545} INFO - Filling up the DagBag from /usr/local/python/3.10.13/lib/python3.10/site-packages/airflow/example_dags/example_sensors.py
[2024-05-26T09:25:44.289+0000] {processor.py:840} INFO - DAG(s) 'example_sensors' retrieved from /usr/local/python/3.10.13/lib/python3.10/site-packages/airflow/example_dags/example_sensors.py
[2024-05-26T09:25:44.315+0000] {logging_mixin.py:188} INFO - [2024-05-26T09:25:44.315+0000] {dag.py:3096} INFO - Sync 1 DAGs
[2024-05-26T09:25:44.328+0000] {logging_mixin.py:188} INFO - [2024-05-26T09:25:44.328+0000] {dag.py:3954} INFO - Setting next_dagrun for example_sensors to None, run_after=None
[2024-05-26T09:25:44.373+0000] {processor.py:183} INFO - Processing /usr/local/python/3.10.13/lib/python3.10/site-packages/airflow/example_dags/example_sensors.py took 0.098 seconds
[2024-05-26T09:26:46.787+0000] {processor.py:161} INFO - Started process (PID=47156) to work on /usr/local/python/3.10.13/lib/python3.10/site-packages/airflow/example_dags/example_sensors.py
[2024-05-26T09:26:46.787+0000] {processor.py:830} INFO - Processing file /usr/local/python/3.10.13/lib/python3.10/site-packages/airflow/example_dags/example_sensors.py for tasks to queue
[2024-05-26T09:26:46.789+0000] {logging_mixin.py:188} INFO - [2024-05-26T09:26:46.788+0000] {dagbag.py:545} INFO - Filling up the DagBag from /usr/local/python/3.10.13/lib/python3.10/site-packages/airflow/example_dags/example_sensors.py
[2024-05-26T09:26:46.796+0000] {processor.py:840} INFO - DAG(s) 'example_sensors' retrieved from /usr/local/python/3.10.13/lib/python3.10/site-packages/airflow/example_dags/example_sensors.py
[2024-05-26T09:26:46.813+0000] {logging_mixin.py:188} INFO - [2024-05-26T09:26:46.813+0000] {dag.py:3096} INFO - Sync 1 DAGs
[2024-05-26T09:26:46.823+0000] {logging_mixin.py:188} INFO - [2024-05-26T09:26:46.822+0000] {dag.py:3954} INFO - Setting next_dagrun for example_sensors to None, run_after=None
[2024-05-26T09:26:46.861+0000] {processor.py:183} INFO - Processing /usr/local/python/3.10.13/lib/python3.10/site-packages/airflow/example_dags/example_sensors.py took 0.078 seconds
[2024-05-26T09:27:47.237+0000] {processor.py:161} INFO - Started process (PID=47576) to work on /usr/local/python/3.10.13/lib/python3.10/site-packages/airflow/example_dags/example_sensors.py
[2024-05-26T09:27:47.238+0000] {processor.py:830} INFO - Processing file /usr/local/python/3.10.13/lib/python3.10/site-packages/airflow/example_dags/example_sensors.py for tasks to queue
[2024-05-26T09:27:47.239+0000] {logging_mixin.py:188} INFO - [2024-05-26T09:27:47.239+0000] {dagbag.py:545} INFO - Filling up the DagBag from /usr/local/python/3.10.13/lib/python3.10/site-packages/airflow/example_dags/example_sensors.py
[2024-05-26T09:27:47.246+0000] {processor.py:840} INFO - DAG(s) 'example_sensors' retrieved from /usr/local/python/3.10.13/lib/python3.10/site-packages/airflow/example_dags/example_sensors.py
[2024-05-26T09:27:47.262+0000] {logging_mixin.py:188} INFO - [2024-05-26T09:27:47.262+0000] {dag.py:3096} INFO - Sync 1 DAGs
[2024-05-26T09:27:47.271+0000] {logging_mixin.py:188} INFO - [2024-05-26T09:27:47.271+0000] {dag.py:3954} INFO - Setting next_dagrun for example_sensors to None, run_after=None
[2024-05-26T09:27:47.306+0000] {processor.py:183} INFO - Processing /usr/local/python/3.10.13/lib/python3.10/site-packages/airflow/example_dags/example_sensors.py took 0.074 seconds
[2024-05-26T09:28:29.777+0000] {processor.py:161} INFO - Started process (PID=47869) to work on /usr/local/python/3.10.13/lib/python3.10/site-packages/airflow/example_dags/example_sensors.py
[2024-05-26T09:28:29.778+0000] {processor.py:830} INFO - Processing file /usr/local/python/3.10.13/lib/python3.10/site-packages/airflow/example_dags/example_sensors.py for tasks to queue
[2024-05-26T09:28:29.779+0000] {logging_mixin.py:188} INFO - [2024-05-26T09:28:29.779+0000] {dagbag.py:545} INFO - Filling up the DagBag from /usr/local/python/3.10.13/lib/python3.10/site-packages/airflow/example_dags/example_sensors.py
[2024-05-26T09:28:29.786+0000] {processor.py:840} INFO - DAG(s) 'example_sensors' retrieved from /usr/local/python/3.10.13/lib/python3.10/site-packages/airflow/example_dags/example_sensors.py
[2024-05-26T09:28:29.803+0000] {logging_mixin.py:188} INFO - [2024-05-26T09:28:29.803+0000] {dag.py:3096} INFO - Sync 1 DAGs
[2024-05-26T09:28:29.812+0000] {logging_mixin.py:188} INFO - [2024-05-26T09:28:29.811+0000] {dag.py:3954} INFO - Setting next_dagrun for example_sensors to None, run_after=None
[2024-05-26T09:28:29.856+0000] {processor.py:183} INFO - Processing /usr/local/python/3.10.13/lib/python3.10/site-packages/airflow/example_dags/example_sensors.py took 0.084 seconds
[2024-05-26T09:29:30.579+0000] {processor.py:161} INFO - Started process (PID=48293) to work on /usr/local/python/3.10.13/lib/python3.10/site-packages/airflow/example_dags/example_sensors.py
[2024-05-26T09:29:30.580+0000] {processor.py:830} INFO - Processing file /usr/local/python/3.10.13/lib/python3.10/site-packages/airflow/example_dags/example_sensors.py for tasks to queue
[2024-05-26T09:29:30.581+0000] {logging_mixin.py:188} INFO - [2024-05-26T09:29:30.581+0000] {dagbag.py:545} INFO - Filling up the DagBag from /usr/local/python/3.10.13/lib/python3.10/site-packages/airflow/example_dags/example_sensors.py
[2024-05-26T09:29:30.588+0000] {processor.py:840} INFO - DAG(s) 'example_sensors' retrieved from /usr/local/python/3.10.13/lib/python3.10/site-packages/airflow/example_dags/example_sensors.py
[2024-05-26T09:29:30.605+0000] {logging_mixin.py:188} INFO - [2024-05-26T09:29:30.605+0000] {dag.py:3096} INFO - Sync 1 DAGs
[2024-05-26T09:29:30.614+0000] {logging_mixin.py:188} INFO - [2024-05-26T09:29:30.614+0000] {dag.py:3954} INFO - Setting next_dagrun for example_sensors to None, run_after=None
[2024-05-26T09:29:30.653+0000] {processor.py:183} INFO - Processing /usr/local/python/3.10.13/lib/python3.10/site-packages/airflow/example_dags/example_sensors.py took 0.079 seconds
[2024-05-26T09:30:13.097+0000] {processor.py:161} INFO - Started process (PID=48579) to work on /usr/local/python/3.10.13/lib/python3.10/site-packages/airflow/example_dags/example_sensors.py
[2024-05-26T09:30:13.098+0000] {processor.py:830} INFO - Processing file /usr/local/python/3.10.13/lib/python3.10/site-packages/airflow/example_dags/example_sensors.py for tasks to queue
[2024-05-26T09:30:13.099+0000] {logging_mixin.py:188} INFO - [2024-05-26T09:30:13.099+0000] {dagbag.py:545} INFO - Filling up the DagBag from /usr/local/python/3.10.13/lib/python3.10/site-packages/airflow/example_dags/example_sensors.py
[2024-05-26T09:30:13.106+0000] {processor.py:840} INFO - DAG(s) 'example_sensors' retrieved from /usr/local/python/3.10.13/lib/python3.10/site-packages/airflow/example_dags/example_sensors.py
[2024-05-26T09:30:13.123+0000] {logging_mixin.py:188} INFO - [2024-05-26T09:30:13.123+0000] {dag.py:3096} INFO - Sync 1 DAGs
[2024-05-26T09:30:13.132+0000] {logging_mixin.py:188} INFO - [2024-05-26T09:30:13.131+0000] {dag.py:3954} INFO - Setting next_dagrun for example_sensors to None, run_after=None
[2024-05-26T09:30:13.169+0000] {processor.py:183} INFO - Processing /usr/local/python/3.10.13/lib/python3.10/site-packages/airflow/example_dags/example_sensors.py took 0.077 seconds
[2024-05-26T09:31:08.585+0000] {processor.py:161} INFO - Started process (PID=48958) to work on /usr/local/python/3.10.13/lib/python3.10/site-packages/airflow/example_dags/example_sensors.py
[2024-05-26T09:31:08.586+0000] {processor.py:830} INFO - Processing file /usr/local/python/3.10.13/lib/python3.10/site-packages/airflow/example_dags/example_sensors.py for tasks to queue
[2024-05-26T09:31:08.587+0000] {logging_mixin.py:188} INFO - [2024-05-26T09:31:08.587+0000] {dagbag.py:545} INFO - Filling up the DagBag from /usr/local/python/3.10.13/lib/python3.10/site-packages/airflow/example_dags/example_sensors.py
[2024-05-26T09:31:08.594+0000] {processor.py:840} INFO - DAG(s) 'example_sensors' retrieved from /usr/local/python/3.10.13/lib/python3.10/site-packages/airflow/example_dags/example_sensors.py
[2024-05-26T09:31:08.611+0000] {logging_mixin.py:188} INFO - [2024-05-26T09:31:08.611+0000] {dag.py:3096} INFO - Sync 1 DAGs
[2024-05-26T09:31:08.620+0000] {logging_mixin.py:188} INFO - [2024-05-26T09:31:08.620+0000] {dag.py:3954} INFO - Setting next_dagrun for example_sensors to None, run_after=None
[2024-05-26T09:31:08.656+0000] {processor.py:183} INFO - Processing /usr/local/python/3.10.13/lib/python3.10/site-packages/airflow/example_dags/example_sensors.py took 0.075 seconds
[2024-05-26T09:31:53.417+0000] {processor.py:161} INFO - Started process (PID=49283) to work on /usr/local/python/3.10.13/lib/python3.10/site-packages/airflow/example_dags/example_sensors.py
[2024-05-26T09:31:53.418+0000] {processor.py:830} INFO - Processing file /usr/local/python/3.10.13/lib/python3.10/site-packages/airflow/example_dags/example_sensors.py for tasks to queue
[2024-05-26T09:31:53.419+0000] {logging_mixin.py:188} INFO - [2024-05-26T09:31:53.419+0000] {dagbag.py:545} INFO - Filling up the DagBag from /usr/local/python/3.10.13/lib/python3.10/site-packages/airflow/example_dags/example_sensors.py
[2024-05-26T09:31:53.426+0000] {processor.py:840} INFO - DAG(s) 'example_sensors' retrieved from /usr/local/python/3.10.13/lib/python3.10/site-packages/airflow/example_dags/example_sensors.py
[2024-05-26T09:31:53.443+0000] {logging_mixin.py:188} INFO - [2024-05-26T09:31:53.443+0000] {dag.py:3096} INFO - Sync 1 DAGs
[2024-05-26T09:31:53.452+0000] {logging_mixin.py:188} INFO - [2024-05-26T09:31:53.452+0000] {dag.py:3954} INFO - Setting next_dagrun for example_sensors to None, run_after=None
[2024-05-26T09:31:53.488+0000] {processor.py:183} INFO - Processing /usr/local/python/3.10.13/lib/python3.10/site-packages/airflow/example_dags/example_sensors.py took 0.076 seconds
[2024-05-26T09:32:37.718+0000] {processor.py:161} INFO - Started process (PID=49588) to work on /usr/local/python/3.10.13/lib/python3.10/site-packages/airflow/example_dags/example_sensors.py
[2024-05-26T09:32:37.719+0000] {processor.py:830} INFO - Processing file /usr/local/python/3.10.13/lib/python3.10/site-packages/airflow/example_dags/example_sensors.py for tasks to queue
[2024-05-26T09:32:37.720+0000] {logging_mixin.py:188} INFO - [2024-05-26T09:32:37.720+0000] {dagbag.py:545} INFO - Filling up the DagBag from /usr/local/python/3.10.13/lib/python3.10/site-packages/airflow/example_dags/example_sensors.py
[2024-05-26T09:32:37.727+0000] {processor.py:840} INFO - DAG(s) 'example_sensors' retrieved from /usr/local/python/3.10.13/lib/python3.10/site-packages/airflow/example_dags/example_sensors.py
[2024-05-26T09:32:37.744+0000] {logging_mixin.py:188} INFO - [2024-05-26T09:32:37.743+0000] {dag.py:3096} INFO - Sync 1 DAGs
[2024-05-26T09:32:37.753+0000] {logging_mixin.py:188} INFO - [2024-05-26T09:32:37.753+0000] {dag.py:3954} INFO - Setting next_dagrun for example_sensors to None, run_after=None
[2024-05-26T09:32:37.788+0000] {processor.py:183} INFO - Processing /usr/local/python/3.10.13/lib/python3.10/site-packages/airflow/example_dags/example_sensors.py took 0.075 seconds
[2024-05-26T09:33:34.396+0000] {processor.py:161} INFO - Started process (PID=50003) to work on /usr/local/python/3.10.13/lib/python3.10/site-packages/airflow/example_dags/example_sensors.py
[2024-05-26T09:33:34.396+0000] {processor.py:830} INFO - Processing file /usr/local/python/3.10.13/lib/python3.10/site-packages/airflow/example_dags/example_sensors.py for tasks to queue
[2024-05-26T09:33:34.398+0000] {logging_mixin.py:188} INFO - [2024-05-26T09:33:34.397+0000] {dagbag.py:545} INFO - Filling up the DagBag from /usr/local/python/3.10.13/lib/python3.10/site-packages/airflow/example_dags/example_sensors.py
[2024-05-26T09:33:34.405+0000] {processor.py:840} INFO - DAG(s) 'example_sensors' retrieved from /usr/local/python/3.10.13/lib/python3.10/site-packages/airflow/example_dags/example_sensors.py
[2024-05-26T09:33:34.421+0000] {logging_mixin.py:188} INFO - [2024-05-26T09:33:34.421+0000] {dag.py:3096} INFO - Sync 1 DAGs
[2024-05-26T09:33:34.430+0000] {logging_mixin.py:188} INFO - [2024-05-26T09:33:34.430+0000] {dag.py:3954} INFO - Setting next_dagrun for example_sensors to None, run_after=None
[2024-05-26T09:33:34.466+0000] {processor.py:183} INFO - Processing /usr/local/python/3.10.13/lib/python3.10/site-packages/airflow/example_dags/example_sensors.py took 0.076 seconds
[2024-05-26T09:34:16.689+0000] {processor.py:161} INFO - Started process (PID=50298) to work on /usr/local/python/3.10.13/lib/python3.10/site-packages/airflow/example_dags/example_sensors.py
[2024-05-26T09:34:16.690+0000] {processor.py:830} INFO - Processing file /usr/local/python/3.10.13/lib/python3.10/site-packages/airflow/example_dags/example_sensors.py for tasks to queue
[2024-05-26T09:34:16.691+0000] {logging_mixin.py:188} INFO - [2024-05-26T09:34:16.691+0000] {dagbag.py:545} INFO - Filling up the DagBag from /usr/local/python/3.10.13/lib/python3.10/site-packages/airflow/example_dags/example_sensors.py
[2024-05-26T09:34:16.698+0000] {processor.py:840} INFO - DAG(s) 'example_sensors' retrieved from /usr/local/python/3.10.13/lib/python3.10/site-packages/airflow/example_dags/example_sensors.py
[2024-05-26T09:34:16.715+0000] {logging_mixin.py:188} INFO - [2024-05-26T09:34:16.715+0000] {dag.py:3096} INFO - Sync 1 DAGs
[2024-05-26T09:34:16.724+0000] {logging_mixin.py:188} INFO - [2024-05-26T09:34:16.724+0000] {dag.py:3954} INFO - Setting next_dagrun for example_sensors to None, run_after=None
[2024-05-26T09:34:16.759+0000] {processor.py:183} INFO - Processing /usr/local/python/3.10.13/lib/python3.10/site-packages/airflow/example_dags/example_sensors.py took 0.075 seconds
[2024-05-26T09:35:12.214+0000] {processor.py:161} INFO - Started process (PID=50673) to work on /usr/local/python/3.10.13/lib/python3.10/site-packages/airflow/example_dags/example_sensors.py
[2024-05-26T09:35:12.215+0000] {processor.py:830} INFO - Processing file /usr/local/python/3.10.13/lib/python3.10/site-packages/airflow/example_dags/example_sensors.py for tasks to queue
[2024-05-26T09:35:12.216+0000] {logging_mixin.py:188} INFO - [2024-05-26T09:35:12.216+0000] {dagbag.py:545} INFO - Filling up the DagBag from /usr/local/python/3.10.13/lib/python3.10/site-packages/airflow/example_dags/example_sensors.py
[2024-05-26T09:35:12.223+0000] {processor.py:840} INFO - DAG(s) 'example_sensors' retrieved from /usr/local/python/3.10.13/lib/python3.10/site-packages/airflow/example_dags/example_sensors.py
[2024-05-26T09:35:12.239+0000] {logging_mixin.py:188} INFO - [2024-05-26T09:35:12.239+0000] {dag.py:3096} INFO - Sync 1 DAGs
[2024-05-26T09:35:12.248+0000] {logging_mixin.py:188} INFO - [2024-05-26T09:35:12.248+0000] {dag.py:3954} INFO - Setting next_dagrun for example_sensors to None, run_after=None
[2024-05-26T09:35:12.285+0000] {processor.py:183} INFO - Processing /usr/local/python/3.10.13/lib/python3.10/site-packages/airflow/example_dags/example_sensors.py took 0.075 seconds
[2024-05-26T09:35:52.443+0000] {processor.py:161} INFO - Started process (PID=50967) to work on /usr/local/python/3.10.13/lib/python3.10/site-packages/airflow/example_dags/example_sensors.py
[2024-05-26T09:35:52.444+0000] {processor.py:830} INFO - Processing file /usr/local/python/3.10.13/lib/python3.10/site-packages/airflow/example_dags/example_sensors.py for tasks to queue
[2024-05-26T09:35:52.445+0000] {logging_mixin.py:188} INFO - [2024-05-26T09:35:52.445+0000] {dagbag.py:545} INFO - Filling up the DagBag from /usr/local/python/3.10.13/lib/python3.10/site-packages/airflow/example_dags/example_sensors.py
[2024-05-26T09:35:52.453+0000] {processor.py:840} INFO - DAG(s) 'example_sensors' retrieved from /usr/local/python/3.10.13/lib/python3.10/site-packages/airflow/example_dags/example_sensors.py
[2024-05-26T09:35:52.469+0000] {logging_mixin.py:188} INFO - [2024-05-26T09:35:52.469+0000] {dag.py:3096} INFO - Sync 1 DAGs
[2024-05-26T09:35:52.479+0000] {logging_mixin.py:188} INFO - [2024-05-26T09:35:52.479+0000] {dag.py:3954} INFO - Setting next_dagrun for example_sensors to None, run_after=None
[2024-05-26T09:35:52.518+0000] {processor.py:183} INFO - Processing /usr/local/python/3.10.13/lib/python3.10/site-packages/airflow/example_dags/example_sensors.py took 0.080 seconds
[2024-05-26T09:36:35.467+0000] {processor.py:161} INFO - Started process (PID=51281) to work on /usr/local/python/3.10.13/lib/python3.10/site-packages/airflow/example_dags/example_sensors.py
[2024-05-26T09:36:35.468+0000] {processor.py:830} INFO - Processing file /usr/local/python/3.10.13/lib/python3.10/site-packages/airflow/example_dags/example_sensors.py for tasks to queue
[2024-05-26T09:36:35.469+0000] {logging_mixin.py:188} INFO - [2024-05-26T09:36:35.469+0000] {dagbag.py:545} INFO - Filling up the DagBag from /usr/local/python/3.10.13/lib/python3.10/site-packages/airflow/example_dags/example_sensors.py
[2024-05-26T09:36:35.477+0000] {processor.py:840} INFO - DAG(s) 'example_sensors' retrieved from /usr/local/python/3.10.13/lib/python3.10/site-packages/airflow/example_dags/example_sensors.py
[2024-05-26T09:36:35.494+0000] {logging_mixin.py:188} INFO - [2024-05-26T09:36:35.494+0000] {dag.py:3096} INFO - Sync 1 DAGs
[2024-05-26T09:36:35.503+0000] {logging_mixin.py:188} INFO - [2024-05-26T09:36:35.503+0000] {dag.py:3954} INFO - Setting next_dagrun for example_sensors to None, run_after=None
[2024-05-26T09:36:35.540+0000] {processor.py:183} INFO - Processing /usr/local/python/3.10.13/lib/python3.10/site-packages/airflow/example_dags/example_sensors.py took 0.077 seconds
[2024-05-26T09:37:20.383+0000] {processor.py:161} INFO - Started process (PID=51576) to work on /usr/local/python/3.10.13/lib/python3.10/site-packages/airflow/example_dags/example_sensors.py
[2024-05-26T09:37:20.384+0000] {processor.py:830} INFO - Processing file /usr/local/python/3.10.13/lib/python3.10/site-packages/airflow/example_dags/example_sensors.py for tasks to queue
[2024-05-26T09:37:20.385+0000] {logging_mixin.py:188} INFO - [2024-05-26T09:37:20.385+0000] {dagbag.py:545} INFO - Filling up the DagBag from /usr/local/python/3.10.13/lib/python3.10/site-packages/airflow/example_dags/example_sensors.py
[2024-05-26T09:37:20.392+0000] {processor.py:840} INFO - DAG(s) 'example_sensors' retrieved from /usr/local/python/3.10.13/lib/python3.10/site-packages/airflow/example_dags/example_sensors.py
[2024-05-26T09:37:20.409+0000] {logging_mixin.py:188} INFO - [2024-05-26T09:37:20.409+0000] {dag.py:3096} INFO - Sync 1 DAGs
[2024-05-26T09:37:20.422+0000] {logging_mixin.py:188} INFO - [2024-05-26T09:37:20.422+0000] {dag.py:3954} INFO - Setting next_dagrun for example_sensors to None, run_after=None
[2024-05-26T09:37:20.471+0000] {processor.py:183} INFO - Processing /usr/local/python/3.10.13/lib/python3.10/site-packages/airflow/example_dags/example_sensors.py took 0.093 seconds
[2024-05-26T09:38:03.056+0000] {processor.py:161} INFO - Started process (PID=51870) to work on /usr/local/python/3.10.13/lib/python3.10/site-packages/airflow/example_dags/example_sensors.py
[2024-05-26T09:38:03.056+0000] {processor.py:830} INFO - Processing file /usr/local/python/3.10.13/lib/python3.10/site-packages/airflow/example_dags/example_sensors.py for tasks to queue
[2024-05-26T09:38:03.058+0000] {logging_mixin.py:188} INFO - [2024-05-26T09:38:03.057+0000] {dagbag.py:545} INFO - Filling up the DagBag from /usr/local/python/3.10.13/lib/python3.10/site-packages/airflow/example_dags/example_sensors.py
[2024-05-26T09:38:03.065+0000] {processor.py:840} INFO - DAG(s) 'example_sensors' retrieved from /usr/local/python/3.10.13/lib/python3.10/site-packages/airflow/example_dags/example_sensors.py
[2024-05-26T09:38:03.082+0000] {logging_mixin.py:188} INFO - [2024-05-26T09:38:03.082+0000] {dag.py:3096} INFO - Sync 1 DAGs
[2024-05-26T09:38:03.091+0000] {logging_mixin.py:188} INFO - [2024-05-26T09:38:03.091+0000] {dag.py:3954} INFO - Setting next_dagrun for example_sensors to None, run_after=None
[2024-05-26T09:38:03.130+0000] {processor.py:183} INFO - Processing /usr/local/python/3.10.13/lib/python3.10/site-packages/airflow/example_dags/example_sensors.py took 0.080 seconds
[2024-05-26T09:38:57.484+0000] {processor.py:161} INFO - Started process (PID=52264) to work on /usr/local/python/3.10.13/lib/python3.10/site-packages/airflow/example_dags/example_sensors.py
[2024-05-26T09:38:57.484+0000] {processor.py:830} INFO - Processing file /usr/local/python/3.10.13/lib/python3.10/site-packages/airflow/example_dags/example_sensors.py for tasks to queue
[2024-05-26T09:38:57.485+0000] {logging_mixin.py:188} INFO - [2024-05-26T09:38:57.485+0000] {dagbag.py:545} INFO - Filling up the DagBag from /usr/local/python/3.10.13/lib/python3.10/site-packages/airflow/example_dags/example_sensors.py
[2024-05-26T09:38:57.493+0000] {processor.py:840} INFO - DAG(s) 'example_sensors' retrieved from /usr/local/python/3.10.13/lib/python3.10/site-packages/airflow/example_dags/example_sensors.py
[2024-05-26T09:38:57.509+0000] {logging_mixin.py:188} INFO - [2024-05-26T09:38:57.509+0000] {dag.py:3096} INFO - Sync 1 DAGs
[2024-05-26T09:38:57.519+0000] {logging_mixin.py:188} INFO - [2024-05-26T09:38:57.518+0000] {dag.py:3954} INFO - Setting next_dagrun for example_sensors to None, run_after=None
[2024-05-26T09:38:57.565+0000] {processor.py:183} INFO - Processing /usr/local/python/3.10.13/lib/python3.10/site-packages/airflow/example_dags/example_sensors.py took 0.087 seconds
[2024-05-26T09:39:58.812+0000] {processor.py:161} INFO - Started process (PID=52691) to work on /usr/local/python/3.10.13/lib/python3.10/site-packages/airflow/example_dags/example_sensors.py
[2024-05-26T09:39:58.813+0000] {processor.py:830} INFO - Processing file /usr/local/python/3.10.13/lib/python3.10/site-packages/airflow/example_dags/example_sensors.py for tasks to queue
[2024-05-26T09:39:58.814+0000] {logging_mixin.py:188} INFO - [2024-05-26T09:39:58.814+0000] {dagbag.py:545} INFO - Filling up the DagBag from /usr/local/python/3.10.13/lib/python3.10/site-packages/airflow/example_dags/example_sensors.py
[2024-05-26T09:39:58.821+0000] {processor.py:840} INFO - DAG(s) 'example_sensors' retrieved from /usr/local/python/3.10.13/lib/python3.10/site-packages/airflow/example_dags/example_sensors.py
[2024-05-26T09:39:58.838+0000] {logging_mixin.py:188} INFO - [2024-05-26T09:39:58.838+0000] {dag.py:3096} INFO - Sync 1 DAGs
[2024-05-26T09:39:58.846+0000] {logging_mixin.py:188} INFO - [2024-05-26T09:39:58.846+0000] {dag.py:3954} INFO - Setting next_dagrun for example_sensors to None, run_after=None
[2024-05-26T09:39:58.883+0000] {processor.py:183} INFO - Processing /usr/local/python/3.10.13/lib/python3.10/site-packages/airflow/example_dags/example_sensors.py took 0.075 seconds
[2024-05-26T09:40:42.471+0000] {processor.py:161} INFO - Started process (PID=52989) to work on /usr/local/python/3.10.13/lib/python3.10/site-packages/airflow/example_dags/example_sensors.py
[2024-05-26T09:40:42.472+0000] {processor.py:830} INFO - Processing file /usr/local/python/3.10.13/lib/python3.10/site-packages/airflow/example_dags/example_sensors.py for tasks to queue
[2024-05-26T09:40:42.473+0000] {logging_mixin.py:188} INFO - [2024-05-26T09:40:42.473+0000] {dagbag.py:545} INFO - Filling up the DagBag from /usr/local/python/3.10.13/lib/python3.10/site-packages/airflow/example_dags/example_sensors.py
[2024-05-26T09:40:42.480+0000] {processor.py:840} INFO - DAG(s) 'example_sensors' retrieved from /usr/local/python/3.10.13/lib/python3.10/site-packages/airflow/example_dags/example_sensors.py
[2024-05-26T09:40:42.496+0000] {logging_mixin.py:188} INFO - [2024-05-26T09:40:42.496+0000] {dag.py:3096} INFO - Sync 1 DAGs
[2024-05-26T09:40:42.505+0000] {logging_mixin.py:188} INFO - [2024-05-26T09:40:42.505+0000] {dag.py:3954} INFO - Setting next_dagrun for example_sensors to None, run_after=None
[2024-05-26T09:40:42.543+0000] {processor.py:183} INFO - Processing /usr/local/python/3.10.13/lib/python3.10/site-packages/airflow/example_dags/example_sensors.py took 0.076 seconds
[2024-05-26T09:41:44.364+0000] {processor.py:161} INFO - Started process (PID=53418) to work on /usr/local/python/3.10.13/lib/python3.10/site-packages/airflow/example_dags/example_sensors.py
[2024-05-26T09:41:44.365+0000] {processor.py:830} INFO - Processing file /usr/local/python/3.10.13/lib/python3.10/site-packages/airflow/example_dags/example_sensors.py for tasks to queue
[2024-05-26T09:41:44.366+0000] {logging_mixin.py:188} INFO - [2024-05-26T09:41:44.366+0000] {dagbag.py:545} INFO - Filling up the DagBag from /usr/local/python/3.10.13/lib/python3.10/site-packages/airflow/example_dags/example_sensors.py
[2024-05-26T09:41:44.373+0000] {processor.py:840} INFO - DAG(s) 'example_sensors' retrieved from /usr/local/python/3.10.13/lib/python3.10/site-packages/airflow/example_dags/example_sensors.py
[2024-05-26T09:41:44.389+0000] {logging_mixin.py:188} INFO - [2024-05-26T09:41:44.389+0000] {dag.py:3096} INFO - Sync 1 DAGs
[2024-05-26T09:41:44.398+0000] {logging_mixin.py:188} INFO - [2024-05-26T09:41:44.398+0000] {dag.py:3954} INFO - Setting next_dagrun for example_sensors to None, run_after=None
[2024-05-26T09:41:44.432+0000] {processor.py:183} INFO - Processing /usr/local/python/3.10.13/lib/python3.10/site-packages/airflow/example_dags/example_sensors.py took 0.073 seconds
[2024-05-26T09:42:25.593+0000] {processor.py:161} INFO - Started process (PID=53699) to work on /usr/local/python/3.10.13/lib/python3.10/site-packages/airflow/example_dags/example_sensors.py
[2024-05-26T09:42:25.594+0000] {processor.py:830} INFO - Processing file /usr/local/python/3.10.13/lib/python3.10/site-packages/airflow/example_dags/example_sensors.py for tasks to queue
[2024-05-26T09:42:25.595+0000] {logging_mixin.py:188} INFO - [2024-05-26T09:42:25.595+0000] {dagbag.py:545} INFO - Filling up the DagBag from /usr/local/python/3.10.13/lib/python3.10/site-packages/airflow/example_dags/example_sensors.py
[2024-05-26T09:42:25.603+0000] {processor.py:840} INFO - DAG(s) 'example_sensors' retrieved from /usr/local/python/3.10.13/lib/python3.10/site-packages/airflow/example_dags/example_sensors.py
[2024-05-26T09:42:25.619+0000] {logging_mixin.py:188} INFO - [2024-05-26T09:42:25.619+0000] {dag.py:3096} INFO - Sync 1 DAGs
[2024-05-26T09:42:25.628+0000] {logging_mixin.py:188} INFO - [2024-05-26T09:42:25.628+0000] {dag.py:3954} INFO - Setting next_dagrun for example_sensors to None, run_after=None
[2024-05-26T09:42:25.666+0000] {processor.py:183} INFO - Processing /usr/local/python/3.10.13/lib/python3.10/site-packages/airflow/example_dags/example_sensors.py took 0.078 seconds
[2024-05-26T09:43:25.005+0000] {processor.py:161} INFO - Started process (PID=54123) to work on /usr/local/python/3.10.13/lib/python3.10/site-packages/airflow/example_dags/example_sensors.py
[2024-05-26T09:43:25.005+0000] {processor.py:830} INFO - Processing file /usr/local/python/3.10.13/lib/python3.10/site-packages/airflow/example_dags/example_sensors.py for tasks to queue
[2024-05-26T09:43:25.007+0000] {logging_mixin.py:188} INFO - [2024-05-26T09:43:25.006+0000] {dagbag.py:545} INFO - Filling up the DagBag from /usr/local/python/3.10.13/lib/python3.10/site-packages/airflow/example_dags/example_sensors.py
[2024-05-26T09:43:25.014+0000] {processor.py:840} INFO - DAG(s) 'example_sensors' retrieved from /usr/local/python/3.10.13/lib/python3.10/site-packages/airflow/example_dags/example_sensors.py
[2024-05-26T09:43:25.030+0000] {logging_mixin.py:188} INFO - [2024-05-26T09:43:25.030+0000] {dag.py:3096} INFO - Sync 1 DAGs
[2024-05-26T09:43:25.039+0000] {logging_mixin.py:188} INFO - [2024-05-26T09:43:25.039+0000] {dag.py:3954} INFO - Setting next_dagrun for example_sensors to None, run_after=None
[2024-05-26T09:43:25.076+0000] {processor.py:183} INFO - Processing /usr/local/python/3.10.13/lib/python3.10/site-packages/airflow/example_dags/example_sensors.py took 0.077 seconds
[2024-05-26T09:44:23.599+0000] {processor.py:161} INFO - Started process (PID=54642) to work on /usr/local/python/3.10.13/lib/python3.10/site-packages/airflow/example_dags/example_sensors.py
[2024-05-26T09:44:23.600+0000] {processor.py:830} INFO - Processing file /usr/local/python/3.10.13/lib/python3.10/site-packages/airflow/example_dags/example_sensors.py for tasks to queue
[2024-05-26T09:44:23.601+0000] {logging_mixin.py:188} INFO - [2024-05-26T09:44:23.601+0000] {dagbag.py:545} INFO - Filling up the DagBag from /usr/local/python/3.10.13/lib/python3.10/site-packages/airflow/example_dags/example_sensors.py
[2024-05-26T09:44:23.608+0000] {processor.py:840} INFO - DAG(s) 'example_sensors' retrieved from /usr/local/python/3.10.13/lib/python3.10/site-packages/airflow/example_dags/example_sensors.py
[2024-05-26T09:44:23.624+0000] {logging_mixin.py:188} INFO - [2024-05-26T09:44:23.624+0000] {dag.py:3096} INFO - Sync 1 DAGs
[2024-05-26T09:44:23.633+0000] {logging_mixin.py:188} INFO - [2024-05-26T09:44:23.633+0000] {dag.py:3954} INFO - Setting next_dagrun for example_sensors to None, run_after=None
[2024-05-26T09:44:23.676+0000] {processor.py:183} INFO - Processing /usr/local/python/3.10.13/lib/python3.10/site-packages/airflow/example_dags/example_sensors.py took 0.081 seconds
[2024-05-26T09:45:07.253+0000] {processor.py:161} INFO - Started process (PID=55070) to work on /usr/local/python/3.10.13/lib/python3.10/site-packages/airflow/example_dags/example_sensors.py
[2024-05-26T09:45:07.254+0000] {processor.py:830} INFO - Processing file /usr/local/python/3.10.13/lib/python3.10/site-packages/airflow/example_dags/example_sensors.py for tasks to queue
[2024-05-26T09:45:07.256+0000] {logging_mixin.py:188} INFO - [2024-05-26T09:45:07.255+0000] {dagbag.py:545} INFO - Filling up the DagBag from /usr/local/python/3.10.13/lib/python3.10/site-packages/airflow/example_dags/example_sensors.py
[2024-05-26T09:45:07.263+0000] {processor.py:840} INFO - DAG(s) 'example_sensors' retrieved from /usr/local/python/3.10.13/lib/python3.10/site-packages/airflow/example_dags/example_sensors.py
[2024-05-26T09:45:07.279+0000] {logging_mixin.py:188} INFO - [2024-05-26T09:45:07.279+0000] {dag.py:3096} INFO - Sync 1 DAGs
[2024-05-26T09:45:07.289+0000] {logging_mixin.py:188} INFO - [2024-05-26T09:45:07.289+0000] {dag.py:3954} INFO - Setting next_dagrun for example_sensors to None, run_after=None
[2024-05-26T09:45:07.336+0000] {processor.py:183} INFO - Processing /usr/local/python/3.10.13/lib/python3.10/site-packages/airflow/example_dags/example_sensors.py took 0.089 seconds
[2024-05-26T09:45:48.363+0000] {processor.py:161} INFO - Started process (PID=55625) to work on /usr/local/python/3.10.13/lib/python3.10/site-packages/airflow/example_dags/example_sensors.py
[2024-05-26T09:45:48.364+0000] {processor.py:830} INFO - Processing file /usr/local/python/3.10.13/lib/python3.10/site-packages/airflow/example_dags/example_sensors.py for tasks to queue
[2024-05-26T09:45:48.365+0000] {logging_mixin.py:188} INFO - [2024-05-26T09:45:48.365+0000] {dagbag.py:545} INFO - Filling up the DagBag from /usr/local/python/3.10.13/lib/python3.10/site-packages/airflow/example_dags/example_sensors.py
[2024-05-26T09:45:48.377+0000] {processor.py:840} INFO - DAG(s) 'example_sensors' retrieved from /usr/local/python/3.10.13/lib/python3.10/site-packages/airflow/example_dags/example_sensors.py
[2024-05-26T09:45:48.395+0000] {logging_mixin.py:188} INFO - [2024-05-26T09:45:48.395+0000] {dag.py:3096} INFO - Sync 1 DAGs
[2024-05-26T09:45:48.404+0000] {logging_mixin.py:188} INFO - [2024-05-26T09:45:48.404+0000] {dag.py:3954} INFO - Setting next_dagrun for example_sensors to None, run_after=None
[2024-05-26T09:45:48.447+0000] {processor.py:183} INFO - Processing /usr/local/python/3.10.13/lib/python3.10/site-packages/airflow/example_dags/example_sensors.py took 0.089 seconds
[2024-05-26T09:46:47.827+0000] {processor.py:161} INFO - Started process (PID=56386) to work on /usr/local/python/3.10.13/lib/python3.10/site-packages/airflow/example_dags/example_sensors.py
[2024-05-26T09:46:47.828+0000] {processor.py:830} INFO - Processing file /usr/local/python/3.10.13/lib/python3.10/site-packages/airflow/example_dags/example_sensors.py for tasks to queue
[2024-05-26T09:46:47.829+0000] {logging_mixin.py:188} INFO - [2024-05-26T09:46:47.828+0000] {dagbag.py:545} INFO - Filling up the DagBag from /usr/local/python/3.10.13/lib/python3.10/site-packages/airflow/example_dags/example_sensors.py
[2024-05-26T09:46:47.836+0000] {processor.py:840} INFO - DAG(s) 'example_sensors' retrieved from /usr/local/python/3.10.13/lib/python3.10/site-packages/airflow/example_dags/example_sensors.py
[2024-05-26T09:46:47.854+0000] {logging_mixin.py:188} INFO - [2024-05-26T09:46:47.854+0000] {dag.py:3096} INFO - Sync 1 DAGs
[2024-05-26T09:46:47.863+0000] {logging_mixin.py:188} INFO - [2024-05-26T09:46:47.863+0000] {dag.py:3954} INFO - Setting next_dagrun for example_sensors to None, run_after=None
[2024-05-26T09:46:47.900+0000] {processor.py:183} INFO - Processing /usr/local/python/3.10.13/lib/python3.10/site-packages/airflow/example_dags/example_sensors.py took 0.078 seconds
[2024-05-26T09:47:46.126+0000] {processor.py:161} INFO - Started process (PID=57116) to work on /usr/local/python/3.10.13/lib/python3.10/site-packages/airflow/example_dags/example_sensors.py
[2024-05-26T09:47:46.127+0000] {processor.py:830} INFO - Processing file /usr/local/python/3.10.13/lib/python3.10/site-packages/airflow/example_dags/example_sensors.py for tasks to queue
[2024-05-26T09:47:46.129+0000] {logging_mixin.py:188} INFO - [2024-05-26T09:47:46.129+0000] {dagbag.py:545} INFO - Filling up the DagBag from /usr/local/python/3.10.13/lib/python3.10/site-packages/airflow/example_dags/example_sensors.py
[2024-05-26T09:47:46.143+0000] {processor.py:840} INFO - DAG(s) 'example_sensors' retrieved from /usr/local/python/3.10.13/lib/python3.10/site-packages/airflow/example_dags/example_sensors.py
[2024-05-26T09:47:46.170+0000] {logging_mixin.py:188} INFO - [2024-05-26T09:47:46.170+0000] {dag.py:3096} INFO - Sync 1 DAGs
[2024-05-26T09:47:46.186+0000] {logging_mixin.py:188} INFO - [2024-05-26T09:47:46.185+0000] {dag.py:3954} INFO - Setting next_dagrun for example_sensors to None, run_after=None
[2024-05-26T09:47:46.226+0000] {processor.py:183} INFO - Processing /usr/local/python/3.10.13/lib/python3.10/site-packages/airflow/example_dags/example_sensors.py took 0.106 seconds
[2024-05-26T09:48:48.042+0000] {processor.py:161} INFO - Started process (PID=57763) to work on /usr/local/python/3.10.13/lib/python3.10/site-packages/airflow/example_dags/example_sensors.py
[2024-05-26T09:48:48.043+0000] {processor.py:830} INFO - Processing file /usr/local/python/3.10.13/lib/python3.10/site-packages/airflow/example_dags/example_sensors.py for tasks to queue
[2024-05-26T09:48:48.044+0000] {logging_mixin.py:188} INFO - [2024-05-26T09:48:48.044+0000] {dagbag.py:545} INFO - Filling up the DagBag from /usr/local/python/3.10.13/lib/python3.10/site-packages/airflow/example_dags/example_sensors.py
[2024-05-26T09:48:48.051+0000] {processor.py:840} INFO - DAG(s) 'example_sensors' retrieved from /usr/local/python/3.10.13/lib/python3.10/site-packages/airflow/example_dags/example_sensors.py
[2024-05-26T09:48:48.068+0000] {logging_mixin.py:188} INFO - [2024-05-26T09:48:48.068+0000] {dag.py:3096} INFO - Sync 1 DAGs
[2024-05-26T09:48:48.077+0000] {logging_mixin.py:188} INFO - [2024-05-26T09:48:48.077+0000] {dag.py:3954} INFO - Setting next_dagrun for example_sensors to None, run_after=None
[2024-05-26T09:48:48.127+0000] {processor.py:183} INFO - Processing /usr/local/python/3.10.13/lib/python3.10/site-packages/airflow/example_dags/example_sensors.py took 0.090 seconds
[2024-05-26T09:49:30.153+0000] {processor.py:161} INFO - Started process (PID=58199) to work on /usr/local/python/3.10.13/lib/python3.10/site-packages/airflow/example_dags/example_sensors.py
[2024-05-26T09:49:30.154+0000] {processor.py:830} INFO - Processing file /usr/local/python/3.10.13/lib/python3.10/site-packages/airflow/example_dags/example_sensors.py for tasks to queue
[2024-05-26T09:49:30.155+0000] {logging_mixin.py:188} INFO - [2024-05-26T09:49:30.155+0000] {dagbag.py:545} INFO - Filling up the DagBag from /usr/local/python/3.10.13/lib/python3.10/site-packages/airflow/example_dags/example_sensors.py
[2024-05-26T09:49:30.162+0000] {processor.py:840} INFO - DAG(s) 'example_sensors' retrieved from /usr/local/python/3.10.13/lib/python3.10/site-packages/airflow/example_dags/example_sensors.py
[2024-05-26T09:49:30.179+0000] {logging_mixin.py:188} INFO - [2024-05-26T09:49:30.179+0000] {dag.py:3096} INFO - Sync 1 DAGs
[2024-05-26T09:49:30.188+0000] {logging_mixin.py:188} INFO - [2024-05-26T09:49:30.188+0000] {dag.py:3954} INFO - Setting next_dagrun for example_sensors to None, run_after=None
[2024-05-26T09:49:30.225+0000] {processor.py:183} INFO - Processing /usr/local/python/3.10.13/lib/python3.10/site-packages/airflow/example_dags/example_sensors.py took 0.076 seconds
[2024-05-26T09:50:11.546+0000] {processor.py:161} INFO - Started process (PID=58592) to work on /usr/local/python/3.10.13/lib/python3.10/site-packages/airflow/example_dags/example_sensors.py
[2024-05-26T09:50:11.547+0000] {processor.py:830} INFO - Processing file /usr/local/python/3.10.13/lib/python3.10/site-packages/airflow/example_dags/example_sensors.py for tasks to queue
[2024-05-26T09:50:11.549+0000] {logging_mixin.py:188} INFO - [2024-05-26T09:50:11.548+0000] {dagbag.py:545} INFO - Filling up the DagBag from /usr/local/python/3.10.13/lib/python3.10/site-packages/airflow/example_dags/example_sensors.py
[2024-05-26T09:50:11.556+0000] {processor.py:840} INFO - DAG(s) 'example_sensors' retrieved from /usr/local/python/3.10.13/lib/python3.10/site-packages/airflow/example_dags/example_sensors.py
[2024-05-26T09:50:11.577+0000] {logging_mixin.py:188} INFO - [2024-05-26T09:50:11.576+0000] {dag.py:3096} INFO - Sync 1 DAGs
[2024-05-26T09:50:11.589+0000] {logging_mixin.py:188} INFO - [2024-05-26T09:50:11.589+0000] {dag.py:3954} INFO - Setting next_dagrun for example_sensors to None, run_after=None
[2024-05-26T09:50:11.627+0000] {processor.py:183} INFO - Processing /usr/local/python/3.10.13/lib/python3.10/site-packages/airflow/example_dags/example_sensors.py took 0.085 seconds
[2024-05-26T09:50:52.722+0000] {processor.py:161} INFO - Started process (PID=58932) to work on /usr/local/python/3.10.13/lib/python3.10/site-packages/airflow/example_dags/example_sensors.py
[2024-05-26T09:50:52.723+0000] {processor.py:830} INFO - Processing file /usr/local/python/3.10.13/lib/python3.10/site-packages/airflow/example_dags/example_sensors.py for tasks to queue
[2024-05-26T09:50:52.724+0000] {logging_mixin.py:188} INFO - [2024-05-26T09:50:52.724+0000] {dagbag.py:545} INFO - Filling up the DagBag from /usr/local/python/3.10.13/lib/python3.10/site-packages/airflow/example_dags/example_sensors.py
[2024-05-26T09:50:52.731+0000] {processor.py:840} INFO - DAG(s) 'example_sensors' retrieved from /usr/local/python/3.10.13/lib/python3.10/site-packages/airflow/example_dags/example_sensors.py
[2024-05-26T09:50:52.748+0000] {logging_mixin.py:188} INFO - [2024-05-26T09:50:52.748+0000] {dag.py:3096} INFO - Sync 1 DAGs
[2024-05-26T09:50:52.758+0000] {logging_mixin.py:188} INFO - [2024-05-26T09:50:52.758+0000] {dag.py:3954} INFO - Setting next_dagrun for example_sensors to None, run_after=None
[2024-05-26T09:50:52.804+0000] {processor.py:183} INFO - Processing /usr/local/python/3.10.13/lib/python3.10/site-packages/airflow/example_dags/example_sensors.py took 0.087 seconds
[2024-05-26T09:51:35.168+0000] {processor.py:161} INFO - Started process (PID=59376) to work on /usr/local/python/3.10.13/lib/python3.10/site-packages/airflow/example_dags/example_sensors.py
[2024-05-26T09:51:35.169+0000] {processor.py:830} INFO - Processing file /usr/local/python/3.10.13/lib/python3.10/site-packages/airflow/example_dags/example_sensors.py for tasks to queue
[2024-05-26T09:51:35.170+0000] {logging_mixin.py:188} INFO - [2024-05-26T09:51:35.170+0000] {dagbag.py:545} INFO - Filling up the DagBag from /usr/local/python/3.10.13/lib/python3.10/site-packages/airflow/example_dags/example_sensors.py
[2024-05-26T09:51:35.177+0000] {processor.py:840} INFO - DAG(s) 'example_sensors' retrieved from /usr/local/python/3.10.13/lib/python3.10/site-packages/airflow/example_dags/example_sensors.py
[2024-05-26T09:51:35.194+0000] {logging_mixin.py:188} INFO - [2024-05-26T09:51:35.194+0000] {dag.py:3096} INFO - Sync 1 DAGs
[2024-05-26T09:51:35.203+0000] {logging_mixin.py:188} INFO - [2024-05-26T09:51:35.203+0000] {dag.py:3954} INFO - Setting next_dagrun for example_sensors to None, run_after=None
[2024-05-26T09:51:35.240+0000] {processor.py:183} INFO - Processing /usr/local/python/3.10.13/lib/python3.10/site-packages/airflow/example_dags/example_sensors.py took 0.077 seconds
[2024-05-26T09:52:36.160+0000] {processor.py:161} INFO - Started process (PID=59967) to work on /usr/local/python/3.10.13/lib/python3.10/site-packages/airflow/example_dags/example_sensors.py
[2024-05-26T09:52:36.161+0000] {processor.py:830} INFO - Processing file /usr/local/python/3.10.13/lib/python3.10/site-packages/airflow/example_dags/example_sensors.py for tasks to queue
[2024-05-26T09:52:36.162+0000] {logging_mixin.py:188} INFO - [2024-05-26T09:52:36.162+0000] {dagbag.py:545} INFO - Filling up the DagBag from /usr/local/python/3.10.13/lib/python3.10/site-packages/airflow/example_dags/example_sensors.py
[2024-05-26T09:52:36.169+0000] {processor.py:840} INFO - DAG(s) 'example_sensors' retrieved from /usr/local/python/3.10.13/lib/python3.10/site-packages/airflow/example_dags/example_sensors.py
[2024-05-26T09:52:36.185+0000] {logging_mixin.py:188} INFO - [2024-05-26T09:52:36.185+0000] {dag.py:3096} INFO - Sync 1 DAGs
[2024-05-26T09:52:36.194+0000] {logging_mixin.py:188} INFO - [2024-05-26T09:52:36.194+0000] {dag.py:3954} INFO - Setting next_dagrun for example_sensors to None, run_after=None
[2024-05-26T09:52:36.231+0000] {processor.py:183} INFO - Processing /usr/local/python/3.10.13/lib/python3.10/site-packages/airflow/example_dags/example_sensors.py took 0.076 seconds
[2024-05-26T09:53:17.459+0000] {processor.py:161} INFO - Started process (PID=60282) to work on /usr/local/python/3.10.13/lib/python3.10/site-packages/airflow/example_dags/example_sensors.py
[2024-05-26T09:53:17.459+0000] {processor.py:830} INFO - Processing file /usr/local/python/3.10.13/lib/python3.10/site-packages/airflow/example_dags/example_sensors.py for tasks to queue
[2024-05-26T09:53:17.461+0000] {logging_mixin.py:188} INFO - [2024-05-26T09:53:17.460+0000] {dagbag.py:545} INFO - Filling up the DagBag from /usr/local/python/3.10.13/lib/python3.10/site-packages/airflow/example_dags/example_sensors.py
[2024-05-26T09:53:17.468+0000] {processor.py:840} INFO - DAG(s) 'example_sensors' retrieved from /usr/local/python/3.10.13/lib/python3.10/site-packages/airflow/example_dags/example_sensors.py
[2024-05-26T09:53:17.485+0000] {logging_mixin.py:188} INFO - [2024-05-26T09:53:17.484+0000] {dag.py:3096} INFO - Sync 1 DAGs
[2024-05-26T09:53:17.493+0000] {logging_mixin.py:188} INFO - [2024-05-26T09:53:17.493+0000] {dag.py:3954} INFO - Setting next_dagrun for example_sensors to None, run_after=None
[2024-05-26T09:53:17.529+0000] {processor.py:183} INFO - Processing /usr/local/python/3.10.13/lib/python3.10/site-packages/airflow/example_dags/example_sensors.py took 0.075 seconds
[2024-05-26T09:53:59.882+0000] {processor.py:161} INFO - Started process (PID=60610) to work on /usr/local/python/3.10.13/lib/python3.10/site-packages/airflow/example_dags/example_sensors.py
[2024-05-26T09:53:59.883+0000] {processor.py:830} INFO - Processing file /usr/local/python/3.10.13/lib/python3.10/site-packages/airflow/example_dags/example_sensors.py for tasks to queue
[2024-05-26T09:53:59.884+0000] {logging_mixin.py:188} INFO - [2024-05-26T09:53:59.884+0000] {dagbag.py:545} INFO - Filling up the DagBag from /usr/local/python/3.10.13/lib/python3.10/site-packages/airflow/example_dags/example_sensors.py
[2024-05-26T09:53:59.891+0000] {processor.py:840} INFO - DAG(s) 'example_sensors' retrieved from /usr/local/python/3.10.13/lib/python3.10/site-packages/airflow/example_dags/example_sensors.py
[2024-05-26T09:53:59.908+0000] {logging_mixin.py:188} INFO - [2024-05-26T09:53:59.907+0000] {dag.py:3096} INFO - Sync 1 DAGs
[2024-05-26T09:53:59.917+0000] {logging_mixin.py:188} INFO - [2024-05-26T09:53:59.916+0000] {dag.py:3954} INFO - Setting next_dagrun for example_sensors to None, run_after=None
[2024-05-26T09:53:59.953+0000] {processor.py:183} INFO - Processing /usr/local/python/3.10.13/lib/python3.10/site-packages/airflow/example_dags/example_sensors.py took 0.076 seconds
[2024-05-26T09:54:44.523+0000] {processor.py:161} INFO - Started process (PID=61001) to work on /usr/local/python/3.10.13/lib/python3.10/site-packages/airflow/example_dags/example_sensors.py
[2024-05-26T09:54:44.524+0000] {processor.py:830} INFO - Processing file /usr/local/python/3.10.13/lib/python3.10/site-packages/airflow/example_dags/example_sensors.py for tasks to queue
[2024-05-26T09:54:44.525+0000] {logging_mixin.py:188} INFO - [2024-05-26T09:54:44.525+0000] {dagbag.py:545} INFO - Filling up the DagBag from /usr/local/python/3.10.13/lib/python3.10/site-packages/airflow/example_dags/example_sensors.py
[2024-05-26T09:54:44.532+0000] {processor.py:840} INFO - DAG(s) 'example_sensors' retrieved from /usr/local/python/3.10.13/lib/python3.10/site-packages/airflow/example_dags/example_sensors.py
[2024-05-26T09:54:44.550+0000] {logging_mixin.py:188} INFO - [2024-05-26T09:54:44.550+0000] {dag.py:3096} INFO - Sync 1 DAGs
[2024-05-26T09:54:44.562+0000] {logging_mixin.py:188} INFO - [2024-05-26T09:54:44.561+0000] {dag.py:3954} INFO - Setting next_dagrun for example_sensors to None, run_after=None
[2024-05-26T09:54:44.598+0000] {processor.py:183} INFO - Processing /usr/local/python/3.10.13/lib/python3.10/site-packages/airflow/example_dags/example_sensors.py took 0.080 seconds
[2024-05-26T09:55:26.710+0000] {processor.py:161} INFO - Started process (PID=61298) to work on /usr/local/python/3.10.13/lib/python3.10/site-packages/airflow/example_dags/example_sensors.py
[2024-05-26T09:55:26.711+0000] {processor.py:830} INFO - Processing file /usr/local/python/3.10.13/lib/python3.10/site-packages/airflow/example_dags/example_sensors.py for tasks to queue
[2024-05-26T09:55:26.712+0000] {logging_mixin.py:188} INFO - [2024-05-26T09:55:26.712+0000] {dagbag.py:545} INFO - Filling up the DagBag from /usr/local/python/3.10.13/lib/python3.10/site-packages/airflow/example_dags/example_sensors.py
[2024-05-26T09:55:26.719+0000] {processor.py:840} INFO - DAG(s) 'example_sensors' retrieved from /usr/local/python/3.10.13/lib/python3.10/site-packages/airflow/example_dags/example_sensors.py
[2024-05-26T09:55:26.736+0000] {logging_mixin.py:188} INFO - [2024-05-26T09:55:26.735+0000] {dag.py:3096} INFO - Sync 1 DAGs
[2024-05-26T09:55:26.745+0000] {logging_mixin.py:188} INFO - [2024-05-26T09:55:26.745+0000] {dag.py:3954} INFO - Setting next_dagrun for example_sensors to None, run_after=None
[2024-05-26T09:55:26.780+0000] {processor.py:183} INFO - Processing /usr/local/python/3.10.13/lib/python3.10/site-packages/airflow/example_dags/example_sensors.py took 0.075 seconds
