[2024-05-26T09:10:31.346+0000] {processor.py:161} INFO - Started process (PID=40031) to work on /usr/local/python/3.10.13/lib/python3.10/site-packages/airflow/example_dags/example_short_circuit_operator.py
[2024-05-26T09:10:31.346+0000] {processor.py:830} INFO - Processing file /usr/local/python/3.10.13/lib/python3.10/site-packages/airflow/example_dags/example_short_circuit_operator.py for tasks to queue
[2024-05-26T09:10:31.347+0000] {logging_mixin.py:188} INFO - [2024-05-26T09:10:31.347+0000] {dagbag.py:545} INFO - Filling up the DagBag from /usr/local/python/3.10.13/lib/python3.10/site-packages/airflow/example_dags/example_short_circuit_operator.py
[2024-05-26T09:10:31.353+0000] {processor.py:840} INFO - DAG(s) 'example_short_circuit_operator' retrieved from /usr/local/python/3.10.13/lib/python3.10/site-packages/airflow/example_dags/example_short_circuit_operator.py
[2024-05-26T09:10:31.374+0000] {logging_mixin.py:188} INFO - [2024-05-26T09:10:31.374+0000] {dag.py:3096} INFO - Sync 1 DAGs
[2024-05-26T09:10:31.388+0000] {logging_mixin.py:188} INFO - [2024-05-26T09:10:31.388+0000] {dag.py:3954} INFO - Setting next_dagrun for example_short_circuit_operator to 2024-05-25 00:00:00+00:00, run_after=2024-05-26 00:00:00+00:00
[2024-05-26T09:10:31.428+0000] {processor.py:183} INFO - Processing /usr/local/python/3.10.13/lib/python3.10/site-packages/airflow/example_dags/example_short_circuit_operator.py took 0.087 seconds
[2024-05-26T09:11:24.242+0000] {processor.py:161} INFO - Started process (PID=40462) to work on /usr/local/python/3.10.13/lib/python3.10/site-packages/airflow/example_dags/example_short_circuit_operator.py
[2024-05-26T09:11:24.243+0000] {processor.py:830} INFO - Processing file /usr/local/python/3.10.13/lib/python3.10/site-packages/airflow/example_dags/example_short_circuit_operator.py for tasks to queue
[2024-05-26T09:11:24.244+0000] {logging_mixin.py:188} INFO - [2024-05-26T09:11:24.244+0000] {dagbag.py:545} INFO - Filling up the DagBag from /usr/local/python/3.10.13/lib/python3.10/site-packages/airflow/example_dags/example_short_circuit_operator.py
[2024-05-26T09:11:24.250+0000] {processor.py:840} INFO - DAG(s) 'example_short_circuit_operator' retrieved from /usr/local/python/3.10.13/lib/python3.10/site-packages/airflow/example_dags/example_short_circuit_operator.py
[2024-05-26T09:11:24.265+0000] {logging_mixin.py:188} INFO - [2024-05-26T09:11:24.265+0000] {dag.py:3096} INFO - Sync 1 DAGs
[2024-05-26T09:11:24.280+0000] {logging_mixin.py:188} INFO - [2024-05-26T09:11:24.279+0000] {dag.py:3954} INFO - Setting next_dagrun for example_short_circuit_operator to 2024-05-25 00:00:00+00:00, run_after=2024-05-26 00:00:00+00:00
[2024-05-26T09:11:24.320+0000] {processor.py:183} INFO - Processing /usr/local/python/3.10.13/lib/python3.10/site-packages/airflow/example_dags/example_short_circuit_operator.py took 0.083 seconds
[2024-05-26T09:12:08.424+0000] {processor.py:161} INFO - Started process (PID=40763) to work on /usr/local/python/3.10.13/lib/python3.10/site-packages/airflow/example_dags/example_short_circuit_operator.py
[2024-05-26T09:12:08.425+0000] {processor.py:830} INFO - Processing file /usr/local/python/3.10.13/lib/python3.10/site-packages/airflow/example_dags/example_short_circuit_operator.py for tasks to queue
[2024-05-26T09:12:08.426+0000] {logging_mixin.py:188} INFO - [2024-05-26T09:12:08.426+0000] {dagbag.py:545} INFO - Filling up the DagBag from /usr/local/python/3.10.13/lib/python3.10/site-packages/airflow/example_dags/example_short_circuit_operator.py
[2024-05-26T09:12:08.432+0000] {processor.py:840} INFO - DAG(s) 'example_short_circuit_operator' retrieved from /usr/local/python/3.10.13/lib/python3.10/site-packages/airflow/example_dags/example_short_circuit_operator.py
[2024-05-26T09:12:08.446+0000] {logging_mixin.py:188} INFO - [2024-05-26T09:12:08.446+0000] {dag.py:3096} INFO - Sync 1 DAGs
[2024-05-26T09:12:08.462+0000] {logging_mixin.py:188} INFO - [2024-05-26T09:12:08.462+0000] {dag.py:3954} INFO - Setting next_dagrun for example_short_circuit_operator to 2024-05-25 00:00:00+00:00, run_after=2024-05-26 00:00:00+00:00
[2024-05-26T09:12:08.501+0000] {processor.py:183} INFO - Processing /usr/local/python/3.10.13/lib/python3.10/site-packages/airflow/example_dags/example_short_circuit_operator.py took 0.081 seconds
[2024-05-26T09:12:50.388+0000] {processor.py:161} INFO - Started process (PID=41154) to work on /usr/local/python/3.10.13/lib/python3.10/site-packages/airflow/example_dags/example_short_circuit_operator.py
[2024-05-26T09:12:50.388+0000] {processor.py:830} INFO - Processing file /usr/local/python/3.10.13/lib/python3.10/site-packages/airflow/example_dags/example_short_circuit_operator.py for tasks to queue
[2024-05-26T09:12:50.390+0000] {logging_mixin.py:188} INFO - [2024-05-26T09:12:50.389+0000] {dagbag.py:545} INFO - Filling up the DagBag from /usr/local/python/3.10.13/lib/python3.10/site-packages/airflow/example_dags/example_short_circuit_operator.py
[2024-05-26T09:12:50.396+0000] {processor.py:840} INFO - DAG(s) 'example_short_circuit_operator' retrieved from /usr/local/python/3.10.13/lib/python3.10/site-packages/airflow/example_dags/example_short_circuit_operator.py
[2024-05-26T09:12:50.411+0000] {logging_mixin.py:188} INFO - [2024-05-26T09:12:50.411+0000] {dag.py:3096} INFO - Sync 1 DAGs
[2024-05-26T09:12:50.426+0000] {logging_mixin.py:188} INFO - [2024-05-26T09:12:50.426+0000] {dag.py:3954} INFO - Setting next_dagrun for example_short_circuit_operator to 2024-05-25 00:00:00+00:00, run_after=2024-05-26 00:00:00+00:00
[2024-05-26T09:12:50.465+0000] {processor.py:183} INFO - Processing /usr/local/python/3.10.13/lib/python3.10/site-packages/airflow/example_dags/example_short_circuit_operator.py took 0.081 seconds
[2024-05-26T09:13:30.650+0000] {processor.py:161} INFO - Started process (PID=41451) to work on /usr/local/python/3.10.13/lib/python3.10/site-packages/airflow/example_dags/example_short_circuit_operator.py
[2024-05-26T09:13:30.652+0000] {processor.py:830} INFO - Processing file /usr/local/python/3.10.13/lib/python3.10/site-packages/airflow/example_dags/example_short_circuit_operator.py for tasks to queue
[2024-05-26T09:13:30.654+0000] {logging_mixin.py:188} INFO - [2024-05-26T09:13:30.653+0000] {dagbag.py:545} INFO - Filling up the DagBag from /usr/local/python/3.10.13/lib/python3.10/site-packages/airflow/example_dags/example_short_circuit_operator.py
[2024-05-26T09:13:30.663+0000] {processor.py:840} INFO - DAG(s) 'example_short_circuit_operator' retrieved from /usr/local/python/3.10.13/lib/python3.10/site-packages/airflow/example_dags/example_short_circuit_operator.py
[2024-05-26T09:13:30.678+0000] {logging_mixin.py:188} INFO - [2024-05-26T09:13:30.678+0000] {dag.py:3096} INFO - Sync 1 DAGs
[2024-05-26T09:13:30.693+0000] {logging_mixin.py:188} INFO - [2024-05-26T09:13:30.692+0000] {dag.py:3954} INFO - Setting next_dagrun for example_short_circuit_operator to 2024-05-25 00:00:00+00:00, run_after=2024-05-26 00:00:00+00:00
[2024-05-26T09:13:30.733+0000] {processor.py:183} INFO - Processing /usr/local/python/3.10.13/lib/python3.10/site-packages/airflow/example_dags/example_short_circuit_operator.py took 0.089 seconds
[2024-05-26T09:14:13.516+0000] {processor.py:161} INFO - Started process (PID=41811) to work on /usr/local/python/3.10.13/lib/python3.10/site-packages/airflow/example_dags/example_short_circuit_operator.py
[2024-05-26T09:14:13.517+0000] {processor.py:830} INFO - Processing file /usr/local/python/3.10.13/lib/python3.10/site-packages/airflow/example_dags/example_short_circuit_operator.py for tasks to queue
[2024-05-26T09:14:13.518+0000] {logging_mixin.py:188} INFO - [2024-05-26T09:14:13.518+0000] {dagbag.py:545} INFO - Filling up the DagBag from /usr/local/python/3.10.13/lib/python3.10/site-packages/airflow/example_dags/example_short_circuit_operator.py
[2024-05-26T09:14:13.524+0000] {processor.py:840} INFO - DAG(s) 'example_short_circuit_operator' retrieved from /usr/local/python/3.10.13/lib/python3.10/site-packages/airflow/example_dags/example_short_circuit_operator.py
[2024-05-26T09:14:13.539+0000] {logging_mixin.py:188} INFO - [2024-05-26T09:14:13.538+0000] {dag.py:3096} INFO - Sync 1 DAGs
[2024-05-26T09:14:13.554+0000] {logging_mixin.py:188} INFO - [2024-05-26T09:14:13.554+0000] {dag.py:3954} INFO - Setting next_dagrun for example_short_circuit_operator to 2024-05-25 00:00:00+00:00, run_after=2024-05-26 00:00:00+00:00
[2024-05-26T09:14:13.594+0000] {processor.py:183} INFO - Processing /usr/local/python/3.10.13/lib/python3.10/site-packages/airflow/example_dags/example_short_circuit_operator.py took 0.083 seconds
[2024-05-26T09:14:58.409+0000] {processor.py:161} INFO - Started process (PID=42115) to work on /usr/local/python/3.10.13/lib/python3.10/site-packages/airflow/example_dags/example_short_circuit_operator.py
[2024-05-26T09:14:58.410+0000] {processor.py:830} INFO - Processing file /usr/local/python/3.10.13/lib/python3.10/site-packages/airflow/example_dags/example_short_circuit_operator.py for tasks to queue
[2024-05-26T09:14:58.411+0000] {logging_mixin.py:188} INFO - [2024-05-26T09:14:58.411+0000] {dagbag.py:545} INFO - Filling up the DagBag from /usr/local/python/3.10.13/lib/python3.10/site-packages/airflow/example_dags/example_short_circuit_operator.py
[2024-05-26T09:14:58.417+0000] {processor.py:840} INFO - DAG(s) 'example_short_circuit_operator' retrieved from /usr/local/python/3.10.13/lib/python3.10/site-packages/airflow/example_dags/example_short_circuit_operator.py
[2024-05-26T09:14:58.432+0000] {logging_mixin.py:188} INFO - [2024-05-26T09:14:58.431+0000] {dag.py:3096} INFO - Sync 1 DAGs
[2024-05-26T09:14:58.447+0000] {logging_mixin.py:188} INFO - [2024-05-26T09:14:58.447+0000] {dag.py:3954} INFO - Setting next_dagrun for example_short_circuit_operator to 2024-05-25 00:00:00+00:00, run_after=2024-05-26 00:00:00+00:00
[2024-05-26T09:14:58.487+0000] {processor.py:183} INFO - Processing /usr/local/python/3.10.13/lib/python3.10/site-packages/airflow/example_dags/example_short_circuit_operator.py took 0.082 seconds
[2024-05-26T09:15:40.540+0000] {processor.py:161} INFO - Started process (PID=42402) to work on /usr/local/python/3.10.13/lib/python3.10/site-packages/airflow/example_dags/example_short_circuit_operator.py
[2024-05-26T09:15:40.541+0000] {processor.py:830} INFO - Processing file /usr/local/python/3.10.13/lib/python3.10/site-packages/airflow/example_dags/example_short_circuit_operator.py for tasks to queue
[2024-05-26T09:15:40.542+0000] {logging_mixin.py:188} INFO - [2024-05-26T09:15:40.542+0000] {dagbag.py:545} INFO - Filling up the DagBag from /usr/local/python/3.10.13/lib/python3.10/site-packages/airflow/example_dags/example_short_circuit_operator.py
[2024-05-26T09:15:40.548+0000] {processor.py:840} INFO - DAG(s) 'example_short_circuit_operator' retrieved from /usr/local/python/3.10.13/lib/python3.10/site-packages/airflow/example_dags/example_short_circuit_operator.py
[2024-05-26T09:15:40.563+0000] {logging_mixin.py:188} INFO - [2024-05-26T09:15:40.563+0000] {dag.py:3096} INFO - Sync 1 DAGs
[2024-05-26T09:15:40.578+0000] {logging_mixin.py:188} INFO - [2024-05-26T09:15:40.578+0000] {dag.py:3954} INFO - Setting next_dagrun for example_short_circuit_operator to 2024-05-25 00:00:00+00:00, run_after=2024-05-26 00:00:00+00:00
[2024-05-26T09:15:40.619+0000] {processor.py:183} INFO - Processing /usr/local/python/3.10.13/lib/python3.10/site-packages/airflow/example_dags/example_short_circuit_operator.py took 0.084 seconds
[2024-05-26T09:16:21.855+0000] {processor.py:161} INFO - Started process (PID=42692) to work on /usr/local/python/3.10.13/lib/python3.10/site-packages/airflow/example_dags/example_short_circuit_operator.py
[2024-05-26T09:16:21.856+0000] {processor.py:830} INFO - Processing file /usr/local/python/3.10.13/lib/python3.10/site-packages/airflow/example_dags/example_short_circuit_operator.py for tasks to queue
[2024-05-26T09:16:21.857+0000] {logging_mixin.py:188} INFO - [2024-05-26T09:16:21.857+0000] {dagbag.py:545} INFO - Filling up the DagBag from /usr/local/python/3.10.13/lib/python3.10/site-packages/airflow/example_dags/example_short_circuit_operator.py
[2024-05-26T09:16:21.863+0000] {processor.py:840} INFO - DAG(s) 'example_short_circuit_operator' retrieved from /usr/local/python/3.10.13/lib/python3.10/site-packages/airflow/example_dags/example_short_circuit_operator.py
[2024-05-26T09:16:21.878+0000] {logging_mixin.py:188} INFO - [2024-05-26T09:16:21.877+0000] {dag.py:3096} INFO - Sync 1 DAGs
[2024-05-26T09:16:21.892+0000] {logging_mixin.py:188} INFO - [2024-05-26T09:16:21.892+0000] {dag.py:3954} INFO - Setting next_dagrun for example_short_circuit_operator to 2024-05-25 00:00:00+00:00, run_after=2024-05-26 00:00:00+00:00
[2024-05-26T09:16:21.930+0000] {processor.py:183} INFO - Processing /usr/local/python/3.10.13/lib/python3.10/site-packages/airflow/example_dags/example_short_circuit_operator.py took 0.080 seconds
[2024-05-26T09:17:02.045+0000] {processor.py:161} INFO - Started process (PID=42974) to work on /usr/local/python/3.10.13/lib/python3.10/site-packages/airflow/example_dags/example_short_circuit_operator.py
[2024-05-26T09:17:02.046+0000] {processor.py:830} INFO - Processing file /usr/local/python/3.10.13/lib/python3.10/site-packages/airflow/example_dags/example_short_circuit_operator.py for tasks to queue
[2024-05-26T09:17:02.047+0000] {logging_mixin.py:188} INFO - [2024-05-26T09:17:02.047+0000] {dagbag.py:545} INFO - Filling up the DagBag from /usr/local/python/3.10.13/lib/python3.10/site-packages/airflow/example_dags/example_short_circuit_operator.py
[2024-05-26T09:17:02.053+0000] {processor.py:840} INFO - DAG(s) 'example_short_circuit_operator' retrieved from /usr/local/python/3.10.13/lib/python3.10/site-packages/airflow/example_dags/example_short_circuit_operator.py
[2024-05-26T09:17:02.067+0000] {logging_mixin.py:188} INFO - [2024-05-26T09:17:02.067+0000] {dag.py:3096} INFO - Sync 1 DAGs
[2024-05-26T09:17:02.082+0000] {logging_mixin.py:188} INFO - [2024-05-26T09:17:02.082+0000] {dag.py:3954} INFO - Setting next_dagrun for example_short_circuit_operator to 2024-05-25 00:00:00+00:00, run_after=2024-05-26 00:00:00+00:00
[2024-05-26T09:17:02.123+0000] {processor.py:183} INFO - Processing /usr/local/python/3.10.13/lib/python3.10/site-packages/airflow/example_dags/example_short_circuit_operator.py took 0.082 seconds
[2024-05-26T09:17:45.676+0000] {processor.py:161} INFO - Started process (PID=43283) to work on /usr/local/python/3.10.13/lib/python3.10/site-packages/airflow/example_dags/example_short_circuit_operator.py
[2024-05-26T09:17:45.677+0000] {processor.py:830} INFO - Processing file /usr/local/python/3.10.13/lib/python3.10/site-packages/airflow/example_dags/example_short_circuit_operator.py for tasks to queue
[2024-05-26T09:17:45.678+0000] {logging_mixin.py:188} INFO - [2024-05-26T09:17:45.678+0000] {dagbag.py:545} INFO - Filling up the DagBag from /usr/local/python/3.10.13/lib/python3.10/site-packages/airflow/example_dags/example_short_circuit_operator.py
[2024-05-26T09:17:45.684+0000] {processor.py:840} INFO - DAG(s) 'example_short_circuit_operator' retrieved from /usr/local/python/3.10.13/lib/python3.10/site-packages/airflow/example_dags/example_short_circuit_operator.py
[2024-05-26T09:17:45.699+0000] {logging_mixin.py:188} INFO - [2024-05-26T09:17:45.699+0000] {dag.py:3096} INFO - Sync 1 DAGs
[2024-05-26T09:17:45.714+0000] {logging_mixin.py:188} INFO - [2024-05-26T09:17:45.714+0000] {dag.py:3954} INFO - Setting next_dagrun for example_short_circuit_operator to 2024-05-25 00:00:00+00:00, run_after=2024-05-26 00:00:00+00:00
[2024-05-26T09:17:45.752+0000] {processor.py:183} INFO - Processing /usr/local/python/3.10.13/lib/python3.10/site-packages/airflow/example_dags/example_short_circuit_operator.py took 0.081 seconds
[2024-05-26T09:18:29.340+0000] {processor.py:161} INFO - Started process (PID=43579) to work on /usr/local/python/3.10.13/lib/python3.10/site-packages/airflow/example_dags/example_short_circuit_operator.py
[2024-05-26T09:18:29.341+0000] {processor.py:830} INFO - Processing file /usr/local/python/3.10.13/lib/python3.10/site-packages/airflow/example_dags/example_short_circuit_operator.py for tasks to queue
[2024-05-26T09:18:29.342+0000] {logging_mixin.py:188} INFO - [2024-05-26T09:18:29.342+0000] {dagbag.py:545} INFO - Filling up the DagBag from /usr/local/python/3.10.13/lib/python3.10/site-packages/airflow/example_dags/example_short_circuit_operator.py
[2024-05-26T09:18:29.348+0000] {processor.py:840} INFO - DAG(s) 'example_short_circuit_operator' retrieved from /usr/local/python/3.10.13/lib/python3.10/site-packages/airflow/example_dags/example_short_circuit_operator.py
[2024-05-26T09:18:29.363+0000] {logging_mixin.py:188} INFO - [2024-05-26T09:18:29.363+0000] {dag.py:3096} INFO - Sync 1 DAGs
[2024-05-26T09:18:29.378+0000] {logging_mixin.py:188} INFO - [2024-05-26T09:18:29.378+0000] {dag.py:3954} INFO - Setting next_dagrun for example_short_circuit_operator to 2024-05-25 00:00:00+00:00, run_after=2024-05-26 00:00:00+00:00
[2024-05-26T09:18:29.417+0000] {processor.py:183} INFO - Processing /usr/local/python/3.10.13/lib/python3.10/site-packages/airflow/example_dags/example_short_circuit_operator.py took 0.082 seconds
[2024-05-26T09:19:10.260+0000] {processor.py:161} INFO - Started process (PID=43923) to work on /usr/local/python/3.10.13/lib/python3.10/site-packages/airflow/example_dags/example_short_circuit_operator.py
[2024-05-26T09:19:10.261+0000] {processor.py:830} INFO - Processing file /usr/local/python/3.10.13/lib/python3.10/site-packages/airflow/example_dags/example_short_circuit_operator.py for tasks to queue
[2024-05-26T09:19:10.262+0000] {logging_mixin.py:188} INFO - [2024-05-26T09:19:10.262+0000] {dagbag.py:545} INFO - Filling up the DagBag from /usr/local/python/3.10.13/lib/python3.10/site-packages/airflow/example_dags/example_short_circuit_operator.py
[2024-05-26T09:19:10.268+0000] {processor.py:840} INFO - DAG(s) 'example_short_circuit_operator' retrieved from /usr/local/python/3.10.13/lib/python3.10/site-packages/airflow/example_dags/example_short_circuit_operator.py
[2024-05-26T09:19:10.282+0000] {logging_mixin.py:188} INFO - [2024-05-26T09:19:10.282+0000] {dag.py:3096} INFO - Sync 1 DAGs
[2024-05-26T09:19:10.298+0000] {logging_mixin.py:188} INFO - [2024-05-26T09:19:10.298+0000] {dag.py:3954} INFO - Setting next_dagrun for example_short_circuit_operator to 2024-05-25 00:00:00+00:00, run_after=2024-05-26 00:00:00+00:00
[2024-05-26T09:19:10.336+0000] {processor.py:183} INFO - Processing /usr/local/python/3.10.13/lib/python3.10/site-packages/airflow/example_dags/example_short_circuit_operator.py took 0.080 seconds
[2024-05-26T09:19:53.848+0000] {processor.py:161} INFO - Started process (PID=44234) to work on /usr/local/python/3.10.13/lib/python3.10/site-packages/airflow/example_dags/example_short_circuit_operator.py
[2024-05-26T09:19:53.849+0000] {processor.py:830} INFO - Processing file /usr/local/python/3.10.13/lib/python3.10/site-packages/airflow/example_dags/example_short_circuit_operator.py for tasks to queue
[2024-05-26T09:19:53.850+0000] {logging_mixin.py:188} INFO - [2024-05-26T09:19:53.850+0000] {dagbag.py:545} INFO - Filling up the DagBag from /usr/local/python/3.10.13/lib/python3.10/site-packages/airflow/example_dags/example_short_circuit_operator.py
[2024-05-26T09:19:53.856+0000] {processor.py:840} INFO - DAG(s) 'example_short_circuit_operator' retrieved from /usr/local/python/3.10.13/lib/python3.10/site-packages/airflow/example_dags/example_short_circuit_operator.py
[2024-05-26T09:19:53.872+0000] {logging_mixin.py:188} INFO - [2024-05-26T09:19:53.871+0000] {dag.py:3096} INFO - Sync 1 DAGs
[2024-05-26T09:19:53.886+0000] {logging_mixin.py:188} INFO - [2024-05-26T09:19:53.886+0000] {dag.py:3954} INFO - Setting next_dagrun for example_short_circuit_operator to 2024-05-25 00:00:00+00:00, run_after=2024-05-26 00:00:00+00:00
[2024-05-26T09:19:53.925+0000] {processor.py:183} INFO - Processing /usr/local/python/3.10.13/lib/python3.10/site-packages/airflow/example_dags/example_short_circuit_operator.py took 0.081 seconds
[2024-05-26T09:20:36.358+0000] {processor.py:161} INFO - Started process (PID=44525) to work on /usr/local/python/3.10.13/lib/python3.10/site-packages/airflow/example_dags/example_short_circuit_operator.py
[2024-05-26T09:20:36.359+0000] {processor.py:830} INFO - Processing file /usr/local/python/3.10.13/lib/python3.10/site-packages/airflow/example_dags/example_short_circuit_operator.py for tasks to queue
[2024-05-26T09:20:36.360+0000] {logging_mixin.py:188} INFO - [2024-05-26T09:20:36.360+0000] {dagbag.py:545} INFO - Filling up the DagBag from /usr/local/python/3.10.13/lib/python3.10/site-packages/airflow/example_dags/example_short_circuit_operator.py
[2024-05-26T09:20:36.367+0000] {processor.py:840} INFO - DAG(s) 'example_short_circuit_operator' retrieved from /usr/local/python/3.10.13/lib/python3.10/site-packages/airflow/example_dags/example_short_circuit_operator.py
[2024-05-26T09:20:36.381+0000] {logging_mixin.py:188} INFO - [2024-05-26T09:20:36.381+0000] {dag.py:3096} INFO - Sync 1 DAGs
[2024-05-26T09:20:36.396+0000] {logging_mixin.py:188} INFO - [2024-05-26T09:20:36.396+0000] {dag.py:3954} INFO - Setting next_dagrun for example_short_circuit_operator to 2024-05-25 00:00:00+00:00, run_after=2024-05-26 00:00:00+00:00
[2024-05-26T09:20:36.434+0000] {processor.py:183} INFO - Processing /usr/local/python/3.10.13/lib/python3.10/site-packages/airflow/example_dags/example_short_circuit_operator.py took 0.080 seconds
[2024-05-26T09:21:16.536+0000] {processor.py:161} INFO - Started process (PID=44803) to work on /usr/local/python/3.10.13/lib/python3.10/site-packages/airflow/example_dags/example_short_circuit_operator.py
[2024-05-26T09:21:16.537+0000] {processor.py:830} INFO - Processing file /usr/local/python/3.10.13/lib/python3.10/site-packages/airflow/example_dags/example_short_circuit_operator.py for tasks to queue
[2024-05-26T09:21:16.538+0000] {logging_mixin.py:188} INFO - [2024-05-26T09:21:16.538+0000] {dagbag.py:545} INFO - Filling up the DagBag from /usr/local/python/3.10.13/lib/python3.10/site-packages/airflow/example_dags/example_short_circuit_operator.py
[2024-05-26T09:21:16.544+0000] {processor.py:840} INFO - DAG(s) 'example_short_circuit_operator' retrieved from /usr/local/python/3.10.13/lib/python3.10/site-packages/airflow/example_dags/example_short_circuit_operator.py
[2024-05-26T09:21:16.559+0000] {logging_mixin.py:188} INFO - [2024-05-26T09:21:16.559+0000] {dag.py:3096} INFO - Sync 1 DAGs
[2024-05-26T09:21:16.574+0000] {logging_mixin.py:188} INFO - [2024-05-26T09:21:16.574+0000] {dag.py:3954} INFO - Setting next_dagrun for example_short_circuit_operator to 2024-05-25 00:00:00+00:00, run_after=2024-05-26 00:00:00+00:00
[2024-05-26T09:21:16.613+0000] {processor.py:183} INFO - Processing /usr/local/python/3.10.13/lib/python3.10/site-packages/airflow/example_dags/example_short_circuit_operator.py took 0.082 seconds
[2024-05-26T09:22:00.948+0000] {processor.py:161} INFO - Started process (PID=45116) to work on /usr/local/python/3.10.13/lib/python3.10/site-packages/airflow/example_dags/example_short_circuit_operator.py
[2024-05-26T09:22:00.949+0000] {processor.py:830} INFO - Processing file /usr/local/python/3.10.13/lib/python3.10/site-packages/airflow/example_dags/example_short_circuit_operator.py for tasks to queue
[2024-05-26T09:22:00.950+0000] {logging_mixin.py:188} INFO - [2024-05-26T09:22:00.950+0000] {dagbag.py:545} INFO - Filling up the DagBag from /usr/local/python/3.10.13/lib/python3.10/site-packages/airflow/example_dags/example_short_circuit_operator.py
[2024-05-26T09:22:00.956+0000] {processor.py:840} INFO - DAG(s) 'example_short_circuit_operator' retrieved from /usr/local/python/3.10.13/lib/python3.10/site-packages/airflow/example_dags/example_short_circuit_operator.py
[2024-05-26T09:22:00.970+0000] {logging_mixin.py:188} INFO - [2024-05-26T09:22:00.970+0000] {dag.py:3096} INFO - Sync 1 DAGs
[2024-05-26T09:22:00.985+0000] {logging_mixin.py:188} INFO - [2024-05-26T09:22:00.985+0000] {dag.py:3954} INFO - Setting next_dagrun for example_short_circuit_operator to 2024-05-25 00:00:00+00:00, run_after=2024-05-26 00:00:00+00:00
[2024-05-26T09:22:01.027+0000] {processor.py:183} INFO - Processing /usr/local/python/3.10.13/lib/python3.10/site-packages/airflow/example_dags/example_short_circuit_operator.py took 0.084 seconds
[2024-05-26T09:22:40.821+0000] {processor.py:161} INFO - Started process (PID=45402) to work on /usr/local/python/3.10.13/lib/python3.10/site-packages/airflow/example_dags/example_short_circuit_operator.py
[2024-05-26T09:22:40.822+0000] {processor.py:830} INFO - Processing file /usr/local/python/3.10.13/lib/python3.10/site-packages/airflow/example_dags/example_short_circuit_operator.py for tasks to queue
[2024-05-26T09:22:40.823+0000] {logging_mixin.py:188} INFO - [2024-05-26T09:22:40.823+0000] {dagbag.py:545} INFO - Filling up the DagBag from /usr/local/python/3.10.13/lib/python3.10/site-packages/airflow/example_dags/example_short_circuit_operator.py
[2024-05-26T09:22:40.829+0000] {processor.py:840} INFO - DAG(s) 'example_short_circuit_operator' retrieved from /usr/local/python/3.10.13/lib/python3.10/site-packages/airflow/example_dags/example_short_circuit_operator.py
[2024-05-26T09:22:40.844+0000] {logging_mixin.py:188} INFO - [2024-05-26T09:22:40.843+0000] {dag.py:3096} INFO - Sync 1 DAGs
[2024-05-26T09:22:40.859+0000] {logging_mixin.py:188} INFO - [2024-05-26T09:22:40.859+0000] {dag.py:3954} INFO - Setting next_dagrun for example_short_circuit_operator to 2024-05-25 00:00:00+00:00, run_after=2024-05-26 00:00:00+00:00
[2024-05-26T09:22:40.898+0000] {processor.py:183} INFO - Processing /usr/local/python/3.10.13/lib/python3.10/site-packages/airflow/example_dags/example_short_circuit_operator.py took 0.082 seconds
[2024-05-26T09:23:31.215+0000] {processor.py:161} INFO - Started process (PID=45735) to work on /usr/local/python/3.10.13/lib/python3.10/site-packages/airflow/example_dags/example_short_circuit_operator.py
[2024-05-26T09:23:31.216+0000] {processor.py:830} INFO - Processing file /usr/local/python/3.10.13/lib/python3.10/site-packages/airflow/example_dags/example_short_circuit_operator.py for tasks to queue
[2024-05-26T09:23:31.222+0000] {logging_mixin.py:188} INFO - [2024-05-26T09:23:31.222+0000] {dagbag.py:545} INFO - Filling up the DagBag from /usr/local/python/3.10.13/lib/python3.10/site-packages/airflow/example_dags/example_short_circuit_operator.py
[2024-05-26T09:23:31.233+0000] {processor.py:840} INFO - DAG(s) 'example_short_circuit_operator' retrieved from /usr/local/python/3.10.13/lib/python3.10/site-packages/airflow/example_dags/example_short_circuit_operator.py
[2024-05-26T09:23:31.258+0000] {logging_mixin.py:188} INFO - [2024-05-26T09:23:31.257+0000] {dag.py:3096} INFO - Sync 1 DAGs
[2024-05-26T09:23:31.285+0000] {logging_mixin.py:188} INFO - [2024-05-26T09:23:31.285+0000] {dag.py:3954} INFO - Setting next_dagrun for example_short_circuit_operator to 2024-05-25 00:00:00+00:00, run_after=2024-05-26 00:00:00+00:00
[2024-05-26T09:23:31.332+0000] {processor.py:183} INFO - Processing /usr/local/python/3.10.13/lib/python3.10/site-packages/airflow/example_dags/example_short_circuit_operator.py took 0.124 seconds
[2024-05-26T09:24:14.282+0000] {processor.py:161} INFO - Started process (PID=46041) to work on /usr/local/python/3.10.13/lib/python3.10/site-packages/airflow/example_dags/example_short_circuit_operator.py
[2024-05-26T09:24:14.283+0000] {processor.py:830} INFO - Processing file /usr/local/python/3.10.13/lib/python3.10/site-packages/airflow/example_dags/example_short_circuit_operator.py for tasks to queue
[2024-05-26T09:24:14.285+0000] {logging_mixin.py:188} INFO - [2024-05-26T09:24:14.285+0000] {dagbag.py:545} INFO - Filling up the DagBag from /usr/local/python/3.10.13/lib/python3.10/site-packages/airflow/example_dags/example_short_circuit_operator.py
[2024-05-26T09:24:14.294+0000] {processor.py:840} INFO - DAG(s) 'example_short_circuit_operator' retrieved from /usr/local/python/3.10.13/lib/python3.10/site-packages/airflow/example_dags/example_short_circuit_operator.py
[2024-05-26T09:24:14.319+0000] {logging_mixin.py:188} INFO - [2024-05-26T09:24:14.319+0000] {dag.py:3096} INFO - Sync 1 DAGs
[2024-05-26T09:24:14.343+0000] {logging_mixin.py:188} INFO - [2024-05-26T09:24:14.343+0000] {dag.py:3954} INFO - Setting next_dagrun for example_short_circuit_operator to 2024-05-25 00:00:00+00:00, run_after=2024-05-26 00:00:00+00:00
[2024-05-26T09:24:14.388+0000] {processor.py:183} INFO - Processing /usr/local/python/3.10.13/lib/python3.10/site-packages/airflow/example_dags/example_short_circuit_operator.py took 0.112 seconds
[2024-05-26T09:24:53.805+0000] {processor.py:161} INFO - Started process (PID=46322) to work on /usr/local/python/3.10.13/lib/python3.10/site-packages/airflow/example_dags/example_short_circuit_operator.py
[2024-05-26T09:24:53.806+0000] {processor.py:830} INFO - Processing file /usr/local/python/3.10.13/lib/python3.10/site-packages/airflow/example_dags/example_short_circuit_operator.py for tasks to queue
[2024-05-26T09:24:53.807+0000] {logging_mixin.py:188} INFO - [2024-05-26T09:24:53.807+0000] {dagbag.py:545} INFO - Filling up the DagBag from /usr/local/python/3.10.13/lib/python3.10/site-packages/airflow/example_dags/example_short_circuit_operator.py
[2024-05-26T09:24:53.813+0000] {processor.py:840} INFO - DAG(s) 'example_short_circuit_operator' retrieved from /usr/local/python/3.10.13/lib/python3.10/site-packages/airflow/example_dags/example_short_circuit_operator.py
[2024-05-26T09:24:53.828+0000] {logging_mixin.py:188} INFO - [2024-05-26T09:24:53.827+0000] {dag.py:3096} INFO - Sync 1 DAGs
[2024-05-26T09:24:53.842+0000] {logging_mixin.py:188} INFO - [2024-05-26T09:24:53.842+0000] {dag.py:3954} INFO - Setting next_dagrun for example_short_circuit_operator to 2024-05-25 00:00:00+00:00, run_after=2024-05-26 00:00:00+00:00
[2024-05-26T09:24:53.883+0000] {processor.py:183} INFO - Processing /usr/local/python/3.10.13/lib/python3.10/site-packages/airflow/example_dags/example_short_circuit_operator.py took 0.082 seconds
[2024-05-26T09:25:35.125+0000] {processor.py:161} INFO - Started process (PID=46616) to work on /usr/local/python/3.10.13/lib/python3.10/site-packages/airflow/example_dags/example_short_circuit_operator.py
[2024-05-26T09:25:35.125+0000] {processor.py:830} INFO - Processing file /usr/local/python/3.10.13/lib/python3.10/site-packages/airflow/example_dags/example_short_circuit_operator.py for tasks to queue
[2024-05-26T09:25:35.127+0000] {logging_mixin.py:188} INFO - [2024-05-26T09:25:35.126+0000] {dagbag.py:545} INFO - Filling up the DagBag from /usr/local/python/3.10.13/lib/python3.10/site-packages/airflow/example_dags/example_short_circuit_operator.py
[2024-05-26T09:25:35.133+0000] {processor.py:840} INFO - DAG(s) 'example_short_circuit_operator' retrieved from /usr/local/python/3.10.13/lib/python3.10/site-packages/airflow/example_dags/example_short_circuit_operator.py
[2024-05-26T09:25:35.147+0000] {logging_mixin.py:188} INFO - [2024-05-26T09:25:35.147+0000] {dag.py:3096} INFO - Sync 1 DAGs
[2024-05-26T09:25:35.163+0000] {logging_mixin.py:188} INFO - [2024-05-26T09:25:35.162+0000] {dag.py:3954} INFO - Setting next_dagrun for example_short_circuit_operator to 2024-05-25 00:00:00+00:00, run_after=2024-05-26 00:00:00+00:00
[2024-05-26T09:25:35.200+0000] {processor.py:183} INFO - Processing /usr/local/python/3.10.13/lib/python3.10/site-packages/airflow/example_dags/example_short_circuit_operator.py took 0.080 seconds
[2024-05-26T09:26:16.424+0000] {processor.py:161} INFO - Started process (PID=46922) to work on /usr/local/python/3.10.13/lib/python3.10/site-packages/airflow/example_dags/example_short_circuit_operator.py
[2024-05-26T09:26:16.425+0000] {processor.py:830} INFO - Processing file /usr/local/python/3.10.13/lib/python3.10/site-packages/airflow/example_dags/example_short_circuit_operator.py for tasks to queue
[2024-05-26T09:26:16.426+0000] {logging_mixin.py:188} INFO - [2024-05-26T09:26:16.426+0000] {dagbag.py:545} INFO - Filling up the DagBag from /usr/local/python/3.10.13/lib/python3.10/site-packages/airflow/example_dags/example_short_circuit_operator.py
[2024-05-26T09:26:16.432+0000] {processor.py:840} INFO - DAG(s) 'example_short_circuit_operator' retrieved from /usr/local/python/3.10.13/lib/python3.10/site-packages/airflow/example_dags/example_short_circuit_operator.py
[2024-05-26T09:26:16.447+0000] {logging_mixin.py:188} INFO - [2024-05-26T09:26:16.446+0000] {dag.py:3096} INFO - Sync 1 DAGs
[2024-05-26T09:26:16.461+0000] {logging_mixin.py:188} INFO - [2024-05-26T09:26:16.461+0000] {dag.py:3954} INFO - Setting next_dagrun for example_short_circuit_operator to 2024-05-25 00:00:00+00:00, run_after=2024-05-26 00:00:00+00:00
[2024-05-26T09:26:16.498+0000] {processor.py:183} INFO - Processing /usr/local/python/3.10.13/lib/python3.10/site-packages/airflow/example_dags/example_short_circuit_operator.py took 0.079 seconds
[2024-05-26T09:26:58.301+0000] {processor.py:161} INFO - Started process (PID=47230) to work on /usr/local/python/3.10.13/lib/python3.10/site-packages/airflow/example_dags/example_short_circuit_operator.py
[2024-05-26T09:26:58.302+0000] {processor.py:830} INFO - Processing file /usr/local/python/3.10.13/lib/python3.10/site-packages/airflow/example_dags/example_short_circuit_operator.py for tasks to queue
[2024-05-26T09:26:58.303+0000] {logging_mixin.py:188} INFO - [2024-05-26T09:26:58.303+0000] {dagbag.py:545} INFO - Filling up the DagBag from /usr/local/python/3.10.13/lib/python3.10/site-packages/airflow/example_dags/example_short_circuit_operator.py
[2024-05-26T09:26:58.313+0000] {processor.py:840} INFO - DAG(s) 'example_short_circuit_operator' retrieved from /usr/local/python/3.10.13/lib/python3.10/site-packages/airflow/example_dags/example_short_circuit_operator.py
[2024-05-26T09:26:58.327+0000] {logging_mixin.py:188} INFO - [2024-05-26T09:26:58.327+0000] {dag.py:3096} INFO - Sync 1 DAGs
[2024-05-26T09:26:58.345+0000] {logging_mixin.py:188} INFO - [2024-05-26T09:26:58.344+0000] {dag.py:3954} INFO - Setting next_dagrun for example_short_circuit_operator to 2024-05-25 00:00:00+00:00, run_after=2024-05-26 00:00:00+00:00
[2024-05-26T09:26:58.381+0000] {processor.py:183} INFO - Processing /usr/local/python/3.10.13/lib/python3.10/site-packages/airflow/example_dags/example_short_circuit_operator.py took 0.086 seconds
[2024-05-26T09:27:37.714+0000] {processor.py:161} INFO - Started process (PID=47511) to work on /usr/local/python/3.10.13/lib/python3.10/site-packages/airflow/example_dags/example_short_circuit_operator.py
[2024-05-26T09:27:37.715+0000] {processor.py:830} INFO - Processing file /usr/local/python/3.10.13/lib/python3.10/site-packages/airflow/example_dags/example_short_circuit_operator.py for tasks to queue
[2024-05-26T09:27:37.716+0000] {logging_mixin.py:188} INFO - [2024-05-26T09:27:37.716+0000] {dagbag.py:545} INFO - Filling up the DagBag from /usr/local/python/3.10.13/lib/python3.10/site-packages/airflow/example_dags/example_short_circuit_operator.py
[2024-05-26T09:27:37.722+0000] {processor.py:840} INFO - DAG(s) 'example_short_circuit_operator' retrieved from /usr/local/python/3.10.13/lib/python3.10/site-packages/airflow/example_dags/example_short_circuit_operator.py
[2024-05-26T09:27:37.736+0000] {logging_mixin.py:188} INFO - [2024-05-26T09:27:37.736+0000] {dag.py:3096} INFO - Sync 1 DAGs
[2024-05-26T09:27:37.752+0000] {logging_mixin.py:188} INFO - [2024-05-26T09:27:37.752+0000] {dag.py:3954} INFO - Setting next_dagrun for example_short_circuit_operator to 2024-05-25 00:00:00+00:00, run_after=2024-05-26 00:00:00+00:00
[2024-05-26T09:27:37.788+0000] {processor.py:183} INFO - Processing /usr/local/python/3.10.13/lib/python3.10/site-packages/airflow/example_dags/example_short_circuit_operator.py took 0.078 seconds
[2024-05-26T09:28:20.593+0000] {processor.py:161} INFO - Started process (PID=47799) to work on /usr/local/python/3.10.13/lib/python3.10/site-packages/airflow/example_dags/example_short_circuit_operator.py
[2024-05-26T09:28:20.594+0000] {processor.py:830} INFO - Processing file /usr/local/python/3.10.13/lib/python3.10/site-packages/airflow/example_dags/example_short_circuit_operator.py for tasks to queue
[2024-05-26T09:28:20.596+0000] {logging_mixin.py:188} INFO - [2024-05-26T09:28:20.595+0000] {dagbag.py:545} INFO - Filling up the DagBag from /usr/local/python/3.10.13/lib/python3.10/site-packages/airflow/example_dags/example_short_circuit_operator.py
[2024-05-26T09:28:20.601+0000] {processor.py:840} INFO - DAG(s) 'example_short_circuit_operator' retrieved from /usr/local/python/3.10.13/lib/python3.10/site-packages/airflow/example_dags/example_short_circuit_operator.py
[2024-05-26T09:28:20.616+0000] {logging_mixin.py:188} INFO - [2024-05-26T09:28:20.615+0000] {dag.py:3096} INFO - Sync 1 DAGs
[2024-05-26T09:28:20.631+0000] {logging_mixin.py:188} INFO - [2024-05-26T09:28:20.631+0000] {dag.py:3954} INFO - Setting next_dagrun for example_short_circuit_operator to 2024-05-25 00:00:00+00:00, run_after=2024-05-26 00:00:00+00:00
[2024-05-26T09:28:20.673+0000] {processor.py:183} INFO - Processing /usr/local/python/3.10.13/lib/python3.10/site-packages/airflow/example_dags/example_short_circuit_operator.py took 0.084 seconds
[2024-05-26T09:29:00.846+0000] {processor.py:161} INFO - Started process (PID=48085) to work on /usr/local/python/3.10.13/lib/python3.10/site-packages/airflow/example_dags/example_short_circuit_operator.py
[2024-05-26T09:29:00.847+0000] {processor.py:830} INFO - Processing file /usr/local/python/3.10.13/lib/python3.10/site-packages/airflow/example_dags/example_short_circuit_operator.py for tasks to queue
[2024-05-26T09:29:00.848+0000] {logging_mixin.py:188} INFO - [2024-05-26T09:29:00.848+0000] {dagbag.py:545} INFO - Filling up the DagBag from /usr/local/python/3.10.13/lib/python3.10/site-packages/airflow/example_dags/example_short_circuit_operator.py
[2024-05-26T09:29:00.854+0000] {processor.py:840} INFO - DAG(s) 'example_short_circuit_operator' retrieved from /usr/local/python/3.10.13/lib/python3.10/site-packages/airflow/example_dags/example_short_circuit_operator.py
[2024-05-26T09:29:00.868+0000] {logging_mixin.py:188} INFO - [2024-05-26T09:29:00.868+0000] {dag.py:3096} INFO - Sync 1 DAGs
[2024-05-26T09:29:00.883+0000] {logging_mixin.py:188} INFO - [2024-05-26T09:29:00.883+0000] {dag.py:3954} INFO - Setting next_dagrun for example_short_circuit_operator to 2024-05-25 00:00:00+00:00, run_after=2024-05-26 00:00:00+00:00
[2024-05-26T09:29:00.933+0000] {processor.py:183} INFO - Processing /usr/local/python/3.10.13/lib/python3.10/site-packages/airflow/example_dags/example_short_circuit_operator.py took 0.092 seconds
[2024-05-26T09:29:43.253+0000] {processor.py:161} INFO - Started process (PID=48378) to work on /usr/local/python/3.10.13/lib/python3.10/site-packages/airflow/example_dags/example_short_circuit_operator.py
[2024-05-26T09:29:43.254+0000] {processor.py:830} INFO - Processing file /usr/local/python/3.10.13/lib/python3.10/site-packages/airflow/example_dags/example_short_circuit_operator.py for tasks to queue
[2024-05-26T09:29:43.255+0000] {logging_mixin.py:188} INFO - [2024-05-26T09:29:43.255+0000] {dagbag.py:545} INFO - Filling up the DagBag from /usr/local/python/3.10.13/lib/python3.10/site-packages/airflow/example_dags/example_short_circuit_operator.py
[2024-05-26T09:29:43.261+0000] {processor.py:840} INFO - DAG(s) 'example_short_circuit_operator' retrieved from /usr/local/python/3.10.13/lib/python3.10/site-packages/airflow/example_dags/example_short_circuit_operator.py
[2024-05-26T09:29:43.276+0000] {logging_mixin.py:188} INFO - [2024-05-26T09:29:43.276+0000] {dag.py:3096} INFO - Sync 1 DAGs
[2024-05-26T09:29:43.291+0000] {logging_mixin.py:188} INFO - [2024-05-26T09:29:43.290+0000] {dag.py:3954} INFO - Setting next_dagrun for example_short_circuit_operator to 2024-05-25 00:00:00+00:00, run_after=2024-05-26 00:00:00+00:00
[2024-05-26T09:29:43.330+0000] {processor.py:183} INFO - Processing /usr/local/python/3.10.13/lib/python3.10/site-packages/airflow/example_dags/example_short_circuit_operator.py took 0.081 seconds
[2024-05-26T09:30:23.800+0000] {processor.py:161} INFO - Started process (PID=48658) to work on /usr/local/python/3.10.13/lib/python3.10/site-packages/airflow/example_dags/example_short_circuit_operator.py
[2024-05-26T09:30:23.801+0000] {processor.py:830} INFO - Processing file /usr/local/python/3.10.13/lib/python3.10/site-packages/airflow/example_dags/example_short_circuit_operator.py for tasks to queue
[2024-05-26T09:30:23.802+0000] {logging_mixin.py:188} INFO - [2024-05-26T09:30:23.802+0000] {dagbag.py:545} INFO - Filling up the DagBag from /usr/local/python/3.10.13/lib/python3.10/site-packages/airflow/example_dags/example_short_circuit_operator.py
[2024-05-26T09:30:23.808+0000] {processor.py:840} INFO - DAG(s) 'example_short_circuit_operator' retrieved from /usr/local/python/3.10.13/lib/python3.10/site-packages/airflow/example_dags/example_short_circuit_operator.py
[2024-05-26T09:30:23.823+0000] {logging_mixin.py:188} INFO - [2024-05-26T09:30:23.823+0000] {dag.py:3096} INFO - Sync 1 DAGs
[2024-05-26T09:30:23.837+0000] {logging_mixin.py:188} INFO - [2024-05-26T09:30:23.837+0000] {dag.py:3954} INFO - Setting next_dagrun for example_short_circuit_operator to 2024-05-25 00:00:00+00:00, run_after=2024-05-26 00:00:00+00:00
[2024-05-26T09:30:23.874+0000] {processor.py:183} INFO - Processing /usr/local/python/3.10.13/lib/python3.10/site-packages/airflow/example_dags/example_short_circuit_operator.py took 0.081 seconds
[2024-05-26T09:31:01.507+0000] {processor.py:161} INFO - Started process (PID=48926) to work on /usr/local/python/3.10.13/lib/python3.10/site-packages/airflow/example_dags/example_short_circuit_operator.py
[2024-05-26T09:31:01.507+0000] {processor.py:830} INFO - Processing file /usr/local/python/3.10.13/lib/python3.10/site-packages/airflow/example_dags/example_short_circuit_operator.py for tasks to queue
[2024-05-26T09:31:01.508+0000] {logging_mixin.py:188} INFO - [2024-05-26T09:31:01.508+0000] {dagbag.py:545} INFO - Filling up the DagBag from /usr/local/python/3.10.13/lib/python3.10/site-packages/airflow/example_dags/example_short_circuit_operator.py
[2024-05-26T09:31:01.514+0000] {processor.py:840} INFO - DAG(s) 'example_short_circuit_operator' retrieved from /usr/local/python/3.10.13/lib/python3.10/site-packages/airflow/example_dags/example_short_circuit_operator.py
[2024-05-26T09:31:01.529+0000] {logging_mixin.py:188} INFO - [2024-05-26T09:31:01.529+0000] {dag.py:3096} INFO - Sync 1 DAGs
[2024-05-26T09:31:01.544+0000] {logging_mixin.py:188} INFO - [2024-05-26T09:31:01.544+0000] {dag.py:3954} INFO - Setting next_dagrun for example_short_circuit_operator to 2024-05-25 00:00:00+00:00, run_after=2024-05-26 00:00:00+00:00
[2024-05-26T09:31:01.582+0000] {processor.py:183} INFO - Processing /usr/local/python/3.10.13/lib/python3.10/site-packages/airflow/example_dags/example_short_circuit_operator.py took 0.080 seconds
[2024-05-26T09:31:43.285+0000] {processor.py:161} INFO - Started process (PID=49212) to work on /usr/local/python/3.10.13/lib/python3.10/site-packages/airflow/example_dags/example_short_circuit_operator.py
[2024-05-26T09:31:43.286+0000] {processor.py:830} INFO - Processing file /usr/local/python/3.10.13/lib/python3.10/site-packages/airflow/example_dags/example_short_circuit_operator.py for tasks to queue
[2024-05-26T09:31:43.287+0000] {logging_mixin.py:188} INFO - [2024-05-26T09:31:43.287+0000] {dagbag.py:545} INFO - Filling up the DagBag from /usr/local/python/3.10.13/lib/python3.10/site-packages/airflow/example_dags/example_short_circuit_operator.py
[2024-05-26T09:31:43.293+0000] {processor.py:840} INFO - DAG(s) 'example_short_circuit_operator' retrieved from /usr/local/python/3.10.13/lib/python3.10/site-packages/airflow/example_dags/example_short_circuit_operator.py
[2024-05-26T09:31:43.308+0000] {logging_mixin.py:188} INFO - [2024-05-26T09:31:43.307+0000] {dag.py:3096} INFO - Sync 1 DAGs
[2024-05-26T09:31:43.325+0000] {logging_mixin.py:188} INFO - [2024-05-26T09:31:43.324+0000] {dag.py:3954} INFO - Setting next_dagrun for example_short_circuit_operator to 2024-05-25 00:00:00+00:00, run_after=2024-05-26 00:00:00+00:00
[2024-05-26T09:31:43.360+0000] {processor.py:183} INFO - Processing /usr/local/python/3.10.13/lib/python3.10/site-packages/airflow/example_dags/example_short_circuit_operator.py took 0.080 seconds
[2024-05-26T09:32:28.512+0000] {processor.py:161} INFO - Started process (PID=49518) to work on /usr/local/python/3.10.13/lib/python3.10/site-packages/airflow/example_dags/example_short_circuit_operator.py
[2024-05-26T09:32:28.513+0000] {processor.py:830} INFO - Processing file /usr/local/python/3.10.13/lib/python3.10/site-packages/airflow/example_dags/example_short_circuit_operator.py for tasks to queue
[2024-05-26T09:32:28.514+0000] {logging_mixin.py:188} INFO - [2024-05-26T09:32:28.514+0000] {dagbag.py:545} INFO - Filling up the DagBag from /usr/local/python/3.10.13/lib/python3.10/site-packages/airflow/example_dags/example_short_circuit_operator.py
[2024-05-26T09:32:28.520+0000] {processor.py:840} INFO - DAG(s) 'example_short_circuit_operator' retrieved from /usr/local/python/3.10.13/lib/python3.10/site-packages/airflow/example_dags/example_short_circuit_operator.py
[2024-05-26T09:32:28.534+0000] {logging_mixin.py:188} INFO - [2024-05-26T09:32:28.534+0000] {dag.py:3096} INFO - Sync 1 DAGs
[2024-05-26T09:32:28.549+0000] {logging_mixin.py:188} INFO - [2024-05-26T09:32:28.549+0000] {dag.py:3954} INFO - Setting next_dagrun for example_short_circuit_operator to 2024-05-25 00:00:00+00:00, run_after=2024-05-26 00:00:00+00:00
[2024-05-26T09:32:28.586+0000] {processor.py:183} INFO - Processing /usr/local/python/3.10.13/lib/python3.10/site-packages/airflow/example_dags/example_short_circuit_operator.py took 0.078 seconds
[2024-05-26T09:33:07.507+0000] {processor.py:161} INFO - Started process (PID=49802) to work on /usr/local/python/3.10.13/lib/python3.10/site-packages/airflow/example_dags/example_short_circuit_operator.py
[2024-05-26T09:33:07.507+0000] {processor.py:830} INFO - Processing file /usr/local/python/3.10.13/lib/python3.10/site-packages/airflow/example_dags/example_short_circuit_operator.py for tasks to queue
[2024-05-26T09:33:07.509+0000] {logging_mixin.py:188} INFO - [2024-05-26T09:33:07.508+0000] {dagbag.py:545} INFO - Filling up the DagBag from /usr/local/python/3.10.13/lib/python3.10/site-packages/airflow/example_dags/example_short_circuit_operator.py
[2024-05-26T09:33:07.515+0000] {processor.py:840} INFO - DAG(s) 'example_short_circuit_operator' retrieved from /usr/local/python/3.10.13/lib/python3.10/site-packages/airflow/example_dags/example_short_circuit_operator.py
[2024-05-26T09:33:07.529+0000] {logging_mixin.py:188} INFO - [2024-05-26T09:33:07.529+0000] {dag.py:3096} INFO - Sync 1 DAGs
[2024-05-26T09:33:07.544+0000] {logging_mixin.py:188} INFO - [2024-05-26T09:33:07.544+0000] {dag.py:3954} INFO - Setting next_dagrun for example_short_circuit_operator to 2024-05-25 00:00:00+00:00, run_after=2024-05-26 00:00:00+00:00
[2024-05-26T09:33:07.582+0000] {processor.py:183} INFO - Processing /usr/local/python/3.10.13/lib/python3.10/site-packages/airflow/example_dags/example_short_circuit_operator.py took 0.080 seconds
[2024-05-26T09:33:45.726+0000] {processor.py:161} INFO - Started process (PID=50082) to work on /usr/local/python/3.10.13/lib/python3.10/site-packages/airflow/example_dags/example_short_circuit_operator.py
[2024-05-26T09:33:45.727+0000] {processor.py:830} INFO - Processing file /usr/local/python/3.10.13/lib/python3.10/site-packages/airflow/example_dags/example_short_circuit_operator.py for tasks to queue
[2024-05-26T09:33:45.728+0000] {logging_mixin.py:188} INFO - [2024-05-26T09:33:45.728+0000] {dagbag.py:545} INFO - Filling up the DagBag from /usr/local/python/3.10.13/lib/python3.10/site-packages/airflow/example_dags/example_short_circuit_operator.py
[2024-05-26T09:33:45.734+0000] {processor.py:840} INFO - DAG(s) 'example_short_circuit_operator' retrieved from /usr/local/python/3.10.13/lib/python3.10/site-packages/airflow/example_dags/example_short_circuit_operator.py
[2024-05-26T09:33:45.749+0000] {logging_mixin.py:188} INFO - [2024-05-26T09:33:45.749+0000] {dag.py:3096} INFO - Sync 1 DAGs
[2024-05-26T09:33:45.764+0000] {logging_mixin.py:188} INFO - [2024-05-26T09:33:45.764+0000] {dag.py:3954} INFO - Setting next_dagrun for example_short_circuit_operator to 2024-05-25 00:00:00+00:00, run_after=2024-05-26 00:00:00+00:00
[2024-05-26T09:33:45.800+0000] {processor.py:183} INFO - Processing /usr/local/python/3.10.13/lib/python3.10/site-packages/airflow/example_dags/example_short_circuit_operator.py took 0.079 seconds
[2024-05-26T09:34:29.288+0000] {processor.py:161} INFO - Started process (PID=50379) to work on /usr/local/python/3.10.13/lib/python3.10/site-packages/airflow/example_dags/example_short_circuit_operator.py
[2024-05-26T09:34:29.289+0000] {processor.py:830} INFO - Processing file /usr/local/python/3.10.13/lib/python3.10/site-packages/airflow/example_dags/example_short_circuit_operator.py for tasks to queue
[2024-05-26T09:34:29.290+0000] {logging_mixin.py:188} INFO - [2024-05-26T09:34:29.290+0000] {dagbag.py:545} INFO - Filling up the DagBag from /usr/local/python/3.10.13/lib/python3.10/site-packages/airflow/example_dags/example_short_circuit_operator.py
[2024-05-26T09:34:29.296+0000] {processor.py:840} INFO - DAG(s) 'example_short_circuit_operator' retrieved from /usr/local/python/3.10.13/lib/python3.10/site-packages/airflow/example_dags/example_short_circuit_operator.py
[2024-05-26T09:34:29.310+0000] {logging_mixin.py:188} INFO - [2024-05-26T09:34:29.310+0000] {dag.py:3096} INFO - Sync 1 DAGs
[2024-05-26T09:34:29.325+0000] {logging_mixin.py:188} INFO - [2024-05-26T09:34:29.325+0000] {dag.py:3954} INFO - Setting next_dagrun for example_short_circuit_operator to 2024-05-25 00:00:00+00:00, run_after=2024-05-26 00:00:00+00:00
[2024-05-26T09:34:29.361+0000] {processor.py:183} INFO - Processing /usr/local/python/3.10.13/lib/python3.10/site-packages/airflow/example_dags/example_short_circuit_operator.py took 0.077 seconds
[2024-05-26T09:35:05.566+0000] {processor.py:161} INFO - Started process (PID=50642) to work on /usr/local/python/3.10.13/lib/python3.10/site-packages/airflow/example_dags/example_short_circuit_operator.py
[2024-05-26T09:35:05.567+0000] {processor.py:830} INFO - Processing file /usr/local/python/3.10.13/lib/python3.10/site-packages/airflow/example_dags/example_short_circuit_operator.py for tasks to queue
[2024-05-26T09:35:05.568+0000] {logging_mixin.py:188} INFO - [2024-05-26T09:35:05.567+0000] {dagbag.py:545} INFO - Filling up the DagBag from /usr/local/python/3.10.13/lib/python3.10/site-packages/airflow/example_dags/example_short_circuit_operator.py
[2024-05-26T09:35:05.574+0000] {processor.py:840} INFO - DAG(s) 'example_short_circuit_operator' retrieved from /usr/local/python/3.10.13/lib/python3.10/site-packages/airflow/example_dags/example_short_circuit_operator.py
[2024-05-26T09:35:05.588+0000] {logging_mixin.py:188} INFO - [2024-05-26T09:35:05.588+0000] {dag.py:3096} INFO - Sync 1 DAGs
[2024-05-26T09:35:05.603+0000] {logging_mixin.py:188} INFO - [2024-05-26T09:35:05.603+0000] {dag.py:3954} INFO - Setting next_dagrun for example_short_circuit_operator to 2024-05-25 00:00:00+00:00, run_after=2024-05-26 00:00:00+00:00
[2024-05-26T09:35:05.639+0000] {processor.py:183} INFO - Processing /usr/local/python/3.10.13/lib/python3.10/site-packages/airflow/example_dags/example_short_circuit_operator.py took 0.078 seconds
[2024-05-26T09:35:45.719+0000] {processor.py:161} INFO - Started process (PID=50922) to work on /usr/local/python/3.10.13/lib/python3.10/site-packages/airflow/example_dags/example_short_circuit_operator.py
[2024-05-26T09:35:45.720+0000] {processor.py:830} INFO - Processing file /usr/local/python/3.10.13/lib/python3.10/site-packages/airflow/example_dags/example_short_circuit_operator.py for tasks to queue
[2024-05-26T09:35:45.721+0000] {logging_mixin.py:188} INFO - [2024-05-26T09:35:45.721+0000] {dagbag.py:545} INFO - Filling up the DagBag from /usr/local/python/3.10.13/lib/python3.10/site-packages/airflow/example_dags/example_short_circuit_operator.py
[2024-05-26T09:35:45.727+0000] {processor.py:840} INFO - DAG(s) 'example_short_circuit_operator' retrieved from /usr/local/python/3.10.13/lib/python3.10/site-packages/airflow/example_dags/example_short_circuit_operator.py
[2024-05-26T09:35:45.742+0000] {logging_mixin.py:188} INFO - [2024-05-26T09:35:45.741+0000] {dag.py:3096} INFO - Sync 1 DAGs
[2024-05-26T09:35:45.757+0000] {logging_mixin.py:188} INFO - [2024-05-26T09:35:45.757+0000] {dag.py:3954} INFO - Setting next_dagrun for example_short_circuit_operator to 2024-05-25 00:00:00+00:00, run_after=2024-05-26 00:00:00+00:00
[2024-05-26T09:35:45.793+0000] {processor.py:183} INFO - Processing /usr/local/python/3.10.13/lib/python3.10/site-packages/airflow/example_dags/example_short_circuit_operator.py took 0.078 seconds
[2024-05-26T09:36:24.677+0000] {processor.py:161} INFO - Started process (PID=51204) to work on /usr/local/python/3.10.13/lib/python3.10/site-packages/airflow/example_dags/example_short_circuit_operator.py
[2024-05-26T09:36:24.679+0000] {processor.py:830} INFO - Processing file /usr/local/python/3.10.13/lib/python3.10/site-packages/airflow/example_dags/example_short_circuit_operator.py for tasks to queue
[2024-05-26T09:36:24.681+0000] {logging_mixin.py:188} INFO - [2024-05-26T09:36:24.681+0000] {dagbag.py:545} INFO - Filling up the DagBag from /usr/local/python/3.10.13/lib/python3.10/site-packages/airflow/example_dags/example_short_circuit_operator.py
[2024-05-26T09:36:24.690+0000] {processor.py:840} INFO - DAG(s) 'example_short_circuit_operator' retrieved from /usr/local/python/3.10.13/lib/python3.10/site-packages/airflow/example_dags/example_short_circuit_operator.py
[2024-05-26T09:36:24.714+0000] {logging_mixin.py:188} INFO - [2024-05-26T09:36:24.713+0000] {dag.py:3096} INFO - Sync 1 DAGs
[2024-05-26T09:36:24.738+0000] {logging_mixin.py:188} INFO - [2024-05-26T09:36:24.738+0000] {dag.py:3954} INFO - Setting next_dagrun for example_short_circuit_operator to 2024-05-25 00:00:00+00:00, run_after=2024-05-26 00:00:00+00:00
[2024-05-26T09:36:24.780+0000] {processor.py:183} INFO - Processing /usr/local/python/3.10.13/lib/python3.10/site-packages/airflow/example_dags/example_short_circuit_operator.py took 0.109 seconds
[2024-05-26T09:37:09.156+0000] {processor.py:161} INFO - Started process (PID=51503) to work on /usr/local/python/3.10.13/lib/python3.10/site-packages/airflow/example_dags/example_short_circuit_operator.py
[2024-05-26T09:37:09.157+0000] {processor.py:830} INFO - Processing file /usr/local/python/3.10.13/lib/python3.10/site-packages/airflow/example_dags/example_short_circuit_operator.py for tasks to queue
[2024-05-26T09:37:09.158+0000] {logging_mixin.py:188} INFO - [2024-05-26T09:37:09.158+0000] {dagbag.py:545} INFO - Filling up the DagBag from /usr/local/python/3.10.13/lib/python3.10/site-packages/airflow/example_dags/example_short_circuit_operator.py
[2024-05-26T09:37:09.164+0000] {processor.py:840} INFO - DAG(s) 'example_short_circuit_operator' retrieved from /usr/local/python/3.10.13/lib/python3.10/site-packages/airflow/example_dags/example_short_circuit_operator.py
[2024-05-26T09:37:09.179+0000] {logging_mixin.py:188} INFO - [2024-05-26T09:37:09.179+0000] {dag.py:3096} INFO - Sync 1 DAGs
[2024-05-26T09:37:09.195+0000] {logging_mixin.py:188} INFO - [2024-05-26T09:37:09.195+0000] {dag.py:3954} INFO - Setting next_dagrun for example_short_circuit_operator to 2024-05-25 00:00:00+00:00, run_after=2024-05-26 00:00:00+00:00
[2024-05-26T09:37:09.240+0000] {processor.py:183} INFO - Processing /usr/local/python/3.10.13/lib/python3.10/site-packages/airflow/example_dags/example_short_circuit_operator.py took 0.089 seconds
[2024-05-26T09:37:52.303+0000] {processor.py:161} INFO - Started process (PID=51796) to work on /usr/local/python/3.10.13/lib/python3.10/site-packages/airflow/example_dags/example_short_circuit_operator.py
[2024-05-26T09:37:52.304+0000] {processor.py:830} INFO - Processing file /usr/local/python/3.10.13/lib/python3.10/site-packages/airflow/example_dags/example_short_circuit_operator.py for tasks to queue
[2024-05-26T09:37:52.305+0000] {logging_mixin.py:188} INFO - [2024-05-26T09:37:52.305+0000] {dagbag.py:545} INFO - Filling up the DagBag from /usr/local/python/3.10.13/lib/python3.10/site-packages/airflow/example_dags/example_short_circuit_operator.py
[2024-05-26T09:37:52.311+0000] {processor.py:840} INFO - DAG(s) 'example_short_circuit_operator' retrieved from /usr/local/python/3.10.13/lib/python3.10/site-packages/airflow/example_dags/example_short_circuit_operator.py
[2024-05-26T09:37:52.326+0000] {logging_mixin.py:188} INFO - [2024-05-26T09:37:52.326+0000] {dag.py:3096} INFO - Sync 1 DAGs
[2024-05-26T09:37:52.341+0000] {logging_mixin.py:188} INFO - [2024-05-26T09:37:52.341+0000] {dag.py:3954} INFO - Setting next_dagrun for example_short_circuit_operator to 2024-05-25 00:00:00+00:00, run_after=2024-05-26 00:00:00+00:00
[2024-05-26T09:37:52.377+0000] {processor.py:183} INFO - Processing /usr/local/python/3.10.13/lib/python3.10/site-packages/airflow/example_dags/example_short_circuit_operator.py took 0.079 seconds
[2024-05-26T09:38:31.543+0000] {processor.py:161} INFO - Started process (PID=52073) to work on /usr/local/python/3.10.13/lib/python3.10/site-packages/airflow/example_dags/example_short_circuit_operator.py
[2024-05-26T09:38:31.544+0000] {processor.py:830} INFO - Processing file /usr/local/python/3.10.13/lib/python3.10/site-packages/airflow/example_dags/example_short_circuit_operator.py for tasks to queue
[2024-05-26T09:38:31.545+0000] {logging_mixin.py:188} INFO - [2024-05-26T09:38:31.545+0000] {dagbag.py:545} INFO - Filling up the DagBag from /usr/local/python/3.10.13/lib/python3.10/site-packages/airflow/example_dags/example_short_circuit_operator.py
[2024-05-26T09:38:31.551+0000] {processor.py:840} INFO - DAG(s) 'example_short_circuit_operator' retrieved from /usr/local/python/3.10.13/lib/python3.10/site-packages/airflow/example_dags/example_short_circuit_operator.py
[2024-05-26T09:38:31.575+0000] {logging_mixin.py:188} INFO - [2024-05-26T09:38:31.575+0000] {dag.py:3096} INFO - Sync 1 DAGs
[2024-05-26T09:38:31.598+0000] {logging_mixin.py:188} INFO - [2024-05-26T09:38:31.598+0000] {dag.py:3954} INFO - Setting next_dagrun for example_short_circuit_operator to 2024-05-25 00:00:00+00:00, run_after=2024-05-26 00:00:00+00:00
[2024-05-26T09:38:31.634+0000] {processor.py:183} INFO - Processing /usr/local/python/3.10.13/lib/python3.10/site-packages/airflow/example_dags/example_short_circuit_operator.py took 0.096 seconds
[2024-05-26T09:39:08.190+0000] {processor.py:161} INFO - Started process (PID=52341) to work on /usr/local/python/3.10.13/lib/python3.10/site-packages/airflow/example_dags/example_short_circuit_operator.py
[2024-05-26T09:39:08.191+0000] {processor.py:830} INFO - Processing file /usr/local/python/3.10.13/lib/python3.10/site-packages/airflow/example_dags/example_short_circuit_operator.py for tasks to queue
[2024-05-26T09:39:08.192+0000] {logging_mixin.py:188} INFO - [2024-05-26T09:39:08.192+0000] {dagbag.py:545} INFO - Filling up the DagBag from /usr/local/python/3.10.13/lib/python3.10/site-packages/airflow/example_dags/example_short_circuit_operator.py
[2024-05-26T09:39:08.199+0000] {processor.py:840} INFO - DAG(s) 'example_short_circuit_operator' retrieved from /usr/local/python/3.10.13/lib/python3.10/site-packages/airflow/example_dags/example_short_circuit_operator.py
[2024-05-26T09:39:08.214+0000] {logging_mixin.py:188} INFO - [2024-05-26T09:39:08.213+0000] {dag.py:3096} INFO - Sync 1 DAGs
[2024-05-26T09:39:08.228+0000] {logging_mixin.py:188} INFO - [2024-05-26T09:39:08.228+0000] {dag.py:3954} INFO - Setting next_dagrun for example_short_circuit_operator to 2024-05-25 00:00:00+00:00, run_after=2024-05-26 00:00:00+00:00
[2024-05-26T09:39:08.264+0000] {processor.py:183} INFO - Processing /usr/local/python/3.10.13/lib/python3.10/site-packages/airflow/example_dags/example_short_circuit_operator.py took 0.078 seconds
[2024-05-26T09:39:49.812+0000] {processor.py:161} INFO - Started process (PID=52621) to work on /usr/local/python/3.10.13/lib/python3.10/site-packages/airflow/example_dags/example_short_circuit_operator.py
[2024-05-26T09:39:49.813+0000] {processor.py:830} INFO - Processing file /usr/local/python/3.10.13/lib/python3.10/site-packages/airflow/example_dags/example_short_circuit_operator.py for tasks to queue
[2024-05-26T09:39:49.814+0000] {logging_mixin.py:188} INFO - [2024-05-26T09:39:49.814+0000] {dagbag.py:545} INFO - Filling up the DagBag from /usr/local/python/3.10.13/lib/python3.10/site-packages/airflow/example_dags/example_short_circuit_operator.py
[2024-05-26T09:39:49.820+0000] {processor.py:840} INFO - DAG(s) 'example_short_circuit_operator' retrieved from /usr/local/python/3.10.13/lib/python3.10/site-packages/airflow/example_dags/example_short_circuit_operator.py
[2024-05-26T09:39:49.835+0000] {logging_mixin.py:188} INFO - [2024-05-26T09:39:49.835+0000] {dag.py:3096} INFO - Sync 1 DAGs
[2024-05-26T09:39:49.850+0000] {logging_mixin.py:188} INFO - [2024-05-26T09:39:49.849+0000] {dag.py:3954} INFO - Setting next_dagrun for example_short_circuit_operator to 2024-05-25 00:00:00+00:00, run_after=2024-05-26 00:00:00+00:00
[2024-05-26T09:39:49.887+0000] {processor.py:183} INFO - Processing /usr/local/python/3.10.13/lib/python3.10/site-packages/airflow/example_dags/example_short_circuit_operator.py took 0.079 seconds
[2024-05-26T09:40:33.312+0000] {processor.py:161} INFO - Started process (PID=52920) to work on /usr/local/python/3.10.13/lib/python3.10/site-packages/airflow/example_dags/example_short_circuit_operator.py
[2024-05-26T09:40:33.313+0000] {processor.py:830} INFO - Processing file /usr/local/python/3.10.13/lib/python3.10/site-packages/airflow/example_dags/example_short_circuit_operator.py for tasks to queue
[2024-05-26T09:40:33.314+0000] {logging_mixin.py:188} INFO - [2024-05-26T09:40:33.314+0000] {dagbag.py:545} INFO - Filling up the DagBag from /usr/local/python/3.10.13/lib/python3.10/site-packages/airflow/example_dags/example_short_circuit_operator.py
[2024-05-26T09:40:33.320+0000] {processor.py:840} INFO - DAG(s) 'example_short_circuit_operator' retrieved from /usr/local/python/3.10.13/lib/python3.10/site-packages/airflow/example_dags/example_short_circuit_operator.py
[2024-05-26T09:40:33.335+0000] {logging_mixin.py:188} INFO - [2024-05-26T09:40:33.334+0000] {dag.py:3096} INFO - Sync 1 DAGs
[2024-05-26T09:40:33.350+0000] {logging_mixin.py:188} INFO - [2024-05-26T09:40:33.350+0000] {dag.py:3954} INFO - Setting next_dagrun for example_short_circuit_operator to 2024-05-25 00:00:00+00:00, run_after=2024-05-26 00:00:00+00:00
[2024-05-26T09:40:33.386+0000] {processor.py:183} INFO - Processing /usr/local/python/3.10.13/lib/python3.10/site-packages/airflow/example_dags/example_short_circuit_operator.py took 0.079 seconds
[2024-05-26T09:41:13.288+0000] {processor.py:161} INFO - Started process (PID=53205) to work on /usr/local/python/3.10.13/lib/python3.10/site-packages/airflow/example_dags/example_short_circuit_operator.py
[2024-05-26T09:41:13.288+0000] {processor.py:830} INFO - Processing file /usr/local/python/3.10.13/lib/python3.10/site-packages/airflow/example_dags/example_short_circuit_operator.py for tasks to queue
[2024-05-26T09:41:13.289+0000] {logging_mixin.py:188} INFO - [2024-05-26T09:41:13.289+0000] {dagbag.py:545} INFO - Filling up the DagBag from /usr/local/python/3.10.13/lib/python3.10/site-packages/airflow/example_dags/example_short_circuit_operator.py
[2024-05-26T09:41:13.295+0000] {processor.py:840} INFO - DAG(s) 'example_short_circuit_operator' retrieved from /usr/local/python/3.10.13/lib/python3.10/site-packages/airflow/example_dags/example_short_circuit_operator.py
[2024-05-26T09:41:13.310+0000] {logging_mixin.py:188} INFO - [2024-05-26T09:41:13.310+0000] {dag.py:3096} INFO - Sync 1 DAGs
[2024-05-26T09:41:13.325+0000] {logging_mixin.py:188} INFO - [2024-05-26T09:41:13.325+0000] {dag.py:3954} INFO - Setting next_dagrun for example_short_circuit_operator to 2024-05-25 00:00:00+00:00, run_after=2024-05-26 00:00:00+00:00
[2024-05-26T09:41:13.361+0000] {processor.py:183} INFO - Processing /usr/local/python/3.10.13/lib/python3.10/site-packages/airflow/example_dags/example_short_circuit_operator.py took 0.078 seconds
[2024-05-26T09:41:57.156+0000] {processor.py:161} INFO - Started process (PID=53497) to work on /usr/local/python/3.10.13/lib/python3.10/site-packages/airflow/example_dags/example_short_circuit_operator.py
[2024-05-26T09:41:57.157+0000] {processor.py:830} INFO - Processing file /usr/local/python/3.10.13/lib/python3.10/site-packages/airflow/example_dags/example_short_circuit_operator.py for tasks to queue
[2024-05-26T09:41:57.158+0000] {logging_mixin.py:188} INFO - [2024-05-26T09:41:57.158+0000] {dagbag.py:545} INFO - Filling up the DagBag from /usr/local/python/3.10.13/lib/python3.10/site-packages/airflow/example_dags/example_short_circuit_operator.py
[2024-05-26T09:41:57.164+0000] {processor.py:840} INFO - DAG(s) 'example_short_circuit_operator' retrieved from /usr/local/python/3.10.13/lib/python3.10/site-packages/airflow/example_dags/example_short_circuit_operator.py
[2024-05-26T09:41:57.178+0000] {logging_mixin.py:188} INFO - [2024-05-26T09:41:57.178+0000] {dag.py:3096} INFO - Sync 1 DAGs
[2024-05-26T09:41:57.193+0000] {logging_mixin.py:188} INFO - [2024-05-26T09:41:57.193+0000] {dag.py:3954} INFO - Setting next_dagrun for example_short_circuit_operator to 2024-05-25 00:00:00+00:00, run_after=2024-05-26 00:00:00+00:00
[2024-05-26T09:41:57.232+0000] {processor.py:183} INFO - Processing /usr/local/python/3.10.13/lib/python3.10/site-packages/airflow/example_dags/example_short_circuit_operator.py took 0.081 seconds
[2024-05-26T09:42:36.253+0000] {processor.py:161} INFO - Started process (PID=53771) to work on /usr/local/python/3.10.13/lib/python3.10/site-packages/airflow/example_dags/example_short_circuit_operator.py
[2024-05-26T09:42:36.254+0000] {processor.py:830} INFO - Processing file /usr/local/python/3.10.13/lib/python3.10/site-packages/airflow/example_dags/example_short_circuit_operator.py for tasks to queue
[2024-05-26T09:42:36.255+0000] {logging_mixin.py:188} INFO - [2024-05-26T09:42:36.255+0000] {dagbag.py:545} INFO - Filling up the DagBag from /usr/local/python/3.10.13/lib/python3.10/site-packages/airflow/example_dags/example_short_circuit_operator.py
[2024-05-26T09:42:36.261+0000] {processor.py:840} INFO - DAG(s) 'example_short_circuit_operator' retrieved from /usr/local/python/3.10.13/lib/python3.10/site-packages/airflow/example_dags/example_short_circuit_operator.py
[2024-05-26T09:42:36.276+0000] {logging_mixin.py:188} INFO - [2024-05-26T09:42:36.276+0000] {dag.py:3096} INFO - Sync 1 DAGs
[2024-05-26T09:42:36.291+0000] {logging_mixin.py:188} INFO - [2024-05-26T09:42:36.291+0000] {dag.py:3954} INFO - Setting next_dagrun for example_short_circuit_operator to 2024-05-25 00:00:00+00:00, run_after=2024-05-26 00:00:00+00:00
[2024-05-26T09:42:36.326+0000] {processor.py:183} INFO - Processing /usr/local/python/3.10.13/lib/python3.10/site-packages/airflow/example_dags/example_short_circuit_operator.py took 0.077 seconds
[2024-05-26T09:43:14.690+0000] {processor.py:161} INFO - Started process (PID=54051) to work on /usr/local/python/3.10.13/lib/python3.10/site-packages/airflow/example_dags/example_short_circuit_operator.py
[2024-05-26T09:43:14.690+0000] {processor.py:830} INFO - Processing file /usr/local/python/3.10.13/lib/python3.10/site-packages/airflow/example_dags/example_short_circuit_operator.py for tasks to queue
[2024-05-26T09:43:14.692+0000] {logging_mixin.py:188} INFO - [2024-05-26T09:43:14.691+0000] {dagbag.py:545} INFO - Filling up the DagBag from /usr/local/python/3.10.13/lib/python3.10/site-packages/airflow/example_dags/example_short_circuit_operator.py
[2024-05-26T09:43:14.698+0000] {processor.py:840} INFO - DAG(s) 'example_short_circuit_operator' retrieved from /usr/local/python/3.10.13/lib/python3.10/site-packages/airflow/example_dags/example_short_circuit_operator.py
[2024-05-26T09:43:14.712+0000] {logging_mixin.py:188} INFO - [2024-05-26T09:43:14.712+0000] {dag.py:3096} INFO - Sync 1 DAGs
[2024-05-26T09:43:14.727+0000] {logging_mixin.py:188} INFO - [2024-05-26T09:43:14.727+0000] {dag.py:3954} INFO - Setting next_dagrun for example_short_circuit_operator to 2024-05-25 00:00:00+00:00, run_after=2024-05-26 00:00:00+00:00
[2024-05-26T09:43:14.764+0000] {processor.py:183} INFO - Processing /usr/local/python/3.10.13/lib/python3.10/site-packages/airflow/example_dags/example_short_circuit_operator.py took 0.078 seconds
[2024-05-26T09:43:54.955+0000] {processor.py:161} INFO - Started process (PID=54343) to work on /usr/local/python/3.10.13/lib/python3.10/site-packages/airflow/example_dags/example_short_circuit_operator.py
[2024-05-26T09:43:54.956+0000] {processor.py:830} INFO - Processing file /usr/local/python/3.10.13/lib/python3.10/site-packages/airflow/example_dags/example_short_circuit_operator.py for tasks to queue
[2024-05-26T09:43:54.957+0000] {logging_mixin.py:188} INFO - [2024-05-26T09:43:54.957+0000] {dagbag.py:545} INFO - Filling up the DagBag from /usr/local/python/3.10.13/lib/python3.10/site-packages/airflow/example_dags/example_short_circuit_operator.py
[2024-05-26T09:43:54.963+0000] {processor.py:840} INFO - DAG(s) 'example_short_circuit_operator' retrieved from /usr/local/python/3.10.13/lib/python3.10/site-packages/airflow/example_dags/example_short_circuit_operator.py
[2024-05-26T09:43:54.978+0000] {logging_mixin.py:188} INFO - [2024-05-26T09:43:54.978+0000] {dag.py:3096} INFO - Sync 1 DAGs
[2024-05-26T09:43:54.993+0000] {logging_mixin.py:188} INFO - [2024-05-26T09:43:54.993+0000] {dag.py:3954} INFO - Setting next_dagrun for example_short_circuit_operator to 2024-05-25 00:00:00+00:00, run_after=2024-05-26 00:00:00+00:00
[2024-05-26T09:43:55.038+0000] {processor.py:183} INFO - Processing /usr/local/python/3.10.13/lib/python3.10/site-packages/airflow/example_dags/example_short_circuit_operator.py took 0.088 seconds
[2024-05-26T09:44:37.447+0000] {processor.py:161} INFO - Started process (PID=54734) to work on /usr/local/python/3.10.13/lib/python3.10/site-packages/airflow/example_dags/example_short_circuit_operator.py
[2024-05-26T09:44:37.448+0000] {processor.py:830} INFO - Processing file /usr/local/python/3.10.13/lib/python3.10/site-packages/airflow/example_dags/example_short_circuit_operator.py for tasks to queue
[2024-05-26T09:44:37.449+0000] {logging_mixin.py:188} INFO - [2024-05-26T09:44:37.449+0000] {dagbag.py:545} INFO - Filling up the DagBag from /usr/local/python/3.10.13/lib/python3.10/site-packages/airflow/example_dags/example_short_circuit_operator.py
[2024-05-26T09:44:37.455+0000] {processor.py:840} INFO - DAG(s) 'example_short_circuit_operator' retrieved from /usr/local/python/3.10.13/lib/python3.10/site-packages/airflow/example_dags/example_short_circuit_operator.py
[2024-05-26T09:44:37.470+0000] {logging_mixin.py:188} INFO - [2024-05-26T09:44:37.470+0000] {dag.py:3096} INFO - Sync 1 DAGs
[2024-05-26T09:44:37.485+0000] {logging_mixin.py:188} INFO - [2024-05-26T09:44:37.485+0000] {dag.py:3954} INFO - Setting next_dagrun for example_short_circuit_operator to 2024-05-25 00:00:00+00:00, run_after=2024-05-26 00:00:00+00:00
[2024-05-26T09:44:37.522+0000] {processor.py:183} INFO - Processing /usr/local/python/3.10.13/lib/python3.10/site-packages/airflow/example_dags/example_short_circuit_operator.py took 0.079 seconds
[2024-05-26T09:45:20.894+0000] {processor.py:161} INFO - Started process (PID=55254) to work on /usr/local/python/3.10.13/lib/python3.10/site-packages/airflow/example_dags/example_short_circuit_operator.py
[2024-05-26T09:45:20.894+0000] {processor.py:830} INFO - Processing file /usr/local/python/3.10.13/lib/python3.10/site-packages/airflow/example_dags/example_short_circuit_operator.py for tasks to queue
[2024-05-26T09:45:20.895+0000] {logging_mixin.py:188} INFO - [2024-05-26T09:45:20.895+0000] {dagbag.py:545} INFO - Filling up the DagBag from /usr/local/python/3.10.13/lib/python3.10/site-packages/airflow/example_dags/example_short_circuit_operator.py
[2024-05-26T09:45:20.901+0000] {processor.py:840} INFO - DAG(s) 'example_short_circuit_operator' retrieved from /usr/local/python/3.10.13/lib/python3.10/site-packages/airflow/example_dags/example_short_circuit_operator.py
[2024-05-26T09:45:20.916+0000] {logging_mixin.py:188} INFO - [2024-05-26T09:45:20.915+0000] {dag.py:3096} INFO - Sync 1 DAGs
[2024-05-26T09:45:20.930+0000] {logging_mixin.py:188} INFO - [2024-05-26T09:45:20.930+0000] {dag.py:3954} INFO - Setting next_dagrun for example_short_circuit_operator to 2024-05-25 00:00:00+00:00, run_after=2024-05-26 00:00:00+00:00
[2024-05-26T09:45:20.966+0000] {processor.py:183} INFO - Processing /usr/local/python/3.10.13/lib/python3.10/site-packages/airflow/example_dags/example_short_circuit_operator.py took 0.077 seconds
[2024-05-26T09:45:57.522+0000] {processor.py:161} INFO - Started process (PID=55739) to work on /usr/local/python/3.10.13/lib/python3.10/site-packages/airflow/example_dags/example_short_circuit_operator.py
[2024-05-26T09:45:57.523+0000] {processor.py:830} INFO - Processing file /usr/local/python/3.10.13/lib/python3.10/site-packages/airflow/example_dags/example_short_circuit_operator.py for tasks to queue
[2024-05-26T09:45:57.524+0000] {logging_mixin.py:188} INFO - [2024-05-26T09:45:57.524+0000] {dagbag.py:545} INFO - Filling up the DagBag from /usr/local/python/3.10.13/lib/python3.10/site-packages/airflow/example_dags/example_short_circuit_operator.py
[2024-05-26T09:45:57.530+0000] {processor.py:840} INFO - DAG(s) 'example_short_circuit_operator' retrieved from /usr/local/python/3.10.13/lib/python3.10/site-packages/airflow/example_dags/example_short_circuit_operator.py
[2024-05-26T09:45:57.545+0000] {logging_mixin.py:188} INFO - [2024-05-26T09:45:57.545+0000] {dag.py:3096} INFO - Sync 1 DAGs
[2024-05-26T09:45:57.561+0000] {logging_mixin.py:188} INFO - [2024-05-26T09:45:57.561+0000] {dag.py:3954} INFO - Setting next_dagrun for example_short_circuit_operator to 2024-05-25 00:00:00+00:00, run_after=2024-05-26 00:00:00+00:00
[2024-05-26T09:45:57.598+0000] {processor.py:183} INFO - Processing /usr/local/python/3.10.13/lib/python3.10/site-packages/airflow/example_dags/example_short_circuit_operator.py took 0.081 seconds
