[2024-05-26T09:10:49.618+0000] {processor.py:161} INFO - Started process (PID=40234) to work on /usr/local/python/3.10.13/lib/python3.10/site-packages/airflow/example_dags/example_dynamic_task_mapping.py
[2024-05-26T09:10:49.620+0000] {processor.py:830} INFO - Processing file /usr/local/python/3.10.13/lib/python3.10/site-packages/airflow/example_dags/example_dynamic_task_mapping.py for tasks to queue
[2024-05-26T09:10:49.622+0000] {logging_mixin.py:188} INFO - [2024-05-26T09:10:49.622+0000] {dagbag.py:545} INFO - Filling up the DagBag from /usr/local/python/3.10.13/lib/python3.10/site-packages/airflow/example_dags/example_dynamic_task_mapping.py
[2024-05-26T09:10:49.630+0000] {processor.py:840} INFO - DAG(s) 'example_dynamic_task_mapping' retrieved from /usr/local/python/3.10.13/lib/python3.10/site-packages/airflow/example_dags/example_dynamic_task_mapping.py
[2024-05-26T09:10:49.643+0000] {logging_mixin.py:188} INFO - [2024-05-26T09:10:49.643+0000] {dag.py:3096} INFO - Sync 1 DAGs
[2024-05-26T09:10:49.742+0000] {logging_mixin.py:188} INFO - [2024-05-26T09:10:49.742+0000] {dag.py:3954} INFO - Setting next_dagrun for example_dynamic_task_mapping to 2022-03-04 00:00:00+00:00, run_after=2022-03-05 00:00:00+00:00
[2024-05-26T09:10:49.781+0000] {processor.py:183} INFO - Processing /usr/local/python/3.10.13/lib/python3.10/site-packages/airflow/example_dags/example_dynamic_task_mapping.py took 0.170 seconds
[2024-05-26T09:11:40.886+0000] {processor.py:161} INFO - Started process (PID=40585) to work on /usr/local/python/3.10.13/lib/python3.10/site-packages/airflow/example_dags/example_dynamic_task_mapping.py
[2024-05-26T09:11:40.886+0000] {processor.py:830} INFO - Processing file /usr/local/python/3.10.13/lib/python3.10/site-packages/airflow/example_dags/example_dynamic_task_mapping.py for tasks to queue
[2024-05-26T09:11:40.888+0000] {logging_mixin.py:188} INFO - [2024-05-26T09:11:40.887+0000] {dagbag.py:545} INFO - Filling up the DagBag from /usr/local/python/3.10.13/lib/python3.10/site-packages/airflow/example_dags/example_dynamic_task_mapping.py
[2024-05-26T09:11:40.893+0000] {processor.py:840} INFO - DAG(s) 'example_dynamic_task_mapping' retrieved from /usr/local/python/3.10.13/lib/python3.10/site-packages/airflow/example_dags/example_dynamic_task_mapping.py
[2024-05-26T09:11:40.904+0000] {logging_mixin.py:188} INFO - [2024-05-26T09:11:40.903+0000] {dag.py:3096} INFO - Sync 1 DAGs
[2024-05-26T09:11:40.919+0000] {logging_mixin.py:188} INFO - [2024-05-26T09:11:40.919+0000] {dag.py:3954} INFO - Setting next_dagrun for example_dynamic_task_mapping to 2022-03-04 00:00:00+00:00, run_after=2022-03-05 00:00:00+00:00
[2024-05-26T09:11:40.961+0000] {processor.py:183} INFO - Processing /usr/local/python/3.10.13/lib/python3.10/site-packages/airflow/example_dags/example_dynamic_task_mapping.py took 0.079 seconds
[2024-05-26T09:12:31.356+0000] {processor.py:161} INFO - Started process (PID=41004) to work on /usr/local/python/3.10.13/lib/python3.10/site-packages/airflow/example_dags/example_dynamic_task_mapping.py
[2024-05-26T09:12:31.357+0000] {processor.py:830} INFO - Processing file /usr/local/python/3.10.13/lib/python3.10/site-packages/airflow/example_dags/example_dynamic_task_mapping.py for tasks to queue
[2024-05-26T09:12:31.358+0000] {logging_mixin.py:188} INFO - [2024-05-26T09:12:31.358+0000] {dagbag.py:545} INFO - Filling up the DagBag from /usr/local/python/3.10.13/lib/python3.10/site-packages/airflow/example_dags/example_dynamic_task_mapping.py
[2024-05-26T09:12:31.363+0000] {processor.py:840} INFO - DAG(s) 'example_dynamic_task_mapping' retrieved from /usr/local/python/3.10.13/lib/python3.10/site-packages/airflow/example_dags/example_dynamic_task_mapping.py
[2024-05-26T09:12:31.375+0000] {logging_mixin.py:188} INFO - [2024-05-26T09:12:31.375+0000] {dag.py:3096} INFO - Sync 1 DAGs
[2024-05-26T09:12:31.390+0000] {logging_mixin.py:188} INFO - [2024-05-26T09:12:31.390+0000] {dag.py:3954} INFO - Setting next_dagrun for example_dynamic_task_mapping to 2022-03-04 00:00:00+00:00, run_after=2022-03-05 00:00:00+00:00
[2024-05-26T09:12:31.430+0000] {processor.py:183} INFO - Processing /usr/local/python/3.10.13/lib/python3.10/site-packages/airflow/example_dags/example_dynamic_task_mapping.py took 0.080 seconds
[2024-05-26T09:13:14.520+0000] {processor.py:161} INFO - Started process (PID=41314) to work on /usr/local/python/3.10.13/lib/python3.10/site-packages/airflow/example_dags/example_dynamic_task_mapping.py
[2024-05-26T09:13:14.521+0000] {processor.py:830} INFO - Processing file /usr/local/python/3.10.13/lib/python3.10/site-packages/airflow/example_dags/example_dynamic_task_mapping.py for tasks to queue
[2024-05-26T09:13:14.522+0000] {logging_mixin.py:188} INFO - [2024-05-26T09:13:14.522+0000] {dagbag.py:545} INFO - Filling up the DagBag from /usr/local/python/3.10.13/lib/python3.10/site-packages/airflow/example_dags/example_dynamic_task_mapping.py
[2024-05-26T09:13:14.527+0000] {processor.py:840} INFO - DAG(s) 'example_dynamic_task_mapping' retrieved from /usr/local/python/3.10.13/lib/python3.10/site-packages/airflow/example_dags/example_dynamic_task_mapping.py
[2024-05-26T09:13:14.539+0000] {logging_mixin.py:188} INFO - [2024-05-26T09:13:14.538+0000] {dag.py:3096} INFO - Sync 1 DAGs
[2024-05-26T09:13:14.553+0000] {logging_mixin.py:188} INFO - [2024-05-26T09:13:14.553+0000] {dag.py:3954} INFO - Setting next_dagrun for example_dynamic_task_mapping to 2022-03-04 00:00:00+00:00, run_after=2022-03-05 00:00:00+00:00
[2024-05-26T09:13:14.591+0000] {processor.py:183} INFO - Processing /usr/local/python/3.10.13/lib/python3.10/site-packages/airflow/example_dags/example_dynamic_task_mapping.py took 0.076 seconds
[2024-05-26T09:14:17.452+0000] {processor.py:161} INFO - Started process (PID=41833) to work on /usr/local/python/3.10.13/lib/python3.10/site-packages/airflow/example_dags/example_dynamic_task_mapping.py
[2024-05-26T09:14:17.453+0000] {processor.py:830} INFO - Processing file /usr/local/python/3.10.13/lib/python3.10/site-packages/airflow/example_dags/example_dynamic_task_mapping.py for tasks to queue
[2024-05-26T09:14:17.456+0000] {logging_mixin.py:188} INFO - [2024-05-26T09:14:17.455+0000] {dagbag.py:545} INFO - Filling up the DagBag from /usr/local/python/3.10.13/lib/python3.10/site-packages/airflow/example_dags/example_dynamic_task_mapping.py
[2024-05-26T09:14:17.462+0000] {processor.py:840} INFO - DAG(s) 'example_dynamic_task_mapping' retrieved from /usr/local/python/3.10.13/lib/python3.10/site-packages/airflow/example_dags/example_dynamic_task_mapping.py
[2024-05-26T09:14:17.478+0000] {logging_mixin.py:188} INFO - [2024-05-26T09:14:17.477+0000] {dag.py:3096} INFO - Sync 1 DAGs
[2024-05-26T09:14:17.513+0000] {logging_mixin.py:188} INFO - [2024-05-26T09:14:17.513+0000] {dag.py:3954} INFO - Setting next_dagrun for example_dynamic_task_mapping to 2022-03-04 00:00:00+00:00, run_after=2022-03-05 00:00:00+00:00
[2024-05-26T09:14:17.565+0000] {processor.py:183} INFO - Processing /usr/local/python/3.10.13/lib/python3.10/site-packages/airflow/example_dags/example_dynamic_task_mapping.py took 0.119 seconds
[2024-05-26T09:15:02.445+0000] {processor.py:161} INFO - Started process (PID=42149) to work on /usr/local/python/3.10.13/lib/python3.10/site-packages/airflow/example_dags/example_dynamic_task_mapping.py
[2024-05-26T09:15:02.446+0000] {processor.py:830} INFO - Processing file /usr/local/python/3.10.13/lib/python3.10/site-packages/airflow/example_dags/example_dynamic_task_mapping.py for tasks to queue
[2024-05-26T09:15:02.448+0000] {logging_mixin.py:188} INFO - [2024-05-26T09:15:02.448+0000] {dagbag.py:545} INFO - Filling up the DagBag from /usr/local/python/3.10.13/lib/python3.10/site-packages/airflow/example_dags/example_dynamic_task_mapping.py
[2024-05-26T09:15:02.456+0000] {processor.py:840} INFO - DAG(s) 'example_dynamic_task_mapping' retrieved from /usr/local/python/3.10.13/lib/python3.10/site-packages/airflow/example_dags/example_dynamic_task_mapping.py
[2024-05-26T09:15:02.475+0000] {logging_mixin.py:188} INFO - [2024-05-26T09:15:02.475+0000] {dag.py:3096} INFO - Sync 1 DAGs
[2024-05-26T09:15:02.502+0000] {logging_mixin.py:188} INFO - [2024-05-26T09:15:02.502+0000] {dag.py:3954} INFO - Setting next_dagrun for example_dynamic_task_mapping to 2022-03-04 00:00:00+00:00, run_after=2022-03-05 00:00:00+00:00
[2024-05-26T09:15:02.543+0000] {processor.py:183} INFO - Processing /usr/local/python/3.10.13/lib/python3.10/site-packages/airflow/example_dags/example_dynamic_task_mapping.py took 0.103 seconds
[2024-05-26T09:16:04.564+0000] {processor.py:161} INFO - Started process (PID=42589) to work on /usr/local/python/3.10.13/lib/python3.10/site-packages/airflow/example_dags/example_dynamic_task_mapping.py
[2024-05-26T09:16:04.565+0000] {processor.py:830} INFO - Processing file /usr/local/python/3.10.13/lib/python3.10/site-packages/airflow/example_dags/example_dynamic_task_mapping.py for tasks to queue
[2024-05-26T09:16:04.566+0000] {logging_mixin.py:188} INFO - [2024-05-26T09:16:04.566+0000] {dagbag.py:545} INFO - Filling up the DagBag from /usr/local/python/3.10.13/lib/python3.10/site-packages/airflow/example_dags/example_dynamic_task_mapping.py
[2024-05-26T09:16:04.574+0000] {processor.py:840} INFO - DAG(s) 'example_dynamic_task_mapping' retrieved from /usr/local/python/3.10.13/lib/python3.10/site-packages/airflow/example_dags/example_dynamic_task_mapping.py
[2024-05-26T09:16:04.590+0000] {logging_mixin.py:188} INFO - [2024-05-26T09:16:04.590+0000] {dag.py:3096} INFO - Sync 1 DAGs
[2024-05-26T09:16:04.612+0000] {logging_mixin.py:188} INFO - [2024-05-26T09:16:04.612+0000] {dag.py:3954} INFO - Setting next_dagrun for example_dynamic_task_mapping to 2022-03-04 00:00:00+00:00, run_after=2022-03-05 00:00:00+00:00
[2024-05-26T09:16:04.652+0000] {processor.py:183} INFO - Processing /usr/local/python/3.10.13/lib/python3.10/site-packages/airflow/example_dags/example_dynamic_task_mapping.py took 0.095 seconds
[2024-05-26T09:17:06.045+0000] {processor.py:161} INFO - Started process (PID=43014) to work on /usr/local/python/3.10.13/lib/python3.10/site-packages/airflow/example_dags/example_dynamic_task_mapping.py
[2024-05-26T09:17:06.045+0000] {processor.py:830} INFO - Processing file /usr/local/python/3.10.13/lib/python3.10/site-packages/airflow/example_dags/example_dynamic_task_mapping.py for tasks to queue
[2024-05-26T09:17:06.047+0000] {logging_mixin.py:188} INFO - [2024-05-26T09:17:06.046+0000] {dagbag.py:545} INFO - Filling up the DagBag from /usr/local/python/3.10.13/lib/python3.10/site-packages/airflow/example_dags/example_dynamic_task_mapping.py
[2024-05-26T09:17:06.052+0000] {processor.py:840} INFO - DAG(s) 'example_dynamic_task_mapping' retrieved from /usr/local/python/3.10.13/lib/python3.10/site-packages/airflow/example_dags/example_dynamic_task_mapping.py
[2024-05-26T09:17:06.062+0000] {logging_mixin.py:188} INFO - [2024-05-26T09:17:06.062+0000] {dag.py:3096} INFO - Sync 1 DAGs
[2024-05-26T09:17:06.077+0000] {logging_mixin.py:188} INFO - [2024-05-26T09:17:06.077+0000] {dag.py:3954} INFO - Setting next_dagrun for example_dynamic_task_mapping to 2022-03-04 00:00:00+00:00, run_after=2022-03-05 00:00:00+00:00
[2024-05-26T09:17:06.116+0000] {processor.py:183} INFO - Processing /usr/local/python/3.10.13/lib/python3.10/site-packages/airflow/example_dags/example_dynamic_task_mapping.py took 0.076 seconds
[2024-05-26T09:17:49.710+0000] {processor.py:161} INFO - Started process (PID=43306) to work on /usr/local/python/3.10.13/lib/python3.10/site-packages/airflow/example_dags/example_dynamic_task_mapping.py
[2024-05-26T09:17:49.710+0000] {processor.py:830} INFO - Processing file /usr/local/python/3.10.13/lib/python3.10/site-packages/airflow/example_dags/example_dynamic_task_mapping.py for tasks to queue
[2024-05-26T09:17:49.711+0000] {logging_mixin.py:188} INFO - [2024-05-26T09:17:49.711+0000] {dagbag.py:545} INFO - Filling up the DagBag from /usr/local/python/3.10.13/lib/python3.10/site-packages/airflow/example_dags/example_dynamic_task_mapping.py
[2024-05-26T09:17:49.717+0000] {processor.py:840} INFO - DAG(s) 'example_dynamic_task_mapping' retrieved from /usr/local/python/3.10.13/lib/python3.10/site-packages/airflow/example_dags/example_dynamic_task_mapping.py
[2024-05-26T09:17:49.727+0000] {logging_mixin.py:188} INFO - [2024-05-26T09:17:49.727+0000] {dag.py:3096} INFO - Sync 1 DAGs
[2024-05-26T09:17:49.743+0000] {logging_mixin.py:188} INFO - [2024-05-26T09:17:49.743+0000] {dag.py:3954} INFO - Setting next_dagrun for example_dynamic_task_mapping to 2022-03-04 00:00:00+00:00, run_after=2022-03-05 00:00:00+00:00
[2024-05-26T09:17:49.781+0000] {processor.py:183} INFO - Processing /usr/local/python/3.10.13/lib/python3.10/site-packages/airflow/example_dags/example_dynamic_task_mapping.py took 0.076 seconds
[2024-05-26T09:18:33.783+0000] {processor.py:161} INFO - Started process (PID=43607) to work on /usr/local/python/3.10.13/lib/python3.10/site-packages/airflow/example_dags/example_dynamic_task_mapping.py
[2024-05-26T09:18:33.783+0000] {processor.py:830} INFO - Processing file /usr/local/python/3.10.13/lib/python3.10/site-packages/airflow/example_dags/example_dynamic_task_mapping.py for tasks to queue
[2024-05-26T09:18:33.785+0000] {logging_mixin.py:188} INFO - [2024-05-26T09:18:33.784+0000] {dagbag.py:545} INFO - Filling up the DagBag from /usr/local/python/3.10.13/lib/python3.10/site-packages/airflow/example_dags/example_dynamic_task_mapping.py
[2024-05-26T09:18:33.790+0000] {processor.py:840} INFO - DAG(s) 'example_dynamic_task_mapping' retrieved from /usr/local/python/3.10.13/lib/python3.10/site-packages/airflow/example_dags/example_dynamic_task_mapping.py
[2024-05-26T09:18:33.801+0000] {logging_mixin.py:188} INFO - [2024-05-26T09:18:33.801+0000] {dag.py:3096} INFO - Sync 1 DAGs
[2024-05-26T09:18:33.817+0000] {logging_mixin.py:188} INFO - [2024-05-26T09:18:33.817+0000] {dag.py:3954} INFO - Setting next_dagrun for example_dynamic_task_mapping to 2022-03-04 00:00:00+00:00, run_after=2022-03-05 00:00:00+00:00
[2024-05-26T09:18:33.855+0000] {processor.py:183} INFO - Processing /usr/local/python/3.10.13/lib/python3.10/site-packages/airflow/example_dags/example_dynamic_task_mapping.py took 0.077 seconds
[2024-05-26T09:19:35.946+0000] {processor.py:161} INFO - Started process (PID=44097) to work on /usr/local/python/3.10.13/lib/python3.10/site-packages/airflow/example_dags/example_dynamic_task_mapping.py
[2024-05-26T09:19:35.947+0000] {processor.py:830} INFO - Processing file /usr/local/python/3.10.13/lib/python3.10/site-packages/airflow/example_dags/example_dynamic_task_mapping.py for tasks to queue
[2024-05-26T09:19:35.949+0000] {logging_mixin.py:188} INFO - [2024-05-26T09:19:35.949+0000] {dagbag.py:545} INFO - Filling up the DagBag from /usr/local/python/3.10.13/lib/python3.10/site-packages/airflow/example_dags/example_dynamic_task_mapping.py
[2024-05-26T09:19:35.954+0000] {processor.py:840} INFO - DAG(s) 'example_dynamic_task_mapping' retrieved from /usr/local/python/3.10.13/lib/python3.10/site-packages/airflow/example_dags/example_dynamic_task_mapping.py
[2024-05-26T09:19:35.965+0000] {logging_mixin.py:188} INFO - [2024-05-26T09:19:35.965+0000] {dag.py:3096} INFO - Sync 1 DAGs
[2024-05-26T09:19:35.979+0000] {logging_mixin.py:188} INFO - [2024-05-26T09:19:35.979+0000] {dag.py:3954} INFO - Setting next_dagrun for example_dynamic_task_mapping to 2022-03-04 00:00:00+00:00, run_after=2022-03-05 00:00:00+00:00
[2024-05-26T09:19:36.018+0000] {processor.py:183} INFO - Processing /usr/local/python/3.10.13/lib/python3.10/site-packages/airflow/example_dags/example_dynamic_task_mapping.py took 0.076 seconds
[2024-05-26T09:20:19.628+0000] {processor.py:161} INFO - Started process (PID=44421) to work on /usr/local/python/3.10.13/lib/python3.10/site-packages/airflow/example_dags/example_dynamic_task_mapping.py
[2024-05-26T09:20:19.628+0000] {processor.py:830} INFO - Processing file /usr/local/python/3.10.13/lib/python3.10/site-packages/airflow/example_dags/example_dynamic_task_mapping.py for tasks to queue
[2024-05-26T09:20:19.629+0000] {logging_mixin.py:188} INFO - [2024-05-26T09:20:19.629+0000] {dagbag.py:545} INFO - Filling up the DagBag from /usr/local/python/3.10.13/lib/python3.10/site-packages/airflow/example_dags/example_dynamic_task_mapping.py
[2024-05-26T09:20:19.634+0000] {processor.py:840} INFO - DAG(s) 'example_dynamic_task_mapping' retrieved from /usr/local/python/3.10.13/lib/python3.10/site-packages/airflow/example_dags/example_dynamic_task_mapping.py
[2024-05-26T09:20:19.646+0000] {logging_mixin.py:188} INFO - [2024-05-26T09:20:19.645+0000] {dag.py:3096} INFO - Sync 1 DAGs
[2024-05-26T09:20:19.661+0000] {logging_mixin.py:188} INFO - [2024-05-26T09:20:19.660+0000] {dag.py:3954} INFO - Setting next_dagrun for example_dynamic_task_mapping to 2022-03-04 00:00:00+00:00, run_after=2022-03-05 00:00:00+00:00
[2024-05-26T09:20:19.701+0000] {processor.py:183} INFO - Processing /usr/local/python/3.10.13/lib/python3.10/site-packages/airflow/example_dags/example_dynamic_task_mapping.py took 0.078 seconds
[2024-05-26T09:21:20.570+0000] {processor.py:161} INFO - Started process (PID=44844) to work on /usr/local/python/3.10.13/lib/python3.10/site-packages/airflow/example_dags/example_dynamic_task_mapping.py
[2024-05-26T09:21:20.571+0000] {processor.py:830} INFO - Processing file /usr/local/python/3.10.13/lib/python3.10/site-packages/airflow/example_dags/example_dynamic_task_mapping.py for tasks to queue
[2024-05-26T09:21:20.572+0000] {logging_mixin.py:188} INFO - [2024-05-26T09:21:20.572+0000] {dagbag.py:545} INFO - Filling up the DagBag from /usr/local/python/3.10.13/lib/python3.10/site-packages/airflow/example_dags/example_dynamic_task_mapping.py
[2024-05-26T09:21:20.577+0000] {processor.py:840} INFO - DAG(s) 'example_dynamic_task_mapping' retrieved from /usr/local/python/3.10.13/lib/python3.10/site-packages/airflow/example_dags/example_dynamic_task_mapping.py
[2024-05-26T09:21:20.588+0000] {logging_mixin.py:188} INFO - [2024-05-26T09:21:20.588+0000] {dag.py:3096} INFO - Sync 1 DAGs
[2024-05-26T09:21:20.604+0000] {logging_mixin.py:188} INFO - [2024-05-26T09:21:20.603+0000] {dag.py:3954} INFO - Setting next_dagrun for example_dynamic_task_mapping to 2022-03-04 00:00:00+00:00, run_after=2022-03-05 00:00:00+00:00
[2024-05-26T09:21:20.640+0000] {processor.py:183} INFO - Processing /usr/local/python/3.10.13/lib/python3.10/site-packages/airflow/example_dags/example_dynamic_task_mapping.py took 0.075 seconds
[2024-05-26T09:22:04.658+0000] {processor.py:161} INFO - Started process (PID=45138) to work on /usr/local/python/3.10.13/lib/python3.10/site-packages/airflow/example_dags/example_dynamic_task_mapping.py
[2024-05-26T09:22:04.659+0000] {processor.py:830} INFO - Processing file /usr/local/python/3.10.13/lib/python3.10/site-packages/airflow/example_dags/example_dynamic_task_mapping.py for tasks to queue
[2024-05-26T09:22:04.660+0000] {logging_mixin.py:188} INFO - [2024-05-26T09:22:04.660+0000] {dagbag.py:545} INFO - Filling up the DagBag from /usr/local/python/3.10.13/lib/python3.10/site-packages/airflow/example_dags/example_dynamic_task_mapping.py
[2024-05-26T09:22:04.665+0000] {processor.py:840} INFO - DAG(s) 'example_dynamic_task_mapping' retrieved from /usr/local/python/3.10.13/lib/python3.10/site-packages/airflow/example_dags/example_dynamic_task_mapping.py
[2024-05-26T09:22:04.676+0000] {logging_mixin.py:188} INFO - [2024-05-26T09:22:04.676+0000] {dag.py:3096} INFO - Sync 1 DAGs
[2024-05-26T09:22:04.691+0000] {logging_mixin.py:188} INFO - [2024-05-26T09:22:04.691+0000] {dag.py:3954} INFO - Setting next_dagrun for example_dynamic_task_mapping to 2022-03-04 00:00:00+00:00, run_after=2022-03-05 00:00:00+00:00
[2024-05-26T09:22:04.729+0000] {processor.py:183} INFO - Processing /usr/local/python/3.10.13/lib/python3.10/site-packages/airflow/example_dags/example_dynamic_task_mapping.py took 0.076 seconds
[2024-05-26T09:22:58.614+0000] {processor.py:161} INFO - Started process (PID=45512) to work on /usr/local/python/3.10.13/lib/python3.10/site-packages/airflow/example_dags/example_dynamic_task_mapping.py
[2024-05-26T09:22:58.615+0000] {processor.py:830} INFO - Processing file /usr/local/python/3.10.13/lib/python3.10/site-packages/airflow/example_dags/example_dynamic_task_mapping.py for tasks to queue
[2024-05-26T09:22:58.617+0000] {logging_mixin.py:188} INFO - [2024-05-26T09:22:58.616+0000] {dagbag.py:545} INFO - Filling up the DagBag from /usr/local/python/3.10.13/lib/python3.10/site-packages/airflow/example_dags/example_dynamic_task_mapping.py
[2024-05-26T09:22:58.622+0000] {processor.py:840} INFO - DAG(s) 'example_dynamic_task_mapping' retrieved from /usr/local/python/3.10.13/lib/python3.10/site-packages/airflow/example_dags/example_dynamic_task_mapping.py
[2024-05-26T09:22:58.633+0000] {logging_mixin.py:188} INFO - [2024-05-26T09:22:58.632+0000] {dag.py:3096} INFO - Sync 1 DAGs
[2024-05-26T09:22:58.647+0000] {logging_mixin.py:188} INFO - [2024-05-26T09:22:58.647+0000] {dag.py:3954} INFO - Setting next_dagrun for example_dynamic_task_mapping to 2022-03-04 00:00:00+00:00, run_after=2022-03-05 00:00:00+00:00
[2024-05-26T09:22:58.687+0000] {processor.py:183} INFO - Processing /usr/local/python/3.10.13/lib/python3.10/site-packages/airflow/example_dags/example_dynamic_task_mapping.py took 0.078 seconds
[2024-05-26T09:23:41.385+0000] {processor.py:161} INFO - Started process (PID=45805) to work on /usr/local/python/3.10.13/lib/python3.10/site-packages/airflow/example_dags/example_dynamic_task_mapping.py
[2024-05-26T09:23:41.387+0000] {processor.py:830} INFO - Processing file /usr/local/python/3.10.13/lib/python3.10/site-packages/airflow/example_dags/example_dynamic_task_mapping.py for tasks to queue
[2024-05-26T09:23:41.389+0000] {logging_mixin.py:188} INFO - [2024-05-26T09:23:41.389+0000] {dagbag.py:545} INFO - Filling up the DagBag from /usr/local/python/3.10.13/lib/python3.10/site-packages/airflow/example_dags/example_dynamic_task_mapping.py
[2024-05-26T09:23:41.400+0000] {processor.py:840} INFO - DAG(s) 'example_dynamic_task_mapping' retrieved from /usr/local/python/3.10.13/lib/python3.10/site-packages/airflow/example_dags/example_dynamic_task_mapping.py
[2024-05-26T09:23:41.418+0000] {logging_mixin.py:188} INFO - [2024-05-26T09:23:41.418+0000] {dag.py:3096} INFO - Sync 1 DAGs
[2024-05-26T09:23:41.451+0000] {logging_mixin.py:188} INFO - [2024-05-26T09:23:41.451+0000] {dag.py:3954} INFO - Setting next_dagrun for example_dynamic_task_mapping to 2022-03-04 00:00:00+00:00, run_after=2022-03-05 00:00:00+00:00
[2024-05-26T09:23:41.491+0000] {processor.py:183} INFO - Processing /usr/local/python/3.10.13/lib/python3.10/site-packages/airflow/example_dags/example_dynamic_task_mapping.py took 0.112 seconds
[2024-05-26T09:24:23.364+0000] {processor.py:161} INFO - Started process (PID=46113) to work on /usr/local/python/3.10.13/lib/python3.10/site-packages/airflow/example_dags/example_dynamic_task_mapping.py
[2024-05-26T09:24:23.365+0000] {processor.py:830} INFO - Processing file /usr/local/python/3.10.13/lib/python3.10/site-packages/airflow/example_dags/example_dynamic_task_mapping.py for tasks to queue
[2024-05-26T09:24:23.366+0000] {logging_mixin.py:188} INFO - [2024-05-26T09:24:23.365+0000] {dagbag.py:545} INFO - Filling up the DagBag from /usr/local/python/3.10.13/lib/python3.10/site-packages/airflow/example_dags/example_dynamic_task_mapping.py
[2024-05-26T09:24:23.371+0000] {processor.py:840} INFO - DAG(s) 'example_dynamic_task_mapping' retrieved from /usr/local/python/3.10.13/lib/python3.10/site-packages/airflow/example_dags/example_dynamic_task_mapping.py
[2024-05-26T09:24:23.383+0000] {logging_mixin.py:188} INFO - [2024-05-26T09:24:23.383+0000] {dag.py:3096} INFO - Sync 1 DAGs
[2024-05-26T09:24:23.399+0000] {logging_mixin.py:188} INFO - [2024-05-26T09:24:23.399+0000] {dag.py:3954} INFO - Setting next_dagrun for example_dynamic_task_mapping to 2022-03-04 00:00:00+00:00, run_after=2022-03-05 00:00:00+00:00
[2024-05-26T09:24:23.439+0000] {processor.py:183} INFO - Processing /usr/local/python/3.10.13/lib/python3.10/site-packages/airflow/example_dags/example_dynamic_task_mapping.py took 0.080 seconds
[2024-05-26T09:25:23.499+0000] {processor.py:161} INFO - Started process (PID=46531) to work on /usr/local/python/3.10.13/lib/python3.10/site-packages/airflow/example_dags/example_dynamic_task_mapping.py
[2024-05-26T09:25:23.500+0000] {processor.py:830} INFO - Processing file /usr/local/python/3.10.13/lib/python3.10/site-packages/airflow/example_dags/example_dynamic_task_mapping.py for tasks to queue
[2024-05-26T09:25:23.501+0000] {logging_mixin.py:188} INFO - [2024-05-26T09:25:23.501+0000] {dagbag.py:545} INFO - Filling up the DagBag from /usr/local/python/3.10.13/lib/python3.10/site-packages/airflow/example_dags/example_dynamic_task_mapping.py
[2024-05-26T09:25:23.507+0000] {processor.py:840} INFO - DAG(s) 'example_dynamic_task_mapping' retrieved from /usr/local/python/3.10.13/lib/python3.10/site-packages/airflow/example_dags/example_dynamic_task_mapping.py
[2024-05-26T09:25:23.518+0000] {logging_mixin.py:188} INFO - [2024-05-26T09:25:23.518+0000] {dag.py:3096} INFO - Sync 1 DAGs
[2024-05-26T09:25:23.533+0000] {logging_mixin.py:188} INFO - [2024-05-26T09:25:23.533+0000] {dag.py:3954} INFO - Setting next_dagrun for example_dynamic_task_mapping to 2022-03-04 00:00:00+00:00, run_after=2022-03-05 00:00:00+00:00
[2024-05-26T09:25:23.569+0000] {processor.py:183} INFO - Processing /usr/local/python/3.10.13/lib/python3.10/site-packages/airflow/example_dags/example_dynamic_task_mapping.py took 0.075 seconds
[2024-05-26T09:26:25.809+0000] {processor.py:161} INFO - Started process (PID=46992) to work on /usr/local/python/3.10.13/lib/python3.10/site-packages/airflow/example_dags/example_dynamic_task_mapping.py
[2024-05-26T09:26:25.810+0000] {processor.py:830} INFO - Processing file /usr/local/python/3.10.13/lib/python3.10/site-packages/airflow/example_dags/example_dynamic_task_mapping.py for tasks to queue
[2024-05-26T09:26:25.812+0000] {logging_mixin.py:188} INFO - [2024-05-26T09:26:25.811+0000] {dagbag.py:545} INFO - Filling up the DagBag from /usr/local/python/3.10.13/lib/python3.10/site-packages/airflow/example_dags/example_dynamic_task_mapping.py
[2024-05-26T09:26:25.819+0000] {processor.py:840} INFO - DAG(s) 'example_dynamic_task_mapping' retrieved from /usr/local/python/3.10.13/lib/python3.10/site-packages/airflow/example_dags/example_dynamic_task_mapping.py
[2024-05-26T09:26:25.833+0000] {logging_mixin.py:188} INFO - [2024-05-26T09:26:25.833+0000] {dag.py:3096} INFO - Sync 1 DAGs
[2024-05-26T09:26:25.848+0000] {logging_mixin.py:188} INFO - [2024-05-26T09:26:25.848+0000] {dag.py:3954} INFO - Setting next_dagrun for example_dynamic_task_mapping to 2022-03-04 00:00:00+00:00, run_after=2022-03-05 00:00:00+00:00
[2024-05-26T09:26:25.884+0000] {processor.py:183} INFO - Processing /usr/local/python/3.10.13/lib/python3.10/site-packages/airflow/example_dags/example_dynamic_task_mapping.py took 0.082 seconds
[2024-05-26T09:27:07.298+0000] {processor.py:161} INFO - Started process (PID=47301) to work on /usr/local/python/3.10.13/lib/python3.10/site-packages/airflow/example_dags/example_dynamic_task_mapping.py
[2024-05-26T09:27:07.299+0000] {processor.py:830} INFO - Processing file /usr/local/python/3.10.13/lib/python3.10/site-packages/airflow/example_dags/example_dynamic_task_mapping.py for tasks to queue
[2024-05-26T09:27:07.300+0000] {logging_mixin.py:188} INFO - [2024-05-26T09:27:07.300+0000] {dagbag.py:545} INFO - Filling up the DagBag from /usr/local/python/3.10.13/lib/python3.10/site-packages/airflow/example_dags/example_dynamic_task_mapping.py
[2024-05-26T09:27:07.305+0000] {processor.py:840} INFO - DAG(s) 'example_dynamic_task_mapping' retrieved from /usr/local/python/3.10.13/lib/python3.10/site-packages/airflow/example_dags/example_dynamic_task_mapping.py
[2024-05-26T09:27:07.316+0000] {logging_mixin.py:188} INFO - [2024-05-26T09:27:07.316+0000] {dag.py:3096} INFO - Sync 1 DAGs
[2024-05-26T09:27:07.331+0000] {logging_mixin.py:188} INFO - [2024-05-26T09:27:07.331+0000] {dag.py:3954} INFO - Setting next_dagrun for example_dynamic_task_mapping to 2022-03-04 00:00:00+00:00, run_after=2022-03-05 00:00:00+00:00
[2024-05-26T09:27:07.369+0000] {processor.py:183} INFO - Processing /usr/local/python/3.10.13/lib/python3.10/site-packages/airflow/example_dags/example_dynamic_task_mapping.py took 0.075 seconds
[2024-05-26T09:28:08.224+0000] {processor.py:161} INFO - Started process (PID=47722) to work on /usr/local/python/3.10.13/lib/python3.10/site-packages/airflow/example_dags/example_dynamic_task_mapping.py
[2024-05-26T09:28:08.225+0000] {processor.py:830} INFO - Processing file /usr/local/python/3.10.13/lib/python3.10/site-packages/airflow/example_dags/example_dynamic_task_mapping.py for tasks to queue
[2024-05-26T09:28:08.226+0000] {logging_mixin.py:188} INFO - [2024-05-26T09:28:08.226+0000] {dagbag.py:545} INFO - Filling up the DagBag from /usr/local/python/3.10.13/lib/python3.10/site-packages/airflow/example_dags/example_dynamic_task_mapping.py
[2024-05-26T09:28:08.232+0000] {processor.py:840} INFO - DAG(s) 'example_dynamic_task_mapping' retrieved from /usr/local/python/3.10.13/lib/python3.10/site-packages/airflow/example_dags/example_dynamic_task_mapping.py
[2024-05-26T09:28:08.243+0000] {logging_mixin.py:188} INFO - [2024-05-26T09:28:08.243+0000] {dag.py:3096} INFO - Sync 1 DAGs
[2024-05-26T09:28:08.259+0000] {logging_mixin.py:188} INFO - [2024-05-26T09:28:08.259+0000] {dag.py:3954} INFO - Setting next_dagrun for example_dynamic_task_mapping to 2022-03-04 00:00:00+00:00, run_after=2022-03-05 00:00:00+00:00
[2024-05-26T09:28:08.295+0000] {processor.py:183} INFO - Processing /usr/local/python/3.10.13/lib/python3.10/site-packages/airflow/example_dags/example_dynamic_task_mapping.py took 0.076 seconds
[2024-05-26T09:28:49.256+0000] {processor.py:161} INFO - Started process (PID=48006) to work on /usr/local/python/3.10.13/lib/python3.10/site-packages/airflow/example_dags/example_dynamic_task_mapping.py
[2024-05-26T09:28:49.257+0000] {processor.py:830} INFO - Processing file /usr/local/python/3.10.13/lib/python3.10/site-packages/airflow/example_dags/example_dynamic_task_mapping.py for tasks to queue
[2024-05-26T09:28:49.259+0000] {logging_mixin.py:188} INFO - [2024-05-26T09:28:49.258+0000] {dagbag.py:545} INFO - Filling up the DagBag from /usr/local/python/3.10.13/lib/python3.10/site-packages/airflow/example_dags/example_dynamic_task_mapping.py
[2024-05-26T09:28:49.263+0000] {processor.py:840} INFO - DAG(s) 'example_dynamic_task_mapping' retrieved from /usr/local/python/3.10.13/lib/python3.10/site-packages/airflow/example_dags/example_dynamic_task_mapping.py
[2024-05-26T09:28:49.274+0000] {logging_mixin.py:188} INFO - [2024-05-26T09:28:49.274+0000] {dag.py:3096} INFO - Sync 1 DAGs
[2024-05-26T09:28:49.289+0000] {logging_mixin.py:188} INFO - [2024-05-26T09:28:49.289+0000] {dag.py:3954} INFO - Setting next_dagrun for example_dynamic_task_mapping to 2022-03-04 00:00:00+00:00, run_after=2022-03-05 00:00:00+00:00
[2024-05-26T09:28:49.325+0000] {processor.py:183} INFO - Processing /usr/local/python/3.10.13/lib/python3.10/site-packages/airflow/example_dags/example_dynamic_task_mapping.py took 0.074 seconds
[2024-05-26T09:29:32.184+0000] {processor.py:161} INFO - Started process (PID=48301) to work on /usr/local/python/3.10.13/lib/python3.10/site-packages/airflow/example_dags/example_dynamic_task_mapping.py
[2024-05-26T09:29:32.185+0000] {processor.py:830} INFO - Processing file /usr/local/python/3.10.13/lib/python3.10/site-packages/airflow/example_dags/example_dynamic_task_mapping.py for tasks to queue
[2024-05-26T09:29:32.186+0000] {logging_mixin.py:188} INFO - [2024-05-26T09:29:32.186+0000] {dagbag.py:545} INFO - Filling up the DagBag from /usr/local/python/3.10.13/lib/python3.10/site-packages/airflow/example_dags/example_dynamic_task_mapping.py
[2024-05-26T09:29:32.191+0000] {processor.py:840} INFO - DAG(s) 'example_dynamic_task_mapping' retrieved from /usr/local/python/3.10.13/lib/python3.10/site-packages/airflow/example_dags/example_dynamic_task_mapping.py
[2024-05-26T09:29:32.203+0000] {logging_mixin.py:188} INFO - [2024-05-26T09:29:32.203+0000] {dag.py:3096} INFO - Sync 1 DAGs
[2024-05-26T09:29:32.218+0000] {logging_mixin.py:188} INFO - [2024-05-26T09:29:32.218+0000] {dag.py:3954} INFO - Setting next_dagrun for example_dynamic_task_mapping to 2022-03-04 00:00:00+00:00, run_after=2022-03-05 00:00:00+00:00
[2024-05-26T09:29:32.253+0000] {processor.py:183} INFO - Processing /usr/local/python/3.10.13/lib/python3.10/site-packages/airflow/example_dags/example_dynamic_task_mapping.py took 0.075 seconds
[2024-05-26T09:30:32.581+0000] {processor.py:161} INFO - Started process (PID=48725) to work on /usr/local/python/3.10.13/lib/python3.10/site-packages/airflow/example_dags/example_dynamic_task_mapping.py
[2024-05-26T09:30:32.582+0000] {processor.py:830} INFO - Processing file /usr/local/python/3.10.13/lib/python3.10/site-packages/airflow/example_dags/example_dynamic_task_mapping.py for tasks to queue
[2024-05-26T09:30:32.584+0000] {logging_mixin.py:188} INFO - [2024-05-26T09:30:32.584+0000] {dagbag.py:545} INFO - Filling up the DagBag from /usr/local/python/3.10.13/lib/python3.10/site-packages/airflow/example_dags/example_dynamic_task_mapping.py
[2024-05-26T09:30:32.589+0000] {processor.py:840} INFO - DAG(s) 'example_dynamic_task_mapping' retrieved from /usr/local/python/3.10.13/lib/python3.10/site-packages/airflow/example_dags/example_dynamic_task_mapping.py
[2024-05-26T09:30:32.599+0000] {logging_mixin.py:188} INFO - [2024-05-26T09:30:32.599+0000] {dag.py:3096} INFO - Sync 1 DAGs
[2024-05-26T09:30:32.614+0000] {logging_mixin.py:188} INFO - [2024-05-26T09:30:32.614+0000] {dag.py:3954} INFO - Setting next_dagrun for example_dynamic_task_mapping to 2022-03-04 00:00:00+00:00, run_after=2022-03-05 00:00:00+00:00
[2024-05-26T09:30:32.655+0000] {processor.py:183} INFO - Processing /usr/local/python/3.10.13/lib/python3.10/site-packages/airflow/example_dags/example_dynamic_task_mapping.py took 0.078 seconds
[2024-05-26T09:31:30.980+0000] {processor.py:161} INFO - Started process (PID=49126) to work on /usr/local/python/3.10.13/lib/python3.10/site-packages/airflow/example_dags/example_dynamic_task_mapping.py
[2024-05-26T09:31:30.981+0000] {processor.py:830} INFO - Processing file /usr/local/python/3.10.13/lib/python3.10/site-packages/airflow/example_dags/example_dynamic_task_mapping.py for tasks to queue
[2024-05-26T09:31:30.982+0000] {logging_mixin.py:188} INFO - [2024-05-26T09:31:30.982+0000] {dagbag.py:545} INFO - Filling up the DagBag from /usr/local/python/3.10.13/lib/python3.10/site-packages/airflow/example_dags/example_dynamic_task_mapping.py
[2024-05-26T09:31:30.988+0000] {processor.py:840} INFO - DAG(s) 'example_dynamic_task_mapping' retrieved from /usr/local/python/3.10.13/lib/python3.10/site-packages/airflow/example_dags/example_dynamic_task_mapping.py
[2024-05-26T09:31:30.999+0000] {logging_mixin.py:188} INFO - [2024-05-26T09:31:30.999+0000] {dag.py:3096} INFO - Sync 1 DAGs
[2024-05-26T09:31:31.014+0000] {logging_mixin.py:188} INFO - [2024-05-26T09:31:31.014+0000] {dag.py:3954} INFO - Setting next_dagrun for example_dynamic_task_mapping to 2022-03-04 00:00:00+00:00, run_after=2022-03-05 00:00:00+00:00
[2024-05-26T09:31:31.049+0000] {processor.py:183} INFO - Processing /usr/local/python/3.10.13/lib/python3.10/site-packages/airflow/example_dags/example_dynamic_task_mapping.py took 0.073 seconds
[2024-05-26T09:32:17.140+0000] {processor.py:161} INFO - Started process (PID=49445) to work on /usr/local/python/3.10.13/lib/python3.10/site-packages/airflow/example_dags/example_dynamic_task_mapping.py
[2024-05-26T09:32:17.141+0000] {processor.py:830} INFO - Processing file /usr/local/python/3.10.13/lib/python3.10/site-packages/airflow/example_dags/example_dynamic_task_mapping.py for tasks to queue
[2024-05-26T09:32:17.142+0000] {logging_mixin.py:188} INFO - [2024-05-26T09:32:17.142+0000] {dagbag.py:545} INFO - Filling up the DagBag from /usr/local/python/3.10.13/lib/python3.10/site-packages/airflow/example_dags/example_dynamic_task_mapping.py
[2024-05-26T09:32:17.147+0000] {processor.py:840} INFO - DAG(s) 'example_dynamic_task_mapping' retrieved from /usr/local/python/3.10.13/lib/python3.10/site-packages/airflow/example_dags/example_dynamic_task_mapping.py
[2024-05-26T09:32:17.159+0000] {logging_mixin.py:188} INFO - [2024-05-26T09:32:17.159+0000] {dag.py:3096} INFO - Sync 1 DAGs
[2024-05-26T09:32:17.174+0000] {logging_mixin.py:188} INFO - [2024-05-26T09:32:17.174+0000] {dag.py:3954} INFO - Setting next_dagrun for example_dynamic_task_mapping to 2022-03-04 00:00:00+00:00, run_after=2022-03-05 00:00:00+00:00
[2024-05-26T09:32:17.214+0000] {processor.py:183} INFO - Processing /usr/local/python/3.10.13/lib/python3.10/site-packages/airflow/example_dags/example_dynamic_task_mapping.py took 0.079 seconds
[2024-05-26T09:33:14.961+0000] {processor.py:161} INFO - Started process (PID=49868) to work on /usr/local/python/3.10.13/lib/python3.10/site-packages/airflow/example_dags/example_dynamic_task_mapping.py
[2024-05-26T09:33:14.962+0000] {processor.py:830} INFO - Processing file /usr/local/python/3.10.13/lib/python3.10/site-packages/airflow/example_dags/example_dynamic_task_mapping.py for tasks to queue
[2024-05-26T09:33:14.963+0000] {logging_mixin.py:188} INFO - [2024-05-26T09:33:14.963+0000] {dagbag.py:545} INFO - Filling up the DagBag from /usr/local/python/3.10.13/lib/python3.10/site-packages/airflow/example_dags/example_dynamic_task_mapping.py
[2024-05-26T09:33:14.968+0000] {processor.py:840} INFO - DAG(s) 'example_dynamic_task_mapping' retrieved from /usr/local/python/3.10.13/lib/python3.10/site-packages/airflow/example_dags/example_dynamic_task_mapping.py
[2024-05-26T09:33:14.979+0000] {logging_mixin.py:188} INFO - [2024-05-26T09:33:14.979+0000] {dag.py:3096} INFO - Sync 1 DAGs
[2024-05-26T09:33:14.993+0000] {logging_mixin.py:188} INFO - [2024-05-26T09:33:14.993+0000] {dag.py:3954} INFO - Setting next_dagrun for example_dynamic_task_mapping to 2022-03-04 00:00:00+00:00, run_after=2022-03-05 00:00:00+00:00
[2024-05-26T09:33:15.030+0000] {processor.py:183} INFO - Processing /usr/local/python/3.10.13/lib/python3.10/site-packages/airflow/example_dags/example_dynamic_task_mapping.py took 0.073 seconds
[2024-05-26T09:34:17.832+0000] {processor.py:161} INFO - Started process (PID=50302) to work on /usr/local/python/3.10.13/lib/python3.10/site-packages/airflow/example_dags/example_dynamic_task_mapping.py
[2024-05-26T09:34:17.833+0000] {processor.py:830} INFO - Processing file /usr/local/python/3.10.13/lib/python3.10/site-packages/airflow/example_dags/example_dynamic_task_mapping.py for tasks to queue
[2024-05-26T09:34:17.835+0000] {logging_mixin.py:188} INFO - [2024-05-26T09:34:17.835+0000] {dagbag.py:545} INFO - Filling up the DagBag from /usr/local/python/3.10.13/lib/python3.10/site-packages/airflow/example_dags/example_dynamic_task_mapping.py
[2024-05-26T09:34:17.842+0000] {processor.py:840} INFO - DAG(s) 'example_dynamic_task_mapping' retrieved from /usr/local/python/3.10.13/lib/python3.10/site-packages/airflow/example_dags/example_dynamic_task_mapping.py
[2024-05-26T09:34:17.853+0000] {logging_mixin.py:188} INFO - [2024-05-26T09:34:17.853+0000] {dag.py:3096} INFO - Sync 1 DAGs
[2024-05-26T09:34:17.868+0000] {logging_mixin.py:188} INFO - [2024-05-26T09:34:17.868+0000] {dag.py:3954} INFO - Setting next_dagrun for example_dynamic_task_mapping to 2022-03-04 00:00:00+00:00, run_after=2022-03-05 00:00:00+00:00
[2024-05-26T09:34:17.907+0000] {processor.py:183} INFO - Processing /usr/local/python/3.10.13/lib/python3.10/site-packages/airflow/example_dags/example_dynamic_task_mapping.py took 0.081 seconds
[2024-05-26T09:35:13.355+0000] {processor.py:161} INFO - Started process (PID=50697) to work on /usr/local/python/3.10.13/lib/python3.10/site-packages/airflow/example_dags/example_dynamic_task_mapping.py
[2024-05-26T09:35:13.356+0000] {processor.py:830} INFO - Processing file /usr/local/python/3.10.13/lib/python3.10/site-packages/airflow/example_dags/example_dynamic_task_mapping.py for tasks to queue
[2024-05-26T09:35:13.358+0000] {logging_mixin.py:188} INFO - [2024-05-26T09:35:13.357+0000] {dagbag.py:545} INFO - Filling up the DagBag from /usr/local/python/3.10.13/lib/python3.10/site-packages/airflow/example_dags/example_dynamic_task_mapping.py
[2024-05-26T09:35:13.364+0000] {processor.py:840} INFO - DAG(s) 'example_dynamic_task_mapping' retrieved from /usr/local/python/3.10.13/lib/python3.10/site-packages/airflow/example_dags/example_dynamic_task_mapping.py
[2024-05-26T09:35:13.381+0000] {logging_mixin.py:188} INFO - [2024-05-26T09:35:13.380+0000] {dag.py:3096} INFO - Sync 1 DAGs
[2024-05-26T09:35:13.397+0000] {logging_mixin.py:188} INFO - [2024-05-26T09:35:13.396+0000] {dag.py:3954} INFO - Setting next_dagrun for example_dynamic_task_mapping to 2022-03-04 00:00:00+00:00, run_after=2022-03-05 00:00:00+00:00
[2024-05-26T09:35:13.433+0000] {processor.py:183} INFO - Processing /usr/local/python/3.10.13/lib/python3.10/site-packages/airflow/example_dags/example_dynamic_task_mapping.py took 0.085 seconds
[2024-05-26T09:35:53.603+0000] {processor.py:161} INFO - Started process (PID=50968) to work on /usr/local/python/3.10.13/lib/python3.10/site-packages/airflow/example_dags/example_dynamic_task_mapping.py
[2024-05-26T09:35:53.604+0000] {processor.py:830} INFO - Processing file /usr/local/python/3.10.13/lib/python3.10/site-packages/airflow/example_dags/example_dynamic_task_mapping.py for tasks to queue
[2024-05-26T09:35:53.605+0000] {logging_mixin.py:188} INFO - [2024-05-26T09:35:53.605+0000] {dagbag.py:545} INFO - Filling up the DagBag from /usr/local/python/3.10.13/lib/python3.10/site-packages/airflow/example_dags/example_dynamic_task_mapping.py
[2024-05-26T09:35:53.610+0000] {processor.py:840} INFO - DAG(s) 'example_dynamic_task_mapping' retrieved from /usr/local/python/3.10.13/lib/python3.10/site-packages/airflow/example_dags/example_dynamic_task_mapping.py
[2024-05-26T09:35:53.621+0000] {logging_mixin.py:188} INFO - [2024-05-26T09:35:53.621+0000] {dag.py:3096} INFO - Sync 1 DAGs
[2024-05-26T09:35:53.635+0000] {logging_mixin.py:188} INFO - [2024-05-26T09:35:53.635+0000] {dag.py:3954} INFO - Setting next_dagrun for example_dynamic_task_mapping to 2022-03-04 00:00:00+00:00, run_after=2022-03-05 00:00:00+00:00
[2024-05-26T09:35:53.672+0000] {processor.py:183} INFO - Processing /usr/local/python/3.10.13/lib/python3.10/site-packages/airflow/example_dags/example_dynamic_task_mapping.py took 0.073 seconds
[2024-05-26T09:36:54.466+0000] {processor.py:161} INFO - Started process (PID=51392) to work on /usr/local/python/3.10.13/lib/python3.10/site-packages/airflow/example_dags/example_dynamic_task_mapping.py
[2024-05-26T09:36:54.467+0000] {processor.py:830} INFO - Processing file /usr/local/python/3.10.13/lib/python3.10/site-packages/airflow/example_dags/example_dynamic_task_mapping.py for tasks to queue
[2024-05-26T09:36:54.468+0000] {logging_mixin.py:188} INFO - [2024-05-26T09:36:54.468+0000] {dagbag.py:545} INFO - Filling up the DagBag from /usr/local/python/3.10.13/lib/python3.10/site-packages/airflow/example_dags/example_dynamic_task_mapping.py
[2024-05-26T09:36:54.473+0000] {processor.py:840} INFO - DAG(s) 'example_dynamic_task_mapping' retrieved from /usr/local/python/3.10.13/lib/python3.10/site-packages/airflow/example_dags/example_dynamic_task_mapping.py
[2024-05-26T09:36:54.484+0000] {logging_mixin.py:188} INFO - [2024-05-26T09:36:54.484+0000] {dag.py:3096} INFO - Sync 1 DAGs
[2024-05-26T09:36:54.499+0000] {logging_mixin.py:188} INFO - [2024-05-26T09:36:54.499+0000] {dag.py:3954} INFO - Setting next_dagrun for example_dynamic_task_mapping to 2022-03-04 00:00:00+00:00, run_after=2022-03-05 00:00:00+00:00
[2024-05-26T09:36:54.544+0000] {processor.py:183} INFO - Processing /usr/local/python/3.10.13/lib/python3.10/site-packages/airflow/example_dags/example_dynamic_task_mapping.py took 0.083 seconds
[2024-05-26T09:37:39.435+0000] {processor.py:161} INFO - Started process (PID=51710) to work on /usr/local/python/3.10.13/lib/python3.10/site-packages/airflow/example_dags/example_dynamic_task_mapping.py
[2024-05-26T09:37:39.436+0000] {processor.py:830} INFO - Processing file /usr/local/python/3.10.13/lib/python3.10/site-packages/airflow/example_dags/example_dynamic_task_mapping.py for tasks to queue
[2024-05-26T09:37:39.437+0000] {logging_mixin.py:188} INFO - [2024-05-26T09:37:39.437+0000] {dagbag.py:545} INFO - Filling up the DagBag from /usr/local/python/3.10.13/lib/python3.10/site-packages/airflow/example_dags/example_dynamic_task_mapping.py
[2024-05-26T09:37:39.442+0000] {processor.py:840} INFO - DAG(s) 'example_dynamic_task_mapping' retrieved from /usr/local/python/3.10.13/lib/python3.10/site-packages/airflow/example_dags/example_dynamic_task_mapping.py
[2024-05-26T09:37:39.453+0000] {logging_mixin.py:188} INFO - [2024-05-26T09:37:39.453+0000] {dag.py:3096} INFO - Sync 1 DAGs
[2024-05-26T09:37:39.468+0000] {logging_mixin.py:188} INFO - [2024-05-26T09:37:39.468+0000] {dag.py:3954} INFO - Setting next_dagrun for example_dynamic_task_mapping to 2022-03-04 00:00:00+00:00, run_after=2022-03-05 00:00:00+00:00
[2024-05-26T09:37:39.504+0000] {processor.py:183} INFO - Processing /usr/local/python/3.10.13/lib/python3.10/site-packages/airflow/example_dags/example_dynamic_task_mapping.py took 0.073 seconds
[2024-05-26T09:38:22.354+0000] {processor.py:161} INFO - Started process (PID=52007) to work on /usr/local/python/3.10.13/lib/python3.10/site-packages/airflow/example_dags/example_dynamic_task_mapping.py
[2024-05-26T09:38:22.355+0000] {processor.py:830} INFO - Processing file /usr/local/python/3.10.13/lib/python3.10/site-packages/airflow/example_dags/example_dynamic_task_mapping.py for tasks to queue
[2024-05-26T09:38:22.356+0000] {logging_mixin.py:188} INFO - [2024-05-26T09:38:22.356+0000] {dagbag.py:545} INFO - Filling up the DagBag from /usr/local/python/3.10.13/lib/python3.10/site-packages/airflow/example_dags/example_dynamic_task_mapping.py
[2024-05-26T09:38:22.361+0000] {processor.py:840} INFO - DAG(s) 'example_dynamic_task_mapping' retrieved from /usr/local/python/3.10.13/lib/python3.10/site-packages/airflow/example_dags/example_dynamic_task_mapping.py
[2024-05-26T09:38:22.373+0000] {logging_mixin.py:188} INFO - [2024-05-26T09:38:22.372+0000] {dag.py:3096} INFO - Sync 1 DAGs
[2024-05-26T09:38:22.387+0000] {logging_mixin.py:188} INFO - [2024-05-26T09:38:22.387+0000] {dag.py:3954} INFO - Setting next_dagrun for example_dynamic_task_mapping to 2022-03-04 00:00:00+00:00, run_after=2022-03-05 00:00:00+00:00
[2024-05-26T09:38:22.425+0000] {processor.py:183} INFO - Processing /usr/local/python/3.10.13/lib/python3.10/site-packages/airflow/example_dags/example_dynamic_task_mapping.py took 0.075 seconds
[2024-05-26T09:39:17.128+0000] {processor.py:161} INFO - Started process (PID=52380) to work on /usr/local/python/3.10.13/lib/python3.10/site-packages/airflow/example_dags/example_dynamic_task_mapping.py
[2024-05-26T09:39:17.129+0000] {processor.py:830} INFO - Processing file /usr/local/python/3.10.13/lib/python3.10/site-packages/airflow/example_dags/example_dynamic_task_mapping.py for tasks to queue
[2024-05-26T09:39:17.130+0000] {logging_mixin.py:188} INFO - [2024-05-26T09:39:17.130+0000] {dagbag.py:545} INFO - Filling up the DagBag from /usr/local/python/3.10.13/lib/python3.10/site-packages/airflow/example_dags/example_dynamic_task_mapping.py
[2024-05-26T09:39:17.136+0000] {processor.py:840} INFO - DAG(s) 'example_dynamic_task_mapping' retrieved from /usr/local/python/3.10.13/lib/python3.10/site-packages/airflow/example_dags/example_dynamic_task_mapping.py
[2024-05-26T09:39:17.149+0000] {logging_mixin.py:188} INFO - [2024-05-26T09:39:17.149+0000] {dag.py:3096} INFO - Sync 1 DAGs
[2024-05-26T09:39:17.173+0000] {logging_mixin.py:188} INFO - [2024-05-26T09:39:17.173+0000] {dag.py:3954} INFO - Setting next_dagrun for example_dynamic_task_mapping to 2022-03-04 00:00:00+00:00, run_after=2022-03-05 00:00:00+00:00
[2024-05-26T09:39:17.220+0000] {processor.py:183} INFO - Processing /usr/local/python/3.10.13/lib/python3.10/site-packages/airflow/example_dags/example_dynamic_task_mapping.py took 0.096 seconds
[2024-05-26T09:40:01.079+0000] {processor.py:161} INFO - Started process (PID=52705) to work on /usr/local/python/3.10.13/lib/python3.10/site-packages/airflow/example_dags/example_dynamic_task_mapping.py
[2024-05-26T09:40:01.080+0000] {processor.py:830} INFO - Processing file /usr/local/python/3.10.13/lib/python3.10/site-packages/airflow/example_dags/example_dynamic_task_mapping.py for tasks to queue
[2024-05-26T09:40:01.081+0000] {logging_mixin.py:188} INFO - [2024-05-26T09:40:01.081+0000] {dagbag.py:545} INFO - Filling up the DagBag from /usr/local/python/3.10.13/lib/python3.10/site-packages/airflow/example_dags/example_dynamic_task_mapping.py
[2024-05-26T09:40:01.086+0000] {processor.py:840} INFO - DAG(s) 'example_dynamic_task_mapping' retrieved from /usr/local/python/3.10.13/lib/python3.10/site-packages/airflow/example_dags/example_dynamic_task_mapping.py
[2024-05-26T09:40:01.097+0000] {logging_mixin.py:188} INFO - [2024-05-26T09:40:01.097+0000] {dag.py:3096} INFO - Sync 1 DAGs
[2024-05-26T09:40:01.120+0000] {logging_mixin.py:188} INFO - [2024-05-26T09:40:01.120+0000] {dag.py:3954} INFO - Setting next_dagrun for example_dynamic_task_mapping to 2022-03-04 00:00:00+00:00, run_after=2022-03-05 00:00:00+00:00
[2024-05-26T09:40:01.161+0000] {processor.py:183} INFO - Processing /usr/local/python/3.10.13/lib/python3.10/site-packages/airflow/example_dags/example_dynamic_task_mapping.py took 0.086 seconds
[2024-05-26T09:40:44.763+0000] {processor.py:161} INFO - Started process (PID=53003) to work on /usr/local/python/3.10.13/lib/python3.10/site-packages/airflow/example_dags/example_dynamic_task_mapping.py
[2024-05-26T09:40:44.764+0000] {processor.py:830} INFO - Processing file /usr/local/python/3.10.13/lib/python3.10/site-packages/airflow/example_dags/example_dynamic_task_mapping.py for tasks to queue
[2024-05-26T09:40:44.765+0000] {logging_mixin.py:188} INFO - [2024-05-26T09:40:44.765+0000] {dagbag.py:545} INFO - Filling up the DagBag from /usr/local/python/3.10.13/lib/python3.10/site-packages/airflow/example_dags/example_dynamic_task_mapping.py
[2024-05-26T09:40:44.770+0000] {processor.py:840} INFO - DAG(s) 'example_dynamic_task_mapping' retrieved from /usr/local/python/3.10.13/lib/python3.10/site-packages/airflow/example_dags/example_dynamic_task_mapping.py
[2024-05-26T09:40:44.782+0000] {logging_mixin.py:188} INFO - [2024-05-26T09:40:44.782+0000] {dag.py:3096} INFO - Sync 1 DAGs
[2024-05-26T09:40:44.797+0000] {logging_mixin.py:188} INFO - [2024-05-26T09:40:44.797+0000] {dag.py:3954} INFO - Setting next_dagrun for example_dynamic_task_mapping to 2022-03-04 00:00:00+00:00, run_after=2022-03-05 00:00:00+00:00
[2024-05-26T09:40:44.832+0000] {processor.py:183} INFO - Processing /usr/local/python/3.10.13/lib/python3.10/site-packages/airflow/example_dags/example_dynamic_task_mapping.py took 0.074 seconds
[2024-05-26T09:41:46.656+0000] {processor.py:161} INFO - Started process (PID=53426) to work on /usr/local/python/3.10.13/lib/python3.10/site-packages/airflow/example_dags/example_dynamic_task_mapping.py
[2024-05-26T09:41:46.657+0000] {processor.py:830} INFO - Processing file /usr/local/python/3.10.13/lib/python3.10/site-packages/airflow/example_dags/example_dynamic_task_mapping.py for tasks to queue
[2024-05-26T09:41:46.658+0000] {logging_mixin.py:188} INFO - [2024-05-26T09:41:46.657+0000] {dagbag.py:545} INFO - Filling up the DagBag from /usr/local/python/3.10.13/lib/python3.10/site-packages/airflow/example_dags/example_dynamic_task_mapping.py
[2024-05-26T09:41:46.663+0000] {processor.py:840} INFO - DAG(s) 'example_dynamic_task_mapping' retrieved from /usr/local/python/3.10.13/lib/python3.10/site-packages/airflow/example_dags/example_dynamic_task_mapping.py
[2024-05-26T09:41:46.674+0000] {logging_mixin.py:188} INFO - [2024-05-26T09:41:46.673+0000] {dag.py:3096} INFO - Sync 1 DAGs
[2024-05-26T09:41:46.688+0000] {logging_mixin.py:188} INFO - [2024-05-26T09:41:46.688+0000] {dag.py:3954} INFO - Setting next_dagrun for example_dynamic_task_mapping to 2022-03-04 00:00:00+00:00, run_after=2022-03-05 00:00:00+00:00
[2024-05-26T09:41:46.724+0000] {processor.py:183} INFO - Processing /usr/local/python/3.10.13/lib/python3.10/site-packages/airflow/example_dags/example_dynamic_task_mapping.py took 0.072 seconds
[2024-05-26T09:42:44.839+0000] {processor.py:161} INFO - Started process (PID=53838) to work on /usr/local/python/3.10.13/lib/python3.10/site-packages/airflow/example_dags/example_dynamic_task_mapping.py
[2024-05-26T09:42:44.839+0000] {processor.py:830} INFO - Processing file /usr/local/python/3.10.13/lib/python3.10/site-packages/airflow/example_dags/example_dynamic_task_mapping.py for tasks to queue
[2024-05-26T09:42:44.841+0000] {logging_mixin.py:188} INFO - [2024-05-26T09:42:44.840+0000] {dagbag.py:545} INFO - Filling up the DagBag from /usr/local/python/3.10.13/lib/python3.10/site-packages/airflow/example_dags/example_dynamic_task_mapping.py
[2024-05-26T09:42:44.846+0000] {processor.py:840} INFO - DAG(s) 'example_dynamic_task_mapping' retrieved from /usr/local/python/3.10.13/lib/python3.10/site-packages/airflow/example_dags/example_dynamic_task_mapping.py
[2024-05-26T09:42:44.856+0000] {logging_mixin.py:188} INFO - [2024-05-26T09:42:44.856+0000] {dag.py:3096} INFO - Sync 1 DAGs
[2024-05-26T09:42:44.871+0000] {logging_mixin.py:188} INFO - [2024-05-26T09:42:44.871+0000] {dag.py:3954} INFO - Setting next_dagrun for example_dynamic_task_mapping to 2022-03-04 00:00:00+00:00, run_after=2022-03-05 00:00:00+00:00
[2024-05-26T09:42:44.912+0000] {processor.py:183} INFO - Processing /usr/local/python/3.10.13/lib/python3.10/site-packages/airflow/example_dags/example_dynamic_task_mapping.py took 0.078 seconds
[2024-05-26T09:43:43.470+0000] {processor.py:161} INFO - Started process (PID=54261) to work on /usr/local/python/3.10.13/lib/python3.10/site-packages/airflow/example_dags/example_dynamic_task_mapping.py
[2024-05-26T09:43:43.473+0000] {processor.py:830} INFO - Processing file /usr/local/python/3.10.13/lib/python3.10/site-packages/airflow/example_dags/example_dynamic_task_mapping.py for tasks to queue
[2024-05-26T09:43:43.474+0000] {logging_mixin.py:188} INFO - [2024-05-26T09:43:43.474+0000] {dagbag.py:545} INFO - Filling up the DagBag from /usr/local/python/3.10.13/lib/python3.10/site-packages/airflow/example_dags/example_dynamic_task_mapping.py
[2024-05-26T09:43:43.481+0000] {processor.py:840} INFO - DAG(s) 'example_dynamic_task_mapping' retrieved from /usr/local/python/3.10.13/lib/python3.10/site-packages/airflow/example_dags/example_dynamic_task_mapping.py
[2024-05-26T09:43:43.492+0000] {logging_mixin.py:188} INFO - [2024-05-26T09:43:43.492+0000] {dag.py:3096} INFO - Sync 1 DAGs
[2024-05-26T09:43:43.507+0000] {logging_mixin.py:188} INFO - [2024-05-26T09:43:43.507+0000] {dag.py:3954} INFO - Setting next_dagrun for example_dynamic_task_mapping to 2022-03-04 00:00:00+00:00, run_after=2022-03-05 00:00:00+00:00
[2024-05-26T09:43:43.542+0000] {processor.py:183} INFO - Processing /usr/local/python/3.10.13/lib/python3.10/site-packages/airflow/example_dags/example_dynamic_task_mapping.py took 0.086 seconds
[2024-05-26T09:44:25.861+0000] {processor.py:161} INFO - Started process (PID=54656) to work on /usr/local/python/3.10.13/lib/python3.10/site-packages/airflow/example_dags/example_dynamic_task_mapping.py
[2024-05-26T09:44:25.862+0000] {processor.py:830} INFO - Processing file /usr/local/python/3.10.13/lib/python3.10/site-packages/airflow/example_dags/example_dynamic_task_mapping.py for tasks to queue
[2024-05-26T09:44:25.863+0000] {logging_mixin.py:188} INFO - [2024-05-26T09:44:25.863+0000] {dagbag.py:545} INFO - Filling up the DagBag from /usr/local/python/3.10.13/lib/python3.10/site-packages/airflow/example_dags/example_dynamic_task_mapping.py
[2024-05-26T09:44:25.869+0000] {processor.py:840} INFO - DAG(s) 'example_dynamic_task_mapping' retrieved from /usr/local/python/3.10.13/lib/python3.10/site-packages/airflow/example_dags/example_dynamic_task_mapping.py
[2024-05-26T09:44:25.880+0000] {logging_mixin.py:188} INFO - [2024-05-26T09:44:25.880+0000] {dag.py:3096} INFO - Sync 1 DAGs
[2024-05-26T09:44:25.895+0000] {logging_mixin.py:188} INFO - [2024-05-26T09:44:25.895+0000] {dag.py:3954} INFO - Setting next_dagrun for example_dynamic_task_mapping to 2022-03-04 00:00:00+00:00, run_after=2022-03-05 00:00:00+00:00
[2024-05-26T09:44:25.932+0000] {processor.py:183} INFO - Processing /usr/local/python/3.10.13/lib/python3.10/site-packages/airflow/example_dags/example_dynamic_task_mapping.py took 0.075 seconds
[2024-05-26T09:45:29.180+0000] {processor.py:161} INFO - Started process (PID=55364) to work on /usr/local/python/3.10.13/lib/python3.10/site-packages/airflow/example_dags/example_dynamic_task_mapping.py
[2024-05-26T09:45:29.180+0000] {processor.py:830} INFO - Processing file /usr/local/python/3.10.13/lib/python3.10/site-packages/airflow/example_dags/example_dynamic_task_mapping.py for tasks to queue
[2024-05-26T09:45:29.182+0000] {logging_mixin.py:188} INFO - [2024-05-26T09:45:29.182+0000] {dagbag.py:545} INFO - Filling up the DagBag from /usr/local/python/3.10.13/lib/python3.10/site-packages/airflow/example_dags/example_dynamic_task_mapping.py
[2024-05-26T09:45:29.187+0000] {processor.py:840} INFO - DAG(s) 'example_dynamic_task_mapping' retrieved from /usr/local/python/3.10.13/lib/python3.10/site-packages/airflow/example_dags/example_dynamic_task_mapping.py
[2024-05-26T09:45:29.204+0000] {logging_mixin.py:188} INFO - [2024-05-26T09:45:29.204+0000] {dag.py:3096} INFO - Sync 1 DAGs
[2024-05-26T09:45:29.224+0000] {logging_mixin.py:188} INFO - [2024-05-26T09:45:29.224+0000] {dag.py:3954} INFO - Setting next_dagrun for example_dynamic_task_mapping to 2022-03-04 00:00:00+00:00, run_after=2022-03-05 00:00:00+00:00
[2024-05-26T09:45:29.264+0000] {processor.py:183} INFO - Processing /usr/local/python/3.10.13/lib/python3.10/site-packages/airflow/example_dags/example_dynamic_task_mapping.py took 0.089 seconds
[2024-05-26T09:46:27.266+0000] {processor.py:161} INFO - Started process (PID=56139) to work on /usr/local/python/3.10.13/lib/python3.10/site-packages/airflow/example_dags/example_dynamic_task_mapping.py
[2024-05-26T09:46:27.267+0000] {processor.py:830} INFO - Processing file /usr/local/python/3.10.13/lib/python3.10/site-packages/airflow/example_dags/example_dynamic_task_mapping.py for tasks to queue
[2024-05-26T09:46:27.268+0000] {logging_mixin.py:188} INFO - [2024-05-26T09:46:27.268+0000] {dagbag.py:545} INFO - Filling up the DagBag from /usr/local/python/3.10.13/lib/python3.10/site-packages/airflow/example_dags/example_dynamic_task_mapping.py
[2024-05-26T09:46:27.273+0000] {processor.py:840} INFO - DAG(s) 'example_dynamic_task_mapping' retrieved from /usr/local/python/3.10.13/lib/python3.10/site-packages/airflow/example_dags/example_dynamic_task_mapping.py
[2024-05-26T09:46:27.287+0000] {logging_mixin.py:188} INFO - [2024-05-26T09:46:27.287+0000] {dag.py:3096} INFO - Sync 1 DAGs
[2024-05-26T09:46:27.302+0000] {logging_mixin.py:188} INFO - [2024-05-26T09:46:27.302+0000] {dag.py:3954} INFO - Setting next_dagrun for example_dynamic_task_mapping to 2022-03-04 00:00:00+00:00, run_after=2022-03-05 00:00:00+00:00
[2024-05-26T09:46:27.340+0000] {processor.py:183} INFO - Processing /usr/local/python/3.10.13/lib/python3.10/site-packages/airflow/example_dags/example_dynamic_task_mapping.py took 0.078 seconds
[2024-05-26T09:47:27.409+0000] {processor.py:161} INFO - Started process (PID=56861) to work on /usr/local/python/3.10.13/lib/python3.10/site-packages/airflow/example_dags/example_dynamic_task_mapping.py
[2024-05-26T09:47:27.410+0000] {processor.py:830} INFO - Processing file /usr/local/python/3.10.13/lib/python3.10/site-packages/airflow/example_dags/example_dynamic_task_mapping.py for tasks to queue
[2024-05-26T09:47:27.411+0000] {logging_mixin.py:188} INFO - [2024-05-26T09:47:27.410+0000] {dagbag.py:545} INFO - Filling up the DagBag from /usr/local/python/3.10.13/lib/python3.10/site-packages/airflow/example_dags/example_dynamic_task_mapping.py
[2024-05-26T09:47:27.416+0000] {processor.py:840} INFO - DAG(s) 'example_dynamic_task_mapping' retrieved from /usr/local/python/3.10.13/lib/python3.10/site-packages/airflow/example_dags/example_dynamic_task_mapping.py
[2024-05-26T09:47:27.427+0000] {logging_mixin.py:188} INFO - [2024-05-26T09:47:27.427+0000] {dag.py:3096} INFO - Sync 1 DAGs
[2024-05-26T09:47:27.449+0000] {logging_mixin.py:188} INFO - [2024-05-26T09:47:27.449+0000] {dag.py:3954} INFO - Setting next_dagrun for example_dynamic_task_mapping to 2022-03-04 00:00:00+00:00, run_after=2022-03-05 00:00:00+00:00
[2024-05-26T09:47:27.494+0000] {processor.py:183} INFO - Processing /usr/local/python/3.10.13/lib/python3.10/site-packages/airflow/example_dags/example_dynamic_task_mapping.py took 0.090 seconds
[2024-05-26T09:48:25.502+0000] {processor.py:161} INFO - Started process (PID=57530) to work on /usr/local/python/3.10.13/lib/python3.10/site-packages/airflow/example_dags/example_dynamic_task_mapping.py
[2024-05-26T09:48:25.502+0000] {processor.py:830} INFO - Processing file /usr/local/python/3.10.13/lib/python3.10/site-packages/airflow/example_dags/example_dynamic_task_mapping.py for tasks to queue
[2024-05-26T09:48:25.504+0000] {logging_mixin.py:188} INFO - [2024-05-26T09:48:25.503+0000] {dagbag.py:545} INFO - Filling up the DagBag from /usr/local/python/3.10.13/lib/python3.10/site-packages/airflow/example_dags/example_dynamic_task_mapping.py
[2024-05-26T09:48:25.509+0000] {processor.py:840} INFO - DAG(s) 'example_dynamic_task_mapping' retrieved from /usr/local/python/3.10.13/lib/python3.10/site-packages/airflow/example_dags/example_dynamic_task_mapping.py
[2024-05-26T09:48:25.520+0000] {logging_mixin.py:188} INFO - [2024-05-26T09:48:25.520+0000] {dag.py:3096} INFO - Sync 1 DAGs
[2024-05-26T09:48:25.535+0000] {logging_mixin.py:188} INFO - [2024-05-26T09:48:25.534+0000] {dag.py:3954} INFO - Setting next_dagrun for example_dynamic_task_mapping to 2022-03-04 00:00:00+00:00, run_after=2022-03-05 00:00:00+00:00
[2024-05-26T09:48:25.572+0000] {processor.py:183} INFO - Processing /usr/local/python/3.10.13/lib/python3.10/site-packages/airflow/example_dags/example_dynamic_task_mapping.py took 0.075 seconds
[2024-05-26T09:49:08.200+0000] {processor.py:161} INFO - Started process (PID=57958) to work on /usr/local/python/3.10.13/lib/python3.10/site-packages/airflow/example_dags/example_dynamic_task_mapping.py
[2024-05-26T09:49:08.200+0000] {processor.py:830} INFO - Processing file /usr/local/python/3.10.13/lib/python3.10/site-packages/airflow/example_dags/example_dynamic_task_mapping.py for tasks to queue
[2024-05-26T09:49:08.202+0000] {logging_mixin.py:188} INFO - [2024-05-26T09:49:08.201+0000] {dagbag.py:545} INFO - Filling up the DagBag from /usr/local/python/3.10.13/lib/python3.10/site-packages/airflow/example_dags/example_dynamic_task_mapping.py
[2024-05-26T09:49:08.207+0000] {processor.py:840} INFO - DAG(s) 'example_dynamic_task_mapping' retrieved from /usr/local/python/3.10.13/lib/python3.10/site-packages/airflow/example_dags/example_dynamic_task_mapping.py
[2024-05-26T09:49:08.221+0000] {logging_mixin.py:188} INFO - [2024-05-26T09:49:08.220+0000] {dag.py:3096} INFO - Sync 1 DAGs
[2024-05-26T09:49:08.236+0000] {logging_mixin.py:188} INFO - [2024-05-26T09:49:08.235+0000] {dag.py:3954} INFO - Setting next_dagrun for example_dynamic_task_mapping to 2022-03-04 00:00:00+00:00, run_after=2022-03-05 00:00:00+00:00
[2024-05-26T09:49:08.274+0000] {processor.py:183} INFO - Processing /usr/local/python/3.10.13/lib/python3.10/site-packages/airflow/example_dags/example_dynamic_task_mapping.py took 0.079 seconds
[2024-05-26T09:49:52.074+0000] {processor.py:161} INFO - Started process (PID=58441) to work on /usr/local/python/3.10.13/lib/python3.10/site-packages/airflow/example_dags/example_dynamic_task_mapping.py
[2024-05-26T09:49:52.075+0000] {processor.py:830} INFO - Processing file /usr/local/python/3.10.13/lib/python3.10/site-packages/airflow/example_dags/example_dynamic_task_mapping.py for tasks to queue
[2024-05-26T09:49:52.076+0000] {logging_mixin.py:188} INFO - [2024-05-26T09:49:52.076+0000] {dagbag.py:545} INFO - Filling up the DagBag from /usr/local/python/3.10.13/lib/python3.10/site-packages/airflow/example_dags/example_dynamic_task_mapping.py
[2024-05-26T09:49:52.081+0000] {processor.py:840} INFO - DAG(s) 'example_dynamic_task_mapping' retrieved from /usr/local/python/3.10.13/lib/python3.10/site-packages/airflow/example_dags/example_dynamic_task_mapping.py
[2024-05-26T09:49:52.093+0000] {logging_mixin.py:188} INFO - [2024-05-26T09:49:52.093+0000] {dag.py:3096} INFO - Sync 1 DAGs
[2024-05-26T09:49:52.108+0000] {logging_mixin.py:188} INFO - [2024-05-26T09:49:52.108+0000] {dag.py:3954} INFO - Setting next_dagrun for example_dynamic_task_mapping to 2022-03-04 00:00:00+00:00, run_after=2022-03-05 00:00:00+00:00
[2024-05-26T09:49:52.145+0000] {processor.py:183} INFO - Processing /usr/local/python/3.10.13/lib/python3.10/site-packages/airflow/example_dags/example_dynamic_task_mapping.py took 0.078 seconds
[2024-05-26T09:50:53.890+0000] {processor.py:161} INFO - Started process (PID=58936) to work on /usr/local/python/3.10.13/lib/python3.10/site-packages/airflow/example_dags/example_dynamic_task_mapping.py
[2024-05-26T09:50:53.890+0000] {processor.py:830} INFO - Processing file /usr/local/python/3.10.13/lib/python3.10/site-packages/airflow/example_dags/example_dynamic_task_mapping.py for tasks to queue
[2024-05-26T09:50:53.892+0000] {logging_mixin.py:188} INFO - [2024-05-26T09:50:53.892+0000] {dagbag.py:545} INFO - Filling up the DagBag from /usr/local/python/3.10.13/lib/python3.10/site-packages/airflow/example_dags/example_dynamic_task_mapping.py
[2024-05-26T09:50:53.899+0000] {processor.py:840} INFO - DAG(s) 'example_dynamic_task_mapping' retrieved from /usr/local/python/3.10.13/lib/python3.10/site-packages/airflow/example_dags/example_dynamic_task_mapping.py
[2024-05-26T09:50:53.912+0000] {logging_mixin.py:188} INFO - [2024-05-26T09:50:53.912+0000] {dag.py:3096} INFO - Sync 1 DAGs
[2024-05-26T09:50:53.927+0000] {logging_mixin.py:188} INFO - [2024-05-26T09:50:53.927+0000] {dag.py:3954} INFO - Setting next_dagrun for example_dynamic_task_mapping to 2022-03-04 00:00:00+00:00, run_after=2022-03-05 00:00:00+00:00
[2024-05-26T09:50:53.963+0000] {processor.py:183} INFO - Processing /usr/local/python/3.10.13/lib/python3.10/site-packages/airflow/example_dags/example_dynamic_task_mapping.py took 0.080 seconds
[2024-05-26T09:51:54.749+0000] {processor.py:161} INFO - Started process (PID=59562) to work on /usr/local/python/3.10.13/lib/python3.10/site-packages/airflow/example_dags/example_dynamic_task_mapping.py
[2024-05-26T09:51:54.750+0000] {processor.py:830} INFO - Processing file /usr/local/python/3.10.13/lib/python3.10/site-packages/airflow/example_dags/example_dynamic_task_mapping.py for tasks to queue
[2024-05-26T09:51:54.751+0000] {logging_mixin.py:188} INFO - [2024-05-26T09:51:54.751+0000] {dagbag.py:545} INFO - Filling up the DagBag from /usr/local/python/3.10.13/lib/python3.10/site-packages/airflow/example_dags/example_dynamic_task_mapping.py
[2024-05-26T09:51:54.756+0000] {processor.py:840} INFO - DAG(s) 'example_dynamic_task_mapping' retrieved from /usr/local/python/3.10.13/lib/python3.10/site-packages/airflow/example_dags/example_dynamic_task_mapping.py
[2024-05-26T09:51:54.768+0000] {logging_mixin.py:188} INFO - [2024-05-26T09:51:54.768+0000] {dag.py:3096} INFO - Sync 1 DAGs
[2024-05-26T09:51:54.783+0000] {logging_mixin.py:188} INFO - [2024-05-26T09:51:54.783+0000] {dag.py:3954} INFO - Setting next_dagrun for example_dynamic_task_mapping to 2022-03-04 00:00:00+00:00, run_after=2022-03-05 00:00:00+00:00
[2024-05-26T09:51:54.825+0000] {processor.py:183} INFO - Processing /usr/local/python/3.10.13/lib/python3.10/site-packages/airflow/example_dags/example_dynamic_task_mapping.py took 0.081 seconds
[2024-05-26T09:52:37.321+0000] {processor.py:161} INFO - Started process (PID=59974) to work on /usr/local/python/3.10.13/lib/python3.10/site-packages/airflow/example_dags/example_dynamic_task_mapping.py
[2024-05-26T09:52:37.321+0000] {processor.py:830} INFO - Processing file /usr/local/python/3.10.13/lib/python3.10/site-packages/airflow/example_dags/example_dynamic_task_mapping.py for tasks to queue
[2024-05-26T09:52:37.323+0000] {logging_mixin.py:188} INFO - [2024-05-26T09:52:37.322+0000] {dagbag.py:545} INFO - Filling up the DagBag from /usr/local/python/3.10.13/lib/python3.10/site-packages/airflow/example_dags/example_dynamic_task_mapping.py
[2024-05-26T09:52:37.327+0000] {processor.py:840} INFO - DAG(s) 'example_dynamic_task_mapping' retrieved from /usr/local/python/3.10.13/lib/python3.10/site-packages/airflow/example_dags/example_dynamic_task_mapping.py
[2024-05-26T09:52:37.338+0000] {logging_mixin.py:188} INFO - [2024-05-26T09:52:37.338+0000] {dag.py:3096} INFO - Sync 1 DAGs
[2024-05-26T09:52:37.353+0000] {logging_mixin.py:188} INFO - [2024-05-26T09:52:37.353+0000] {dag.py:3954} INFO - Setting next_dagrun for example_dynamic_task_mapping to 2022-03-04 00:00:00+00:00, run_after=2022-03-05 00:00:00+00:00
[2024-05-26T09:52:37.387+0000] {processor.py:183} INFO - Processing /usr/local/python/3.10.13/lib/python3.10/site-packages/airflow/example_dags/example_dynamic_task_mapping.py took 0.071 seconds
[2024-05-26T09:53:39.126+0000] {processor.py:161} INFO - Started process (PID=60456) to work on /usr/local/python/3.10.13/lib/python3.10/site-packages/airflow/example_dags/example_dynamic_task_mapping.py
[2024-05-26T09:53:39.127+0000] {processor.py:830} INFO - Processing file /usr/local/python/3.10.13/lib/python3.10/site-packages/airflow/example_dags/example_dynamic_task_mapping.py for tasks to queue
[2024-05-26T09:53:39.128+0000] {logging_mixin.py:188} INFO - [2024-05-26T09:53:39.128+0000] {dagbag.py:545} INFO - Filling up the DagBag from /usr/local/python/3.10.13/lib/python3.10/site-packages/airflow/example_dags/example_dynamic_task_mapping.py
[2024-05-26T09:53:39.133+0000] {processor.py:840} INFO - DAG(s) 'example_dynamic_task_mapping' retrieved from /usr/local/python/3.10.13/lib/python3.10/site-packages/airflow/example_dags/example_dynamic_task_mapping.py
[2024-05-26T09:53:39.145+0000] {logging_mixin.py:188} INFO - [2024-05-26T09:53:39.145+0000] {dag.py:3096} INFO - Sync 1 DAGs
[2024-05-26T09:53:39.160+0000] {logging_mixin.py:188} INFO - [2024-05-26T09:53:39.160+0000] {dag.py:3954} INFO - Setting next_dagrun for example_dynamic_task_mapping to 2022-03-04 00:00:00+00:00, run_after=2022-03-05 00:00:00+00:00
[2024-05-26T09:53:39.195+0000] {processor.py:183} INFO - Processing /usr/local/python/3.10.13/lib/python3.10/site-packages/airflow/example_dags/example_dynamic_task_mapping.py took 0.074 seconds
[2024-05-26T09:54:22.102+0000] {processor.py:161} INFO - Started process (PID=60799) to work on /usr/local/python/3.10.13/lib/python3.10/site-packages/airflow/example_dags/example_dynamic_task_mapping.py
[2024-05-26T09:54:22.103+0000] {processor.py:830} INFO - Processing file /usr/local/python/3.10.13/lib/python3.10/site-packages/airflow/example_dags/example_dynamic_task_mapping.py for tasks to queue
[2024-05-26T09:54:22.105+0000] {logging_mixin.py:188} INFO - [2024-05-26T09:54:22.105+0000] {dagbag.py:545} INFO - Filling up the DagBag from /usr/local/python/3.10.13/lib/python3.10/site-packages/airflow/example_dags/example_dynamic_task_mapping.py
[2024-05-26T09:54:22.110+0000] {processor.py:840} INFO - DAG(s) 'example_dynamic_task_mapping' retrieved from /usr/local/python/3.10.13/lib/python3.10/site-packages/airflow/example_dags/example_dynamic_task_mapping.py
[2024-05-26T09:54:22.121+0000] {logging_mixin.py:188} INFO - [2024-05-26T09:54:22.121+0000] {dag.py:3096} INFO - Sync 1 DAGs
[2024-05-26T09:54:22.136+0000] {logging_mixin.py:188} INFO - [2024-05-26T09:54:22.136+0000] {dag.py:3954} INFO - Setting next_dagrun for example_dynamic_task_mapping to 2022-03-04 00:00:00+00:00, run_after=2022-03-05 00:00:00+00:00
[2024-05-26T09:54:22.178+0000] {processor.py:183} INFO - Processing /usr/local/python/3.10.13/lib/python3.10/site-packages/airflow/example_dags/example_dynamic_task_mapping.py took 0.083 seconds
[2024-05-26T09:55:05.997+0000] {processor.py:161} INFO - Started process (PID=61154) to work on /usr/local/python/3.10.13/lib/python3.10/site-packages/airflow/example_dags/example_dynamic_task_mapping.py
[2024-05-26T09:55:05.998+0000] {processor.py:830} INFO - Processing file /usr/local/python/3.10.13/lib/python3.10/site-packages/airflow/example_dags/example_dynamic_task_mapping.py for tasks to queue
[2024-05-26T09:55:05.999+0000] {logging_mixin.py:188} INFO - [2024-05-26T09:55:05.999+0000] {dagbag.py:545} INFO - Filling up the DagBag from /usr/local/python/3.10.13/lib/python3.10/site-packages/airflow/example_dags/example_dynamic_task_mapping.py
[2024-05-26T09:55:06.004+0000] {processor.py:840} INFO - DAG(s) 'example_dynamic_task_mapping' retrieved from /usr/local/python/3.10.13/lib/python3.10/site-packages/airflow/example_dags/example_dynamic_task_mapping.py
[2024-05-26T09:55:06.016+0000] {logging_mixin.py:188} INFO - [2024-05-26T09:55:06.016+0000] {dag.py:3096} INFO - Sync 1 DAGs
[2024-05-26T09:55:06.031+0000] {logging_mixin.py:188} INFO - [2024-05-26T09:55:06.031+0000] {dag.py:3954} INFO - Setting next_dagrun for example_dynamic_task_mapping to 2022-03-04 00:00:00+00:00, run_after=2022-03-05 00:00:00+00:00
[2024-05-26T09:55:06.075+0000] {processor.py:183} INFO - Processing /usr/local/python/3.10.13/lib/python3.10/site-packages/airflow/example_dags/example_dynamic_task_mapping.py took 0.087 seconds
