[2024-05-26T09:11:10.775+0000] {processor.py:161} INFO - Started process (PID=40374) to work on /usr/local/python/3.10.13/lib/python3.10/site-packages/airflow/example_dags/example_branch_python_dop_operator_3.py
[2024-05-26T09:11:10.776+0000] {processor.py:830} INFO - Processing file /usr/local/python/3.10.13/lib/python3.10/site-packages/airflow/example_dags/example_branch_python_dop_operator_3.py for tasks to queue
[2024-05-26T09:11:10.777+0000] {logging_mixin.py:188} INFO - [2024-05-26T09:11:10.777+0000] {dagbag.py:545} INFO - Filling up the DagBag from /usr/local/python/3.10.13/lib/python3.10/site-packages/airflow/example_dags/example_branch_python_dop_operator_3.py
[2024-05-26T09:11:10.784+0000] {processor.py:840} INFO - DAG(s) 'example_branch_dop_operator_v3' retrieved from /usr/local/python/3.10.13/lib/python3.10/site-packages/airflow/example_dags/example_branch_python_dop_operator_3.py
[2024-05-26T09:11:10.795+0000] {logging_mixin.py:188} INFO - [2024-05-26T09:11:10.794+0000] {dag.py:3096} INFO - Sync 1 DAGs
[2024-05-26T09:11:10.814+0000] {logging_mixin.py:188} INFO - [2024-05-26T09:11:10.813+0000] {dag.py:3954} INFO - Setting next_dagrun for example_branch_dop_operator_v3 to 2024-05-26 09:10:00+00:00, run_after=2024-05-26 09:11:00+00:00
[2024-05-26T09:11:10.855+0000] {processor.py:183} INFO - Processing /usr/local/python/3.10.13/lib/python3.10/site-packages/airflow/example_dags/example_branch_python_dop_operator_3.py took 0.085 seconds
[2024-05-26T09:12:15.562+0000] {processor.py:161} INFO - Started process (PID=40815) to work on /usr/local/python/3.10.13/lib/python3.10/site-packages/airflow/example_dags/example_branch_python_dop_operator_3.py
[2024-05-26T09:12:15.563+0000] {processor.py:830} INFO - Processing file /usr/local/python/3.10.13/lib/python3.10/site-packages/airflow/example_dags/example_branch_python_dop_operator_3.py for tasks to queue
[2024-05-26T09:12:15.564+0000] {logging_mixin.py:188} INFO - [2024-05-26T09:12:15.564+0000] {dagbag.py:545} INFO - Filling up the DagBag from /usr/local/python/3.10.13/lib/python3.10/site-packages/airflow/example_dags/example_branch_python_dop_operator_3.py
[2024-05-26T09:12:15.571+0000] {processor.py:840} INFO - DAG(s) 'example_branch_dop_operator_v3' retrieved from /usr/local/python/3.10.13/lib/python3.10/site-packages/airflow/example_dags/example_branch_python_dop_operator_3.py
[2024-05-26T09:12:15.585+0000] {logging_mixin.py:188} INFO - [2024-05-26T09:12:15.585+0000] {dag.py:3096} INFO - Sync 1 DAGs
[2024-05-26T09:12:15.604+0000] {logging_mixin.py:188} INFO - [2024-05-26T09:12:15.604+0000] {dag.py:3954} INFO - Setting next_dagrun for example_branch_dop_operator_v3 to 2024-05-26 09:11:00+00:00, run_after=2024-05-26 09:12:00+00:00
[2024-05-26T09:12:15.649+0000] {processor.py:183} INFO - Processing /usr/local/python/3.10.13/lib/python3.10/site-packages/airflow/example_dags/example_branch_python_dop_operator_3.py took 0.091 seconds
[2024-05-26T09:13:16.788+0000] {processor.py:161} INFO - Started process (PID=41328) to work on /usr/local/python/3.10.13/lib/python3.10/site-packages/airflow/example_dags/example_branch_python_dop_operator_3.py
[2024-05-26T09:13:16.788+0000] {processor.py:830} INFO - Processing file /usr/local/python/3.10.13/lib/python3.10/site-packages/airflow/example_dags/example_branch_python_dop_operator_3.py for tasks to queue
[2024-05-26T09:13:16.790+0000] {logging_mixin.py:188} INFO - [2024-05-26T09:13:16.789+0000] {dagbag.py:545} INFO - Filling up the DagBag from /usr/local/python/3.10.13/lib/python3.10/site-packages/airflow/example_dags/example_branch_python_dop_operator_3.py
[2024-05-26T09:13:16.800+0000] {processor.py:840} INFO - DAG(s) 'example_branch_dop_operator_v3' retrieved from /usr/local/python/3.10.13/lib/python3.10/site-packages/airflow/example_dags/example_branch_python_dop_operator_3.py
[2024-05-26T09:13:16.815+0000] {logging_mixin.py:188} INFO - [2024-05-26T09:13:16.814+0000] {dag.py:3096} INFO - Sync 1 DAGs
[2024-05-26T09:13:16.834+0000] {logging_mixin.py:188} INFO - [2024-05-26T09:13:16.833+0000] {dag.py:3954} INFO - Setting next_dagrun for example_branch_dop_operator_v3 to 2024-05-26 09:12:00+00:00, run_after=2024-05-26 09:13:00+00:00
[2024-05-26T09:13:16.870+0000] {processor.py:183} INFO - Processing /usr/local/python/3.10.13/lib/python3.10/site-packages/airflow/example_dags/example_branch_python_dop_operator_3.py took 0.087 seconds
[2024-05-26T09:14:21.476+0000] {processor.py:161} INFO - Started process (PID=41855) to work on /usr/local/python/3.10.13/lib/python3.10/site-packages/airflow/example_dags/example_branch_python_dop_operator_3.py
[2024-05-26T09:14:21.477+0000] {processor.py:830} INFO - Processing file /usr/local/python/3.10.13/lib/python3.10/site-packages/airflow/example_dags/example_branch_python_dop_operator_3.py for tasks to queue
[2024-05-26T09:14:21.478+0000] {logging_mixin.py:188} INFO - [2024-05-26T09:14:21.478+0000] {dagbag.py:545} INFO - Filling up the DagBag from /usr/local/python/3.10.13/lib/python3.10/site-packages/airflow/example_dags/example_branch_python_dop_operator_3.py
[2024-05-26T09:14:21.485+0000] {processor.py:840} INFO - DAG(s) 'example_branch_dop_operator_v3' retrieved from /usr/local/python/3.10.13/lib/python3.10/site-packages/airflow/example_dags/example_branch_python_dop_operator_3.py
[2024-05-26T09:14:21.497+0000] {logging_mixin.py:188} INFO - [2024-05-26T09:14:21.497+0000] {dag.py:3096} INFO - Sync 1 DAGs
[2024-05-26T09:14:21.516+0000] {logging_mixin.py:188} INFO - [2024-05-26T09:14:21.516+0000] {dag.py:3954} INFO - Setting next_dagrun for example_branch_dop_operator_v3 to 2024-05-26 09:13:00+00:00, run_after=2024-05-26 09:14:00+00:00
[2024-05-26T09:14:21.574+0000] {processor.py:183} INFO - Processing /usr/local/python/3.10.13/lib/python3.10/site-packages/airflow/example_dags/example_branch_python_dop_operator_3.py took 0.103 seconds
[2024-05-26T09:15:26.440+0000] {processor.py:161} INFO - Started process (PID=42315) to work on /usr/local/python/3.10.13/lib/python3.10/site-packages/airflow/example_dags/example_branch_python_dop_operator_3.py
[2024-05-26T09:15:26.446+0000] {processor.py:830} INFO - Processing file /usr/local/python/3.10.13/lib/python3.10/site-packages/airflow/example_dags/example_branch_python_dop_operator_3.py for tasks to queue
[2024-05-26T09:15:26.448+0000] {logging_mixin.py:188} INFO - [2024-05-26T09:15:26.448+0000] {dagbag.py:545} INFO - Filling up the DagBag from /usr/local/python/3.10.13/lib/python3.10/site-packages/airflow/example_dags/example_branch_python_dop_operator_3.py
[2024-05-26T09:15:26.459+0000] {processor.py:840} INFO - DAG(s) 'example_branch_dop_operator_v3' retrieved from /usr/local/python/3.10.13/lib/python3.10/site-packages/airflow/example_dags/example_branch_python_dop_operator_3.py
[2024-05-26T09:15:26.472+0000] {logging_mixin.py:188} INFO - [2024-05-26T09:15:26.471+0000] {dag.py:3096} INFO - Sync 1 DAGs
[2024-05-26T09:15:26.490+0000] {logging_mixin.py:188} INFO - [2024-05-26T09:15:26.490+0000] {dag.py:3954} INFO - Setting next_dagrun for example_branch_dop_operator_v3 to 2024-05-26 09:14:00+00:00, run_after=2024-05-26 09:15:00+00:00
[2024-05-26T09:15:26.532+0000] {processor.py:183} INFO - Processing /usr/local/python/3.10.13/lib/python3.10/site-packages/airflow/example_dags/example_branch_python_dop_operator_3.py took 0.098 seconds
[2024-05-26T09:16:27.509+0000] {processor.py:161} INFO - Started process (PID=42743) to work on /usr/local/python/3.10.13/lib/python3.10/site-packages/airflow/example_dags/example_branch_python_dop_operator_3.py
[2024-05-26T09:16:27.511+0000] {processor.py:830} INFO - Processing file /usr/local/python/3.10.13/lib/python3.10/site-packages/airflow/example_dags/example_branch_python_dop_operator_3.py for tasks to queue
[2024-05-26T09:16:27.512+0000] {logging_mixin.py:188} INFO - [2024-05-26T09:16:27.512+0000] {dagbag.py:545} INFO - Filling up the DagBag from /usr/local/python/3.10.13/lib/python3.10/site-packages/airflow/example_dags/example_branch_python_dop_operator_3.py
[2024-05-26T09:16:27.522+0000] {processor.py:840} INFO - DAG(s) 'example_branch_dop_operator_v3' retrieved from /usr/local/python/3.10.13/lib/python3.10/site-packages/airflow/example_dags/example_branch_python_dop_operator_3.py
[2024-05-26T09:16:27.534+0000] {logging_mixin.py:188} INFO - [2024-05-26T09:16:27.534+0000] {dag.py:3096} INFO - Sync 1 DAGs
[2024-05-26T09:16:27.563+0000] {logging_mixin.py:188} INFO - [2024-05-26T09:16:27.563+0000] {dag.py:3954} INFO - Setting next_dagrun for example_branch_dop_operator_v3 to 2024-05-26 09:15:00+00:00, run_after=2024-05-26 09:16:00+00:00
[2024-05-26T09:16:27.603+0000] {processor.py:183} INFO - Processing /usr/local/python/3.10.13/lib/python3.10/site-packages/airflow/example_dags/example_branch_python_dop_operator_3.py took 0.101 seconds
[2024-05-26T09:17:31.807+0000] {processor.py:161} INFO - Started process (PID=43177) to work on /usr/local/python/3.10.13/lib/python3.10/site-packages/airflow/example_dags/example_branch_python_dop_operator_3.py
[2024-05-26T09:17:31.807+0000] {processor.py:830} INFO - Processing file /usr/local/python/3.10.13/lib/python3.10/site-packages/airflow/example_dags/example_branch_python_dop_operator_3.py for tasks to queue
[2024-05-26T09:17:31.809+0000] {logging_mixin.py:188} INFO - [2024-05-26T09:17:31.808+0000] {dagbag.py:545} INFO - Filling up the DagBag from /usr/local/python/3.10.13/lib/python3.10/site-packages/airflow/example_dags/example_branch_python_dop_operator_3.py
[2024-05-26T09:17:31.816+0000] {processor.py:840} INFO - DAG(s) 'example_branch_dop_operator_v3' retrieved from /usr/local/python/3.10.13/lib/python3.10/site-packages/airflow/example_dags/example_branch_python_dop_operator_3.py
[2024-05-26T09:17:31.827+0000] {logging_mixin.py:188} INFO - [2024-05-26T09:17:31.827+0000] {dag.py:3096} INFO - Sync 1 DAGs
[2024-05-26T09:17:31.845+0000] {logging_mixin.py:188} INFO - [2024-05-26T09:17:31.845+0000] {dag.py:3954} INFO - Setting next_dagrun for example_branch_dop_operator_v3 to 2024-05-26 09:16:00+00:00, run_after=2024-05-26 09:17:00+00:00
[2024-05-26T09:17:31.883+0000] {processor.py:183} INFO - Processing /usr/local/python/3.10.13/lib/python3.10/site-packages/airflow/example_dags/example_branch_python_dop_operator_3.py took 0.081 seconds
[2024-05-26T09:18:37.429+0000] {processor.py:161} INFO - Started process (PID=43640) to work on /usr/local/python/3.10.13/lib/python3.10/site-packages/airflow/example_dags/example_branch_python_dop_operator_3.py
[2024-05-26T09:18:37.429+0000] {processor.py:830} INFO - Processing file /usr/local/python/3.10.13/lib/python3.10/site-packages/airflow/example_dags/example_branch_python_dop_operator_3.py for tasks to queue
[2024-05-26T09:18:37.431+0000] {logging_mixin.py:188} INFO - [2024-05-26T09:18:37.430+0000] {dagbag.py:545} INFO - Filling up the DagBag from /usr/local/python/3.10.13/lib/python3.10/site-packages/airflow/example_dags/example_branch_python_dop_operator_3.py
[2024-05-26T09:18:37.438+0000] {processor.py:840} INFO - DAG(s) 'example_branch_dop_operator_v3' retrieved from /usr/local/python/3.10.13/lib/python3.10/site-packages/airflow/example_dags/example_branch_python_dop_operator_3.py
[2024-05-26T09:18:37.451+0000] {logging_mixin.py:188} INFO - [2024-05-26T09:18:37.451+0000] {dag.py:3096} INFO - Sync 1 DAGs
[2024-05-26T09:18:37.471+0000] {logging_mixin.py:188} INFO - [2024-05-26T09:18:37.470+0000] {dag.py:3954} INFO - Setting next_dagrun for example_branch_dop_operator_v3 to 2024-05-26 09:17:00+00:00, run_after=2024-05-26 09:18:00+00:00
[2024-05-26T09:18:37.514+0000] {processor.py:183} INFO - Processing /usr/local/python/3.10.13/lib/python3.10/site-packages/airflow/example_dags/example_branch_python_dop_operator_3.py took 0.092 seconds
[2024-05-26T09:19:39.489+0000] {processor.py:161} INFO - Started process (PID=44131) to work on /usr/local/python/3.10.13/lib/python3.10/site-packages/airflow/example_dags/example_branch_python_dop_operator_3.py
[2024-05-26T09:19:39.490+0000] {processor.py:830} INFO - Processing file /usr/local/python/3.10.13/lib/python3.10/site-packages/airflow/example_dags/example_branch_python_dop_operator_3.py for tasks to queue
[2024-05-26T09:19:39.491+0000] {logging_mixin.py:188} INFO - [2024-05-26T09:19:39.491+0000] {dagbag.py:545} INFO - Filling up the DagBag from /usr/local/python/3.10.13/lib/python3.10/site-packages/airflow/example_dags/example_branch_python_dop_operator_3.py
[2024-05-26T09:19:39.499+0000] {processor.py:840} INFO - DAG(s) 'example_branch_dop_operator_v3' retrieved from /usr/local/python/3.10.13/lib/python3.10/site-packages/airflow/example_dags/example_branch_python_dop_operator_3.py
[2024-05-26T09:19:39.510+0000] {logging_mixin.py:188} INFO - [2024-05-26T09:19:39.510+0000] {dag.py:3096} INFO - Sync 1 DAGs
[2024-05-26T09:19:39.529+0000] {logging_mixin.py:188} INFO - [2024-05-26T09:19:39.529+0000] {dag.py:3954} INFO - Setting next_dagrun for example_branch_dop_operator_v3 to 2024-05-26 09:18:00+00:00, run_after=2024-05-26 09:19:00+00:00
[2024-05-26T09:19:39.582+0000] {processor.py:183} INFO - Processing /usr/local/python/3.10.13/lib/python3.10/site-packages/airflow/example_dags/example_branch_python_dop_operator_3.py took 0.097 seconds
[2024-05-26T09:20:42.378+0000] {processor.py:161} INFO - Started process (PID=44573) to work on /usr/local/python/3.10.13/lib/python3.10/site-packages/airflow/example_dags/example_branch_python_dop_operator_3.py
[2024-05-26T09:20:42.378+0000] {processor.py:830} INFO - Processing file /usr/local/python/3.10.13/lib/python3.10/site-packages/airflow/example_dags/example_branch_python_dop_operator_3.py for tasks to queue
[2024-05-26T09:20:42.380+0000] {logging_mixin.py:188} INFO - [2024-05-26T09:20:42.379+0000] {dagbag.py:545} INFO - Filling up the DagBag from /usr/local/python/3.10.13/lib/python3.10/site-packages/airflow/example_dags/example_branch_python_dop_operator_3.py
[2024-05-26T09:20:42.387+0000] {processor.py:840} INFO - DAG(s) 'example_branch_dop_operator_v3' retrieved from /usr/local/python/3.10.13/lib/python3.10/site-packages/airflow/example_dags/example_branch_python_dop_operator_3.py
[2024-05-26T09:20:42.399+0000] {logging_mixin.py:188} INFO - [2024-05-26T09:20:42.399+0000] {dag.py:3096} INFO - Sync 1 DAGs
[2024-05-26T09:20:42.417+0000] {logging_mixin.py:188} INFO - [2024-05-26T09:20:42.417+0000] {dag.py:3954} INFO - Setting next_dagrun for example_branch_dop_operator_v3 to 2024-05-26 09:19:00+00:00, run_after=2024-05-26 09:20:00+00:00
[2024-05-26T09:20:42.456+0000] {processor.py:183} INFO - Processing /usr/local/python/3.10.13/lib/python3.10/site-packages/airflow/example_dags/example_branch_python_dop_operator_3.py took 0.083 seconds
[2024-05-26T09:21:46.615+0000] {processor.py:161} INFO - Started process (PID=45009) to work on /usr/local/python/3.10.13/lib/python3.10/site-packages/airflow/example_dags/example_branch_python_dop_operator_3.py
[2024-05-26T09:21:46.616+0000] {processor.py:830} INFO - Processing file /usr/local/python/3.10.13/lib/python3.10/site-packages/airflow/example_dags/example_branch_python_dop_operator_3.py for tasks to queue
[2024-05-26T09:21:46.617+0000] {logging_mixin.py:188} INFO - [2024-05-26T09:21:46.617+0000] {dagbag.py:545} INFO - Filling up the DagBag from /usr/local/python/3.10.13/lib/python3.10/site-packages/airflow/example_dags/example_branch_python_dop_operator_3.py
[2024-05-26T09:21:46.625+0000] {processor.py:840} INFO - DAG(s) 'example_branch_dop_operator_v3' retrieved from /usr/local/python/3.10.13/lib/python3.10/site-packages/airflow/example_dags/example_branch_python_dop_operator_3.py
[2024-05-26T09:21:46.639+0000] {logging_mixin.py:188} INFO - [2024-05-26T09:21:46.638+0000] {dag.py:3096} INFO - Sync 1 DAGs
[2024-05-26T09:21:46.669+0000] {logging_mixin.py:188} INFO - [2024-05-26T09:21:46.669+0000] {dag.py:3954} INFO - Setting next_dagrun for example_branch_dop_operator_v3 to 2024-05-26 09:20:00+00:00, run_after=2024-05-26 09:21:00+00:00
[2024-05-26T09:21:46.712+0000] {processor.py:183} INFO - Processing /usr/local/python/3.10.13/lib/python3.10/site-packages/airflow/example_dags/example_branch_python_dop_operator_3.py took 0.101 seconds
[2024-05-26T09:22:43.479+0000] {processor.py:161} INFO - Started process (PID=45412) to work on /usr/local/python/3.10.13/lib/python3.10/site-packages/airflow/example_dags/example_branch_python_dop_operator_3.py
[2024-05-26T09:22:43.480+0000] {processor.py:830} INFO - Processing file /usr/local/python/3.10.13/lib/python3.10/site-packages/airflow/example_dags/example_branch_python_dop_operator_3.py for tasks to queue
[2024-05-26T09:22:43.481+0000] {logging_mixin.py:188} INFO - [2024-05-26T09:22:43.481+0000] {dagbag.py:545} INFO - Filling up the DagBag from /usr/local/python/3.10.13/lib/python3.10/site-packages/airflow/example_dags/example_branch_python_dop_operator_3.py
[2024-05-26T09:22:43.489+0000] {processor.py:840} INFO - DAG(s) 'example_branch_dop_operator_v3' retrieved from /usr/local/python/3.10.13/lib/python3.10/site-packages/airflow/example_dags/example_branch_python_dop_operator_3.py
[2024-05-26T09:22:43.501+0000] {logging_mixin.py:188} INFO - [2024-05-26T09:22:43.501+0000] {dag.py:3096} INFO - Sync 1 DAGs
[2024-05-26T09:22:43.520+0000] {logging_mixin.py:188} INFO - [2024-05-26T09:22:43.520+0000] {dag.py:3954} INFO - Setting next_dagrun for example_branch_dop_operator_v3 to 2024-05-26 09:21:00+00:00, run_after=2024-05-26 09:22:00+00:00
[2024-05-26T09:22:43.568+0000] {processor.py:183} INFO - Processing /usr/local/python/3.10.13/lib/python3.10/site-packages/airflow/example_dags/example_branch_python_dop_operator_3.py took 0.095 seconds
[2024-05-26T09:23:44.243+0000] {processor.py:161} INFO - Started process (PID=45833) to work on /usr/local/python/3.10.13/lib/python3.10/site-packages/airflow/example_dags/example_branch_python_dop_operator_3.py
[2024-05-26T09:23:44.244+0000] {processor.py:830} INFO - Processing file /usr/local/python/3.10.13/lib/python3.10/site-packages/airflow/example_dags/example_branch_python_dop_operator_3.py for tasks to queue
[2024-05-26T09:23:44.246+0000] {logging_mixin.py:188} INFO - [2024-05-26T09:23:44.245+0000] {dagbag.py:545} INFO - Filling up the DagBag from /usr/local/python/3.10.13/lib/python3.10/site-packages/airflow/example_dags/example_branch_python_dop_operator_3.py
[2024-05-26T09:23:44.253+0000] {processor.py:840} INFO - DAG(s) 'example_branch_dop_operator_v3' retrieved from /usr/local/python/3.10.13/lib/python3.10/site-packages/airflow/example_dags/example_branch_python_dop_operator_3.py
[2024-05-26T09:23:44.265+0000] {logging_mixin.py:188} INFO - [2024-05-26T09:23:44.264+0000] {dag.py:3096} INFO - Sync 1 DAGs
[2024-05-26T09:23:44.284+0000] {logging_mixin.py:188} INFO - [2024-05-26T09:23:44.284+0000] {dag.py:3954} INFO - Setting next_dagrun for example_branch_dop_operator_v3 to 2024-05-26 09:22:00+00:00, run_after=2024-05-26 09:23:00+00:00
[2024-05-26T09:23:44.322+0000] {processor.py:183} INFO - Processing /usr/local/python/3.10.13/lib/python3.10/site-packages/airflow/example_dags/example_branch_python_dop_operator_3.py took 0.083 seconds
[2024-05-26T09:24:46.155+0000] {processor.py:161} INFO - Started process (PID=46264) to work on /usr/local/python/3.10.13/lib/python3.10/site-packages/airflow/example_dags/example_branch_python_dop_operator_3.py
[2024-05-26T09:24:46.156+0000] {processor.py:830} INFO - Processing file /usr/local/python/3.10.13/lib/python3.10/site-packages/airflow/example_dags/example_branch_python_dop_operator_3.py for tasks to queue
[2024-05-26T09:24:46.157+0000] {logging_mixin.py:188} INFO - [2024-05-26T09:24:46.157+0000] {dagbag.py:545} INFO - Filling up the DagBag from /usr/local/python/3.10.13/lib/python3.10/site-packages/airflow/example_dags/example_branch_python_dop_operator_3.py
[2024-05-26T09:24:46.164+0000] {processor.py:840} INFO - DAG(s) 'example_branch_dop_operator_v3' retrieved from /usr/local/python/3.10.13/lib/python3.10/site-packages/airflow/example_dags/example_branch_python_dop_operator_3.py
[2024-05-26T09:24:46.176+0000] {logging_mixin.py:188} INFO - [2024-05-26T09:24:46.175+0000] {dag.py:3096} INFO - Sync 1 DAGs
[2024-05-26T09:24:46.195+0000] {logging_mixin.py:188} INFO - [2024-05-26T09:24:46.194+0000] {dag.py:3954} INFO - Setting next_dagrun for example_branch_dop_operator_v3 to 2024-05-26 09:23:00+00:00, run_after=2024-05-26 09:24:00+00:00
[2024-05-26T09:24:46.232+0000] {processor.py:183} INFO - Processing /usr/local/python/3.10.13/lib/python3.10/site-packages/airflow/example_dags/example_branch_python_dop_operator_3.py took 0.081 seconds
[2024-05-26T09:25:48.094+0000] {processor.py:161} INFO - Started process (PID=46705) to work on /usr/local/python/3.10.13/lib/python3.10/site-packages/airflow/example_dags/example_branch_python_dop_operator_3.py
[2024-05-26T09:25:48.095+0000] {processor.py:830} INFO - Processing file /usr/local/python/3.10.13/lib/python3.10/site-packages/airflow/example_dags/example_branch_python_dop_operator_3.py for tasks to queue
[2024-05-26T09:25:48.096+0000] {logging_mixin.py:188} INFO - [2024-05-26T09:25:48.096+0000] {dagbag.py:545} INFO - Filling up the DagBag from /usr/local/python/3.10.13/lib/python3.10/site-packages/airflow/example_dags/example_branch_python_dop_operator_3.py
[2024-05-26T09:25:48.103+0000] {processor.py:840} INFO - DAG(s) 'example_branch_dop_operator_v3' retrieved from /usr/local/python/3.10.13/lib/python3.10/site-packages/airflow/example_dags/example_branch_python_dop_operator_3.py
[2024-05-26T09:25:48.116+0000] {logging_mixin.py:188} INFO - [2024-05-26T09:25:48.116+0000] {dag.py:3096} INFO - Sync 1 DAGs
[2024-05-26T09:25:48.134+0000] {logging_mixin.py:188} INFO - [2024-05-26T09:25:48.134+0000] {dag.py:3954} INFO - Setting next_dagrun for example_branch_dop_operator_v3 to 2024-05-26 09:24:00+00:00, run_after=2024-05-26 09:25:00+00:00
[2024-05-26T09:25:48.176+0000] {processor.py:183} INFO - Processing /usr/local/python/3.10.13/lib/python3.10/site-packages/airflow/example_dags/example_branch_python_dop_operator_3.py took 0.087 seconds
[2024-05-26T09:26:50.448+0000] {processor.py:161} INFO - Started process (PID=47176) to work on /usr/local/python/3.10.13/lib/python3.10/site-packages/airflow/example_dags/example_branch_python_dop_operator_3.py
[2024-05-26T09:26:50.449+0000] {processor.py:830} INFO - Processing file /usr/local/python/3.10.13/lib/python3.10/site-packages/airflow/example_dags/example_branch_python_dop_operator_3.py for tasks to queue
[2024-05-26T09:26:50.451+0000] {logging_mixin.py:188} INFO - [2024-05-26T09:26:50.451+0000] {dagbag.py:545} INFO - Filling up the DagBag from /usr/local/python/3.10.13/lib/python3.10/site-packages/airflow/example_dags/example_branch_python_dop_operator_3.py
[2024-05-26T09:26:50.459+0000] {processor.py:840} INFO - DAG(s) 'example_branch_dop_operator_v3' retrieved from /usr/local/python/3.10.13/lib/python3.10/site-packages/airflow/example_dags/example_branch_python_dop_operator_3.py
[2024-05-26T09:26:50.471+0000] {logging_mixin.py:188} INFO - [2024-05-26T09:26:50.470+0000] {dag.py:3096} INFO - Sync 1 DAGs
[2024-05-26T09:26:50.489+0000] {logging_mixin.py:188} INFO - [2024-05-26T09:26:50.489+0000] {dag.py:3954} INFO - Setting next_dagrun for example_branch_dop_operator_v3 to 2024-05-26 09:25:00+00:00, run_after=2024-05-26 09:26:00+00:00
[2024-05-26T09:26:50.533+0000] {processor.py:183} INFO - Processing /usr/local/python/3.10.13/lib/python3.10/site-packages/airflow/example_dags/example_branch_python_dop_operator_3.py took 0.092 seconds
[2024-05-26T09:27:51.364+0000] {processor.py:161} INFO - Started process (PID=47598) to work on /usr/local/python/3.10.13/lib/python3.10/site-packages/airflow/example_dags/example_branch_python_dop_operator_3.py
[2024-05-26T09:27:51.364+0000] {processor.py:830} INFO - Processing file /usr/local/python/3.10.13/lib/python3.10/site-packages/airflow/example_dags/example_branch_python_dop_operator_3.py for tasks to queue
[2024-05-26T09:27:51.366+0000] {logging_mixin.py:188} INFO - [2024-05-26T09:27:51.365+0000] {dagbag.py:545} INFO - Filling up the DagBag from /usr/local/python/3.10.13/lib/python3.10/site-packages/airflow/example_dags/example_branch_python_dop_operator_3.py
[2024-05-26T09:27:51.373+0000] {processor.py:840} INFO - DAG(s) 'example_branch_dop_operator_v3' retrieved from /usr/local/python/3.10.13/lib/python3.10/site-packages/airflow/example_dags/example_branch_python_dop_operator_3.py
[2024-05-26T09:27:51.384+0000] {logging_mixin.py:188} INFO - [2024-05-26T09:27:51.384+0000] {dag.py:3096} INFO - Sync 1 DAGs
[2024-05-26T09:27:51.403+0000] {logging_mixin.py:188} INFO - [2024-05-26T09:27:51.403+0000] {dag.py:3954} INFO - Setting next_dagrun for example_branch_dop_operator_v3 to 2024-05-26 09:26:00+00:00, run_after=2024-05-26 09:27:00+00:00
[2024-05-26T09:27:51.439+0000] {processor.py:183} INFO - Processing /usr/local/python/3.10.13/lib/python3.10/site-packages/airflow/example_dags/example_branch_python_dop_operator_3.py took 0.080 seconds
[2024-05-26T09:28:52.686+0000] {processor.py:161} INFO - Started process (PID=48021) to work on /usr/local/python/3.10.13/lib/python3.10/site-packages/airflow/example_dags/example_branch_python_dop_operator_3.py
[2024-05-26T09:28:52.687+0000] {processor.py:830} INFO - Processing file /usr/local/python/3.10.13/lib/python3.10/site-packages/airflow/example_dags/example_branch_python_dop_operator_3.py for tasks to queue
[2024-05-26T09:28:52.689+0000] {logging_mixin.py:188} INFO - [2024-05-26T09:28:52.688+0000] {dagbag.py:545} INFO - Filling up the DagBag from /usr/local/python/3.10.13/lib/python3.10/site-packages/airflow/example_dags/example_branch_python_dop_operator_3.py
[2024-05-26T09:28:52.696+0000] {processor.py:840} INFO - DAG(s) 'example_branch_dop_operator_v3' retrieved from /usr/local/python/3.10.13/lib/python3.10/site-packages/airflow/example_dags/example_branch_python_dop_operator_3.py
[2024-05-26T09:28:52.708+0000] {logging_mixin.py:188} INFO - [2024-05-26T09:28:52.708+0000] {dag.py:3096} INFO - Sync 1 DAGs
[2024-05-26T09:28:52.728+0000] {logging_mixin.py:188} INFO - [2024-05-26T09:28:52.727+0000] {dag.py:3954} INFO - Setting next_dagrun for example_branch_dop_operator_v3 to 2024-05-26 09:27:00+00:00, run_after=2024-05-26 09:28:00+00:00
[2024-05-26T09:28:52.765+0000] {processor.py:183} INFO - Processing /usr/local/python/3.10.13/lib/python3.10/site-packages/airflow/example_dags/example_branch_python_dop_operator_3.py took 0.086 seconds
[2024-05-26T09:29:55.844+0000] {processor.py:161} INFO - Started process (PID=48457) to work on /usr/local/python/3.10.13/lib/python3.10/site-packages/airflow/example_dags/example_branch_python_dop_operator_3.py
[2024-05-26T09:29:55.845+0000] {processor.py:830} INFO - Processing file /usr/local/python/3.10.13/lib/python3.10/site-packages/airflow/example_dags/example_branch_python_dop_operator_3.py for tasks to queue
[2024-05-26T09:29:55.846+0000] {logging_mixin.py:188} INFO - [2024-05-26T09:29:55.846+0000] {dagbag.py:545} INFO - Filling up the DagBag from /usr/local/python/3.10.13/lib/python3.10/site-packages/airflow/example_dags/example_branch_python_dop_operator_3.py
[2024-05-26T09:29:55.854+0000] {processor.py:840} INFO - DAG(s) 'example_branch_dop_operator_v3' retrieved from /usr/local/python/3.10.13/lib/python3.10/site-packages/airflow/example_dags/example_branch_python_dop_operator_3.py
[2024-05-26T09:29:55.865+0000] {logging_mixin.py:188} INFO - [2024-05-26T09:29:55.865+0000] {dag.py:3096} INFO - Sync 1 DAGs
[2024-05-26T09:29:55.884+0000] {logging_mixin.py:188} INFO - [2024-05-26T09:29:55.884+0000] {dag.py:3954} INFO - Setting next_dagrun for example_branch_dop_operator_v3 to 2024-05-26 09:28:00+00:00, run_after=2024-05-26 09:29:00+00:00
[2024-05-26T09:29:55.921+0000] {processor.py:183} INFO - Processing /usr/local/python/3.10.13/lib/python3.10/site-packages/airflow/example_dags/example_branch_python_dop_operator_3.py took 0.082 seconds
[2024-05-26T09:30:53.100+0000] {processor.py:161} INFO - Started process (PID=48863) to work on /usr/local/python/3.10.13/lib/python3.10/site-packages/airflow/example_dags/example_branch_python_dop_operator_3.py
[2024-05-26T09:30:53.101+0000] {processor.py:830} INFO - Processing file /usr/local/python/3.10.13/lib/python3.10/site-packages/airflow/example_dags/example_branch_python_dop_operator_3.py for tasks to queue
[2024-05-26T09:30:53.102+0000] {logging_mixin.py:188} INFO - [2024-05-26T09:30:53.102+0000] {dagbag.py:545} INFO - Filling up the DagBag from /usr/local/python/3.10.13/lib/python3.10/site-packages/airflow/example_dags/example_branch_python_dop_operator_3.py
[2024-05-26T09:30:53.109+0000] {processor.py:840} INFO - DAG(s) 'example_branch_dop_operator_v3' retrieved from /usr/local/python/3.10.13/lib/python3.10/site-packages/airflow/example_dags/example_branch_python_dop_operator_3.py
[2024-05-26T09:30:53.121+0000] {logging_mixin.py:188} INFO - [2024-05-26T09:30:53.121+0000] {dag.py:3096} INFO - Sync 1 DAGs
[2024-05-26T09:30:53.141+0000] {logging_mixin.py:188} INFO - [2024-05-26T09:30:53.141+0000] {dag.py:3954} INFO - Setting next_dagrun for example_branch_dop_operator_v3 to 2024-05-26 09:29:00+00:00, run_after=2024-05-26 09:30:00+00:00
[2024-05-26T09:30:53.181+0000] {processor.py:183} INFO - Processing /usr/local/python/3.10.13/lib/python3.10/site-packages/airflow/example_dags/example_branch_python_dop_operator_3.py took 0.086 seconds
[2024-05-26T09:31:58.764+0000] {processor.py:161} INFO - Started process (PID=49313) to work on /usr/local/python/3.10.13/lib/python3.10/site-packages/airflow/example_dags/example_branch_python_dop_operator_3.py
[2024-05-26T09:31:58.765+0000] {processor.py:830} INFO - Processing file /usr/local/python/3.10.13/lib/python3.10/site-packages/airflow/example_dags/example_branch_python_dop_operator_3.py for tasks to queue
[2024-05-26T09:31:58.766+0000] {logging_mixin.py:188} INFO - [2024-05-26T09:31:58.766+0000] {dagbag.py:545} INFO - Filling up the DagBag from /usr/local/python/3.10.13/lib/python3.10/site-packages/airflow/example_dags/example_branch_python_dop_operator_3.py
[2024-05-26T09:31:58.778+0000] {processor.py:840} INFO - DAG(s) 'example_branch_dop_operator_v3' retrieved from /usr/local/python/3.10.13/lib/python3.10/site-packages/airflow/example_dags/example_branch_python_dop_operator_3.py
[2024-05-26T09:31:58.790+0000] {logging_mixin.py:188} INFO - [2024-05-26T09:31:58.790+0000] {dag.py:3096} INFO - Sync 1 DAGs
[2024-05-26T09:31:58.810+0000] {logging_mixin.py:188} INFO - [2024-05-26T09:31:58.810+0000] {dag.py:3954} INFO - Setting next_dagrun for example_branch_dop_operator_v3 to 2024-05-26 09:30:00+00:00, run_after=2024-05-26 09:31:00+00:00
[2024-05-26T09:31:58.846+0000] {processor.py:183} INFO - Processing /usr/local/python/3.10.13/lib/python3.10/site-packages/airflow/example_dags/example_branch_python_dop_operator_3.py took 0.087 seconds
[2024-05-26T09:33:00.663+0000] {processor.py:161} INFO - Started process (PID=49748) to work on /usr/local/python/3.10.13/lib/python3.10/site-packages/airflow/example_dags/example_branch_python_dop_operator_3.py
[2024-05-26T09:33:00.664+0000] {processor.py:830} INFO - Processing file /usr/local/python/3.10.13/lib/python3.10/site-packages/airflow/example_dags/example_branch_python_dop_operator_3.py for tasks to queue
[2024-05-26T09:33:00.665+0000] {logging_mixin.py:188} INFO - [2024-05-26T09:33:00.665+0000] {dagbag.py:545} INFO - Filling up the DagBag from /usr/local/python/3.10.13/lib/python3.10/site-packages/airflow/example_dags/example_branch_python_dop_operator_3.py
[2024-05-26T09:33:00.673+0000] {processor.py:840} INFO - DAG(s) 'example_branch_dop_operator_v3' retrieved from /usr/local/python/3.10.13/lib/python3.10/site-packages/airflow/example_dags/example_branch_python_dop_operator_3.py
[2024-05-26T09:33:00.685+0000] {logging_mixin.py:188} INFO - [2024-05-26T09:33:00.685+0000] {dag.py:3096} INFO - Sync 1 DAGs
[2024-05-26T09:33:00.704+0000] {logging_mixin.py:188} INFO - [2024-05-26T09:33:00.704+0000] {dag.py:3954} INFO - Setting next_dagrun for example_branch_dop_operator_v3 to 2024-05-26 09:32:00+00:00, run_after=2024-05-26 09:33:00+00:00
[2024-05-26T09:33:00.741+0000] {processor.py:183} INFO - Processing /usr/local/python/3.10.13/lib/python3.10/site-packages/airflow/example_dags/example_branch_python_dop_operator_3.py took 0.083 seconds
[2024-05-26T09:33:58.913+0000] {processor.py:161} INFO - Started process (PID=50168) to work on /usr/local/python/3.10.13/lib/python3.10/site-packages/airflow/example_dags/example_branch_python_dop_operator_3.py
[2024-05-26T09:33:58.913+0000] {processor.py:830} INFO - Processing file /usr/local/python/3.10.13/lib/python3.10/site-packages/airflow/example_dags/example_branch_python_dop_operator_3.py for tasks to queue
[2024-05-26T09:33:58.914+0000] {logging_mixin.py:188} INFO - [2024-05-26T09:33:58.914+0000] {dagbag.py:545} INFO - Filling up the DagBag from /usr/local/python/3.10.13/lib/python3.10/site-packages/airflow/example_dags/example_branch_python_dop_operator_3.py
[2024-05-26T09:33:58.922+0000] {processor.py:840} INFO - DAG(s) 'example_branch_dop_operator_v3' retrieved from /usr/local/python/3.10.13/lib/python3.10/site-packages/airflow/example_dags/example_branch_python_dop_operator_3.py
[2024-05-26T09:33:58.933+0000] {logging_mixin.py:188} INFO - [2024-05-26T09:33:58.933+0000] {dag.py:3096} INFO - Sync 1 DAGs
[2024-05-26T09:33:58.952+0000] {logging_mixin.py:188} INFO - [2024-05-26T09:33:58.952+0000] {dag.py:3954} INFO - Setting next_dagrun for example_branch_dop_operator_v3 to 2024-05-26 09:32:00+00:00, run_after=2024-05-26 09:33:00+00:00
[2024-05-26T09:33:58.987+0000] {processor.py:183} INFO - Processing /usr/local/python/3.10.13/lib/python3.10/site-packages/airflow/example_dags/example_branch_python_dop_operator_3.py took 0.079 seconds
[2024-05-26T09:34:57.859+0000] {processor.py:161} INFO - Started process (PID=50587) to work on /usr/local/python/3.10.13/lib/python3.10/site-packages/airflow/example_dags/example_branch_python_dop_operator_3.py
[2024-05-26T09:34:57.860+0000] {processor.py:830} INFO - Processing file /usr/local/python/3.10.13/lib/python3.10/site-packages/airflow/example_dags/example_branch_python_dop_operator_3.py for tasks to queue
[2024-05-26T09:34:57.861+0000] {logging_mixin.py:188} INFO - [2024-05-26T09:34:57.861+0000] {dagbag.py:545} INFO - Filling up the DagBag from /usr/local/python/3.10.13/lib/python3.10/site-packages/airflow/example_dags/example_branch_python_dop_operator_3.py
[2024-05-26T09:34:57.869+0000] {processor.py:840} INFO - DAG(s) 'example_branch_dop_operator_v3' retrieved from /usr/local/python/3.10.13/lib/python3.10/site-packages/airflow/example_dags/example_branch_python_dop_operator_3.py
[2024-05-26T09:34:57.883+0000] {logging_mixin.py:188} INFO - [2024-05-26T09:34:57.883+0000] {dag.py:3096} INFO - Sync 1 DAGs
[2024-05-26T09:34:57.904+0000] {logging_mixin.py:188} INFO - [2024-05-26T09:34:57.904+0000] {dag.py:3954} INFO - Setting next_dagrun for example_branch_dop_operator_v3 to 2024-05-26 09:33:00+00:00, run_after=2024-05-26 09:34:00+00:00
[2024-05-26T09:34:57.940+0000] {processor.py:183} INFO - Processing /usr/local/python/3.10.13/lib/python3.10/site-packages/airflow/example_dags/example_branch_python_dop_operator_3.py took 0.085 seconds
[2024-05-26T09:35:57.603+0000] {processor.py:161} INFO - Started process (PID=51009) to work on /usr/local/python/3.10.13/lib/python3.10/site-packages/airflow/example_dags/example_branch_python_dop_operator_3.py
[2024-05-26T09:35:57.604+0000] {processor.py:830} INFO - Processing file /usr/local/python/3.10.13/lib/python3.10/site-packages/airflow/example_dags/example_branch_python_dop_operator_3.py for tasks to queue
[2024-05-26T09:35:57.605+0000] {logging_mixin.py:188} INFO - [2024-05-26T09:35:57.605+0000] {dagbag.py:545} INFO - Filling up the DagBag from /usr/local/python/3.10.13/lib/python3.10/site-packages/airflow/example_dags/example_branch_python_dop_operator_3.py
[2024-05-26T09:35:57.615+0000] {processor.py:840} INFO - DAG(s) 'example_branch_dop_operator_v3' retrieved from /usr/local/python/3.10.13/lib/python3.10/site-packages/airflow/example_dags/example_branch_python_dop_operator_3.py
[2024-05-26T09:35:57.627+0000] {logging_mixin.py:188} INFO - [2024-05-26T09:35:57.627+0000] {dag.py:3096} INFO - Sync 1 DAGs
[2024-05-26T09:35:57.646+0000] {logging_mixin.py:188} INFO - [2024-05-26T09:35:57.645+0000] {dag.py:3954} INFO - Setting next_dagrun for example_branch_dop_operator_v3 to 2024-05-26 09:34:00+00:00, run_after=2024-05-26 09:35:00+00:00
[2024-05-26T09:35:57.682+0000] {processor.py:183} INFO - Processing /usr/local/python/3.10.13/lib/python3.10/site-packages/airflow/example_dags/example_branch_python_dop_operator_3.py took 0.083 seconds
[2024-05-26T09:37:00.793+0000] {processor.py:161} INFO - Started process (PID=51440) to work on /usr/local/python/3.10.13/lib/python3.10/site-packages/airflow/example_dags/example_branch_python_dop_operator_3.py
[2024-05-26T09:37:00.794+0000] {processor.py:830} INFO - Processing file /usr/local/python/3.10.13/lib/python3.10/site-packages/airflow/example_dags/example_branch_python_dop_operator_3.py for tasks to queue
[2024-05-26T09:37:00.795+0000] {logging_mixin.py:188} INFO - [2024-05-26T09:37:00.795+0000] {dagbag.py:545} INFO - Filling up the DagBag from /usr/local/python/3.10.13/lib/python3.10/site-packages/airflow/example_dags/example_branch_python_dop_operator_3.py
[2024-05-26T09:37:00.803+0000] {processor.py:840} INFO - DAG(s) 'example_branch_dop_operator_v3' retrieved from /usr/local/python/3.10.13/lib/python3.10/site-packages/airflow/example_dags/example_branch_python_dop_operator_3.py
[2024-05-26T09:37:00.814+0000] {logging_mixin.py:188} INFO - [2024-05-26T09:37:00.814+0000] {dag.py:3096} INFO - Sync 1 DAGs
[2024-05-26T09:37:00.833+0000] {logging_mixin.py:188} INFO - [2024-05-26T09:37:00.833+0000] {dag.py:3954} INFO - Setting next_dagrun for example_branch_dop_operator_v3 to 2024-05-26 09:36:00+00:00, run_after=2024-05-26 09:37:00+00:00
[2024-05-26T09:37:00.873+0000] {processor.py:183} INFO - Processing /usr/local/python/3.10.13/lib/python3.10/site-packages/airflow/example_dags/example_branch_python_dop_operator_3.py took 0.085 seconds
[2024-05-26T09:38:06.560+0000] {processor.py:161} INFO - Started process (PID=51905) to work on /usr/local/python/3.10.13/lib/python3.10/site-packages/airflow/example_dags/example_branch_python_dop_operator_3.py
[2024-05-26T09:38:06.561+0000] {processor.py:830} INFO - Processing file /usr/local/python/3.10.13/lib/python3.10/site-packages/airflow/example_dags/example_branch_python_dop_operator_3.py for tasks to queue
[2024-05-26T09:38:06.562+0000] {logging_mixin.py:188} INFO - [2024-05-26T09:38:06.562+0000] {dagbag.py:545} INFO - Filling up the DagBag from /usr/local/python/3.10.13/lib/python3.10/site-packages/airflow/example_dags/example_branch_python_dop_operator_3.py
[2024-05-26T09:38:06.569+0000] {processor.py:840} INFO - DAG(s) 'example_branch_dop_operator_v3' retrieved from /usr/local/python/3.10.13/lib/python3.10/site-packages/airflow/example_dags/example_branch_python_dop_operator_3.py
[2024-05-26T09:38:06.581+0000] {logging_mixin.py:188} INFO - [2024-05-26T09:38:06.580+0000] {dag.py:3096} INFO - Sync 1 DAGs
[2024-05-26T09:38:06.601+0000] {logging_mixin.py:188} INFO - [2024-05-26T09:38:06.601+0000] {dag.py:3954} INFO - Setting next_dagrun for example_branch_dop_operator_v3 to 2024-05-26 09:37:00+00:00, run_after=2024-05-26 09:38:00+00:00
[2024-05-26T09:38:06.638+0000] {processor.py:183} INFO - Processing /usr/local/python/3.10.13/lib/python3.10/site-packages/airflow/example_dags/example_branch_python_dop_operator_3.py took 0.083 seconds
[2024-05-26T09:39:00.510+0000] {processor.py:161} INFO - Started process (PID=52273) to work on /usr/local/python/3.10.13/lib/python3.10/site-packages/airflow/example_dags/example_branch_python_dop_operator_3.py
[2024-05-26T09:39:00.511+0000] {processor.py:830} INFO - Processing file /usr/local/python/3.10.13/lib/python3.10/site-packages/airflow/example_dags/example_branch_python_dop_operator_3.py for tasks to queue
[2024-05-26T09:39:00.512+0000] {logging_mixin.py:188} INFO - [2024-05-26T09:39:00.511+0000] {dagbag.py:545} INFO - Filling up the DagBag from /usr/local/python/3.10.13/lib/python3.10/site-packages/airflow/example_dags/example_branch_python_dop_operator_3.py
[2024-05-26T09:39:00.519+0000] {processor.py:840} INFO - DAG(s) 'example_branch_dop_operator_v3' retrieved from /usr/local/python/3.10.13/lib/python3.10/site-packages/airflow/example_dags/example_branch_python_dop_operator_3.py
[2024-05-26T09:39:00.530+0000] {logging_mixin.py:188} INFO - [2024-05-26T09:39:00.530+0000] {dag.py:3096} INFO - Sync 1 DAGs
[2024-05-26T09:39:00.550+0000] {logging_mixin.py:188} INFO - [2024-05-26T09:39:00.550+0000] {dag.py:3954} INFO - Setting next_dagrun for example_branch_dop_operator_v3 to 2024-05-26 09:38:00+00:00, run_after=2024-05-26 09:39:00+00:00
[2024-05-26T09:39:00.588+0000] {processor.py:183} INFO - Processing /usr/local/python/3.10.13/lib/python3.10/site-packages/airflow/example_dags/example_branch_python_dop_operator_3.py took 0.082 seconds
[2024-05-26T09:40:05.945+0000] {processor.py:161} INFO - Started process (PID=52721) to work on /usr/local/python/3.10.13/lib/python3.10/site-packages/airflow/example_dags/example_branch_python_dop_operator_3.py
[2024-05-26T09:40:05.945+0000] {processor.py:830} INFO - Processing file /usr/local/python/3.10.13/lib/python3.10/site-packages/airflow/example_dags/example_branch_python_dop_operator_3.py for tasks to queue
[2024-05-26T09:40:05.946+0000] {logging_mixin.py:188} INFO - [2024-05-26T09:40:05.946+0000] {dagbag.py:545} INFO - Filling up the DagBag from /usr/local/python/3.10.13/lib/python3.10/site-packages/airflow/example_dags/example_branch_python_dop_operator_3.py
[2024-05-26T09:40:05.954+0000] {processor.py:840} INFO - DAG(s) 'example_branch_dop_operator_v3' retrieved from /usr/local/python/3.10.13/lib/python3.10/site-packages/airflow/example_dags/example_branch_python_dop_operator_3.py
[2024-05-26T09:40:05.965+0000] {logging_mixin.py:188} INFO - [2024-05-26T09:40:05.965+0000] {dag.py:3096} INFO - Sync 1 DAGs
[2024-05-26T09:40:05.984+0000] {logging_mixin.py:188} INFO - [2024-05-26T09:40:05.984+0000] {dag.py:3954} INFO - Setting next_dagrun for example_branch_dop_operator_v3 to 2024-05-26 09:39:00+00:00, run_after=2024-05-26 09:40:00+00:00
[2024-05-26T09:40:06.023+0000] {processor.py:183} INFO - Processing /usr/local/python/3.10.13/lib/python3.10/site-packages/airflow/example_dags/example_branch_python_dop_operator_3.py took 0.084 seconds
[2024-05-26T09:41:06.494+0000] {processor.py:161} INFO - Started process (PID=53155) to work on /usr/local/python/3.10.13/lib/python3.10/site-packages/airflow/example_dags/example_branch_python_dop_operator_3.py
[2024-05-26T09:41:06.495+0000] {processor.py:830} INFO - Processing file /usr/local/python/3.10.13/lib/python3.10/site-packages/airflow/example_dags/example_branch_python_dop_operator_3.py for tasks to queue
[2024-05-26T09:41:06.496+0000] {logging_mixin.py:188} INFO - [2024-05-26T09:41:06.496+0000] {dagbag.py:545} INFO - Filling up the DagBag from /usr/local/python/3.10.13/lib/python3.10/site-packages/airflow/example_dags/example_branch_python_dop_operator_3.py
[2024-05-26T09:41:06.503+0000] {processor.py:840} INFO - DAG(s) 'example_branch_dop_operator_v3' retrieved from /usr/local/python/3.10.13/lib/python3.10/site-packages/airflow/example_dags/example_branch_python_dop_operator_3.py
[2024-05-26T09:41:06.515+0000] {logging_mixin.py:188} INFO - [2024-05-26T09:41:06.515+0000] {dag.py:3096} INFO - Sync 1 DAGs
[2024-05-26T09:41:06.534+0000] {logging_mixin.py:188} INFO - [2024-05-26T09:41:06.534+0000] {dag.py:3954} INFO - Setting next_dagrun for example_branch_dop_operator_v3 to 2024-05-26 09:40:00+00:00, run_after=2024-05-26 09:41:00+00:00
[2024-05-26T09:41:06.576+0000] {processor.py:183} INFO - Processing /usr/local/python/3.10.13/lib/python3.10/site-packages/airflow/example_dags/example_branch_python_dop_operator_3.py took 0.086 seconds
[2024-05-26T09:42:10.024+0000] {processor.py:161} INFO - Started process (PID=53584) to work on /usr/local/python/3.10.13/lib/python3.10/site-packages/airflow/example_dags/example_branch_python_dop_operator_3.py
[2024-05-26T09:42:10.024+0000] {processor.py:830} INFO - Processing file /usr/local/python/3.10.13/lib/python3.10/site-packages/airflow/example_dags/example_branch_python_dop_operator_3.py for tasks to queue
[2024-05-26T09:42:10.026+0000] {logging_mixin.py:188} INFO - [2024-05-26T09:42:10.025+0000] {dagbag.py:545} INFO - Filling up the DagBag from /usr/local/python/3.10.13/lib/python3.10/site-packages/airflow/example_dags/example_branch_python_dop_operator_3.py
[2024-05-26T09:42:10.033+0000] {processor.py:840} INFO - DAG(s) 'example_branch_dop_operator_v3' retrieved from /usr/local/python/3.10.13/lib/python3.10/site-packages/airflow/example_dags/example_branch_python_dop_operator_3.py
[2024-05-26T09:42:10.045+0000] {logging_mixin.py:188} INFO - [2024-05-26T09:42:10.045+0000] {dag.py:3096} INFO - Sync 1 DAGs
[2024-05-26T09:42:10.064+0000] {logging_mixin.py:188} INFO - [2024-05-26T09:42:10.063+0000] {dag.py:3954} INFO - Setting next_dagrun for example_branch_dop_operator_v3 to 2024-05-26 09:41:00+00:00, run_after=2024-05-26 09:42:00+00:00
[2024-05-26T09:42:10.100+0000] {processor.py:183} INFO - Processing /usr/local/python/3.10.13/lib/python3.10/site-packages/airflow/example_dags/example_branch_python_dop_operator_3.py took 0.081 seconds
[2024-05-26T09:43:06.918+0000] {processor.py:161} INFO - Started process (PID=53994) to work on /usr/local/python/3.10.13/lib/python3.10/site-packages/airflow/example_dags/example_branch_python_dop_operator_3.py
[2024-05-26T09:43:06.918+0000] {processor.py:830} INFO - Processing file /usr/local/python/3.10.13/lib/python3.10/site-packages/airflow/example_dags/example_branch_python_dop_operator_3.py for tasks to queue
[2024-05-26T09:43:06.920+0000] {logging_mixin.py:188} INFO - [2024-05-26T09:43:06.919+0000] {dagbag.py:545} INFO - Filling up the DagBag from /usr/local/python/3.10.13/lib/python3.10/site-packages/airflow/example_dags/example_branch_python_dop_operator_3.py
[2024-05-26T09:43:06.927+0000] {processor.py:840} INFO - DAG(s) 'example_branch_dop_operator_v3' retrieved from /usr/local/python/3.10.13/lib/python3.10/site-packages/airflow/example_dags/example_branch_python_dop_operator_3.py
[2024-05-26T09:43:06.939+0000] {logging_mixin.py:188} INFO - [2024-05-26T09:43:06.939+0000] {dag.py:3096} INFO - Sync 1 DAGs
[2024-05-26T09:43:06.957+0000] {logging_mixin.py:188} INFO - [2024-05-26T09:43:06.957+0000] {dag.py:3954} INFO - Setting next_dagrun for example_branch_dop_operator_v3 to 2024-05-26 09:42:00+00:00, run_after=2024-05-26 09:43:00+00:00
[2024-05-26T09:43:06.993+0000] {processor.py:183} INFO - Processing /usr/local/python/3.10.13/lib/python3.10/site-packages/airflow/example_dags/example_branch_python_dop_operator_3.py took 0.080 seconds
[2024-05-26T09:44:08.782+0000] {processor.py:161} INFO - Started process (PID=54505) to work on /usr/local/python/3.10.13/lib/python3.10/site-packages/airflow/example_dags/example_branch_python_dop_operator_3.py
[2024-05-26T09:44:08.783+0000] {processor.py:830} INFO - Processing file /usr/local/python/3.10.13/lib/python3.10/site-packages/airflow/example_dags/example_branch_python_dop_operator_3.py for tasks to queue
[2024-05-26T09:44:08.784+0000] {logging_mixin.py:188} INFO - [2024-05-26T09:44:08.784+0000] {dagbag.py:545} INFO - Filling up the DagBag from /usr/local/python/3.10.13/lib/python3.10/site-packages/airflow/example_dags/example_branch_python_dop_operator_3.py
[2024-05-26T09:44:08.791+0000] {processor.py:840} INFO - DAG(s) 'example_branch_dop_operator_v3' retrieved from /usr/local/python/3.10.13/lib/python3.10/site-packages/airflow/example_dags/example_branch_python_dop_operator_3.py
[2024-05-26T09:44:08.803+0000] {logging_mixin.py:188} INFO - [2024-05-26T09:44:08.802+0000] {dag.py:3096} INFO - Sync 1 DAGs
[2024-05-26T09:44:08.823+0000] {logging_mixin.py:188} INFO - [2024-05-26T09:44:08.822+0000] {dag.py:3954} INFO - Setting next_dagrun for example_branch_dop_operator_v3 to 2024-05-26 09:43:00+00:00, run_after=2024-05-26 09:44:00+00:00
[2024-05-26T09:44:08.861+0000] {processor.py:183} INFO - Processing /usr/local/python/3.10.13/lib/python3.10/site-packages/airflow/example_dags/example_branch_python_dop_operator_3.py took 0.083 seconds
[2024-05-26T09:45:11.760+0000] {processor.py:161} INFO - Started process (PID=55113) to work on /usr/local/python/3.10.13/lib/python3.10/site-packages/airflow/example_dags/example_branch_python_dop_operator_3.py
[2024-05-26T09:45:11.761+0000] {processor.py:830} INFO - Processing file /usr/local/python/3.10.13/lib/python3.10/site-packages/airflow/example_dags/example_branch_python_dop_operator_3.py for tasks to queue
[2024-05-26T09:45:11.762+0000] {logging_mixin.py:188} INFO - [2024-05-26T09:45:11.762+0000] {dagbag.py:545} INFO - Filling up the DagBag from /usr/local/python/3.10.13/lib/python3.10/site-packages/airflow/example_dags/example_branch_python_dop_operator_3.py
[2024-05-26T09:45:11.770+0000] {processor.py:840} INFO - DAG(s) 'example_branch_dop_operator_v3' retrieved from /usr/local/python/3.10.13/lib/python3.10/site-packages/airflow/example_dags/example_branch_python_dop_operator_3.py
[2024-05-26T09:45:11.782+0000] {logging_mixin.py:188} INFO - [2024-05-26T09:45:11.781+0000] {dag.py:3096} INFO - Sync 1 DAGs
[2024-05-26T09:45:11.800+0000] {logging_mixin.py:188} INFO - [2024-05-26T09:45:11.800+0000] {dag.py:3954} INFO - Setting next_dagrun for example_branch_dop_operator_v3 to 2024-05-26 09:44:00+00:00, run_after=2024-05-26 09:45:00+00:00
[2024-05-26T09:45:11.837+0000] {processor.py:183} INFO - Processing /usr/local/python/3.10.13/lib/python3.10/site-packages/airflow/example_dags/example_branch_python_dop_operator_3.py took 0.082 seconds
[2024-05-26T09:46:10.238+0000] {processor.py:161} INFO - Started process (PID=55919) to work on /usr/local/python/3.10.13/lib/python3.10/site-packages/airflow/example_dags/example_branch_python_dop_operator_3.py
[2024-05-26T09:46:10.239+0000] {processor.py:830} INFO - Processing file /usr/local/python/3.10.13/lib/python3.10/site-packages/airflow/example_dags/example_branch_python_dop_operator_3.py for tasks to queue
[2024-05-26T09:46:10.240+0000] {logging_mixin.py:188} INFO - [2024-05-26T09:46:10.240+0000] {dagbag.py:545} INFO - Filling up the DagBag from /usr/local/python/3.10.13/lib/python3.10/site-packages/airflow/example_dags/example_branch_python_dop_operator_3.py
[2024-05-26T09:46:10.247+0000] {processor.py:840} INFO - DAG(s) 'example_branch_dop_operator_v3' retrieved from /usr/local/python/3.10.13/lib/python3.10/site-packages/airflow/example_dags/example_branch_python_dop_operator_3.py
[2024-05-26T09:46:10.259+0000] {logging_mixin.py:188} INFO - [2024-05-26T09:46:10.259+0000] {dag.py:3096} INFO - Sync 1 DAGs
[2024-05-26T09:46:10.279+0000] {logging_mixin.py:188} INFO - [2024-05-26T09:46:10.278+0000] {dag.py:3954} INFO - Setting next_dagrun for example_branch_dop_operator_v3 to 2024-05-26 09:45:00+00:00, run_after=2024-05-26 09:46:00+00:00
[2024-05-26T09:46:10.321+0000] {processor.py:183} INFO - Processing /usr/local/python/3.10.13/lib/python3.10/site-packages/airflow/example_dags/example_branch_python_dop_operator_3.py took 0.087 seconds
