[2024-05-26T09:10:41.984+0000] {processor.py:161} INFO - Started process (PID=40136) to work on /usr/local/python/3.10.13/lib/python3.10/site-packages/airflow/example_dags/example_xcom.py
[2024-05-26T09:10:41.985+0000] {processor.py:830} INFO - Processing file /usr/local/python/3.10.13/lib/python3.10/site-packages/airflow/example_dags/example_xcom.py for tasks to queue
[2024-05-26T09:10:41.987+0000] {logging_mixin.py:188} INFO - [2024-05-26T09:10:41.986+0000] {dagbag.py:545} INFO - Filling up the DagBag from /usr/local/python/3.10.13/lib/python3.10/site-packages/airflow/example_dags/example_xcom.py
[2024-05-26T09:10:41.996+0000] {processor.py:840} INFO - DAG(s) 'example_xcom' retrieved from /usr/local/python/3.10.13/lib/python3.10/site-packages/airflow/example_dags/example_xcom.py
[2024-05-26T09:10:42.020+0000] {logging_mixin.py:188} INFO - [2024-05-26T09:10:42.020+0000] {dag.py:3096} INFO - Sync 1 DAGs
[2024-05-26T09:10:42.150+0000] {logging_mixin.py:188} INFO - [2024-05-26T09:10:42.041+0000] {dag.py:3954} INFO - Setting next_dagrun for example_xcom to 2021-01-01 00:00:00+00:00, run_after=2021-01-01 00:00:00+00:00
[2024-05-26T09:10:42.202+0000] {processor.py:183} INFO - Processing /usr/local/python/3.10.13/lib/python3.10/site-packages/airflow/example_dags/example_xcom.py took 0.225 seconds
[2024-05-26T09:11:35.725+0000] {processor.py:161} INFO - Started process (PID=40542) to work on /usr/local/python/3.10.13/lib/python3.10/site-packages/airflow/example_dags/example_xcom.py
[2024-05-26T09:11:35.725+0000] {processor.py:830} INFO - Processing file /usr/local/python/3.10.13/lib/python3.10/site-packages/airflow/example_dags/example_xcom.py for tasks to queue
[2024-05-26T09:11:35.727+0000] {logging_mixin.py:188} INFO - [2024-05-26T09:11:35.727+0000] {dagbag.py:545} INFO - Filling up the DagBag from /usr/local/python/3.10.13/lib/python3.10/site-packages/airflow/example_dags/example_xcom.py
[2024-05-26T09:11:35.733+0000] {processor.py:840} INFO - DAG(s) 'example_xcom' retrieved from /usr/local/python/3.10.13/lib/python3.10/site-packages/airflow/example_dags/example_xcom.py
[2024-05-26T09:11:35.745+0000] {logging_mixin.py:188} INFO - [2024-05-26T09:11:35.745+0000] {dag.py:3096} INFO - Sync 1 DAGs
[2024-05-26T09:11:35.759+0000] {logging_mixin.py:188} INFO - [2024-05-26T09:11:35.759+0000] {dag.py:3954} INFO - Setting next_dagrun for example_xcom to 2021-01-01 00:00:00+00:00, run_after=2021-01-01 00:00:00+00:00
[2024-05-26T09:11:35.797+0000] {processor.py:183} INFO - Processing /usr/local/python/3.10.13/lib/python3.10/site-packages/airflow/example_dags/example_xcom.py took 0.077 seconds
[2024-05-26T09:12:25.700+0000] {processor.py:161} INFO - Started process (PID=40903) to work on /usr/local/python/3.10.13/lib/python3.10/site-packages/airflow/example_dags/example_xcom.py
[2024-05-26T09:12:25.701+0000] {processor.py:830} INFO - Processing file /usr/local/python/3.10.13/lib/python3.10/site-packages/airflow/example_dags/example_xcom.py for tasks to queue
[2024-05-26T09:12:25.703+0000] {logging_mixin.py:188} INFO - [2024-05-26T09:12:25.703+0000] {dagbag.py:545} INFO - Filling up the DagBag from /usr/local/python/3.10.13/lib/python3.10/site-packages/airflow/example_dags/example_xcom.py
[2024-05-26T09:12:25.709+0000] {processor.py:840} INFO - DAG(s) 'example_xcom' retrieved from /usr/local/python/3.10.13/lib/python3.10/site-packages/airflow/example_dags/example_xcom.py
[2024-05-26T09:12:25.721+0000] {logging_mixin.py:188} INFO - [2024-05-26T09:12:25.721+0000] {dag.py:3096} INFO - Sync 1 DAGs
[2024-05-26T09:12:25.736+0000] {logging_mixin.py:188} INFO - [2024-05-26T09:12:25.735+0000] {dag.py:3954} INFO - Setting next_dagrun for example_xcom to 2021-01-01 00:00:00+00:00, run_after=2021-01-01 00:00:00+00:00
[2024-05-26T09:12:25.777+0000] {processor.py:183} INFO - Processing /usr/local/python/3.10.13/lib/python3.10/site-packages/airflow/example_dags/example_xcom.py took 0.081 seconds
[2024-05-26T09:13:08.982+0000] {processor.py:161} INFO - Started process (PID=41265) to work on /usr/local/python/3.10.13/lib/python3.10/site-packages/airflow/example_dags/example_xcom.py
[2024-05-26T09:13:08.983+0000] {processor.py:830} INFO - Processing file /usr/local/python/3.10.13/lib/python3.10/site-packages/airflow/example_dags/example_xcom.py for tasks to queue
[2024-05-26T09:13:08.984+0000] {logging_mixin.py:188} INFO - [2024-05-26T09:13:08.984+0000] {dagbag.py:545} INFO - Filling up the DagBag from /usr/local/python/3.10.13/lib/python3.10/site-packages/airflow/example_dags/example_xcom.py
[2024-05-26T09:13:08.990+0000] {processor.py:840} INFO - DAG(s) 'example_xcom' retrieved from /usr/local/python/3.10.13/lib/python3.10/site-packages/airflow/example_dags/example_xcom.py
[2024-05-26T09:13:09.004+0000] {logging_mixin.py:188} INFO - [2024-05-26T09:13:09.003+0000] {dag.py:3096} INFO - Sync 1 DAGs
[2024-05-26T09:13:09.018+0000] {logging_mixin.py:188} INFO - [2024-05-26T09:13:09.017+0000] {dag.py:3954} INFO - Setting next_dagrun for example_xcom to 2021-01-01 00:00:00+00:00, run_after=2021-01-01 00:00:00+00:00
[2024-05-26T09:13:09.057+0000] {processor.py:183} INFO - Processing /usr/local/python/3.10.13/lib/python3.10/site-packages/airflow/example_dags/example_xcom.py took 0.079 seconds
[2024-05-26T09:13:52.643+0000] {processor.py:161} INFO - Started process (PID=41669) to work on /usr/local/python/3.10.13/lib/python3.10/site-packages/airflow/example_dags/example_xcom.py
[2024-05-26T09:13:52.644+0000] {processor.py:830} INFO - Processing file /usr/local/python/3.10.13/lib/python3.10/site-packages/airflow/example_dags/example_xcom.py for tasks to queue
[2024-05-26T09:13:52.647+0000] {logging_mixin.py:188} INFO - [2024-05-26T09:13:52.646+0000] {dagbag.py:545} INFO - Filling up the DagBag from /usr/local/python/3.10.13/lib/python3.10/site-packages/airflow/example_dags/example_xcom.py
[2024-05-26T09:13:52.653+0000] {processor.py:840} INFO - DAG(s) 'example_xcom' retrieved from /usr/local/python/3.10.13/lib/python3.10/site-packages/airflow/example_dags/example_xcom.py
[2024-05-26T09:13:52.665+0000] {logging_mixin.py:188} INFO - [2024-05-26T09:13:52.665+0000] {dag.py:3096} INFO - Sync 1 DAGs
[2024-05-26T09:13:52.680+0000] {logging_mixin.py:188} INFO - [2024-05-26T09:13:52.679+0000] {dag.py:3954} INFO - Setting next_dagrun for example_xcom to 2021-01-01 00:00:00+00:00, run_after=2021-01-01 00:00:00+00:00
[2024-05-26T09:13:52.719+0000] {processor.py:183} INFO - Processing /usr/local/python/3.10.13/lib/python3.10/site-packages/airflow/example_dags/example_xcom.py took 0.080 seconds
[2024-05-26T09:14:35.479+0000] {processor.py:161} INFO - Started process (PID=41958) to work on /usr/local/python/3.10.13/lib/python3.10/site-packages/airflow/example_dags/example_xcom.py
[2024-05-26T09:14:35.480+0000] {processor.py:830} INFO - Processing file /usr/local/python/3.10.13/lib/python3.10/site-packages/airflow/example_dags/example_xcom.py for tasks to queue
[2024-05-26T09:14:35.482+0000] {logging_mixin.py:188} INFO - [2024-05-26T09:14:35.482+0000] {dagbag.py:545} INFO - Filling up the DagBag from /usr/local/python/3.10.13/lib/python3.10/site-packages/airflow/example_dags/example_xcom.py
[2024-05-26T09:14:35.491+0000] {processor.py:840} INFO - DAG(s) 'example_xcom' retrieved from /usr/local/python/3.10.13/lib/python3.10/site-packages/airflow/example_dags/example_xcom.py
[2024-05-26T09:14:35.512+0000] {logging_mixin.py:188} INFO - [2024-05-26T09:14:35.511+0000] {dag.py:3096} INFO - Sync 1 DAGs
[2024-05-26T09:14:35.532+0000] {logging_mixin.py:188} INFO - [2024-05-26T09:14:35.531+0000] {dag.py:3954} INFO - Setting next_dagrun for example_xcom to 2021-01-01 00:00:00+00:00, run_after=2021-01-01 00:00:00+00:00
[2024-05-26T09:14:35.575+0000] {processor.py:183} INFO - Processing /usr/local/python/3.10.13/lib/python3.10/site-packages/airflow/example_dags/example_xcom.py took 0.102 seconds
[2024-05-26T09:15:20.413+0000] {processor.py:161} INFO - Started process (PID=42259) to work on /usr/local/python/3.10.13/lib/python3.10/site-packages/airflow/example_dags/example_xcom.py
[2024-05-26T09:15:20.413+0000] {processor.py:830} INFO - Processing file /usr/local/python/3.10.13/lib/python3.10/site-packages/airflow/example_dags/example_xcom.py for tasks to queue
[2024-05-26T09:15:20.414+0000] {logging_mixin.py:188} INFO - [2024-05-26T09:15:20.414+0000] {dagbag.py:545} INFO - Filling up the DagBag from /usr/local/python/3.10.13/lib/python3.10/site-packages/airflow/example_dags/example_xcom.py
[2024-05-26T09:15:20.420+0000] {processor.py:840} INFO - DAG(s) 'example_xcom' retrieved from /usr/local/python/3.10.13/lib/python3.10/site-packages/airflow/example_dags/example_xcom.py
[2024-05-26T09:15:20.433+0000] {logging_mixin.py:188} INFO - [2024-05-26T09:15:20.433+0000] {dag.py:3096} INFO - Sync 1 DAGs
[2024-05-26T09:15:20.447+0000] {logging_mixin.py:188} INFO - [2024-05-26T09:15:20.447+0000] {dag.py:3954} INFO - Setting next_dagrun for example_xcom to 2021-01-01 00:00:00+00:00, run_after=2021-01-01 00:00:00+00:00
[2024-05-26T09:15:20.484+0000] {processor.py:183} INFO - Processing /usr/local/python/3.10.13/lib/python3.10/site-packages/airflow/example_dags/example_xcom.py took 0.076 seconds
[2024-05-26T09:16:00.512+0000] {processor.py:161} INFO - Started process (PID=42546) to work on /usr/local/python/3.10.13/lib/python3.10/site-packages/airflow/example_dags/example_xcom.py
[2024-05-26T09:16:00.513+0000] {processor.py:830} INFO - Processing file /usr/local/python/3.10.13/lib/python3.10/site-packages/airflow/example_dags/example_xcom.py for tasks to queue
[2024-05-26T09:16:00.514+0000] {logging_mixin.py:188} INFO - [2024-05-26T09:16:00.514+0000] {dagbag.py:545} INFO - Filling up the DagBag from /usr/local/python/3.10.13/lib/python3.10/site-packages/airflow/example_dags/example_xcom.py
[2024-05-26T09:16:00.520+0000] {processor.py:840} INFO - DAG(s) 'example_xcom' retrieved from /usr/local/python/3.10.13/lib/python3.10/site-packages/airflow/example_dags/example_xcom.py
[2024-05-26T09:16:00.532+0000] {logging_mixin.py:188} INFO - [2024-05-26T09:16:00.532+0000] {dag.py:3096} INFO - Sync 1 DAGs
[2024-05-26T09:16:00.547+0000] {logging_mixin.py:188} INFO - [2024-05-26T09:16:00.547+0000] {dag.py:3954} INFO - Setting next_dagrun for example_xcom to 2021-01-01 00:00:00+00:00, run_after=2021-01-01 00:00:00+00:00
[2024-05-26T09:16:00.585+0000] {processor.py:183} INFO - Processing /usr/local/python/3.10.13/lib/python3.10/site-packages/airflow/example_dags/example_xcom.py took 0.077 seconds
[2024-05-26T09:16:42.250+0000] {processor.py:161} INFO - Started process (PID=42836) to work on /usr/local/python/3.10.13/lib/python3.10/site-packages/airflow/example_dags/example_xcom.py
[2024-05-26T09:16:42.251+0000] {processor.py:830} INFO - Processing file /usr/local/python/3.10.13/lib/python3.10/site-packages/airflow/example_dags/example_xcom.py for tasks to queue
[2024-05-26T09:16:42.252+0000] {logging_mixin.py:188} INFO - [2024-05-26T09:16:42.251+0000] {dagbag.py:545} INFO - Filling up the DagBag from /usr/local/python/3.10.13/lib/python3.10/site-packages/airflow/example_dags/example_xcom.py
[2024-05-26T09:16:42.258+0000] {processor.py:840} INFO - DAG(s) 'example_xcom' retrieved from /usr/local/python/3.10.13/lib/python3.10/site-packages/airflow/example_dags/example_xcom.py
[2024-05-26T09:16:42.271+0000] {logging_mixin.py:188} INFO - [2024-05-26T09:16:42.271+0000] {dag.py:3096} INFO - Sync 1 DAGs
[2024-05-26T09:16:42.285+0000] {logging_mixin.py:188} INFO - [2024-05-26T09:16:42.285+0000] {dag.py:3954} INFO - Setting next_dagrun for example_xcom to 2021-01-01 00:00:00+00:00, run_after=2021-01-01 00:00:00+00:00
[2024-05-26T09:16:42.326+0000] {processor.py:183} INFO - Processing /usr/local/python/3.10.13/lib/python3.10/site-packages/airflow/example_dags/example_xcom.py took 0.081 seconds
[2024-05-26T09:17:24.362+0000] {processor.py:161} INFO - Started process (PID=43122) to work on /usr/local/python/3.10.13/lib/python3.10/site-packages/airflow/example_dags/example_xcom.py
[2024-05-26T09:17:24.363+0000] {processor.py:830} INFO - Processing file /usr/local/python/3.10.13/lib/python3.10/site-packages/airflow/example_dags/example_xcom.py for tasks to queue
[2024-05-26T09:17:24.364+0000] {logging_mixin.py:188} INFO - [2024-05-26T09:17:24.364+0000] {dagbag.py:545} INFO - Filling up the DagBag from /usr/local/python/3.10.13/lib/python3.10/site-packages/airflow/example_dags/example_xcom.py
[2024-05-26T09:17:24.371+0000] {processor.py:840} INFO - DAG(s) 'example_xcom' retrieved from /usr/local/python/3.10.13/lib/python3.10/site-packages/airflow/example_dags/example_xcom.py
[2024-05-26T09:17:24.385+0000] {logging_mixin.py:188} INFO - [2024-05-26T09:17:24.385+0000] {dag.py:3096} INFO - Sync 1 DAGs
[2024-05-26T09:17:24.400+0000] {logging_mixin.py:188} INFO - [2024-05-26T09:17:24.400+0000] {dag.py:3954} INFO - Setting next_dagrun for example_xcom to 2021-01-01 00:00:00+00:00, run_after=2021-01-01 00:00:00+00:00
[2024-05-26T09:17:24.439+0000] {processor.py:183} INFO - Processing /usr/local/python/3.10.13/lib/python3.10/site-packages/airflow/example_dags/example_xcom.py took 0.082 seconds
[2024-05-26T09:18:08.062+0000] {processor.py:161} INFO - Started process (PID=43435) to work on /usr/local/python/3.10.13/lib/python3.10/site-packages/airflow/example_dags/example_xcom.py
[2024-05-26T09:18:08.062+0000] {processor.py:830} INFO - Processing file /usr/local/python/3.10.13/lib/python3.10/site-packages/airflow/example_dags/example_xcom.py for tasks to queue
[2024-05-26T09:18:08.064+0000] {logging_mixin.py:188} INFO - [2024-05-26T09:18:08.063+0000] {dagbag.py:545} INFO - Filling up the DagBag from /usr/local/python/3.10.13/lib/python3.10/site-packages/airflow/example_dags/example_xcom.py
[2024-05-26T09:18:08.070+0000] {processor.py:840} INFO - DAG(s) 'example_xcom' retrieved from /usr/local/python/3.10.13/lib/python3.10/site-packages/airflow/example_dags/example_xcom.py
[2024-05-26T09:18:08.082+0000] {logging_mixin.py:188} INFO - [2024-05-26T09:18:08.082+0000] {dag.py:3096} INFO - Sync 1 DAGs
[2024-05-26T09:18:08.096+0000] {logging_mixin.py:188} INFO - [2024-05-26T09:18:08.096+0000] {dag.py:3954} INFO - Setting next_dagrun for example_xcom to 2021-01-01 00:00:00+00:00, run_after=2021-01-01 00:00:00+00:00
[2024-05-26T09:18:08.135+0000] {processor.py:183} INFO - Processing /usr/local/python/3.10.13/lib/python3.10/site-packages/airflow/example_dags/example_xcom.py took 0.080 seconds
[2024-05-26T09:18:49.609+0000] {processor.py:161} INFO - Started process (PID=43754) to work on /usr/local/python/3.10.13/lib/python3.10/site-packages/airflow/example_dags/example_xcom.py
[2024-05-26T09:18:49.609+0000] {processor.py:830} INFO - Processing file /usr/local/python/3.10.13/lib/python3.10/site-packages/airflow/example_dags/example_xcom.py for tasks to queue
[2024-05-26T09:18:49.610+0000] {logging_mixin.py:188} INFO - [2024-05-26T09:18:49.610+0000] {dagbag.py:545} INFO - Filling up the DagBag from /usr/local/python/3.10.13/lib/python3.10/site-packages/airflow/example_dags/example_xcom.py
[2024-05-26T09:18:49.616+0000] {processor.py:840} INFO - DAG(s) 'example_xcom' retrieved from /usr/local/python/3.10.13/lib/python3.10/site-packages/airflow/example_dags/example_xcom.py
[2024-05-26T09:18:49.629+0000] {logging_mixin.py:188} INFO - [2024-05-26T09:18:49.628+0000] {dag.py:3096} INFO - Sync 1 DAGs
[2024-05-26T09:18:49.647+0000] {logging_mixin.py:188} INFO - [2024-05-26T09:18:49.647+0000] {dag.py:3954} INFO - Setting next_dagrun for example_xcom to 2021-01-01 00:00:00+00:00, run_after=2021-01-01 00:00:00+00:00
[2024-05-26T09:18:49.688+0000] {processor.py:183} INFO - Processing /usr/local/python/3.10.13/lib/python3.10/site-packages/airflow/example_dags/example_xcom.py took 0.084 seconds
[2024-05-26T09:19:31.948+0000] {processor.py:161} INFO - Started process (PID=44075) to work on /usr/local/python/3.10.13/lib/python3.10/site-packages/airflow/example_dags/example_xcom.py
[2024-05-26T09:19:31.948+0000] {processor.py:830} INFO - Processing file /usr/local/python/3.10.13/lib/python3.10/site-packages/airflow/example_dags/example_xcom.py for tasks to queue
[2024-05-26T09:19:31.950+0000] {logging_mixin.py:188} INFO - [2024-05-26T09:19:31.949+0000] {dagbag.py:545} INFO - Filling up the DagBag from /usr/local/python/3.10.13/lib/python3.10/site-packages/airflow/example_dags/example_xcom.py
[2024-05-26T09:19:31.956+0000] {processor.py:840} INFO - DAG(s) 'example_xcom' retrieved from /usr/local/python/3.10.13/lib/python3.10/site-packages/airflow/example_dags/example_xcom.py
[2024-05-26T09:19:31.968+0000] {logging_mixin.py:188} INFO - [2024-05-26T09:19:31.968+0000] {dag.py:3096} INFO - Sync 1 DAGs
[2024-05-26T09:19:31.982+0000] {logging_mixin.py:188} INFO - [2024-05-26T09:19:31.982+0000] {dag.py:3954} INFO - Setting next_dagrun for example_xcom to 2021-01-01 00:00:00+00:00, run_after=2021-01-01 00:00:00+00:00
[2024-05-26T09:19:32.020+0000] {processor.py:183} INFO - Processing /usr/local/python/3.10.13/lib/python3.10/site-packages/airflow/example_dags/example_xcom.py took 0.077 seconds
[2024-05-26T09:20:15.607+0000] {processor.py:161} INFO - Started process (PID=44378) to work on /usr/local/python/3.10.13/lib/python3.10/site-packages/airflow/example_dags/example_xcom.py
[2024-05-26T09:20:15.608+0000] {processor.py:830} INFO - Processing file /usr/local/python/3.10.13/lib/python3.10/site-packages/airflow/example_dags/example_xcom.py for tasks to queue
[2024-05-26T09:20:15.609+0000] {logging_mixin.py:188} INFO - [2024-05-26T09:20:15.609+0000] {dagbag.py:545} INFO - Filling up the DagBag from /usr/local/python/3.10.13/lib/python3.10/site-packages/airflow/example_dags/example_xcom.py
[2024-05-26T09:20:15.615+0000] {processor.py:840} INFO - DAG(s) 'example_xcom' retrieved from /usr/local/python/3.10.13/lib/python3.10/site-packages/airflow/example_dags/example_xcom.py
[2024-05-26T09:20:15.628+0000] {logging_mixin.py:188} INFO - [2024-05-26T09:20:15.628+0000] {dag.py:3096} INFO - Sync 1 DAGs
[2024-05-26T09:20:15.646+0000] {logging_mixin.py:188} INFO - [2024-05-26T09:20:15.645+0000] {dag.py:3954} INFO - Setting next_dagrun for example_xcom to 2021-01-01 00:00:00+00:00, run_after=2021-01-01 00:00:00+00:00
[2024-05-26T09:20:15.690+0000] {processor.py:183} INFO - Processing /usr/local/python/3.10.13/lib/python3.10/site-packages/airflow/example_dags/example_xcom.py took 0.087 seconds
[2024-05-26T09:20:57.083+0000] {processor.py:161} INFO - Started process (PID=44667) to work on /usr/local/python/3.10.13/lib/python3.10/site-packages/airflow/example_dags/example_xcom.py
[2024-05-26T09:20:57.084+0000] {processor.py:830} INFO - Processing file /usr/local/python/3.10.13/lib/python3.10/site-packages/airflow/example_dags/example_xcom.py for tasks to queue
[2024-05-26T09:20:57.085+0000] {logging_mixin.py:188} INFO - [2024-05-26T09:20:57.085+0000] {dagbag.py:545} INFO - Filling up the DagBag from /usr/local/python/3.10.13/lib/python3.10/site-packages/airflow/example_dags/example_xcom.py
[2024-05-26T09:20:57.091+0000] {processor.py:840} INFO - DAG(s) 'example_xcom' retrieved from /usr/local/python/3.10.13/lib/python3.10/site-packages/airflow/example_dags/example_xcom.py
[2024-05-26T09:20:57.106+0000] {logging_mixin.py:188} INFO - [2024-05-26T09:20:57.106+0000] {dag.py:3096} INFO - Sync 1 DAGs
[2024-05-26T09:20:57.121+0000] {logging_mixin.py:188} INFO - [2024-05-26T09:20:57.121+0000] {dag.py:3954} INFO - Setting next_dagrun for example_xcom to 2021-01-01 00:00:00+00:00, run_after=2021-01-01 00:00:00+00:00
[2024-05-26T09:20:57.161+0000] {processor.py:183} INFO - Processing /usr/local/python/3.10.13/lib/python3.10/site-packages/airflow/example_dags/example_xcom.py took 0.083 seconds
[2024-05-26T09:21:39.689+0000] {processor.py:161} INFO - Started process (PID=44971) to work on /usr/local/python/3.10.13/lib/python3.10/site-packages/airflow/example_dags/example_xcom.py
[2024-05-26T09:21:39.689+0000] {processor.py:830} INFO - Processing file /usr/local/python/3.10.13/lib/python3.10/site-packages/airflow/example_dags/example_xcom.py for tasks to queue
[2024-05-26T09:21:39.691+0000] {logging_mixin.py:188} INFO - [2024-05-26T09:21:39.690+0000] {dagbag.py:545} INFO - Filling up the DagBag from /usr/local/python/3.10.13/lib/python3.10/site-packages/airflow/example_dags/example_xcom.py
[2024-05-26T09:21:39.697+0000] {processor.py:840} INFO - DAG(s) 'example_xcom' retrieved from /usr/local/python/3.10.13/lib/python3.10/site-packages/airflow/example_dags/example_xcom.py
[2024-05-26T09:21:39.710+0000] {logging_mixin.py:188} INFO - [2024-05-26T09:21:39.710+0000] {dag.py:3096} INFO - Sync 1 DAGs
[2024-05-26T09:21:39.724+0000] {logging_mixin.py:188} INFO - [2024-05-26T09:21:39.724+0000] {dag.py:3954} INFO - Setting next_dagrun for example_xcom to 2021-01-01 00:00:00+00:00, run_after=2021-01-01 00:00:00+00:00
[2024-05-26T09:21:39.764+0000] {processor.py:183} INFO - Processing /usr/local/python/3.10.13/lib/python3.10/site-packages/airflow/example_dags/example_xcom.py took 0.080 seconds
[2024-05-26T09:22:21.708+0000] {processor.py:161} INFO - Started process (PID=45264) to work on /usr/local/python/3.10.13/lib/python3.10/site-packages/airflow/example_dags/example_xcom.py
[2024-05-26T09:22:21.709+0000] {processor.py:830} INFO - Processing file /usr/local/python/3.10.13/lib/python3.10/site-packages/airflow/example_dags/example_xcom.py for tasks to queue
[2024-05-26T09:22:21.710+0000] {logging_mixin.py:188} INFO - [2024-05-26T09:22:21.710+0000] {dagbag.py:545} INFO - Filling up the DagBag from /usr/local/python/3.10.13/lib/python3.10/site-packages/airflow/example_dags/example_xcom.py
[2024-05-26T09:22:21.716+0000] {processor.py:840} INFO - DAG(s) 'example_xcom' retrieved from /usr/local/python/3.10.13/lib/python3.10/site-packages/airflow/example_dags/example_xcom.py
[2024-05-26T09:22:21.728+0000] {logging_mixin.py:188} INFO - [2024-05-26T09:22:21.728+0000] {dag.py:3096} INFO - Sync 1 DAGs
[2024-05-26T09:22:21.743+0000] {logging_mixin.py:188} INFO - [2024-05-26T09:22:21.743+0000] {dag.py:3954} INFO - Setting next_dagrun for example_xcom to 2021-01-01 00:00:00+00:00, run_after=2021-01-01 00:00:00+00:00
[2024-05-26T09:22:21.781+0000] {processor.py:183} INFO - Processing /usr/local/python/3.10.13/lib/python3.10/site-packages/airflow/example_dags/example_xcom.py took 0.077 seconds
[2024-05-26T09:23:15.932+0000] {processor.py:161} INFO - Started process (PID=45634) to work on /usr/local/python/3.10.13/lib/python3.10/site-packages/airflow/example_dags/example_xcom.py
[2024-05-26T09:23:15.933+0000] {processor.py:830} INFO - Processing file /usr/local/python/3.10.13/lib/python3.10/site-packages/airflow/example_dags/example_xcom.py for tasks to queue
[2024-05-26T09:23:15.934+0000] {logging_mixin.py:188} INFO - [2024-05-26T09:23:15.934+0000] {dagbag.py:545} INFO - Filling up the DagBag from /usr/local/python/3.10.13/lib/python3.10/site-packages/airflow/example_dags/example_xcom.py
[2024-05-26T09:23:15.940+0000] {processor.py:840} INFO - DAG(s) 'example_xcom' retrieved from /usr/local/python/3.10.13/lib/python3.10/site-packages/airflow/example_dags/example_xcom.py
[2024-05-26T09:23:15.953+0000] {logging_mixin.py:188} INFO - [2024-05-26T09:23:15.952+0000] {dag.py:3096} INFO - Sync 1 DAGs
[2024-05-26T09:23:15.967+0000] {logging_mixin.py:188} INFO - [2024-05-26T09:23:15.967+0000] {dag.py:3954} INFO - Setting next_dagrun for example_xcom to 2021-01-01 00:00:00+00:00, run_after=2021-01-01 00:00:00+00:00
[2024-05-26T09:23:16.004+0000] {processor.py:183} INFO - Processing /usr/local/python/3.10.13/lib/python3.10/site-packages/airflow/example_dags/example_xcom.py took 0.077 seconds
[2024-05-26T09:23:59.129+0000] {processor.py:161} INFO - Started process (PID=45927) to work on /usr/local/python/3.10.13/lib/python3.10/site-packages/airflow/example_dags/example_xcom.py
[2024-05-26T09:23:59.130+0000] {processor.py:830} INFO - Processing file /usr/local/python/3.10.13/lib/python3.10/site-packages/airflow/example_dags/example_xcom.py for tasks to queue
[2024-05-26T09:23:59.131+0000] {logging_mixin.py:188} INFO - [2024-05-26T09:23:59.131+0000] {dagbag.py:545} INFO - Filling up the DagBag from /usr/local/python/3.10.13/lib/python3.10/site-packages/airflow/example_dags/example_xcom.py
[2024-05-26T09:23:59.137+0000] {processor.py:840} INFO - DAG(s) 'example_xcom' retrieved from /usr/local/python/3.10.13/lib/python3.10/site-packages/airflow/example_dags/example_xcom.py
[2024-05-26T09:23:59.150+0000] {logging_mixin.py:188} INFO - [2024-05-26T09:23:59.150+0000] {dag.py:3096} INFO - Sync 1 DAGs
[2024-05-26T09:23:59.164+0000] {logging_mixin.py:188} INFO - [2024-05-26T09:23:59.164+0000] {dag.py:3954} INFO - Setting next_dagrun for example_xcom to 2021-01-01 00:00:00+00:00, run_after=2021-01-01 00:00:00+00:00
[2024-05-26T09:23:59.202+0000] {processor.py:183} INFO - Processing /usr/local/python/3.10.13/lib/python3.10/site-packages/airflow/example_dags/example_xcom.py took 0.077 seconds
[2024-05-26T09:24:40.683+0000] {processor.py:161} INFO - Started process (PID=46215) to work on /usr/local/python/3.10.13/lib/python3.10/site-packages/airflow/example_dags/example_xcom.py
[2024-05-26T09:24:40.683+0000] {processor.py:830} INFO - Processing file /usr/local/python/3.10.13/lib/python3.10/site-packages/airflow/example_dags/example_xcom.py for tasks to queue
[2024-05-26T09:24:40.685+0000] {logging_mixin.py:188} INFO - [2024-05-26T09:24:40.684+0000] {dagbag.py:545} INFO - Filling up the DagBag from /usr/local/python/3.10.13/lib/python3.10/site-packages/airflow/example_dags/example_xcom.py
[2024-05-26T09:24:40.691+0000] {processor.py:840} INFO - DAG(s) 'example_xcom' retrieved from /usr/local/python/3.10.13/lib/python3.10/site-packages/airflow/example_dags/example_xcom.py
[2024-05-26T09:24:40.703+0000] {logging_mixin.py:188} INFO - [2024-05-26T09:24:40.703+0000] {dag.py:3096} INFO - Sync 1 DAGs
[2024-05-26T09:24:40.720+0000] {logging_mixin.py:188} INFO - [2024-05-26T09:24:40.719+0000] {dag.py:3954} INFO - Setting next_dagrun for example_xcom to 2021-01-01 00:00:00+00:00, run_after=2021-01-01 00:00:00+00:00
[2024-05-26T09:24:40.761+0000] {processor.py:183} INFO - Processing /usr/local/python/3.10.13/lib/python3.10/site-packages/airflow/example_dags/example_xcom.py took 0.083 seconds
[2024-05-26T09:25:20.759+0000] {processor.py:161} INFO - Started process (PID=46497) to work on /usr/local/python/3.10.13/lib/python3.10/site-packages/airflow/example_dags/example_xcom.py
[2024-05-26T09:25:20.760+0000] {processor.py:830} INFO - Processing file /usr/local/python/3.10.13/lib/python3.10/site-packages/airflow/example_dags/example_xcom.py for tasks to queue
[2024-05-26T09:25:20.761+0000] {logging_mixin.py:188} INFO - [2024-05-26T09:25:20.761+0000] {dagbag.py:545} INFO - Filling up the DagBag from /usr/local/python/3.10.13/lib/python3.10/site-packages/airflow/example_dags/example_xcom.py
[2024-05-26T09:25:20.767+0000] {processor.py:840} INFO - DAG(s) 'example_xcom' retrieved from /usr/local/python/3.10.13/lib/python3.10/site-packages/airflow/example_dags/example_xcom.py
[2024-05-26T09:25:20.779+0000] {logging_mixin.py:188} INFO - [2024-05-26T09:25:20.779+0000] {dag.py:3096} INFO - Sync 1 DAGs
[2024-05-26T09:25:20.795+0000] {logging_mixin.py:188} INFO - [2024-05-26T09:25:20.794+0000] {dag.py:3954} INFO - Setting next_dagrun for example_xcom to 2021-01-01 00:00:00+00:00, run_after=2021-01-01 00:00:00+00:00
[2024-05-26T09:25:20.837+0000] {processor.py:183} INFO - Processing /usr/local/python/3.10.13/lib/python3.10/site-packages/airflow/example_dags/example_xcom.py took 0.082 seconds
[2024-05-26T09:26:02.508+0000] {processor.py:161} INFO - Started process (PID=46808) to work on /usr/local/python/3.10.13/lib/python3.10/site-packages/airflow/example_dags/example_xcom.py
[2024-05-26T09:26:02.508+0000] {processor.py:830} INFO - Processing file /usr/local/python/3.10.13/lib/python3.10/site-packages/airflow/example_dags/example_xcom.py for tasks to queue
[2024-05-26T09:26:02.510+0000] {logging_mixin.py:188} INFO - [2024-05-26T09:26:02.509+0000] {dagbag.py:545} INFO - Filling up the DagBag from /usr/local/python/3.10.13/lib/python3.10/site-packages/airflow/example_dags/example_xcom.py
[2024-05-26T09:26:02.516+0000] {processor.py:840} INFO - DAG(s) 'example_xcom' retrieved from /usr/local/python/3.10.13/lib/python3.10/site-packages/airflow/example_dags/example_xcom.py
[2024-05-26T09:26:02.529+0000] {logging_mixin.py:188} INFO - [2024-05-26T09:26:02.528+0000] {dag.py:3096} INFO - Sync 1 DAGs
[2024-05-26T09:26:02.543+0000] {logging_mixin.py:188} INFO - [2024-05-26T09:26:02.543+0000] {dag.py:3954} INFO - Setting next_dagrun for example_xcom to 2021-01-01 00:00:00+00:00, run_after=2021-01-01 00:00:00+00:00
[2024-05-26T09:26:02.583+0000] {processor.py:183} INFO - Processing /usr/local/python/3.10.13/lib/python3.10/site-packages/airflow/example_dags/example_xcom.py took 0.080 seconds
[2024-05-26T09:26:44.692+0000] {processor.py:161} INFO - Started process (PID=47144) to work on /usr/local/python/3.10.13/lib/python3.10/site-packages/airflow/example_dags/example_xcom.py
[2024-05-26T09:26:44.693+0000] {processor.py:830} INFO - Processing file /usr/local/python/3.10.13/lib/python3.10/site-packages/airflow/example_dags/example_xcom.py for tasks to queue
[2024-05-26T09:26:44.694+0000] {logging_mixin.py:188} INFO - [2024-05-26T09:26:44.694+0000] {dagbag.py:545} INFO - Filling up the DagBag from /usr/local/python/3.10.13/lib/python3.10/site-packages/airflow/example_dags/example_xcom.py
[2024-05-26T09:26:44.701+0000] {processor.py:840} INFO - DAG(s) 'example_xcom' retrieved from /usr/local/python/3.10.13/lib/python3.10/site-packages/airflow/example_dags/example_xcom.py
[2024-05-26T09:26:44.714+0000] {logging_mixin.py:188} INFO - [2024-05-26T09:26:44.713+0000] {dag.py:3096} INFO - Sync 1 DAGs
[2024-05-26T09:26:44.728+0000] {logging_mixin.py:188} INFO - [2024-05-26T09:26:44.728+0000] {dag.py:3954} INFO - Setting next_dagrun for example_xcom to 2021-01-01 00:00:00+00:00, run_after=2021-01-01 00:00:00+00:00
[2024-05-26T09:26:44.764+0000] {processor.py:183} INFO - Processing /usr/local/python/3.10.13/lib/python3.10/site-packages/airflow/example_dags/example_xcom.py took 0.077 seconds
[2024-05-26T09:27:25.931+0000] {processor.py:161} INFO - Started process (PID=47433) to work on /usr/local/python/3.10.13/lib/python3.10/site-packages/airflow/example_dags/example_xcom.py
[2024-05-26T09:27:25.932+0000] {processor.py:830} INFO - Processing file /usr/local/python/3.10.13/lib/python3.10/site-packages/airflow/example_dags/example_xcom.py for tasks to queue
[2024-05-26T09:27:25.933+0000] {logging_mixin.py:188} INFO - [2024-05-26T09:27:25.933+0000] {dagbag.py:545} INFO - Filling up the DagBag from /usr/local/python/3.10.13/lib/python3.10/site-packages/airflow/example_dags/example_xcom.py
[2024-05-26T09:27:25.939+0000] {processor.py:840} INFO - DAG(s) 'example_xcom' retrieved from /usr/local/python/3.10.13/lib/python3.10/site-packages/airflow/example_dags/example_xcom.py
[2024-05-26T09:27:25.952+0000] {logging_mixin.py:188} INFO - [2024-05-26T09:27:25.951+0000] {dag.py:3096} INFO - Sync 1 DAGs
[2024-05-26T09:27:25.966+0000] {logging_mixin.py:188} INFO - [2024-05-26T09:27:25.966+0000] {dag.py:3954} INFO - Setting next_dagrun for example_xcom to 2021-01-01 00:00:00+00:00, run_after=2021-01-01 00:00:00+00:00
[2024-05-26T09:27:26.002+0000] {processor.py:183} INFO - Processing /usr/local/python/3.10.13/lib/python3.10/site-packages/airflow/example_dags/example_xcom.py took 0.076 seconds
[2024-05-26T09:28:06.350+0000] {processor.py:161} INFO - Started process (PID=47719) to work on /usr/local/python/3.10.13/lib/python3.10/site-packages/airflow/example_dags/example_xcom.py
[2024-05-26T09:28:06.351+0000] {processor.py:830} INFO - Processing file /usr/local/python/3.10.13/lib/python3.10/site-packages/airflow/example_dags/example_xcom.py for tasks to queue
[2024-05-26T09:28:06.352+0000] {logging_mixin.py:188} INFO - [2024-05-26T09:28:06.352+0000] {dagbag.py:545} INFO - Filling up the DagBag from /usr/local/python/3.10.13/lib/python3.10/site-packages/airflow/example_dags/example_xcom.py
[2024-05-26T09:28:06.358+0000] {processor.py:840} INFO - DAG(s) 'example_xcom' retrieved from /usr/local/python/3.10.13/lib/python3.10/site-packages/airflow/example_dags/example_xcom.py
[2024-05-26T09:28:06.371+0000] {logging_mixin.py:188} INFO - [2024-05-26T09:28:06.371+0000] {dag.py:3096} INFO - Sync 1 DAGs
[2024-05-26T09:28:06.393+0000] {logging_mixin.py:188} INFO - [2024-05-26T09:28:06.393+0000] {dag.py:3954} INFO - Setting next_dagrun for example_xcom to 2021-01-01 00:00:00+00:00, run_after=2021-01-01 00:00:00+00:00
[2024-05-26T09:28:06.444+0000] {processor.py:183} INFO - Processing /usr/local/python/3.10.13/lib/python3.10/site-packages/airflow/example_dags/example_xcom.py took 0.100 seconds
[2024-05-26T09:28:46.768+0000] {processor.py:161} INFO - Started process (PID=47991) to work on /usr/local/python/3.10.13/lib/python3.10/site-packages/airflow/example_dags/example_xcom.py
[2024-05-26T09:28:46.769+0000] {processor.py:830} INFO - Processing file /usr/local/python/3.10.13/lib/python3.10/site-packages/airflow/example_dags/example_xcom.py for tasks to queue
[2024-05-26T09:28:46.770+0000] {logging_mixin.py:188} INFO - [2024-05-26T09:28:46.770+0000] {dagbag.py:545} INFO - Filling up the DagBag from /usr/local/python/3.10.13/lib/python3.10/site-packages/airflow/example_dags/example_xcom.py
[2024-05-26T09:28:46.776+0000] {processor.py:840} INFO - DAG(s) 'example_xcom' retrieved from /usr/local/python/3.10.13/lib/python3.10/site-packages/airflow/example_dags/example_xcom.py
[2024-05-26T09:28:46.788+0000] {logging_mixin.py:188} INFO - [2024-05-26T09:28:46.788+0000] {dag.py:3096} INFO - Sync 1 DAGs
[2024-05-26T09:28:46.805+0000] {logging_mixin.py:188} INFO - [2024-05-26T09:28:46.805+0000] {dag.py:3954} INFO - Setting next_dagrun for example_xcom to 2021-01-01 00:00:00+00:00, run_after=2021-01-01 00:00:00+00:00
[2024-05-26T09:28:46.840+0000] {processor.py:183} INFO - Processing /usr/local/python/3.10.13/lib/python3.10/site-packages/airflow/example_dags/example_xcom.py took 0.077 seconds
[2024-05-26T09:29:29.251+0000] {processor.py:161} INFO - Started process (PID=48285) to work on /usr/local/python/3.10.13/lib/python3.10/site-packages/airflow/example_dags/example_xcom.py
[2024-05-26T09:29:29.252+0000] {processor.py:830} INFO - Processing file /usr/local/python/3.10.13/lib/python3.10/site-packages/airflow/example_dags/example_xcom.py for tasks to queue
[2024-05-26T09:29:29.253+0000] {logging_mixin.py:188} INFO - [2024-05-26T09:29:29.253+0000] {dagbag.py:545} INFO - Filling up the DagBag from /usr/local/python/3.10.13/lib/python3.10/site-packages/airflow/example_dags/example_xcom.py
[2024-05-26T09:29:29.259+0000] {processor.py:840} INFO - DAG(s) 'example_xcom' retrieved from /usr/local/python/3.10.13/lib/python3.10/site-packages/airflow/example_dags/example_xcom.py
[2024-05-26T09:29:29.272+0000] {logging_mixin.py:188} INFO - [2024-05-26T09:29:29.272+0000] {dag.py:3096} INFO - Sync 1 DAGs
[2024-05-26T09:29:29.287+0000] {logging_mixin.py:188} INFO - [2024-05-26T09:29:29.287+0000] {dag.py:3954} INFO - Setting next_dagrun for example_xcom to 2021-01-01 00:00:00+00:00, run_after=2021-01-01 00:00:00+00:00
[2024-05-26T09:29:29.328+0000] {processor.py:183} INFO - Processing /usr/local/python/3.10.13/lib/python3.10/site-packages/airflow/example_dags/example_xcom.py took 0.082 seconds
[2024-05-26T09:30:10.928+0000] {processor.py:161} INFO - Started process (PID=48571) to work on /usr/local/python/3.10.13/lib/python3.10/site-packages/airflow/example_dags/example_xcom.py
[2024-05-26T09:30:10.929+0000] {processor.py:830} INFO - Processing file /usr/local/python/3.10.13/lib/python3.10/site-packages/airflow/example_dags/example_xcom.py for tasks to queue
[2024-05-26T09:30:10.930+0000] {logging_mixin.py:188} INFO - [2024-05-26T09:30:10.930+0000] {dagbag.py:545} INFO - Filling up the DagBag from /usr/local/python/3.10.13/lib/python3.10/site-packages/airflow/example_dags/example_xcom.py
[2024-05-26T09:30:10.936+0000] {processor.py:840} INFO - DAG(s) 'example_xcom' retrieved from /usr/local/python/3.10.13/lib/python3.10/site-packages/airflow/example_dags/example_xcom.py
[2024-05-26T09:30:10.949+0000] {logging_mixin.py:188} INFO - [2024-05-26T09:30:10.949+0000] {dag.py:3096} INFO - Sync 1 DAGs
[2024-05-26T09:30:10.964+0000] {logging_mixin.py:188} INFO - [2024-05-26T09:30:10.964+0000] {dag.py:3954} INFO - Setting next_dagrun for example_xcom to 2021-01-01 00:00:00+00:00, run_after=2021-01-01 00:00:00+00:00
[2024-05-26T09:30:11.001+0000] {processor.py:183} INFO - Processing /usr/local/python/3.10.13/lib/python3.10/site-packages/airflow/example_dags/example_xcom.py took 0.078 seconds
[2024-05-26T09:31:06.852+0000] {processor.py:161} INFO - Started process (PID=48950) to work on /usr/local/python/3.10.13/lib/python3.10/site-packages/airflow/example_dags/example_xcom.py
[2024-05-26T09:31:06.853+0000] {processor.py:830} INFO - Processing file /usr/local/python/3.10.13/lib/python3.10/site-packages/airflow/example_dags/example_xcom.py for tasks to queue
[2024-05-26T09:31:06.854+0000] {logging_mixin.py:188} INFO - [2024-05-26T09:31:06.854+0000] {dagbag.py:545} INFO - Filling up the DagBag from /usr/local/python/3.10.13/lib/python3.10/site-packages/airflow/example_dags/example_xcom.py
[2024-05-26T09:31:06.860+0000] {processor.py:840} INFO - DAG(s) 'example_xcom' retrieved from /usr/local/python/3.10.13/lib/python3.10/site-packages/airflow/example_dags/example_xcom.py
[2024-05-26T09:31:06.873+0000] {logging_mixin.py:188} INFO - [2024-05-26T09:31:06.873+0000] {dag.py:3096} INFO - Sync 1 DAGs
[2024-05-26T09:31:06.887+0000] {logging_mixin.py:188} INFO - [2024-05-26T09:31:06.887+0000] {dag.py:3954} INFO - Setting next_dagrun for example_xcom to 2021-01-01 00:00:00+00:00, run_after=2021-01-01 00:00:00+00:00
[2024-05-26T09:31:06.924+0000] {processor.py:183} INFO - Processing /usr/local/python/3.10.13/lib/python3.10/site-packages/airflow/example_dags/example_xcom.py took 0.077 seconds
[2024-05-26T09:31:50.173+0000] {processor.py:161} INFO - Started process (PID=49268) to work on /usr/local/python/3.10.13/lib/python3.10/site-packages/airflow/example_dags/example_xcom.py
[2024-05-26T09:31:50.174+0000] {processor.py:830} INFO - Processing file /usr/local/python/3.10.13/lib/python3.10/site-packages/airflow/example_dags/example_xcom.py for tasks to queue
[2024-05-26T09:31:50.175+0000] {logging_mixin.py:188} INFO - [2024-05-26T09:31:50.175+0000] {dagbag.py:545} INFO - Filling up the DagBag from /usr/local/python/3.10.13/lib/python3.10/site-packages/airflow/example_dags/example_xcom.py
[2024-05-26T09:31:50.181+0000] {processor.py:840} INFO - DAG(s) 'example_xcom' retrieved from /usr/local/python/3.10.13/lib/python3.10/site-packages/airflow/example_dags/example_xcom.py
[2024-05-26T09:31:50.194+0000] {logging_mixin.py:188} INFO - [2024-05-26T09:31:50.194+0000] {dag.py:3096} INFO - Sync 1 DAGs
[2024-05-26T09:31:50.209+0000] {logging_mixin.py:188} INFO - [2024-05-26T09:31:50.209+0000] {dag.py:3954} INFO - Setting next_dagrun for example_xcom to 2021-01-01 00:00:00+00:00, run_after=2021-01-01 00:00:00+00:00
[2024-05-26T09:31:50.244+0000] {processor.py:183} INFO - Processing /usr/local/python/3.10.13/lib/python3.10/site-packages/airflow/example_dags/example_xcom.py took 0.076 seconds
[2024-05-26T09:32:35.047+0000] {processor.py:161} INFO - Started process (PID=49567) to work on /usr/local/python/3.10.13/lib/python3.10/site-packages/airflow/example_dags/example_xcom.py
[2024-05-26T09:32:35.048+0000] {processor.py:830} INFO - Processing file /usr/local/python/3.10.13/lib/python3.10/site-packages/airflow/example_dags/example_xcom.py for tasks to queue
[2024-05-26T09:32:35.049+0000] {logging_mixin.py:188} INFO - [2024-05-26T09:32:35.049+0000] {dagbag.py:545} INFO - Filling up the DagBag from /usr/local/python/3.10.13/lib/python3.10/site-packages/airflow/example_dags/example_xcom.py
[2024-05-26T09:32:35.055+0000] {processor.py:840} INFO - DAG(s) 'example_xcom' retrieved from /usr/local/python/3.10.13/lib/python3.10/site-packages/airflow/example_dags/example_xcom.py
[2024-05-26T09:32:35.068+0000] {logging_mixin.py:188} INFO - [2024-05-26T09:32:35.068+0000] {dag.py:3096} INFO - Sync 1 DAGs
[2024-05-26T09:32:35.082+0000] {logging_mixin.py:188} INFO - [2024-05-26T09:32:35.082+0000] {dag.py:3954} INFO - Setting next_dagrun for example_xcom to 2021-01-01 00:00:00+00:00, run_after=2021-01-01 00:00:00+00:00
[2024-05-26T09:32:35.119+0000] {processor.py:183} INFO - Processing /usr/local/python/3.10.13/lib/python3.10/site-packages/airflow/example_dags/example_xcom.py took 0.077 seconds
[2024-05-26T09:33:13.828+0000] {processor.py:161} INFO - Started process (PID=49855) to work on /usr/local/python/3.10.13/lib/python3.10/site-packages/airflow/example_dags/example_xcom.py
[2024-05-26T09:33:13.829+0000] {processor.py:830} INFO - Processing file /usr/local/python/3.10.13/lib/python3.10/site-packages/airflow/example_dags/example_xcom.py for tasks to queue
[2024-05-26T09:33:13.830+0000] {logging_mixin.py:188} INFO - [2024-05-26T09:33:13.830+0000] {dagbag.py:545} INFO - Filling up the DagBag from /usr/local/python/3.10.13/lib/python3.10/site-packages/airflow/example_dags/example_xcom.py
[2024-05-26T09:33:13.836+0000] {processor.py:840} INFO - DAG(s) 'example_xcom' retrieved from /usr/local/python/3.10.13/lib/python3.10/site-packages/airflow/example_dags/example_xcom.py
[2024-05-26T09:33:13.848+0000] {logging_mixin.py:188} INFO - [2024-05-26T09:33:13.848+0000] {dag.py:3096} INFO - Sync 1 DAGs
[2024-05-26T09:33:13.862+0000] {logging_mixin.py:188} INFO - [2024-05-26T09:33:13.862+0000] {dag.py:3954} INFO - Setting next_dagrun for example_xcom to 2021-01-01 00:00:00+00:00, run_after=2021-01-01 00:00:00+00:00
[2024-05-26T09:33:13.899+0000] {processor.py:183} INFO - Processing /usr/local/python/3.10.13/lib/python3.10/site-packages/airflow/example_dags/example_xcom.py took 0.075 seconds
[2024-05-26T09:34:13.396+0000] {processor.py:161} INFO - Started process (PID=50276) to work on /usr/local/python/3.10.13/lib/python3.10/site-packages/airflow/example_dags/example_xcom.py
[2024-05-26T09:34:13.397+0000] {processor.py:830} INFO - Processing file /usr/local/python/3.10.13/lib/python3.10/site-packages/airflow/example_dags/example_xcom.py for tasks to queue
[2024-05-26T09:34:13.398+0000] {logging_mixin.py:188} INFO - [2024-05-26T09:34:13.398+0000] {dagbag.py:545} INFO - Filling up the DagBag from /usr/local/python/3.10.13/lib/python3.10/site-packages/airflow/example_dags/example_xcom.py
[2024-05-26T09:34:13.405+0000] {processor.py:840} INFO - DAG(s) 'example_xcom' retrieved from /usr/local/python/3.10.13/lib/python3.10/site-packages/airflow/example_dags/example_xcom.py
[2024-05-26T09:34:13.417+0000] {logging_mixin.py:188} INFO - [2024-05-26T09:34:13.417+0000] {dag.py:3096} INFO - Sync 1 DAGs
[2024-05-26T09:34:13.431+0000] {logging_mixin.py:188} INFO - [2024-05-26T09:34:13.431+0000] {dag.py:3954} INFO - Setting next_dagrun for example_xcom to 2021-01-01 00:00:00+00:00, run_after=2021-01-01 00:00:00+00:00
[2024-05-26T09:34:13.468+0000] {processor.py:183} INFO - Processing /usr/local/python/3.10.13/lib/python3.10/site-packages/airflow/example_dags/example_xcom.py took 0.077 seconds
[2024-05-26T09:34:53.937+0000] {processor.py:161} INFO - Started process (PID=50564) to work on /usr/local/python/3.10.13/lib/python3.10/site-packages/airflow/example_dags/example_xcom.py
[2024-05-26T09:34:53.938+0000] {processor.py:830} INFO - Processing file /usr/local/python/3.10.13/lib/python3.10/site-packages/airflow/example_dags/example_xcom.py for tasks to queue
[2024-05-26T09:34:53.939+0000] {logging_mixin.py:188} INFO - [2024-05-26T09:34:53.939+0000] {dagbag.py:545} INFO - Filling up the DagBag from /usr/local/python/3.10.13/lib/python3.10/site-packages/airflow/example_dags/example_xcom.py
[2024-05-26T09:34:53.946+0000] {processor.py:840} INFO - DAG(s) 'example_xcom' retrieved from /usr/local/python/3.10.13/lib/python3.10/site-packages/airflow/example_dags/example_xcom.py
[2024-05-26T09:34:53.959+0000] {logging_mixin.py:188} INFO - [2024-05-26T09:34:53.959+0000] {dag.py:3096} INFO - Sync 1 DAGs
[2024-05-26T09:34:53.974+0000] {logging_mixin.py:188} INFO - [2024-05-26T09:34:53.974+0000] {dag.py:3954} INFO - Setting next_dagrun for example_xcom to 2021-01-01 00:00:00+00:00, run_after=2021-01-01 00:00:00+00:00
[2024-05-26T09:34:54.010+0000] {processor.py:183} INFO - Processing /usr/local/python/3.10.13/lib/python3.10/site-packages/airflow/example_dags/example_xcom.py took 0.078 seconds
[2024-05-26T09:35:34.450+0000] {processor.py:161} INFO - Started process (PID=50847) to work on /usr/local/python/3.10.13/lib/python3.10/site-packages/airflow/example_dags/example_xcom.py
[2024-05-26T09:35:34.450+0000] {processor.py:830} INFO - Processing file /usr/local/python/3.10.13/lib/python3.10/site-packages/airflow/example_dags/example_xcom.py for tasks to queue
[2024-05-26T09:35:34.452+0000] {logging_mixin.py:188} INFO - [2024-05-26T09:35:34.451+0000] {dagbag.py:545} INFO - Filling up the DagBag from /usr/local/python/3.10.13/lib/python3.10/site-packages/airflow/example_dags/example_xcom.py
[2024-05-26T09:35:34.458+0000] {processor.py:840} INFO - DAG(s) 'example_xcom' retrieved from /usr/local/python/3.10.13/lib/python3.10/site-packages/airflow/example_dags/example_xcom.py
[2024-05-26T09:35:34.471+0000] {logging_mixin.py:188} INFO - [2024-05-26T09:35:34.471+0000] {dag.py:3096} INFO - Sync 1 DAGs
[2024-05-26T09:35:34.486+0000] {logging_mixin.py:188} INFO - [2024-05-26T09:35:34.485+0000] {dag.py:3954} INFO - Setting next_dagrun for example_xcom to 2021-01-01 00:00:00+00:00, run_after=2021-01-01 00:00:00+00:00
[2024-05-26T09:35:34.522+0000] {processor.py:183} INFO - Processing /usr/local/python/3.10.13/lib/python3.10/site-packages/airflow/example_dags/example_xcom.py took 0.077 seconds
[2024-05-26T09:36:32.111+0000] {processor.py:161} INFO - Started process (PID=51241) to work on /usr/local/python/3.10.13/lib/python3.10/site-packages/airflow/example_dags/example_xcom.py
[2024-05-26T09:36:32.111+0000] {processor.py:830} INFO - Processing file /usr/local/python/3.10.13/lib/python3.10/site-packages/airflow/example_dags/example_xcom.py for tasks to queue
[2024-05-26T09:36:32.113+0000] {logging_mixin.py:188} INFO - [2024-05-26T09:36:32.112+0000] {dagbag.py:545} INFO - Filling up the DagBag from /usr/local/python/3.10.13/lib/python3.10/site-packages/airflow/example_dags/example_xcom.py
[2024-05-26T09:36:32.119+0000] {processor.py:840} INFO - DAG(s) 'example_xcom' retrieved from /usr/local/python/3.10.13/lib/python3.10/site-packages/airflow/example_dags/example_xcom.py
[2024-05-26T09:36:32.131+0000] {logging_mixin.py:188} INFO - [2024-05-26T09:36:32.131+0000] {dag.py:3096} INFO - Sync 1 DAGs
[2024-05-26T09:36:32.146+0000] {logging_mixin.py:188} INFO - [2024-05-26T09:36:32.146+0000] {dag.py:3954} INFO - Setting next_dagrun for example_xcom to 2021-01-01 00:00:00+00:00, run_after=2021-01-01 00:00:00+00:00
[2024-05-26T09:36:32.181+0000] {processor.py:183} INFO - Processing /usr/local/python/3.10.13/lib/python3.10/site-packages/airflow/example_dags/example_xcom.py took 0.075 seconds
[2024-05-26T09:37:16.003+0000] {processor.py:161} INFO - Started process (PID=51554) to work on /usr/local/python/3.10.13/lib/python3.10/site-packages/airflow/example_dags/example_xcom.py
[2024-05-26T09:37:16.004+0000] {processor.py:830} INFO - Processing file /usr/local/python/3.10.13/lib/python3.10/site-packages/airflow/example_dags/example_xcom.py for tasks to queue
[2024-05-26T09:37:16.005+0000] {logging_mixin.py:188} INFO - [2024-05-26T09:37:16.005+0000] {dagbag.py:545} INFO - Filling up the DagBag from /usr/local/python/3.10.13/lib/python3.10/site-packages/airflow/example_dags/example_xcom.py
[2024-05-26T09:37:16.011+0000] {processor.py:840} INFO - DAG(s) 'example_xcom' retrieved from /usr/local/python/3.10.13/lib/python3.10/site-packages/airflow/example_dags/example_xcom.py
[2024-05-26T09:37:16.024+0000] {logging_mixin.py:188} INFO - [2024-05-26T09:37:16.024+0000] {dag.py:3096} INFO - Sync 1 DAGs
[2024-05-26T09:37:16.039+0000] {logging_mixin.py:188} INFO - [2024-05-26T09:37:16.039+0000] {dag.py:3954} INFO - Setting next_dagrun for example_xcom to 2021-01-01 00:00:00+00:00, run_after=2021-01-01 00:00:00+00:00
[2024-05-26T09:37:16.077+0000] {processor.py:183} INFO - Processing /usr/local/python/3.10.13/lib/python3.10/site-packages/airflow/example_dags/example_xcom.py took 0.078 seconds
[2024-05-26T09:37:59.024+0000] {processor.py:161} INFO - Started process (PID=51847) to work on /usr/local/python/3.10.13/lib/python3.10/site-packages/airflow/example_dags/example_xcom.py
[2024-05-26T09:37:59.025+0000] {processor.py:830} INFO - Processing file /usr/local/python/3.10.13/lib/python3.10/site-packages/airflow/example_dags/example_xcom.py for tasks to queue
[2024-05-26T09:37:59.026+0000] {logging_mixin.py:188} INFO - [2024-05-26T09:37:59.026+0000] {dagbag.py:545} INFO - Filling up the DagBag from /usr/local/python/3.10.13/lib/python3.10/site-packages/airflow/example_dags/example_xcom.py
[2024-05-26T09:37:59.032+0000] {processor.py:840} INFO - DAG(s) 'example_xcom' retrieved from /usr/local/python/3.10.13/lib/python3.10/site-packages/airflow/example_dags/example_xcom.py
[2024-05-26T09:37:59.045+0000] {logging_mixin.py:188} INFO - [2024-05-26T09:37:59.044+0000] {dag.py:3096} INFO - Sync 1 DAGs
[2024-05-26T09:37:59.060+0000] {logging_mixin.py:188} INFO - [2024-05-26T09:37:59.059+0000] {dag.py:3954} INFO - Setting next_dagrun for example_xcom to 2021-01-01 00:00:00+00:00, run_after=2021-01-01 00:00:00+00:00
[2024-05-26T09:37:59.096+0000] {processor.py:183} INFO - Processing /usr/local/python/3.10.13/lib/python3.10/site-packages/airflow/example_dags/example_xcom.py took 0.077 seconds
[2024-05-26T09:38:37.814+0000] {processor.py:161} INFO - Started process (PID=52122) to work on /usr/local/python/3.10.13/lib/python3.10/site-packages/airflow/example_dags/example_xcom.py
[2024-05-26T09:38:37.814+0000] {processor.py:830} INFO - Processing file /usr/local/python/3.10.13/lib/python3.10/site-packages/airflow/example_dags/example_xcom.py for tasks to queue
[2024-05-26T09:38:37.815+0000] {logging_mixin.py:188} INFO - [2024-05-26T09:38:37.815+0000] {dagbag.py:545} INFO - Filling up the DagBag from /usr/local/python/3.10.13/lib/python3.10/site-packages/airflow/example_dags/example_xcom.py
[2024-05-26T09:38:37.821+0000] {processor.py:840} INFO - DAG(s) 'example_xcom' retrieved from /usr/local/python/3.10.13/lib/python3.10/site-packages/airflow/example_dags/example_xcom.py
[2024-05-26T09:38:37.833+0000] {logging_mixin.py:188} INFO - [2024-05-26T09:38:37.833+0000] {dag.py:3096} INFO - Sync 1 DAGs
[2024-05-26T09:38:37.848+0000] {logging_mixin.py:188} INFO - [2024-05-26T09:38:37.848+0000] {dag.py:3954} INFO - Setting next_dagrun for example_xcom to 2021-01-01 00:00:00+00:00, run_after=2021-01-01 00:00:00+00:00
[2024-05-26T09:38:37.883+0000] {processor.py:183} INFO - Processing /usr/local/python/3.10.13/lib/python3.10/site-packages/airflow/example_dags/example_xcom.py took 0.074 seconds
[2024-05-26T09:39:35.478+0000] {processor.py:161} INFO - Started process (PID=52515) to work on /usr/local/python/3.10.13/lib/python3.10/site-packages/airflow/example_dags/example_xcom.py
[2024-05-26T09:39:35.479+0000] {processor.py:830} INFO - Processing file /usr/local/python/3.10.13/lib/python3.10/site-packages/airflow/example_dags/example_xcom.py for tasks to queue
[2024-05-26T09:39:35.480+0000] {logging_mixin.py:188} INFO - [2024-05-26T09:39:35.480+0000] {dagbag.py:545} INFO - Filling up the DagBag from /usr/local/python/3.10.13/lib/python3.10/site-packages/airflow/example_dags/example_xcom.py
[2024-05-26T09:39:35.486+0000] {processor.py:840} INFO - DAG(s) 'example_xcom' retrieved from /usr/local/python/3.10.13/lib/python3.10/site-packages/airflow/example_dags/example_xcom.py
[2024-05-26T09:39:35.499+0000] {logging_mixin.py:188} INFO - [2024-05-26T09:39:35.499+0000] {dag.py:3096} INFO - Sync 1 DAGs
[2024-05-26T09:39:35.513+0000] {logging_mixin.py:188} INFO - [2024-05-26T09:39:35.513+0000] {dag.py:3954} INFO - Setting next_dagrun for example_xcom to 2021-01-01 00:00:00+00:00, run_after=2021-01-01 00:00:00+00:00
[2024-05-26T09:39:35.550+0000] {processor.py:183} INFO - Processing /usr/local/python/3.10.13/lib/python3.10/site-packages/airflow/example_dags/example_xcom.py took 0.077 seconds
[2024-05-26T09:40:20.103+0000] {processor.py:161} INFO - Started process (PID=52837) to work on /usr/local/python/3.10.13/lib/python3.10/site-packages/airflow/example_dags/example_xcom.py
[2024-05-26T09:40:20.104+0000] {processor.py:830} INFO - Processing file /usr/local/python/3.10.13/lib/python3.10/site-packages/airflow/example_dags/example_xcom.py for tasks to queue
[2024-05-26T09:40:20.105+0000] {logging_mixin.py:188} INFO - [2024-05-26T09:40:20.105+0000] {dagbag.py:545} INFO - Filling up the DagBag from /usr/local/python/3.10.13/lib/python3.10/site-packages/airflow/example_dags/example_xcom.py
[2024-05-26T09:40:20.112+0000] {processor.py:840} INFO - DAG(s) 'example_xcom' retrieved from /usr/local/python/3.10.13/lib/python3.10/site-packages/airflow/example_dags/example_xcom.py
[2024-05-26T09:40:20.125+0000] {logging_mixin.py:188} INFO - [2024-05-26T09:40:20.125+0000] {dag.py:3096} INFO - Sync 1 DAGs
[2024-05-26T09:40:20.140+0000] {logging_mixin.py:188} INFO - [2024-05-26T09:40:20.139+0000] {dag.py:3954} INFO - Setting next_dagrun for example_xcom to 2021-01-01 00:00:00+00:00, run_after=2021-01-01 00:00:00+00:00
[2024-05-26T09:40:20.176+0000] {processor.py:183} INFO - Processing /usr/local/python/3.10.13/lib/python3.10/site-packages/airflow/example_dags/example_xcom.py took 0.078 seconds
[2024-05-26T09:41:00.593+0000] {processor.py:161} INFO - Started process (PID=53126) to work on /usr/local/python/3.10.13/lib/python3.10/site-packages/airflow/example_dags/example_xcom.py
[2024-05-26T09:41:00.593+0000] {processor.py:830} INFO - Processing file /usr/local/python/3.10.13/lib/python3.10/site-packages/airflow/example_dags/example_xcom.py for tasks to queue
[2024-05-26T09:41:00.595+0000] {logging_mixin.py:188} INFO - [2024-05-26T09:41:00.594+0000] {dagbag.py:545} INFO - Filling up the DagBag from /usr/local/python/3.10.13/lib/python3.10/site-packages/airflow/example_dags/example_xcom.py
[2024-05-26T09:41:00.601+0000] {processor.py:840} INFO - DAG(s) 'example_xcom' retrieved from /usr/local/python/3.10.13/lib/python3.10/site-packages/airflow/example_dags/example_xcom.py
[2024-05-26T09:41:00.613+0000] {logging_mixin.py:188} INFO - [2024-05-26T09:41:00.613+0000] {dag.py:3096} INFO - Sync 1 DAGs
[2024-05-26T09:41:00.628+0000] {logging_mixin.py:188} INFO - [2024-05-26T09:41:00.628+0000] {dag.py:3954} INFO - Setting next_dagrun for example_xcom to 2021-01-01 00:00:00+00:00, run_after=2021-01-01 00:00:00+00:00
[2024-05-26T09:41:00.665+0000] {processor.py:183} INFO - Processing /usr/local/python/3.10.13/lib/python3.10/site-packages/airflow/example_dags/example_xcom.py took 0.077 seconds
[2024-05-26T09:41:42.156+0000] {processor.py:161} INFO - Started process (PID=53404) to work on /usr/local/python/3.10.13/lib/python3.10/site-packages/airflow/example_dags/example_xcom.py
[2024-05-26T09:41:42.157+0000] {processor.py:830} INFO - Processing file /usr/local/python/3.10.13/lib/python3.10/site-packages/airflow/example_dags/example_xcom.py for tasks to queue
[2024-05-26T09:41:42.158+0000] {logging_mixin.py:188} INFO - [2024-05-26T09:41:42.157+0000] {dagbag.py:545} INFO - Filling up the DagBag from /usr/local/python/3.10.13/lib/python3.10/site-packages/airflow/example_dags/example_xcom.py
[2024-05-26T09:41:42.164+0000] {processor.py:840} INFO - DAG(s) 'example_xcom' retrieved from /usr/local/python/3.10.13/lib/python3.10/site-packages/airflow/example_dags/example_xcom.py
[2024-05-26T09:41:42.176+0000] {logging_mixin.py:188} INFO - [2024-05-26T09:41:42.176+0000] {dag.py:3096} INFO - Sync 1 DAGs
[2024-05-26T09:41:42.191+0000] {logging_mixin.py:188} INFO - [2024-05-26T09:41:42.190+0000] {dag.py:3954} INFO - Setting next_dagrun for example_xcom to 2021-01-01 00:00:00+00:00, run_after=2021-01-01 00:00:00+00:00
[2024-05-26T09:41:42.227+0000] {processor.py:183} INFO - Processing /usr/local/python/3.10.13/lib/python3.10/site-packages/airflow/example_dags/example_xcom.py took 0.076 seconds
[2024-05-26T09:42:24.600+0000] {processor.py:161} INFO - Started process (PID=53697) to work on /usr/local/python/3.10.13/lib/python3.10/site-packages/airflow/example_dags/example_xcom.py
[2024-05-26T09:42:24.600+0000] {processor.py:830} INFO - Processing file /usr/local/python/3.10.13/lib/python3.10/site-packages/airflow/example_dags/example_xcom.py for tasks to queue
[2024-05-26T09:42:24.602+0000] {logging_mixin.py:188} INFO - [2024-05-26T09:42:24.601+0000] {dagbag.py:545} INFO - Filling up the DagBag from /usr/local/python/3.10.13/lib/python3.10/site-packages/airflow/example_dags/example_xcom.py
[2024-05-26T09:42:24.608+0000] {processor.py:840} INFO - DAG(s) 'example_xcom' retrieved from /usr/local/python/3.10.13/lib/python3.10/site-packages/airflow/example_dags/example_xcom.py
[2024-05-26T09:42:24.620+0000] {logging_mixin.py:188} INFO - [2024-05-26T09:42:24.620+0000] {dag.py:3096} INFO - Sync 1 DAGs
[2024-05-26T09:42:24.635+0000] {logging_mixin.py:188} INFO - [2024-05-26T09:42:24.634+0000] {dag.py:3954} INFO - Setting next_dagrun for example_xcom to 2021-01-01 00:00:00+00:00, run_after=2021-01-01 00:00:00+00:00
[2024-05-26T09:42:24.675+0000] {processor.py:183} INFO - Processing /usr/local/python/3.10.13/lib/python3.10/site-packages/airflow/example_dags/example_xcom.py took 0.080 seconds
[2024-05-26T09:43:22.712+0000] {processor.py:161} INFO - Started process (PID=54115) to work on /usr/local/python/3.10.13/lib/python3.10/site-packages/airflow/example_dags/example_xcom.py
[2024-05-26T09:43:22.713+0000] {processor.py:830} INFO - Processing file /usr/local/python/3.10.13/lib/python3.10/site-packages/airflow/example_dags/example_xcom.py for tasks to queue
[2024-05-26T09:43:22.714+0000] {logging_mixin.py:188} INFO - [2024-05-26T09:43:22.714+0000] {dagbag.py:545} INFO - Filling up the DagBag from /usr/local/python/3.10.13/lib/python3.10/site-packages/airflow/example_dags/example_xcom.py
[2024-05-26T09:43:22.720+0000] {processor.py:840} INFO - DAG(s) 'example_xcom' retrieved from /usr/local/python/3.10.13/lib/python3.10/site-packages/airflow/example_dags/example_xcom.py
[2024-05-26T09:43:22.733+0000] {logging_mixin.py:188} INFO - [2024-05-26T09:43:22.732+0000] {dag.py:3096} INFO - Sync 1 DAGs
[2024-05-26T09:43:22.747+0000] {logging_mixin.py:188} INFO - [2024-05-26T09:43:22.747+0000] {dag.py:3954} INFO - Setting next_dagrun for example_xcom to 2021-01-01 00:00:00+00:00, run_after=2021-01-01 00:00:00+00:00
[2024-05-26T09:43:22.783+0000] {processor.py:183} INFO - Processing /usr/local/python/3.10.13/lib/python3.10/site-packages/airflow/example_dags/example_xcom.py took 0.075 seconds
[2024-05-26T09:44:04.123+0000] {processor.py:161} INFO - Started process (PID=54465) to work on /usr/local/python/3.10.13/lib/python3.10/site-packages/airflow/example_dags/example_xcom.py
[2024-05-26T09:44:04.124+0000] {processor.py:830} INFO - Processing file /usr/local/python/3.10.13/lib/python3.10/site-packages/airflow/example_dags/example_xcom.py for tasks to queue
[2024-05-26T09:44:04.125+0000] {logging_mixin.py:188} INFO - [2024-05-26T09:44:04.125+0000] {dagbag.py:545} INFO - Filling up the DagBag from /usr/local/python/3.10.13/lib/python3.10/site-packages/airflow/example_dags/example_xcom.py
[2024-05-26T09:44:04.131+0000] {processor.py:840} INFO - DAG(s) 'example_xcom' retrieved from /usr/local/python/3.10.13/lib/python3.10/site-packages/airflow/example_dags/example_xcom.py
[2024-05-26T09:44:04.144+0000] {logging_mixin.py:188} INFO - [2024-05-26T09:44:04.144+0000] {dag.py:3096} INFO - Sync 1 DAGs
[2024-05-26T09:44:04.158+0000] {logging_mixin.py:188} INFO - [2024-05-26T09:44:04.158+0000] {dag.py:3954} INFO - Setting next_dagrun for example_xcom to 2021-01-01 00:00:00+00:00, run_after=2021-01-01 00:00:00+00:00
[2024-05-26T09:44:04.196+0000] {processor.py:183} INFO - Processing /usr/local/python/3.10.13/lib/python3.10/site-packages/airflow/example_dags/example_xcom.py took 0.077 seconds
[2024-05-26T09:44:46.637+0000] {processor.py:161} INFO - Started process (PID=54848) to work on /usr/local/python/3.10.13/lib/python3.10/site-packages/airflow/example_dags/example_xcom.py
[2024-05-26T09:44:46.638+0000] {processor.py:830} INFO - Processing file /usr/local/python/3.10.13/lib/python3.10/site-packages/airflow/example_dags/example_xcom.py for tasks to queue
[2024-05-26T09:44:46.640+0000] {logging_mixin.py:188} INFO - [2024-05-26T09:44:46.640+0000] {dagbag.py:545} INFO - Filling up the DagBag from /usr/local/python/3.10.13/lib/python3.10/site-packages/airflow/example_dags/example_xcom.py
[2024-05-26T09:44:46.649+0000] {processor.py:840} INFO - DAG(s) 'example_xcom' retrieved from /usr/local/python/3.10.13/lib/python3.10/site-packages/airflow/example_dags/example_xcom.py
[2024-05-26T09:44:46.662+0000] {logging_mixin.py:188} INFO - [2024-05-26T09:44:46.662+0000] {dag.py:3096} INFO - Sync 1 DAGs
[2024-05-26T09:44:46.678+0000] {logging_mixin.py:188} INFO - [2024-05-26T09:44:46.677+0000] {dag.py:3954} INFO - Setting next_dagrun for example_xcom to 2021-01-01 00:00:00+00:00, run_after=2021-01-01 00:00:00+00:00
[2024-05-26T09:44:46.713+0000] {processor.py:183} INFO - Processing /usr/local/python/3.10.13/lib/python3.10/site-packages/airflow/example_dags/example_xcom.py took 0.081 seconds
[2024-05-26T09:45:28.040+0000] {processor.py:161} INFO - Started process (PID=55346) to work on /usr/local/python/3.10.13/lib/python3.10/site-packages/airflow/example_dags/example_xcom.py
[2024-05-26T09:45:28.040+0000] {processor.py:830} INFO - Processing file /usr/local/python/3.10.13/lib/python3.10/site-packages/airflow/example_dags/example_xcom.py for tasks to queue
[2024-05-26T09:45:28.042+0000] {logging_mixin.py:188} INFO - [2024-05-26T09:45:28.041+0000] {dagbag.py:545} INFO - Filling up the DagBag from /usr/local/python/3.10.13/lib/python3.10/site-packages/airflow/example_dags/example_xcom.py
[2024-05-26T09:45:28.049+0000] {processor.py:840} INFO - DAG(s) 'example_xcom' retrieved from /usr/local/python/3.10.13/lib/python3.10/site-packages/airflow/example_dags/example_xcom.py
[2024-05-26T09:45:28.063+0000] {logging_mixin.py:188} INFO - [2024-05-26T09:45:28.063+0000] {dag.py:3096} INFO - Sync 1 DAGs
[2024-05-26T09:45:28.078+0000] {logging_mixin.py:188} INFO - [2024-05-26T09:45:28.078+0000] {dag.py:3954} INFO - Setting next_dagrun for example_xcom to 2021-01-01 00:00:00+00:00, run_after=2021-01-01 00:00:00+00:00
[2024-05-26T09:45:28.116+0000] {processor.py:183} INFO - Processing /usr/local/python/3.10.13/lib/python3.10/site-packages/airflow/example_dags/example_xcom.py took 0.081 seconds
[2024-05-26T09:46:25.086+0000] {processor.py:161} INFO - Started process (PID=56125) to work on /usr/local/python/3.10.13/lib/python3.10/site-packages/airflow/example_dags/example_xcom.py
[2024-05-26T09:46:25.087+0000] {processor.py:830} INFO - Processing file /usr/local/python/3.10.13/lib/python3.10/site-packages/airflow/example_dags/example_xcom.py for tasks to queue
[2024-05-26T09:46:25.088+0000] {logging_mixin.py:188} INFO - [2024-05-26T09:46:25.088+0000] {dagbag.py:545} INFO - Filling up the DagBag from /usr/local/python/3.10.13/lib/python3.10/site-packages/airflow/example_dags/example_xcom.py
[2024-05-26T09:46:25.094+0000] {processor.py:840} INFO - DAG(s) 'example_xcom' retrieved from /usr/local/python/3.10.13/lib/python3.10/site-packages/airflow/example_dags/example_xcom.py
[2024-05-26T09:46:25.107+0000] {logging_mixin.py:188} INFO - [2024-05-26T09:46:25.107+0000] {dag.py:3096} INFO - Sync 1 DAGs
[2024-05-26T09:46:25.121+0000] {logging_mixin.py:188} INFO - [2024-05-26T09:46:25.121+0000] {dag.py:3954} INFO - Setting next_dagrun for example_xcom to 2021-01-01 00:00:00+00:00, run_after=2021-01-01 00:00:00+00:00
[2024-05-26T09:46:25.159+0000] {processor.py:183} INFO - Processing /usr/local/python/3.10.13/lib/python3.10/site-packages/airflow/example_dags/example_xcom.py took 0.077 seconds
[2024-05-26T09:47:06.201+0000] {processor.py:161} INFO - Started process (PID=56548) to work on /usr/local/python/3.10.13/lib/python3.10/site-packages/airflow/example_dags/example_xcom.py
[2024-05-26T09:47:06.202+0000] {processor.py:830} INFO - Processing file /usr/local/python/3.10.13/lib/python3.10/site-packages/airflow/example_dags/example_xcom.py for tasks to queue
[2024-05-26T09:47:06.203+0000] {logging_mixin.py:188} INFO - [2024-05-26T09:47:06.203+0000] {dagbag.py:545} INFO - Filling up the DagBag from /usr/local/python/3.10.13/lib/python3.10/site-packages/airflow/example_dags/example_xcom.py
[2024-05-26T09:47:06.210+0000] {processor.py:840} INFO - DAG(s) 'example_xcom' retrieved from /usr/local/python/3.10.13/lib/python3.10/site-packages/airflow/example_dags/example_xcom.py
[2024-05-26T09:47:06.222+0000] {logging_mixin.py:188} INFO - [2024-05-26T09:47:06.222+0000] {dag.py:3096} INFO - Sync 1 DAGs
[2024-05-26T09:47:06.236+0000] {logging_mixin.py:188} INFO - [2024-05-26T09:47:06.236+0000] {dag.py:3954} INFO - Setting next_dagrun for example_xcom to 2021-01-01 00:00:00+00:00, run_after=2021-01-01 00:00:00+00:00
[2024-05-26T09:47:06.278+0000] {processor.py:183} INFO - Processing /usr/local/python/3.10.13/lib/python3.10/site-packages/airflow/example_dags/example_xcom.py took 0.081 seconds
[2024-05-26T09:48:04.195+0000] {processor.py:161} INFO - Started process (PID=57237) to work on /usr/local/python/3.10.13/lib/python3.10/site-packages/airflow/example_dags/example_xcom.py
[2024-05-26T09:48:04.196+0000] {processor.py:830} INFO - Processing file /usr/local/python/3.10.13/lib/python3.10/site-packages/airflow/example_dags/example_xcom.py for tasks to queue
[2024-05-26T09:48:04.197+0000] {logging_mixin.py:188} INFO - [2024-05-26T09:48:04.197+0000] {dagbag.py:545} INFO - Filling up the DagBag from /usr/local/python/3.10.13/lib/python3.10/site-packages/airflow/example_dags/example_xcom.py
[2024-05-26T09:48:04.203+0000] {processor.py:840} INFO - DAG(s) 'example_xcom' retrieved from /usr/local/python/3.10.13/lib/python3.10/site-packages/airflow/example_dags/example_xcom.py
[2024-05-26T09:48:04.216+0000] {logging_mixin.py:188} INFO - [2024-05-26T09:48:04.216+0000] {dag.py:3096} INFO - Sync 1 DAGs
[2024-05-26T09:48:04.231+0000] {logging_mixin.py:188} INFO - [2024-05-26T09:48:04.230+0000] {dag.py:3954} INFO - Setting next_dagrun for example_xcom to 2021-01-01 00:00:00+00:00, run_after=2021-01-01 00:00:00+00:00
[2024-05-26T09:48:04.267+0000] {processor.py:183} INFO - Processing /usr/local/python/3.10.13/lib/python3.10/site-packages/airflow/example_dags/example_xcom.py took 0.077 seconds
[2024-05-26T09:48:45.038+0000] {processor.py:161} INFO - Started process (PID=57713) to work on /usr/local/python/3.10.13/lib/python3.10/site-packages/airflow/example_dags/example_xcom.py
[2024-05-26T09:48:45.039+0000] {processor.py:830} INFO - Processing file /usr/local/python/3.10.13/lib/python3.10/site-packages/airflow/example_dags/example_xcom.py for tasks to queue
[2024-05-26T09:48:45.040+0000] {logging_mixin.py:188} INFO - [2024-05-26T09:48:45.040+0000] {dagbag.py:545} INFO - Filling up the DagBag from /usr/local/python/3.10.13/lib/python3.10/site-packages/airflow/example_dags/example_xcom.py
[2024-05-26T09:48:45.046+0000] {processor.py:840} INFO - DAG(s) 'example_xcom' retrieved from /usr/local/python/3.10.13/lib/python3.10/site-packages/airflow/example_dags/example_xcom.py
[2024-05-26T09:48:45.059+0000] {logging_mixin.py:188} INFO - [2024-05-26T09:48:45.058+0000] {dag.py:3096} INFO - Sync 1 DAGs
[2024-05-26T09:48:45.074+0000] {logging_mixin.py:188} INFO - [2024-05-26T09:48:45.073+0000] {dag.py:3954} INFO - Setting next_dagrun for example_xcom to 2021-01-01 00:00:00+00:00, run_after=2021-01-01 00:00:00+00:00
[2024-05-26T09:48:45.110+0000] {processor.py:183} INFO - Processing /usr/local/python/3.10.13/lib/python3.10/site-packages/airflow/example_dags/example_xcom.py took 0.077 seconds
[2024-05-26T09:49:27.778+0000] {processor.py:161} INFO - Started process (PID=58160) to work on /usr/local/python/3.10.13/lib/python3.10/site-packages/airflow/example_dags/example_xcom.py
[2024-05-26T09:49:27.779+0000] {processor.py:830} INFO - Processing file /usr/local/python/3.10.13/lib/python3.10/site-packages/airflow/example_dags/example_xcom.py for tasks to queue
[2024-05-26T09:49:27.780+0000] {logging_mixin.py:188} INFO - [2024-05-26T09:49:27.780+0000] {dagbag.py:545} INFO - Filling up the DagBag from /usr/local/python/3.10.13/lib/python3.10/site-packages/airflow/example_dags/example_xcom.py
[2024-05-26T09:49:27.786+0000] {processor.py:840} INFO - DAG(s) 'example_xcom' retrieved from /usr/local/python/3.10.13/lib/python3.10/site-packages/airflow/example_dags/example_xcom.py
[2024-05-26T09:49:27.799+0000] {logging_mixin.py:188} INFO - [2024-05-26T09:49:27.799+0000] {dag.py:3096} INFO - Sync 1 DAGs
[2024-05-26T09:49:27.814+0000] {logging_mixin.py:188} INFO - [2024-05-26T09:49:27.814+0000] {dag.py:3954} INFO - Setting next_dagrun for example_xcom to 2021-01-01 00:00:00+00:00, run_after=2021-01-01 00:00:00+00:00
[2024-05-26T09:49:27.850+0000] {processor.py:183} INFO - Processing /usr/local/python/3.10.13/lib/python3.10/site-packages/airflow/example_dags/example_xcom.py took 0.077 seconds
[2024-05-26T09:50:09.068+0000] {processor.py:161} INFO - Started process (PID=58577) to work on /usr/local/python/3.10.13/lib/python3.10/site-packages/airflow/example_dags/example_xcom.py
[2024-05-26T09:50:09.069+0000] {processor.py:830} INFO - Processing file /usr/local/python/3.10.13/lib/python3.10/site-packages/airflow/example_dags/example_xcom.py for tasks to queue
[2024-05-26T09:50:09.070+0000] {logging_mixin.py:188} INFO - [2024-05-26T09:50:09.069+0000] {dagbag.py:545} INFO - Filling up the DagBag from /usr/local/python/3.10.13/lib/python3.10/site-packages/airflow/example_dags/example_xcom.py
[2024-05-26T09:50:09.076+0000] {processor.py:840} INFO - DAG(s) 'example_xcom' retrieved from /usr/local/python/3.10.13/lib/python3.10/site-packages/airflow/example_dags/example_xcom.py
[2024-05-26T09:50:09.090+0000] {logging_mixin.py:188} INFO - [2024-05-26T09:50:09.089+0000] {dag.py:3096} INFO - Sync 1 DAGs
[2024-05-26T09:50:09.104+0000] {logging_mixin.py:188} INFO - [2024-05-26T09:50:09.104+0000] {dag.py:3954} INFO - Setting next_dagrun for example_xcom to 2021-01-01 00:00:00+00:00, run_after=2021-01-01 00:00:00+00:00
[2024-05-26T09:50:09.140+0000] {processor.py:183} INFO - Processing /usr/local/python/3.10.13/lib/python3.10/site-packages/airflow/example_dags/example_xcom.py took 0.077 seconds
[2024-05-26T09:50:49.867+0000] {processor.py:161} INFO - Started process (PID=58911) to work on /usr/local/python/3.10.13/lib/python3.10/site-packages/airflow/example_dags/example_xcom.py
[2024-05-26T09:50:49.868+0000] {processor.py:830} INFO - Processing file /usr/local/python/3.10.13/lib/python3.10/site-packages/airflow/example_dags/example_xcom.py for tasks to queue
[2024-05-26T09:50:49.870+0000] {logging_mixin.py:188} INFO - [2024-05-26T09:50:49.869+0000] {dagbag.py:545} INFO - Filling up the DagBag from /usr/local/python/3.10.13/lib/python3.10/site-packages/airflow/example_dags/example_xcom.py
[2024-05-26T09:50:49.876+0000] {processor.py:840} INFO - DAG(s) 'example_xcom' retrieved from /usr/local/python/3.10.13/lib/python3.10/site-packages/airflow/example_dags/example_xcom.py
[2024-05-26T09:50:49.889+0000] {logging_mixin.py:188} INFO - [2024-05-26T09:50:49.889+0000] {dag.py:3096} INFO - Sync 1 DAGs
[2024-05-26T09:50:49.904+0000] {logging_mixin.py:188} INFO - [2024-05-26T09:50:49.904+0000] {dag.py:3954} INFO - Setting next_dagrun for example_xcom to 2021-01-01 00:00:00+00:00, run_after=2021-01-01 00:00:00+00:00
[2024-05-26T09:50:49.940+0000] {processor.py:183} INFO - Processing /usr/local/python/3.10.13/lib/python3.10/site-packages/airflow/example_dags/example_xcom.py took 0.080 seconds
[2024-05-26T09:51:32.691+0000] {processor.py:161} INFO - Started process (PID=59367) to work on /usr/local/python/3.10.13/lib/python3.10/site-packages/airflow/example_dags/example_xcom.py
[2024-05-26T09:51:32.692+0000] {processor.py:830} INFO - Processing file /usr/local/python/3.10.13/lib/python3.10/site-packages/airflow/example_dags/example_xcom.py for tasks to queue
[2024-05-26T09:51:32.693+0000] {logging_mixin.py:188} INFO - [2024-05-26T09:51:32.693+0000] {dagbag.py:545} INFO - Filling up the DagBag from /usr/local/python/3.10.13/lib/python3.10/site-packages/airflow/example_dags/example_xcom.py
[2024-05-26T09:51:32.699+0000] {processor.py:840} INFO - DAG(s) 'example_xcom' retrieved from /usr/local/python/3.10.13/lib/python3.10/site-packages/airflow/example_dags/example_xcom.py
[2024-05-26T09:51:32.712+0000] {logging_mixin.py:188} INFO - [2024-05-26T09:51:32.712+0000] {dag.py:3096} INFO - Sync 1 DAGs
[2024-05-26T09:51:32.726+0000] {logging_mixin.py:188} INFO - [2024-05-26T09:51:32.726+0000] {dag.py:3954} INFO - Setting next_dagrun for example_xcom to 2021-01-01 00:00:00+00:00, run_after=2021-01-01 00:00:00+00:00
[2024-05-26T09:51:32.762+0000] {processor.py:183} INFO - Processing /usr/local/python/3.10.13/lib/python3.10/site-packages/airflow/example_dags/example_xcom.py took 0.076 seconds
[2024-05-26T09:52:13.662+0000] {processor.py:161} INFO - Started process (PID=59757) to work on /usr/local/python/3.10.13/lib/python3.10/site-packages/airflow/example_dags/example_xcom.py
[2024-05-26T09:52:13.663+0000] {processor.py:830} INFO - Processing file /usr/local/python/3.10.13/lib/python3.10/site-packages/airflow/example_dags/example_xcom.py for tasks to queue
[2024-05-26T09:52:13.664+0000] {logging_mixin.py:188} INFO - [2024-05-26T09:52:13.664+0000] {dagbag.py:545} INFO - Filling up the DagBag from /usr/local/python/3.10.13/lib/python3.10/site-packages/airflow/example_dags/example_xcom.py
[2024-05-26T09:52:13.673+0000] {processor.py:840} INFO - DAG(s) 'example_xcom' retrieved from /usr/local/python/3.10.13/lib/python3.10/site-packages/airflow/example_dags/example_xcom.py
[2024-05-26T09:52:13.690+0000] {logging_mixin.py:188} INFO - [2024-05-26T09:52:13.689+0000] {dag.py:3096} INFO - Sync 1 DAGs
[2024-05-26T09:52:13.708+0000] {logging_mixin.py:188} INFO - [2024-05-26T09:52:13.708+0000] {dag.py:3954} INFO - Setting next_dagrun for example_xcom to 2021-01-01 00:00:00+00:00, run_after=2021-01-01 00:00:00+00:00
[2024-05-26T09:52:13.745+0000] {processor.py:183} INFO - Processing /usr/local/python/3.10.13/lib/python3.10/site-packages/airflow/example_dags/example_xcom.py took 0.090 seconds
[2024-05-26T09:52:55.080+0000] {processor.py:161} INFO - Started process (PID=60096) to work on /usr/local/python/3.10.13/lib/python3.10/site-packages/airflow/example_dags/example_xcom.py
[2024-05-26T09:52:55.080+0000] {processor.py:830} INFO - Processing file /usr/local/python/3.10.13/lib/python3.10/site-packages/airflow/example_dags/example_xcom.py for tasks to queue
[2024-05-26T09:52:55.082+0000] {logging_mixin.py:188} INFO - [2024-05-26T09:52:55.081+0000] {dagbag.py:545} INFO - Filling up the DagBag from /usr/local/python/3.10.13/lib/python3.10/site-packages/airflow/example_dags/example_xcom.py
[2024-05-26T09:52:55.088+0000] {processor.py:840} INFO - DAG(s) 'example_xcom' retrieved from /usr/local/python/3.10.13/lib/python3.10/site-packages/airflow/example_dags/example_xcom.py
[2024-05-26T09:52:55.100+0000] {logging_mixin.py:188} INFO - [2024-05-26T09:52:55.100+0000] {dag.py:3096} INFO - Sync 1 DAGs
[2024-05-26T09:52:55.115+0000] {logging_mixin.py:188} INFO - [2024-05-26T09:52:55.114+0000] {dag.py:3954} INFO - Setting next_dagrun for example_xcom to 2021-01-01 00:00:00+00:00, run_after=2021-01-01 00:00:00+00:00
[2024-05-26T09:52:55.153+0000] {processor.py:183} INFO - Processing /usr/local/python/3.10.13/lib/python3.10/site-packages/airflow/example_dags/example_xcom.py took 0.078 seconds
[2024-05-26T09:53:36.234+0000] {processor.py:161} INFO - Started process (PID=60438) to work on /usr/local/python/3.10.13/lib/python3.10/site-packages/airflow/example_dags/example_xcom.py
[2024-05-26T09:53:36.235+0000] {processor.py:830} INFO - Processing file /usr/local/python/3.10.13/lib/python3.10/site-packages/airflow/example_dags/example_xcom.py for tasks to queue
[2024-05-26T09:53:36.236+0000] {logging_mixin.py:188} INFO - [2024-05-26T09:53:36.236+0000] {dagbag.py:545} INFO - Filling up the DagBag from /usr/local/python/3.10.13/lib/python3.10/site-packages/airflow/example_dags/example_xcom.py
[2024-05-26T09:53:36.242+0000] {processor.py:840} INFO - DAG(s) 'example_xcom' retrieved from /usr/local/python/3.10.13/lib/python3.10/site-packages/airflow/example_dags/example_xcom.py
[2024-05-26T09:53:36.255+0000] {logging_mixin.py:188} INFO - [2024-05-26T09:53:36.255+0000] {dag.py:3096} INFO - Sync 1 DAGs
[2024-05-26T09:53:36.270+0000] {logging_mixin.py:188} INFO - [2024-05-26T09:53:36.270+0000] {dag.py:3954} INFO - Setting next_dagrun for example_xcom to 2021-01-01 00:00:00+00:00, run_after=2021-01-01 00:00:00+00:00
[2024-05-26T09:53:36.307+0000] {processor.py:183} INFO - Processing /usr/local/python/3.10.13/lib/python3.10/site-packages/airflow/example_dags/example_xcom.py took 0.077 seconds
[2024-05-26T09:54:19.397+0000] {processor.py:161} INFO - Started process (PID=60771) to work on /usr/local/python/3.10.13/lib/python3.10/site-packages/airflow/example_dags/example_xcom.py
[2024-05-26T09:54:19.398+0000] {processor.py:830} INFO - Processing file /usr/local/python/3.10.13/lib/python3.10/site-packages/airflow/example_dags/example_xcom.py for tasks to queue
[2024-05-26T09:54:19.399+0000] {logging_mixin.py:188} INFO - [2024-05-26T09:54:19.399+0000] {dagbag.py:545} INFO - Filling up the DagBag from /usr/local/python/3.10.13/lib/python3.10/site-packages/airflow/example_dags/example_xcom.py
[2024-05-26T09:54:19.406+0000] {processor.py:840} INFO - DAG(s) 'example_xcom' retrieved from /usr/local/python/3.10.13/lib/python3.10/site-packages/airflow/example_dags/example_xcom.py
[2024-05-26T09:54:19.419+0000] {logging_mixin.py:188} INFO - [2024-05-26T09:54:19.419+0000] {dag.py:3096} INFO - Sync 1 DAGs
[2024-05-26T09:54:19.433+0000] {logging_mixin.py:188} INFO - [2024-05-26T09:54:19.433+0000] {dag.py:3954} INFO - Setting next_dagrun for example_xcom to 2021-01-01 00:00:00+00:00, run_after=2021-01-01 00:00:00+00:00
[2024-05-26T09:54:19.473+0000] {processor.py:183} INFO - Processing /usr/local/python/3.10.13/lib/python3.10/site-packages/airflow/example_dags/example_xcom.py took 0.081 seconds
[2024-05-26T09:55:02.721+0000] {processor.py:161} INFO - Started process (PID=61119) to work on /usr/local/python/3.10.13/lib/python3.10/site-packages/airflow/example_dags/example_xcom.py
[2024-05-26T09:55:02.722+0000] {processor.py:830} INFO - Processing file /usr/local/python/3.10.13/lib/python3.10/site-packages/airflow/example_dags/example_xcom.py for tasks to queue
[2024-05-26T09:55:02.723+0000] {logging_mixin.py:188} INFO - [2024-05-26T09:55:02.723+0000] {dagbag.py:545} INFO - Filling up the DagBag from /usr/local/python/3.10.13/lib/python3.10/site-packages/airflow/example_dags/example_xcom.py
[2024-05-26T09:55:02.730+0000] {processor.py:840} INFO - DAG(s) 'example_xcom' retrieved from /usr/local/python/3.10.13/lib/python3.10/site-packages/airflow/example_dags/example_xcom.py
[2024-05-26T09:55:02.749+0000] {logging_mixin.py:188} INFO - [2024-05-26T09:55:02.749+0000] {dag.py:3096} INFO - Sync 1 DAGs
[2024-05-26T09:55:02.766+0000] {logging_mixin.py:188} INFO - [2024-05-26T09:55:02.766+0000] {dag.py:3954} INFO - Setting next_dagrun for example_xcom to 2021-01-01 00:00:00+00:00, run_after=2021-01-01 00:00:00+00:00
[2024-05-26T09:55:02.803+0000] {processor.py:183} INFO - Processing /usr/local/python/3.10.13/lib/python3.10/site-packages/airflow/example_dags/example_xcom.py took 0.088 seconds
