[2024-05-26T09:10:31.511+0000] {processor.py:161} INFO - Started process (PID=40032) to work on /usr/local/python/3.10.13/lib/python3.10/site-packages/airflow/example_dags/example_skip_dag.py
[2024-05-26T09:10:31.512+0000] {processor.py:830} INFO - Processing file /usr/local/python/3.10.13/lib/python3.10/site-packages/airflow/example_dags/example_skip_dag.py for tasks to queue
[2024-05-26T09:10:31.513+0000] {logging_mixin.py:188} INFO - [2024-05-26T09:10:31.513+0000] {dagbag.py:545} INFO - Filling up the DagBag from /usr/local/python/3.10.13/lib/python3.10/site-packages/airflow/example_dags/example_skip_dag.py
[2024-05-26T09:10:31.518+0000] {processor.py:840} INFO - DAG(s) 'example_skip_dag' retrieved from /usr/local/python/3.10.13/lib/python3.10/site-packages/airflow/example_dags/example_skip_dag.py
[2024-05-26T09:10:31.538+0000] {logging_mixin.py:188} INFO - [2024-05-26T09:10:31.537+0000] {dag.py:3096} INFO - Sync 1 DAGs
[2024-05-26T09:10:31.553+0000] {logging_mixin.py:188} INFO - [2024-05-26T09:10:31.553+0000] {dag.py:3954} INFO - Setting next_dagrun for example_skip_dag to 2024-05-25 00:00:00+00:00, run_after=2024-05-26 00:00:00+00:00
[2024-05-26T09:10:31.592+0000] {processor.py:183} INFO - Processing /usr/local/python/3.10.13/lib/python3.10/site-packages/airflow/example_dags/example_skip_dag.py took 0.085 seconds
[2024-05-26T09:11:25.403+0000] {processor.py:161} INFO - Started process (PID=40469) to work on /usr/local/python/3.10.13/lib/python3.10/site-packages/airflow/example_dags/example_skip_dag.py
[2024-05-26T09:11:25.404+0000] {processor.py:830} INFO - Processing file /usr/local/python/3.10.13/lib/python3.10/site-packages/airflow/example_dags/example_skip_dag.py for tasks to queue
[2024-05-26T09:11:25.405+0000] {logging_mixin.py:188} INFO - [2024-05-26T09:11:25.405+0000] {dagbag.py:545} INFO - Filling up the DagBag from /usr/local/python/3.10.13/lib/python3.10/site-packages/airflow/example_dags/example_skip_dag.py
[2024-05-26T09:11:25.410+0000] {processor.py:840} INFO - DAG(s) 'example_skip_dag' retrieved from /usr/local/python/3.10.13/lib/python3.10/site-packages/airflow/example_dags/example_skip_dag.py
[2024-05-26T09:11:25.423+0000] {logging_mixin.py:188} INFO - [2024-05-26T09:11:25.422+0000] {dag.py:3096} INFO - Sync 1 DAGs
[2024-05-26T09:11:25.437+0000] {logging_mixin.py:188} INFO - [2024-05-26T09:11:25.437+0000] {dag.py:3954} INFO - Setting next_dagrun for example_skip_dag to 2024-05-25 00:00:00+00:00, run_after=2024-05-26 00:00:00+00:00
[2024-05-26T09:11:25.476+0000] {processor.py:183} INFO - Processing /usr/local/python/3.10.13/lib/python3.10/site-packages/airflow/example_dags/example_skip_dag.py took 0.078 seconds
[2024-05-26T09:12:09.561+0000] {processor.py:161} INFO - Started process (PID=40784) to work on /usr/local/python/3.10.13/lib/python3.10/site-packages/airflow/example_dags/example_skip_dag.py
[2024-05-26T09:12:09.562+0000] {processor.py:830} INFO - Processing file /usr/local/python/3.10.13/lib/python3.10/site-packages/airflow/example_dags/example_skip_dag.py for tasks to queue
[2024-05-26T09:12:09.563+0000] {logging_mixin.py:188} INFO - [2024-05-26T09:12:09.563+0000] {dagbag.py:545} INFO - Filling up the DagBag from /usr/local/python/3.10.13/lib/python3.10/site-packages/airflow/example_dags/example_skip_dag.py
[2024-05-26T09:12:09.572+0000] {processor.py:840} INFO - DAG(s) 'example_skip_dag' retrieved from /usr/local/python/3.10.13/lib/python3.10/site-packages/airflow/example_dags/example_skip_dag.py
[2024-05-26T09:12:09.591+0000] {logging_mixin.py:188} INFO - [2024-05-26T09:12:09.591+0000] {dag.py:3096} INFO - Sync 1 DAGs
[2024-05-26T09:12:09.607+0000] {logging_mixin.py:188} INFO - [2024-05-26T09:12:09.606+0000] {dag.py:3954} INFO - Setting next_dagrun for example_skip_dag to 2024-05-25 00:00:00+00:00, run_after=2024-05-26 00:00:00+00:00
[2024-05-26T09:12:09.645+0000] {processor.py:183} INFO - Processing /usr/local/python/3.10.13/lib/python3.10/site-packages/airflow/example_dags/example_skip_dag.py took 0.089 seconds
[2024-05-26T09:12:51.521+0000] {processor.py:161} INFO - Started process (PID=41161) to work on /usr/local/python/3.10.13/lib/python3.10/site-packages/airflow/example_dags/example_skip_dag.py
[2024-05-26T09:12:51.521+0000] {processor.py:830} INFO - Processing file /usr/local/python/3.10.13/lib/python3.10/site-packages/airflow/example_dags/example_skip_dag.py for tasks to queue
[2024-05-26T09:12:51.523+0000] {logging_mixin.py:188} INFO - [2024-05-26T09:12:51.523+0000] {dagbag.py:545} INFO - Filling up the DagBag from /usr/local/python/3.10.13/lib/python3.10/site-packages/airflow/example_dags/example_skip_dag.py
[2024-05-26T09:12:51.528+0000] {processor.py:840} INFO - DAG(s) 'example_skip_dag' retrieved from /usr/local/python/3.10.13/lib/python3.10/site-packages/airflow/example_dags/example_skip_dag.py
[2024-05-26T09:12:51.541+0000] {logging_mixin.py:188} INFO - [2024-05-26T09:12:51.541+0000] {dag.py:3096} INFO - Sync 1 DAGs
[2024-05-26T09:12:51.557+0000] {logging_mixin.py:188} INFO - [2024-05-26T09:12:51.556+0000] {dag.py:3954} INFO - Setting next_dagrun for example_skip_dag to 2024-05-25 00:00:00+00:00, run_after=2024-05-26 00:00:00+00:00
[2024-05-26T09:12:51.595+0000] {processor.py:183} INFO - Processing /usr/local/python/3.10.13/lib/python3.10/site-packages/airflow/example_dags/example_skip_dag.py took 0.080 seconds
[2024-05-26T09:13:31.799+0000] {processor.py:161} INFO - Started process (PID=41483) to work on /usr/local/python/3.10.13/lib/python3.10/site-packages/airflow/example_dags/example_skip_dag.py
[2024-05-26T09:13:31.799+0000] {processor.py:830} INFO - Processing file /usr/local/python/3.10.13/lib/python3.10/site-packages/airflow/example_dags/example_skip_dag.py for tasks to queue
[2024-05-26T09:13:31.801+0000] {logging_mixin.py:188} INFO - [2024-05-26T09:13:31.800+0000] {dagbag.py:545} INFO - Filling up the DagBag from /usr/local/python/3.10.13/lib/python3.10/site-packages/airflow/example_dags/example_skip_dag.py
[2024-05-26T09:13:31.806+0000] {processor.py:840} INFO - DAG(s) 'example_skip_dag' retrieved from /usr/local/python/3.10.13/lib/python3.10/site-packages/airflow/example_dags/example_skip_dag.py
[2024-05-26T09:13:31.821+0000] {logging_mixin.py:188} INFO - [2024-05-26T09:13:31.821+0000] {dag.py:3096} INFO - Sync 1 DAGs
[2024-05-26T09:13:31.836+0000] {logging_mixin.py:188} INFO - [2024-05-26T09:13:31.836+0000] {dag.py:3954} INFO - Setting next_dagrun for example_skip_dag to 2024-05-25 00:00:00+00:00, run_after=2024-05-26 00:00:00+00:00
[2024-05-26T09:13:31.879+0000] {processor.py:183} INFO - Processing /usr/local/python/3.10.13/lib/python3.10/site-packages/airflow/example_dags/example_skip_dag.py took 0.085 seconds
[2024-05-26T09:14:14.649+0000] {processor.py:161} INFO - Started process (PID=41812) to work on /usr/local/python/3.10.13/lib/python3.10/site-packages/airflow/example_dags/example_skip_dag.py
[2024-05-26T09:14:14.650+0000] {processor.py:830} INFO - Processing file /usr/local/python/3.10.13/lib/python3.10/site-packages/airflow/example_dags/example_skip_dag.py for tasks to queue
[2024-05-26T09:14:14.651+0000] {logging_mixin.py:188} INFO - [2024-05-26T09:14:14.651+0000] {dagbag.py:545} INFO - Filling up the DagBag from /usr/local/python/3.10.13/lib/python3.10/site-packages/airflow/example_dags/example_skip_dag.py
[2024-05-26T09:14:14.657+0000] {processor.py:840} INFO - DAG(s) 'example_skip_dag' retrieved from /usr/local/python/3.10.13/lib/python3.10/site-packages/airflow/example_dags/example_skip_dag.py
[2024-05-26T09:14:14.670+0000] {logging_mixin.py:188} INFO - [2024-05-26T09:14:14.670+0000] {dag.py:3096} INFO - Sync 1 DAGs
[2024-05-26T09:14:14.684+0000] {logging_mixin.py:188} INFO - [2024-05-26T09:14:14.684+0000] {dag.py:3954} INFO - Setting next_dagrun for example_skip_dag to 2024-05-25 00:00:00+00:00, run_after=2024-05-26 00:00:00+00:00
[2024-05-26T09:14:14.725+0000] {processor.py:183} INFO - Processing /usr/local/python/3.10.13/lib/python3.10/site-packages/airflow/example_dags/example_skip_dag.py took 0.081 seconds
[2024-05-26T09:14:59.545+0000] {processor.py:161} INFO - Started process (PID=42122) to work on /usr/local/python/3.10.13/lib/python3.10/site-packages/airflow/example_dags/example_skip_dag.py
[2024-05-26T09:14:59.546+0000] {processor.py:830} INFO - Processing file /usr/local/python/3.10.13/lib/python3.10/site-packages/airflow/example_dags/example_skip_dag.py for tasks to queue
[2024-05-26T09:14:59.547+0000] {logging_mixin.py:188} INFO - [2024-05-26T09:14:59.547+0000] {dagbag.py:545} INFO - Filling up the DagBag from /usr/local/python/3.10.13/lib/python3.10/site-packages/airflow/example_dags/example_skip_dag.py
[2024-05-26T09:14:59.552+0000] {processor.py:840} INFO - DAG(s) 'example_skip_dag' retrieved from /usr/local/python/3.10.13/lib/python3.10/site-packages/airflow/example_dags/example_skip_dag.py
[2024-05-26T09:14:59.565+0000] {logging_mixin.py:188} INFO - [2024-05-26T09:14:59.565+0000] {dag.py:3096} INFO - Sync 1 DAGs
[2024-05-26T09:14:59.580+0000] {logging_mixin.py:188} INFO - [2024-05-26T09:14:59.580+0000] {dag.py:3954} INFO - Setting next_dagrun for example_skip_dag to 2024-05-25 00:00:00+00:00, run_after=2024-05-26 00:00:00+00:00
[2024-05-26T09:14:59.619+0000] {processor.py:183} INFO - Processing /usr/local/python/3.10.13/lib/python3.10/site-packages/airflow/example_dags/example_skip_dag.py took 0.079 seconds
[2024-05-26T09:15:41.673+0000] {processor.py:161} INFO - Started process (PID=42409) to work on /usr/local/python/3.10.13/lib/python3.10/site-packages/airflow/example_dags/example_skip_dag.py
[2024-05-26T09:15:41.673+0000] {processor.py:830} INFO - Processing file /usr/local/python/3.10.13/lib/python3.10/site-packages/airflow/example_dags/example_skip_dag.py for tasks to queue
[2024-05-26T09:15:41.675+0000] {logging_mixin.py:188} INFO - [2024-05-26T09:15:41.674+0000] {dagbag.py:545} INFO - Filling up the DagBag from /usr/local/python/3.10.13/lib/python3.10/site-packages/airflow/example_dags/example_skip_dag.py
[2024-05-26T09:15:41.680+0000] {processor.py:840} INFO - DAG(s) 'example_skip_dag' retrieved from /usr/local/python/3.10.13/lib/python3.10/site-packages/airflow/example_dags/example_skip_dag.py
[2024-05-26T09:15:41.693+0000] {logging_mixin.py:188} INFO - [2024-05-26T09:15:41.693+0000] {dag.py:3096} INFO - Sync 1 DAGs
[2024-05-26T09:15:41.708+0000] {logging_mixin.py:188} INFO - [2024-05-26T09:15:41.707+0000] {dag.py:3954} INFO - Setting next_dagrun for example_skip_dag to 2024-05-25 00:00:00+00:00, run_after=2024-05-26 00:00:00+00:00
[2024-05-26T09:15:41.756+0000] {processor.py:183} INFO - Processing /usr/local/python/3.10.13/lib/python3.10/site-packages/airflow/example_dags/example_skip_dag.py took 0.088 seconds
[2024-05-26T09:16:22.993+0000] {processor.py:161} INFO - Started process (PID=42699) to work on /usr/local/python/3.10.13/lib/python3.10/site-packages/airflow/example_dags/example_skip_dag.py
[2024-05-26T09:16:22.994+0000] {processor.py:830} INFO - Processing file /usr/local/python/3.10.13/lib/python3.10/site-packages/airflow/example_dags/example_skip_dag.py for tasks to queue
[2024-05-26T09:16:22.995+0000] {logging_mixin.py:188} INFO - [2024-05-26T09:16:22.995+0000] {dagbag.py:545} INFO - Filling up the DagBag from /usr/local/python/3.10.13/lib/python3.10/site-packages/airflow/example_dags/example_skip_dag.py
[2024-05-26T09:16:23.000+0000] {processor.py:840} INFO - DAG(s) 'example_skip_dag' retrieved from /usr/local/python/3.10.13/lib/python3.10/site-packages/airflow/example_dags/example_skip_dag.py
[2024-05-26T09:16:23.013+0000] {logging_mixin.py:188} INFO - [2024-05-26T09:16:23.013+0000] {dag.py:3096} INFO - Sync 1 DAGs
[2024-05-26T09:16:23.027+0000] {logging_mixin.py:188} INFO - [2024-05-26T09:16:23.027+0000] {dag.py:3954} INFO - Setting next_dagrun for example_skip_dag to 2024-05-25 00:00:00+00:00, run_after=2024-05-26 00:00:00+00:00
[2024-05-26T09:16:23.068+0000] {processor.py:183} INFO - Processing /usr/local/python/3.10.13/lib/python3.10/site-packages/airflow/example_dags/example_skip_dag.py took 0.079 seconds
[2024-05-26T09:17:03.179+0000] {processor.py:161} INFO - Started process (PID=42975) to work on /usr/local/python/3.10.13/lib/python3.10/site-packages/airflow/example_dags/example_skip_dag.py
[2024-05-26T09:17:03.180+0000] {processor.py:830} INFO - Processing file /usr/local/python/3.10.13/lib/python3.10/site-packages/airflow/example_dags/example_skip_dag.py for tasks to queue
[2024-05-26T09:17:03.181+0000] {logging_mixin.py:188} INFO - [2024-05-26T09:17:03.181+0000] {dagbag.py:545} INFO - Filling up the DagBag from /usr/local/python/3.10.13/lib/python3.10/site-packages/airflow/example_dags/example_skip_dag.py
[2024-05-26T09:17:03.186+0000] {processor.py:840} INFO - DAG(s) 'example_skip_dag' retrieved from /usr/local/python/3.10.13/lib/python3.10/site-packages/airflow/example_dags/example_skip_dag.py
[2024-05-26T09:17:03.200+0000] {logging_mixin.py:188} INFO - [2024-05-26T09:17:03.199+0000] {dag.py:3096} INFO - Sync 1 DAGs
[2024-05-26T09:17:03.214+0000] {logging_mixin.py:188} INFO - [2024-05-26T09:17:03.214+0000] {dag.py:3954} INFO - Setting next_dagrun for example_skip_dag to 2024-05-25 00:00:00+00:00, run_after=2024-05-26 00:00:00+00:00
[2024-05-26T09:17:03.260+0000] {processor.py:183} INFO - Processing /usr/local/python/3.10.13/lib/python3.10/site-packages/airflow/example_dags/example_skip_dag.py took 0.085 seconds
[2024-05-26T09:17:46.809+0000] {processor.py:161} INFO - Started process (PID=43290) to work on /usr/local/python/3.10.13/lib/python3.10/site-packages/airflow/example_dags/example_skip_dag.py
[2024-05-26T09:17:46.810+0000] {processor.py:830} INFO - Processing file /usr/local/python/3.10.13/lib/python3.10/site-packages/airflow/example_dags/example_skip_dag.py for tasks to queue
[2024-05-26T09:17:46.811+0000] {logging_mixin.py:188} INFO - [2024-05-26T09:17:46.811+0000] {dagbag.py:545} INFO - Filling up the DagBag from /usr/local/python/3.10.13/lib/python3.10/site-packages/airflow/example_dags/example_skip_dag.py
[2024-05-26T09:17:46.816+0000] {processor.py:840} INFO - DAG(s) 'example_skip_dag' retrieved from /usr/local/python/3.10.13/lib/python3.10/site-packages/airflow/example_dags/example_skip_dag.py
[2024-05-26T09:17:46.829+0000] {logging_mixin.py:188} INFO - [2024-05-26T09:17:46.828+0000] {dag.py:3096} INFO - Sync 1 DAGs
[2024-05-26T09:17:46.843+0000] {logging_mixin.py:188} INFO - [2024-05-26T09:17:46.843+0000] {dag.py:3954} INFO - Setting next_dagrun for example_skip_dag to 2024-05-25 00:00:00+00:00, run_after=2024-05-26 00:00:00+00:00
[2024-05-26T09:17:46.880+0000] {processor.py:183} INFO - Processing /usr/local/python/3.10.13/lib/python3.10/site-packages/airflow/example_dags/example_skip_dag.py took 0.076 seconds
[2024-05-26T09:18:30.474+0000] {processor.py:161} INFO - Started process (PID=43586) to work on /usr/local/python/3.10.13/lib/python3.10/site-packages/airflow/example_dags/example_skip_dag.py
[2024-05-26T09:18:30.475+0000] {processor.py:830} INFO - Processing file /usr/local/python/3.10.13/lib/python3.10/site-packages/airflow/example_dags/example_skip_dag.py for tasks to queue
[2024-05-26T09:18:30.476+0000] {logging_mixin.py:188} INFO - [2024-05-26T09:18:30.476+0000] {dagbag.py:545} INFO - Filling up the DagBag from /usr/local/python/3.10.13/lib/python3.10/site-packages/airflow/example_dags/example_skip_dag.py
[2024-05-26T09:18:30.482+0000] {processor.py:840} INFO - DAG(s) 'example_skip_dag' retrieved from /usr/local/python/3.10.13/lib/python3.10/site-packages/airflow/example_dags/example_skip_dag.py
[2024-05-26T09:18:30.494+0000] {logging_mixin.py:188} INFO - [2024-05-26T09:18:30.494+0000] {dag.py:3096} INFO - Sync 1 DAGs
[2024-05-26T09:18:30.509+0000] {logging_mixin.py:188} INFO - [2024-05-26T09:18:30.509+0000] {dag.py:3954} INFO - Setting next_dagrun for example_skip_dag to 2024-05-25 00:00:00+00:00, run_after=2024-05-26 00:00:00+00:00
[2024-05-26T09:18:30.555+0000] {processor.py:183} INFO - Processing /usr/local/python/3.10.13/lib/python3.10/site-packages/airflow/example_dags/example_skip_dag.py took 0.086 seconds
[2024-05-26T09:19:11.422+0000] {processor.py:161} INFO - Started process (PID=43930) to work on /usr/local/python/3.10.13/lib/python3.10/site-packages/airflow/example_dags/example_skip_dag.py
[2024-05-26T09:19:11.423+0000] {processor.py:830} INFO - Processing file /usr/local/python/3.10.13/lib/python3.10/site-packages/airflow/example_dags/example_skip_dag.py for tasks to queue
[2024-05-26T09:19:11.424+0000] {logging_mixin.py:188} INFO - [2024-05-26T09:19:11.424+0000] {dagbag.py:545} INFO - Filling up the DagBag from /usr/local/python/3.10.13/lib/python3.10/site-packages/airflow/example_dags/example_skip_dag.py
[2024-05-26T09:19:11.430+0000] {processor.py:840} INFO - DAG(s) 'example_skip_dag' retrieved from /usr/local/python/3.10.13/lib/python3.10/site-packages/airflow/example_dags/example_skip_dag.py
[2024-05-26T09:19:11.442+0000] {logging_mixin.py:188} INFO - [2024-05-26T09:19:11.442+0000] {dag.py:3096} INFO - Sync 1 DAGs
[2024-05-26T09:19:11.457+0000] {logging_mixin.py:188} INFO - [2024-05-26T09:19:11.457+0000] {dag.py:3954} INFO - Setting next_dagrun for example_skip_dag to 2024-05-25 00:00:00+00:00, run_after=2024-05-26 00:00:00+00:00
[2024-05-26T09:19:11.500+0000] {processor.py:183} INFO - Processing /usr/local/python/3.10.13/lib/python3.10/site-packages/airflow/example_dags/example_skip_dag.py took 0.082 seconds
[2024-05-26T09:19:54.980+0000] {processor.py:161} INFO - Started process (PID=44235) to work on /usr/local/python/3.10.13/lib/python3.10/site-packages/airflow/example_dags/example_skip_dag.py
[2024-05-26T09:19:54.981+0000] {processor.py:830} INFO - Processing file /usr/local/python/3.10.13/lib/python3.10/site-packages/airflow/example_dags/example_skip_dag.py for tasks to queue
[2024-05-26T09:19:54.982+0000] {logging_mixin.py:188} INFO - [2024-05-26T09:19:54.982+0000] {dagbag.py:545} INFO - Filling up the DagBag from /usr/local/python/3.10.13/lib/python3.10/site-packages/airflow/example_dags/example_skip_dag.py
[2024-05-26T09:19:54.988+0000] {processor.py:840} INFO - DAG(s) 'example_skip_dag' retrieved from /usr/local/python/3.10.13/lib/python3.10/site-packages/airflow/example_dags/example_skip_dag.py
[2024-05-26T09:19:55.001+0000] {logging_mixin.py:188} INFO - [2024-05-26T09:19:55.000+0000] {dag.py:3096} INFO - Sync 1 DAGs
[2024-05-26T09:19:55.015+0000] {logging_mixin.py:188} INFO - [2024-05-26T09:19:55.015+0000] {dag.py:3954} INFO - Setting next_dagrun for example_skip_dag to 2024-05-25 00:00:00+00:00, run_after=2024-05-26 00:00:00+00:00
[2024-05-26T09:19:55.053+0000] {processor.py:183} INFO - Processing /usr/local/python/3.10.13/lib/python3.10/site-packages/airflow/example_dags/example_skip_dag.py took 0.077 seconds
[2024-05-26T09:20:37.491+0000] {processor.py:161} INFO - Started process (PID=44532) to work on /usr/local/python/3.10.13/lib/python3.10/site-packages/airflow/example_dags/example_skip_dag.py
[2024-05-26T09:20:37.492+0000] {processor.py:830} INFO - Processing file /usr/local/python/3.10.13/lib/python3.10/site-packages/airflow/example_dags/example_skip_dag.py for tasks to queue
[2024-05-26T09:20:37.493+0000] {logging_mixin.py:188} INFO - [2024-05-26T09:20:37.493+0000] {dagbag.py:545} INFO - Filling up the DagBag from /usr/local/python/3.10.13/lib/python3.10/site-packages/airflow/example_dags/example_skip_dag.py
[2024-05-26T09:20:37.498+0000] {processor.py:840} INFO - DAG(s) 'example_skip_dag' retrieved from /usr/local/python/3.10.13/lib/python3.10/site-packages/airflow/example_dags/example_skip_dag.py
[2024-05-26T09:20:37.511+0000] {logging_mixin.py:188} INFO - [2024-05-26T09:20:37.510+0000] {dag.py:3096} INFO - Sync 1 DAGs
[2024-05-26T09:20:37.525+0000] {logging_mixin.py:188} INFO - [2024-05-26T09:20:37.525+0000] {dag.py:3954} INFO - Setting next_dagrun for example_skip_dag to 2024-05-25 00:00:00+00:00, run_after=2024-05-26 00:00:00+00:00
[2024-05-26T09:20:37.562+0000] {processor.py:183} INFO - Processing /usr/local/python/3.10.13/lib/python3.10/site-packages/airflow/example_dags/example_skip_dag.py took 0.076 seconds
[2024-05-26T09:21:17.669+0000] {processor.py:161} INFO - Started process (PID=44804) to work on /usr/local/python/3.10.13/lib/python3.10/site-packages/airflow/example_dags/example_skip_dag.py
[2024-05-26T09:21:17.670+0000] {processor.py:830} INFO - Processing file /usr/local/python/3.10.13/lib/python3.10/site-packages/airflow/example_dags/example_skip_dag.py for tasks to queue
[2024-05-26T09:21:17.671+0000] {logging_mixin.py:188} INFO - [2024-05-26T09:21:17.671+0000] {dagbag.py:545} INFO - Filling up the DagBag from /usr/local/python/3.10.13/lib/python3.10/site-packages/airflow/example_dags/example_skip_dag.py
[2024-05-26T09:21:17.678+0000] {processor.py:840} INFO - DAG(s) 'example_skip_dag' retrieved from /usr/local/python/3.10.13/lib/python3.10/site-packages/airflow/example_dags/example_skip_dag.py
[2024-05-26T09:21:17.690+0000] {logging_mixin.py:188} INFO - [2024-05-26T09:21:17.690+0000] {dag.py:3096} INFO - Sync 1 DAGs
[2024-05-26T09:21:17.706+0000] {logging_mixin.py:188} INFO - [2024-05-26T09:21:17.706+0000] {dag.py:3954} INFO - Setting next_dagrun for example_skip_dag to 2024-05-25 00:00:00+00:00, run_after=2024-05-26 00:00:00+00:00
[2024-05-26T09:21:17.745+0000] {processor.py:183} INFO - Processing /usr/local/python/3.10.13/lib/python3.10/site-packages/airflow/example_dags/example_skip_dag.py took 0.080 seconds
[2024-05-26T09:22:02.118+0000] {processor.py:161} INFO - Started process (PID=45129) to work on /usr/local/python/3.10.13/lib/python3.10/site-packages/airflow/example_dags/example_skip_dag.py
[2024-05-26T09:22:02.119+0000] {processor.py:830} INFO - Processing file /usr/local/python/3.10.13/lib/python3.10/site-packages/airflow/example_dags/example_skip_dag.py for tasks to queue
[2024-05-26T09:22:02.120+0000] {logging_mixin.py:188} INFO - [2024-05-26T09:22:02.120+0000] {dagbag.py:545} INFO - Filling up the DagBag from /usr/local/python/3.10.13/lib/python3.10/site-packages/airflow/example_dags/example_skip_dag.py
[2024-05-26T09:22:02.134+0000] {processor.py:840} INFO - DAG(s) 'example_skip_dag' retrieved from /usr/local/python/3.10.13/lib/python3.10/site-packages/airflow/example_dags/example_skip_dag.py
[2024-05-26T09:22:02.154+0000] {logging_mixin.py:188} INFO - [2024-05-26T09:22:02.153+0000] {dag.py:3096} INFO - Sync 1 DAGs
[2024-05-26T09:22:02.169+0000] {logging_mixin.py:188} INFO - [2024-05-26T09:22:02.169+0000] {dag.py:3954} INFO - Setting next_dagrun for example_skip_dag to 2024-05-25 00:00:00+00:00, run_after=2024-05-26 00:00:00+00:00
[2024-05-26T09:22:02.208+0000] {processor.py:183} INFO - Processing /usr/local/python/3.10.13/lib/python3.10/site-packages/airflow/example_dags/example_skip_dag.py took 0.094 seconds
[2024-05-26T09:22:49.913+0000] {processor.py:161} INFO - Started process (PID=45442) to work on /usr/local/python/3.10.13/lib/python3.10/site-packages/airflow/example_dags/example_skip_dag.py
[2024-05-26T09:22:49.914+0000] {processor.py:830} INFO - Processing file /usr/local/python/3.10.13/lib/python3.10/site-packages/airflow/example_dags/example_skip_dag.py for tasks to queue
[2024-05-26T09:22:49.915+0000] {logging_mixin.py:188} INFO - [2024-05-26T09:22:49.915+0000] {dagbag.py:545} INFO - Filling up the DagBag from /usr/local/python/3.10.13/lib/python3.10/site-packages/airflow/example_dags/example_skip_dag.py
[2024-05-26T09:22:49.920+0000] {processor.py:840} INFO - DAG(s) 'example_skip_dag' retrieved from /usr/local/python/3.10.13/lib/python3.10/site-packages/airflow/example_dags/example_skip_dag.py
[2024-05-26T09:22:49.933+0000] {logging_mixin.py:188} INFO - [2024-05-26T09:22:49.933+0000] {dag.py:3096} INFO - Sync 1 DAGs
[2024-05-26T09:22:49.948+0000] {logging_mixin.py:188} INFO - [2024-05-26T09:22:49.948+0000] {dag.py:3954} INFO - Setting next_dagrun for example_skip_dag to 2024-05-25 00:00:00+00:00, run_after=2024-05-26 00:00:00+00:00
[2024-05-26T09:22:49.986+0000] {processor.py:183} INFO - Processing /usr/local/python/3.10.13/lib/python3.10/site-packages/airflow/example_dags/example_skip_dag.py took 0.077 seconds
[2024-05-26T09:23:32.443+0000] {processor.py:161} INFO - Started process (PID=45754) to work on /usr/local/python/3.10.13/lib/python3.10/site-packages/airflow/example_dags/example_skip_dag.py
[2024-05-26T09:23:32.444+0000] {processor.py:830} INFO - Processing file /usr/local/python/3.10.13/lib/python3.10/site-packages/airflow/example_dags/example_skip_dag.py for tasks to queue
[2024-05-26T09:23:32.445+0000] {logging_mixin.py:188} INFO - [2024-05-26T09:23:32.445+0000] {dagbag.py:545} INFO - Filling up the DagBag from /usr/local/python/3.10.13/lib/python3.10/site-packages/airflow/example_dags/example_skip_dag.py
[2024-05-26T09:23:32.450+0000] {processor.py:840} INFO - DAG(s) 'example_skip_dag' retrieved from /usr/local/python/3.10.13/lib/python3.10/site-packages/airflow/example_dags/example_skip_dag.py
[2024-05-26T09:23:32.463+0000] {logging_mixin.py:188} INFO - [2024-05-26T09:23:32.463+0000] {dag.py:3096} INFO - Sync 1 DAGs
[2024-05-26T09:23:32.479+0000] {logging_mixin.py:188} INFO - [2024-05-26T09:23:32.479+0000] {dag.py:3954} INFO - Setting next_dagrun for example_skip_dag to 2024-05-25 00:00:00+00:00, run_after=2024-05-26 00:00:00+00:00
[2024-05-26T09:23:32.516+0000] {processor.py:183} INFO - Processing /usr/local/python/3.10.13/lib/python3.10/site-packages/airflow/example_dags/example_skip_dag.py took 0.078 seconds
[2024-05-26T09:24:14.518+0000] {processor.py:161} INFO - Started process (PID=46048) to work on /usr/local/python/3.10.13/lib/python3.10/site-packages/airflow/example_dags/example_skip_dag.py
[2024-05-26T09:24:14.519+0000] {processor.py:830} INFO - Processing file /usr/local/python/3.10.13/lib/python3.10/site-packages/airflow/example_dags/example_skip_dag.py for tasks to queue
[2024-05-26T09:24:14.520+0000] {logging_mixin.py:188} INFO - [2024-05-26T09:24:14.520+0000] {dagbag.py:545} INFO - Filling up the DagBag from /usr/local/python/3.10.13/lib/python3.10/site-packages/airflow/example_dags/example_skip_dag.py
[2024-05-26T09:24:14.526+0000] {processor.py:840} INFO - DAG(s) 'example_skip_dag' retrieved from /usr/local/python/3.10.13/lib/python3.10/site-packages/airflow/example_dags/example_skip_dag.py
[2024-05-26T09:24:14.538+0000] {logging_mixin.py:188} INFO - [2024-05-26T09:24:14.538+0000] {dag.py:3096} INFO - Sync 1 DAGs
[2024-05-26T09:24:14.554+0000] {logging_mixin.py:188} INFO - [2024-05-26T09:24:14.554+0000] {dag.py:3954} INFO - Setting next_dagrun for example_skip_dag to 2024-05-25 00:00:00+00:00, run_after=2024-05-26 00:00:00+00:00
[2024-05-26T09:24:14.593+0000] {processor.py:183} INFO - Processing /usr/local/python/3.10.13/lib/python3.10/site-packages/airflow/example_dags/example_skip_dag.py took 0.079 seconds
[2024-05-26T09:24:54.947+0000] {processor.py:161} INFO - Started process (PID=46323) to work on /usr/local/python/3.10.13/lib/python3.10/site-packages/airflow/example_dags/example_skip_dag.py
[2024-05-26T09:24:54.948+0000] {processor.py:830} INFO - Processing file /usr/local/python/3.10.13/lib/python3.10/site-packages/airflow/example_dags/example_skip_dag.py for tasks to queue
[2024-05-26T09:24:54.950+0000] {logging_mixin.py:188} INFO - [2024-05-26T09:24:54.950+0000] {dagbag.py:545} INFO - Filling up the DagBag from /usr/local/python/3.10.13/lib/python3.10/site-packages/airflow/example_dags/example_skip_dag.py
[2024-05-26T09:24:54.958+0000] {processor.py:840} INFO - DAG(s) 'example_skip_dag' retrieved from /usr/local/python/3.10.13/lib/python3.10/site-packages/airflow/example_dags/example_skip_dag.py
[2024-05-26T09:24:54.978+0000] {logging_mixin.py:188} INFO - [2024-05-26T09:24:54.978+0000] {dag.py:3096} INFO - Sync 1 DAGs
[2024-05-26T09:24:55.000+0000] {logging_mixin.py:188} INFO - [2024-05-26T09:24:54.999+0000] {dag.py:3954} INFO - Setting next_dagrun for example_skip_dag to 2024-05-25 00:00:00+00:00, run_after=2024-05-26 00:00:00+00:00
[2024-05-26T09:24:55.037+0000] {processor.py:183} INFO - Processing /usr/local/python/3.10.13/lib/python3.10/site-packages/airflow/example_dags/example_skip_dag.py took 0.097 seconds
[2024-05-26T09:25:35.689+0000] {processor.py:161} INFO - Started process (PID=46620) to work on /usr/local/python/3.10.13/lib/python3.10/site-packages/airflow/example_dags/example_skip_dag.py
[2024-05-26T09:25:35.690+0000] {processor.py:830} INFO - Processing file /usr/local/python/3.10.13/lib/python3.10/site-packages/airflow/example_dags/example_skip_dag.py for tasks to queue
[2024-05-26T09:25:35.691+0000] {logging_mixin.py:188} INFO - [2024-05-26T09:25:35.691+0000] {dagbag.py:545} INFO - Filling up the DagBag from /usr/local/python/3.10.13/lib/python3.10/site-packages/airflow/example_dags/example_skip_dag.py
[2024-05-26T09:25:35.696+0000] {processor.py:840} INFO - DAG(s) 'example_skip_dag' retrieved from /usr/local/python/3.10.13/lib/python3.10/site-packages/airflow/example_dags/example_skip_dag.py
[2024-05-26T09:25:35.709+0000] {logging_mixin.py:188} INFO - [2024-05-26T09:25:35.709+0000] {dag.py:3096} INFO - Sync 1 DAGs
[2024-05-26T09:25:35.724+0000] {logging_mixin.py:188} INFO - [2024-05-26T09:25:35.724+0000] {dag.py:3954} INFO - Setting next_dagrun for example_skip_dag to 2024-05-25 00:00:00+00:00, run_after=2024-05-26 00:00:00+00:00
[2024-05-26T09:25:35.760+0000] {processor.py:183} INFO - Processing /usr/local/python/3.10.13/lib/python3.10/site-packages/airflow/example_dags/example_skip_dag.py took 0.076 seconds
[2024-05-26T09:26:17.559+0000] {processor.py:161} INFO - Started process (PID=46929) to work on /usr/local/python/3.10.13/lib/python3.10/site-packages/airflow/example_dags/example_skip_dag.py
[2024-05-26T09:26:17.560+0000] {processor.py:830} INFO - Processing file /usr/local/python/3.10.13/lib/python3.10/site-packages/airflow/example_dags/example_skip_dag.py for tasks to queue
[2024-05-26T09:26:17.562+0000] {logging_mixin.py:188} INFO - [2024-05-26T09:26:17.561+0000] {dagbag.py:545} INFO - Filling up the DagBag from /usr/local/python/3.10.13/lib/python3.10/site-packages/airflow/example_dags/example_skip_dag.py
[2024-05-26T09:26:17.569+0000] {processor.py:840} INFO - DAG(s) 'example_skip_dag' retrieved from /usr/local/python/3.10.13/lib/python3.10/site-packages/airflow/example_dags/example_skip_dag.py
[2024-05-26T09:26:17.587+0000] {logging_mixin.py:188} INFO - [2024-05-26T09:26:17.587+0000] {dag.py:3096} INFO - Sync 1 DAGs
[2024-05-26T09:26:17.611+0000] {logging_mixin.py:188} INFO - [2024-05-26T09:26:17.611+0000] {dag.py:3954} INFO - Setting next_dagrun for example_skip_dag to 2024-05-25 00:00:00+00:00, run_after=2024-05-26 00:00:00+00:00
[2024-05-26T09:26:17.650+0000] {processor.py:183} INFO - Processing /usr/local/python/3.10.13/lib/python3.10/site-packages/airflow/example_dags/example_skip_dag.py took 0.095 seconds
[2024-05-26T09:26:59.433+0000] {processor.py:161} INFO - Started process (PID=47237) to work on /usr/local/python/3.10.13/lib/python3.10/site-packages/airflow/example_dags/example_skip_dag.py
[2024-05-26T09:26:59.433+0000] {processor.py:830} INFO - Processing file /usr/local/python/3.10.13/lib/python3.10/site-packages/airflow/example_dags/example_skip_dag.py for tasks to queue
[2024-05-26T09:26:59.435+0000] {logging_mixin.py:188} INFO - [2024-05-26T09:26:59.434+0000] {dagbag.py:545} INFO - Filling up the DagBag from /usr/local/python/3.10.13/lib/python3.10/site-packages/airflow/example_dags/example_skip_dag.py
[2024-05-26T09:26:59.440+0000] {processor.py:840} INFO - DAG(s) 'example_skip_dag' retrieved from /usr/local/python/3.10.13/lib/python3.10/site-packages/airflow/example_dags/example_skip_dag.py
[2024-05-26T09:26:59.452+0000] {logging_mixin.py:188} INFO - [2024-05-26T09:26:59.452+0000] {dag.py:3096} INFO - Sync 1 DAGs
[2024-05-26T09:26:59.467+0000] {logging_mixin.py:188} INFO - [2024-05-26T09:26:59.467+0000] {dag.py:3954} INFO - Setting next_dagrun for example_skip_dag to 2024-05-25 00:00:00+00:00, run_after=2024-05-26 00:00:00+00:00
[2024-05-26T09:26:59.503+0000] {processor.py:183} INFO - Processing /usr/local/python/3.10.13/lib/python3.10/site-packages/airflow/example_dags/example_skip_dag.py took 0.074 seconds
[2024-05-26T09:27:38.849+0000] {processor.py:161} INFO - Started process (PID=47518) to work on /usr/local/python/3.10.13/lib/python3.10/site-packages/airflow/example_dags/example_skip_dag.py
[2024-05-26T09:27:38.850+0000] {processor.py:830} INFO - Processing file /usr/local/python/3.10.13/lib/python3.10/site-packages/airflow/example_dags/example_skip_dag.py for tasks to queue
[2024-05-26T09:27:38.851+0000] {logging_mixin.py:188} INFO - [2024-05-26T09:27:38.851+0000] {dagbag.py:545} INFO - Filling up the DagBag from /usr/local/python/3.10.13/lib/python3.10/site-packages/airflow/example_dags/example_skip_dag.py
[2024-05-26T09:27:38.856+0000] {processor.py:840} INFO - DAG(s) 'example_skip_dag' retrieved from /usr/local/python/3.10.13/lib/python3.10/site-packages/airflow/example_dags/example_skip_dag.py
[2024-05-26T09:27:38.868+0000] {logging_mixin.py:188} INFO - [2024-05-26T09:27:38.868+0000] {dag.py:3096} INFO - Sync 1 DAGs
[2024-05-26T09:27:38.883+0000] {logging_mixin.py:188} INFO - [2024-05-26T09:27:38.883+0000] {dag.py:3954} INFO - Setting next_dagrun for example_skip_dag to 2024-05-25 00:00:00+00:00, run_after=2024-05-26 00:00:00+00:00
[2024-05-26T09:27:38.921+0000] {processor.py:183} INFO - Processing /usr/local/python/3.10.13/lib/python3.10/site-packages/airflow/example_dags/example_skip_dag.py took 0.077 seconds
[2024-05-26T09:28:21.727+0000] {processor.py:161} INFO - Started process (PID=47812) to work on /usr/local/python/3.10.13/lib/python3.10/site-packages/airflow/example_dags/example_skip_dag.py
[2024-05-26T09:28:21.728+0000] {processor.py:830} INFO - Processing file /usr/local/python/3.10.13/lib/python3.10/site-packages/airflow/example_dags/example_skip_dag.py for tasks to queue
[2024-05-26T09:28:21.729+0000] {logging_mixin.py:188} INFO - [2024-05-26T09:28:21.729+0000] {dagbag.py:545} INFO - Filling up the DagBag from /usr/local/python/3.10.13/lib/python3.10/site-packages/airflow/example_dags/example_skip_dag.py
[2024-05-26T09:28:21.735+0000] {processor.py:840} INFO - DAG(s) 'example_skip_dag' retrieved from /usr/local/python/3.10.13/lib/python3.10/site-packages/airflow/example_dags/example_skip_dag.py
[2024-05-26T09:28:21.747+0000] {logging_mixin.py:188} INFO - [2024-05-26T09:28:21.747+0000] {dag.py:3096} INFO - Sync 1 DAGs
[2024-05-26T09:28:21.762+0000] {logging_mixin.py:188} INFO - [2024-05-26T09:28:21.762+0000] {dag.py:3954} INFO - Setting next_dagrun for example_skip_dag to 2024-05-25 00:00:00+00:00, run_after=2024-05-26 00:00:00+00:00
[2024-05-26T09:28:21.798+0000] {processor.py:183} INFO - Processing /usr/local/python/3.10.13/lib/python3.10/site-packages/airflow/example_dags/example_skip_dag.py took 0.075 seconds
[2024-05-26T09:29:01.902+0000] {processor.py:161} INFO - Started process (PID=48092) to work on /usr/local/python/3.10.13/lib/python3.10/site-packages/airflow/example_dags/example_skip_dag.py
[2024-05-26T09:29:01.903+0000] {processor.py:830} INFO - Processing file /usr/local/python/3.10.13/lib/python3.10/site-packages/airflow/example_dags/example_skip_dag.py for tasks to queue
[2024-05-26T09:29:01.904+0000] {logging_mixin.py:188} INFO - [2024-05-26T09:29:01.904+0000] {dagbag.py:545} INFO - Filling up the DagBag from /usr/local/python/3.10.13/lib/python3.10/site-packages/airflow/example_dags/example_skip_dag.py
[2024-05-26T09:29:01.910+0000] {processor.py:840} INFO - DAG(s) 'example_skip_dag' retrieved from /usr/local/python/3.10.13/lib/python3.10/site-packages/airflow/example_dags/example_skip_dag.py
[2024-05-26T09:29:01.924+0000] {logging_mixin.py:188} INFO - [2024-05-26T09:29:01.923+0000] {dag.py:3096} INFO - Sync 1 DAGs
[2024-05-26T09:29:01.939+0000] {logging_mixin.py:188} INFO - [2024-05-26T09:29:01.939+0000] {dag.py:3954} INFO - Setting next_dagrun for example_skip_dag to 2024-05-25 00:00:00+00:00, run_after=2024-05-26 00:00:00+00:00
[2024-05-26T09:29:01.979+0000] {processor.py:183} INFO - Processing /usr/local/python/3.10.13/lib/python3.10/site-packages/airflow/example_dags/example_skip_dag.py took 0.081 seconds
[2024-05-26T09:29:44.386+0000] {processor.py:161} INFO - Started process (PID=48379) to work on /usr/local/python/3.10.13/lib/python3.10/site-packages/airflow/example_dags/example_skip_dag.py
[2024-05-26T09:29:44.387+0000] {processor.py:830} INFO - Processing file /usr/local/python/3.10.13/lib/python3.10/site-packages/airflow/example_dags/example_skip_dag.py for tasks to queue
[2024-05-26T09:29:44.389+0000] {logging_mixin.py:188} INFO - [2024-05-26T09:29:44.388+0000] {dagbag.py:545} INFO - Filling up the DagBag from /usr/local/python/3.10.13/lib/python3.10/site-packages/airflow/example_dags/example_skip_dag.py
[2024-05-26T09:29:44.394+0000] {processor.py:840} INFO - DAG(s) 'example_skip_dag' retrieved from /usr/local/python/3.10.13/lib/python3.10/site-packages/airflow/example_dags/example_skip_dag.py
[2024-05-26T09:29:44.407+0000] {logging_mixin.py:188} INFO - [2024-05-26T09:29:44.406+0000] {dag.py:3096} INFO - Sync 1 DAGs
[2024-05-26T09:29:44.422+0000] {logging_mixin.py:188} INFO - [2024-05-26T09:29:44.422+0000] {dag.py:3954} INFO - Setting next_dagrun for example_skip_dag to 2024-05-25 00:00:00+00:00, run_after=2024-05-26 00:00:00+00:00
[2024-05-26T09:29:44.458+0000] {processor.py:183} INFO - Processing /usr/local/python/3.10.13/lib/python3.10/site-packages/airflow/example_dags/example_skip_dag.py took 0.076 seconds
[2024-05-26T09:30:24.025+0000] {processor.py:161} INFO - Started process (PID=48661) to work on /usr/local/python/3.10.13/lib/python3.10/site-packages/airflow/example_dags/example_skip_dag.py
[2024-05-26T09:30:24.025+0000] {processor.py:830} INFO - Processing file /usr/local/python/3.10.13/lib/python3.10/site-packages/airflow/example_dags/example_skip_dag.py for tasks to queue
[2024-05-26T09:30:24.027+0000] {logging_mixin.py:188} INFO - [2024-05-26T09:30:24.026+0000] {dagbag.py:545} INFO - Filling up the DagBag from /usr/local/python/3.10.13/lib/python3.10/site-packages/airflow/example_dags/example_skip_dag.py
[2024-05-26T09:30:24.032+0000] {processor.py:840} INFO - DAG(s) 'example_skip_dag' retrieved from /usr/local/python/3.10.13/lib/python3.10/site-packages/airflow/example_dags/example_skip_dag.py
[2024-05-26T09:30:24.044+0000] {logging_mixin.py:188} INFO - [2024-05-26T09:30:24.044+0000] {dag.py:3096} INFO - Sync 1 DAGs
[2024-05-26T09:30:24.060+0000] {logging_mixin.py:188} INFO - [2024-05-26T09:30:24.060+0000] {dag.py:3954} INFO - Setting next_dagrun for example_skip_dag to 2024-05-25 00:00:00+00:00, run_after=2024-05-26 00:00:00+00:00
[2024-05-26T09:30:24.096+0000] {processor.py:183} INFO - Processing /usr/local/python/3.10.13/lib/python3.10/site-packages/airflow/example_dags/example_skip_dag.py took 0.076 seconds
[2024-05-26T09:31:02.640+0000] {processor.py:161} INFO - Started process (PID=48927) to work on /usr/local/python/3.10.13/lib/python3.10/site-packages/airflow/example_dags/example_skip_dag.py
[2024-05-26T09:31:02.640+0000] {processor.py:830} INFO - Processing file /usr/local/python/3.10.13/lib/python3.10/site-packages/airflow/example_dags/example_skip_dag.py for tasks to queue
[2024-05-26T09:31:02.642+0000] {logging_mixin.py:188} INFO - [2024-05-26T09:31:02.641+0000] {dagbag.py:545} INFO - Filling up the DagBag from /usr/local/python/3.10.13/lib/python3.10/site-packages/airflow/example_dags/example_skip_dag.py
[2024-05-26T09:31:02.647+0000] {processor.py:840} INFO - DAG(s) 'example_skip_dag' retrieved from /usr/local/python/3.10.13/lib/python3.10/site-packages/airflow/example_dags/example_skip_dag.py
[2024-05-26T09:31:02.659+0000] {logging_mixin.py:188} INFO - [2024-05-26T09:31:02.659+0000] {dag.py:3096} INFO - Sync 1 DAGs
[2024-05-26T09:31:02.674+0000] {logging_mixin.py:188} INFO - [2024-05-26T09:31:02.674+0000] {dag.py:3954} INFO - Setting next_dagrun for example_skip_dag to 2024-05-25 00:00:00+00:00, run_after=2024-05-26 00:00:00+00:00
[2024-05-26T09:31:02.710+0000] {processor.py:183} INFO - Processing /usr/local/python/3.10.13/lib/python3.10/site-packages/airflow/example_dags/example_skip_dag.py took 0.075 seconds
[2024-05-26T09:31:44.418+0000] {processor.py:161} INFO - Started process (PID=49219) to work on /usr/local/python/3.10.13/lib/python3.10/site-packages/airflow/example_dags/example_skip_dag.py
[2024-05-26T09:31:44.419+0000] {processor.py:830} INFO - Processing file /usr/local/python/3.10.13/lib/python3.10/site-packages/airflow/example_dags/example_skip_dag.py for tasks to queue
[2024-05-26T09:31:44.420+0000] {logging_mixin.py:188} INFO - [2024-05-26T09:31:44.420+0000] {dagbag.py:545} INFO - Filling up the DagBag from /usr/local/python/3.10.13/lib/python3.10/site-packages/airflow/example_dags/example_skip_dag.py
[2024-05-26T09:31:44.426+0000] {processor.py:840} INFO - DAG(s) 'example_skip_dag' retrieved from /usr/local/python/3.10.13/lib/python3.10/site-packages/airflow/example_dags/example_skip_dag.py
[2024-05-26T09:31:44.438+0000] {logging_mixin.py:188} INFO - [2024-05-26T09:31:44.438+0000] {dag.py:3096} INFO - Sync 1 DAGs
[2024-05-26T09:31:44.453+0000] {logging_mixin.py:188} INFO - [2024-05-26T09:31:44.453+0000] {dag.py:3954} INFO - Setting next_dagrun for example_skip_dag to 2024-05-25 00:00:00+00:00, run_after=2024-05-26 00:00:00+00:00
[2024-05-26T09:31:44.491+0000] {processor.py:183} INFO - Processing /usr/local/python/3.10.13/lib/python3.10/site-packages/airflow/example_dags/example_skip_dag.py took 0.077 seconds
[2024-05-26T09:32:29.645+0000] {processor.py:161} INFO - Started process (PID=49525) to work on /usr/local/python/3.10.13/lib/python3.10/site-packages/airflow/example_dags/example_skip_dag.py
[2024-05-26T09:32:29.646+0000] {processor.py:830} INFO - Processing file /usr/local/python/3.10.13/lib/python3.10/site-packages/airflow/example_dags/example_skip_dag.py for tasks to queue
[2024-05-26T09:32:29.647+0000] {logging_mixin.py:188} INFO - [2024-05-26T09:32:29.647+0000] {dagbag.py:545} INFO - Filling up the DagBag from /usr/local/python/3.10.13/lib/python3.10/site-packages/airflow/example_dags/example_skip_dag.py
[2024-05-26T09:32:29.652+0000] {processor.py:840} INFO - DAG(s) 'example_skip_dag' retrieved from /usr/local/python/3.10.13/lib/python3.10/site-packages/airflow/example_dags/example_skip_dag.py
[2024-05-26T09:32:29.665+0000] {logging_mixin.py:188} INFO - [2024-05-26T09:32:29.664+0000] {dag.py:3096} INFO - Sync 1 DAGs
[2024-05-26T09:32:29.679+0000] {logging_mixin.py:188} INFO - [2024-05-26T09:32:29.679+0000] {dag.py:3954} INFO - Setting next_dagrun for example_skip_dag to 2024-05-25 00:00:00+00:00, run_after=2024-05-26 00:00:00+00:00
[2024-05-26T09:32:29.716+0000] {processor.py:183} INFO - Processing /usr/local/python/3.10.13/lib/python3.10/site-packages/airflow/example_dags/example_skip_dag.py took 0.075 seconds
[2024-05-26T09:33:08.668+0000] {processor.py:161} INFO - Started process (PID=49809) to work on /usr/local/python/3.10.13/lib/python3.10/site-packages/airflow/example_dags/example_skip_dag.py
[2024-05-26T09:33:08.668+0000] {processor.py:830} INFO - Processing file /usr/local/python/3.10.13/lib/python3.10/site-packages/airflow/example_dags/example_skip_dag.py for tasks to queue
[2024-05-26T09:33:08.670+0000] {logging_mixin.py:188} INFO - [2024-05-26T09:33:08.669+0000] {dagbag.py:545} INFO - Filling up the DagBag from /usr/local/python/3.10.13/lib/python3.10/site-packages/airflow/example_dags/example_skip_dag.py
[2024-05-26T09:33:08.675+0000] {processor.py:840} INFO - DAG(s) 'example_skip_dag' retrieved from /usr/local/python/3.10.13/lib/python3.10/site-packages/airflow/example_dags/example_skip_dag.py
[2024-05-26T09:33:08.687+0000] {logging_mixin.py:188} INFO - [2024-05-26T09:33:08.687+0000] {dag.py:3096} INFO - Sync 1 DAGs
[2024-05-26T09:33:08.702+0000] {logging_mixin.py:188} INFO - [2024-05-26T09:33:08.702+0000] {dag.py:3954} INFO - Setting next_dagrun for example_skip_dag to 2024-05-25 00:00:00+00:00, run_after=2024-05-26 00:00:00+00:00
[2024-05-26T09:33:08.743+0000] {processor.py:183} INFO - Processing /usr/local/python/3.10.13/lib/python3.10/site-packages/airflow/example_dags/example_skip_dag.py took 0.080 seconds
[2024-05-26T09:33:46.866+0000] {processor.py:161} INFO - Started process (PID=50083) to work on /usr/local/python/3.10.13/lib/python3.10/site-packages/airflow/example_dags/example_skip_dag.py
[2024-05-26T09:33:46.867+0000] {processor.py:830} INFO - Processing file /usr/local/python/3.10.13/lib/python3.10/site-packages/airflow/example_dags/example_skip_dag.py for tasks to queue
[2024-05-26T09:33:46.871+0000] {logging_mixin.py:188} INFO - [2024-05-26T09:33:46.870+0000] {dagbag.py:545} INFO - Filling up the DagBag from /usr/local/python/3.10.13/lib/python3.10/site-packages/airflow/example_dags/example_skip_dag.py
[2024-05-26T09:33:46.877+0000] {processor.py:840} INFO - DAG(s) 'example_skip_dag' retrieved from /usr/local/python/3.10.13/lib/python3.10/site-packages/airflow/example_dags/example_skip_dag.py
[2024-05-26T09:33:46.890+0000] {logging_mixin.py:188} INFO - [2024-05-26T09:33:46.890+0000] {dag.py:3096} INFO - Sync 1 DAGs
[2024-05-26T09:33:46.910+0000] {logging_mixin.py:188} INFO - [2024-05-26T09:33:46.910+0000] {dag.py:3954} INFO - Setting next_dagrun for example_skip_dag to 2024-05-25 00:00:00+00:00, run_after=2024-05-26 00:00:00+00:00
[2024-05-26T09:33:46.946+0000] {processor.py:183} INFO - Processing /usr/local/python/3.10.13/lib/python3.10/site-packages/airflow/example_dags/example_skip_dag.py took 0.087 seconds
[2024-05-26T09:34:29.882+0000] {processor.py:161} INFO - Started process (PID=50380) to work on /usr/local/python/3.10.13/lib/python3.10/site-packages/airflow/example_dags/example_skip_dag.py
[2024-05-26T09:34:29.883+0000] {processor.py:830} INFO - Processing file /usr/local/python/3.10.13/lib/python3.10/site-packages/airflow/example_dags/example_skip_dag.py for tasks to queue
[2024-05-26T09:34:29.884+0000] {logging_mixin.py:188} INFO - [2024-05-26T09:34:29.884+0000] {dagbag.py:545} INFO - Filling up the DagBag from /usr/local/python/3.10.13/lib/python3.10/site-packages/airflow/example_dags/example_skip_dag.py
[2024-05-26T09:34:29.889+0000] {processor.py:840} INFO - DAG(s) 'example_skip_dag' retrieved from /usr/local/python/3.10.13/lib/python3.10/site-packages/airflow/example_dags/example_skip_dag.py
[2024-05-26T09:34:29.902+0000] {logging_mixin.py:188} INFO - [2024-05-26T09:34:29.902+0000] {dag.py:3096} INFO - Sync 1 DAGs
[2024-05-26T09:34:29.917+0000] {logging_mixin.py:188} INFO - [2024-05-26T09:34:29.917+0000] {dag.py:3954} INFO - Setting next_dagrun for example_skip_dag to 2024-05-25 00:00:00+00:00, run_after=2024-05-26 00:00:00+00:00
[2024-05-26T09:34:29.953+0000] {processor.py:183} INFO - Processing /usr/local/python/3.10.13/lib/python3.10/site-packages/airflow/example_dags/example_skip_dag.py took 0.076 seconds
[2024-05-26T09:35:05.884+0000] {processor.py:161} INFO - Started process (PID=50643) to work on /usr/local/python/3.10.13/lib/python3.10/site-packages/airflow/example_dags/example_skip_dag.py
[2024-05-26T09:35:05.885+0000] {processor.py:830} INFO - Processing file /usr/local/python/3.10.13/lib/python3.10/site-packages/airflow/example_dags/example_skip_dag.py for tasks to queue
[2024-05-26T09:35:05.886+0000] {logging_mixin.py:188} INFO - [2024-05-26T09:35:05.885+0000] {dagbag.py:545} INFO - Filling up the DagBag from /usr/local/python/3.10.13/lib/python3.10/site-packages/airflow/example_dags/example_skip_dag.py
[2024-05-26T09:35:05.891+0000] {processor.py:840} INFO - DAG(s) 'example_skip_dag' retrieved from /usr/local/python/3.10.13/lib/python3.10/site-packages/airflow/example_dags/example_skip_dag.py
[2024-05-26T09:35:05.903+0000] {logging_mixin.py:188} INFO - [2024-05-26T09:35:05.903+0000] {dag.py:3096} INFO - Sync 1 DAGs
[2024-05-26T09:35:05.919+0000] {logging_mixin.py:188} INFO - [2024-05-26T09:35:05.919+0000] {dag.py:3954} INFO - Setting next_dagrun for example_skip_dag to 2024-05-25 00:00:00+00:00, run_after=2024-05-26 00:00:00+00:00
[2024-05-26T09:35:05.957+0000] {processor.py:183} INFO - Processing /usr/local/python/3.10.13/lib/python3.10/site-packages/airflow/example_dags/example_skip_dag.py took 0.077 seconds
[2024-05-26T09:35:46.852+0000] {processor.py:161} INFO - Started process (PID=50936) to work on /usr/local/python/3.10.13/lib/python3.10/site-packages/airflow/example_dags/example_skip_dag.py
[2024-05-26T09:35:46.853+0000] {processor.py:830} INFO - Processing file /usr/local/python/3.10.13/lib/python3.10/site-packages/airflow/example_dags/example_skip_dag.py for tasks to queue
[2024-05-26T09:35:46.854+0000] {logging_mixin.py:188} INFO - [2024-05-26T09:35:46.854+0000] {dagbag.py:545} INFO - Filling up the DagBag from /usr/local/python/3.10.13/lib/python3.10/site-packages/airflow/example_dags/example_skip_dag.py
[2024-05-26T09:35:46.859+0000] {processor.py:840} INFO - DAG(s) 'example_skip_dag' retrieved from /usr/local/python/3.10.13/lib/python3.10/site-packages/airflow/example_dags/example_skip_dag.py
[2024-05-26T09:35:46.872+0000] {logging_mixin.py:188} INFO - [2024-05-26T09:35:46.872+0000] {dag.py:3096} INFO - Sync 1 DAGs
[2024-05-26T09:35:46.887+0000] {logging_mixin.py:188} INFO - [2024-05-26T09:35:46.887+0000] {dag.py:3954} INFO - Setting next_dagrun for example_skip_dag to 2024-05-25 00:00:00+00:00, run_after=2024-05-26 00:00:00+00:00
[2024-05-26T09:35:46.923+0000] {processor.py:183} INFO - Processing /usr/local/python/3.10.13/lib/python3.10/site-packages/airflow/example_dags/example_skip_dag.py took 0.075 seconds
[2024-05-26T09:36:25.332+0000] {processor.py:161} INFO - Started process (PID=51211) to work on /usr/local/python/3.10.13/lib/python3.10/site-packages/airflow/example_dags/example_skip_dag.py
[2024-05-26T09:36:25.332+0000] {processor.py:830} INFO - Processing file /usr/local/python/3.10.13/lib/python3.10/site-packages/airflow/example_dags/example_skip_dag.py for tasks to queue
[2024-05-26T09:36:25.334+0000] {logging_mixin.py:188} INFO - [2024-05-26T09:36:25.333+0000] {dagbag.py:545} INFO - Filling up the DagBag from /usr/local/python/3.10.13/lib/python3.10/site-packages/airflow/example_dags/example_skip_dag.py
[2024-05-26T09:36:25.339+0000] {processor.py:840} INFO - DAG(s) 'example_skip_dag' retrieved from /usr/local/python/3.10.13/lib/python3.10/site-packages/airflow/example_dags/example_skip_dag.py
[2024-05-26T09:36:25.352+0000] {logging_mixin.py:188} INFO - [2024-05-26T09:36:25.351+0000] {dag.py:3096} INFO - Sync 1 DAGs
[2024-05-26T09:36:25.367+0000] {logging_mixin.py:188} INFO - [2024-05-26T09:36:25.367+0000] {dag.py:3954} INFO - Setting next_dagrun for example_skip_dag to 2024-05-25 00:00:00+00:00, run_after=2024-05-26 00:00:00+00:00
[2024-05-26T09:36:25.403+0000] {processor.py:183} INFO - Processing /usr/local/python/3.10.13/lib/python3.10/site-packages/airflow/example_dags/example_skip_dag.py took 0.076 seconds
[2024-05-26T09:37:09.956+0000] {processor.py:161} INFO - Started process (PID=51504) to work on /usr/local/python/3.10.13/lib/python3.10/site-packages/airflow/example_dags/example_skip_dag.py
[2024-05-26T09:37:09.956+0000] {processor.py:830} INFO - Processing file /usr/local/python/3.10.13/lib/python3.10/site-packages/airflow/example_dags/example_skip_dag.py for tasks to queue
[2024-05-26T09:37:09.958+0000] {logging_mixin.py:188} INFO - [2024-05-26T09:37:09.957+0000] {dagbag.py:545} INFO - Filling up the DagBag from /usr/local/python/3.10.13/lib/python3.10/site-packages/airflow/example_dags/example_skip_dag.py
[2024-05-26T09:37:09.964+0000] {processor.py:840} INFO - DAG(s) 'example_skip_dag' retrieved from /usr/local/python/3.10.13/lib/python3.10/site-packages/airflow/example_dags/example_skip_dag.py
[2024-05-26T09:37:09.977+0000] {logging_mixin.py:188} INFO - [2024-05-26T09:37:09.976+0000] {dag.py:3096} INFO - Sync 1 DAGs
[2024-05-26T09:37:09.991+0000] {logging_mixin.py:188} INFO - [2024-05-26T09:37:09.991+0000] {dag.py:3954} INFO - Setting next_dagrun for example_skip_dag to 2024-05-25 00:00:00+00:00, run_after=2024-05-26 00:00:00+00:00
[2024-05-26T09:37:10.028+0000] {processor.py:183} INFO - Processing /usr/local/python/3.10.13/lib/python3.10/site-packages/airflow/example_dags/example_skip_dag.py took 0.078 seconds
[2024-05-26T09:37:53.437+0000] {processor.py:161} INFO - Started process (PID=51803) to work on /usr/local/python/3.10.13/lib/python3.10/site-packages/airflow/example_dags/example_skip_dag.py
[2024-05-26T09:37:53.438+0000] {processor.py:830} INFO - Processing file /usr/local/python/3.10.13/lib/python3.10/site-packages/airflow/example_dags/example_skip_dag.py for tasks to queue
[2024-05-26T09:37:53.439+0000] {logging_mixin.py:188} INFO - [2024-05-26T09:37:53.439+0000] {dagbag.py:545} INFO - Filling up the DagBag from /usr/local/python/3.10.13/lib/python3.10/site-packages/airflow/example_dags/example_skip_dag.py
[2024-05-26T09:37:53.444+0000] {processor.py:840} INFO - DAG(s) 'example_skip_dag' retrieved from /usr/local/python/3.10.13/lib/python3.10/site-packages/airflow/example_dags/example_skip_dag.py
[2024-05-26T09:37:53.456+0000] {logging_mixin.py:188} INFO - [2024-05-26T09:37:53.456+0000] {dag.py:3096} INFO - Sync 1 DAGs
[2024-05-26T09:37:53.471+0000] {logging_mixin.py:188} INFO - [2024-05-26T09:37:53.471+0000] {dag.py:3954} INFO - Setting next_dagrun for example_skip_dag to 2024-05-25 00:00:00+00:00, run_after=2024-05-26 00:00:00+00:00
[2024-05-26T09:37:53.507+0000] {processor.py:183} INFO - Processing /usr/local/python/3.10.13/lib/python3.10/site-packages/airflow/example_dags/example_skip_dag.py took 0.075 seconds
[2024-05-26T09:38:32.681+0000] {processor.py:161} INFO - Started process (PID=52080) to work on /usr/local/python/3.10.13/lib/python3.10/site-packages/airflow/example_dags/example_skip_dag.py
[2024-05-26T09:38:32.682+0000] {processor.py:830} INFO - Processing file /usr/local/python/3.10.13/lib/python3.10/site-packages/airflow/example_dags/example_skip_dag.py for tasks to queue
[2024-05-26T09:38:32.683+0000] {logging_mixin.py:188} INFO - [2024-05-26T09:38:32.682+0000] {dagbag.py:545} INFO - Filling up the DagBag from /usr/local/python/3.10.13/lib/python3.10/site-packages/airflow/example_dags/example_skip_dag.py
[2024-05-26T09:38:32.688+0000] {processor.py:840} INFO - DAG(s) 'example_skip_dag' retrieved from /usr/local/python/3.10.13/lib/python3.10/site-packages/airflow/example_dags/example_skip_dag.py
[2024-05-26T09:38:32.701+0000] {logging_mixin.py:188} INFO - [2024-05-26T09:38:32.700+0000] {dag.py:3096} INFO - Sync 1 DAGs
[2024-05-26T09:38:32.715+0000] {logging_mixin.py:188} INFO - [2024-05-26T09:38:32.715+0000] {dag.py:3954} INFO - Setting next_dagrun for example_skip_dag to 2024-05-25 00:00:00+00:00, run_after=2024-05-26 00:00:00+00:00
[2024-05-26T09:38:32.751+0000] {processor.py:183} INFO - Processing /usr/local/python/3.10.13/lib/python3.10/site-packages/airflow/example_dags/example_skip_dag.py took 0.076 seconds
[2024-05-26T09:39:09.332+0000] {processor.py:161} INFO - Started process (PID=52342) to work on /usr/local/python/3.10.13/lib/python3.10/site-packages/airflow/example_dags/example_skip_dag.py
[2024-05-26T09:39:09.332+0000] {processor.py:830} INFO - Processing file /usr/local/python/3.10.13/lib/python3.10/site-packages/airflow/example_dags/example_skip_dag.py for tasks to queue
[2024-05-26T09:39:09.334+0000] {logging_mixin.py:188} INFO - [2024-05-26T09:39:09.333+0000] {dagbag.py:545} INFO - Filling up the DagBag from /usr/local/python/3.10.13/lib/python3.10/site-packages/airflow/example_dags/example_skip_dag.py
[2024-05-26T09:39:09.339+0000] {processor.py:840} INFO - DAG(s) 'example_skip_dag' retrieved from /usr/local/python/3.10.13/lib/python3.10/site-packages/airflow/example_dags/example_skip_dag.py
[2024-05-26T09:39:09.352+0000] {logging_mixin.py:188} INFO - [2024-05-26T09:39:09.352+0000] {dag.py:3096} INFO - Sync 1 DAGs
[2024-05-26T09:39:09.367+0000] {logging_mixin.py:188} INFO - [2024-05-26T09:39:09.367+0000] {dag.py:3954} INFO - Setting next_dagrun for example_skip_dag to 2024-05-25 00:00:00+00:00, run_after=2024-05-26 00:00:00+00:00
[2024-05-26T09:39:09.412+0000] {processor.py:183} INFO - Processing /usr/local/python/3.10.13/lib/python3.10/site-packages/airflow/example_dags/example_skip_dag.py took 0.084 seconds
[2024-05-26T09:39:50.947+0000] {processor.py:161} INFO - Started process (PID=52634) to work on /usr/local/python/3.10.13/lib/python3.10/site-packages/airflow/example_dags/example_skip_dag.py
[2024-05-26T09:39:50.947+0000] {processor.py:830} INFO - Processing file /usr/local/python/3.10.13/lib/python3.10/site-packages/airflow/example_dags/example_skip_dag.py for tasks to queue
[2024-05-26T09:39:50.949+0000] {logging_mixin.py:188} INFO - [2024-05-26T09:39:50.949+0000] {dagbag.py:545} INFO - Filling up the DagBag from /usr/local/python/3.10.13/lib/python3.10/site-packages/airflow/example_dags/example_skip_dag.py
[2024-05-26T09:39:50.954+0000] {processor.py:840} INFO - DAG(s) 'example_skip_dag' retrieved from /usr/local/python/3.10.13/lib/python3.10/site-packages/airflow/example_dags/example_skip_dag.py
[2024-05-26T09:39:50.967+0000] {logging_mixin.py:188} INFO - [2024-05-26T09:39:50.967+0000] {dag.py:3096} INFO - Sync 1 DAGs
[2024-05-26T09:39:50.982+0000] {logging_mixin.py:188} INFO - [2024-05-26T09:39:50.982+0000] {dag.py:3954} INFO - Setting next_dagrun for example_skip_dag to 2024-05-25 00:00:00+00:00, run_after=2024-05-26 00:00:00+00:00
[2024-05-26T09:39:51.019+0000] {processor.py:183} INFO - Processing /usr/local/python/3.10.13/lib/python3.10/site-packages/airflow/example_dags/example_skip_dag.py took 0.079 seconds
[2024-05-26T09:40:34.445+0000] {processor.py:161} INFO - Started process (PID=52933) to work on /usr/local/python/3.10.13/lib/python3.10/site-packages/airflow/example_dags/example_skip_dag.py
[2024-05-26T09:40:34.446+0000] {processor.py:830} INFO - Processing file /usr/local/python/3.10.13/lib/python3.10/site-packages/airflow/example_dags/example_skip_dag.py for tasks to queue
[2024-05-26T09:40:34.447+0000] {logging_mixin.py:188} INFO - [2024-05-26T09:40:34.447+0000] {dagbag.py:545} INFO - Filling up the DagBag from /usr/local/python/3.10.13/lib/python3.10/site-packages/airflow/example_dags/example_skip_dag.py
[2024-05-26T09:40:34.452+0000] {processor.py:840} INFO - DAG(s) 'example_skip_dag' retrieved from /usr/local/python/3.10.13/lib/python3.10/site-packages/airflow/example_dags/example_skip_dag.py
[2024-05-26T09:40:34.465+0000] {logging_mixin.py:188} INFO - [2024-05-26T09:40:34.465+0000] {dag.py:3096} INFO - Sync 1 DAGs
[2024-05-26T09:40:34.480+0000] {logging_mixin.py:188} INFO - [2024-05-26T09:40:34.480+0000] {dag.py:3954} INFO - Setting next_dagrun for example_skip_dag to 2024-05-25 00:00:00+00:00, run_after=2024-05-26 00:00:00+00:00
[2024-05-26T09:40:34.518+0000] {processor.py:183} INFO - Processing /usr/local/python/3.10.13/lib/python3.10/site-packages/airflow/example_dags/example_skip_dag.py took 0.078 seconds
[2024-05-26T09:41:14.457+0000] {processor.py:161} INFO - Started process (PID=53206) to work on /usr/local/python/3.10.13/lib/python3.10/site-packages/airflow/example_dags/example_skip_dag.py
[2024-05-26T09:41:14.458+0000] {processor.py:830} INFO - Processing file /usr/local/python/3.10.13/lib/python3.10/site-packages/airflow/example_dags/example_skip_dag.py for tasks to queue
[2024-05-26T09:41:14.459+0000] {logging_mixin.py:188} INFO - [2024-05-26T09:41:14.458+0000] {dagbag.py:545} INFO - Filling up the DagBag from /usr/local/python/3.10.13/lib/python3.10/site-packages/airflow/example_dags/example_skip_dag.py
[2024-05-26T09:41:14.464+0000] {processor.py:840} INFO - DAG(s) 'example_skip_dag' retrieved from /usr/local/python/3.10.13/lib/python3.10/site-packages/airflow/example_dags/example_skip_dag.py
[2024-05-26T09:41:14.477+0000] {logging_mixin.py:188} INFO - [2024-05-26T09:41:14.477+0000] {dag.py:3096} INFO - Sync 1 DAGs
[2024-05-26T09:41:14.492+0000] {logging_mixin.py:188} INFO - [2024-05-26T09:41:14.491+0000] {dag.py:3954} INFO - Setting next_dagrun for example_skip_dag to 2024-05-25 00:00:00+00:00, run_after=2024-05-26 00:00:00+00:00
[2024-05-26T09:41:14.531+0000] {processor.py:183} INFO - Processing /usr/local/python/3.10.13/lib/python3.10/site-packages/airflow/example_dags/example_skip_dag.py took 0.079 seconds
[2024-05-26T09:41:58.289+0000] {processor.py:161} INFO - Started process (PID=53504) to work on /usr/local/python/3.10.13/lib/python3.10/site-packages/airflow/example_dags/example_skip_dag.py
[2024-05-26T09:41:58.289+0000] {processor.py:830} INFO - Processing file /usr/local/python/3.10.13/lib/python3.10/site-packages/airflow/example_dags/example_skip_dag.py for tasks to queue
[2024-05-26T09:41:58.290+0000] {logging_mixin.py:188} INFO - [2024-05-26T09:41:58.290+0000] {dagbag.py:545} INFO - Filling up the DagBag from /usr/local/python/3.10.13/lib/python3.10/site-packages/airflow/example_dags/example_skip_dag.py
[2024-05-26T09:41:58.296+0000] {processor.py:840} INFO - DAG(s) 'example_skip_dag' retrieved from /usr/local/python/3.10.13/lib/python3.10/site-packages/airflow/example_dags/example_skip_dag.py
[2024-05-26T09:41:58.309+0000] {logging_mixin.py:188} INFO - [2024-05-26T09:41:58.309+0000] {dag.py:3096} INFO - Sync 1 DAGs
[2024-05-26T09:41:58.324+0000] {logging_mixin.py:188} INFO - [2024-05-26T09:41:58.324+0000] {dag.py:3954} INFO - Setting next_dagrun for example_skip_dag to 2024-05-25 00:00:00+00:00, run_after=2024-05-26 00:00:00+00:00
[2024-05-26T09:41:58.360+0000] {processor.py:183} INFO - Processing /usr/local/python/3.10.13/lib/python3.10/site-packages/airflow/example_dags/example_skip_dag.py took 0.076 seconds
[2024-05-26T09:42:37.413+0000] {processor.py:161} INFO - Started process (PID=53778) to work on /usr/local/python/3.10.13/lib/python3.10/site-packages/airflow/example_dags/example_skip_dag.py
[2024-05-26T09:42:37.414+0000] {processor.py:830} INFO - Processing file /usr/local/python/3.10.13/lib/python3.10/site-packages/airflow/example_dags/example_skip_dag.py for tasks to queue
[2024-05-26T09:42:37.415+0000] {logging_mixin.py:188} INFO - [2024-05-26T09:42:37.415+0000] {dagbag.py:545} INFO - Filling up the DagBag from /usr/local/python/3.10.13/lib/python3.10/site-packages/airflow/example_dags/example_skip_dag.py
[2024-05-26T09:42:37.420+0000] {processor.py:840} INFO - DAG(s) 'example_skip_dag' retrieved from /usr/local/python/3.10.13/lib/python3.10/site-packages/airflow/example_dags/example_skip_dag.py
[2024-05-26T09:42:37.433+0000] {logging_mixin.py:188} INFO - [2024-05-26T09:42:37.433+0000] {dag.py:3096} INFO - Sync 1 DAGs
[2024-05-26T09:42:37.447+0000] {logging_mixin.py:188} INFO - [2024-05-26T09:42:37.447+0000] {dag.py:3954} INFO - Setting next_dagrun for example_skip_dag to 2024-05-25 00:00:00+00:00, run_after=2024-05-26 00:00:00+00:00
[2024-05-26T09:42:37.482+0000] {processor.py:183} INFO - Processing /usr/local/python/3.10.13/lib/python3.10/site-packages/airflow/example_dags/example_skip_dag.py took 0.074 seconds
[2024-05-26T09:43:15.829+0000] {processor.py:161} INFO - Started process (PID=54058) to work on /usr/local/python/3.10.13/lib/python3.10/site-packages/airflow/example_dags/example_skip_dag.py
[2024-05-26T09:43:15.830+0000] {processor.py:830} INFO - Processing file /usr/local/python/3.10.13/lib/python3.10/site-packages/airflow/example_dags/example_skip_dag.py for tasks to queue
[2024-05-26T09:43:15.831+0000] {logging_mixin.py:188} INFO - [2024-05-26T09:43:15.831+0000] {dagbag.py:545} INFO - Filling up the DagBag from /usr/local/python/3.10.13/lib/python3.10/site-packages/airflow/example_dags/example_skip_dag.py
[2024-05-26T09:43:15.836+0000] {processor.py:840} INFO - DAG(s) 'example_skip_dag' retrieved from /usr/local/python/3.10.13/lib/python3.10/site-packages/airflow/example_dags/example_skip_dag.py
[2024-05-26T09:43:15.849+0000] {logging_mixin.py:188} INFO - [2024-05-26T09:43:15.849+0000] {dag.py:3096} INFO - Sync 1 DAGs
[2024-05-26T09:43:15.864+0000] {logging_mixin.py:188} INFO - [2024-05-26T09:43:15.864+0000] {dag.py:3954} INFO - Setting next_dagrun for example_skip_dag to 2024-05-25 00:00:00+00:00, run_after=2024-05-26 00:00:00+00:00
[2024-05-26T09:43:15.902+0000] {processor.py:183} INFO - Processing /usr/local/python/3.10.13/lib/python3.10/site-packages/airflow/example_dags/example_skip_dag.py took 0.079 seconds
[2024-05-26T09:43:56.094+0000] {processor.py:161} INFO - Started process (PID=54353) to work on /usr/local/python/3.10.13/lib/python3.10/site-packages/airflow/example_dags/example_skip_dag.py
[2024-05-26T09:43:56.095+0000] {processor.py:830} INFO - Processing file /usr/local/python/3.10.13/lib/python3.10/site-packages/airflow/example_dags/example_skip_dag.py for tasks to queue
[2024-05-26T09:43:56.096+0000] {logging_mixin.py:188} INFO - [2024-05-26T09:43:56.096+0000] {dagbag.py:545} INFO - Filling up the DagBag from /usr/local/python/3.10.13/lib/python3.10/site-packages/airflow/example_dags/example_skip_dag.py
[2024-05-26T09:43:56.104+0000] {processor.py:840} INFO - DAG(s) 'example_skip_dag' retrieved from /usr/local/python/3.10.13/lib/python3.10/site-packages/airflow/example_dags/example_skip_dag.py
[2024-05-26T09:43:56.123+0000] {logging_mixin.py:188} INFO - [2024-05-26T09:43:56.123+0000] {dag.py:3096} INFO - Sync 1 DAGs
[2024-05-26T09:43:56.150+0000] {logging_mixin.py:188} INFO - [2024-05-26T09:43:56.150+0000] {dag.py:3954} INFO - Setting next_dagrun for example_skip_dag to 2024-05-25 00:00:00+00:00, run_after=2024-05-26 00:00:00+00:00
[2024-05-26T09:43:56.197+0000] {processor.py:183} INFO - Processing /usr/local/python/3.10.13/lib/python3.10/site-packages/airflow/example_dags/example_skip_dag.py took 0.110 seconds
[2024-05-26T09:44:38.579+0000] {processor.py:161} INFO - Started process (PID=54750) to work on /usr/local/python/3.10.13/lib/python3.10/site-packages/airflow/example_dags/example_skip_dag.py
[2024-05-26T09:44:38.580+0000] {processor.py:830} INFO - Processing file /usr/local/python/3.10.13/lib/python3.10/site-packages/airflow/example_dags/example_skip_dag.py for tasks to queue
[2024-05-26T09:44:38.581+0000] {logging_mixin.py:188} INFO - [2024-05-26T09:44:38.581+0000] {dagbag.py:545} INFO - Filling up the DagBag from /usr/local/python/3.10.13/lib/python3.10/site-packages/airflow/example_dags/example_skip_dag.py
[2024-05-26T09:44:38.587+0000] {processor.py:840} INFO - DAG(s) 'example_skip_dag' retrieved from /usr/local/python/3.10.13/lib/python3.10/site-packages/airflow/example_dags/example_skip_dag.py
[2024-05-26T09:44:38.600+0000] {logging_mixin.py:188} INFO - [2024-05-26T09:44:38.600+0000] {dag.py:3096} INFO - Sync 1 DAGs
[2024-05-26T09:44:38.615+0000] {logging_mixin.py:188} INFO - [2024-05-26T09:44:38.615+0000] {dag.py:3954} INFO - Setting next_dagrun for example_skip_dag to 2024-05-25 00:00:00+00:00, run_after=2024-05-26 00:00:00+00:00
[2024-05-26T09:44:38.651+0000] {processor.py:183} INFO - Processing /usr/local/python/3.10.13/lib/python3.10/site-packages/airflow/example_dags/example_skip_dag.py took 0.076 seconds
[2024-05-26T09:45:21.499+0000] {processor.py:161} INFO - Started process (PID=55277) to work on /usr/local/python/3.10.13/lib/python3.10/site-packages/airflow/example_dags/example_skip_dag.py
[2024-05-26T09:45:21.500+0000] {processor.py:830} INFO - Processing file /usr/local/python/3.10.13/lib/python3.10/site-packages/airflow/example_dags/example_skip_dag.py for tasks to queue
[2024-05-26T09:45:21.501+0000] {logging_mixin.py:188} INFO - [2024-05-26T09:45:21.501+0000] {dagbag.py:545} INFO - Filling up the DagBag from /usr/local/python/3.10.13/lib/python3.10/site-packages/airflow/example_dags/example_skip_dag.py
[2024-05-26T09:45:21.507+0000] {processor.py:840} INFO - DAG(s) 'example_skip_dag' retrieved from /usr/local/python/3.10.13/lib/python3.10/site-packages/airflow/example_dags/example_skip_dag.py
[2024-05-26T09:45:21.519+0000] {logging_mixin.py:188} INFO - [2024-05-26T09:45:21.519+0000] {dag.py:3096} INFO - Sync 1 DAGs
[2024-05-26T09:45:21.534+0000] {logging_mixin.py:188} INFO - [2024-05-26T09:45:21.534+0000] {dag.py:3954} INFO - Setting next_dagrun for example_skip_dag to 2024-05-25 00:00:00+00:00, run_after=2024-05-26 00:00:00+00:00
[2024-05-26T09:45:21.578+0000] {processor.py:183} INFO - Processing /usr/local/python/3.10.13/lib/python3.10/site-packages/airflow/example_dags/example_skip_dag.py took 0.085 seconds
[2024-05-26T09:45:58.685+0000] {processor.py:161} INFO - Started process (PID=55749) to work on /usr/local/python/3.10.13/lib/python3.10/site-packages/airflow/example_dags/example_skip_dag.py
[2024-05-26T09:45:58.685+0000] {processor.py:830} INFO - Processing file /usr/local/python/3.10.13/lib/python3.10/site-packages/airflow/example_dags/example_skip_dag.py for tasks to queue
[2024-05-26T09:45:58.687+0000] {logging_mixin.py:188} INFO - [2024-05-26T09:45:58.686+0000] {dagbag.py:545} INFO - Filling up the DagBag from /usr/local/python/3.10.13/lib/python3.10/site-packages/airflow/example_dags/example_skip_dag.py
[2024-05-26T09:45:58.692+0000] {processor.py:840} INFO - DAG(s) 'example_skip_dag' retrieved from /usr/local/python/3.10.13/lib/python3.10/site-packages/airflow/example_dags/example_skip_dag.py
[2024-05-26T09:45:58.710+0000] {logging_mixin.py:188} INFO - [2024-05-26T09:45:58.710+0000] {dag.py:3096} INFO - Sync 1 DAGs
[2024-05-26T09:45:58.725+0000] {logging_mixin.py:188} INFO - [2024-05-26T09:45:58.725+0000] {dag.py:3954} INFO - Setting next_dagrun for example_skip_dag to 2024-05-25 00:00:00+00:00, run_after=2024-05-26 00:00:00+00:00
[2024-05-26T09:45:58.761+0000] {processor.py:183} INFO - Processing /usr/local/python/3.10.13/lib/python3.10/site-packages/airflow/example_dags/example_skip_dag.py took 0.081 seconds
