[2024-05-26T09:10:55.998+0000] {processor.py:161} INFO - Started process (PID=40269) to work on /usr/local/python/3.10.13/lib/python3.10/site-packages/airflow/example_dags/example_complex.py
[2024-05-26T09:10:55.999+0000] {processor.py:830} INFO - Processing file /usr/local/python/3.10.13/lib/python3.10/site-packages/airflow/example_dags/example_complex.py for tasks to queue
[2024-05-26T09:10:56.000+0000] {logging_mixin.py:188} INFO - [2024-05-26T09:10:56.000+0000] {dagbag.py:545} INFO - Filling up the DagBag from /usr/local/python/3.10.13/lib/python3.10/site-packages/airflow/example_dags/example_complex.py
[2024-05-26T09:10:56.009+0000] {processor.py:840} INFO - DAG(s) 'example_complex' retrieved from /usr/local/python/3.10.13/lib/python3.10/site-packages/airflow/example_dags/example_complex.py
[2024-05-26T09:10:56.138+0000] {logging_mixin.py:188} INFO - [2024-05-26T09:10:56.138+0000] {dag.py:3096} INFO - Sync 1 DAGs
[2024-05-26T09:10:56.153+0000] {logging_mixin.py:188} INFO - [2024-05-26T09:10:56.153+0000] {dag.py:3954} INFO - Setting next_dagrun for example_complex to None, run_after=None
[2024-05-26T09:10:56.197+0000] {processor.py:183} INFO - Processing /usr/local/python/3.10.13/lib/python3.10/site-packages/airflow/example_dags/example_complex.py took 0.204 seconds
[2024-05-26T09:11:47.282+0000] {processor.py:161} INFO - Started process (PID=40621) to work on /usr/local/python/3.10.13/lib/python3.10/site-packages/airflow/example_dags/example_complex.py
[2024-05-26T09:11:47.282+0000] {processor.py:830} INFO - Processing file /usr/local/python/3.10.13/lib/python3.10/site-packages/airflow/example_dags/example_complex.py for tasks to queue
[2024-05-26T09:11:47.284+0000] {logging_mixin.py:188} INFO - [2024-05-26T09:11:47.283+0000] {dagbag.py:545} INFO - Filling up the DagBag from /usr/local/python/3.10.13/lib/python3.10/site-packages/airflow/example_dags/example_complex.py
[2024-05-26T09:11:47.293+0000] {processor.py:840} INFO - DAG(s) 'example_complex' retrieved from /usr/local/python/3.10.13/lib/python3.10/site-packages/airflow/example_dags/example_complex.py
[2024-05-26T09:11:47.316+0000] {logging_mixin.py:188} INFO - [2024-05-26T09:11:47.316+0000] {dag.py:3096} INFO - Sync 1 DAGs
[2024-05-26T09:11:47.325+0000] {logging_mixin.py:188} INFO - [2024-05-26T09:11:47.324+0000] {dag.py:3954} INFO - Setting next_dagrun for example_complex to None, run_after=None
[2024-05-26T09:11:47.363+0000] {processor.py:183} INFO - Processing /usr/local/python/3.10.13/lib/python3.10/site-packages/airflow/example_dags/example_complex.py took 0.086 seconds
[2024-05-26T09:12:37.572+0000] {processor.py:161} INFO - Started process (PID=41049) to work on /usr/local/python/3.10.13/lib/python3.10/site-packages/airflow/example_dags/example_complex.py
[2024-05-26T09:12:37.573+0000] {processor.py:830} INFO - Processing file /usr/local/python/3.10.13/lib/python3.10/site-packages/airflow/example_dags/example_complex.py for tasks to queue
[2024-05-26T09:12:37.574+0000] {logging_mixin.py:188} INFO - [2024-05-26T09:12:37.574+0000] {dagbag.py:545} INFO - Filling up the DagBag from /usr/local/python/3.10.13/lib/python3.10/site-packages/airflow/example_dags/example_complex.py
[2024-05-26T09:12:37.583+0000] {processor.py:840} INFO - DAG(s) 'example_complex' retrieved from /usr/local/python/3.10.13/lib/python3.10/site-packages/airflow/example_dags/example_complex.py
[2024-05-26T09:12:37.606+0000] {logging_mixin.py:188} INFO - [2024-05-26T09:12:37.606+0000] {dag.py:3096} INFO - Sync 1 DAGs
[2024-05-26T09:12:37.616+0000] {logging_mixin.py:188} INFO - [2024-05-26T09:12:37.615+0000] {dag.py:3954} INFO - Setting next_dagrun for example_complex to None, run_after=None
[2024-05-26T09:12:37.653+0000] {processor.py:183} INFO - Processing /usr/local/python/3.10.13/lib/python3.10/site-packages/airflow/example_dags/example_complex.py took 0.085 seconds
[2024-05-26T09:13:38.777+0000] {processor.py:161} INFO - Started process (PID=41560) to work on /usr/local/python/3.10.13/lib/python3.10/site-packages/airflow/example_dags/example_complex.py
[2024-05-26T09:13:38.778+0000] {processor.py:830} INFO - Processing file /usr/local/python/3.10.13/lib/python3.10/site-packages/airflow/example_dags/example_complex.py for tasks to queue
[2024-05-26T09:13:38.779+0000] {logging_mixin.py:188} INFO - [2024-05-26T09:13:38.779+0000] {dagbag.py:545} INFO - Filling up the DagBag from /usr/local/python/3.10.13/lib/python3.10/site-packages/airflow/example_dags/example_complex.py
[2024-05-26T09:13:38.788+0000] {processor.py:840} INFO - DAG(s) 'example_complex' retrieved from /usr/local/python/3.10.13/lib/python3.10/site-packages/airflow/example_dags/example_complex.py
[2024-05-26T09:13:38.811+0000] {logging_mixin.py:188} INFO - [2024-05-26T09:13:38.811+0000] {dag.py:3096} INFO - Sync 1 DAGs
[2024-05-26T09:13:38.820+0000] {logging_mixin.py:188} INFO - [2024-05-26T09:13:38.820+0000] {dag.py:3954} INFO - Setting next_dagrun for example_complex to None, run_after=None
[2024-05-26T09:13:38.859+0000] {processor.py:183} INFO - Processing /usr/local/python/3.10.13/lib/python3.10/site-packages/airflow/example_dags/example_complex.py took 0.087 seconds
[2024-05-26T09:14:44.291+0000] {processor.py:161} INFO - Started process (PID=42029) to work on /usr/local/python/3.10.13/lib/python3.10/site-packages/airflow/example_dags/example_complex.py
[2024-05-26T09:14:44.292+0000] {processor.py:830} INFO - Processing file /usr/local/python/3.10.13/lib/python3.10/site-packages/airflow/example_dags/example_complex.py for tasks to queue
[2024-05-26T09:14:44.293+0000] {logging_mixin.py:188} INFO - [2024-05-26T09:14:44.293+0000] {dagbag.py:545} INFO - Filling up the DagBag from /usr/local/python/3.10.13/lib/python3.10/site-packages/airflow/example_dags/example_complex.py
[2024-05-26T09:14:44.303+0000] {processor.py:840} INFO - DAG(s) 'example_complex' retrieved from /usr/local/python/3.10.13/lib/python3.10/site-packages/airflow/example_dags/example_complex.py
[2024-05-26T09:14:44.325+0000] {logging_mixin.py:188} INFO - [2024-05-26T09:14:44.325+0000] {dag.py:3096} INFO - Sync 1 DAGs
[2024-05-26T09:14:44.334+0000] {logging_mixin.py:188} INFO - [2024-05-26T09:14:44.334+0000] {dag.py:3954} INFO - Setting next_dagrun for example_complex to None, run_after=None
[2024-05-26T09:14:44.373+0000] {processor.py:183} INFO - Processing /usr/local/python/3.10.13/lib/python3.10/site-packages/airflow/example_dags/example_complex.py took 0.086 seconds
[2024-05-26T09:15:46.749+0000] {processor.py:161} INFO - Started process (PID=42452) to work on /usr/local/python/3.10.13/lib/python3.10/site-packages/airflow/example_dags/example_complex.py
[2024-05-26T09:15:46.750+0000] {processor.py:830} INFO - Processing file /usr/local/python/3.10.13/lib/python3.10/site-packages/airflow/example_dags/example_complex.py for tasks to queue
[2024-05-26T09:15:46.751+0000] {logging_mixin.py:188} INFO - [2024-05-26T09:15:46.751+0000] {dagbag.py:545} INFO - Filling up the DagBag from /usr/local/python/3.10.13/lib/python3.10/site-packages/airflow/example_dags/example_complex.py
[2024-05-26T09:15:46.761+0000] {processor.py:840} INFO - DAG(s) 'example_complex' retrieved from /usr/local/python/3.10.13/lib/python3.10/site-packages/airflow/example_dags/example_complex.py
[2024-05-26T09:15:46.784+0000] {logging_mixin.py:188} INFO - [2024-05-26T09:15:46.783+0000] {dag.py:3096} INFO - Sync 1 DAGs
[2024-05-26T09:15:46.792+0000] {logging_mixin.py:188} INFO - [2024-05-26T09:15:46.792+0000] {dag.py:3954} INFO - Setting next_dagrun for example_complex to None, run_after=None
[2024-05-26T09:15:46.836+0000] {processor.py:183} INFO - Processing /usr/local/python/3.10.13/lib/python3.10/site-packages/airflow/example_dags/example_complex.py took 0.091 seconds
[2024-05-26T09:16:47.875+0000] {processor.py:161} INFO - Started process (PID=42885) to work on /usr/local/python/3.10.13/lib/python3.10/site-packages/airflow/example_dags/example_complex.py
[2024-05-26T09:16:47.875+0000] {processor.py:830} INFO - Processing file /usr/local/python/3.10.13/lib/python3.10/site-packages/airflow/example_dags/example_complex.py for tasks to queue
[2024-05-26T09:16:47.877+0000] {logging_mixin.py:188} INFO - [2024-05-26T09:16:47.876+0000] {dagbag.py:545} INFO - Filling up the DagBag from /usr/local/python/3.10.13/lib/python3.10/site-packages/airflow/example_dags/example_complex.py
[2024-05-26T09:16:47.886+0000] {processor.py:840} INFO - DAG(s) 'example_complex' retrieved from /usr/local/python/3.10.13/lib/python3.10/site-packages/airflow/example_dags/example_complex.py
[2024-05-26T09:16:47.926+0000] {logging_mixin.py:188} INFO - [2024-05-26T09:16:47.926+0000] {dag.py:3096} INFO - Sync 1 DAGs
[2024-05-26T09:16:47.939+0000] {logging_mixin.py:188} INFO - [2024-05-26T09:16:47.939+0000] {dag.py:3954} INFO - Setting next_dagrun for example_complex to None, run_after=None
[2024-05-26T09:16:47.984+0000] {processor.py:183} INFO - Processing /usr/local/python/3.10.13/lib/python3.10/site-packages/airflow/example_dags/example_complex.py took 0.114 seconds
[2024-05-26T09:17:53.738+0000] {processor.py:161} INFO - Started process (PID=43329) to work on /usr/local/python/3.10.13/lib/python3.10/site-packages/airflow/example_dags/example_complex.py
[2024-05-26T09:17:53.739+0000] {processor.py:830} INFO - Processing file /usr/local/python/3.10.13/lib/python3.10/site-packages/airflow/example_dags/example_complex.py for tasks to queue
[2024-05-26T09:17:53.741+0000] {logging_mixin.py:188} INFO - [2024-05-26T09:17:53.740+0000] {dagbag.py:545} INFO - Filling up the DagBag from /usr/local/python/3.10.13/lib/python3.10/site-packages/airflow/example_dags/example_complex.py
[2024-05-26T09:17:53.750+0000] {processor.py:840} INFO - DAG(s) 'example_complex' retrieved from /usr/local/python/3.10.13/lib/python3.10/site-packages/airflow/example_dags/example_complex.py
[2024-05-26T09:17:53.773+0000] {logging_mixin.py:188} INFO - [2024-05-26T09:17:53.773+0000] {dag.py:3096} INFO - Sync 1 DAGs
[2024-05-26T09:17:53.782+0000] {logging_mixin.py:188} INFO - [2024-05-26T09:17:53.782+0000] {dag.py:3954} INFO - Setting next_dagrun for example_complex to None, run_after=None
[2024-05-26T09:17:53.822+0000] {processor.py:183} INFO - Processing /usr/local/python/3.10.13/lib/python3.10/site-packages/airflow/example_dags/example_complex.py took 0.088 seconds
[2024-05-26T09:18:56.632+0000] {processor.py:161} INFO - Started process (PID=43826) to work on /usr/local/python/3.10.13/lib/python3.10/site-packages/airflow/example_dags/example_complex.py
[2024-05-26T09:18:56.633+0000] {processor.py:830} INFO - Processing file /usr/local/python/3.10.13/lib/python3.10/site-packages/airflow/example_dags/example_complex.py for tasks to queue
[2024-05-26T09:18:56.634+0000] {logging_mixin.py:188} INFO - [2024-05-26T09:18:56.634+0000] {dagbag.py:545} INFO - Filling up the DagBag from /usr/local/python/3.10.13/lib/python3.10/site-packages/airflow/example_dags/example_complex.py
[2024-05-26T09:18:56.644+0000] {processor.py:840} INFO - DAG(s) 'example_complex' retrieved from /usr/local/python/3.10.13/lib/python3.10/site-packages/airflow/example_dags/example_complex.py
[2024-05-26T09:18:56.667+0000] {logging_mixin.py:188} INFO - [2024-05-26T09:18:56.667+0000] {dag.py:3096} INFO - Sync 1 DAGs
[2024-05-26T09:18:56.677+0000] {logging_mixin.py:188} INFO - [2024-05-26T09:18:56.676+0000] {dag.py:3954} INFO - Setting next_dagrun for example_complex to None, run_after=None
[2024-05-26T09:18:56.715+0000] {processor.py:183} INFO - Processing /usr/local/python/3.10.13/lib/python3.10/site-packages/airflow/example_dags/example_complex.py took 0.087 seconds
[2024-05-26T09:20:01.846+0000] {processor.py:161} INFO - Started process (PID=44284) to work on /usr/local/python/3.10.13/lib/python3.10/site-packages/airflow/example_dags/example_complex.py
[2024-05-26T09:20:01.847+0000] {processor.py:830} INFO - Processing file /usr/local/python/3.10.13/lib/python3.10/site-packages/airflow/example_dags/example_complex.py for tasks to queue
[2024-05-26T09:20:01.848+0000] {logging_mixin.py:188} INFO - [2024-05-26T09:20:01.848+0000] {dagbag.py:545} INFO - Filling up the DagBag from /usr/local/python/3.10.13/lib/python3.10/site-packages/airflow/example_dags/example_complex.py
[2024-05-26T09:20:01.857+0000] {processor.py:840} INFO - DAG(s) 'example_complex' retrieved from /usr/local/python/3.10.13/lib/python3.10/site-packages/airflow/example_dags/example_complex.py
[2024-05-26T09:20:01.880+0000] {logging_mixin.py:188} INFO - [2024-05-26T09:20:01.880+0000] {dag.py:3096} INFO - Sync 1 DAGs
[2024-05-26T09:20:01.889+0000] {logging_mixin.py:188} INFO - [2024-05-26T09:20:01.889+0000] {dag.py:3954} INFO - Setting next_dagrun for example_complex to None, run_after=None
[2024-05-26T09:20:01.933+0000] {processor.py:183} INFO - Processing /usr/local/python/3.10.13/lib/python3.10/site-packages/airflow/example_dags/example_complex.py took 0.091 seconds
[2024-05-26T09:21:02.755+0000] {processor.py:161} INFO - Started process (PID=44716) to work on /usr/local/python/3.10.13/lib/python3.10/site-packages/airflow/example_dags/example_complex.py
[2024-05-26T09:21:02.756+0000] {processor.py:830} INFO - Processing file /usr/local/python/3.10.13/lib/python3.10/site-packages/airflow/example_dags/example_complex.py for tasks to queue
[2024-05-26T09:21:02.757+0000] {logging_mixin.py:188} INFO - [2024-05-26T09:21:02.757+0000] {dagbag.py:545} INFO - Filling up the DagBag from /usr/local/python/3.10.13/lib/python3.10/site-packages/airflow/example_dags/example_complex.py
[2024-05-26T09:21:02.767+0000] {processor.py:840} INFO - DAG(s) 'example_complex' retrieved from /usr/local/python/3.10.13/lib/python3.10/site-packages/airflow/example_dags/example_complex.py
[2024-05-26T09:21:02.790+0000] {logging_mixin.py:188} INFO - [2024-05-26T09:21:02.789+0000] {dag.py:3096} INFO - Sync 1 DAGs
[2024-05-26T09:21:02.799+0000] {logging_mixin.py:188} INFO - [2024-05-26T09:21:02.799+0000] {dag.py:3954} INFO - Setting next_dagrun for example_complex to None, run_after=None
[2024-05-26T09:21:02.837+0000] {processor.py:183} INFO - Processing /usr/local/python/3.10.13/lib/python3.10/site-packages/airflow/example_dags/example_complex.py took 0.087 seconds
[2024-05-26T09:22:07.389+0000] {processor.py:161} INFO - Started process (PID=45159) to work on /usr/local/python/3.10.13/lib/python3.10/site-packages/airflow/example_dags/example_complex.py
[2024-05-26T09:22:07.390+0000] {processor.py:830} INFO - Processing file /usr/local/python/3.10.13/lib/python3.10/site-packages/airflow/example_dags/example_complex.py for tasks to queue
[2024-05-26T09:22:07.391+0000] {logging_mixin.py:188} INFO - [2024-05-26T09:22:07.391+0000] {dagbag.py:545} INFO - Filling up the DagBag from /usr/local/python/3.10.13/lib/python3.10/site-packages/airflow/example_dags/example_complex.py
[2024-05-26T09:22:07.401+0000] {processor.py:840} INFO - DAG(s) 'example_complex' retrieved from /usr/local/python/3.10.13/lib/python3.10/site-packages/airflow/example_dags/example_complex.py
[2024-05-26T09:22:07.424+0000] {logging_mixin.py:188} INFO - [2024-05-26T09:22:07.423+0000] {dag.py:3096} INFO - Sync 1 DAGs
[2024-05-26T09:22:07.433+0000] {logging_mixin.py:188} INFO - [2024-05-26T09:22:07.433+0000] {dag.py:3954} INFO - Setting next_dagrun for example_complex to None, run_after=None
[2024-05-26T09:22:07.470+0000] {processor.py:183} INFO - Processing /usr/local/python/3.10.13/lib/python3.10/site-packages/airflow/example_dags/example_complex.py took 0.087 seconds
[2024-05-26T09:23:02.225+0000] {processor.py:161} INFO - Started process (PID=45547) to work on /usr/local/python/3.10.13/lib/python3.10/site-packages/airflow/example_dags/example_complex.py
[2024-05-26T09:23:02.226+0000] {processor.py:830} INFO - Processing file /usr/local/python/3.10.13/lib/python3.10/site-packages/airflow/example_dags/example_complex.py for tasks to queue
[2024-05-26T09:23:02.227+0000] {logging_mixin.py:188} INFO - [2024-05-26T09:23:02.227+0000] {dagbag.py:545} INFO - Filling up the DagBag from /usr/local/python/3.10.13/lib/python3.10/site-packages/airflow/example_dags/example_complex.py
[2024-05-26T09:23:02.236+0000] {processor.py:840} INFO - DAG(s) 'example_complex' retrieved from /usr/local/python/3.10.13/lib/python3.10/site-packages/airflow/example_dags/example_complex.py
[2024-05-26T09:23:02.260+0000] {logging_mixin.py:188} INFO - [2024-05-26T09:23:02.260+0000] {dag.py:3096} INFO - Sync 1 DAGs
[2024-05-26T09:23:02.269+0000] {logging_mixin.py:188} INFO - [2024-05-26T09:23:02.269+0000] {dag.py:3954} INFO - Setting next_dagrun for example_complex to None, run_after=None
[2024-05-26T09:23:02.308+0000] {processor.py:183} INFO - Processing /usr/local/python/3.10.13/lib/python3.10/site-packages/airflow/example_dags/example_complex.py took 0.087 seconds
[2024-05-26T09:24:06.149+0000] {processor.py:161} INFO - Started process (PID=45977) to work on /usr/local/python/3.10.13/lib/python3.10/site-packages/airflow/example_dags/example_complex.py
[2024-05-26T09:24:06.150+0000] {processor.py:830} INFO - Processing file /usr/local/python/3.10.13/lib/python3.10/site-packages/airflow/example_dags/example_complex.py for tasks to queue
[2024-05-26T09:24:06.151+0000] {logging_mixin.py:188} INFO - [2024-05-26T09:24:06.151+0000] {dagbag.py:545} INFO - Filling up the DagBag from /usr/local/python/3.10.13/lib/python3.10/site-packages/airflow/example_dags/example_complex.py
[2024-05-26T09:24:06.165+0000] {processor.py:840} INFO - DAG(s) 'example_complex' retrieved from /usr/local/python/3.10.13/lib/python3.10/site-packages/airflow/example_dags/example_complex.py
[2024-05-26T09:24:06.204+0000] {logging_mixin.py:188} INFO - [2024-05-26T09:24:06.203+0000] {dag.py:3096} INFO - Sync 1 DAGs
[2024-05-26T09:24:06.216+0000] {logging_mixin.py:188} INFO - [2024-05-26T09:24:06.216+0000] {dag.py:3954} INFO - Setting next_dagrun for example_complex to None, run_after=None
[2024-05-26T09:24:06.259+0000] {processor.py:183} INFO - Processing /usr/local/python/3.10.13/lib/python3.10/site-packages/airflow/example_dags/example_complex.py took 0.115 seconds
[2024-05-26T09:25:06.421+0000] {processor.py:161} INFO - Started process (PID=46408) to work on /usr/local/python/3.10.13/lib/python3.10/site-packages/airflow/example_dags/example_complex.py
[2024-05-26T09:25:06.422+0000] {processor.py:830} INFO - Processing file /usr/local/python/3.10.13/lib/python3.10/site-packages/airflow/example_dags/example_complex.py for tasks to queue
[2024-05-26T09:25:06.423+0000] {logging_mixin.py:188} INFO - [2024-05-26T09:25:06.423+0000] {dagbag.py:545} INFO - Filling up the DagBag from /usr/local/python/3.10.13/lib/python3.10/site-packages/airflow/example_dags/example_complex.py
[2024-05-26T09:25:06.433+0000] {processor.py:840} INFO - DAG(s) 'example_complex' retrieved from /usr/local/python/3.10.13/lib/python3.10/site-packages/airflow/example_dags/example_complex.py
[2024-05-26T09:25:06.456+0000] {logging_mixin.py:188} INFO - [2024-05-26T09:25:06.456+0000] {dag.py:3096} INFO - Sync 1 DAGs
[2024-05-26T09:25:06.465+0000] {logging_mixin.py:188} INFO - [2024-05-26T09:25:06.465+0000] {dag.py:3954} INFO - Setting next_dagrun for example_complex to None, run_after=None
[2024-05-26T09:25:06.502+0000] {processor.py:183} INFO - Processing /usr/local/python/3.10.13/lib/python3.10/site-packages/airflow/example_dags/example_complex.py took 0.086 seconds
[2024-05-26T09:26:08.658+0000] {processor.py:161} INFO - Started process (PID=46859) to work on /usr/local/python/3.10.13/lib/python3.10/site-packages/airflow/example_dags/example_complex.py
[2024-05-26T09:26:08.659+0000] {processor.py:830} INFO - Processing file /usr/local/python/3.10.13/lib/python3.10/site-packages/airflow/example_dags/example_complex.py for tasks to queue
[2024-05-26T09:26:08.660+0000] {logging_mixin.py:188} INFO - [2024-05-26T09:26:08.660+0000] {dagbag.py:545} INFO - Filling up the DagBag from /usr/local/python/3.10.13/lib/python3.10/site-packages/airflow/example_dags/example_complex.py
[2024-05-26T09:26:08.669+0000] {processor.py:840} INFO - DAG(s) 'example_complex' retrieved from /usr/local/python/3.10.13/lib/python3.10/site-packages/airflow/example_dags/example_complex.py
[2024-05-26T09:26:08.691+0000] {logging_mixin.py:188} INFO - [2024-05-26T09:26:08.691+0000] {dag.py:3096} INFO - Sync 1 DAGs
[2024-05-26T09:26:08.700+0000] {logging_mixin.py:188} INFO - [2024-05-26T09:26:08.700+0000] {dag.py:3954} INFO - Setting next_dagrun for example_complex to None, run_after=None
[2024-05-26T09:26:08.740+0000] {processor.py:183} INFO - Processing /usr/local/python/3.10.13/lib/python3.10/site-packages/airflow/example_dags/example_complex.py took 0.086 seconds
[2024-05-26T09:27:11.100+0000] {processor.py:161} INFO - Started process (PID=47323) to work on /usr/local/python/3.10.13/lib/python3.10/site-packages/airflow/example_dags/example_complex.py
[2024-05-26T09:27:11.101+0000] {processor.py:830} INFO - Processing file /usr/local/python/3.10.13/lib/python3.10/site-packages/airflow/example_dags/example_complex.py for tasks to queue
[2024-05-26T09:27:11.103+0000] {logging_mixin.py:188} INFO - [2024-05-26T09:27:11.103+0000] {dagbag.py:545} INFO - Filling up the DagBag from /usr/local/python/3.10.13/lib/python3.10/site-packages/airflow/example_dags/example_complex.py
[2024-05-26T09:27:11.119+0000] {processor.py:840} INFO - DAG(s) 'example_complex' retrieved from /usr/local/python/3.10.13/lib/python3.10/site-packages/airflow/example_dags/example_complex.py
[2024-05-26T09:27:11.145+0000] {logging_mixin.py:188} INFO - [2024-05-26T09:27:11.145+0000] {dag.py:3096} INFO - Sync 1 DAGs
[2024-05-26T09:27:11.155+0000] {logging_mixin.py:188} INFO - [2024-05-26T09:27:11.154+0000] {dag.py:3954} INFO - Setting next_dagrun for example_complex to None, run_after=None
[2024-05-26T09:27:11.194+0000] {processor.py:183} INFO - Processing /usr/local/python/3.10.13/lib/python3.10/site-packages/airflow/example_dags/example_complex.py took 0.102 seconds
[2024-05-26T09:28:12.966+0000] {processor.py:161} INFO - Started process (PID=47750) to work on /usr/local/python/3.10.13/lib/python3.10/site-packages/airflow/example_dags/example_complex.py
[2024-05-26T09:28:12.967+0000] {processor.py:830} INFO - Processing file /usr/local/python/3.10.13/lib/python3.10/site-packages/airflow/example_dags/example_complex.py for tasks to queue
[2024-05-26T09:28:12.968+0000] {logging_mixin.py:188} INFO - [2024-05-26T09:28:12.968+0000] {dagbag.py:545} INFO - Filling up the DagBag from /usr/local/python/3.10.13/lib/python3.10/site-packages/airflow/example_dags/example_complex.py
[2024-05-26T09:28:12.977+0000] {processor.py:840} INFO - DAG(s) 'example_complex' retrieved from /usr/local/python/3.10.13/lib/python3.10/site-packages/airflow/example_dags/example_complex.py
[2024-05-26T09:28:13.000+0000] {logging_mixin.py:188} INFO - [2024-05-26T09:28:13.000+0000] {dag.py:3096} INFO - Sync 1 DAGs
[2024-05-26T09:28:13.009+0000] {logging_mixin.py:188} INFO - [2024-05-26T09:28:13.009+0000] {dag.py:3954} INFO - Setting next_dagrun for example_complex to None, run_after=None
[2024-05-26T09:28:13.048+0000] {processor.py:183} INFO - Processing /usr/local/python/3.10.13/lib/python3.10/site-packages/airflow/example_dags/example_complex.py took 0.086 seconds
[2024-05-26T09:29:14.778+0000] {processor.py:161} INFO - Started process (PID=48171) to work on /usr/local/python/3.10.13/lib/python3.10/site-packages/airflow/example_dags/example_complex.py
[2024-05-26T09:29:14.778+0000] {processor.py:830} INFO - Processing file /usr/local/python/3.10.13/lib/python3.10/site-packages/airflow/example_dags/example_complex.py for tasks to queue
[2024-05-26T09:29:14.780+0000] {logging_mixin.py:188} INFO - [2024-05-26T09:29:14.779+0000] {dagbag.py:545} INFO - Filling up the DagBag from /usr/local/python/3.10.13/lib/python3.10/site-packages/airflow/example_dags/example_complex.py
[2024-05-26T09:29:14.789+0000] {processor.py:840} INFO - DAG(s) 'example_complex' retrieved from /usr/local/python/3.10.13/lib/python3.10/site-packages/airflow/example_dags/example_complex.py
[2024-05-26T09:29:14.812+0000] {logging_mixin.py:188} INFO - [2024-05-26T09:29:14.811+0000] {dag.py:3096} INFO - Sync 1 DAGs
[2024-05-26T09:29:14.821+0000] {logging_mixin.py:188} INFO - [2024-05-26T09:29:14.821+0000] {dag.py:3954} INFO - Setting next_dagrun for example_complex to None, run_after=None
[2024-05-26T09:29:14.857+0000] {processor.py:183} INFO - Processing /usr/local/python/3.10.13/lib/python3.10/site-packages/airflow/example_dags/example_complex.py took 0.084 seconds
[2024-05-26T09:30:17.098+0000] {processor.py:161} INFO - Started process (PID=48601) to work on /usr/local/python/3.10.13/lib/python3.10/site-packages/airflow/example_dags/example_complex.py
[2024-05-26T09:30:17.098+0000] {processor.py:830} INFO - Processing file /usr/local/python/3.10.13/lib/python3.10/site-packages/airflow/example_dags/example_complex.py for tasks to queue
[2024-05-26T09:30:17.100+0000] {logging_mixin.py:188} INFO - [2024-05-26T09:30:17.099+0000] {dagbag.py:545} INFO - Filling up the DagBag from /usr/local/python/3.10.13/lib/python3.10/site-packages/airflow/example_dags/example_complex.py
[2024-05-26T09:30:17.110+0000] {processor.py:840} INFO - DAG(s) 'example_complex' retrieved from /usr/local/python/3.10.13/lib/python3.10/site-packages/airflow/example_dags/example_complex.py
[2024-05-26T09:30:17.133+0000] {logging_mixin.py:188} INFO - [2024-05-26T09:30:17.133+0000] {dag.py:3096} INFO - Sync 1 DAGs
[2024-05-26T09:30:17.143+0000] {logging_mixin.py:188} INFO - [2024-05-26T09:30:17.143+0000] {dag.py:3954} INFO - Setting next_dagrun for example_complex to None, run_after=None
[2024-05-26T09:30:17.184+0000] {processor.py:183} INFO - Processing /usr/local/python/3.10.13/lib/python3.10/site-packages/airflow/example_dags/example_complex.py took 0.091 seconds
[2024-05-26T09:31:12.874+0000] {processor.py:161} INFO - Started process (PID=48998) to work on /usr/local/python/3.10.13/lib/python3.10/site-packages/airflow/example_dags/example_complex.py
[2024-05-26T09:31:12.875+0000] {processor.py:830} INFO - Processing file /usr/local/python/3.10.13/lib/python3.10/site-packages/airflow/example_dags/example_complex.py for tasks to queue
[2024-05-26T09:31:12.876+0000] {logging_mixin.py:188} INFO - [2024-05-26T09:31:12.876+0000] {dagbag.py:545} INFO - Filling up the DagBag from /usr/local/python/3.10.13/lib/python3.10/site-packages/airflow/example_dags/example_complex.py
[2024-05-26T09:31:12.885+0000] {processor.py:840} INFO - DAG(s) 'example_complex' retrieved from /usr/local/python/3.10.13/lib/python3.10/site-packages/airflow/example_dags/example_complex.py
[2024-05-26T09:31:12.908+0000] {logging_mixin.py:188} INFO - [2024-05-26T09:31:12.908+0000] {dag.py:3096} INFO - Sync 1 DAGs
[2024-05-26T09:31:12.917+0000] {logging_mixin.py:188} INFO - [2024-05-26T09:31:12.916+0000] {dag.py:3954} INFO - Setting next_dagrun for example_complex to None, run_after=None
[2024-05-26T09:31:12.953+0000] {processor.py:183} INFO - Processing /usr/local/python/3.10.13/lib/python3.10/site-packages/airflow/example_dags/example_complex.py took 0.084 seconds
[2024-05-26T09:32:19.905+0000] {processor.py:161} INFO - Started process (PID=49454) to work on /usr/local/python/3.10.13/lib/python3.10/site-packages/airflow/example_dags/example_complex.py
[2024-05-26T09:32:19.905+0000] {processor.py:830} INFO - Processing file /usr/local/python/3.10.13/lib/python3.10/site-packages/airflow/example_dags/example_complex.py for tasks to queue
[2024-05-26T09:32:19.906+0000] {logging_mixin.py:188} INFO - [2024-05-26T09:32:19.906+0000] {dagbag.py:545} INFO - Filling up the DagBag from /usr/local/python/3.10.13/lib/python3.10/site-packages/airflow/example_dags/example_complex.py
[2024-05-26T09:32:19.916+0000] {processor.py:840} INFO - DAG(s) 'example_complex' retrieved from /usr/local/python/3.10.13/lib/python3.10/site-packages/airflow/example_dags/example_complex.py
[2024-05-26T09:32:19.939+0000] {logging_mixin.py:188} INFO - [2024-05-26T09:32:19.939+0000] {dag.py:3096} INFO - Sync 1 DAGs
[2024-05-26T09:32:19.948+0000] {logging_mixin.py:188} INFO - [2024-05-26T09:32:19.948+0000] {dag.py:3954} INFO - Setting next_dagrun for example_complex to None, run_after=None
[2024-05-26T09:32:19.989+0000] {processor.py:183} INFO - Processing /usr/local/python/3.10.13/lib/python3.10/site-packages/airflow/example_dags/example_complex.py took 0.089 seconds
[2024-05-26T09:33:17.828+0000] {processor.py:161} INFO - Started process (PID=49880) to work on /usr/local/python/3.10.13/lib/python3.10/site-packages/airflow/example_dags/example_complex.py
[2024-05-26T09:33:17.829+0000] {processor.py:830} INFO - Processing file /usr/local/python/3.10.13/lib/python3.10/site-packages/airflow/example_dags/example_complex.py for tasks to queue
[2024-05-26T09:33:17.830+0000] {logging_mixin.py:188} INFO - [2024-05-26T09:33:17.830+0000] {dagbag.py:545} INFO - Filling up the DagBag from /usr/local/python/3.10.13/lib/python3.10/site-packages/airflow/example_dags/example_complex.py
[2024-05-26T09:33:17.839+0000] {processor.py:840} INFO - DAG(s) 'example_complex' retrieved from /usr/local/python/3.10.13/lib/python3.10/site-packages/airflow/example_dags/example_complex.py
[2024-05-26T09:33:17.862+0000] {logging_mixin.py:188} INFO - [2024-05-26T09:33:17.862+0000] {dag.py:3096} INFO - Sync 1 DAGs
[2024-05-26T09:33:17.871+0000] {logging_mixin.py:188} INFO - [2024-05-26T09:33:17.871+0000] {dag.py:3954} INFO - Setting next_dagrun for example_complex to None, run_after=None
[2024-05-26T09:33:17.907+0000] {processor.py:183} INFO - Processing /usr/local/python/3.10.13/lib/python3.10/site-packages/airflow/example_dags/example_complex.py took 0.083 seconds
[2024-05-26T09:34:21.266+0000] {processor.py:161} INFO - Started process (PID=50322) to work on /usr/local/python/3.10.13/lib/python3.10/site-packages/airflow/example_dags/example_complex.py
[2024-05-26T09:34:21.266+0000] {processor.py:830} INFO - Processing file /usr/local/python/3.10.13/lib/python3.10/site-packages/airflow/example_dags/example_complex.py for tasks to queue
[2024-05-26T09:34:21.268+0000] {logging_mixin.py:188} INFO - [2024-05-26T09:34:21.267+0000] {dagbag.py:545} INFO - Filling up the DagBag from /usr/local/python/3.10.13/lib/python3.10/site-packages/airflow/example_dags/example_complex.py
[2024-05-26T09:34:21.278+0000] {processor.py:840} INFO - DAG(s) 'example_complex' retrieved from /usr/local/python/3.10.13/lib/python3.10/site-packages/airflow/example_dags/example_complex.py
[2024-05-26T09:34:21.300+0000] {logging_mixin.py:188} INFO - [2024-05-26T09:34:21.300+0000] {dag.py:3096} INFO - Sync 1 DAGs
[2024-05-26T09:34:21.309+0000] {logging_mixin.py:188} INFO - [2024-05-26T09:34:21.309+0000] {dag.py:3954} INFO - Setting next_dagrun for example_complex to None, run_after=None
[2024-05-26T09:34:21.345+0000] {processor.py:183} INFO - Processing /usr/local/python/3.10.13/lib/python3.10/site-packages/airflow/example_dags/example_complex.py took 0.084 seconds
[2024-05-26T09:35:17.484+0000] {processor.py:161} INFO - Started process (PID=50721) to work on /usr/local/python/3.10.13/lib/python3.10/site-packages/airflow/example_dags/example_complex.py
[2024-05-26T09:35:17.484+0000] {processor.py:830} INFO - Processing file /usr/local/python/3.10.13/lib/python3.10/site-packages/airflow/example_dags/example_complex.py for tasks to queue
[2024-05-26T09:35:17.486+0000] {logging_mixin.py:188} INFO - [2024-05-26T09:35:17.485+0000] {dagbag.py:545} INFO - Filling up the DagBag from /usr/local/python/3.10.13/lib/python3.10/site-packages/airflow/example_dags/example_complex.py
[2024-05-26T09:35:17.495+0000] {processor.py:840} INFO - DAG(s) 'example_complex' retrieved from /usr/local/python/3.10.13/lib/python3.10/site-packages/airflow/example_dags/example_complex.py
[2024-05-26T09:35:17.518+0000] {logging_mixin.py:188} INFO - [2024-05-26T09:35:17.518+0000] {dag.py:3096} INFO - Sync 1 DAGs
[2024-05-26T09:35:17.527+0000] {logging_mixin.py:188} INFO - [2024-05-26T09:35:17.527+0000] {dag.py:3954} INFO - Setting next_dagrun for example_complex to None, run_after=None
[2024-05-26T09:35:17.564+0000] {processor.py:183} INFO - Processing /usr/local/python/3.10.13/lib/python3.10/site-packages/airflow/example_dags/example_complex.py took 0.088 seconds
[2024-05-26T09:36:16.334+0000] {processor.py:161} INFO - Started process (PID=51139) to work on /usr/local/python/3.10.13/lib/python3.10/site-packages/airflow/example_dags/example_complex.py
[2024-05-26T09:36:16.335+0000] {processor.py:830} INFO - Processing file /usr/local/python/3.10.13/lib/python3.10/site-packages/airflow/example_dags/example_complex.py for tasks to queue
[2024-05-26T09:36:16.336+0000] {logging_mixin.py:188} INFO - [2024-05-26T09:36:16.335+0000] {dagbag.py:545} INFO - Filling up the DagBag from /usr/local/python/3.10.13/lib/python3.10/site-packages/airflow/example_dags/example_complex.py
[2024-05-26T09:36:16.345+0000] {processor.py:840} INFO - DAG(s) 'example_complex' retrieved from /usr/local/python/3.10.13/lib/python3.10/site-packages/airflow/example_dags/example_complex.py
[2024-05-26T09:36:16.367+0000] {logging_mixin.py:188} INFO - [2024-05-26T09:36:16.367+0000] {dag.py:3096} INFO - Sync 1 DAGs
[2024-05-26T09:36:16.376+0000] {logging_mixin.py:188} INFO - [2024-05-26T09:36:16.376+0000] {dag.py:3954} INFO - Setting next_dagrun for example_complex to None, run_after=None
[2024-05-26T09:36:16.413+0000] {processor.py:183} INFO - Processing /usr/local/python/3.10.13/lib/python3.10/site-packages/airflow/example_dags/example_complex.py took 0.084 seconds
[2024-05-26T09:37:22.023+0000] {processor.py:161} INFO - Started process (PID=51584) to work on /usr/local/python/3.10.13/lib/python3.10/site-packages/airflow/example_dags/example_complex.py
[2024-05-26T09:37:22.024+0000] {processor.py:830} INFO - Processing file /usr/local/python/3.10.13/lib/python3.10/site-packages/airflow/example_dags/example_complex.py for tasks to queue
[2024-05-26T09:37:22.025+0000] {logging_mixin.py:188} INFO - [2024-05-26T09:37:22.025+0000] {dagbag.py:545} INFO - Filling up the DagBag from /usr/local/python/3.10.13/lib/python3.10/site-packages/airflow/example_dags/example_complex.py
[2024-05-26T09:37:22.034+0000] {processor.py:840} INFO - DAG(s) 'example_complex' retrieved from /usr/local/python/3.10.13/lib/python3.10/site-packages/airflow/example_dags/example_complex.py
[2024-05-26T09:37:22.056+0000] {logging_mixin.py:188} INFO - [2024-05-26T09:37:22.055+0000] {dag.py:3096} INFO - Sync 1 DAGs
[2024-05-26T09:37:22.064+0000] {logging_mixin.py:188} INFO - [2024-05-26T09:37:22.064+0000] {dag.py:3954} INFO - Setting next_dagrun for example_complex to None, run_after=None
[2024-05-26T09:37:22.099+0000] {processor.py:183} INFO - Processing /usr/local/python/3.10.13/lib/python3.10/site-packages/airflow/example_dags/example_complex.py took 0.081 seconds
[2024-05-26T09:38:22.947+0000] {processor.py:161} INFO - Started process (PID=52009) to work on /usr/local/python/3.10.13/lib/python3.10/site-packages/airflow/example_dags/example_complex.py
[2024-05-26T09:38:22.948+0000] {processor.py:830} INFO - Processing file /usr/local/python/3.10.13/lib/python3.10/site-packages/airflow/example_dags/example_complex.py for tasks to queue
[2024-05-26T09:38:22.949+0000] {logging_mixin.py:188} INFO - [2024-05-26T09:38:22.949+0000] {dagbag.py:545} INFO - Filling up the DagBag from /usr/local/python/3.10.13/lib/python3.10/site-packages/airflow/example_dags/example_complex.py
[2024-05-26T09:38:22.959+0000] {processor.py:840} INFO - DAG(s) 'example_complex' retrieved from /usr/local/python/3.10.13/lib/python3.10/site-packages/airflow/example_dags/example_complex.py
[2024-05-26T09:38:22.981+0000] {logging_mixin.py:188} INFO - [2024-05-26T09:38:22.981+0000] {dag.py:3096} INFO - Sync 1 DAGs
[2024-05-26T09:38:22.990+0000] {logging_mixin.py:188} INFO - [2024-05-26T09:38:22.990+0000] {dag.py:3954} INFO - Setting next_dagrun for example_complex to None, run_after=None
[2024-05-26T09:38:23.028+0000] {processor.py:183} INFO - Processing /usr/local/python/3.10.13/lib/python3.10/site-packages/airflow/example_dags/example_complex.py took 0.085 seconds
[2024-05-26T09:39:18.996+0000] {processor.py:161} INFO - Started process (PID=52412) to work on /usr/local/python/3.10.13/lib/python3.10/site-packages/airflow/example_dags/example_complex.py
[2024-05-26T09:39:18.997+0000] {processor.py:830} INFO - Processing file /usr/local/python/3.10.13/lib/python3.10/site-packages/airflow/example_dags/example_complex.py for tasks to queue
[2024-05-26T09:39:18.998+0000] {logging_mixin.py:188} INFO - [2024-05-26T09:39:18.998+0000] {dagbag.py:545} INFO - Filling up the DagBag from /usr/local/python/3.10.13/lib/python3.10/site-packages/airflow/example_dags/example_complex.py
[2024-05-26T09:39:19.008+0000] {processor.py:840} INFO - DAG(s) 'example_complex' retrieved from /usr/local/python/3.10.13/lib/python3.10/site-packages/airflow/example_dags/example_complex.py
[2024-05-26T09:39:19.031+0000] {logging_mixin.py:188} INFO - [2024-05-26T09:39:19.031+0000] {dag.py:3096} INFO - Sync 1 DAGs
[2024-05-26T09:39:19.040+0000] {logging_mixin.py:188} INFO - [2024-05-26T09:39:19.040+0000] {dag.py:3954} INFO - Setting next_dagrun for example_complex to None, run_after=None
[2024-05-26T09:39:19.076+0000] {processor.py:183} INFO - Processing /usr/local/python/3.10.13/lib/python3.10/site-packages/airflow/example_dags/example_complex.py took 0.085 seconds
[2024-05-26T09:40:25.182+0000] {processor.py:161} INFO - Started process (PID=52861) to work on /usr/local/python/3.10.13/lib/python3.10/site-packages/airflow/example_dags/example_complex.py
[2024-05-26T09:40:25.183+0000] {processor.py:830} INFO - Processing file /usr/local/python/3.10.13/lib/python3.10/site-packages/airflow/example_dags/example_complex.py for tasks to queue
[2024-05-26T09:40:25.184+0000] {logging_mixin.py:188} INFO - [2024-05-26T09:40:25.184+0000] {dagbag.py:545} INFO - Filling up the DagBag from /usr/local/python/3.10.13/lib/python3.10/site-packages/airflow/example_dags/example_complex.py
[2024-05-26T09:40:25.193+0000] {processor.py:840} INFO - DAG(s) 'example_complex' retrieved from /usr/local/python/3.10.13/lib/python3.10/site-packages/airflow/example_dags/example_complex.py
[2024-05-26T09:40:25.216+0000] {logging_mixin.py:188} INFO - [2024-05-26T09:40:25.215+0000] {dag.py:3096} INFO - Sync 1 DAGs
[2024-05-26T09:40:25.224+0000] {logging_mixin.py:188} INFO - [2024-05-26T09:40:25.224+0000] {dag.py:3954} INFO - Setting next_dagrun for example_complex to None, run_after=None
[2024-05-26T09:40:25.265+0000] {processor.py:183} INFO - Processing /usr/local/python/3.10.13/lib/python3.10/site-packages/airflow/example_dags/example_complex.py took 0.087 seconds
[2024-05-26T09:41:26.596+0000] {processor.py:161} INFO - Started process (PID=53285) to work on /usr/local/python/3.10.13/lib/python3.10/site-packages/airflow/example_dags/example_complex.py
[2024-05-26T09:41:26.596+0000] {processor.py:830} INFO - Processing file /usr/local/python/3.10.13/lib/python3.10/site-packages/airflow/example_dags/example_complex.py for tasks to queue
[2024-05-26T09:41:26.598+0000] {logging_mixin.py:188} INFO - [2024-05-26T09:41:26.597+0000] {dagbag.py:545} INFO - Filling up the DagBag from /usr/local/python/3.10.13/lib/python3.10/site-packages/airflow/example_dags/example_complex.py
[2024-05-26T09:41:26.607+0000] {processor.py:840} INFO - DAG(s) 'example_complex' retrieved from /usr/local/python/3.10.13/lib/python3.10/site-packages/airflow/example_dags/example_complex.py
[2024-05-26T09:41:26.629+0000] {logging_mixin.py:188} INFO - [2024-05-26T09:41:26.629+0000] {dag.py:3096} INFO - Sync 1 DAGs
[2024-05-26T09:41:26.638+0000] {logging_mixin.py:188} INFO - [2024-05-26T09:41:26.638+0000] {dag.py:3954} INFO - Setting next_dagrun for example_complex to None, run_after=None
[2024-05-26T09:41:26.674+0000] {processor.py:183} INFO - Processing /usr/local/python/3.10.13/lib/python3.10/site-packages/airflow/example_dags/example_complex.py took 0.083 seconds
[2024-05-26T09:42:27.096+0000] {processor.py:161} INFO - Started process (PID=53707) to work on /usr/local/python/3.10.13/lib/python3.10/site-packages/airflow/example_dags/example_complex.py
[2024-05-26T09:42:27.097+0000] {processor.py:830} INFO - Processing file /usr/local/python/3.10.13/lib/python3.10/site-packages/airflow/example_dags/example_complex.py for tasks to queue
[2024-05-26T09:42:27.098+0000] {logging_mixin.py:188} INFO - [2024-05-26T09:42:27.098+0000] {dagbag.py:545} INFO - Filling up the DagBag from /usr/local/python/3.10.13/lib/python3.10/site-packages/airflow/example_dags/example_complex.py
[2024-05-26T09:42:27.107+0000] {processor.py:840} INFO - DAG(s) 'example_complex' retrieved from /usr/local/python/3.10.13/lib/python3.10/site-packages/airflow/example_dags/example_complex.py
[2024-05-26T09:42:27.131+0000] {logging_mixin.py:188} INFO - [2024-05-26T09:42:27.131+0000] {dag.py:3096} INFO - Sync 1 DAGs
[2024-05-26T09:42:27.141+0000] {logging_mixin.py:188} INFO - [2024-05-26T09:42:27.141+0000] {dag.py:3954} INFO - Setting next_dagrun for example_complex to None, run_after=None
[2024-05-26T09:42:27.177+0000] {processor.py:183} INFO - Processing /usr/local/python/3.10.13/lib/python3.10/site-packages/airflow/example_dags/example_complex.py took 0.086 seconds
[2024-05-26T09:43:25.945+0000] {processor.py:161} INFO - Started process (PID=54125) to work on /usr/local/python/3.10.13/lib/python3.10/site-packages/airflow/example_dags/example_complex.py
[2024-05-26T09:43:25.946+0000] {processor.py:830} INFO - Processing file /usr/local/python/3.10.13/lib/python3.10/site-packages/airflow/example_dags/example_complex.py for tasks to queue
[2024-05-26T09:43:25.947+0000] {logging_mixin.py:188} INFO - [2024-05-26T09:43:25.947+0000] {dagbag.py:545} INFO - Filling up the DagBag from /usr/local/python/3.10.13/lib/python3.10/site-packages/airflow/example_dags/example_complex.py
[2024-05-26T09:43:25.956+0000] {processor.py:840} INFO - DAG(s) 'example_complex' retrieved from /usr/local/python/3.10.13/lib/python3.10/site-packages/airflow/example_dags/example_complex.py
[2024-05-26T09:43:25.980+0000] {logging_mixin.py:188} INFO - [2024-05-26T09:43:25.980+0000] {dag.py:3096} INFO - Sync 1 DAGs
[2024-05-26T09:43:25.989+0000] {logging_mixin.py:188} INFO - [2024-05-26T09:43:25.989+0000] {dag.py:3954} INFO - Setting next_dagrun for example_complex to None, run_after=None
[2024-05-26T09:43:26.025+0000] {processor.py:183} INFO - Processing /usr/local/python/3.10.13/lib/python3.10/site-packages/airflow/example_dags/example_complex.py took 0.084 seconds
[2024-05-26T09:44:27.623+0000] {processor.py:161} INFO - Started process (PID=54664) to work on /usr/local/python/3.10.13/lib/python3.10/site-packages/airflow/example_dags/example_complex.py
[2024-05-26T09:44:27.623+0000] {processor.py:830} INFO - Processing file /usr/local/python/3.10.13/lib/python3.10/site-packages/airflow/example_dags/example_complex.py for tasks to queue
[2024-05-26T09:44:27.625+0000] {logging_mixin.py:188} INFO - [2024-05-26T09:44:27.624+0000] {dagbag.py:545} INFO - Filling up the DagBag from /usr/local/python/3.10.13/lib/python3.10/site-packages/airflow/example_dags/example_complex.py
[2024-05-26T09:44:27.634+0000] {processor.py:840} INFO - DAG(s) 'example_complex' retrieved from /usr/local/python/3.10.13/lib/python3.10/site-packages/airflow/example_dags/example_complex.py
[2024-05-26T09:44:27.656+0000] {logging_mixin.py:188} INFO - [2024-05-26T09:44:27.656+0000] {dag.py:3096} INFO - Sync 1 DAGs
[2024-05-26T09:44:27.666+0000] {logging_mixin.py:188} INFO - [2024-05-26T09:44:27.666+0000] {dag.py:3954} INFO - Setting next_dagrun for example_complex to None, run_after=None
[2024-05-26T09:44:27.707+0000] {processor.py:183} INFO - Processing /usr/local/python/3.10.13/lib/python3.10/site-packages/airflow/example_dags/example_complex.py took 0.089 seconds
[2024-05-26T09:45:31.821+0000] {processor.py:161} INFO - Started process (PID=55404) to work on /usr/local/python/3.10.13/lib/python3.10/site-packages/airflow/example_dags/example_complex.py
[2024-05-26T09:45:31.822+0000] {processor.py:830} INFO - Processing file /usr/local/python/3.10.13/lib/python3.10/site-packages/airflow/example_dags/example_complex.py for tasks to queue
[2024-05-26T09:45:31.823+0000] {logging_mixin.py:188} INFO - [2024-05-26T09:45:31.823+0000] {dagbag.py:545} INFO - Filling up the DagBag from /usr/local/python/3.10.13/lib/python3.10/site-packages/airflow/example_dags/example_complex.py
[2024-05-26T09:45:31.836+0000] {processor.py:840} INFO - DAG(s) 'example_complex' retrieved from /usr/local/python/3.10.13/lib/python3.10/site-packages/airflow/example_dags/example_complex.py
[2024-05-26T09:45:31.858+0000] {logging_mixin.py:188} INFO - [2024-05-26T09:45:31.858+0000] {dag.py:3096} INFO - Sync 1 DAGs
[2024-05-26T09:45:31.868+0000] {logging_mixin.py:188} INFO - [2024-05-26T09:45:31.868+0000] {dag.py:3954} INFO - Setting next_dagrun for example_complex to None, run_after=None
[2024-05-26T09:45:31.904+0000] {processor.py:183} INFO - Processing /usr/local/python/3.10.13/lib/python3.10/site-packages/airflow/example_dags/example_complex.py took 0.087 seconds
[2024-05-26T09:46:28.902+0000] {processor.py:161} INFO - Started process (PID=56145) to work on /usr/local/python/3.10.13/lib/python3.10/site-packages/airflow/example_dags/example_complex.py
[2024-05-26T09:46:28.903+0000] {processor.py:830} INFO - Processing file /usr/local/python/3.10.13/lib/python3.10/site-packages/airflow/example_dags/example_complex.py for tasks to queue
[2024-05-26T09:46:28.904+0000] {logging_mixin.py:188} INFO - [2024-05-26T09:46:28.904+0000] {dagbag.py:545} INFO - Filling up the DagBag from /usr/local/python/3.10.13/lib/python3.10/site-packages/airflow/example_dags/example_complex.py
[2024-05-26T09:46:28.913+0000] {processor.py:840} INFO - DAG(s) 'example_complex' retrieved from /usr/local/python/3.10.13/lib/python3.10/site-packages/airflow/example_dags/example_complex.py
[2024-05-26T09:46:28.936+0000] {logging_mixin.py:188} INFO - [2024-05-26T09:46:28.936+0000] {dag.py:3096} INFO - Sync 1 DAGs
[2024-05-26T09:46:28.947+0000] {logging_mixin.py:188} INFO - [2024-05-26T09:46:28.946+0000] {dag.py:3954} INFO - Setting next_dagrun for example_complex to None, run_after=None
[2024-05-26T09:46:28.987+0000] {processor.py:183} INFO - Processing /usr/local/python/3.10.13/lib/python3.10/site-packages/airflow/example_dags/example_complex.py took 0.090 seconds
