[2024-05-26T09:10:52.353+0000] {processor.py:161} INFO - Started process (PID=40246) to work on /usr/local/python/3.10.13/lib/python3.10/site-packages/airflow/example_dags/example_sensor_decorator.py
[2024-05-26T09:10:52.354+0000] {processor.py:830} INFO - Processing file /usr/local/python/3.10.13/lib/python3.10/site-packages/airflow/example_dags/example_sensor_decorator.py for tasks to queue
[2024-05-26T09:10:52.355+0000] {logging_mixin.py:188} INFO - [2024-05-26T09:10:52.355+0000] {dagbag.py:545} INFO - Filling up the DagBag from /usr/local/python/3.10.13/lib/python3.10/site-packages/airflow/example_dags/example_sensor_decorator.py
[2024-05-26T09:10:52.360+0000] {processor.py:840} INFO - DAG(s) 'example_sensor_decorator' retrieved from /usr/local/python/3.10.13/lib/python3.10/site-packages/airflow/example_dags/example_sensor_decorator.py
[2024-05-26T09:10:52.373+0000] {logging_mixin.py:188} INFO - [2024-05-26T09:10:52.373+0000] {dag.py:3096} INFO - Sync 1 DAGs
[2024-05-26T09:10:52.464+0000] {logging_mixin.py:188} INFO - [2024-05-26T09:10:52.463+0000] {dag.py:3954} INFO - Setting next_dagrun for example_sensor_decorator to None, run_after=None
[2024-05-26T09:10:52.501+0000] {processor.py:183} INFO - Processing /usr/local/python/3.10.13/lib/python3.10/site-packages/airflow/example_dags/example_sensor_decorator.py took 0.153 seconds
[2024-05-26T09:11:44.887+0000] {processor.py:161} INFO - Started process (PID=40607) to work on /usr/local/python/3.10.13/lib/python3.10/site-packages/airflow/example_dags/example_sensor_decorator.py
[2024-05-26T09:11:44.887+0000] {processor.py:830} INFO - Processing file /usr/local/python/3.10.13/lib/python3.10/site-packages/airflow/example_dags/example_sensor_decorator.py for tasks to queue
[2024-05-26T09:11:44.889+0000] {logging_mixin.py:188} INFO - [2024-05-26T09:11:44.888+0000] {dagbag.py:545} INFO - Filling up the DagBag from /usr/local/python/3.10.13/lib/python3.10/site-packages/airflow/example_dags/example_sensor_decorator.py
[2024-05-26T09:11:44.893+0000] {processor.py:840} INFO - DAG(s) 'example_sensor_decorator' retrieved from /usr/local/python/3.10.13/lib/python3.10/site-packages/airflow/example_dags/example_sensor_decorator.py
[2024-05-26T09:11:44.905+0000] {logging_mixin.py:188} INFO - [2024-05-26T09:11:44.904+0000] {dag.py:3096} INFO - Sync 1 DAGs
[2024-05-26T09:11:44.913+0000] {logging_mixin.py:188} INFO - [2024-05-26T09:11:44.913+0000] {dag.py:3954} INFO - Setting next_dagrun for example_sensor_decorator to None, run_after=None
[2024-05-26T09:11:44.951+0000] {processor.py:183} INFO - Processing /usr/local/python/3.10.13/lib/python3.10/site-packages/airflow/example_dags/example_sensor_decorator.py took 0.070 seconds
[2024-05-26T09:12:35.940+0000] {processor.py:161} INFO - Started process (PID=41041) to work on /usr/local/python/3.10.13/lib/python3.10/site-packages/airflow/example_dags/example_sensor_decorator.py
[2024-05-26T09:12:35.941+0000] {processor.py:830} INFO - Processing file /usr/local/python/3.10.13/lib/python3.10/site-packages/airflow/example_dags/example_sensor_decorator.py for tasks to queue
[2024-05-26T09:12:35.942+0000] {logging_mixin.py:188} INFO - [2024-05-26T09:12:35.942+0000] {dagbag.py:545} INFO - Filling up the DagBag from /usr/local/python/3.10.13/lib/python3.10/site-packages/airflow/example_dags/example_sensor_decorator.py
[2024-05-26T09:12:35.947+0000] {processor.py:840} INFO - DAG(s) 'example_sensor_decorator' retrieved from /usr/local/python/3.10.13/lib/python3.10/site-packages/airflow/example_dags/example_sensor_decorator.py
[2024-05-26T09:12:35.958+0000] {logging_mixin.py:188} INFO - [2024-05-26T09:12:35.957+0000] {dag.py:3096} INFO - Sync 1 DAGs
[2024-05-26T09:12:35.967+0000] {logging_mixin.py:188} INFO - [2024-05-26T09:12:35.966+0000] {dag.py:3954} INFO - Setting next_dagrun for example_sensor_decorator to None, run_after=None
[2024-05-26T09:12:36.007+0000] {processor.py:183} INFO - Processing /usr/local/python/3.10.13/lib/python3.10/site-packages/airflow/example_dags/example_sensor_decorator.py took 0.072 seconds
[2024-05-26T09:13:36.951+0000] {processor.py:161} INFO - Started process (PID=41537) to work on /usr/local/python/3.10.13/lib/python3.10/site-packages/airflow/example_dags/example_sensor_decorator.py
[2024-05-26T09:13:36.951+0000] {processor.py:830} INFO - Processing file /usr/local/python/3.10.13/lib/python3.10/site-packages/airflow/example_dags/example_sensor_decorator.py for tasks to queue
[2024-05-26T09:13:36.953+0000] {logging_mixin.py:188} INFO - [2024-05-26T09:13:36.952+0000] {dagbag.py:545} INFO - Filling up the DagBag from /usr/local/python/3.10.13/lib/python3.10/site-packages/airflow/example_dags/example_sensor_decorator.py
[2024-05-26T09:13:36.957+0000] {processor.py:840} INFO - DAG(s) 'example_sensor_decorator' retrieved from /usr/local/python/3.10.13/lib/python3.10/site-packages/airflow/example_dags/example_sensor_decorator.py
[2024-05-26T09:13:36.968+0000] {logging_mixin.py:188} INFO - [2024-05-26T09:13:36.968+0000] {dag.py:3096} INFO - Sync 1 DAGs
[2024-05-26T09:13:36.976+0000] {logging_mixin.py:188} INFO - [2024-05-26T09:13:36.976+0000] {dag.py:3954} INFO - Setting next_dagrun for example_sensor_decorator to None, run_after=None
[2024-05-26T09:13:37.017+0000] {processor.py:183} INFO - Processing /usr/local/python/3.10.13/lib/python3.10/site-packages/airflow/example_dags/example_sensor_decorator.py took 0.071 seconds
[2024-05-26T09:14:41.902+0000] {processor.py:161} INFO - Started process (PID=41994) to work on /usr/local/python/3.10.13/lib/python3.10/site-packages/airflow/example_dags/example_sensor_decorator.py
[2024-05-26T09:14:41.902+0000] {processor.py:830} INFO - Processing file /usr/local/python/3.10.13/lib/python3.10/site-packages/airflow/example_dags/example_sensor_decorator.py for tasks to queue
[2024-05-26T09:14:41.904+0000] {logging_mixin.py:188} INFO - [2024-05-26T09:14:41.903+0000] {dagbag.py:545} INFO - Filling up the DagBag from /usr/local/python/3.10.13/lib/python3.10/site-packages/airflow/example_dags/example_sensor_decorator.py
[2024-05-26T09:14:41.909+0000] {processor.py:840} INFO - DAG(s) 'example_sensor_decorator' retrieved from /usr/local/python/3.10.13/lib/python3.10/site-packages/airflow/example_dags/example_sensor_decorator.py
[2024-05-26T09:14:41.920+0000] {logging_mixin.py:188} INFO - [2024-05-26T09:14:41.920+0000] {dag.py:3096} INFO - Sync 1 DAGs
[2024-05-26T09:14:41.929+0000] {logging_mixin.py:188} INFO - [2024-05-26T09:14:41.929+0000] {dag.py:3954} INFO - Setting next_dagrun for example_sensor_decorator to None, run_after=None
[2024-05-26T09:14:41.971+0000] {processor.py:183} INFO - Processing /usr/local/python/3.10.13/lib/python3.10/site-packages/airflow/example_dags/example_sensor_decorator.py took 0.074 seconds
[2024-05-26T09:15:45.107+0000] {processor.py:161} INFO - Started process (PID=42444) to work on /usr/local/python/3.10.13/lib/python3.10/site-packages/airflow/example_dags/example_sensor_decorator.py
[2024-05-26T09:15:45.107+0000] {processor.py:830} INFO - Processing file /usr/local/python/3.10.13/lib/python3.10/site-packages/airflow/example_dags/example_sensor_decorator.py for tasks to queue
[2024-05-26T09:15:45.109+0000] {logging_mixin.py:188} INFO - [2024-05-26T09:15:45.108+0000] {dagbag.py:545} INFO - Filling up the DagBag from /usr/local/python/3.10.13/lib/python3.10/site-packages/airflow/example_dags/example_sensor_decorator.py
[2024-05-26T09:15:45.114+0000] {processor.py:840} INFO - DAG(s) 'example_sensor_decorator' retrieved from /usr/local/python/3.10.13/lib/python3.10/site-packages/airflow/example_dags/example_sensor_decorator.py
[2024-05-26T09:15:45.125+0000] {logging_mixin.py:188} INFO - [2024-05-26T09:15:45.124+0000] {dag.py:3096} INFO - Sync 1 DAGs
[2024-05-26T09:15:45.133+0000] {logging_mixin.py:188} INFO - [2024-05-26T09:15:45.133+0000] {dag.py:3954} INFO - Setting next_dagrun for example_sensor_decorator to None, run_after=None
[2024-05-26T09:15:45.172+0000] {processor.py:183} INFO - Processing /usr/local/python/3.10.13/lib/python3.10/site-packages/airflow/example_dags/example_sensor_decorator.py took 0.070 seconds
[2024-05-26T09:16:46.278+0000] {processor.py:161} INFO - Started process (PID=42870) to work on /usr/local/python/3.10.13/lib/python3.10/site-packages/airflow/example_dags/example_sensor_decorator.py
[2024-05-26T09:16:46.279+0000] {processor.py:830} INFO - Processing file /usr/local/python/3.10.13/lib/python3.10/site-packages/airflow/example_dags/example_sensor_decorator.py for tasks to queue
[2024-05-26T09:16:46.280+0000] {logging_mixin.py:188} INFO - [2024-05-26T09:16:46.280+0000] {dagbag.py:545} INFO - Filling up the DagBag from /usr/local/python/3.10.13/lib/python3.10/site-packages/airflow/example_dags/example_sensor_decorator.py
[2024-05-26T09:16:46.285+0000] {processor.py:840} INFO - DAG(s) 'example_sensor_decorator' retrieved from /usr/local/python/3.10.13/lib/python3.10/site-packages/airflow/example_dags/example_sensor_decorator.py
[2024-05-26T09:16:46.296+0000] {logging_mixin.py:188} INFO - [2024-05-26T09:16:46.296+0000] {dag.py:3096} INFO - Sync 1 DAGs
[2024-05-26T09:16:46.305+0000] {logging_mixin.py:188} INFO - [2024-05-26T09:16:46.304+0000] {dag.py:3954} INFO - Setting next_dagrun for example_sensor_decorator to None, run_after=None
[2024-05-26T09:16:46.341+0000] {processor.py:183} INFO - Processing /usr/local/python/3.10.13/lib/python3.10/site-packages/airflow/example_dags/example_sensor_decorator.py took 0.067 seconds
[2024-05-26T09:17:52.076+0000] {processor.py:161} INFO - Started process (PID=43314) to work on /usr/local/python/3.10.13/lib/python3.10/site-packages/airflow/example_dags/example_sensor_decorator.py
[2024-05-26T09:17:52.077+0000] {processor.py:830} INFO - Processing file /usr/local/python/3.10.13/lib/python3.10/site-packages/airflow/example_dags/example_sensor_decorator.py for tasks to queue
[2024-05-26T09:17:52.078+0000] {logging_mixin.py:188} INFO - [2024-05-26T09:17:52.078+0000] {dagbag.py:545} INFO - Filling up the DagBag from /usr/local/python/3.10.13/lib/python3.10/site-packages/airflow/example_dags/example_sensor_decorator.py
[2024-05-26T09:17:52.083+0000] {processor.py:840} INFO - DAG(s) 'example_sensor_decorator' retrieved from /usr/local/python/3.10.13/lib/python3.10/site-packages/airflow/example_dags/example_sensor_decorator.py
[2024-05-26T09:17:52.094+0000] {logging_mixin.py:188} INFO - [2024-05-26T09:17:52.094+0000] {dag.py:3096} INFO - Sync 1 DAGs
[2024-05-26T09:17:52.103+0000] {logging_mixin.py:188} INFO - [2024-05-26T09:17:52.102+0000] {dag.py:3954} INFO - Setting next_dagrun for example_sensor_decorator to None, run_after=None
[2024-05-26T09:17:52.145+0000] {processor.py:183} INFO - Processing /usr/local/python/3.10.13/lib/python3.10/site-packages/airflow/example_dags/example_sensor_decorator.py took 0.074 seconds
[2024-05-26T09:18:54.568+0000] {processor.py:161} INFO - Started process (PID=43799) to work on /usr/local/python/3.10.13/lib/python3.10/site-packages/airflow/example_dags/example_sensor_decorator.py
[2024-05-26T09:18:54.569+0000] {processor.py:830} INFO - Processing file /usr/local/python/3.10.13/lib/python3.10/site-packages/airflow/example_dags/example_sensor_decorator.py for tasks to queue
[2024-05-26T09:18:54.570+0000] {logging_mixin.py:188} INFO - [2024-05-26T09:18:54.569+0000] {dagbag.py:545} INFO - Filling up the DagBag from /usr/local/python/3.10.13/lib/python3.10/site-packages/airflow/example_dags/example_sensor_decorator.py
[2024-05-26T09:18:54.574+0000] {processor.py:840} INFO - DAG(s) 'example_sensor_decorator' retrieved from /usr/local/python/3.10.13/lib/python3.10/site-packages/airflow/example_dags/example_sensor_decorator.py
[2024-05-26T09:18:54.586+0000] {logging_mixin.py:188} INFO - [2024-05-26T09:18:54.586+0000] {dag.py:3096} INFO - Sync 1 DAGs
[2024-05-26T09:18:54.595+0000] {logging_mixin.py:188} INFO - [2024-05-26T09:18:54.595+0000] {dag.py:3954} INFO - Setting next_dagrun for example_sensor_decorator to None, run_after=None
[2024-05-26T09:18:54.632+0000] {processor.py:183} INFO - Processing /usr/local/python/3.10.13/lib/python3.10/site-packages/airflow/example_dags/example_sensor_decorator.py took 0.069 seconds
[2024-05-26T09:19:59.341+0000] {processor.py:161} INFO - Started process (PID=44276) to work on /usr/local/python/3.10.13/lib/python3.10/site-packages/airflow/example_dags/example_sensor_decorator.py
[2024-05-26T09:19:59.342+0000] {processor.py:830} INFO - Processing file /usr/local/python/3.10.13/lib/python3.10/site-packages/airflow/example_dags/example_sensor_decorator.py for tasks to queue
[2024-05-26T09:19:59.343+0000] {logging_mixin.py:188} INFO - [2024-05-26T09:19:59.343+0000] {dagbag.py:545} INFO - Filling up the DagBag from /usr/local/python/3.10.13/lib/python3.10/site-packages/airflow/example_dags/example_sensor_decorator.py
[2024-05-26T09:19:59.348+0000] {processor.py:840} INFO - DAG(s) 'example_sensor_decorator' retrieved from /usr/local/python/3.10.13/lib/python3.10/site-packages/airflow/example_dags/example_sensor_decorator.py
[2024-05-26T09:19:59.359+0000] {logging_mixin.py:188} INFO - [2024-05-26T09:19:59.359+0000] {dag.py:3096} INFO - Sync 1 DAGs
[2024-05-26T09:19:59.368+0000] {logging_mixin.py:188} INFO - [2024-05-26T09:19:59.368+0000] {dag.py:3954} INFO - Setting next_dagrun for example_sensor_decorator to None, run_after=None
[2024-05-26T09:19:59.404+0000] {processor.py:183} INFO - Processing /usr/local/python/3.10.13/lib/python3.10/site-packages/airflow/example_dags/example_sensor_decorator.py took 0.068 seconds
[2024-05-26T09:21:00.952+0000] {processor.py:161} INFO - Started process (PID=44702) to work on /usr/local/python/3.10.13/lib/python3.10/site-packages/airflow/example_dags/example_sensor_decorator.py
[2024-05-26T09:21:00.953+0000] {processor.py:830} INFO - Processing file /usr/local/python/3.10.13/lib/python3.10/site-packages/airflow/example_dags/example_sensor_decorator.py for tasks to queue
[2024-05-26T09:21:00.954+0000] {logging_mixin.py:188} INFO - [2024-05-26T09:21:00.954+0000] {dagbag.py:545} INFO - Filling up the DagBag from /usr/local/python/3.10.13/lib/python3.10/site-packages/airflow/example_dags/example_sensor_decorator.py
[2024-05-26T09:21:00.959+0000] {processor.py:840} INFO - DAG(s) 'example_sensor_decorator' retrieved from /usr/local/python/3.10.13/lib/python3.10/site-packages/airflow/example_dags/example_sensor_decorator.py
[2024-05-26T09:21:00.970+0000] {logging_mixin.py:188} INFO - [2024-05-26T09:21:00.969+0000] {dag.py:3096} INFO - Sync 1 DAGs
[2024-05-26T09:21:00.978+0000] {logging_mixin.py:188} INFO - [2024-05-26T09:21:00.978+0000] {dag.py:3954} INFO - Setting next_dagrun for example_sensor_decorator to None, run_after=None
[2024-05-26T09:21:01.017+0000] {processor.py:183} INFO - Processing /usr/local/python/3.10.13/lib/python3.10/site-packages/airflow/example_dags/example_sensor_decorator.py took 0.070 seconds
[2024-05-26T09:21:45.199+0000] {processor.py:161} INFO - Started process (PID=45001) to work on /usr/local/python/3.10.13/lib/python3.10/site-packages/airflow/example_dags/example_sensor_decorator.py
[2024-05-26T09:21:45.200+0000] {processor.py:830} INFO - Processing file /usr/local/python/3.10.13/lib/python3.10/site-packages/airflow/example_dags/example_sensor_decorator.py for tasks to queue
[2024-05-26T09:21:45.201+0000] {logging_mixin.py:188} INFO - [2024-05-26T09:21:45.201+0000] {dagbag.py:545} INFO - Filling up the DagBag from /usr/local/python/3.10.13/lib/python3.10/site-packages/airflow/example_dags/example_sensor_decorator.py
[2024-05-26T09:21:45.206+0000] {processor.py:840} INFO - DAG(s) 'example_sensor_decorator' retrieved from /usr/local/python/3.10.13/lib/python3.10/site-packages/airflow/example_dags/example_sensor_decorator.py
[2024-05-26T09:21:45.217+0000] {logging_mixin.py:188} INFO - [2024-05-26T09:21:45.217+0000] {dag.py:3096} INFO - Sync 1 DAGs
[2024-05-26T09:21:45.226+0000] {logging_mixin.py:188} INFO - [2024-05-26T09:21:45.226+0000] {dag.py:3954} INFO - Setting next_dagrun for example_sensor_decorator to None, run_after=None
[2024-05-26T09:21:45.267+0000] {processor.py:183} INFO - Processing /usr/local/python/3.10.13/lib/python3.10/site-packages/airflow/example_dags/example_sensor_decorator.py took 0.072 seconds
[2024-05-26T09:22:42.454+0000] {processor.py:161} INFO - Started process (PID=45410) to work on /usr/local/python/3.10.13/lib/python3.10/site-packages/airflow/example_dags/example_sensor_decorator.py
[2024-05-26T09:22:42.455+0000] {processor.py:830} INFO - Processing file /usr/local/python/3.10.13/lib/python3.10/site-packages/airflow/example_dags/example_sensor_decorator.py for tasks to queue
[2024-05-26T09:22:42.456+0000] {logging_mixin.py:188} INFO - [2024-05-26T09:22:42.456+0000] {dagbag.py:545} INFO - Filling up the DagBag from /usr/local/python/3.10.13/lib/python3.10/site-packages/airflow/example_dags/example_sensor_decorator.py
[2024-05-26T09:22:42.461+0000] {processor.py:840} INFO - DAG(s) 'example_sensor_decorator' retrieved from /usr/local/python/3.10.13/lib/python3.10/site-packages/airflow/example_dags/example_sensor_decorator.py
[2024-05-26T09:22:42.473+0000] {logging_mixin.py:188} INFO - [2024-05-26T09:22:42.472+0000] {dag.py:3096} INFO - Sync 1 DAGs
[2024-05-26T09:22:42.482+0000] {logging_mixin.py:188} INFO - [2024-05-26T09:22:42.482+0000] {dag.py:3954} INFO - Setting next_dagrun for example_sensor_decorator to None, run_after=None
[2024-05-26T09:22:42.523+0000] {processor.py:183} INFO - Processing /usr/local/python/3.10.13/lib/python3.10/site-packages/airflow/example_dags/example_sensor_decorator.py took 0.074 seconds
[2024-05-26T09:23:43.758+0000] {processor.py:161} INFO - Started process (PID=45831) to work on /usr/local/python/3.10.13/lib/python3.10/site-packages/airflow/example_dags/example_sensor_decorator.py
[2024-05-26T09:23:43.758+0000] {processor.py:830} INFO - Processing file /usr/local/python/3.10.13/lib/python3.10/site-packages/airflow/example_dags/example_sensor_decorator.py for tasks to queue
[2024-05-26T09:23:43.760+0000] {logging_mixin.py:188} INFO - [2024-05-26T09:23:43.760+0000] {dagbag.py:545} INFO - Filling up the DagBag from /usr/local/python/3.10.13/lib/python3.10/site-packages/airflow/example_dags/example_sensor_decorator.py
[2024-05-26T09:23:43.765+0000] {processor.py:840} INFO - DAG(s) 'example_sensor_decorator' retrieved from /usr/local/python/3.10.13/lib/python3.10/site-packages/airflow/example_dags/example_sensor_decorator.py
[2024-05-26T09:23:43.776+0000] {logging_mixin.py:188} INFO - [2024-05-26T09:23:43.776+0000] {dag.py:3096} INFO - Sync 1 DAGs
[2024-05-26T09:23:43.785+0000] {logging_mixin.py:188} INFO - [2024-05-26T09:23:43.785+0000] {dag.py:3954} INFO - Setting next_dagrun for example_sensor_decorator to None, run_after=None
[2024-05-26T09:23:43.822+0000] {processor.py:183} INFO - Processing /usr/local/python/3.10.13/lib/python3.10/site-packages/airflow/example_dags/example_sensor_decorator.py took 0.069 seconds
[2024-05-26T09:24:44.612+0000] {processor.py:161} INFO - Started process (PID=46256) to work on /usr/local/python/3.10.13/lib/python3.10/site-packages/airflow/example_dags/example_sensor_decorator.py
[2024-05-26T09:24:44.613+0000] {processor.py:830} INFO - Processing file /usr/local/python/3.10.13/lib/python3.10/site-packages/airflow/example_dags/example_sensor_decorator.py for tasks to queue
[2024-05-26T09:24:44.615+0000] {logging_mixin.py:188} INFO - [2024-05-26T09:24:44.615+0000] {dagbag.py:545} INFO - Filling up the DagBag from /usr/local/python/3.10.13/lib/python3.10/site-packages/airflow/example_dags/example_sensor_decorator.py
[2024-05-26T09:24:44.619+0000] {processor.py:840} INFO - DAG(s) 'example_sensor_decorator' retrieved from /usr/local/python/3.10.13/lib/python3.10/site-packages/airflow/example_dags/example_sensor_decorator.py
[2024-05-26T09:24:44.631+0000] {logging_mixin.py:188} INFO - [2024-05-26T09:24:44.630+0000] {dag.py:3096} INFO - Sync 1 DAGs
[2024-05-26T09:24:44.640+0000] {logging_mixin.py:188} INFO - [2024-05-26T09:24:44.640+0000] {dag.py:3954} INFO - Setting next_dagrun for example_sensor_decorator to None, run_after=None
[2024-05-26T09:24:44.676+0000] {processor.py:183} INFO - Processing /usr/local/python/3.10.13/lib/python3.10/site-packages/airflow/example_dags/example_sensor_decorator.py took 0.068 seconds
[2024-05-26T09:25:45.823+0000] {processor.py:161} INFO - Started process (PID=46697) to work on /usr/local/python/3.10.13/lib/python3.10/site-packages/airflow/example_dags/example_sensor_decorator.py
[2024-05-26T09:25:45.824+0000] {processor.py:830} INFO - Processing file /usr/local/python/3.10.13/lib/python3.10/site-packages/airflow/example_dags/example_sensor_decorator.py for tasks to queue
[2024-05-26T09:25:45.825+0000] {logging_mixin.py:188} INFO - [2024-05-26T09:25:45.825+0000] {dagbag.py:545} INFO - Filling up the DagBag from /usr/local/python/3.10.13/lib/python3.10/site-packages/airflow/example_dags/example_sensor_decorator.py
[2024-05-26T09:25:45.830+0000] {processor.py:840} INFO - DAG(s) 'example_sensor_decorator' retrieved from /usr/local/python/3.10.13/lib/python3.10/site-packages/airflow/example_dags/example_sensor_decorator.py
[2024-05-26T09:25:45.841+0000] {logging_mixin.py:188} INFO - [2024-05-26T09:25:45.841+0000] {dag.py:3096} INFO - Sync 1 DAGs
[2024-05-26T09:25:45.850+0000] {logging_mixin.py:188} INFO - [2024-05-26T09:25:45.850+0000] {dag.py:3954} INFO - Setting next_dagrun for example_sensor_decorator to None, run_after=None
[2024-05-26T09:25:45.887+0000] {processor.py:183} INFO - Processing /usr/local/python/3.10.13/lib/python3.10/site-packages/airflow/example_dags/example_sensor_decorator.py took 0.069 seconds
[2024-05-26T09:26:48.164+0000] {processor.py:161} INFO - Started process (PID=47158) to work on /usr/local/python/3.10.13/lib/python3.10/site-packages/airflow/example_dags/example_sensor_decorator.py
[2024-05-26T09:26:48.164+0000] {processor.py:830} INFO - Processing file /usr/local/python/3.10.13/lib/python3.10/site-packages/airflow/example_dags/example_sensor_decorator.py for tasks to queue
[2024-05-26T09:26:48.166+0000] {logging_mixin.py:188} INFO - [2024-05-26T09:26:48.165+0000] {dagbag.py:545} INFO - Filling up the DagBag from /usr/local/python/3.10.13/lib/python3.10/site-packages/airflow/example_dags/example_sensor_decorator.py
[2024-05-26T09:26:48.170+0000] {processor.py:840} INFO - DAG(s) 'example_sensor_decorator' retrieved from /usr/local/python/3.10.13/lib/python3.10/site-packages/airflow/example_dags/example_sensor_decorator.py
[2024-05-26T09:26:48.181+0000] {logging_mixin.py:188} INFO - [2024-05-26T09:26:48.181+0000] {dag.py:3096} INFO - Sync 1 DAGs
[2024-05-26T09:26:48.191+0000] {logging_mixin.py:188} INFO - [2024-05-26T09:26:48.191+0000] {dag.py:3954} INFO - Setting next_dagrun for example_sensor_decorator to None, run_after=None
[2024-05-26T09:26:48.235+0000] {processor.py:183} INFO - Processing /usr/local/python/3.10.13/lib/python3.10/site-packages/airflow/example_dags/example_sensor_decorator.py took 0.075 seconds
[2024-05-26T09:27:49.099+0000] {processor.py:161} INFO - Started process (PID=47590) to work on /usr/local/python/3.10.13/lib/python3.10/site-packages/airflow/example_dags/example_sensor_decorator.py
[2024-05-26T09:27:49.100+0000] {processor.py:830} INFO - Processing file /usr/local/python/3.10.13/lib/python3.10/site-packages/airflow/example_dags/example_sensor_decorator.py for tasks to queue
[2024-05-26T09:27:49.101+0000] {logging_mixin.py:188} INFO - [2024-05-26T09:27:49.101+0000] {dagbag.py:545} INFO - Filling up the DagBag from /usr/local/python/3.10.13/lib/python3.10/site-packages/airflow/example_dags/example_sensor_decorator.py
[2024-05-26T09:27:49.107+0000] {processor.py:840} INFO - DAG(s) 'example_sensor_decorator' retrieved from /usr/local/python/3.10.13/lib/python3.10/site-packages/airflow/example_dags/example_sensor_decorator.py
[2024-05-26T09:27:49.119+0000] {logging_mixin.py:188} INFO - [2024-05-26T09:27:49.119+0000] {dag.py:3096} INFO - Sync 1 DAGs
[2024-05-26T09:27:49.128+0000] {logging_mixin.py:188} INFO - [2024-05-26T09:27:49.128+0000] {dag.py:3954} INFO - Setting next_dagrun for example_sensor_decorator to None, run_after=None
[2024-05-26T09:27:49.186+0000] {processor.py:183} INFO - Processing /usr/local/python/3.10.13/lib/python3.10/site-packages/airflow/example_dags/example_sensor_decorator.py took 0.094 seconds
[2024-05-26T09:28:50.415+0000] {processor.py:161} INFO - Started process (PID=48013) to work on /usr/local/python/3.10.13/lib/python3.10/site-packages/airflow/example_dags/example_sensor_decorator.py
[2024-05-26T09:28:50.416+0000] {processor.py:830} INFO - Processing file /usr/local/python/3.10.13/lib/python3.10/site-packages/airflow/example_dags/example_sensor_decorator.py for tasks to queue
[2024-05-26T09:28:50.418+0000] {logging_mixin.py:188} INFO - [2024-05-26T09:28:50.418+0000] {dagbag.py:545} INFO - Filling up the DagBag from /usr/local/python/3.10.13/lib/python3.10/site-packages/airflow/example_dags/example_sensor_decorator.py
[2024-05-26T09:28:50.422+0000] {processor.py:840} INFO - DAG(s) 'example_sensor_decorator' retrieved from /usr/local/python/3.10.13/lib/python3.10/site-packages/airflow/example_dags/example_sensor_decorator.py
[2024-05-26T09:28:50.433+0000] {logging_mixin.py:188} INFO - [2024-05-26T09:28:50.433+0000] {dag.py:3096} INFO - Sync 1 DAGs
[2024-05-26T09:28:50.442+0000] {logging_mixin.py:188} INFO - [2024-05-26T09:28:50.442+0000] {dag.py:3954} INFO - Setting next_dagrun for example_sensor_decorator to None, run_after=None
[2024-05-26T09:28:50.479+0000] {processor.py:183} INFO - Processing /usr/local/python/3.10.13/lib/python3.10/site-packages/airflow/example_dags/example_sensor_decorator.py took 0.069 seconds
[2024-05-26T09:29:53.577+0000] {processor.py:161} INFO - Started process (PID=48443) to work on /usr/local/python/3.10.13/lib/python3.10/site-packages/airflow/example_dags/example_sensor_decorator.py
[2024-05-26T09:29:53.578+0000] {processor.py:830} INFO - Processing file /usr/local/python/3.10.13/lib/python3.10/site-packages/airflow/example_dags/example_sensor_decorator.py for tasks to queue
[2024-05-26T09:29:53.580+0000] {logging_mixin.py:188} INFO - [2024-05-26T09:29:53.579+0000] {dagbag.py:545} INFO - Filling up the DagBag from /usr/local/python/3.10.13/lib/python3.10/site-packages/airflow/example_dags/example_sensor_decorator.py
[2024-05-26T09:29:53.584+0000] {processor.py:840} INFO - DAG(s) 'example_sensor_decorator' retrieved from /usr/local/python/3.10.13/lib/python3.10/site-packages/airflow/example_dags/example_sensor_decorator.py
[2024-05-26T09:29:53.598+0000] {logging_mixin.py:188} INFO - [2024-05-26T09:29:53.597+0000] {dag.py:3096} INFO - Sync 1 DAGs
[2024-05-26T09:29:53.613+0000] {logging_mixin.py:188} INFO - [2024-05-26T09:29:53.612+0000] {dag.py:3954} INFO - Setting next_dagrun for example_sensor_decorator to None, run_after=None
[2024-05-26T09:29:53.656+0000] {processor.py:183} INFO - Processing /usr/local/python/3.10.13/lib/python3.10/site-packages/airflow/example_dags/example_sensor_decorator.py took 0.083 seconds
[2024-05-26T09:30:51.371+0000] {processor.py:161} INFO - Started process (PID=48855) to work on /usr/local/python/3.10.13/lib/python3.10/site-packages/airflow/example_dags/example_sensor_decorator.py
[2024-05-26T09:30:51.372+0000] {processor.py:830} INFO - Processing file /usr/local/python/3.10.13/lib/python3.10/site-packages/airflow/example_dags/example_sensor_decorator.py for tasks to queue
[2024-05-26T09:30:51.373+0000] {logging_mixin.py:188} INFO - [2024-05-26T09:30:51.373+0000] {dagbag.py:545} INFO - Filling up the DagBag from /usr/local/python/3.10.13/lib/python3.10/site-packages/airflow/example_dags/example_sensor_decorator.py
[2024-05-26T09:30:51.378+0000] {processor.py:840} INFO - DAG(s) 'example_sensor_decorator' retrieved from /usr/local/python/3.10.13/lib/python3.10/site-packages/airflow/example_dags/example_sensor_decorator.py
[2024-05-26T09:30:51.390+0000] {logging_mixin.py:188} INFO - [2024-05-26T09:30:51.389+0000] {dag.py:3096} INFO - Sync 1 DAGs
[2024-05-26T09:30:51.399+0000] {logging_mixin.py:188} INFO - [2024-05-26T09:30:51.399+0000] {dag.py:3954} INFO - Setting next_dagrun for example_sensor_decorator to None, run_after=None
[2024-05-26T09:30:51.448+0000] {processor.py:183} INFO - Processing /usr/local/python/3.10.13/lib/python3.10/site-packages/airflow/example_dags/example_sensor_decorator.py took 0.081 seconds
[2024-05-26T09:31:56.497+0000] {processor.py:161} INFO - Started process (PID=49298) to work on /usr/local/python/3.10.13/lib/python3.10/site-packages/airflow/example_dags/example_sensor_decorator.py
[2024-05-26T09:31:56.498+0000] {processor.py:830} INFO - Processing file /usr/local/python/3.10.13/lib/python3.10/site-packages/airflow/example_dags/example_sensor_decorator.py for tasks to queue
[2024-05-26T09:31:56.499+0000] {logging_mixin.py:188} INFO - [2024-05-26T09:31:56.499+0000] {dagbag.py:545} INFO - Filling up the DagBag from /usr/local/python/3.10.13/lib/python3.10/site-packages/airflow/example_dags/example_sensor_decorator.py
[2024-05-26T09:31:56.504+0000] {processor.py:840} INFO - DAG(s) 'example_sensor_decorator' retrieved from /usr/local/python/3.10.13/lib/python3.10/site-packages/airflow/example_dags/example_sensor_decorator.py
[2024-05-26T09:31:56.515+0000] {logging_mixin.py:188} INFO - [2024-05-26T09:31:56.515+0000] {dag.py:3096} INFO - Sync 1 DAGs
[2024-05-26T09:31:56.523+0000] {logging_mixin.py:188} INFO - [2024-05-26T09:31:56.523+0000] {dag.py:3954} INFO - Setting next_dagrun for example_sensor_decorator to None, run_after=None
[2024-05-26T09:31:56.559+0000] {processor.py:183} INFO - Processing /usr/local/python/3.10.13/lib/python3.10/site-packages/airflow/example_dags/example_sensor_decorator.py took 0.066 seconds
[2024-05-26T09:32:58.376+0000] {processor.py:161} INFO - Started process (PID=49734) to work on /usr/local/python/3.10.13/lib/python3.10/site-packages/airflow/example_dags/example_sensor_decorator.py
[2024-05-26T09:32:58.377+0000] {processor.py:830} INFO - Processing file /usr/local/python/3.10.13/lib/python3.10/site-packages/airflow/example_dags/example_sensor_decorator.py for tasks to queue
[2024-05-26T09:32:58.380+0000] {logging_mixin.py:188} INFO - [2024-05-26T09:32:58.379+0000] {dagbag.py:545} INFO - Filling up the DagBag from /usr/local/python/3.10.13/lib/python3.10/site-packages/airflow/example_dags/example_sensor_decorator.py
[2024-05-26T09:32:58.386+0000] {processor.py:840} INFO - DAG(s) 'example_sensor_decorator' retrieved from /usr/local/python/3.10.13/lib/python3.10/site-packages/airflow/example_dags/example_sensor_decorator.py
[2024-05-26T09:32:58.402+0000] {logging_mixin.py:188} INFO - [2024-05-26T09:32:58.402+0000] {dag.py:3096} INFO - Sync 1 DAGs
[2024-05-26T09:32:58.417+0000] {logging_mixin.py:188} INFO - [2024-05-26T09:32:58.417+0000] {dag.py:3954} INFO - Setting next_dagrun for example_sensor_decorator to None, run_after=None
[2024-05-26T09:32:58.469+0000] {processor.py:183} INFO - Processing /usr/local/python/3.10.13/lib/python3.10/site-packages/airflow/example_dags/example_sensor_decorator.py took 0.100 seconds
[2024-05-26T09:33:57.185+0000] {processor.py:161} INFO - Started process (PID=50154) to work on /usr/local/python/3.10.13/lib/python3.10/site-packages/airflow/example_dags/example_sensor_decorator.py
[2024-05-26T09:33:57.186+0000] {processor.py:830} INFO - Processing file /usr/local/python/3.10.13/lib/python3.10/site-packages/airflow/example_dags/example_sensor_decorator.py for tasks to queue
[2024-05-26T09:33:57.188+0000] {logging_mixin.py:188} INFO - [2024-05-26T09:33:57.187+0000] {dagbag.py:545} INFO - Filling up the DagBag from /usr/local/python/3.10.13/lib/python3.10/site-packages/airflow/example_dags/example_sensor_decorator.py
[2024-05-26T09:33:57.192+0000] {processor.py:840} INFO - DAG(s) 'example_sensor_decorator' retrieved from /usr/local/python/3.10.13/lib/python3.10/site-packages/airflow/example_dags/example_sensor_decorator.py
[2024-05-26T09:33:57.203+0000] {logging_mixin.py:188} INFO - [2024-05-26T09:33:57.203+0000] {dag.py:3096} INFO - Sync 1 DAGs
[2024-05-26T09:33:57.213+0000] {logging_mixin.py:188} INFO - [2024-05-26T09:33:57.213+0000] {dag.py:3954} INFO - Setting next_dagrun for example_sensor_decorator to None, run_after=None
[2024-05-26T09:33:57.248+0000] {processor.py:183} INFO - Processing /usr/local/python/3.10.13/lib/python3.10/site-packages/airflow/example_dags/example_sensor_decorator.py took 0.069 seconds
[2024-05-26T09:34:55.566+0000] {processor.py:161} INFO - Started process (PID=50572) to work on /usr/local/python/3.10.13/lib/python3.10/site-packages/airflow/example_dags/example_sensor_decorator.py
[2024-05-26T09:34:55.567+0000] {processor.py:830} INFO - Processing file /usr/local/python/3.10.13/lib/python3.10/site-packages/airflow/example_dags/example_sensor_decorator.py for tasks to queue
[2024-05-26T09:34:55.568+0000] {logging_mixin.py:188} INFO - [2024-05-26T09:34:55.568+0000] {dagbag.py:545} INFO - Filling up the DagBag from /usr/local/python/3.10.13/lib/python3.10/site-packages/airflow/example_dags/example_sensor_decorator.py
[2024-05-26T09:34:55.573+0000] {processor.py:840} INFO - DAG(s) 'example_sensor_decorator' retrieved from /usr/local/python/3.10.13/lib/python3.10/site-packages/airflow/example_dags/example_sensor_decorator.py
[2024-05-26T09:34:55.584+0000] {logging_mixin.py:188} INFO - [2024-05-26T09:34:55.584+0000] {dag.py:3096} INFO - Sync 1 DAGs
[2024-05-26T09:34:55.593+0000] {logging_mixin.py:188} INFO - [2024-05-26T09:34:55.593+0000] {dag.py:3954} INFO - Setting next_dagrun for example_sensor_decorator to None, run_after=None
[2024-05-26T09:34:55.630+0000] {processor.py:183} INFO - Processing /usr/local/python/3.10.13/lib/python3.10/site-packages/airflow/example_dags/example_sensor_decorator.py took 0.069 seconds
[2024-05-26T09:35:55.960+0000] {processor.py:161} INFO - Started process (PID=50994) to work on /usr/local/python/3.10.13/lib/python3.10/site-packages/airflow/example_dags/example_sensor_decorator.py
[2024-05-26T09:35:55.960+0000] {processor.py:830} INFO - Processing file /usr/local/python/3.10.13/lib/python3.10/site-packages/airflow/example_dags/example_sensor_decorator.py for tasks to queue
[2024-05-26T09:35:55.962+0000] {logging_mixin.py:188} INFO - [2024-05-26T09:35:55.961+0000] {dagbag.py:545} INFO - Filling up the DagBag from /usr/local/python/3.10.13/lib/python3.10/site-packages/airflow/example_dags/example_sensor_decorator.py
[2024-05-26T09:35:55.966+0000] {processor.py:840} INFO - DAG(s) 'example_sensor_decorator' retrieved from /usr/local/python/3.10.13/lib/python3.10/site-packages/airflow/example_dags/example_sensor_decorator.py
[2024-05-26T09:35:55.978+0000] {logging_mixin.py:188} INFO - [2024-05-26T09:35:55.977+0000] {dag.py:3096} INFO - Sync 1 DAGs
[2024-05-26T09:35:55.986+0000] {logging_mixin.py:188} INFO - [2024-05-26T09:35:55.986+0000] {dag.py:3954} INFO - Setting next_dagrun for example_sensor_decorator to None, run_after=None
[2024-05-26T09:35:56.023+0000] {processor.py:183} INFO - Processing /usr/local/python/3.10.13/lib/python3.10/site-packages/airflow/example_dags/example_sensor_decorator.py took 0.068 seconds
[2024-05-26T09:36:58.008+0000] {processor.py:161} INFO - Started process (PID=51431) to work on /usr/local/python/3.10.13/lib/python3.10/site-packages/airflow/example_dags/example_sensor_decorator.py
[2024-05-26T09:36:58.009+0000] {processor.py:830} INFO - Processing file /usr/local/python/3.10.13/lib/python3.10/site-packages/airflow/example_dags/example_sensor_decorator.py for tasks to queue
[2024-05-26T09:36:58.011+0000] {logging_mixin.py:188} INFO - [2024-05-26T09:36:58.011+0000] {dagbag.py:545} INFO - Filling up the DagBag from /usr/local/python/3.10.13/lib/python3.10/site-packages/airflow/example_dags/example_sensor_decorator.py
[2024-05-26T09:36:58.018+0000] {processor.py:840} INFO - DAG(s) 'example_sensor_decorator' retrieved from /usr/local/python/3.10.13/lib/python3.10/site-packages/airflow/example_dags/example_sensor_decorator.py
[2024-05-26T09:36:58.034+0000] {logging_mixin.py:188} INFO - [2024-05-26T09:36:58.034+0000] {dag.py:3096} INFO - Sync 1 DAGs
[2024-05-26T09:36:58.043+0000] {logging_mixin.py:188} INFO - [2024-05-26T09:36:58.043+0000] {dag.py:3954} INFO - Setting next_dagrun for example_sensor_decorator to None, run_after=None
[2024-05-26T09:36:58.079+0000] {processor.py:183} INFO - Processing /usr/local/python/3.10.13/lib/python3.10/site-packages/airflow/example_dags/example_sensor_decorator.py took 0.078 seconds
[2024-05-26T09:37:43.703+0000] {processor.py:161} INFO - Started process (PID=51732) to work on /usr/local/python/3.10.13/lib/python3.10/site-packages/airflow/example_dags/example_sensor_decorator.py
[2024-05-26T09:37:43.703+0000] {processor.py:830} INFO - Processing file /usr/local/python/3.10.13/lib/python3.10/site-packages/airflow/example_dags/example_sensor_decorator.py for tasks to queue
[2024-05-26T09:37:43.705+0000] {logging_mixin.py:188} INFO - [2024-05-26T09:37:43.704+0000] {dagbag.py:545} INFO - Filling up the DagBag from /usr/local/python/3.10.13/lib/python3.10/site-packages/airflow/example_dags/example_sensor_decorator.py
[2024-05-26T09:37:43.710+0000] {processor.py:840} INFO - DAG(s) 'example_sensor_decorator' retrieved from /usr/local/python/3.10.13/lib/python3.10/site-packages/airflow/example_dags/example_sensor_decorator.py
[2024-05-26T09:37:43.721+0000] {logging_mixin.py:188} INFO - [2024-05-26T09:37:43.721+0000] {dag.py:3096} INFO - Sync 1 DAGs
[2024-05-26T09:37:43.730+0000] {logging_mixin.py:188} INFO - [2024-05-26T09:37:43.729+0000] {dag.py:3954} INFO - Setting next_dagrun for example_sensor_decorator to None, run_after=None
[2024-05-26T09:37:43.768+0000] {processor.py:183} INFO - Processing /usr/local/python/3.10.13/lib/python3.10/site-packages/airflow/example_dags/example_sensor_decorator.py took 0.070 seconds
[2024-05-26T09:38:40.736+0000] {processor.py:161} INFO - Started process (PID=52143) to work on /usr/local/python/3.10.13/lib/python3.10/site-packages/airflow/example_dags/example_sensor_decorator.py
[2024-05-26T09:38:40.737+0000] {processor.py:830} INFO - Processing file /usr/local/python/3.10.13/lib/python3.10/site-packages/airflow/example_dags/example_sensor_decorator.py for tasks to queue
[2024-05-26T09:38:40.738+0000] {logging_mixin.py:188} INFO - [2024-05-26T09:38:40.738+0000] {dagbag.py:545} INFO - Filling up the DagBag from /usr/local/python/3.10.13/lib/python3.10/site-packages/airflow/example_dags/example_sensor_decorator.py
[2024-05-26T09:38:40.743+0000] {processor.py:840} INFO - DAG(s) 'example_sensor_decorator' retrieved from /usr/local/python/3.10.13/lib/python3.10/site-packages/airflow/example_dags/example_sensor_decorator.py
[2024-05-26T09:38:40.755+0000] {logging_mixin.py:188} INFO - [2024-05-26T09:38:40.754+0000] {dag.py:3096} INFO - Sync 1 DAGs
[2024-05-26T09:38:40.764+0000] {logging_mixin.py:188} INFO - [2024-05-26T09:38:40.763+0000] {dag.py:3954} INFO - Setting next_dagrun for example_sensor_decorator to None, run_after=None
[2024-05-26T09:38:40.799+0000] {processor.py:183} INFO - Processing /usr/local/python/3.10.13/lib/python3.10/site-packages/airflow/example_dags/example_sensor_decorator.py took 0.068 seconds
[2024-05-26T09:39:40.638+0000] {processor.py:161} INFO - Started process (PID=52564) to work on /usr/local/python/3.10.13/lib/python3.10/site-packages/airflow/example_dags/example_sensor_decorator.py
[2024-05-26T09:39:40.638+0000] {processor.py:830} INFO - Processing file /usr/local/python/3.10.13/lib/python3.10/site-packages/airflow/example_dags/example_sensor_decorator.py for tasks to queue
[2024-05-26T09:39:40.640+0000] {logging_mixin.py:188} INFO - [2024-05-26T09:39:40.640+0000] {dagbag.py:545} INFO - Filling up the DagBag from /usr/local/python/3.10.13/lib/python3.10/site-packages/airflow/example_dags/example_sensor_decorator.py
[2024-05-26T09:39:40.645+0000] {processor.py:840} INFO - DAG(s) 'example_sensor_decorator' retrieved from /usr/local/python/3.10.13/lib/python3.10/site-packages/airflow/example_dags/example_sensor_decorator.py
[2024-05-26T09:39:40.656+0000] {logging_mixin.py:188} INFO - [2024-05-26T09:39:40.655+0000] {dag.py:3096} INFO - Sync 1 DAGs
[2024-05-26T09:39:40.665+0000] {logging_mixin.py:188} INFO - [2024-05-26T09:39:40.664+0000] {dag.py:3954} INFO - Setting next_dagrun for example_sensor_decorator to None, run_after=None
[2024-05-26T09:39:40.701+0000] {processor.py:183} INFO - Processing /usr/local/python/3.10.13/lib/python3.10/site-packages/airflow/example_dags/example_sensor_decorator.py took 0.068 seconds
[2024-05-26T09:40:24.047+0000] {processor.py:161} INFO - Started process (PID=52860) to work on /usr/local/python/3.10.13/lib/python3.10/site-packages/airflow/example_dags/example_sensor_decorator.py
[2024-05-26T09:40:24.048+0000] {processor.py:830} INFO - Processing file /usr/local/python/3.10.13/lib/python3.10/site-packages/airflow/example_dags/example_sensor_decorator.py for tasks to queue
[2024-05-26T09:40:24.049+0000] {logging_mixin.py:188} INFO - [2024-05-26T09:40:24.049+0000] {dagbag.py:545} INFO - Filling up the DagBag from /usr/local/python/3.10.13/lib/python3.10/site-packages/airflow/example_dags/example_sensor_decorator.py
[2024-05-26T09:40:24.056+0000] {processor.py:840} INFO - DAG(s) 'example_sensor_decorator' retrieved from /usr/local/python/3.10.13/lib/python3.10/site-packages/airflow/example_dags/example_sensor_decorator.py
[2024-05-26T09:40:24.067+0000] {logging_mixin.py:188} INFO - [2024-05-26T09:40:24.067+0000] {dag.py:3096} INFO - Sync 1 DAGs
[2024-05-26T09:40:24.076+0000] {logging_mixin.py:188} INFO - [2024-05-26T09:40:24.076+0000] {dag.py:3954} INFO - Setting next_dagrun for example_sensor_decorator to None, run_after=None
[2024-05-26T09:40:24.112+0000] {processor.py:183} INFO - Processing /usr/local/python/3.10.13/lib/python3.10/site-packages/airflow/example_dags/example_sensor_decorator.py took 0.069 seconds
[2024-05-26T09:41:25.459+0000] {processor.py:161} INFO - Started process (PID=53284) to work on /usr/local/python/3.10.13/lib/python3.10/site-packages/airflow/example_dags/example_sensor_decorator.py
[2024-05-26T09:41:25.460+0000] {processor.py:830} INFO - Processing file /usr/local/python/3.10.13/lib/python3.10/site-packages/airflow/example_dags/example_sensor_decorator.py for tasks to queue
[2024-05-26T09:41:25.461+0000] {logging_mixin.py:188} INFO - [2024-05-26T09:41:25.461+0000] {dagbag.py:545} INFO - Filling up the DagBag from /usr/local/python/3.10.13/lib/python3.10/site-packages/airflow/example_dags/example_sensor_decorator.py
[2024-05-26T09:41:25.467+0000] {processor.py:840} INFO - DAG(s) 'example_sensor_decorator' retrieved from /usr/local/python/3.10.13/lib/python3.10/site-packages/airflow/example_dags/example_sensor_decorator.py
[2024-05-26T09:41:25.478+0000] {logging_mixin.py:188} INFO - [2024-05-26T09:41:25.478+0000] {dag.py:3096} INFO - Sync 1 DAGs
[2024-05-26T09:41:25.486+0000] {logging_mixin.py:188} INFO - [2024-05-26T09:41:25.486+0000] {dag.py:3954} INFO - Setting next_dagrun for example_sensor_decorator to None, run_after=None
[2024-05-26T09:41:25.527+0000] {processor.py:183} INFO - Processing /usr/local/python/3.10.13/lib/python3.10/site-packages/airflow/example_dags/example_sensor_decorator.py took 0.072 seconds
[2024-05-26T09:42:25.933+0000] {processor.py:161} INFO - Started process (PID=53700) to work on /usr/local/python/3.10.13/lib/python3.10/site-packages/airflow/example_dags/example_sensor_decorator.py
[2024-05-26T09:42:25.933+0000] {processor.py:830} INFO - Processing file /usr/local/python/3.10.13/lib/python3.10/site-packages/airflow/example_dags/example_sensor_decorator.py for tasks to queue
[2024-05-26T09:42:25.935+0000] {logging_mixin.py:188} INFO - [2024-05-26T09:42:25.934+0000] {dagbag.py:545} INFO - Filling up the DagBag from /usr/local/python/3.10.13/lib/python3.10/site-packages/airflow/example_dags/example_sensor_decorator.py
[2024-05-26T09:42:25.940+0000] {processor.py:840} INFO - DAG(s) 'example_sensor_decorator' retrieved from /usr/local/python/3.10.13/lib/python3.10/site-packages/airflow/example_dags/example_sensor_decorator.py
[2024-05-26T09:42:25.950+0000] {logging_mixin.py:188} INFO - [2024-05-26T09:42:25.950+0000] {dag.py:3096} INFO - Sync 1 DAGs
[2024-05-26T09:42:25.959+0000] {logging_mixin.py:188} INFO - [2024-05-26T09:42:25.959+0000] {dag.py:3954} INFO - Setting next_dagrun for example_sensor_decorator to None, run_after=None
[2024-05-26T09:42:25.996+0000] {processor.py:183} INFO - Processing /usr/local/python/3.10.13/lib/python3.10/site-packages/airflow/example_dags/example_sensor_decorator.py took 0.068 seconds
[2024-05-26T09:43:25.727+0000] {processor.py:161} INFO - Started process (PID=54124) to work on /usr/local/python/3.10.13/lib/python3.10/site-packages/airflow/example_dags/example_sensor_decorator.py
[2024-05-26T09:43:25.728+0000] {processor.py:830} INFO - Processing file /usr/local/python/3.10.13/lib/python3.10/site-packages/airflow/example_dags/example_sensor_decorator.py for tasks to queue
[2024-05-26T09:43:25.729+0000] {logging_mixin.py:188} INFO - [2024-05-26T09:43:25.729+0000] {dagbag.py:545} INFO - Filling up the DagBag from /usr/local/python/3.10.13/lib/python3.10/site-packages/airflow/example_dags/example_sensor_decorator.py
[2024-05-26T09:43:25.734+0000] {processor.py:840} INFO - DAG(s) 'example_sensor_decorator' retrieved from /usr/local/python/3.10.13/lib/python3.10/site-packages/airflow/example_dags/example_sensor_decorator.py
[2024-05-26T09:43:25.745+0000] {logging_mixin.py:188} INFO - [2024-05-26T09:43:25.745+0000] {dag.py:3096} INFO - Sync 1 DAGs
[2024-05-26T09:43:25.754+0000] {logging_mixin.py:188} INFO - [2024-05-26T09:43:25.754+0000] {dag.py:3954} INFO - Setting next_dagrun for example_sensor_decorator to None, run_after=None
[2024-05-26T09:43:25.790+0000] {processor.py:183} INFO - Processing /usr/local/python/3.10.13/lib/python3.10/site-packages/airflow/example_dags/example_sensor_decorator.py took 0.068 seconds
[2024-05-26T09:44:26.489+0000] {processor.py:161} INFO - Started process (PID=54657) to work on /usr/local/python/3.10.13/lib/python3.10/site-packages/airflow/example_dags/example_sensor_decorator.py
[2024-05-26T09:44:26.489+0000] {processor.py:830} INFO - Processing file /usr/local/python/3.10.13/lib/python3.10/site-packages/airflow/example_dags/example_sensor_decorator.py for tasks to queue
[2024-05-26T09:44:26.491+0000] {logging_mixin.py:188} INFO - [2024-05-26T09:44:26.490+0000] {dagbag.py:545} INFO - Filling up the DagBag from /usr/local/python/3.10.13/lib/python3.10/site-packages/airflow/example_dags/example_sensor_decorator.py
[2024-05-26T09:44:26.495+0000] {processor.py:840} INFO - DAG(s) 'example_sensor_decorator' retrieved from /usr/local/python/3.10.13/lib/python3.10/site-packages/airflow/example_dags/example_sensor_decorator.py
[2024-05-26T09:44:26.507+0000] {logging_mixin.py:188} INFO - [2024-05-26T09:44:26.507+0000] {dag.py:3096} INFO - Sync 1 DAGs
[2024-05-26T09:44:26.516+0000] {logging_mixin.py:188} INFO - [2024-05-26T09:44:26.515+0000] {dag.py:3954} INFO - Setting next_dagrun for example_sensor_decorator to None, run_after=None
[2024-05-26T09:44:26.551+0000] {processor.py:183} INFO - Processing /usr/local/python/3.10.13/lib/python3.10/site-packages/airflow/example_dags/example_sensor_decorator.py took 0.068 seconds
[2024-05-26T09:45:31.548+0000] {processor.py:161} INFO - Started process (PID=55403) to work on /usr/local/python/3.10.13/lib/python3.10/site-packages/airflow/example_dags/example_sensor_decorator.py
[2024-05-26T09:45:31.549+0000] {processor.py:830} INFO - Processing file /usr/local/python/3.10.13/lib/python3.10/site-packages/airflow/example_dags/example_sensor_decorator.py for tasks to queue
[2024-05-26T09:45:31.550+0000] {logging_mixin.py:188} INFO - [2024-05-26T09:45:31.549+0000] {dagbag.py:545} INFO - Filling up the DagBag from /usr/local/python/3.10.13/lib/python3.10/site-packages/airflow/example_dags/example_sensor_decorator.py
[2024-05-26T09:45:31.554+0000] {processor.py:840} INFO - DAG(s) 'example_sensor_decorator' retrieved from /usr/local/python/3.10.13/lib/python3.10/site-packages/airflow/example_dags/example_sensor_decorator.py
[2024-05-26T09:45:31.565+0000] {logging_mixin.py:188} INFO - [2024-05-26T09:45:31.565+0000] {dag.py:3096} INFO - Sync 1 DAGs
[2024-05-26T09:45:31.574+0000] {logging_mixin.py:188} INFO - [2024-05-26T09:45:31.574+0000] {dag.py:3954} INFO - Setting next_dagrun for example_sensor_decorator to None, run_after=None
[2024-05-26T09:45:31.611+0000] {processor.py:183} INFO - Processing /usr/local/python/3.10.13/lib/python3.10/site-packages/airflow/example_dags/example_sensor_decorator.py took 0.067 seconds
[2024-05-26T09:46:28.709+0000] {processor.py:161} INFO - Started process (PID=56141) to work on /usr/local/python/3.10.13/lib/python3.10/site-packages/airflow/example_dags/example_sensor_decorator.py
[2024-05-26T09:46:28.710+0000] {processor.py:830} INFO - Processing file /usr/local/python/3.10.13/lib/python3.10/site-packages/airflow/example_dags/example_sensor_decorator.py for tasks to queue
[2024-05-26T09:46:28.711+0000] {logging_mixin.py:188} INFO - [2024-05-26T09:46:28.711+0000] {dagbag.py:545} INFO - Filling up the DagBag from /usr/local/python/3.10.13/lib/python3.10/site-packages/airflow/example_dags/example_sensor_decorator.py
[2024-05-26T09:46:28.716+0000] {processor.py:840} INFO - DAG(s) 'example_sensor_decorator' retrieved from /usr/local/python/3.10.13/lib/python3.10/site-packages/airflow/example_dags/example_sensor_decorator.py
[2024-05-26T09:46:28.727+0000] {logging_mixin.py:188} INFO - [2024-05-26T09:46:28.727+0000] {dag.py:3096} INFO - Sync 1 DAGs
[2024-05-26T09:46:28.736+0000] {logging_mixin.py:188} INFO - [2024-05-26T09:46:28.735+0000] {dag.py:3954} INFO - Setting next_dagrun for example_sensor_decorator to None, run_after=None
[2024-05-26T09:46:28.777+0000] {processor.py:183} INFO - Processing /usr/local/python/3.10.13/lib/python3.10/site-packages/airflow/example_dags/example_sensor_decorator.py took 0.072 seconds
