[2024-05-26T12:48:49.732+0000] {processor.py:161} INFO - Started process (PID=14969) to work on /usr/local/python/3.10.13/lib/python3.10/site-packages/airflow/example_dags/example_datasets.py
[2024-05-26T12:48:49.733+0000] {processor.py:830} INFO - Processing file /usr/local/python/3.10.13/lib/python3.10/site-packages/airflow/example_dags/example_datasets.py for tasks to queue
[2024-05-26T12:48:49.734+0000] {logging_mixin.py:188} INFO - [2024-05-26T12:48:49.734+0000] {dagbag.py:545} INFO - Filling up the DagBag from /usr/local/python/3.10.13/lib/python3.10/site-packages/airflow/example_dags/example_datasets.py
[2024-05-26T12:48:49.747+0000] {processor.py:840} INFO - DAG(s) 'consume_1_or_both_2_and_3_with_dataset_expressions', 'dataset_consumes_unknown_never_scheduled', 'consume_1_and_2_with_dataset_expressions', 'dataset_consumes_1_and_2', 'dataset_consumes_1_never_scheduled', 'dataset_produces_1', 'dataset_produces_2', 'consume_1_or_2_with_dataset_expressions', 'conditional_dataset_and_time_based_timetable', 'dataset_consumes_1' retrieved from /usr/local/python/3.10.13/lib/python3.10/site-packages/airflow/example_dags/example_datasets.py
[2024-05-26T12:48:49.980+0000] {logging_mixin.py:188} INFO - [2024-05-26T12:48:49.979+0000] {override.py:1829} INFO - Created Permission View: can delete on DAG:consume_1_or_both_2_and_3_with_dataset_expressions
[2024-05-26T12:48:50.011+0000] {logging_mixin.py:188} INFO - [2024-05-26T12:48:50.010+0000] {override.py:1829} INFO - Created Permission View: can read on DAG:consume_1_or_both_2_and_3_with_dataset_expressions
[2024-05-26T12:48:50.041+0000] {logging_mixin.py:188} INFO - [2024-05-26T12:48:50.040+0000] {override.py:1829} INFO - Created Permission View: can edit on DAG:consume_1_or_both_2_and_3_with_dataset_expressions
[2024-05-26T12:48:50.119+0000] {logging_mixin.py:188} INFO - [2024-05-26T12:48:50.119+0000] {override.py:1829} INFO - Created Permission View: can delete on DAG:dataset_consumes_unknown_never_scheduled
[2024-05-26T12:48:50.146+0000] {logging_mixin.py:188} INFO - [2024-05-26T12:48:50.146+0000] {override.py:1829} INFO - Created Permission View: can read on DAG:dataset_consumes_unknown_never_scheduled
[2024-05-26T12:48:50.173+0000] {logging_mixin.py:188} INFO - [2024-05-26T12:48:50.172+0000] {override.py:1829} INFO - Created Permission View: can edit on DAG:dataset_consumes_unknown_never_scheduled
[2024-05-26T12:48:50.232+0000] {logging_mixin.py:188} INFO - [2024-05-26T12:48:50.231+0000] {override.py:1829} INFO - Created Permission View: can delete on DAG:consume_1_and_2_with_dataset_expressions
[2024-05-26T12:48:50.257+0000] {logging_mixin.py:188} INFO - [2024-05-26T12:48:50.257+0000] {override.py:1829} INFO - Created Permission View: can read on DAG:consume_1_and_2_with_dataset_expressions
[2024-05-26T12:48:50.286+0000] {logging_mixin.py:188} INFO - [2024-05-26T12:48:50.285+0000] {override.py:1829} INFO - Created Permission View: can edit on DAG:consume_1_and_2_with_dataset_expressions
[2024-05-26T12:48:50.344+0000] {logging_mixin.py:188} INFO - [2024-05-26T12:48:50.344+0000] {override.py:1829} INFO - Created Permission View: can delete on DAG:dataset_consumes_1_and_2
[2024-05-26T12:48:50.371+0000] {logging_mixin.py:188} INFO - [2024-05-26T12:48:50.371+0000] {override.py:1829} INFO - Created Permission View: can read on DAG:dataset_consumes_1_and_2
[2024-05-26T12:48:50.400+0000] {logging_mixin.py:188} INFO - [2024-05-26T12:48:50.400+0000] {override.py:1829} INFO - Created Permission View: can edit on DAG:dataset_consumes_1_and_2
[2024-05-26T12:48:50.460+0000] {logging_mixin.py:188} INFO - [2024-05-26T12:48:50.460+0000] {override.py:1829} INFO - Created Permission View: can delete on DAG:dataset_consumes_1_never_scheduled
[2024-05-26T12:48:50.487+0000] {logging_mixin.py:188} INFO - [2024-05-26T12:48:50.486+0000] {override.py:1829} INFO - Created Permission View: can read on DAG:dataset_consumes_1_never_scheduled
[2024-05-26T12:48:50.512+0000] {logging_mixin.py:188} INFO - [2024-05-26T12:48:50.512+0000] {override.py:1829} INFO - Created Permission View: can edit on DAG:dataset_consumes_1_never_scheduled
[2024-05-26T12:48:50.583+0000] {logging_mixin.py:188} INFO - [2024-05-26T12:48:50.582+0000] {override.py:1829} INFO - Created Permission View: can delete on DAG:dataset_produces_1
[2024-05-26T12:48:50.609+0000] {logging_mixin.py:188} INFO - [2024-05-26T12:48:50.608+0000] {override.py:1829} INFO - Created Permission View: can read on DAG:dataset_produces_1
[2024-05-26T12:48:50.635+0000] {logging_mixin.py:188} INFO - [2024-05-26T12:48:50.634+0000] {override.py:1829} INFO - Created Permission View: can edit on DAG:dataset_produces_1
[2024-05-26T12:48:50.686+0000] {logging_mixin.py:188} INFO - [2024-05-26T12:48:50.686+0000] {override.py:1829} INFO - Created Permission View: can delete on DAG:dataset_produces_2
[2024-05-26T12:48:50.712+0000] {logging_mixin.py:188} INFO - [2024-05-26T12:48:50.711+0000] {override.py:1829} INFO - Created Permission View: can read on DAG:dataset_produces_2
[2024-05-26T12:48:50.739+0000] {logging_mixin.py:188} INFO - [2024-05-26T12:48:50.739+0000] {override.py:1829} INFO - Created Permission View: can edit on DAG:dataset_produces_2
[2024-05-26T12:48:50.796+0000] {logging_mixin.py:188} INFO - [2024-05-26T12:48:50.796+0000] {override.py:1829} INFO - Created Permission View: can delete on DAG:consume_1_or_2_with_dataset_expressions
[2024-05-26T12:48:50.823+0000] {logging_mixin.py:188} INFO - [2024-05-26T12:48:50.822+0000] {override.py:1829} INFO - Created Permission View: can read on DAG:consume_1_or_2_with_dataset_expressions
[2024-05-26T12:48:50.851+0000] {logging_mixin.py:188} INFO - [2024-05-26T12:48:50.851+0000] {override.py:1829} INFO - Created Permission View: can edit on DAG:consume_1_or_2_with_dataset_expressions
[2024-05-26T12:48:50.912+0000] {logging_mixin.py:188} INFO - [2024-05-26T12:48:50.912+0000] {override.py:1829} INFO - Created Permission View: can delete on DAG:conditional_dataset_and_time_based_timetable
[2024-05-26T12:48:50.938+0000] {logging_mixin.py:188} INFO - [2024-05-26T12:48:50.937+0000] {override.py:1829} INFO - Created Permission View: can read on DAG:conditional_dataset_and_time_based_timetable
[2024-05-26T12:48:50.963+0000] {logging_mixin.py:188} INFO - [2024-05-26T12:48:50.963+0000] {override.py:1829} INFO - Created Permission View: can edit on DAG:conditional_dataset_and_time_based_timetable
[2024-05-26T12:48:51.023+0000] {logging_mixin.py:188} INFO - [2024-05-26T12:48:51.023+0000] {override.py:1829} INFO - Created Permission View: can delete on DAG:dataset_consumes_1
[2024-05-26T12:48:51.049+0000] {logging_mixin.py:188} INFO - [2024-05-26T12:48:51.049+0000] {override.py:1829} INFO - Created Permission View: can read on DAG:dataset_consumes_1
[2024-05-26T12:48:51.077+0000] {logging_mixin.py:188} INFO - [2024-05-26T12:48:51.077+0000] {override.py:1829} INFO - Created Permission View: can edit on DAG:dataset_consumes_1
[2024-05-26T12:48:51.078+0000] {logging_mixin.py:188} INFO - [2024-05-26T12:48:51.078+0000] {dag.py:3096} INFO - Sync 10 DAGs
[2024-05-26T12:48:51.085+0000] {logging_mixin.py:188} INFO - [2024-05-26T12:48:51.085+0000] {dag.py:3118} INFO - Creating ORM DAG for dataset_produces_2
[2024-05-26T12:48:51.086+0000] {logging_mixin.py:188} INFO - [2024-05-26T12:48:51.086+0000] {dag.py:3118} INFO - Creating ORM DAG for dataset_consumes_1_and_2
[2024-05-26T12:48:51.086+0000] {logging_mixin.py:188} INFO - [2024-05-26T12:48:51.086+0000] {dag.py:3118} INFO - Creating ORM DAG for dataset_consumes_1_never_scheduled
[2024-05-26T12:48:51.087+0000] {logging_mixin.py:188} INFO - [2024-05-26T12:48:51.087+0000] {dag.py:3118} INFO - Creating ORM DAG for conditional_dataset_and_time_based_timetable
[2024-05-26T12:48:51.087+0000] {logging_mixin.py:188} INFO - [2024-05-26T12:48:51.087+0000] {dag.py:3118} INFO - Creating ORM DAG for dataset_produces_1
[2024-05-26T12:48:51.088+0000] {logging_mixin.py:188} INFO - [2024-05-26T12:48:51.088+0000] {dag.py:3118} INFO - Creating ORM DAG for consume_1_and_2_with_dataset_expressions
[2024-05-26T12:48:51.088+0000] {logging_mixin.py:188} INFO - [2024-05-26T12:48:51.088+0000] {dag.py:3118} INFO - Creating ORM DAG for consume_1_or_both_2_and_3_with_dataset_expressions
[2024-05-26T12:48:51.089+0000] {logging_mixin.py:188} INFO - [2024-05-26T12:48:51.089+0000] {dag.py:3118} INFO - Creating ORM DAG for dataset_consumes_1
[2024-05-26T12:48:51.090+0000] {logging_mixin.py:188} INFO - [2024-05-26T12:48:51.089+0000] {dag.py:3118} INFO - Creating ORM DAG for dataset_consumes_unknown_never_scheduled
[2024-05-26T12:48:51.090+0000] {logging_mixin.py:188} INFO - [2024-05-26T12:48:51.090+0000] {dag.py:3118} INFO - Creating ORM DAG for consume_1_or_2_with_dataset_expressions
[2024-05-26T12:48:51.097+0000] {logging_mixin.py:188} INFO - [2024-05-26T12:48:51.097+0000] {dag.py:3954} INFO - Setting next_dagrun for conditional_dataset_and_time_based_timetable to 2024-05-22 01:00:00+00:00, run_after=2024-05-22 01:00:00+00:00
[2024-05-26T12:48:51.097+0000] {logging_mixin.py:188} INFO - [2024-05-26T12:48:51.097+0000] {dag.py:3954} INFO - Setting next_dagrun for consume_1_and_2_with_dataset_expressions to None, run_after=None
[2024-05-26T12:48:51.098+0000] {logging_mixin.py:188} INFO - [2024-05-26T12:48:51.098+0000] {dag.py:3954} INFO - Setting next_dagrun for consume_1_or_2_with_dataset_expressions to None, run_after=None
[2024-05-26T12:48:51.098+0000] {logging_mixin.py:188} INFO - [2024-05-26T12:48:51.098+0000] {dag.py:3954} INFO - Setting next_dagrun for consume_1_or_both_2_and_3_with_dataset_expressions to None, run_after=None
[2024-05-26T12:48:51.098+0000] {logging_mixin.py:188} INFO - [2024-05-26T12:48:51.098+0000] {dag.py:3954} INFO - Setting next_dagrun for dataset_consumes_1 to None, run_after=None
[2024-05-26T12:48:51.099+0000] {logging_mixin.py:188} INFO - [2024-05-26T12:48:51.099+0000] {dag.py:3954} INFO - Setting next_dagrun for dataset_consumes_1_and_2 to None, run_after=None
[2024-05-26T12:48:51.099+0000] {logging_mixin.py:188} INFO - [2024-05-26T12:48:51.099+0000] {dag.py:3954} INFO - Setting next_dagrun for dataset_consumes_1_never_scheduled to None, run_after=None
[2024-05-26T12:48:51.100+0000] {logging_mixin.py:188} INFO - [2024-05-26T12:48:51.100+0000] {dag.py:3954} INFO - Setting next_dagrun for dataset_consumes_unknown_never_scheduled to None, run_after=None
[2024-05-26T12:48:51.102+0000] {logging_mixin.py:188} INFO - [2024-05-26T12:48:51.101+0000] {dag.py:3954} INFO - Setting next_dagrun for dataset_produces_1 to 2024-05-25 00:00:00+00:00, run_after=2024-05-26 00:00:00+00:00
[2024-05-26T12:48:51.102+0000] {logging_mixin.py:188} INFO - [2024-05-26T12:48:51.102+0000] {dag.py:3954} INFO - Setting next_dagrun for dataset_produces_2 to None, run_after=None
[2024-05-26T12:48:51.154+0000] {processor.py:183} INFO - Processing /usr/local/python/3.10.13/lib/python3.10/site-packages/airflow/example_dags/example_datasets.py took 1.426 seconds
