[2024-05-26T09:11:08.381+0000] {processor.py:161} INFO - Started process (PID=40366) to work on /usr/local/python/3.10.13/lib/python3.10/site-packages/airflow/example_dags/example_branch_operator.py
[2024-05-26T09:11:08.381+0000] {processor.py:830} INFO - Processing file /usr/local/python/3.10.13/lib/python3.10/site-packages/airflow/example_dags/example_branch_operator.py for tasks to queue
[2024-05-26T09:11:08.383+0000] {logging_mixin.py:188} INFO - [2024-05-26T09:11:08.382+0000] {dagbag.py:545} INFO - Filling up the DagBag from /usr/local/python/3.10.13/lib/python3.10/site-packages/airflow/example_dags/example_branch_operator.py
[2024-05-26T09:11:08.399+0000] {processor.py:840} INFO - DAG(s) 'example_branch_operator' retrieved from /usr/local/python/3.10.13/lib/python3.10/site-packages/airflow/example_dags/example_branch_operator.py
[2024-05-26T09:11:08.483+0000] {logging_mixin.py:188} INFO - [2024-05-26T09:11:08.482+0000] {dag.py:3096} INFO - Sync 1 DAGs
[2024-05-26T09:11:08.498+0000] {logging_mixin.py:188} INFO - [2024-05-26T09:11:08.498+0000] {dag.py:3954} INFO - Setting next_dagrun for example_branch_operator to 2024-05-25 00:00:00+00:00, run_after=2024-05-26 00:00:00+00:00
[2024-05-26T09:11:08.543+0000] {processor.py:183} INFO - Processing /usr/local/python/3.10.13/lib/python3.10/site-packages/airflow/example_dags/example_branch_operator.py took 0.169 seconds
[2024-05-26T09:11:59.785+0000] {processor.py:161} INFO - Started process (PID=40717) to work on /usr/local/python/3.10.13/lib/python3.10/site-packages/airflow/example_dags/example_branch_operator.py
[2024-05-26T09:11:59.786+0000] {processor.py:830} INFO - Processing file /usr/local/python/3.10.13/lib/python3.10/site-packages/airflow/example_dags/example_branch_operator.py for tasks to queue
[2024-05-26T09:11:59.787+0000] {logging_mixin.py:188} INFO - [2024-05-26T09:11:59.787+0000] {dagbag.py:545} INFO - Filling up the DagBag from /usr/local/python/3.10.13/lib/python3.10/site-packages/airflow/example_dags/example_branch_operator.py
[2024-05-26T09:11:59.801+0000] {processor.py:840} INFO - DAG(s) 'example_branch_operator' retrieved from /usr/local/python/3.10.13/lib/python3.10/site-packages/airflow/example_dags/example_branch_operator.py
[2024-05-26T09:11:59.821+0000] {logging_mixin.py:188} INFO - [2024-05-26T09:11:59.820+0000] {dag.py:3096} INFO - Sync 1 DAGs
[2024-05-26T09:11:59.836+0000] {logging_mixin.py:188} INFO - [2024-05-26T09:11:59.836+0000] {dag.py:3954} INFO - Setting next_dagrun for example_branch_operator to 2024-05-25 00:00:00+00:00, run_after=2024-05-26 00:00:00+00:00
[2024-05-26T09:11:59.878+0000] {processor.py:183} INFO - Processing /usr/local/python/3.10.13/lib/python3.10/site-packages/airflow/example_dags/example_branch_operator.py took 0.097 seconds
[2024-05-26T09:13:00.718+0000] {processor.py:161} INFO - Started process (PID=41227) to work on /usr/local/python/3.10.13/lib/python3.10/site-packages/airflow/example_dags/example_branch_operator.py
[2024-05-26T09:13:00.719+0000] {processor.py:830} INFO - Processing file /usr/local/python/3.10.13/lib/python3.10/site-packages/airflow/example_dags/example_branch_operator.py for tasks to queue
[2024-05-26T09:13:00.720+0000] {logging_mixin.py:188} INFO - [2024-05-26T09:13:00.720+0000] {dagbag.py:545} INFO - Filling up the DagBag from /usr/local/python/3.10.13/lib/python3.10/site-packages/airflow/example_dags/example_branch_operator.py
[2024-05-26T09:13:00.735+0000] {processor.py:840} INFO - DAG(s) 'example_branch_operator' retrieved from /usr/local/python/3.10.13/lib/python3.10/site-packages/airflow/example_dags/example_branch_operator.py
[2024-05-26T09:13:00.754+0000] {logging_mixin.py:188} INFO - [2024-05-26T09:13:00.754+0000] {dag.py:3096} INFO - Sync 1 DAGs
[2024-05-26T09:13:00.770+0000] {logging_mixin.py:188} INFO - [2024-05-26T09:13:00.770+0000] {dag.py:3954} INFO - Setting next_dagrun for example_branch_operator to 2024-05-25 00:00:00+00:00, run_after=2024-05-26 00:00:00+00:00
[2024-05-26T09:13:00.812+0000] {processor.py:183} INFO - Processing /usr/local/python/3.10.13/lib/python3.10/site-packages/airflow/example_dags/example_branch_operator.py took 0.099 seconds
[2024-05-26T09:14:04.814+0000] {processor.py:161} INFO - Started process (PID=41747) to work on /usr/local/python/3.10.13/lib/python3.10/site-packages/airflow/example_dags/example_branch_operator.py
[2024-05-26T09:14:04.814+0000] {processor.py:830} INFO - Processing file /usr/local/python/3.10.13/lib/python3.10/site-packages/airflow/example_dags/example_branch_operator.py for tasks to queue
[2024-05-26T09:14:04.816+0000] {logging_mixin.py:188} INFO - [2024-05-26T09:14:04.815+0000] {dagbag.py:545} INFO - Filling up the DagBag from /usr/local/python/3.10.13/lib/python3.10/site-packages/airflow/example_dags/example_branch_operator.py
[2024-05-26T09:14:04.830+0000] {processor.py:840} INFO - DAG(s) 'example_branch_operator' retrieved from /usr/local/python/3.10.13/lib/python3.10/site-packages/airflow/example_dags/example_branch_operator.py
[2024-05-26T09:14:04.849+0000] {logging_mixin.py:188} INFO - [2024-05-26T09:14:04.849+0000] {dag.py:3096} INFO - Sync 1 DAGs
[2024-05-26T09:14:04.865+0000] {logging_mixin.py:188} INFO - [2024-05-26T09:14:04.865+0000] {dag.py:3954} INFO - Setting next_dagrun for example_branch_operator to 2024-05-25 00:00:00+00:00, run_after=2024-05-26 00:00:00+00:00
[2024-05-26T09:14:04.903+0000] {processor.py:183} INFO - Processing /usr/local/python/3.10.13/lib/python3.10/site-packages/airflow/example_dags/example_branch_operator.py took 0.094 seconds
[2024-05-26T09:15:11.404+0000] {processor.py:161} INFO - Started process (PID=42200) to work on /usr/local/python/3.10.13/lib/python3.10/site-packages/airflow/example_dags/example_branch_operator.py
[2024-05-26T09:15:11.405+0000] {processor.py:830} INFO - Processing file /usr/local/python/3.10.13/lib/python3.10/site-packages/airflow/example_dags/example_branch_operator.py for tasks to queue
[2024-05-26T09:15:11.406+0000] {logging_mixin.py:188} INFO - [2024-05-26T09:15:11.406+0000] {dagbag.py:545} INFO - Filling up the DagBag from /usr/local/python/3.10.13/lib/python3.10/site-packages/airflow/example_dags/example_branch_operator.py
[2024-05-26T09:15:11.420+0000] {processor.py:840} INFO - DAG(s) 'example_branch_operator' retrieved from /usr/local/python/3.10.13/lib/python3.10/site-packages/airflow/example_dags/example_branch_operator.py
[2024-05-26T09:15:11.440+0000] {logging_mixin.py:188} INFO - [2024-05-26T09:15:11.439+0000] {dag.py:3096} INFO - Sync 1 DAGs
[2024-05-26T09:15:11.456+0000] {logging_mixin.py:188} INFO - [2024-05-26T09:15:11.456+0000] {dag.py:3954} INFO - Setting next_dagrun for example_branch_operator to 2024-05-25 00:00:00+00:00, run_after=2024-05-26 00:00:00+00:00
[2024-05-26T09:15:11.496+0000] {processor.py:183} INFO - Processing /usr/local/python/3.10.13/lib/python3.10/site-packages/airflow/example_dags/example_branch_operator.py took 0.097 seconds
[2024-05-26T09:16:13.927+0000] {processor.py:161} INFO - Started process (PID=42646) to work on /usr/local/python/3.10.13/lib/python3.10/site-packages/airflow/example_dags/example_branch_operator.py
[2024-05-26T09:16:13.928+0000] {processor.py:830} INFO - Processing file /usr/local/python/3.10.13/lib/python3.10/site-packages/airflow/example_dags/example_branch_operator.py for tasks to queue
[2024-05-26T09:16:13.929+0000] {logging_mixin.py:188} INFO - [2024-05-26T09:16:13.928+0000] {dagbag.py:545} INFO - Filling up the DagBag from /usr/local/python/3.10.13/lib/python3.10/site-packages/airflow/example_dags/example_branch_operator.py
[2024-05-26T09:16:13.944+0000] {processor.py:840} INFO - DAG(s) 'example_branch_operator' retrieved from /usr/local/python/3.10.13/lib/python3.10/site-packages/airflow/example_dags/example_branch_operator.py
[2024-05-26T09:16:13.964+0000] {logging_mixin.py:188} INFO - [2024-05-26T09:16:13.964+0000] {dag.py:3096} INFO - Sync 1 DAGs
[2024-05-26T09:16:13.981+0000] {logging_mixin.py:188} INFO - [2024-05-26T09:16:13.981+0000] {dag.py:3954} INFO - Setting next_dagrun for example_branch_operator to 2024-05-25 00:00:00+00:00, run_after=2024-05-26 00:00:00+00:00
[2024-05-26T09:16:14.026+0000] {processor.py:183} INFO - Processing /usr/local/python/3.10.13/lib/python3.10/site-packages/airflow/example_dags/example_branch_operator.py took 0.104 seconds
[2024-05-26T09:17:15.884+0000] {processor.py:161} INFO - Started process (PID=43083) to work on /usr/local/python/3.10.13/lib/python3.10/site-packages/airflow/example_dags/example_branch_operator.py
[2024-05-26T09:17:15.885+0000] {processor.py:830} INFO - Processing file /usr/local/python/3.10.13/lib/python3.10/site-packages/airflow/example_dags/example_branch_operator.py for tasks to queue
[2024-05-26T09:17:15.886+0000] {logging_mixin.py:188} INFO - [2024-05-26T09:17:15.886+0000] {dagbag.py:545} INFO - Filling up the DagBag from /usr/local/python/3.10.13/lib/python3.10/site-packages/airflow/example_dags/example_branch_operator.py
[2024-05-26T09:17:15.901+0000] {processor.py:840} INFO - DAG(s) 'example_branch_operator' retrieved from /usr/local/python/3.10.13/lib/python3.10/site-packages/airflow/example_dags/example_branch_operator.py
[2024-05-26T09:17:15.920+0000] {logging_mixin.py:188} INFO - [2024-05-26T09:17:15.920+0000] {dag.py:3096} INFO - Sync 1 DAGs
[2024-05-26T09:17:15.936+0000] {logging_mixin.py:188} INFO - [2024-05-26T09:17:15.936+0000] {dag.py:3954} INFO - Setting next_dagrun for example_branch_operator to 2024-05-25 00:00:00+00:00, run_after=2024-05-26 00:00:00+00:00
[2024-05-26T09:17:15.976+0000] {processor.py:183} INFO - Processing /usr/local/python/3.10.13/lib/python3.10/site-packages/airflow/example_dags/example_branch_operator.py took 0.096 seconds
[2024-05-26T09:18:21.473+0000] {processor.py:161} INFO - Started process (PID=43526) to work on /usr/local/python/3.10.13/lib/python3.10/site-packages/airflow/example_dags/example_branch_operator.py
[2024-05-26T09:18:21.474+0000] {processor.py:830} INFO - Processing file /usr/local/python/3.10.13/lib/python3.10/site-packages/airflow/example_dags/example_branch_operator.py for tasks to queue
[2024-05-26T09:18:21.475+0000] {logging_mixin.py:188} INFO - [2024-05-26T09:18:21.475+0000] {dagbag.py:545} INFO - Filling up the DagBag from /usr/local/python/3.10.13/lib/python3.10/site-packages/airflow/example_dags/example_branch_operator.py
[2024-05-26T09:18:21.489+0000] {processor.py:840} INFO - DAG(s) 'example_branch_operator' retrieved from /usr/local/python/3.10.13/lib/python3.10/site-packages/airflow/example_dags/example_branch_operator.py
[2024-05-26T09:18:21.509+0000] {logging_mixin.py:188} INFO - [2024-05-26T09:18:21.509+0000] {dag.py:3096} INFO - Sync 1 DAGs
[2024-05-26T09:18:21.525+0000] {logging_mixin.py:188} INFO - [2024-05-26T09:18:21.525+0000] {dag.py:3954} INFO - Setting next_dagrun for example_branch_operator to 2024-05-25 00:00:00+00:00, run_after=2024-05-26 00:00:00+00:00
[2024-05-26T09:18:21.563+0000] {processor.py:183} INFO - Processing /usr/local/python/3.10.13/lib/python3.10/site-packages/airflow/example_dags/example_branch_operator.py took 0.095 seconds
[2024-05-26T09:19:22.260+0000] {processor.py:161} INFO - Started process (PID=44003) to work on /usr/local/python/3.10.13/lib/python3.10/site-packages/airflow/example_dags/example_branch_operator.py
[2024-05-26T09:19:22.261+0000] {processor.py:830} INFO - Processing file /usr/local/python/3.10.13/lib/python3.10/site-packages/airflow/example_dags/example_branch_operator.py for tasks to queue
[2024-05-26T09:19:22.262+0000] {logging_mixin.py:188} INFO - [2024-05-26T09:19:22.261+0000] {dagbag.py:545} INFO - Filling up the DagBag from /usr/local/python/3.10.13/lib/python3.10/site-packages/airflow/example_dags/example_branch_operator.py
[2024-05-26T09:19:22.276+0000] {processor.py:840} INFO - DAG(s) 'example_branch_operator' retrieved from /usr/local/python/3.10.13/lib/python3.10/site-packages/airflow/example_dags/example_branch_operator.py
[2024-05-26T09:19:22.295+0000] {logging_mixin.py:188} INFO - [2024-05-26T09:19:22.295+0000] {dag.py:3096} INFO - Sync 1 DAGs
[2024-05-26T09:19:22.312+0000] {logging_mixin.py:188} INFO - [2024-05-26T09:19:22.311+0000] {dag.py:3954} INFO - Setting next_dagrun for example_branch_operator to 2024-05-25 00:00:00+00:00, run_after=2024-05-26 00:00:00+00:00
[2024-05-26T09:19:22.351+0000] {processor.py:183} INFO - Processing /usr/local/python/3.10.13/lib/python3.10/site-packages/airflow/example_dags/example_branch_operator.py took 0.095 seconds
[2024-05-26T09:20:27.332+0000] {processor.py:161} INFO - Started process (PID=44460) to work on /usr/local/python/3.10.13/lib/python3.10/site-packages/airflow/example_dags/example_branch_operator.py
[2024-05-26T09:20:27.333+0000] {processor.py:830} INFO - Processing file /usr/local/python/3.10.13/lib/python3.10/site-packages/airflow/example_dags/example_branch_operator.py for tasks to queue
[2024-05-26T09:20:27.334+0000] {logging_mixin.py:188} INFO - [2024-05-26T09:20:27.334+0000] {dagbag.py:545} INFO - Filling up the DagBag from /usr/local/python/3.10.13/lib/python3.10/site-packages/airflow/example_dags/example_branch_operator.py
[2024-05-26T09:20:27.349+0000] {processor.py:840} INFO - DAG(s) 'example_branch_operator' retrieved from /usr/local/python/3.10.13/lib/python3.10/site-packages/airflow/example_dags/example_branch_operator.py
[2024-05-26T09:20:27.369+0000] {logging_mixin.py:188} INFO - [2024-05-26T09:20:27.368+0000] {dag.py:3096} INFO - Sync 1 DAGs
[2024-05-26T09:20:27.384+0000] {logging_mixin.py:188} INFO - [2024-05-26T09:20:27.384+0000] {dag.py:3954} INFO - Setting next_dagrun for example_branch_operator to 2024-05-25 00:00:00+00:00, run_after=2024-05-26 00:00:00+00:00
[2024-05-26T09:20:27.421+0000] {processor.py:183} INFO - Processing /usr/local/python/3.10.13/lib/python3.10/site-packages/airflow/example_dags/example_branch_operator.py took 0.093 seconds
[2024-05-26T09:21:29.833+0000] {processor.py:161} INFO - Started process (PID=44909) to work on /usr/local/python/3.10.13/lib/python3.10/site-packages/airflow/example_dags/example_branch_operator.py
[2024-05-26T09:21:29.834+0000] {processor.py:830} INFO - Processing file /usr/local/python/3.10.13/lib/python3.10/site-packages/airflow/example_dags/example_branch_operator.py for tasks to queue
[2024-05-26T09:21:29.835+0000] {logging_mixin.py:188} INFO - [2024-05-26T09:21:29.835+0000] {dagbag.py:545} INFO - Filling up the DagBag from /usr/local/python/3.10.13/lib/python3.10/site-packages/airflow/example_dags/example_branch_operator.py
[2024-05-26T09:21:29.849+0000] {processor.py:840} INFO - DAG(s) 'example_branch_operator' retrieved from /usr/local/python/3.10.13/lib/python3.10/site-packages/airflow/example_dags/example_branch_operator.py
[2024-05-26T09:21:29.869+0000] {logging_mixin.py:188} INFO - [2024-05-26T09:21:29.868+0000] {dag.py:3096} INFO - Sync 1 DAGs
[2024-05-26T09:21:29.884+0000] {logging_mixin.py:188} INFO - [2024-05-26T09:21:29.884+0000] {dag.py:3954} INFO - Setting next_dagrun for example_branch_operator to 2024-05-25 00:00:00+00:00, run_after=2024-05-26 00:00:00+00:00
[2024-05-26T09:21:29.931+0000] {processor.py:183} INFO - Processing /usr/local/python/3.10.13/lib/python3.10/site-packages/airflow/example_dags/example_branch_operator.py took 0.103 seconds
[2024-05-26T09:22:31.746+0000] {processor.py:161} INFO - Started process (PID=45331) to work on /usr/local/python/3.10.13/lib/python3.10/site-packages/airflow/example_dags/example_branch_operator.py
[2024-05-26T09:22:31.746+0000] {processor.py:830} INFO - Processing file /usr/local/python/3.10.13/lib/python3.10/site-packages/airflow/example_dags/example_branch_operator.py for tasks to queue
[2024-05-26T09:22:31.748+0000] {logging_mixin.py:188} INFO - [2024-05-26T09:22:31.747+0000] {dagbag.py:545} INFO - Filling up the DagBag from /usr/local/python/3.10.13/lib/python3.10/site-packages/airflow/example_dags/example_branch_operator.py
[2024-05-26T09:22:31.762+0000] {processor.py:840} INFO - DAG(s) 'example_branch_operator' retrieved from /usr/local/python/3.10.13/lib/python3.10/site-packages/airflow/example_dags/example_branch_operator.py
[2024-05-26T09:22:31.788+0000] {logging_mixin.py:188} INFO - [2024-05-26T09:22:31.788+0000] {dag.py:3096} INFO - Sync 1 DAGs
[2024-05-26T09:22:31.816+0000] {logging_mixin.py:188} INFO - [2024-05-26T09:22:31.816+0000] {dag.py:3954} INFO - Setting next_dagrun for example_branch_operator to 2024-05-25 00:00:00+00:00, run_after=2024-05-26 00:00:00+00:00
[2024-05-26T09:22:31.858+0000] {processor.py:183} INFO - Processing /usr/local/python/3.10.13/lib/python3.10/site-packages/airflow/example_dags/example_branch_operator.py took 0.118 seconds
[2024-05-26T09:23:28.319+0000] {processor.py:161} INFO - Started process (PID=45714) to work on /usr/local/python/3.10.13/lib/python3.10/site-packages/airflow/example_dags/example_branch_operator.py
[2024-05-26T09:23:28.319+0000] {processor.py:830} INFO - Processing file /usr/local/python/3.10.13/lib/python3.10/site-packages/airflow/example_dags/example_branch_operator.py for tasks to queue
[2024-05-26T09:23:28.321+0000] {logging_mixin.py:188} INFO - [2024-05-26T09:23:28.320+0000] {dagbag.py:545} INFO - Filling up the DagBag from /usr/local/python/3.10.13/lib/python3.10/site-packages/airflow/example_dags/example_branch_operator.py
[2024-05-26T09:23:28.335+0000] {processor.py:840} INFO - DAG(s) 'example_branch_operator' retrieved from /usr/local/python/3.10.13/lib/python3.10/site-packages/airflow/example_dags/example_branch_operator.py
[2024-05-26T09:23:28.354+0000] {logging_mixin.py:188} INFO - [2024-05-26T09:23:28.354+0000] {dag.py:3096} INFO - Sync 1 DAGs
[2024-05-26T09:23:28.371+0000] {logging_mixin.py:188} INFO - [2024-05-26T09:23:28.370+0000] {dag.py:3954} INFO - Setting next_dagrun for example_branch_operator to 2024-05-25 00:00:00+00:00, run_after=2024-05-26 00:00:00+00:00
[2024-05-26T09:23:28.408+0000] {processor.py:183} INFO - Processing /usr/local/python/3.10.13/lib/python3.10/site-packages/airflow/example_dags/example_branch_operator.py took 0.094 seconds
[2024-05-26T09:24:30.753+0000] {processor.py:161} INFO - Started process (PID=46145) to work on /usr/local/python/3.10.13/lib/python3.10/site-packages/airflow/example_dags/example_branch_operator.py
[2024-05-26T09:24:30.754+0000] {processor.py:830} INFO - Processing file /usr/local/python/3.10.13/lib/python3.10/site-packages/airflow/example_dags/example_branch_operator.py for tasks to queue
[2024-05-26T09:24:30.755+0000] {logging_mixin.py:188} INFO - [2024-05-26T09:24:30.755+0000] {dagbag.py:545} INFO - Filling up the DagBag from /usr/local/python/3.10.13/lib/python3.10/site-packages/airflow/example_dags/example_branch_operator.py
[2024-05-26T09:24:30.770+0000] {processor.py:840} INFO - DAG(s) 'example_branch_operator' retrieved from /usr/local/python/3.10.13/lib/python3.10/site-packages/airflow/example_dags/example_branch_operator.py
[2024-05-26T09:24:30.792+0000] {logging_mixin.py:188} INFO - [2024-05-26T09:24:30.791+0000] {dag.py:3096} INFO - Sync 1 DAGs
[2024-05-26T09:24:30.808+0000] {logging_mixin.py:188} INFO - [2024-05-26T09:24:30.808+0000] {dag.py:3954} INFO - Setting next_dagrun for example_branch_operator to 2024-05-25 00:00:00+00:00, run_after=2024-05-26 00:00:00+00:00
[2024-05-26T09:24:30.851+0000] {processor.py:183} INFO - Processing /usr/local/python/3.10.13/lib/python3.10/site-packages/airflow/example_dags/example_branch_operator.py took 0.102 seconds
[2024-05-26T09:25:32.232+0000] {processor.py:161} INFO - Started process (PID=46576) to work on /usr/local/python/3.10.13/lib/python3.10/site-packages/airflow/example_dags/example_branch_operator.py
[2024-05-26T09:25:32.233+0000] {processor.py:830} INFO - Processing file /usr/local/python/3.10.13/lib/python3.10/site-packages/airflow/example_dags/example_branch_operator.py for tasks to queue
[2024-05-26T09:25:32.234+0000] {logging_mixin.py:188} INFO - [2024-05-26T09:25:32.234+0000] {dagbag.py:545} INFO - Filling up the DagBag from /usr/local/python/3.10.13/lib/python3.10/site-packages/airflow/example_dags/example_branch_operator.py
[2024-05-26T09:25:32.248+0000] {processor.py:840} INFO - DAG(s) 'example_branch_operator' retrieved from /usr/local/python/3.10.13/lib/python3.10/site-packages/airflow/example_dags/example_branch_operator.py
[2024-05-26T09:25:32.274+0000] {logging_mixin.py:188} INFO - [2024-05-26T09:25:32.274+0000] {dag.py:3096} INFO - Sync 1 DAGs
[2024-05-26T09:25:32.300+0000] {logging_mixin.py:188} INFO - [2024-05-26T09:25:32.300+0000] {dag.py:3954} INFO - Setting next_dagrun for example_branch_operator to 2024-05-25 00:00:00+00:00, run_after=2024-05-26 00:00:00+00:00
[2024-05-26T09:25:32.370+0000] {processor.py:183} INFO - Processing /usr/local/python/3.10.13/lib/python3.10/site-packages/airflow/example_dags/example_branch_operator.py took 0.143 seconds
[2024-05-26T09:26:33.919+0000] {processor.py:161} INFO - Started process (PID=47039) to work on /usr/local/python/3.10.13/lib/python3.10/site-packages/airflow/example_dags/example_branch_operator.py
[2024-05-26T09:26:33.920+0000] {processor.py:830} INFO - Processing file /usr/local/python/3.10.13/lib/python3.10/site-packages/airflow/example_dags/example_branch_operator.py for tasks to queue
[2024-05-26T09:26:33.921+0000] {logging_mixin.py:188} INFO - [2024-05-26T09:26:33.921+0000] {dagbag.py:545} INFO - Filling up the DagBag from /usr/local/python/3.10.13/lib/python3.10/site-packages/airflow/example_dags/example_branch_operator.py
[2024-05-26T09:26:33.935+0000] {processor.py:840} INFO - DAG(s) 'example_branch_operator' retrieved from /usr/local/python/3.10.13/lib/python3.10/site-packages/airflow/example_dags/example_branch_operator.py
[2024-05-26T09:26:33.955+0000] {logging_mixin.py:188} INFO - [2024-05-26T09:26:33.955+0000] {dag.py:3096} INFO - Sync 1 DAGs
[2024-05-26T09:26:33.971+0000] {logging_mixin.py:188} INFO - [2024-05-26T09:26:33.971+0000] {dag.py:3954} INFO - Setting next_dagrun for example_branch_operator to 2024-05-25 00:00:00+00:00, run_after=2024-05-26 00:00:00+00:00
[2024-05-26T09:26:34.028+0000] {processor.py:183} INFO - Processing /usr/local/python/3.10.13/lib/python3.10/site-packages/airflow/example_dags/example_branch_operator.py took 0.114 seconds
[2024-05-26T09:27:35.194+0000] {processor.py:161} INFO - Started process (PID=47478) to work on /usr/local/python/3.10.13/lib/python3.10/site-packages/airflow/example_dags/example_branch_operator.py
[2024-05-26T09:27:35.195+0000] {processor.py:830} INFO - Processing file /usr/local/python/3.10.13/lib/python3.10/site-packages/airflow/example_dags/example_branch_operator.py for tasks to queue
[2024-05-26T09:27:35.196+0000] {logging_mixin.py:188} INFO - [2024-05-26T09:27:35.196+0000] {dagbag.py:545} INFO - Filling up the DagBag from /usr/local/python/3.10.13/lib/python3.10/site-packages/airflow/example_dags/example_branch_operator.py
[2024-05-26T09:27:35.210+0000] {processor.py:840} INFO - DAG(s) 'example_branch_operator' retrieved from /usr/local/python/3.10.13/lib/python3.10/site-packages/airflow/example_dags/example_branch_operator.py
[2024-05-26T09:27:35.230+0000] {logging_mixin.py:188} INFO - [2024-05-26T09:27:35.229+0000] {dag.py:3096} INFO - Sync 1 DAGs
[2024-05-26T09:27:35.254+0000] {logging_mixin.py:188} INFO - [2024-05-26T09:27:35.254+0000] {dag.py:3954} INFO - Setting next_dagrun for example_branch_operator to 2024-05-25 00:00:00+00:00, run_after=2024-05-26 00:00:00+00:00
[2024-05-26T09:27:35.303+0000] {processor.py:183} INFO - Processing /usr/local/python/3.10.13/lib/python3.10/site-packages/airflow/example_dags/example_branch_operator.py took 0.113 seconds
[2024-05-26T09:28:38.344+0000] {processor.py:161} INFO - Started process (PID=47932) to work on /usr/local/python/3.10.13/lib/python3.10/site-packages/airflow/example_dags/example_branch_operator.py
[2024-05-26T09:28:38.345+0000] {processor.py:830} INFO - Processing file /usr/local/python/3.10.13/lib/python3.10/site-packages/airflow/example_dags/example_branch_operator.py for tasks to queue
[2024-05-26T09:28:38.346+0000] {logging_mixin.py:188} INFO - [2024-05-26T09:28:38.346+0000] {dagbag.py:545} INFO - Filling up the DagBag from /usr/local/python/3.10.13/lib/python3.10/site-packages/airflow/example_dags/example_branch_operator.py
[2024-05-26T09:28:38.361+0000] {processor.py:840} INFO - DAG(s) 'example_branch_operator' retrieved from /usr/local/python/3.10.13/lib/python3.10/site-packages/airflow/example_dags/example_branch_operator.py
[2024-05-26T09:28:38.380+0000] {logging_mixin.py:188} INFO - [2024-05-26T09:28:38.380+0000] {dag.py:3096} INFO - Sync 1 DAGs
[2024-05-26T09:28:38.396+0000] {logging_mixin.py:188} INFO - [2024-05-26T09:28:38.396+0000] {dag.py:3954} INFO - Setting next_dagrun for example_branch_operator to 2024-05-25 00:00:00+00:00, run_after=2024-05-26 00:00:00+00:00
[2024-05-26T09:28:38.432+0000] {processor.py:183} INFO - Processing /usr/local/python/3.10.13/lib/python3.10/site-packages/airflow/example_dags/example_branch_operator.py took 0.093 seconds
[2024-05-26T09:29:40.521+0000] {processor.py:161} INFO - Started process (PID=48357) to work on /usr/local/python/3.10.13/lib/python3.10/site-packages/airflow/example_dags/example_branch_operator.py
[2024-05-26T09:29:40.521+0000] {processor.py:830} INFO - Processing file /usr/local/python/3.10.13/lib/python3.10/site-packages/airflow/example_dags/example_branch_operator.py for tasks to queue
[2024-05-26T09:29:40.523+0000] {logging_mixin.py:188} INFO - [2024-05-26T09:29:40.522+0000] {dagbag.py:545} INFO - Filling up the DagBag from /usr/local/python/3.10.13/lib/python3.10/site-packages/airflow/example_dags/example_branch_operator.py
[2024-05-26T09:29:40.537+0000] {processor.py:840} INFO - DAG(s) 'example_branch_operator' retrieved from /usr/local/python/3.10.13/lib/python3.10/site-packages/airflow/example_dags/example_branch_operator.py
[2024-05-26T09:29:40.556+0000] {logging_mixin.py:188} INFO - [2024-05-26T09:29:40.556+0000] {dag.py:3096} INFO - Sync 1 DAGs
[2024-05-26T09:29:40.573+0000] {logging_mixin.py:188} INFO - [2024-05-26T09:29:40.572+0000] {dag.py:3954} INFO - Setting next_dagrun for example_branch_operator to 2024-05-25 00:00:00+00:00, run_after=2024-05-26 00:00:00+00:00
[2024-05-26T09:29:40.609+0000] {processor.py:183} INFO - Processing /usr/local/python/3.10.13/lib/python3.10/site-packages/airflow/example_dags/example_branch_operator.py took 0.093 seconds
[2024-05-26T09:30:40.047+0000] {processor.py:161} INFO - Started process (PID=48775) to work on /usr/local/python/3.10.13/lib/python3.10/site-packages/airflow/example_dags/example_branch_operator.py
[2024-05-26T09:30:40.047+0000] {processor.py:830} INFO - Processing file /usr/local/python/3.10.13/lib/python3.10/site-packages/airflow/example_dags/example_branch_operator.py for tasks to queue
[2024-05-26T09:30:40.049+0000] {logging_mixin.py:188} INFO - [2024-05-26T09:30:40.048+0000] {dagbag.py:545} INFO - Filling up the DagBag from /usr/local/python/3.10.13/lib/python3.10/site-packages/airflow/example_dags/example_branch_operator.py
[2024-05-26T09:30:40.063+0000] {processor.py:840} INFO - DAG(s) 'example_branch_operator' retrieved from /usr/local/python/3.10.13/lib/python3.10/site-packages/airflow/example_dags/example_branch_operator.py
[2024-05-26T09:30:40.083+0000] {logging_mixin.py:188} INFO - [2024-05-26T09:30:40.082+0000] {dag.py:3096} INFO - Sync 1 DAGs
[2024-05-26T09:30:40.099+0000] {logging_mixin.py:188} INFO - [2024-05-26T09:30:40.099+0000] {dag.py:3954} INFO - Setting next_dagrun for example_branch_operator to 2024-05-25 00:00:00+00:00, run_after=2024-05-26 00:00:00+00:00
[2024-05-26T09:30:40.136+0000] {processor.py:183} INFO - Processing /usr/local/python/3.10.13/lib/python3.10/site-packages/airflow/example_dags/example_branch_operator.py took 0.094 seconds
[2024-05-26T09:31:39.756+0000] {processor.py:161} INFO - Started process (PID=49190) to work on /usr/local/python/3.10.13/lib/python3.10/site-packages/airflow/example_dags/example_branch_operator.py
[2024-05-26T09:31:39.757+0000] {processor.py:830} INFO - Processing file /usr/local/python/3.10.13/lib/python3.10/site-packages/airflow/example_dags/example_branch_operator.py for tasks to queue
[2024-05-26T09:31:39.759+0000] {logging_mixin.py:188} INFO - [2024-05-26T09:31:39.758+0000] {dagbag.py:545} INFO - Filling up the DagBag from /usr/local/python/3.10.13/lib/python3.10/site-packages/airflow/example_dags/example_branch_operator.py
[2024-05-26T09:31:39.780+0000] {processor.py:840} INFO - DAG(s) 'example_branch_operator' retrieved from /usr/local/python/3.10.13/lib/python3.10/site-packages/airflow/example_dags/example_branch_operator.py
[2024-05-26T09:31:39.813+0000] {logging_mixin.py:188} INFO - [2024-05-26T09:31:39.813+0000] {dag.py:3096} INFO - Sync 1 DAGs
[2024-05-26T09:31:39.833+0000] {logging_mixin.py:188} INFO - [2024-05-26T09:31:39.833+0000] {dag.py:3954} INFO - Setting next_dagrun for example_branch_operator to 2024-05-25 00:00:00+00:00, run_after=2024-05-26 00:00:00+00:00
[2024-05-26T09:31:39.869+0000] {processor.py:183} INFO - Processing /usr/local/python/3.10.13/lib/python3.10/site-packages/airflow/example_dags/example_branch_operator.py took 0.119 seconds
[2024-05-26T09:32:45.340+0000] {processor.py:161} INFO - Started process (PID=49639) to work on /usr/local/python/3.10.13/lib/python3.10/site-packages/airflow/example_dags/example_branch_operator.py
[2024-05-26T09:32:45.340+0000] {processor.py:830} INFO - Processing file /usr/local/python/3.10.13/lib/python3.10/site-packages/airflow/example_dags/example_branch_operator.py for tasks to queue
[2024-05-26T09:32:45.342+0000] {logging_mixin.py:188} INFO - [2024-05-26T09:32:45.341+0000] {dagbag.py:545} INFO - Filling up the DagBag from /usr/local/python/3.10.13/lib/python3.10/site-packages/airflow/example_dags/example_branch_operator.py
[2024-05-26T09:32:45.356+0000] {processor.py:840} INFO - DAG(s) 'example_branch_operator' retrieved from /usr/local/python/3.10.13/lib/python3.10/site-packages/airflow/example_dags/example_branch_operator.py
[2024-05-26T09:32:45.376+0000] {logging_mixin.py:188} INFO - [2024-05-26T09:32:45.376+0000] {dag.py:3096} INFO - Sync 1 DAGs
[2024-05-26T09:32:45.393+0000] {logging_mixin.py:188} INFO - [2024-05-26T09:32:45.392+0000] {dag.py:3954} INFO - Setting next_dagrun for example_branch_operator to 2024-05-25 00:00:00+00:00, run_after=2024-05-26 00:00:00+00:00
[2024-05-26T09:32:45.435+0000] {processor.py:183} INFO - Processing /usr/local/python/3.10.13/lib/python3.10/site-packages/airflow/example_dags/example_branch_operator.py took 0.100 seconds
[2024-05-26T09:33:42.768+0000] {processor.py:161} INFO - Started process (PID=50067) to work on /usr/local/python/3.10.13/lib/python3.10/site-packages/airflow/example_dags/example_branch_operator.py
[2024-05-26T09:33:42.769+0000] {processor.py:830} INFO - Processing file /usr/local/python/3.10.13/lib/python3.10/site-packages/airflow/example_dags/example_branch_operator.py for tasks to queue
[2024-05-26T09:33:42.770+0000] {logging_mixin.py:188} INFO - [2024-05-26T09:33:42.770+0000] {dagbag.py:545} INFO - Filling up the DagBag from /usr/local/python/3.10.13/lib/python3.10/site-packages/airflow/example_dags/example_branch_operator.py
[2024-05-26T09:33:42.784+0000] {processor.py:840} INFO - DAG(s) 'example_branch_operator' retrieved from /usr/local/python/3.10.13/lib/python3.10/site-packages/airflow/example_dags/example_branch_operator.py
[2024-05-26T09:33:42.804+0000] {logging_mixin.py:188} INFO - [2024-05-26T09:33:42.804+0000] {dag.py:3096} INFO - Sync 1 DAGs
[2024-05-26T09:33:42.820+0000] {logging_mixin.py:188} INFO - [2024-05-26T09:33:42.820+0000] {dag.py:3954} INFO - Setting next_dagrun for example_branch_operator to 2024-05-25 00:00:00+00:00, run_after=2024-05-26 00:00:00+00:00
[2024-05-26T09:33:42.862+0000] {processor.py:183} INFO - Processing /usr/local/python/3.10.13/lib/python3.10/site-packages/airflow/example_dags/example_branch_operator.py took 0.098 seconds
[2024-05-26T09:34:43.800+0000] {processor.py:161} INFO - Started process (PID=50495) to work on /usr/local/python/3.10.13/lib/python3.10/site-packages/airflow/example_dags/example_branch_operator.py
[2024-05-26T09:34:43.801+0000] {processor.py:830} INFO - Processing file /usr/local/python/3.10.13/lib/python3.10/site-packages/airflow/example_dags/example_branch_operator.py for tasks to queue
[2024-05-26T09:34:43.802+0000] {logging_mixin.py:188} INFO - [2024-05-26T09:34:43.802+0000] {dagbag.py:545} INFO - Filling up the DagBag from /usr/local/python/3.10.13/lib/python3.10/site-packages/airflow/example_dags/example_branch_operator.py
[2024-05-26T09:34:43.817+0000] {processor.py:840} INFO - DAG(s) 'example_branch_operator' retrieved from /usr/local/python/3.10.13/lib/python3.10/site-packages/airflow/example_dags/example_branch_operator.py
[2024-05-26T09:34:43.837+0000] {logging_mixin.py:188} INFO - [2024-05-26T09:34:43.837+0000] {dag.py:3096} INFO - Sync 1 DAGs
[2024-05-26T09:34:43.854+0000] {logging_mixin.py:188} INFO - [2024-05-26T09:34:43.854+0000] {dag.py:3954} INFO - Setting next_dagrun for example_branch_operator to 2024-05-25 00:00:00+00:00, run_after=2024-05-26 00:00:00+00:00
[2024-05-26T09:34:43.889+0000] {processor.py:183} INFO - Processing /usr/local/python/3.10.13/lib/python3.10/site-packages/airflow/example_dags/example_branch_operator.py took 0.094 seconds
[2024-05-26T09:35:43.284+0000] {processor.py:161} INFO - Started process (PID=50893) to work on /usr/local/python/3.10.13/lib/python3.10/site-packages/airflow/example_dags/example_branch_operator.py
[2024-05-26T09:35:43.284+0000] {processor.py:830} INFO - Processing file /usr/local/python/3.10.13/lib/python3.10/site-packages/airflow/example_dags/example_branch_operator.py for tasks to queue
[2024-05-26T09:35:43.286+0000] {logging_mixin.py:188} INFO - [2024-05-26T09:35:43.286+0000] {dagbag.py:545} INFO - Filling up the DagBag from /usr/local/python/3.10.13/lib/python3.10/site-packages/airflow/example_dags/example_branch_operator.py
[2024-05-26T09:35:43.300+0000] {processor.py:840} INFO - DAG(s) 'example_branch_operator' retrieved from /usr/local/python/3.10.13/lib/python3.10/site-packages/airflow/example_dags/example_branch_operator.py
[2024-05-26T09:35:43.320+0000] {logging_mixin.py:188} INFO - [2024-05-26T09:35:43.320+0000] {dag.py:3096} INFO - Sync 1 DAGs
[2024-05-26T09:35:43.336+0000] {logging_mixin.py:188} INFO - [2024-05-26T09:35:43.336+0000] {dag.py:3954} INFO - Setting next_dagrun for example_branch_operator to 2024-05-25 00:00:00+00:00, run_after=2024-05-26 00:00:00+00:00
[2024-05-26T09:35:43.373+0000] {processor.py:183} INFO - Processing /usr/local/python/3.10.13/lib/python3.10/site-packages/airflow/example_dags/example_branch_operator.py took 0.093 seconds
[2024-05-26T09:36:44.245+0000] {processor.py:161} INFO - Started process (PID=51319) to work on /usr/local/python/3.10.13/lib/python3.10/site-packages/airflow/example_dags/example_branch_operator.py
[2024-05-26T09:36:44.246+0000] {processor.py:830} INFO - Processing file /usr/local/python/3.10.13/lib/python3.10/site-packages/airflow/example_dags/example_branch_operator.py for tasks to queue
[2024-05-26T09:36:44.247+0000] {logging_mixin.py:188} INFO - [2024-05-26T09:36:44.247+0000] {dagbag.py:545} INFO - Filling up the DagBag from /usr/local/python/3.10.13/lib/python3.10/site-packages/airflow/example_dags/example_branch_operator.py
[2024-05-26T09:36:44.262+0000] {processor.py:840} INFO - DAG(s) 'example_branch_operator' retrieved from /usr/local/python/3.10.13/lib/python3.10/site-packages/airflow/example_dags/example_branch_operator.py
[2024-05-26T09:36:44.282+0000] {logging_mixin.py:188} INFO - [2024-05-26T09:36:44.282+0000] {dag.py:3096} INFO - Sync 1 DAGs
[2024-05-26T09:36:44.298+0000] {logging_mixin.py:188} INFO - [2024-05-26T09:36:44.298+0000] {dag.py:3954} INFO - Setting next_dagrun for example_branch_operator to 2024-05-25 00:00:00+00:00, run_after=2024-05-26 00:00:00+00:00
[2024-05-26T09:36:44.333+0000] {processor.py:183} INFO - Processing /usr/local/python/3.10.13/lib/python3.10/site-packages/airflow/example_dags/example_branch_operator.py took 0.093 seconds
[2024-05-26T09:37:49.847+0000] {processor.py:161} INFO - Started process (PID=51781) to work on /usr/local/python/3.10.13/lib/python3.10/site-packages/airflow/example_dags/example_branch_operator.py
[2024-05-26T09:37:49.847+0000] {processor.py:830} INFO - Processing file /usr/local/python/3.10.13/lib/python3.10/site-packages/airflow/example_dags/example_branch_operator.py for tasks to queue
[2024-05-26T09:37:49.849+0000] {logging_mixin.py:188} INFO - [2024-05-26T09:37:49.848+0000] {dagbag.py:545} INFO - Filling up the DagBag from /usr/local/python/3.10.13/lib/python3.10/site-packages/airflow/example_dags/example_branch_operator.py
[2024-05-26T09:37:49.863+0000] {processor.py:840} INFO - DAG(s) 'example_branch_operator' retrieved from /usr/local/python/3.10.13/lib/python3.10/site-packages/airflow/example_dags/example_branch_operator.py
[2024-05-26T09:37:49.882+0000] {logging_mixin.py:188} INFO - [2024-05-26T09:37:49.882+0000] {dag.py:3096} INFO - Sync 1 DAGs
[2024-05-26T09:37:49.899+0000] {logging_mixin.py:188} INFO - [2024-05-26T09:37:49.899+0000] {dag.py:3954} INFO - Setting next_dagrun for example_branch_operator to 2024-05-25 00:00:00+00:00, run_after=2024-05-26 00:00:00+00:00
[2024-05-26T09:37:49.937+0000] {processor.py:183} INFO - Processing /usr/local/python/3.10.13/lib/python3.10/site-packages/airflow/example_dags/example_branch_operator.py took 0.096 seconds
[2024-05-26T09:38:47.030+0000] {processor.py:161} INFO - Started process (PID=52192) to work on /usr/local/python/3.10.13/lib/python3.10/site-packages/airflow/example_dags/example_branch_operator.py
[2024-05-26T09:38:47.030+0000] {processor.py:830} INFO - Processing file /usr/local/python/3.10.13/lib/python3.10/site-packages/airflow/example_dags/example_branch_operator.py for tasks to queue
[2024-05-26T09:38:47.032+0000] {logging_mixin.py:188} INFO - [2024-05-26T09:38:47.031+0000] {dagbag.py:545} INFO - Filling up the DagBag from /usr/local/python/3.10.13/lib/python3.10/site-packages/airflow/example_dags/example_branch_operator.py
[2024-05-26T09:38:47.046+0000] {processor.py:840} INFO - DAG(s) 'example_branch_operator' retrieved from /usr/local/python/3.10.13/lib/python3.10/site-packages/airflow/example_dags/example_branch_operator.py
[2024-05-26T09:38:47.068+0000] {logging_mixin.py:188} INFO - [2024-05-26T09:38:47.067+0000] {dag.py:3096} INFO - Sync 1 DAGs
[2024-05-26T09:38:47.086+0000] {logging_mixin.py:188} INFO - [2024-05-26T09:38:47.085+0000] {dag.py:3954} INFO - Setting next_dagrun for example_branch_operator to 2024-05-25 00:00:00+00:00, run_after=2024-05-26 00:00:00+00:00
[2024-05-26T09:38:47.125+0000] {processor.py:183} INFO - Processing /usr/local/python/3.10.13/lib/python3.10/site-packages/airflow/example_dags/example_branch_operator.py took 0.100 seconds
[2024-05-26T09:39:46.959+0000] {processor.py:161} INFO - Started process (PID=52594) to work on /usr/local/python/3.10.13/lib/python3.10/site-packages/airflow/example_dags/example_branch_operator.py
[2024-05-26T09:39:46.960+0000] {processor.py:830} INFO - Processing file /usr/local/python/3.10.13/lib/python3.10/site-packages/airflow/example_dags/example_branch_operator.py for tasks to queue
[2024-05-26T09:39:46.961+0000] {logging_mixin.py:188} INFO - [2024-05-26T09:39:46.961+0000] {dagbag.py:545} INFO - Filling up the DagBag from /usr/local/python/3.10.13/lib/python3.10/site-packages/airflow/example_dags/example_branch_operator.py
[2024-05-26T09:39:46.976+0000] {processor.py:840} INFO - DAG(s) 'example_branch_operator' retrieved from /usr/local/python/3.10.13/lib/python3.10/site-packages/airflow/example_dags/example_branch_operator.py
[2024-05-26T09:39:46.995+0000] {logging_mixin.py:188} INFO - [2024-05-26T09:39:46.995+0000] {dag.py:3096} INFO - Sync 1 DAGs
[2024-05-26T09:39:47.012+0000] {logging_mixin.py:188} INFO - [2024-05-26T09:39:47.012+0000] {dag.py:3954} INFO - Setting next_dagrun for example_branch_operator to 2024-05-25 00:00:00+00:00, run_after=2024-05-26 00:00:00+00:00
[2024-05-26T09:39:47.048+0000] {processor.py:183} INFO - Processing /usr/local/python/3.10.13/lib/python3.10/site-packages/airflow/example_dags/example_branch_operator.py took 0.093 seconds
[2024-05-26T09:40:50.461+0000] {processor.py:161} INFO - Started process (PID=53053) to work on /usr/local/python/3.10.13/lib/python3.10/site-packages/airflow/example_dags/example_branch_operator.py
[2024-05-26T09:40:50.461+0000] {processor.py:830} INFO - Processing file /usr/local/python/3.10.13/lib/python3.10/site-packages/airflow/example_dags/example_branch_operator.py for tasks to queue
[2024-05-26T09:40:50.463+0000] {logging_mixin.py:188} INFO - [2024-05-26T09:40:50.463+0000] {dagbag.py:545} INFO - Filling up the DagBag from /usr/local/python/3.10.13/lib/python3.10/site-packages/airflow/example_dags/example_branch_operator.py
[2024-05-26T09:40:50.477+0000] {processor.py:840} INFO - DAG(s) 'example_branch_operator' retrieved from /usr/local/python/3.10.13/lib/python3.10/site-packages/airflow/example_dags/example_branch_operator.py
[2024-05-26T09:40:50.497+0000] {logging_mixin.py:188} INFO - [2024-05-26T09:40:50.497+0000] {dag.py:3096} INFO - Sync 1 DAGs
[2024-05-26T09:40:50.513+0000] {logging_mixin.py:188} INFO - [2024-05-26T09:40:50.513+0000] {dag.py:3954} INFO - Setting next_dagrun for example_branch_operator to 2024-05-25 00:00:00+00:00, run_after=2024-05-26 00:00:00+00:00
[2024-05-26T09:40:50.549+0000] {processor.py:183} INFO - Processing /usr/local/python/3.10.13/lib/python3.10/site-packages/airflow/example_dags/example_branch_operator.py took 0.093 seconds
[2024-05-26T09:41:53.526+0000] {processor.py:161} INFO - Started process (PID=53476) to work on /usr/local/python/3.10.13/lib/python3.10/site-packages/airflow/example_dags/example_branch_operator.py
[2024-05-26T09:41:53.526+0000] {processor.py:830} INFO - Processing file /usr/local/python/3.10.13/lib/python3.10/site-packages/airflow/example_dags/example_branch_operator.py for tasks to queue
[2024-05-26T09:41:53.528+0000] {logging_mixin.py:188} INFO - [2024-05-26T09:41:53.527+0000] {dagbag.py:545} INFO - Filling up the DagBag from /usr/local/python/3.10.13/lib/python3.10/site-packages/airflow/example_dags/example_branch_operator.py
[2024-05-26T09:41:53.545+0000] {processor.py:840} INFO - DAG(s) 'example_branch_operator' retrieved from /usr/local/python/3.10.13/lib/python3.10/site-packages/airflow/example_dags/example_branch_operator.py
[2024-05-26T09:41:53.577+0000] {logging_mixin.py:188} INFO - [2024-05-26T09:41:53.577+0000] {dag.py:3096} INFO - Sync 1 DAGs
[2024-05-26T09:41:53.602+0000] {logging_mixin.py:188} INFO - [2024-05-26T09:41:53.601+0000] {dag.py:3954} INFO - Setting next_dagrun for example_branch_operator to 2024-05-25 00:00:00+00:00, run_after=2024-05-26 00:00:00+00:00
[2024-05-26T09:41:53.641+0000] {processor.py:183} INFO - Processing /usr/local/python/3.10.13/lib/python3.10/site-packages/airflow/example_dags/example_branch_operator.py took 0.120 seconds
[2024-05-26T09:42:51.833+0000] {processor.py:161} INFO - Started process (PID=53900) to work on /usr/local/python/3.10.13/lib/python3.10/site-packages/airflow/example_dags/example_branch_operator.py
[2024-05-26T09:42:51.833+0000] {processor.py:830} INFO - Processing file /usr/local/python/3.10.13/lib/python3.10/site-packages/airflow/example_dags/example_branch_operator.py for tasks to queue
[2024-05-26T09:42:51.835+0000] {logging_mixin.py:188} INFO - [2024-05-26T09:42:51.834+0000] {dagbag.py:545} INFO - Filling up the DagBag from /usr/local/python/3.10.13/lib/python3.10/site-packages/airflow/example_dags/example_branch_operator.py
[2024-05-26T09:42:51.849+0000] {processor.py:840} INFO - DAG(s) 'example_branch_operator' retrieved from /usr/local/python/3.10.13/lib/python3.10/site-packages/airflow/example_dags/example_branch_operator.py
[2024-05-26T09:42:51.869+0000] {logging_mixin.py:188} INFO - [2024-05-26T09:42:51.869+0000] {dag.py:3096} INFO - Sync 1 DAGs
[2024-05-26T09:42:51.885+0000] {logging_mixin.py:188} INFO - [2024-05-26T09:42:51.885+0000] {dag.py:3954} INFO - Setting next_dagrun for example_branch_operator to 2024-05-25 00:00:00+00:00, run_after=2024-05-26 00:00:00+00:00
[2024-05-26T09:42:51.922+0000] {processor.py:183} INFO - Processing /usr/local/python/3.10.13/lib/python3.10/site-packages/airflow/example_dags/example_branch_operator.py took 0.094 seconds
[2024-05-26T09:43:51.667+0000] {processor.py:161} INFO - Started process (PID=54299) to work on /usr/local/python/3.10.13/lib/python3.10/site-packages/airflow/example_dags/example_branch_operator.py
[2024-05-26T09:43:51.667+0000] {processor.py:830} INFO - Processing file /usr/local/python/3.10.13/lib/python3.10/site-packages/airflow/example_dags/example_branch_operator.py for tasks to queue
[2024-05-26T09:43:51.668+0000] {logging_mixin.py:188} INFO - [2024-05-26T09:43:51.668+0000] {dagbag.py:545} INFO - Filling up the DagBag from /usr/local/python/3.10.13/lib/python3.10/site-packages/airflow/example_dags/example_branch_operator.py
[2024-05-26T09:43:51.684+0000] {processor.py:840} INFO - DAG(s) 'example_branch_operator' retrieved from /usr/local/python/3.10.13/lib/python3.10/site-packages/airflow/example_dags/example_branch_operator.py
[2024-05-26T09:43:51.705+0000] {logging_mixin.py:188} INFO - [2024-05-26T09:43:51.704+0000] {dag.py:3096} INFO - Sync 1 DAGs
[2024-05-26T09:43:51.721+0000] {logging_mixin.py:188} INFO - [2024-05-26T09:43:51.721+0000] {dag.py:3954} INFO - Setting next_dagrun for example_branch_operator to 2024-05-25 00:00:00+00:00, run_after=2024-05-26 00:00:00+00:00
[2024-05-26T09:43:51.760+0000] {processor.py:183} INFO - Processing /usr/local/python/3.10.13/lib/python3.10/site-packages/airflow/example_dags/example_branch_operator.py took 0.098 seconds
[2024-05-26T09:44:54.827+0000] {processor.py:161} INFO - Started process (PID=54929) to work on /usr/local/python/3.10.13/lib/python3.10/site-packages/airflow/example_dags/example_branch_operator.py
[2024-05-26T09:44:54.828+0000] {processor.py:830} INFO - Processing file /usr/local/python/3.10.13/lib/python3.10/site-packages/airflow/example_dags/example_branch_operator.py for tasks to queue
[2024-05-26T09:44:54.829+0000] {logging_mixin.py:188} INFO - [2024-05-26T09:44:54.829+0000] {dagbag.py:545} INFO - Filling up the DagBag from /usr/local/python/3.10.13/lib/python3.10/site-packages/airflow/example_dags/example_branch_operator.py
[2024-05-26T09:44:54.843+0000] {processor.py:840} INFO - DAG(s) 'example_branch_operator' retrieved from /usr/local/python/3.10.13/lib/python3.10/site-packages/airflow/example_dags/example_branch_operator.py
[2024-05-26T09:44:54.863+0000] {logging_mixin.py:188} INFO - [2024-05-26T09:44:54.863+0000] {dag.py:3096} INFO - Sync 1 DAGs
[2024-05-26T09:44:54.878+0000] {logging_mixin.py:188} INFO - [2024-05-26T09:44:54.878+0000] {dag.py:3954} INFO - Setting next_dagrun for example_branch_operator to 2024-05-25 00:00:00+00:00, run_after=2024-05-26 00:00:00+00:00
[2024-05-26T09:44:54.916+0000] {processor.py:183} INFO - Processing /usr/local/python/3.10.13/lib/python3.10/site-packages/airflow/example_dags/example_branch_operator.py took 0.094 seconds
[2024-05-26T09:45:55.800+0000] {processor.py:161} INFO - Started process (PID=55727) to work on /usr/local/python/3.10.13/lib/python3.10/site-packages/airflow/example_dags/example_branch_operator.py
[2024-05-26T09:45:55.801+0000] {processor.py:830} INFO - Processing file /usr/local/python/3.10.13/lib/python3.10/site-packages/airflow/example_dags/example_branch_operator.py for tasks to queue
[2024-05-26T09:45:55.802+0000] {logging_mixin.py:188} INFO - [2024-05-26T09:45:55.802+0000] {dagbag.py:545} INFO - Filling up the DagBag from /usr/local/python/3.10.13/lib/python3.10/site-packages/airflow/example_dags/example_branch_operator.py
[2024-05-26T09:45:55.817+0000] {processor.py:840} INFO - DAG(s) 'example_branch_operator' retrieved from /usr/local/python/3.10.13/lib/python3.10/site-packages/airflow/example_dags/example_branch_operator.py
[2024-05-26T09:45:55.836+0000] {logging_mixin.py:188} INFO - [2024-05-26T09:45:55.836+0000] {dag.py:3096} INFO - Sync 1 DAGs
[2024-05-26T09:45:55.852+0000] {logging_mixin.py:188} INFO - [2024-05-26T09:45:55.852+0000] {dag.py:3954} INFO - Setting next_dagrun for example_branch_operator to 2024-05-25 00:00:00+00:00, run_after=2024-05-26 00:00:00+00:00
[2024-05-26T09:45:55.888+0000] {processor.py:183} INFO - Processing /usr/local/python/3.10.13/lib/python3.10/site-packages/airflow/example_dags/example_branch_operator.py took 0.093 seconds
[2024-05-26T09:46:55.884+0000] {processor.py:161} INFO - Started process (PID=56456) to work on /usr/local/python/3.10.13/lib/python3.10/site-packages/airflow/example_dags/example_branch_operator.py
[2024-05-26T09:46:55.885+0000] {processor.py:830} INFO - Processing file /usr/local/python/3.10.13/lib/python3.10/site-packages/airflow/example_dags/example_branch_operator.py for tasks to queue
[2024-05-26T09:46:55.886+0000] {logging_mixin.py:188} INFO - [2024-05-26T09:46:55.886+0000] {dagbag.py:545} INFO - Filling up the DagBag from /usr/local/python/3.10.13/lib/python3.10/site-packages/airflow/example_dags/example_branch_operator.py
[2024-05-26T09:46:55.901+0000] {processor.py:840} INFO - DAG(s) 'example_branch_operator' retrieved from /usr/local/python/3.10.13/lib/python3.10/site-packages/airflow/example_dags/example_branch_operator.py
[2024-05-26T09:46:55.920+0000] {logging_mixin.py:188} INFO - [2024-05-26T09:46:55.920+0000] {dag.py:3096} INFO - Sync 1 DAGs
[2024-05-26T09:46:55.936+0000] {logging_mixin.py:188} INFO - [2024-05-26T09:46:55.935+0000] {dag.py:3954} INFO - Setting next_dagrun for example_branch_operator to 2024-05-25 00:00:00+00:00, run_after=2024-05-26 00:00:00+00:00
[2024-05-26T09:46:55.973+0000] {processor.py:183} INFO - Processing /usr/local/python/3.10.13/lib/python3.10/site-packages/airflow/example_dags/example_branch_operator.py took 0.094 seconds
[2024-05-26T09:47:53.961+0000] {processor.py:161} INFO - Started process (PID=57166) to work on /usr/local/python/3.10.13/lib/python3.10/site-packages/airflow/example_dags/example_branch_operator.py
[2024-05-26T09:47:53.962+0000] {processor.py:830} INFO - Processing file /usr/local/python/3.10.13/lib/python3.10/site-packages/airflow/example_dags/example_branch_operator.py for tasks to queue
[2024-05-26T09:47:53.963+0000] {logging_mixin.py:188} INFO - [2024-05-26T09:47:53.963+0000] {dagbag.py:545} INFO - Filling up the DagBag from /usr/local/python/3.10.13/lib/python3.10/site-packages/airflow/example_dags/example_branch_operator.py
[2024-05-26T09:47:53.977+0000] {processor.py:840} INFO - DAG(s) 'example_branch_operator' retrieved from /usr/local/python/3.10.13/lib/python3.10/site-packages/airflow/example_dags/example_branch_operator.py
[2024-05-26T09:47:53.997+0000] {logging_mixin.py:188} INFO - [2024-05-26T09:47:53.997+0000] {dag.py:3096} INFO - Sync 1 DAGs
[2024-05-26T09:47:54.014+0000] {logging_mixin.py:188} INFO - [2024-05-26T09:47:54.013+0000] {dag.py:3954} INFO - Setting next_dagrun for example_branch_operator to 2024-05-25 00:00:00+00:00, run_after=2024-05-26 00:00:00+00:00
[2024-05-26T09:47:54.053+0000] {processor.py:183} INFO - Processing /usr/local/python/3.10.13/lib/python3.10/site-packages/airflow/example_dags/example_branch_operator.py took 0.096 seconds
[2024-05-26T09:48:55.700+0000] {processor.py:161} INFO - Started process (PID=57848) to work on /usr/local/python/3.10.13/lib/python3.10/site-packages/airflow/example_dags/example_branch_operator.py
[2024-05-26T09:48:55.700+0000] {processor.py:830} INFO - Processing file /usr/local/python/3.10.13/lib/python3.10/site-packages/airflow/example_dags/example_branch_operator.py for tasks to queue
[2024-05-26T09:48:55.702+0000] {logging_mixin.py:188} INFO - [2024-05-26T09:48:55.702+0000] {dagbag.py:545} INFO - Filling up the DagBag from /usr/local/python/3.10.13/lib/python3.10/site-packages/airflow/example_dags/example_branch_operator.py
[2024-05-26T09:48:55.716+0000] {processor.py:840} INFO - DAG(s) 'example_branch_operator' retrieved from /usr/local/python/3.10.13/lib/python3.10/site-packages/airflow/example_dags/example_branch_operator.py
[2024-05-26T09:48:55.736+0000] {logging_mixin.py:188} INFO - [2024-05-26T09:48:55.736+0000] {dag.py:3096} INFO - Sync 1 DAGs
[2024-05-26T09:48:55.752+0000] {logging_mixin.py:188} INFO - [2024-05-26T09:48:55.752+0000] {dag.py:3954} INFO - Setting next_dagrun for example_branch_operator to 2024-05-25 00:00:00+00:00, run_after=2024-05-26 00:00:00+00:00
[2024-05-26T09:48:55.797+0000] {processor.py:183} INFO - Processing /usr/local/python/3.10.13/lib/python3.10/site-packages/airflow/example_dags/example_branch_operator.py took 0.103 seconds
[2024-05-26T09:49:59.485+0000] {processor.py:161} INFO - Started process (PID=58508) to work on /usr/local/python/3.10.13/lib/python3.10/site-packages/airflow/example_dags/example_branch_operator.py
[2024-05-26T09:49:59.485+0000] {processor.py:830} INFO - Processing file /usr/local/python/3.10.13/lib/python3.10/site-packages/airflow/example_dags/example_branch_operator.py for tasks to queue
[2024-05-26T09:49:59.487+0000] {logging_mixin.py:188} INFO - [2024-05-26T09:49:59.486+0000] {dagbag.py:545} INFO - Filling up the DagBag from /usr/local/python/3.10.13/lib/python3.10/site-packages/airflow/example_dags/example_branch_operator.py
[2024-05-26T09:49:59.501+0000] {processor.py:840} INFO - DAG(s) 'example_branch_operator' retrieved from /usr/local/python/3.10.13/lib/python3.10/site-packages/airflow/example_dags/example_branch_operator.py
[2024-05-26T09:49:59.521+0000] {logging_mixin.py:188} INFO - [2024-05-26T09:49:59.521+0000] {dag.py:3096} INFO - Sync 1 DAGs
[2024-05-26T09:49:59.537+0000] {logging_mixin.py:188} INFO - [2024-05-26T09:49:59.537+0000] {dag.py:3954} INFO - Setting next_dagrun for example_branch_operator to 2024-05-25 00:00:00+00:00, run_after=2024-05-26 00:00:00+00:00
[2024-05-26T09:49:59.574+0000] {processor.py:183} INFO - Processing /usr/local/python/3.10.13/lib/python3.10/site-packages/airflow/example_dags/example_branch_operator.py took 0.094 seconds
[2024-05-26T09:51:02.414+0000] {processor.py:161} INFO - Started process (PID=59040) to work on /usr/local/python/3.10.13/lib/python3.10/site-packages/airflow/example_dags/example_branch_operator.py
[2024-05-26T09:51:02.415+0000] {processor.py:830} INFO - Processing file /usr/local/python/3.10.13/lib/python3.10/site-packages/airflow/example_dags/example_branch_operator.py for tasks to queue
[2024-05-26T09:51:02.416+0000] {logging_mixin.py:188} INFO - [2024-05-26T09:51:02.416+0000] {dagbag.py:545} INFO - Filling up the DagBag from /usr/local/python/3.10.13/lib/python3.10/site-packages/airflow/example_dags/example_branch_operator.py
[2024-05-26T09:51:02.431+0000] {processor.py:840} INFO - DAG(s) 'example_branch_operator' retrieved from /usr/local/python/3.10.13/lib/python3.10/site-packages/airflow/example_dags/example_branch_operator.py
[2024-05-26T09:51:02.450+0000] {logging_mixin.py:188} INFO - [2024-05-26T09:51:02.450+0000] {dag.py:3096} INFO - Sync 1 DAGs
[2024-05-26T09:51:02.466+0000] {logging_mixin.py:188} INFO - [2024-05-26T09:51:02.466+0000] {dag.py:3954} INFO - Setting next_dagrun for example_branch_operator to 2024-05-25 00:00:00+00:00, run_after=2024-05-26 00:00:00+00:00
[2024-05-26T09:51:02.501+0000] {processor.py:183} INFO - Processing /usr/local/python/3.10.13/lib/python3.10/site-packages/airflow/example_dags/example_branch_operator.py took 0.092 seconds
[2024-05-26T09:52:02.982+0000] {processor.py:161} INFO - Started process (PID=59661) to work on /usr/local/python/3.10.13/lib/python3.10/site-packages/airflow/example_dags/example_branch_operator.py
[2024-05-26T09:52:02.983+0000] {processor.py:830} INFO - Processing file /usr/local/python/3.10.13/lib/python3.10/site-packages/airflow/example_dags/example_branch_operator.py for tasks to queue
[2024-05-26T09:52:02.985+0000] {logging_mixin.py:188} INFO - [2024-05-26T09:52:02.985+0000] {dagbag.py:545} INFO - Filling up the DagBag from /usr/local/python/3.10.13/lib/python3.10/site-packages/airflow/example_dags/example_branch_operator.py
[2024-05-26T09:52:03.001+0000] {processor.py:840} INFO - DAG(s) 'example_branch_operator' retrieved from /usr/local/python/3.10.13/lib/python3.10/site-packages/airflow/example_dags/example_branch_operator.py
[2024-05-26T09:52:03.021+0000] {logging_mixin.py:188} INFO - [2024-05-26T09:52:03.021+0000] {dag.py:3096} INFO - Sync 1 DAGs
[2024-05-26T09:52:03.036+0000] {logging_mixin.py:188} INFO - [2024-05-26T09:52:03.036+0000] {dag.py:3954} INFO - Setting next_dagrun for example_branch_operator to 2024-05-25 00:00:00+00:00, run_after=2024-05-26 00:00:00+00:00
[2024-05-26T09:52:03.073+0000] {processor.py:183} INFO - Processing /usr/local/python/3.10.13/lib/python3.10/site-packages/airflow/example_dags/example_branch_operator.py took 0.098 seconds
[2024-05-26T09:53:05.405+0000] {processor.py:161} INFO - Started process (PID=60170) to work on /usr/local/python/3.10.13/lib/python3.10/site-packages/airflow/example_dags/example_branch_operator.py
[2024-05-26T09:53:05.406+0000] {processor.py:830} INFO - Processing file /usr/local/python/3.10.13/lib/python3.10/site-packages/airflow/example_dags/example_branch_operator.py for tasks to queue
[2024-05-26T09:53:05.407+0000] {logging_mixin.py:188} INFO - [2024-05-26T09:53:05.407+0000] {dagbag.py:545} INFO - Filling up the DagBag from /usr/local/python/3.10.13/lib/python3.10/site-packages/airflow/example_dags/example_branch_operator.py
[2024-05-26T09:53:05.422+0000] {processor.py:840} INFO - DAG(s) 'example_branch_operator' retrieved from /usr/local/python/3.10.13/lib/python3.10/site-packages/airflow/example_dags/example_branch_operator.py
[2024-05-26T09:53:05.442+0000] {logging_mixin.py:188} INFO - [2024-05-26T09:53:05.442+0000] {dag.py:3096} INFO - Sync 1 DAGs
[2024-05-26T09:53:05.458+0000] {logging_mixin.py:188} INFO - [2024-05-26T09:53:05.458+0000] {dag.py:3954} INFO - Setting next_dagrun for example_branch_operator to 2024-05-25 00:00:00+00:00, run_after=2024-05-26 00:00:00+00:00
[2024-05-26T09:53:05.494+0000] {processor.py:183} INFO - Processing /usr/local/python/3.10.13/lib/python3.10/site-packages/airflow/example_dags/example_branch_operator.py took 0.094 seconds
[2024-05-26T09:54:09.142+0000] {processor.py:161} INFO - Started process (PID=60681) to work on /usr/local/python/3.10.13/lib/python3.10/site-packages/airflow/example_dags/example_branch_operator.py
[2024-05-26T09:54:09.143+0000] {processor.py:830} INFO - Processing file /usr/local/python/3.10.13/lib/python3.10/site-packages/airflow/example_dags/example_branch_operator.py for tasks to queue
[2024-05-26T09:54:09.144+0000] {logging_mixin.py:188} INFO - [2024-05-26T09:54:09.144+0000] {dagbag.py:545} INFO - Filling up the DagBag from /usr/local/python/3.10.13/lib/python3.10/site-packages/airflow/example_dags/example_branch_operator.py
[2024-05-26T09:54:09.159+0000] {processor.py:840} INFO - DAG(s) 'example_branch_operator' retrieved from /usr/local/python/3.10.13/lib/python3.10/site-packages/airflow/example_dags/example_branch_operator.py
[2024-05-26T09:54:09.179+0000] {logging_mixin.py:188} INFO - [2024-05-26T09:54:09.179+0000] {dag.py:3096} INFO - Sync 1 DAGs
[2024-05-26T09:54:09.194+0000] {logging_mixin.py:188} INFO - [2024-05-26T09:54:09.194+0000] {dag.py:3954} INFO - Setting next_dagrun for example_branch_operator to 2024-05-25 00:00:00+00:00, run_after=2024-05-26 00:00:00+00:00
[2024-05-26T09:54:09.232+0000] {processor.py:183} INFO - Processing /usr/local/python/3.10.13/lib/python3.10/site-packages/airflow/example_dags/example_branch_operator.py took 0.095 seconds
[2024-05-26T09:55:14.930+0000] {processor.py:161} INFO - Started process (PID=61217) to work on /usr/local/python/3.10.13/lib/python3.10/site-packages/airflow/example_dags/example_branch_operator.py
[2024-05-26T09:55:14.931+0000] {processor.py:830} INFO - Processing file /usr/local/python/3.10.13/lib/python3.10/site-packages/airflow/example_dags/example_branch_operator.py for tasks to queue
[2024-05-26T09:55:14.932+0000] {logging_mixin.py:188} INFO - [2024-05-26T09:55:14.932+0000] {dagbag.py:545} INFO - Filling up the DagBag from /usr/local/python/3.10.13/lib/python3.10/site-packages/airflow/example_dags/example_branch_operator.py
[2024-05-26T09:55:14.948+0000] {processor.py:840} INFO - DAG(s) 'example_branch_operator' retrieved from /usr/local/python/3.10.13/lib/python3.10/site-packages/airflow/example_dags/example_branch_operator.py
[2024-05-26T09:55:14.967+0000] {logging_mixin.py:188} INFO - [2024-05-26T09:55:14.967+0000] {dag.py:3096} INFO - Sync 1 DAGs
[2024-05-26T09:55:14.986+0000] {logging_mixin.py:188} INFO - [2024-05-26T09:55:14.986+0000] {dag.py:3954} INFO - Setting next_dagrun for example_branch_operator to 2024-05-25 00:00:00+00:00, run_after=2024-05-26 00:00:00+00:00
[2024-05-26T09:55:15.023+0000] {processor.py:183} INFO - Processing /usr/local/python/3.10.13/lib/python3.10/site-packages/airflow/example_dags/example_branch_operator.py took 0.098 seconds
