[2024-05-26T09:10:50.852+0000] {processor.py:161} INFO - Started process (PID=40237) to work on /usr/local/python/3.10.13/lib/python3.10/site-packages/airflow/example_dags/example_params_ui_tutorial.py
[2024-05-26T09:10:50.853+0000] {processor.py:830} INFO - Processing file /usr/local/python/3.10.13/lib/python3.10/site-packages/airflow/example_dags/example_params_ui_tutorial.py for tasks to queue
[2024-05-26T09:10:50.854+0000] {logging_mixin.py:188} INFO - [2024-05-26T09:10:50.854+0000] {dagbag.py:545} INFO - Filling up the DagBag from /usr/local/python/3.10.13/lib/python3.10/site-packages/airflow/example_dags/example_params_ui_tutorial.py
[2024-05-26T09:10:50.863+0000] {processor.py:840} INFO - DAG(s) 'example_params_ui_tutorial' retrieved from /usr/local/python/3.10.13/lib/python3.10/site-packages/airflow/example_dags/example_params_ui_tutorial.py
[2024-05-26T09:10:51.054+0000] {logging_mixin.py:188} INFO - [2024-05-26T09:10:51.054+0000] {dag.py:3096} INFO - Sync 1 DAGs
[2024-05-26T09:10:51.061+0000] {logging_mixin.py:188} INFO - [2024-05-26T09:10:51.061+0000] {dag.py:3954} INFO - Setting next_dagrun for example_params_ui_tutorial to None, run_after=None
[2024-05-26T09:10:51.107+0000] {processor.py:183} INFO - Processing /usr/local/python/3.10.13/lib/python3.10/site-packages/airflow/example_dags/example_params_ui_tutorial.py took 0.262 seconds
[2024-05-26T09:11:42.021+0000] {processor.py:161} INFO - Started process (PID=40592) to work on /usr/local/python/3.10.13/lib/python3.10/site-packages/airflow/example_dags/example_params_ui_tutorial.py
[2024-05-26T09:11:42.022+0000] {processor.py:830} INFO - Processing file /usr/local/python/3.10.13/lib/python3.10/site-packages/airflow/example_dags/example_params_ui_tutorial.py for tasks to queue
[2024-05-26T09:11:42.023+0000] {logging_mixin.py:188} INFO - [2024-05-26T09:11:42.023+0000] {dagbag.py:545} INFO - Filling up the DagBag from /usr/local/python/3.10.13/lib/python3.10/site-packages/airflow/example_dags/example_params_ui_tutorial.py
[2024-05-26T09:11:42.032+0000] {processor.py:840} INFO - DAG(s) 'example_params_ui_tutorial' retrieved from /usr/local/python/3.10.13/lib/python3.10/site-packages/airflow/example_dags/example_params_ui_tutorial.py
[2024-05-26T09:11:42.072+0000] {logging_mixin.py:188} INFO - [2024-05-26T09:11:42.072+0000] {dag.py:3096} INFO - Sync 1 DAGs
[2024-05-26T09:11:42.081+0000] {logging_mixin.py:188} INFO - [2024-05-26T09:11:42.081+0000] {dag.py:3954} INFO - Setting next_dagrun for example_params_ui_tutorial to None, run_after=None
[2024-05-26T09:11:42.121+0000] {processor.py:183} INFO - Processing /usr/local/python/3.10.13/lib/python3.10/site-packages/airflow/example_dags/example_params_ui_tutorial.py took 0.104 seconds
[2024-05-26T09:12:32.523+0000] {processor.py:161} INFO - Started process (PID=41014) to work on /usr/local/python/3.10.13/lib/python3.10/site-packages/airflow/example_dags/example_params_ui_tutorial.py
[2024-05-26T09:12:32.524+0000] {processor.py:830} INFO - Processing file /usr/local/python/3.10.13/lib/python3.10/site-packages/airflow/example_dags/example_params_ui_tutorial.py for tasks to queue
[2024-05-26T09:12:32.525+0000] {logging_mixin.py:188} INFO - [2024-05-26T09:12:32.525+0000] {dagbag.py:545} INFO - Filling up the DagBag from /usr/local/python/3.10.13/lib/python3.10/site-packages/airflow/example_dags/example_params_ui_tutorial.py
[2024-05-26T09:12:32.534+0000] {processor.py:840} INFO - DAG(s) 'example_params_ui_tutorial' retrieved from /usr/local/python/3.10.13/lib/python3.10/site-packages/airflow/example_dags/example_params_ui_tutorial.py
[2024-05-26T09:12:32.575+0000] {logging_mixin.py:188} INFO - [2024-05-26T09:12:32.575+0000] {dag.py:3096} INFO - Sync 1 DAGs
[2024-05-26T09:12:32.585+0000] {logging_mixin.py:188} INFO - [2024-05-26T09:12:32.585+0000] {dag.py:3954} INFO - Setting next_dagrun for example_params_ui_tutorial to None, run_after=None
[2024-05-26T09:12:32.629+0000] {processor.py:183} INFO - Processing /usr/local/python/3.10.13/lib/python3.10/site-packages/airflow/example_dags/example_params_ui_tutorial.py took 0.111 seconds
[2024-05-26T09:13:33.513+0000] {processor.py:161} INFO - Started process (PID=41510) to work on /usr/local/python/3.10.13/lib/python3.10/site-packages/airflow/example_dags/example_params_ui_tutorial.py
[2024-05-26T09:13:33.514+0000] {processor.py:830} INFO - Processing file /usr/local/python/3.10.13/lib/python3.10/site-packages/airflow/example_dags/example_params_ui_tutorial.py for tasks to queue
[2024-05-26T09:13:33.515+0000] {logging_mixin.py:188} INFO - [2024-05-26T09:13:33.515+0000] {dagbag.py:545} INFO - Filling up the DagBag from /usr/local/python/3.10.13/lib/python3.10/site-packages/airflow/example_dags/example_params_ui_tutorial.py
[2024-05-26T09:13:33.524+0000] {processor.py:840} INFO - DAG(s) 'example_params_ui_tutorial' retrieved from /usr/local/python/3.10.13/lib/python3.10/site-packages/airflow/example_dags/example_params_ui_tutorial.py
[2024-05-26T09:13:33.565+0000] {logging_mixin.py:188} INFO - [2024-05-26T09:13:33.565+0000] {dag.py:3096} INFO - Sync 1 DAGs
[2024-05-26T09:13:33.574+0000] {logging_mixin.py:188} INFO - [2024-05-26T09:13:33.574+0000] {dag.py:3954} INFO - Setting next_dagrun for example_params_ui_tutorial to None, run_after=None
[2024-05-26T09:13:33.614+0000] {processor.py:183} INFO - Processing /usr/local/python/3.10.13/lib/python3.10/site-packages/airflow/example_dags/example_params_ui_tutorial.py took 0.106 seconds
[2024-05-26T09:14:18.684+0000] {processor.py:161} INFO - Started process (PID=41834) to work on /usr/local/python/3.10.13/lib/python3.10/site-packages/airflow/example_dags/example_params_ui_tutorial.py
[2024-05-26T09:14:18.685+0000] {processor.py:830} INFO - Processing file /usr/local/python/3.10.13/lib/python3.10/site-packages/airflow/example_dags/example_params_ui_tutorial.py for tasks to queue
[2024-05-26T09:14:18.686+0000] {logging_mixin.py:188} INFO - [2024-05-26T09:14:18.686+0000] {dagbag.py:545} INFO - Filling up the DagBag from /usr/local/python/3.10.13/lib/python3.10/site-packages/airflow/example_dags/example_params_ui_tutorial.py
[2024-05-26T09:14:18.695+0000] {processor.py:840} INFO - DAG(s) 'example_params_ui_tutorial' retrieved from /usr/local/python/3.10.13/lib/python3.10/site-packages/airflow/example_dags/example_params_ui_tutorial.py
[2024-05-26T09:14:18.736+0000] {logging_mixin.py:188} INFO - [2024-05-26T09:14:18.736+0000] {dag.py:3096} INFO - Sync 1 DAGs
[2024-05-26T09:14:18.746+0000] {logging_mixin.py:188} INFO - [2024-05-26T09:14:18.746+0000] {dag.py:3954} INFO - Setting next_dagrun for example_params_ui_tutorial to None, run_after=None
[2024-05-26T09:14:18.785+0000] {processor.py:183} INFO - Processing /usr/local/python/3.10.13/lib/python3.10/site-packages/airflow/example_dags/example_params_ui_tutorial.py took 0.106 seconds
[2024-05-26T09:15:03.679+0000] {processor.py:161} INFO - Started process (PID=42156) to work on /usr/local/python/3.10.13/lib/python3.10/site-packages/airflow/example_dags/example_params_ui_tutorial.py
[2024-05-26T09:15:03.680+0000] {processor.py:830} INFO - Processing file /usr/local/python/3.10.13/lib/python3.10/site-packages/airflow/example_dags/example_params_ui_tutorial.py for tasks to queue
[2024-05-26T09:15:03.681+0000] {logging_mixin.py:188} INFO - [2024-05-26T09:15:03.681+0000] {dagbag.py:545} INFO - Filling up the DagBag from /usr/local/python/3.10.13/lib/python3.10/site-packages/airflow/example_dags/example_params_ui_tutorial.py
[2024-05-26T09:15:03.690+0000] {processor.py:840} INFO - DAG(s) 'example_params_ui_tutorial' retrieved from /usr/local/python/3.10.13/lib/python3.10/site-packages/airflow/example_dags/example_params_ui_tutorial.py
[2024-05-26T09:15:03.731+0000] {logging_mixin.py:188} INFO - [2024-05-26T09:15:03.730+0000] {dag.py:3096} INFO - Sync 1 DAGs
[2024-05-26T09:15:03.740+0000] {logging_mixin.py:188} INFO - [2024-05-26T09:15:03.740+0000] {dag.py:3954} INFO - Setting next_dagrun for example_params_ui_tutorial to None, run_after=None
[2024-05-26T09:15:03.779+0000] {processor.py:183} INFO - Processing /usr/local/python/3.10.13/lib/python3.10/site-packages/airflow/example_dags/example_params_ui_tutorial.py took 0.105 seconds
[2024-05-26T09:16:05.698+0000] {processor.py:161} INFO - Started process (PID=42590) to work on /usr/local/python/3.10.13/lib/python3.10/site-packages/airflow/example_dags/example_params_ui_tutorial.py
[2024-05-26T09:16:05.699+0000] {processor.py:830} INFO - Processing file /usr/local/python/3.10.13/lib/python3.10/site-packages/airflow/example_dags/example_params_ui_tutorial.py for tasks to queue
[2024-05-26T09:16:05.700+0000] {logging_mixin.py:188} INFO - [2024-05-26T09:16:05.700+0000] {dagbag.py:545} INFO - Filling up the DagBag from /usr/local/python/3.10.13/lib/python3.10/site-packages/airflow/example_dags/example_params_ui_tutorial.py
[2024-05-26T09:16:05.710+0000] {processor.py:840} INFO - DAG(s) 'example_params_ui_tutorial' retrieved from /usr/local/python/3.10.13/lib/python3.10/site-packages/airflow/example_dags/example_params_ui_tutorial.py
[2024-05-26T09:16:05.750+0000] {logging_mixin.py:188} INFO - [2024-05-26T09:16:05.750+0000] {dag.py:3096} INFO - Sync 1 DAGs
[2024-05-26T09:16:05.761+0000] {logging_mixin.py:188} INFO - [2024-05-26T09:16:05.760+0000] {dag.py:3954} INFO - Setting next_dagrun for example_params_ui_tutorial to None, run_after=None
[2024-05-26T09:16:05.801+0000] {processor.py:183} INFO - Processing /usr/local/python/3.10.13/lib/python3.10/site-packages/airflow/example_dags/example_params_ui_tutorial.py took 0.107 seconds
[2024-05-26T09:17:07.209+0000] {processor.py:161} INFO - Started process (PID=43015) to work on /usr/local/python/3.10.13/lib/python3.10/site-packages/airflow/example_dags/example_params_ui_tutorial.py
[2024-05-26T09:17:07.209+0000] {processor.py:830} INFO - Processing file /usr/local/python/3.10.13/lib/python3.10/site-packages/airflow/example_dags/example_params_ui_tutorial.py for tasks to queue
[2024-05-26T09:17:07.210+0000] {logging_mixin.py:188} INFO - [2024-05-26T09:17:07.210+0000] {dagbag.py:545} INFO - Filling up the DagBag from /usr/local/python/3.10.13/lib/python3.10/site-packages/airflow/example_dags/example_params_ui_tutorial.py
[2024-05-26T09:17:07.220+0000] {processor.py:840} INFO - DAG(s) 'example_params_ui_tutorial' retrieved from /usr/local/python/3.10.13/lib/python3.10/site-packages/airflow/example_dags/example_params_ui_tutorial.py
[2024-05-26T09:17:07.262+0000] {logging_mixin.py:188} INFO - [2024-05-26T09:17:07.262+0000] {dag.py:3096} INFO - Sync 1 DAGs
[2024-05-26T09:17:07.271+0000] {logging_mixin.py:188} INFO - [2024-05-26T09:17:07.271+0000] {dag.py:3954} INFO - Setting next_dagrun for example_params_ui_tutorial to None, run_after=None
[2024-05-26T09:17:07.311+0000] {processor.py:183} INFO - Processing /usr/local/python/3.10.13/lib/python3.10/site-packages/airflow/example_dags/example_params_ui_tutorial.py took 0.107 seconds
[2024-05-26T09:17:50.843+0000] {processor.py:161} INFO - Started process (PID=43313) to work on /usr/local/python/3.10.13/lib/python3.10/site-packages/airflow/example_dags/example_params_ui_tutorial.py
[2024-05-26T09:17:50.844+0000] {processor.py:830} INFO - Processing file /usr/local/python/3.10.13/lib/python3.10/site-packages/airflow/example_dags/example_params_ui_tutorial.py for tasks to queue
[2024-05-26T09:17:50.846+0000] {logging_mixin.py:188} INFO - [2024-05-26T09:17:50.845+0000] {dagbag.py:545} INFO - Filling up the DagBag from /usr/local/python/3.10.13/lib/python3.10/site-packages/airflow/example_dags/example_params_ui_tutorial.py
[2024-05-26T09:17:50.855+0000] {processor.py:840} INFO - DAG(s) 'example_params_ui_tutorial' retrieved from /usr/local/python/3.10.13/lib/python3.10/site-packages/airflow/example_dags/example_params_ui_tutorial.py
[2024-05-26T09:17:50.895+0000] {logging_mixin.py:188} INFO - [2024-05-26T09:17:50.894+0000] {dag.py:3096} INFO - Sync 1 DAGs
[2024-05-26T09:17:50.905+0000] {logging_mixin.py:188} INFO - [2024-05-26T09:17:50.905+0000] {dag.py:3954} INFO - Setting next_dagrun for example_params_ui_tutorial to None, run_after=None
[2024-05-26T09:17:50.943+0000] {processor.py:183} INFO - Processing /usr/local/python/3.10.13/lib/python3.10/site-packages/airflow/example_dags/example_params_ui_tutorial.py took 0.104 seconds
[2024-05-26T09:18:34.953+0000] {processor.py:161} INFO - Started process (PID=43608) to work on /usr/local/python/3.10.13/lib/python3.10/site-packages/airflow/example_dags/example_params_ui_tutorial.py
[2024-05-26T09:18:34.954+0000] {processor.py:830} INFO - Processing file /usr/local/python/3.10.13/lib/python3.10/site-packages/airflow/example_dags/example_params_ui_tutorial.py for tasks to queue
[2024-05-26T09:18:34.955+0000] {logging_mixin.py:188} INFO - [2024-05-26T09:18:34.955+0000] {dagbag.py:545} INFO - Filling up the DagBag from /usr/local/python/3.10.13/lib/python3.10/site-packages/airflow/example_dags/example_params_ui_tutorial.py
[2024-05-26T09:18:34.964+0000] {processor.py:840} INFO - DAG(s) 'example_params_ui_tutorial' retrieved from /usr/local/python/3.10.13/lib/python3.10/site-packages/airflow/example_dags/example_params_ui_tutorial.py
[2024-05-26T09:18:35.005+0000] {logging_mixin.py:188} INFO - [2024-05-26T09:18:35.005+0000] {dag.py:3096} INFO - Sync 1 DAGs
[2024-05-26T09:18:35.015+0000] {logging_mixin.py:188} INFO - [2024-05-26T09:18:35.015+0000] {dag.py:3954} INFO - Setting next_dagrun for example_params_ui_tutorial to None, run_after=None
[2024-05-26T09:18:35.055+0000] {processor.py:183} INFO - Processing /usr/local/python/3.10.13/lib/python3.10/site-packages/airflow/example_dags/example_params_ui_tutorial.py took 0.106 seconds
[2024-05-26T09:19:37.116+0000] {processor.py:161} INFO - Started process (PID=44104) to work on /usr/local/python/3.10.13/lib/python3.10/site-packages/airflow/example_dags/example_params_ui_tutorial.py
[2024-05-26T09:19:37.116+0000] {processor.py:830} INFO - Processing file /usr/local/python/3.10.13/lib/python3.10/site-packages/airflow/example_dags/example_params_ui_tutorial.py for tasks to queue
[2024-05-26T09:19:37.117+0000] {logging_mixin.py:188} INFO - [2024-05-26T09:19:37.117+0000] {dagbag.py:545} INFO - Filling up the DagBag from /usr/local/python/3.10.13/lib/python3.10/site-packages/airflow/example_dags/example_params_ui_tutorial.py
[2024-05-26T09:19:37.131+0000] {processor.py:840} INFO - DAG(s) 'example_params_ui_tutorial' retrieved from /usr/local/python/3.10.13/lib/python3.10/site-packages/airflow/example_dags/example_params_ui_tutorial.py
[2024-05-26T09:19:37.201+0000] {logging_mixin.py:188} INFO - [2024-05-26T09:19:37.200+0000] {dag.py:3096} INFO - Sync 1 DAGs
[2024-05-26T09:19:37.211+0000] {logging_mixin.py:188} INFO - [2024-05-26T09:19:37.211+0000] {dag.py:3954} INFO - Setting next_dagrun for example_params_ui_tutorial to None, run_after=None
[2024-05-26T09:19:37.259+0000] {processor.py:183} INFO - Processing /usr/local/python/3.10.13/lib/python3.10/site-packages/airflow/example_dags/example_params_ui_tutorial.py took 0.148 seconds
[2024-05-26T09:20:20.768+0000] {processor.py:161} INFO - Started process (PID=44428) to work on /usr/local/python/3.10.13/lib/python3.10/site-packages/airflow/example_dags/example_params_ui_tutorial.py
[2024-05-26T09:20:20.769+0000] {processor.py:830} INFO - Processing file /usr/local/python/3.10.13/lib/python3.10/site-packages/airflow/example_dags/example_params_ui_tutorial.py for tasks to queue
[2024-05-26T09:20:20.771+0000] {logging_mixin.py:188} INFO - [2024-05-26T09:20:20.770+0000] {dagbag.py:545} INFO - Filling up the DagBag from /usr/local/python/3.10.13/lib/python3.10/site-packages/airflow/example_dags/example_params_ui_tutorial.py
[2024-05-26T09:20:20.784+0000] {processor.py:840} INFO - DAG(s) 'example_params_ui_tutorial' retrieved from /usr/local/python/3.10.13/lib/python3.10/site-packages/airflow/example_dags/example_params_ui_tutorial.py
[2024-05-26T09:20:20.861+0000] {logging_mixin.py:188} INFO - [2024-05-26T09:20:20.860+0000] {dag.py:3096} INFO - Sync 1 DAGs
[2024-05-26T09:20:20.876+0000] {logging_mixin.py:188} INFO - [2024-05-26T09:20:20.875+0000] {dag.py:3954} INFO - Setting next_dagrun for example_params_ui_tutorial to None, run_after=None
[2024-05-26T09:20:20.917+0000] {processor.py:183} INFO - Processing /usr/local/python/3.10.13/lib/python3.10/site-packages/airflow/example_dags/example_params_ui_tutorial.py took 0.156 seconds
[2024-05-26T09:21:21.704+0000] {processor.py:161} INFO - Started process (PID=44845) to work on /usr/local/python/3.10.13/lib/python3.10/site-packages/airflow/example_dags/example_params_ui_tutorial.py
[2024-05-26T09:21:21.705+0000] {processor.py:830} INFO - Processing file /usr/local/python/3.10.13/lib/python3.10/site-packages/airflow/example_dags/example_params_ui_tutorial.py for tasks to queue
[2024-05-26T09:21:21.706+0000] {logging_mixin.py:188} INFO - [2024-05-26T09:21:21.705+0000] {dagbag.py:545} INFO - Filling up the DagBag from /usr/local/python/3.10.13/lib/python3.10/site-packages/airflow/example_dags/example_params_ui_tutorial.py
[2024-05-26T09:21:21.715+0000] {processor.py:840} INFO - DAG(s) 'example_params_ui_tutorial' retrieved from /usr/local/python/3.10.13/lib/python3.10/site-packages/airflow/example_dags/example_params_ui_tutorial.py
[2024-05-26T09:21:21.756+0000] {logging_mixin.py:188} INFO - [2024-05-26T09:21:21.756+0000] {dag.py:3096} INFO - Sync 1 DAGs
[2024-05-26T09:21:21.766+0000] {logging_mixin.py:188} INFO - [2024-05-26T09:21:21.766+0000] {dag.py:3954} INFO - Setting next_dagrun for example_params_ui_tutorial to None, run_after=None
[2024-05-26T09:21:21.806+0000] {processor.py:183} INFO - Processing /usr/local/python/3.10.13/lib/python3.10/site-packages/airflow/example_dags/example_params_ui_tutorial.py took 0.106 seconds
[2024-05-26T09:22:05.792+0000] {processor.py:161} INFO - Started process (PID=45145) to work on /usr/local/python/3.10.13/lib/python3.10/site-packages/airflow/example_dags/example_params_ui_tutorial.py
[2024-05-26T09:22:05.793+0000] {processor.py:830} INFO - Processing file /usr/local/python/3.10.13/lib/python3.10/site-packages/airflow/example_dags/example_params_ui_tutorial.py for tasks to queue
[2024-05-26T09:22:05.794+0000] {logging_mixin.py:188} INFO - [2024-05-26T09:22:05.794+0000] {dagbag.py:545} INFO - Filling up the DagBag from /usr/local/python/3.10.13/lib/python3.10/site-packages/airflow/example_dags/example_params_ui_tutorial.py
[2024-05-26T09:22:05.803+0000] {processor.py:840} INFO - DAG(s) 'example_params_ui_tutorial' retrieved from /usr/local/python/3.10.13/lib/python3.10/site-packages/airflow/example_dags/example_params_ui_tutorial.py
[2024-05-26T09:22:05.843+0000] {logging_mixin.py:188} INFO - [2024-05-26T09:22:05.843+0000] {dag.py:3096} INFO - Sync 1 DAGs
[2024-05-26T09:22:05.852+0000] {logging_mixin.py:188} INFO - [2024-05-26T09:22:05.852+0000] {dag.py:3954} INFO - Setting next_dagrun for example_params_ui_tutorial to None, run_after=None
[2024-05-26T09:22:05.889+0000] {processor.py:183} INFO - Processing /usr/local/python/3.10.13/lib/python3.10/site-packages/airflow/example_dags/example_params_ui_tutorial.py took 0.102 seconds
[2024-05-26T09:22:59.757+0000] {processor.py:161} INFO - Started process (PID=45513) to work on /usr/local/python/3.10.13/lib/python3.10/site-packages/airflow/example_dags/example_params_ui_tutorial.py
[2024-05-26T09:22:59.758+0000] {processor.py:830} INFO - Processing file /usr/local/python/3.10.13/lib/python3.10/site-packages/airflow/example_dags/example_params_ui_tutorial.py for tasks to queue
[2024-05-26T09:22:59.759+0000] {logging_mixin.py:188} INFO - [2024-05-26T09:22:59.759+0000] {dagbag.py:545} INFO - Filling up the DagBag from /usr/local/python/3.10.13/lib/python3.10/site-packages/airflow/example_dags/example_params_ui_tutorial.py
[2024-05-26T09:22:59.768+0000] {processor.py:840} INFO - DAG(s) 'example_params_ui_tutorial' retrieved from /usr/local/python/3.10.13/lib/python3.10/site-packages/airflow/example_dags/example_params_ui_tutorial.py
[2024-05-26T09:22:59.809+0000] {logging_mixin.py:188} INFO - [2024-05-26T09:22:59.809+0000] {dag.py:3096} INFO - Sync 1 DAGs
[2024-05-26T09:22:59.818+0000] {logging_mixin.py:188} INFO - [2024-05-26T09:22:59.818+0000] {dag.py:3954} INFO - Setting next_dagrun for example_params_ui_tutorial to None, run_after=None
[2024-05-26T09:22:59.854+0000] {processor.py:183} INFO - Processing /usr/local/python/3.10.13/lib/python3.10/site-packages/airflow/example_dags/example_params_ui_tutorial.py took 0.102 seconds
[2024-05-26T09:24:04.284+0000] {processor.py:161} INFO - Started process (PID=45975) to work on /usr/local/python/3.10.13/lib/python3.10/site-packages/airflow/example_dags/example_params_ui_tutorial.py
[2024-05-26T09:24:04.285+0000] {processor.py:830} INFO - Processing file /usr/local/python/3.10.13/lib/python3.10/site-packages/airflow/example_dags/example_params_ui_tutorial.py for tasks to queue
[2024-05-26T09:24:04.286+0000] {logging_mixin.py:188} INFO - [2024-05-26T09:24:04.286+0000] {dagbag.py:545} INFO - Filling up the DagBag from /usr/local/python/3.10.13/lib/python3.10/site-packages/airflow/example_dags/example_params_ui_tutorial.py
[2024-05-26T09:24:04.297+0000] {processor.py:840} INFO - DAG(s) 'example_params_ui_tutorial' retrieved from /usr/local/python/3.10.13/lib/python3.10/site-packages/airflow/example_dags/example_params_ui_tutorial.py
[2024-05-26T09:24:04.343+0000] {logging_mixin.py:188} INFO - [2024-05-26T09:24:04.342+0000] {dag.py:3096} INFO - Sync 1 DAGs
[2024-05-26T09:24:04.352+0000] {logging_mixin.py:188} INFO - [2024-05-26T09:24:04.352+0000] {dag.py:3954} INFO - Setting next_dagrun for example_params_ui_tutorial to None, run_after=None
[2024-05-26T09:24:04.392+0000] {processor.py:183} INFO - Processing /usr/local/python/3.10.13/lib/python3.10/site-packages/airflow/example_dags/example_params_ui_tutorial.py took 0.112 seconds
[2024-05-26T09:25:04.141+0000] {processor.py:161} INFO - Started process (PID=46394) to work on /usr/local/python/3.10.13/lib/python3.10/site-packages/airflow/example_dags/example_params_ui_tutorial.py
[2024-05-26T09:25:04.141+0000] {processor.py:830} INFO - Processing file /usr/local/python/3.10.13/lib/python3.10/site-packages/airflow/example_dags/example_params_ui_tutorial.py for tasks to queue
[2024-05-26T09:25:04.143+0000] {logging_mixin.py:188} INFO - [2024-05-26T09:25:04.142+0000] {dagbag.py:545} INFO - Filling up the DagBag from /usr/local/python/3.10.13/lib/python3.10/site-packages/airflow/example_dags/example_params_ui_tutorial.py
[2024-05-26T09:25:04.152+0000] {processor.py:840} INFO - DAG(s) 'example_params_ui_tutorial' retrieved from /usr/local/python/3.10.13/lib/python3.10/site-packages/airflow/example_dags/example_params_ui_tutorial.py
[2024-05-26T09:25:04.192+0000] {logging_mixin.py:188} INFO - [2024-05-26T09:25:04.192+0000] {dag.py:3096} INFO - Sync 1 DAGs
[2024-05-26T09:25:04.202+0000] {logging_mixin.py:188} INFO - [2024-05-26T09:25:04.202+0000] {dag.py:3954} INFO - Setting next_dagrun for example_params_ui_tutorial to None, run_after=None
[2024-05-26T09:25:04.239+0000] {processor.py:183} INFO - Processing /usr/local/python/3.10.13/lib/python3.10/site-packages/airflow/example_dags/example_params_ui_tutorial.py took 0.103 seconds
[2024-05-26T09:26:06.194+0000] {processor.py:161} INFO - Started process (PID=46851) to work on /usr/local/python/3.10.13/lib/python3.10/site-packages/airflow/example_dags/example_params_ui_tutorial.py
[2024-05-26T09:26:06.195+0000] {processor.py:830} INFO - Processing file /usr/local/python/3.10.13/lib/python3.10/site-packages/airflow/example_dags/example_params_ui_tutorial.py for tasks to queue
[2024-05-26T09:26:06.197+0000] {logging_mixin.py:188} INFO - [2024-05-26T09:26:06.197+0000] {dagbag.py:545} INFO - Filling up the DagBag from /usr/local/python/3.10.13/lib/python3.10/site-packages/airflow/example_dags/example_params_ui_tutorial.py
[2024-05-26T09:26:06.211+0000] {processor.py:840} INFO - DAG(s) 'example_params_ui_tutorial' retrieved from /usr/local/python/3.10.13/lib/python3.10/site-packages/airflow/example_dags/example_params_ui_tutorial.py
[2024-05-26T09:26:06.255+0000] {logging_mixin.py:188} INFO - [2024-05-26T09:26:06.254+0000] {dag.py:3096} INFO - Sync 1 DAGs
[2024-05-26T09:26:06.264+0000] {logging_mixin.py:188} INFO - [2024-05-26T09:26:06.264+0000] {dag.py:3954} INFO - Setting next_dagrun for example_params_ui_tutorial to None, run_after=None
[2024-05-26T09:26:06.301+0000] {processor.py:183} INFO - Processing /usr/local/python/3.10.13/lib/python3.10/site-packages/airflow/example_dags/example_params_ui_tutorial.py took 0.114 seconds
[2024-05-26T09:27:08.434+0000] {processor.py:161} INFO - Started process (PID=47302) to work on /usr/local/python/3.10.13/lib/python3.10/site-packages/airflow/example_dags/example_params_ui_tutorial.py
[2024-05-26T09:27:08.435+0000] {processor.py:830} INFO - Processing file /usr/local/python/3.10.13/lib/python3.10/site-packages/airflow/example_dags/example_params_ui_tutorial.py for tasks to queue
[2024-05-26T09:27:08.437+0000] {logging_mixin.py:188} INFO - [2024-05-26T09:27:08.436+0000] {dagbag.py:545} INFO - Filling up the DagBag from /usr/local/python/3.10.13/lib/python3.10/site-packages/airflow/example_dags/example_params_ui_tutorial.py
[2024-05-26T09:27:08.449+0000] {processor.py:840} INFO - DAG(s) 'example_params_ui_tutorial' retrieved from /usr/local/python/3.10.13/lib/python3.10/site-packages/airflow/example_dags/example_params_ui_tutorial.py
[2024-05-26T09:27:08.489+0000] {logging_mixin.py:188} INFO - [2024-05-26T09:27:08.489+0000] {dag.py:3096} INFO - Sync 1 DAGs
[2024-05-26T09:27:08.499+0000] {logging_mixin.py:188} INFO - [2024-05-26T09:27:08.499+0000] {dag.py:3954} INFO - Setting next_dagrun for example_params_ui_tutorial to None, run_after=None
[2024-05-26T09:27:08.536+0000] {processor.py:183} INFO - Processing /usr/local/python/3.10.13/lib/python3.10/site-packages/airflow/example_dags/example_params_ui_tutorial.py took 0.108 seconds
[2024-05-26T09:28:09.360+0000] {processor.py:161} INFO - Started process (PID=47729) to work on /usr/local/python/3.10.13/lib/python3.10/site-packages/airflow/example_dags/example_params_ui_tutorial.py
[2024-05-26T09:28:09.361+0000] {processor.py:830} INFO - Processing file /usr/local/python/3.10.13/lib/python3.10/site-packages/airflow/example_dags/example_params_ui_tutorial.py for tasks to queue
[2024-05-26T09:28:09.362+0000] {logging_mixin.py:188} INFO - [2024-05-26T09:28:09.362+0000] {dagbag.py:545} INFO - Filling up the DagBag from /usr/local/python/3.10.13/lib/python3.10/site-packages/airflow/example_dags/example_params_ui_tutorial.py
[2024-05-26T09:28:09.371+0000] {processor.py:840} INFO - DAG(s) 'example_params_ui_tutorial' retrieved from /usr/local/python/3.10.13/lib/python3.10/site-packages/airflow/example_dags/example_params_ui_tutorial.py
[2024-05-26T09:28:09.412+0000] {logging_mixin.py:188} INFO - [2024-05-26T09:28:09.411+0000] {dag.py:3096} INFO - Sync 1 DAGs
[2024-05-26T09:28:09.420+0000] {logging_mixin.py:188} INFO - [2024-05-26T09:28:09.420+0000] {dag.py:3954} INFO - Setting next_dagrun for example_params_ui_tutorial to None, run_after=None
[2024-05-26T09:28:09.457+0000] {processor.py:183} INFO - Processing /usr/local/python/3.10.13/lib/python3.10/site-packages/airflow/example_dags/example_params_ui_tutorial.py took 0.102 seconds
[2024-05-26T09:29:11.175+0000] {processor.py:161} INFO - Started process (PID=48156) to work on /usr/local/python/3.10.13/lib/python3.10/site-packages/airflow/example_dags/example_params_ui_tutorial.py
[2024-05-26T09:29:11.176+0000] {processor.py:830} INFO - Processing file /usr/local/python/3.10.13/lib/python3.10/site-packages/airflow/example_dags/example_params_ui_tutorial.py for tasks to queue
[2024-05-26T09:29:11.177+0000] {logging_mixin.py:188} INFO - [2024-05-26T09:29:11.177+0000] {dagbag.py:545} INFO - Filling up the DagBag from /usr/local/python/3.10.13/lib/python3.10/site-packages/airflow/example_dags/example_params_ui_tutorial.py
[2024-05-26T09:29:11.186+0000] {processor.py:840} INFO - DAG(s) 'example_params_ui_tutorial' retrieved from /usr/local/python/3.10.13/lib/python3.10/site-packages/airflow/example_dags/example_params_ui_tutorial.py
[2024-05-26T09:29:11.227+0000] {logging_mixin.py:188} INFO - [2024-05-26T09:29:11.226+0000] {dag.py:3096} INFO - Sync 1 DAGs
[2024-05-26T09:29:11.236+0000] {logging_mixin.py:188} INFO - [2024-05-26T09:29:11.236+0000] {dag.py:3954} INFO - Setting next_dagrun for example_params_ui_tutorial to None, run_after=None
[2024-05-26T09:29:11.272+0000] {processor.py:183} INFO - Processing /usr/local/python/3.10.13/lib/python3.10/site-packages/airflow/example_dags/example_params_ui_tutorial.py took 0.102 seconds
[2024-05-26T09:30:14.231+0000] {processor.py:161} INFO - Started process (PID=48586) to work on /usr/local/python/3.10.13/lib/python3.10/site-packages/airflow/example_dags/example_params_ui_tutorial.py
[2024-05-26T09:30:14.231+0000] {processor.py:830} INFO - Processing file /usr/local/python/3.10.13/lib/python3.10/site-packages/airflow/example_dags/example_params_ui_tutorial.py for tasks to queue
[2024-05-26T09:30:14.233+0000] {logging_mixin.py:188} INFO - [2024-05-26T09:30:14.232+0000] {dagbag.py:545} INFO - Filling up the DagBag from /usr/local/python/3.10.13/lib/python3.10/site-packages/airflow/example_dags/example_params_ui_tutorial.py
[2024-05-26T09:30:14.242+0000] {processor.py:840} INFO - DAG(s) 'example_params_ui_tutorial' retrieved from /usr/local/python/3.10.13/lib/python3.10/site-packages/airflow/example_dags/example_params_ui_tutorial.py
[2024-05-26T09:30:14.283+0000] {logging_mixin.py:188} INFO - [2024-05-26T09:30:14.283+0000] {dag.py:3096} INFO - Sync 1 DAGs
[2024-05-26T09:30:14.292+0000] {logging_mixin.py:188} INFO - [2024-05-26T09:30:14.292+0000] {dag.py:3954} INFO - Setting next_dagrun for example_params_ui_tutorial to None, run_after=None
[2024-05-26T09:30:14.330+0000] {processor.py:183} INFO - Processing /usr/local/python/3.10.13/lib/python3.10/site-packages/airflow/example_dags/example_params_ui_tutorial.py took 0.104 seconds
[2024-05-26T09:31:09.746+0000] {processor.py:161} INFO - Started process (PID=48989) to work on /usr/local/python/3.10.13/lib/python3.10/site-packages/airflow/example_dags/example_params_ui_tutorial.py
[2024-05-26T09:31:09.747+0000] {processor.py:830} INFO - Processing file /usr/local/python/3.10.13/lib/python3.10/site-packages/airflow/example_dags/example_params_ui_tutorial.py for tasks to queue
[2024-05-26T09:31:09.748+0000] {logging_mixin.py:188} INFO - [2024-05-26T09:31:09.748+0000] {dagbag.py:545} INFO - Filling up the DagBag from /usr/local/python/3.10.13/lib/python3.10/site-packages/airflow/example_dags/example_params_ui_tutorial.py
[2024-05-26T09:31:09.758+0000] {processor.py:840} INFO - DAG(s) 'example_params_ui_tutorial' retrieved from /usr/local/python/3.10.13/lib/python3.10/site-packages/airflow/example_dags/example_params_ui_tutorial.py
[2024-05-26T09:31:09.799+0000] {logging_mixin.py:188} INFO - [2024-05-26T09:31:09.799+0000] {dag.py:3096} INFO - Sync 1 DAGs
[2024-05-26T09:31:09.808+0000] {logging_mixin.py:188} INFO - [2024-05-26T09:31:09.808+0000] {dag.py:3954} INFO - Setting next_dagrun for example_params_ui_tutorial to None, run_after=None
[2024-05-26T09:31:09.844+0000] {processor.py:183} INFO - Processing /usr/local/python/3.10.13/lib/python3.10/site-packages/airflow/example_dags/example_params_ui_tutorial.py took 0.102 seconds
[2024-05-26T09:31:54.551+0000] {processor.py:161} INFO - Started process (PID=49290) to work on /usr/local/python/3.10.13/lib/python3.10/site-packages/airflow/example_dags/example_params_ui_tutorial.py
[2024-05-26T09:31:54.552+0000] {processor.py:830} INFO - Processing file /usr/local/python/3.10.13/lib/python3.10/site-packages/airflow/example_dags/example_params_ui_tutorial.py for tasks to queue
[2024-05-26T09:31:54.553+0000] {logging_mixin.py:188} INFO - [2024-05-26T09:31:54.553+0000] {dagbag.py:545} INFO - Filling up the DagBag from /usr/local/python/3.10.13/lib/python3.10/site-packages/airflow/example_dags/example_params_ui_tutorial.py
[2024-05-26T09:31:54.562+0000] {processor.py:840} INFO - DAG(s) 'example_params_ui_tutorial' retrieved from /usr/local/python/3.10.13/lib/python3.10/site-packages/airflow/example_dags/example_params_ui_tutorial.py
[2024-05-26T09:31:54.603+0000] {logging_mixin.py:188} INFO - [2024-05-26T09:31:54.603+0000] {dag.py:3096} INFO - Sync 1 DAGs
[2024-05-26T09:31:54.613+0000] {logging_mixin.py:188} INFO - [2024-05-26T09:31:54.613+0000] {dag.py:3954} INFO - Setting next_dagrun for example_params_ui_tutorial to None, run_after=None
[2024-05-26T09:31:54.651+0000] {processor.py:183} INFO - Processing /usr/local/python/3.10.13/lib/python3.10/site-packages/airflow/example_dags/example_params_ui_tutorial.py took 0.104 seconds
[2024-05-26T09:32:38.853+0000] {processor.py:161} INFO - Started process (PID=49589) to work on /usr/local/python/3.10.13/lib/python3.10/site-packages/airflow/example_dags/example_params_ui_tutorial.py
[2024-05-26T09:32:38.854+0000] {processor.py:830} INFO - Processing file /usr/local/python/3.10.13/lib/python3.10/site-packages/airflow/example_dags/example_params_ui_tutorial.py for tasks to queue
[2024-05-26T09:32:38.855+0000] {logging_mixin.py:188} INFO - [2024-05-26T09:32:38.855+0000] {dagbag.py:545} INFO - Filling up the DagBag from /usr/local/python/3.10.13/lib/python3.10/site-packages/airflow/example_dags/example_params_ui_tutorial.py
[2024-05-26T09:32:38.864+0000] {processor.py:840} INFO - DAG(s) 'example_params_ui_tutorial' retrieved from /usr/local/python/3.10.13/lib/python3.10/site-packages/airflow/example_dags/example_params_ui_tutorial.py
[2024-05-26T09:32:38.904+0000] {logging_mixin.py:188} INFO - [2024-05-26T09:32:38.904+0000] {dag.py:3096} INFO - Sync 1 DAGs
[2024-05-26T09:32:38.913+0000] {logging_mixin.py:188} INFO - [2024-05-26T09:32:38.913+0000] {dag.py:3954} INFO - Setting next_dagrun for example_params_ui_tutorial to None, run_after=None
[2024-05-26T09:32:38.949+0000] {processor.py:183} INFO - Processing /usr/local/python/3.10.13/lib/python3.10/site-packages/airflow/example_dags/example_params_ui_tutorial.py took 0.101 seconds
[2024-05-26T09:33:34.557+0000] {processor.py:161} INFO - Started process (PID=50004) to work on /usr/local/python/3.10.13/lib/python3.10/site-packages/airflow/example_dags/example_params_ui_tutorial.py
[2024-05-26T09:33:34.558+0000] {processor.py:830} INFO - Processing file /usr/local/python/3.10.13/lib/python3.10/site-packages/airflow/example_dags/example_params_ui_tutorial.py for tasks to queue
[2024-05-26T09:33:34.560+0000] {logging_mixin.py:188} INFO - [2024-05-26T09:33:34.559+0000] {dagbag.py:545} INFO - Filling up the DagBag from /usr/local/python/3.10.13/lib/python3.10/site-packages/airflow/example_dags/example_params_ui_tutorial.py
[2024-05-26T09:33:34.569+0000] {processor.py:840} INFO - DAG(s) 'example_params_ui_tutorial' retrieved from /usr/local/python/3.10.13/lib/python3.10/site-packages/airflow/example_dags/example_params_ui_tutorial.py
[2024-05-26T09:33:34.611+0000] {logging_mixin.py:188} INFO - [2024-05-26T09:33:34.610+0000] {dag.py:3096} INFO - Sync 1 DAGs
[2024-05-26T09:33:34.620+0000] {logging_mixin.py:188} INFO - [2024-05-26T09:33:34.620+0000] {dag.py:3954} INFO - Setting next_dagrun for example_params_ui_tutorial to None, run_after=None
[2024-05-26T09:33:34.657+0000] {processor.py:183} INFO - Processing /usr/local/python/3.10.13/lib/python3.10/site-packages/airflow/example_dags/example_params_ui_tutorial.py took 0.104 seconds
[2024-05-26T09:34:18.975+0000] {processor.py:161} INFO - Started process (PID=50306) to work on /usr/local/python/3.10.13/lib/python3.10/site-packages/airflow/example_dags/example_params_ui_tutorial.py
[2024-05-26T09:34:18.976+0000] {processor.py:830} INFO - Processing file /usr/local/python/3.10.13/lib/python3.10/site-packages/airflow/example_dags/example_params_ui_tutorial.py for tasks to queue
[2024-05-26T09:34:18.977+0000] {logging_mixin.py:188} INFO - [2024-05-26T09:34:18.977+0000] {dagbag.py:545} INFO - Filling up the DagBag from /usr/local/python/3.10.13/lib/python3.10/site-packages/airflow/example_dags/example_params_ui_tutorial.py
[2024-05-26T09:34:18.986+0000] {processor.py:840} INFO - DAG(s) 'example_params_ui_tutorial' retrieved from /usr/local/python/3.10.13/lib/python3.10/site-packages/airflow/example_dags/example_params_ui_tutorial.py
[2024-05-26T09:34:19.027+0000] {logging_mixin.py:188} INFO - [2024-05-26T09:34:19.027+0000] {dag.py:3096} INFO - Sync 1 DAGs
[2024-05-26T09:34:19.036+0000] {logging_mixin.py:188} INFO - [2024-05-26T09:34:19.036+0000] {dag.py:3954} INFO - Setting next_dagrun for example_params_ui_tutorial to None, run_after=None
[2024-05-26T09:34:19.074+0000] {processor.py:183} INFO - Processing /usr/local/python/3.10.13/lib/python3.10/site-packages/airflow/example_dags/example_params_ui_tutorial.py took 0.104 seconds
[2024-05-26T09:35:14.209+0000] {processor.py:161} INFO - Started process (PID=50708) to work on /usr/local/python/3.10.13/lib/python3.10/site-packages/airflow/example_dags/example_params_ui_tutorial.py
[2024-05-26T09:35:14.209+0000] {processor.py:830} INFO - Processing file /usr/local/python/3.10.13/lib/python3.10/site-packages/airflow/example_dags/example_params_ui_tutorial.py for tasks to queue
[2024-05-26T09:35:14.211+0000] {logging_mixin.py:188} INFO - [2024-05-26T09:35:14.210+0000] {dagbag.py:545} INFO - Filling up the DagBag from /usr/local/python/3.10.13/lib/python3.10/site-packages/airflow/example_dags/example_params_ui_tutorial.py
[2024-05-26T09:35:14.220+0000] {processor.py:840} INFO - DAG(s) 'example_params_ui_tutorial' retrieved from /usr/local/python/3.10.13/lib/python3.10/site-packages/airflow/example_dags/example_params_ui_tutorial.py
[2024-05-26T09:35:14.262+0000] {logging_mixin.py:188} INFO - [2024-05-26T09:35:14.262+0000] {dag.py:3096} INFO - Sync 1 DAGs
[2024-05-26T09:35:14.271+0000] {logging_mixin.py:188} INFO - [2024-05-26T09:35:14.271+0000] {dag.py:3954} INFO - Setting next_dagrun for example_params_ui_tutorial to None, run_after=None
[2024-05-26T09:35:14.307+0000] {processor.py:183} INFO - Processing /usr/local/python/3.10.13/lib/python3.10/site-packages/airflow/example_dags/example_params_ui_tutorial.py took 0.103 seconds
[2024-05-26T09:35:54.720+0000] {processor.py:161} INFO - Started process (PID=50993) to work on /usr/local/python/3.10.13/lib/python3.10/site-packages/airflow/example_dags/example_params_ui_tutorial.py
[2024-05-26T09:35:54.721+0000] {processor.py:830} INFO - Processing file /usr/local/python/3.10.13/lib/python3.10/site-packages/airflow/example_dags/example_params_ui_tutorial.py for tasks to queue
[2024-05-26T09:35:54.722+0000] {logging_mixin.py:188} INFO - [2024-05-26T09:35:54.722+0000] {dagbag.py:545} INFO - Filling up the DagBag from /usr/local/python/3.10.13/lib/python3.10/site-packages/airflow/example_dags/example_params_ui_tutorial.py
[2024-05-26T09:35:54.733+0000] {processor.py:840} INFO - DAG(s) 'example_params_ui_tutorial' retrieved from /usr/local/python/3.10.13/lib/python3.10/site-packages/airflow/example_dags/example_params_ui_tutorial.py
[2024-05-26T09:35:54.779+0000] {logging_mixin.py:188} INFO - [2024-05-26T09:35:54.779+0000] {dag.py:3096} INFO - Sync 1 DAGs
[2024-05-26T09:35:54.789+0000] {logging_mixin.py:188} INFO - [2024-05-26T09:35:54.789+0000] {dag.py:3954} INFO - Setting next_dagrun for example_params_ui_tutorial to None, run_after=None
[2024-05-26T09:35:54.826+0000] {processor.py:183} INFO - Processing /usr/local/python/3.10.13/lib/python3.10/site-packages/airflow/example_dags/example_params_ui_tutorial.py took 0.111 seconds
[2024-05-26T09:36:55.634+0000] {processor.py:161} INFO - Started process (PID=51411) to work on /usr/local/python/3.10.13/lib/python3.10/site-packages/airflow/example_dags/example_params_ui_tutorial.py
[2024-05-26T09:36:55.635+0000] {processor.py:830} INFO - Processing file /usr/local/python/3.10.13/lib/python3.10/site-packages/airflow/example_dags/example_params_ui_tutorial.py for tasks to queue
[2024-05-26T09:36:55.636+0000] {logging_mixin.py:188} INFO - [2024-05-26T09:36:55.636+0000] {dagbag.py:545} INFO - Filling up the DagBag from /usr/local/python/3.10.13/lib/python3.10/site-packages/airflow/example_dags/example_params_ui_tutorial.py
[2024-05-26T09:36:55.649+0000] {processor.py:840} INFO - DAG(s) 'example_params_ui_tutorial' retrieved from /usr/local/python/3.10.13/lib/python3.10/site-packages/airflow/example_dags/example_params_ui_tutorial.py
[2024-05-26T09:36:55.698+0000] {logging_mixin.py:188} INFO - [2024-05-26T09:36:55.697+0000] {dag.py:3096} INFO - Sync 1 DAGs
[2024-05-26T09:36:55.708+0000] {logging_mixin.py:188} INFO - [2024-05-26T09:36:55.707+0000] {dag.py:3954} INFO - Setting next_dagrun for example_params_ui_tutorial to None, run_after=None
[2024-05-26T09:36:55.749+0000] {processor.py:183} INFO - Processing /usr/local/python/3.10.13/lib/python3.10/site-packages/airflow/example_dags/example_params_ui_tutorial.py took 0.120 seconds
[2024-05-26T09:37:40.570+0000] {processor.py:161} INFO - Started process (PID=51717) to work on /usr/local/python/3.10.13/lib/python3.10/site-packages/airflow/example_dags/example_params_ui_tutorial.py
[2024-05-26T09:37:40.571+0000] {processor.py:830} INFO - Processing file /usr/local/python/3.10.13/lib/python3.10/site-packages/airflow/example_dags/example_params_ui_tutorial.py for tasks to queue
[2024-05-26T09:37:40.572+0000] {logging_mixin.py:188} INFO - [2024-05-26T09:37:40.572+0000] {dagbag.py:545} INFO - Filling up the DagBag from /usr/local/python/3.10.13/lib/python3.10/site-packages/airflow/example_dags/example_params_ui_tutorial.py
[2024-05-26T09:37:40.581+0000] {processor.py:840} INFO - DAG(s) 'example_params_ui_tutorial' retrieved from /usr/local/python/3.10.13/lib/python3.10/site-packages/airflow/example_dags/example_params_ui_tutorial.py
[2024-05-26T09:37:40.623+0000] {logging_mixin.py:188} INFO - [2024-05-26T09:37:40.622+0000] {dag.py:3096} INFO - Sync 1 DAGs
[2024-05-26T09:37:40.632+0000] {logging_mixin.py:188} INFO - [2024-05-26T09:37:40.631+0000] {dag.py:3954} INFO - Setting next_dagrun for example_params_ui_tutorial to None, run_after=None
[2024-05-26T09:37:40.668+0000] {processor.py:183} INFO - Processing /usr/local/python/3.10.13/lib/python3.10/site-packages/airflow/example_dags/example_params_ui_tutorial.py took 0.102 seconds
[2024-05-26T09:38:22.579+0000] {processor.py:161} INFO - Started process (PID=52008) to work on /usr/local/python/3.10.13/lib/python3.10/site-packages/airflow/example_dags/example_params_ui_tutorial.py
[2024-05-26T09:38:22.580+0000] {processor.py:830} INFO - Processing file /usr/local/python/3.10.13/lib/python3.10/site-packages/airflow/example_dags/example_params_ui_tutorial.py for tasks to queue
[2024-05-26T09:38:22.582+0000] {logging_mixin.py:188} INFO - [2024-05-26T09:38:22.582+0000] {dagbag.py:545} INFO - Filling up the DagBag from /usr/local/python/3.10.13/lib/python3.10/site-packages/airflow/example_dags/example_params_ui_tutorial.py
[2024-05-26T09:38:22.591+0000] {processor.py:840} INFO - DAG(s) 'example_params_ui_tutorial' retrieved from /usr/local/python/3.10.13/lib/python3.10/site-packages/airflow/example_dags/example_params_ui_tutorial.py
[2024-05-26T09:38:22.633+0000] {logging_mixin.py:188} INFO - [2024-05-26T09:38:22.633+0000] {dag.py:3096} INFO - Sync 1 DAGs
[2024-05-26T09:38:22.643+0000] {logging_mixin.py:188} INFO - [2024-05-26T09:38:22.642+0000] {dag.py:3954} INFO - Setting next_dagrun for example_params_ui_tutorial to None, run_after=None
[2024-05-26T09:38:22.681+0000] {processor.py:183} INFO - Processing /usr/local/python/3.10.13/lib/python3.10/site-packages/airflow/example_dags/example_params_ui_tutorial.py took 0.107 seconds
[2024-05-26T09:39:17.753+0000] {processor.py:161} INFO - Started process (PID=52411) to work on /usr/local/python/3.10.13/lib/python3.10/site-packages/airflow/example_dags/example_params_ui_tutorial.py
[2024-05-26T09:39:17.754+0000] {processor.py:830} INFO - Processing file /usr/local/python/3.10.13/lib/python3.10/site-packages/airflow/example_dags/example_params_ui_tutorial.py for tasks to queue
[2024-05-26T09:39:17.755+0000] {logging_mixin.py:188} INFO - [2024-05-26T09:39:17.755+0000] {dagbag.py:545} INFO - Filling up the DagBag from /usr/local/python/3.10.13/lib/python3.10/site-packages/airflow/example_dags/example_params_ui_tutorial.py
[2024-05-26T09:39:17.774+0000] {processor.py:840} INFO - DAG(s) 'example_params_ui_tutorial' retrieved from /usr/local/python/3.10.13/lib/python3.10/site-packages/airflow/example_dags/example_params_ui_tutorial.py
[2024-05-26T09:39:17.821+0000] {logging_mixin.py:188} INFO - [2024-05-26T09:39:17.820+0000] {dag.py:3096} INFO - Sync 1 DAGs
[2024-05-26T09:39:17.830+0000] {logging_mixin.py:188} INFO - [2024-05-26T09:39:17.830+0000] {dag.py:3954} INFO - Setting next_dagrun for example_params_ui_tutorial to None, run_after=None
[2024-05-26T09:39:17.869+0000] {processor.py:183} INFO - Processing /usr/local/python/3.10.13/lib/python3.10/site-packages/airflow/example_dags/example_params_ui_tutorial.py took 0.120 seconds
[2024-05-26T09:40:02.242+0000] {processor.py:161} INFO - Started process (PID=52706) to work on /usr/local/python/3.10.13/lib/python3.10/site-packages/airflow/example_dags/example_params_ui_tutorial.py
[2024-05-26T09:40:02.242+0000] {processor.py:830} INFO - Processing file /usr/local/python/3.10.13/lib/python3.10/site-packages/airflow/example_dags/example_params_ui_tutorial.py for tasks to queue
[2024-05-26T09:40:02.243+0000] {logging_mixin.py:188} INFO - [2024-05-26T09:40:02.243+0000] {dagbag.py:545} INFO - Filling up the DagBag from /usr/local/python/3.10.13/lib/python3.10/site-packages/airflow/example_dags/example_params_ui_tutorial.py
[2024-05-26T09:40:02.253+0000] {processor.py:840} INFO - DAG(s) 'example_params_ui_tutorial' retrieved from /usr/local/python/3.10.13/lib/python3.10/site-packages/airflow/example_dags/example_params_ui_tutorial.py
[2024-05-26T09:40:02.294+0000] {logging_mixin.py:188} INFO - [2024-05-26T09:40:02.293+0000] {dag.py:3096} INFO - Sync 1 DAGs
[2024-05-26T09:40:02.303+0000] {logging_mixin.py:188} INFO - [2024-05-26T09:40:02.303+0000] {dag.py:3954} INFO - Setting next_dagrun for example_params_ui_tutorial to None, run_after=None
[2024-05-26T09:40:02.338+0000] {processor.py:183} INFO - Processing /usr/local/python/3.10.13/lib/python3.10/site-packages/airflow/example_dags/example_params_ui_tutorial.py took 0.101 seconds
[2024-05-26T09:41:02.866+0000] {processor.py:161} INFO - Started process (PID=53134) to work on /usr/local/python/3.10.13/lib/python3.10/site-packages/airflow/example_dags/example_params_ui_tutorial.py
[2024-05-26T09:41:02.867+0000] {processor.py:830} INFO - Processing file /usr/local/python/3.10.13/lib/python3.10/site-packages/airflow/example_dags/example_params_ui_tutorial.py for tasks to queue
[2024-05-26T09:41:02.868+0000] {logging_mixin.py:188} INFO - [2024-05-26T09:41:02.868+0000] {dagbag.py:545} INFO - Filling up the DagBag from /usr/local/python/3.10.13/lib/python3.10/site-packages/airflow/example_dags/example_params_ui_tutorial.py
[2024-05-26T09:41:02.877+0000] {processor.py:840} INFO - DAG(s) 'example_params_ui_tutorial' retrieved from /usr/local/python/3.10.13/lib/python3.10/site-packages/airflow/example_dags/example_params_ui_tutorial.py
[2024-05-26T09:41:02.917+0000] {logging_mixin.py:188} INFO - [2024-05-26T09:41:02.917+0000] {dag.py:3096} INFO - Sync 1 DAGs
[2024-05-26T09:41:02.927+0000] {logging_mixin.py:188} INFO - [2024-05-26T09:41:02.927+0000] {dag.py:3954} INFO - Setting next_dagrun for example_params_ui_tutorial to None, run_after=None
[2024-05-26T09:41:02.965+0000] {processor.py:183} INFO - Processing /usr/local/python/3.10.13/lib/python3.10/site-packages/airflow/example_dags/example_params_ui_tutorial.py took 0.103 seconds
[2024-05-26T09:41:47.789+0000] {processor.py:161} INFO - Started process (PID=53433) to work on /usr/local/python/3.10.13/lib/python3.10/site-packages/airflow/example_dags/example_params_ui_tutorial.py
[2024-05-26T09:41:47.790+0000] {processor.py:830} INFO - Processing file /usr/local/python/3.10.13/lib/python3.10/site-packages/airflow/example_dags/example_params_ui_tutorial.py for tasks to queue
[2024-05-26T09:41:47.791+0000] {logging_mixin.py:188} INFO - [2024-05-26T09:41:47.791+0000] {dagbag.py:545} INFO - Filling up the DagBag from /usr/local/python/3.10.13/lib/python3.10/site-packages/airflow/example_dags/example_params_ui_tutorial.py
[2024-05-26T09:41:47.801+0000] {processor.py:840} INFO - DAG(s) 'example_params_ui_tutorial' retrieved from /usr/local/python/3.10.13/lib/python3.10/site-packages/airflow/example_dags/example_params_ui_tutorial.py
[2024-05-26T09:41:47.842+0000] {logging_mixin.py:188} INFO - [2024-05-26T09:41:47.841+0000] {dag.py:3096} INFO - Sync 1 DAGs
[2024-05-26T09:41:47.851+0000] {logging_mixin.py:188} INFO - [2024-05-26T09:41:47.851+0000] {dag.py:3954} INFO - Setting next_dagrun for example_params_ui_tutorial to None, run_after=None
[2024-05-26T09:41:47.887+0000] {processor.py:183} INFO - Processing /usr/local/python/3.10.13/lib/python3.10/site-packages/airflow/example_dags/example_params_ui_tutorial.py took 0.102 seconds
[2024-05-26T09:42:45.982+0000] {processor.py:161} INFO - Started process (PID=53848) to work on /usr/local/python/3.10.13/lib/python3.10/site-packages/airflow/example_dags/example_params_ui_tutorial.py
[2024-05-26T09:42:45.983+0000] {processor.py:830} INFO - Processing file /usr/local/python/3.10.13/lib/python3.10/site-packages/airflow/example_dags/example_params_ui_tutorial.py for tasks to queue
[2024-05-26T09:42:45.984+0000] {logging_mixin.py:188} INFO - [2024-05-26T09:42:45.984+0000] {dagbag.py:545} INFO - Filling up the DagBag from /usr/local/python/3.10.13/lib/python3.10/site-packages/airflow/example_dags/example_params_ui_tutorial.py
[2024-05-26T09:42:45.993+0000] {processor.py:840} INFO - DAG(s) 'example_params_ui_tutorial' retrieved from /usr/local/python/3.10.13/lib/python3.10/site-packages/airflow/example_dags/example_params_ui_tutorial.py
[2024-05-26T09:42:46.034+0000] {logging_mixin.py:188} INFO - [2024-05-26T09:42:46.034+0000] {dag.py:3096} INFO - Sync 1 DAGs
[2024-05-26T09:42:46.044+0000] {logging_mixin.py:188} INFO - [2024-05-26T09:42:46.044+0000] {dag.py:3954} INFO - Setting next_dagrun for example_params_ui_tutorial to None, run_after=None
[2024-05-26T09:42:46.081+0000] {processor.py:183} INFO - Processing /usr/local/python/3.10.13/lib/python3.10/site-packages/airflow/example_dags/example_params_ui_tutorial.py took 0.104 seconds
[2024-05-26T09:43:44.623+0000] {processor.py:161} INFO - Started process (PID=54268) to work on /usr/local/python/3.10.13/lib/python3.10/site-packages/airflow/example_dags/example_params_ui_tutorial.py
[2024-05-26T09:43:44.624+0000] {processor.py:830} INFO - Processing file /usr/local/python/3.10.13/lib/python3.10/site-packages/airflow/example_dags/example_params_ui_tutorial.py for tasks to queue
[2024-05-26T09:43:44.625+0000] {logging_mixin.py:188} INFO - [2024-05-26T09:43:44.625+0000] {dagbag.py:545} INFO - Filling up the DagBag from /usr/local/python/3.10.13/lib/python3.10/site-packages/airflow/example_dags/example_params_ui_tutorial.py
[2024-05-26T09:43:44.634+0000] {processor.py:840} INFO - DAG(s) 'example_params_ui_tutorial' retrieved from /usr/local/python/3.10.13/lib/python3.10/site-packages/airflow/example_dags/example_params_ui_tutorial.py
[2024-05-26T09:43:44.676+0000] {logging_mixin.py:188} INFO - [2024-05-26T09:43:44.675+0000] {dag.py:3096} INFO - Sync 1 DAGs
[2024-05-26T09:43:44.684+0000] {logging_mixin.py:188} INFO - [2024-05-26T09:43:44.684+0000] {dag.py:3954} INFO - Setting next_dagrun for example_params_ui_tutorial to None, run_after=None
[2024-05-26T09:43:44.720+0000] {processor.py:183} INFO - Processing /usr/local/python/3.10.13/lib/python3.10/site-packages/airflow/example_dags/example_params_ui_tutorial.py took 0.102 seconds
[2024-05-26T09:44:47.772+0000] {processor.py:161} INFO - Started process (PID=54858) to work on /usr/local/python/3.10.13/lib/python3.10/site-packages/airflow/example_dags/example_params_ui_tutorial.py
[2024-05-26T09:44:47.773+0000] {processor.py:830} INFO - Processing file /usr/local/python/3.10.13/lib/python3.10/site-packages/airflow/example_dags/example_params_ui_tutorial.py for tasks to queue
[2024-05-26T09:44:47.775+0000] {logging_mixin.py:188} INFO - [2024-05-26T09:44:47.774+0000] {dagbag.py:545} INFO - Filling up the DagBag from /usr/local/python/3.10.13/lib/python3.10/site-packages/airflow/example_dags/example_params_ui_tutorial.py
[2024-05-26T09:44:47.784+0000] {processor.py:840} INFO - DAG(s) 'example_params_ui_tutorial' retrieved from /usr/local/python/3.10.13/lib/python3.10/site-packages/airflow/example_dags/example_params_ui_tutorial.py
[2024-05-26T09:44:47.829+0000] {logging_mixin.py:188} INFO - [2024-05-26T09:44:47.828+0000] {dag.py:3096} INFO - Sync 1 DAGs
[2024-05-26T09:44:47.838+0000] {logging_mixin.py:188} INFO - [2024-05-26T09:44:47.838+0000] {dag.py:3954} INFO - Setting next_dagrun for example_params_ui_tutorial to None, run_after=None
[2024-05-26T09:44:47.873+0000] {processor.py:183} INFO - Processing /usr/local/python/3.10.13/lib/python3.10/site-packages/airflow/example_dags/example_params_ui_tutorial.py took 0.108 seconds
[2024-05-26T09:45:30.314+0000] {processor.py:161} INFO - Started process (PID=55388) to work on /usr/local/python/3.10.13/lib/python3.10/site-packages/airflow/example_dags/example_params_ui_tutorial.py
[2024-05-26T09:45:30.314+0000] {processor.py:830} INFO - Processing file /usr/local/python/3.10.13/lib/python3.10/site-packages/airflow/example_dags/example_params_ui_tutorial.py for tasks to queue
[2024-05-26T09:45:30.316+0000] {logging_mixin.py:188} INFO - [2024-05-26T09:45:30.315+0000] {dagbag.py:545} INFO - Filling up the DagBag from /usr/local/python/3.10.13/lib/python3.10/site-packages/airflow/example_dags/example_params_ui_tutorial.py
[2024-05-26T09:45:30.325+0000] {processor.py:840} INFO - DAG(s) 'example_params_ui_tutorial' retrieved from /usr/local/python/3.10.13/lib/python3.10/site-packages/airflow/example_dags/example_params_ui_tutorial.py
[2024-05-26T09:45:30.365+0000] {logging_mixin.py:188} INFO - [2024-05-26T09:45:30.365+0000] {dag.py:3096} INFO - Sync 1 DAGs
[2024-05-26T09:45:30.378+0000] {logging_mixin.py:188} INFO - [2024-05-26T09:45:30.378+0000] {dag.py:3954} INFO - Setting next_dagrun for example_params_ui_tutorial to None, run_after=None
[2024-05-26T09:45:30.418+0000] {processor.py:183} INFO - Processing /usr/local/python/3.10.13/lib/python3.10/site-packages/airflow/example_dags/example_params_ui_tutorial.py took 0.109 seconds
[2024-05-26T09:46:27.474+0000] {processor.py:161} INFO - Started process (PID=56140) to work on /usr/local/python/3.10.13/lib/python3.10/site-packages/airflow/example_dags/example_params_ui_tutorial.py
[2024-05-26T09:46:27.475+0000] {processor.py:830} INFO - Processing file /usr/local/python/3.10.13/lib/python3.10/site-packages/airflow/example_dags/example_params_ui_tutorial.py for tasks to queue
[2024-05-26T09:46:27.476+0000] {logging_mixin.py:188} INFO - [2024-05-26T09:46:27.476+0000] {dagbag.py:545} INFO - Filling up the DagBag from /usr/local/python/3.10.13/lib/python3.10/site-packages/airflow/example_dags/example_params_ui_tutorial.py
[2024-05-26T09:46:27.485+0000] {processor.py:840} INFO - DAG(s) 'example_params_ui_tutorial' retrieved from /usr/local/python/3.10.13/lib/python3.10/site-packages/airflow/example_dags/example_params_ui_tutorial.py
[2024-05-26T09:46:27.527+0000] {logging_mixin.py:188} INFO - [2024-05-26T09:46:27.527+0000] {dag.py:3096} INFO - Sync 1 DAGs
[2024-05-26T09:46:27.537+0000] {logging_mixin.py:188} INFO - [2024-05-26T09:46:27.537+0000] {dag.py:3954} INFO - Setting next_dagrun for example_params_ui_tutorial to None, run_after=None
[2024-05-26T09:46:27.575+0000] {processor.py:183} INFO - Processing /usr/local/python/3.10.13/lib/python3.10/site-packages/airflow/example_dags/example_params_ui_tutorial.py took 0.106 seconds
