[2024-05-26T09:10:40.539+0000] {processor.py:161} INFO - Started process (PID=40114) to work on /usr/local/python/3.10.13/lib/python3.10/site-packages/airflow/example_dags/example_task_group.py
[2024-05-26T09:10:40.540+0000] {processor.py:830} INFO - Processing file /usr/local/python/3.10.13/lib/python3.10/site-packages/airflow/example_dags/example_task_group.py for tasks to queue
[2024-05-26T09:10:40.542+0000] {logging_mixin.py:188} INFO - [2024-05-26T09:10:40.541+0000] {dagbag.py:545} INFO - Filling up the DagBag from /usr/local/python/3.10.13/lib/python3.10/site-packages/airflow/example_dags/example_task_group.py
[2024-05-26T09:10:40.551+0000] {processor.py:840} INFO - DAG(s) 'example_task_group' retrieved from /usr/local/python/3.10.13/lib/python3.10/site-packages/airflow/example_dags/example_task_group.py
[2024-05-26T09:10:40.582+0000] {logging_mixin.py:188} INFO - [2024-05-26T09:10:40.581+0000] {dag.py:3096} INFO - Sync 1 DAGs
[2024-05-26T09:10:40.606+0000] {logging_mixin.py:188} INFO - [2024-05-26T09:10:40.606+0000] {dag.py:3954} INFO - Setting next_dagrun for example_task_group to 2024-05-25 00:00:00+00:00, run_after=2024-05-26 00:00:00+00:00
[2024-05-26T09:10:40.768+0000] {processor.py:183} INFO - Processing /usr/local/python/3.10.13/lib/python3.10/site-packages/airflow/example_dags/example_task_group.py took 0.238 seconds
[2024-05-26T09:11:33.887+0000] {processor.py:161} INFO - Started process (PID=40534) to work on /usr/local/python/3.10.13/lib/python3.10/site-packages/airflow/example_dags/example_task_group.py
[2024-05-26T09:11:33.888+0000] {processor.py:830} INFO - Processing file /usr/local/python/3.10.13/lib/python3.10/site-packages/airflow/example_dags/example_task_group.py for tasks to queue
[2024-05-26T09:11:33.889+0000] {logging_mixin.py:188} INFO - [2024-05-26T09:11:33.889+0000] {dagbag.py:545} INFO - Filling up the DagBag from /usr/local/python/3.10.13/lib/python3.10/site-packages/airflow/example_dags/example_task_group.py
[2024-05-26T09:11:33.895+0000] {processor.py:840} INFO - DAG(s) 'example_task_group' retrieved from /usr/local/python/3.10.13/lib/python3.10/site-packages/airflow/example_dags/example_task_group.py
[2024-05-26T09:11:33.908+0000] {logging_mixin.py:188} INFO - [2024-05-26T09:11:33.908+0000] {dag.py:3096} INFO - Sync 1 DAGs
[2024-05-26T09:11:33.922+0000] {logging_mixin.py:188} INFO - [2024-05-26T09:11:33.922+0000] {dag.py:3954} INFO - Setting next_dagrun for example_task_group to 2024-05-25 00:00:00+00:00, run_after=2024-05-26 00:00:00+00:00
[2024-05-26T09:11:33.964+0000] {processor.py:183} INFO - Processing /usr/local/python/3.10.13/lib/python3.10/site-packages/airflow/example_dags/example_task_group.py took 0.082 seconds
[2024-05-26T09:12:23.428+0000] {processor.py:161} INFO - Started process (PID=40883) to work on /usr/local/python/3.10.13/lib/python3.10/site-packages/airflow/example_dags/example_task_group.py
[2024-05-26T09:12:23.428+0000] {processor.py:830} INFO - Processing file /usr/local/python/3.10.13/lib/python3.10/site-packages/airflow/example_dags/example_task_group.py for tasks to queue
[2024-05-26T09:12:23.430+0000] {logging_mixin.py:188} INFO - [2024-05-26T09:12:23.429+0000] {dagbag.py:545} INFO - Filling up the DagBag from /usr/local/python/3.10.13/lib/python3.10/site-packages/airflow/example_dags/example_task_group.py
[2024-05-26T09:12:23.435+0000] {processor.py:840} INFO - DAG(s) 'example_task_group' retrieved from /usr/local/python/3.10.13/lib/python3.10/site-packages/airflow/example_dags/example_task_group.py
[2024-05-26T09:12:23.448+0000] {logging_mixin.py:188} INFO - [2024-05-26T09:12:23.448+0000] {dag.py:3096} INFO - Sync 1 DAGs
[2024-05-26T09:12:23.463+0000] {logging_mixin.py:188} INFO - [2024-05-26T09:12:23.463+0000] {dag.py:3954} INFO - Setting next_dagrun for example_task_group to 2024-05-25 00:00:00+00:00, run_after=2024-05-26 00:00:00+00:00
[2024-05-26T09:12:23.504+0000] {processor.py:183} INFO - Processing /usr/local/python/3.10.13/lib/python3.10/site-packages/airflow/example_dags/example_task_group.py took 0.081 seconds
[2024-05-26T09:13:07.604+0000] {processor.py:161} INFO - Started process (PID=41263) to work on /usr/local/python/3.10.13/lib/python3.10/site-packages/airflow/example_dags/example_task_group.py
[2024-05-26T09:13:07.604+0000] {processor.py:830} INFO - Processing file /usr/local/python/3.10.13/lib/python3.10/site-packages/airflow/example_dags/example_task_group.py for tasks to queue
[2024-05-26T09:13:07.606+0000] {logging_mixin.py:188} INFO - [2024-05-26T09:13:07.605+0000] {dagbag.py:545} INFO - Filling up the DagBag from /usr/local/python/3.10.13/lib/python3.10/site-packages/airflow/example_dags/example_task_group.py
[2024-05-26T09:13:07.611+0000] {processor.py:840} INFO - DAG(s) 'example_task_group' retrieved from /usr/local/python/3.10.13/lib/python3.10/site-packages/airflow/example_dags/example_task_group.py
[2024-05-26T09:13:07.624+0000] {logging_mixin.py:188} INFO - [2024-05-26T09:13:07.624+0000] {dag.py:3096} INFO - Sync 1 DAGs
[2024-05-26T09:13:07.639+0000] {logging_mixin.py:188} INFO - [2024-05-26T09:13:07.639+0000] {dag.py:3954} INFO - Setting next_dagrun for example_task_group to 2024-05-25 00:00:00+00:00, run_after=2024-05-26 00:00:00+00:00
[2024-05-26T09:13:07.677+0000] {processor.py:183} INFO - Processing /usr/local/python/3.10.13/lib/python3.10/site-packages/airflow/example_dags/example_task_group.py took 0.077 seconds
[2024-05-26T09:13:50.277+0000] {processor.py:161} INFO - Started process (PID=41635) to work on /usr/local/python/3.10.13/lib/python3.10/site-packages/airflow/example_dags/example_task_group.py
[2024-05-26T09:13:50.277+0000] {processor.py:830} INFO - Processing file /usr/local/python/3.10.13/lib/python3.10/site-packages/airflow/example_dags/example_task_group.py for tasks to queue
[2024-05-26T09:13:50.279+0000] {logging_mixin.py:188} INFO - [2024-05-26T09:13:50.278+0000] {dagbag.py:545} INFO - Filling up the DagBag from /usr/local/python/3.10.13/lib/python3.10/site-packages/airflow/example_dags/example_task_group.py
[2024-05-26T09:13:50.284+0000] {processor.py:840} INFO - DAG(s) 'example_task_group' retrieved from /usr/local/python/3.10.13/lib/python3.10/site-packages/airflow/example_dags/example_task_group.py
[2024-05-26T09:13:50.297+0000] {logging_mixin.py:188} INFO - [2024-05-26T09:13:50.297+0000] {dag.py:3096} INFO - Sync 1 DAGs
[2024-05-26T09:13:50.317+0000] {logging_mixin.py:188} INFO - [2024-05-26T09:13:50.316+0000] {dag.py:3954} INFO - Setting next_dagrun for example_task_group to 2024-05-25 00:00:00+00:00, run_after=2024-05-26 00:00:00+00:00
[2024-05-26T09:13:50.372+0000] {processor.py:183} INFO - Processing /usr/local/python/3.10.13/lib/python3.10/site-packages/airflow/example_dags/example_task_group.py took 0.100 seconds
[2024-05-26T09:14:33.907+0000] {processor.py:161} INFO - Started process (PID=41956) to work on /usr/local/python/3.10.13/lib/python3.10/site-packages/airflow/example_dags/example_task_group.py
[2024-05-26T09:14:33.908+0000] {processor.py:830} INFO - Processing file /usr/local/python/3.10.13/lib/python3.10/site-packages/airflow/example_dags/example_task_group.py for tasks to queue
[2024-05-26T09:14:33.909+0000] {logging_mixin.py:188} INFO - [2024-05-26T09:14:33.909+0000] {dagbag.py:545} INFO - Filling up the DagBag from /usr/local/python/3.10.13/lib/python3.10/site-packages/airflow/example_dags/example_task_group.py
[2024-05-26T09:14:33.915+0000] {processor.py:840} INFO - DAG(s) 'example_task_group' retrieved from /usr/local/python/3.10.13/lib/python3.10/site-packages/airflow/example_dags/example_task_group.py
[2024-05-26T09:14:33.927+0000] {logging_mixin.py:188} INFO - [2024-05-26T09:14:33.927+0000] {dag.py:3096} INFO - Sync 1 DAGs
[2024-05-26T09:14:33.951+0000] {logging_mixin.py:188} INFO - [2024-05-26T09:14:33.950+0000] {dag.py:3954} INFO - Setting next_dagrun for example_task_group to 2024-05-25 00:00:00+00:00, run_after=2024-05-26 00:00:00+00:00
[2024-05-26T09:14:34.007+0000] {processor.py:183} INFO - Processing /usr/local/python/3.10.13/lib/python3.10/site-packages/airflow/example_dags/example_task_group.py took 0.105 seconds
[2024-05-26T09:15:18.147+0000] {processor.py:161} INFO - Started process (PID=42250) to work on /usr/local/python/3.10.13/lib/python3.10/site-packages/airflow/example_dags/example_task_group.py
[2024-05-26T09:15:18.148+0000] {processor.py:830} INFO - Processing file /usr/local/python/3.10.13/lib/python3.10/site-packages/airflow/example_dags/example_task_group.py for tasks to queue
[2024-05-26T09:15:18.149+0000] {logging_mixin.py:188} INFO - [2024-05-26T09:15:18.149+0000] {dagbag.py:545} INFO - Filling up the DagBag from /usr/local/python/3.10.13/lib/python3.10/site-packages/airflow/example_dags/example_task_group.py
[2024-05-26T09:15:18.157+0000] {processor.py:840} INFO - DAG(s) 'example_task_group' retrieved from /usr/local/python/3.10.13/lib/python3.10/site-packages/airflow/example_dags/example_task_group.py
[2024-05-26T09:15:18.173+0000] {logging_mixin.py:188} INFO - [2024-05-26T09:15:18.173+0000] {dag.py:3096} INFO - Sync 1 DAGs
[2024-05-26T09:15:18.188+0000] {logging_mixin.py:188} INFO - [2024-05-26T09:15:18.188+0000] {dag.py:3954} INFO - Setting next_dagrun for example_task_group to 2024-05-25 00:00:00+00:00, run_after=2024-05-26 00:00:00+00:00
[2024-05-26T09:15:18.229+0000] {processor.py:183} INFO - Processing /usr/local/python/3.10.13/lib/python3.10/site-packages/airflow/example_dags/example_task_group.py took 0.087 seconds
[2024-05-26T09:15:58.217+0000] {processor.py:161} INFO - Started process (PID=42532) to work on /usr/local/python/3.10.13/lib/python3.10/site-packages/airflow/example_dags/example_task_group.py
[2024-05-26T09:15:58.218+0000] {processor.py:830} INFO - Processing file /usr/local/python/3.10.13/lib/python3.10/site-packages/airflow/example_dags/example_task_group.py for tasks to queue
[2024-05-26T09:15:58.219+0000] {logging_mixin.py:188} INFO - [2024-05-26T09:15:58.219+0000] {dagbag.py:545} INFO - Filling up the DagBag from /usr/local/python/3.10.13/lib/python3.10/site-packages/airflow/example_dags/example_task_group.py
[2024-05-26T09:15:58.225+0000] {processor.py:840} INFO - DAG(s) 'example_task_group' retrieved from /usr/local/python/3.10.13/lib/python3.10/site-packages/airflow/example_dags/example_task_group.py
[2024-05-26T09:15:58.238+0000] {logging_mixin.py:188} INFO - [2024-05-26T09:15:58.238+0000] {dag.py:3096} INFO - Sync 1 DAGs
[2024-05-26T09:15:58.253+0000] {logging_mixin.py:188} INFO - [2024-05-26T09:15:58.253+0000] {dag.py:3954} INFO - Setting next_dagrun for example_task_group to 2024-05-25 00:00:00+00:00, run_after=2024-05-26 00:00:00+00:00
[2024-05-26T09:15:58.291+0000] {processor.py:183} INFO - Processing /usr/local/python/3.10.13/lib/python3.10/site-packages/airflow/example_dags/example_task_group.py took 0.078 seconds
[2024-05-26T09:16:39.952+0000] {processor.py:161} INFO - Started process (PID=42822) to work on /usr/local/python/3.10.13/lib/python3.10/site-packages/airflow/example_dags/example_task_group.py
[2024-05-26T09:16:39.953+0000] {processor.py:830} INFO - Processing file /usr/local/python/3.10.13/lib/python3.10/site-packages/airflow/example_dags/example_task_group.py for tasks to queue
[2024-05-26T09:16:39.954+0000] {logging_mixin.py:188} INFO - [2024-05-26T09:16:39.954+0000] {dagbag.py:545} INFO - Filling up the DagBag from /usr/local/python/3.10.13/lib/python3.10/site-packages/airflow/example_dags/example_task_group.py
[2024-05-26T09:16:39.960+0000] {processor.py:840} INFO - DAG(s) 'example_task_group' retrieved from /usr/local/python/3.10.13/lib/python3.10/site-packages/airflow/example_dags/example_task_group.py
[2024-05-26T09:16:39.973+0000] {logging_mixin.py:188} INFO - [2024-05-26T09:16:39.973+0000] {dag.py:3096} INFO - Sync 1 DAGs
[2024-05-26T09:16:39.987+0000] {logging_mixin.py:188} INFO - [2024-05-26T09:16:39.987+0000] {dag.py:3954} INFO - Setting next_dagrun for example_task_group to 2024-05-25 00:00:00+00:00, run_after=2024-05-26 00:00:00+00:00
[2024-05-26T09:16:40.030+0000] {processor.py:183} INFO - Processing /usr/local/python/3.10.13/lib/python3.10/site-packages/airflow/example_dags/example_task_group.py took 0.082 seconds
[2024-05-26T09:17:21.991+0000] {processor.py:161} INFO - Started process (PID=43114) to work on /usr/local/python/3.10.13/lib/python3.10/site-packages/airflow/example_dags/example_task_group.py
[2024-05-26T09:17:21.992+0000] {processor.py:830} INFO - Processing file /usr/local/python/3.10.13/lib/python3.10/site-packages/airflow/example_dags/example_task_group.py for tasks to queue
[2024-05-26T09:17:21.993+0000] {logging_mixin.py:188} INFO - [2024-05-26T09:17:21.993+0000] {dagbag.py:545} INFO - Filling up the DagBag from /usr/local/python/3.10.13/lib/python3.10/site-packages/airflow/example_dags/example_task_group.py
[2024-05-26T09:17:21.999+0000] {processor.py:840} INFO - DAG(s) 'example_task_group' retrieved from /usr/local/python/3.10.13/lib/python3.10/site-packages/airflow/example_dags/example_task_group.py
[2024-05-26T09:17:22.012+0000] {logging_mixin.py:188} INFO - [2024-05-26T09:17:22.012+0000] {dag.py:3096} INFO - Sync 1 DAGs
[2024-05-26T09:17:22.026+0000] {logging_mixin.py:188} INFO - [2024-05-26T09:17:22.026+0000] {dag.py:3954} INFO - Setting next_dagrun for example_task_group to 2024-05-25 00:00:00+00:00, run_after=2024-05-26 00:00:00+00:00
[2024-05-26T09:17:22.065+0000] {processor.py:183} INFO - Processing /usr/local/python/3.10.13/lib/python3.10/site-packages/airflow/example_dags/example_task_group.py took 0.078 seconds
[2024-05-26T09:18:06.326+0000] {processor.py:161} INFO - Started process (PID=43427) to work on /usr/local/python/3.10.13/lib/python3.10/site-packages/airflow/example_dags/example_task_group.py
[2024-05-26T09:18:06.327+0000] {processor.py:830} INFO - Processing file /usr/local/python/3.10.13/lib/python3.10/site-packages/airflow/example_dags/example_task_group.py for tasks to queue
[2024-05-26T09:18:06.328+0000] {logging_mixin.py:188} INFO - [2024-05-26T09:18:06.328+0000] {dagbag.py:545} INFO - Filling up the DagBag from /usr/local/python/3.10.13/lib/python3.10/site-packages/airflow/example_dags/example_task_group.py
[2024-05-26T09:18:06.334+0000] {processor.py:840} INFO - DAG(s) 'example_task_group' retrieved from /usr/local/python/3.10.13/lib/python3.10/site-packages/airflow/example_dags/example_task_group.py
[2024-05-26T09:18:06.347+0000] {logging_mixin.py:188} INFO - [2024-05-26T09:18:06.347+0000] {dag.py:3096} INFO - Sync 1 DAGs
[2024-05-26T09:18:06.362+0000] {logging_mixin.py:188} INFO - [2024-05-26T09:18:06.362+0000] {dag.py:3954} INFO - Setting next_dagrun for example_task_group to 2024-05-25 00:00:00+00:00, run_after=2024-05-26 00:00:00+00:00
[2024-05-26T09:18:06.403+0000] {processor.py:183} INFO - Processing /usr/local/python/3.10.13/lib/python3.10/site-packages/airflow/example_dags/example_task_group.py took 0.081 seconds
[2024-05-26T09:18:48.799+0000] {processor.py:161} INFO - Started process (PID=43752) to work on /usr/local/python/3.10.13/lib/python3.10/site-packages/airflow/example_dags/example_task_group.py
[2024-05-26T09:18:48.800+0000] {processor.py:830} INFO - Processing file /usr/local/python/3.10.13/lib/python3.10/site-packages/airflow/example_dags/example_task_group.py for tasks to queue
[2024-05-26T09:18:48.802+0000] {logging_mixin.py:188} INFO - [2024-05-26T09:18:48.801+0000] {dagbag.py:545} INFO - Filling up the DagBag from /usr/local/python/3.10.13/lib/python3.10/site-packages/airflow/example_dags/example_task_group.py
[2024-05-26T09:18:48.809+0000] {processor.py:840} INFO - DAG(s) 'example_task_group' retrieved from /usr/local/python/3.10.13/lib/python3.10/site-packages/airflow/example_dags/example_task_group.py
[2024-05-26T09:18:48.823+0000] {logging_mixin.py:188} INFO - [2024-05-26T09:18:48.822+0000] {dag.py:3096} INFO - Sync 1 DAGs
[2024-05-26T09:18:48.839+0000] {logging_mixin.py:188} INFO - [2024-05-26T09:18:48.839+0000] {dag.py:3954} INFO - Setting next_dagrun for example_task_group to 2024-05-25 00:00:00+00:00, run_after=2024-05-26 00:00:00+00:00
[2024-05-26T09:18:48.878+0000] {processor.py:183} INFO - Processing /usr/local/python/3.10.13/lib/python3.10/site-packages/airflow/example_dags/example_task_group.py took 0.084 seconds
[2024-05-26T09:19:30.172+0000] {processor.py:161} INFO - Started process (PID=44067) to work on /usr/local/python/3.10.13/lib/python3.10/site-packages/airflow/example_dags/example_task_group.py
[2024-05-26T09:19:30.173+0000] {processor.py:830} INFO - Processing file /usr/local/python/3.10.13/lib/python3.10/site-packages/airflow/example_dags/example_task_group.py for tasks to queue
[2024-05-26T09:19:30.174+0000] {logging_mixin.py:188} INFO - [2024-05-26T09:19:30.174+0000] {dagbag.py:545} INFO - Filling up the DagBag from /usr/local/python/3.10.13/lib/python3.10/site-packages/airflow/example_dags/example_task_group.py
[2024-05-26T09:19:30.180+0000] {processor.py:840} INFO - DAG(s) 'example_task_group' retrieved from /usr/local/python/3.10.13/lib/python3.10/site-packages/airflow/example_dags/example_task_group.py
[2024-05-26T09:19:30.193+0000] {logging_mixin.py:188} INFO - [2024-05-26T09:19:30.193+0000] {dag.py:3096} INFO - Sync 1 DAGs
[2024-05-26T09:19:30.209+0000] {logging_mixin.py:188} INFO - [2024-05-26T09:19:30.209+0000] {dag.py:3954} INFO - Setting next_dagrun for example_task_group to 2024-05-25 00:00:00+00:00, run_after=2024-05-26 00:00:00+00:00
[2024-05-26T09:19:30.247+0000] {processor.py:183} INFO - Processing /usr/local/python/3.10.13/lib/python3.10/site-packages/airflow/example_dags/example_task_group.py took 0.079 seconds
[2024-05-26T09:20:13.338+0000] {processor.py:161} INFO - Started process (PID=44364) to work on /usr/local/python/3.10.13/lib/python3.10/site-packages/airflow/example_dags/example_task_group.py
[2024-05-26T09:20:13.339+0000] {processor.py:830} INFO - Processing file /usr/local/python/3.10.13/lib/python3.10/site-packages/airflow/example_dags/example_task_group.py for tasks to queue
[2024-05-26T09:20:13.340+0000] {logging_mixin.py:188} INFO - [2024-05-26T09:20:13.340+0000] {dagbag.py:545} INFO - Filling up the DagBag from /usr/local/python/3.10.13/lib/python3.10/site-packages/airflow/example_dags/example_task_group.py
[2024-05-26T09:20:13.349+0000] {processor.py:840} INFO - DAG(s) 'example_task_group' retrieved from /usr/local/python/3.10.13/lib/python3.10/site-packages/airflow/example_dags/example_task_group.py
[2024-05-26T09:20:13.368+0000] {logging_mixin.py:188} INFO - [2024-05-26T09:20:13.367+0000] {dag.py:3096} INFO - Sync 1 DAGs
[2024-05-26T09:20:13.384+0000] {logging_mixin.py:188} INFO - [2024-05-26T09:20:13.384+0000] {dag.py:3954} INFO - Setting next_dagrun for example_task_group to 2024-05-25 00:00:00+00:00, run_after=2024-05-26 00:00:00+00:00
[2024-05-26T09:20:13.428+0000] {processor.py:183} INFO - Processing /usr/local/python/3.10.13/lib/python3.10/site-packages/airflow/example_dags/example_task_group.py took 0.096 seconds
[2024-05-26T09:20:54.812+0000] {processor.py:161} INFO - Started process (PID=44653) to work on /usr/local/python/3.10.13/lib/python3.10/site-packages/airflow/example_dags/example_task_group.py
[2024-05-26T09:20:54.812+0000] {processor.py:830} INFO - Processing file /usr/local/python/3.10.13/lib/python3.10/site-packages/airflow/example_dags/example_task_group.py for tasks to queue
[2024-05-26T09:20:54.814+0000] {logging_mixin.py:188} INFO - [2024-05-26T09:20:54.813+0000] {dagbag.py:545} INFO - Filling up the DagBag from /usr/local/python/3.10.13/lib/python3.10/site-packages/airflow/example_dags/example_task_group.py
[2024-05-26T09:20:54.820+0000] {processor.py:840} INFO - DAG(s) 'example_task_group' retrieved from /usr/local/python/3.10.13/lib/python3.10/site-packages/airflow/example_dags/example_task_group.py
[2024-05-26T09:20:54.833+0000] {logging_mixin.py:188} INFO - [2024-05-26T09:20:54.832+0000] {dag.py:3096} INFO - Sync 1 DAGs
[2024-05-26T09:20:54.848+0000] {logging_mixin.py:188} INFO - [2024-05-26T09:20:54.847+0000] {dag.py:3954} INFO - Setting next_dagrun for example_task_group to 2024-05-25 00:00:00+00:00, run_after=2024-05-26 00:00:00+00:00
[2024-05-26T09:20:54.890+0000] {processor.py:183} INFO - Processing /usr/local/python/3.10.13/lib/python3.10/site-packages/airflow/example_dags/example_task_group.py took 0.083 seconds
[2024-05-26T09:21:37.417+0000] {processor.py:161} INFO - Started process (PID=44946) to work on /usr/local/python/3.10.13/lib/python3.10/site-packages/airflow/example_dags/example_task_group.py
[2024-05-26T09:21:37.418+0000] {processor.py:830} INFO - Processing file /usr/local/python/3.10.13/lib/python3.10/site-packages/airflow/example_dags/example_task_group.py for tasks to queue
[2024-05-26T09:21:37.419+0000] {logging_mixin.py:188} INFO - [2024-05-26T09:21:37.419+0000] {dagbag.py:545} INFO - Filling up the DagBag from /usr/local/python/3.10.13/lib/python3.10/site-packages/airflow/example_dags/example_task_group.py
[2024-05-26T09:21:37.425+0000] {processor.py:840} INFO - DAG(s) 'example_task_group' retrieved from /usr/local/python/3.10.13/lib/python3.10/site-packages/airflow/example_dags/example_task_group.py
[2024-05-26T09:21:37.439+0000] {logging_mixin.py:188} INFO - [2024-05-26T09:21:37.439+0000] {dag.py:3096} INFO - Sync 1 DAGs
[2024-05-26T09:21:37.454+0000] {logging_mixin.py:188} INFO - [2024-05-26T09:21:37.453+0000] {dag.py:3954} INFO - Setting next_dagrun for example_task_group to 2024-05-25 00:00:00+00:00, run_after=2024-05-26 00:00:00+00:00
[2024-05-26T09:21:37.493+0000] {processor.py:183} INFO - Processing /usr/local/python/3.10.13/lib/python3.10/site-packages/airflow/example_dags/example_task_group.py took 0.081 seconds
[2024-05-26T09:22:19.989+0000] {processor.py:161} INFO - Started process (PID=45244) to work on /usr/local/python/3.10.13/lib/python3.10/site-packages/airflow/example_dags/example_task_group.py
[2024-05-26T09:22:19.990+0000] {processor.py:830} INFO - Processing file /usr/local/python/3.10.13/lib/python3.10/site-packages/airflow/example_dags/example_task_group.py for tasks to queue
[2024-05-26T09:22:19.991+0000] {logging_mixin.py:188} INFO - [2024-05-26T09:22:19.991+0000] {dagbag.py:545} INFO - Filling up the DagBag from /usr/local/python/3.10.13/lib/python3.10/site-packages/airflow/example_dags/example_task_group.py
[2024-05-26T09:22:19.998+0000] {processor.py:840} INFO - DAG(s) 'example_task_group' retrieved from /usr/local/python/3.10.13/lib/python3.10/site-packages/airflow/example_dags/example_task_group.py
[2024-05-26T09:22:20.022+0000] {logging_mixin.py:188} INFO - [2024-05-26T09:22:20.022+0000] {dag.py:3096} INFO - Sync 1 DAGs
[2024-05-26T09:22:20.043+0000] {logging_mixin.py:188} INFO - [2024-05-26T09:22:20.043+0000] {dag.py:3954} INFO - Setting next_dagrun for example_task_group to 2024-05-25 00:00:00+00:00, run_after=2024-05-26 00:00:00+00:00
[2024-05-26T09:22:20.097+0000] {processor.py:183} INFO - Processing /usr/local/python/3.10.13/lib/python3.10/site-packages/airflow/example_dags/example_task_group.py took 0.119 seconds
[2024-05-26T09:23:13.654+0000] {processor.py:161} INFO - Started process (PID=45626) to work on /usr/local/python/3.10.13/lib/python3.10/site-packages/airflow/example_dags/example_task_group.py
[2024-05-26T09:23:13.655+0000] {processor.py:830} INFO - Processing file /usr/local/python/3.10.13/lib/python3.10/site-packages/airflow/example_dags/example_task_group.py for tasks to queue
[2024-05-26T09:23:13.656+0000] {logging_mixin.py:188} INFO - [2024-05-26T09:23:13.656+0000] {dagbag.py:545} INFO - Filling up the DagBag from /usr/local/python/3.10.13/lib/python3.10/site-packages/airflow/example_dags/example_task_group.py
[2024-05-26T09:23:13.662+0000] {processor.py:840} INFO - DAG(s) 'example_task_group' retrieved from /usr/local/python/3.10.13/lib/python3.10/site-packages/airflow/example_dags/example_task_group.py
[2024-05-26T09:23:13.676+0000] {logging_mixin.py:188} INFO - [2024-05-26T09:23:13.676+0000] {dag.py:3096} INFO - Sync 1 DAGs
[2024-05-26T09:23:13.692+0000] {logging_mixin.py:188} INFO - [2024-05-26T09:23:13.691+0000] {dag.py:3954} INFO - Setting next_dagrun for example_task_group to 2024-05-25 00:00:00+00:00, run_after=2024-05-26 00:00:00+00:00
[2024-05-26T09:23:13.733+0000] {processor.py:183} INFO - Processing /usr/local/python/3.10.13/lib/python3.10/site-packages/airflow/example_dags/example_task_group.py took 0.084 seconds
[2024-05-26T09:23:56.864+0000] {processor.py:161} INFO - Started process (PID=45919) to work on /usr/local/python/3.10.13/lib/python3.10/site-packages/airflow/example_dags/example_task_group.py
[2024-05-26T09:23:56.864+0000] {processor.py:830} INFO - Processing file /usr/local/python/3.10.13/lib/python3.10/site-packages/airflow/example_dags/example_task_group.py for tasks to queue
[2024-05-26T09:23:56.866+0000] {logging_mixin.py:188} INFO - [2024-05-26T09:23:56.865+0000] {dagbag.py:545} INFO - Filling up the DagBag from /usr/local/python/3.10.13/lib/python3.10/site-packages/airflow/example_dags/example_task_group.py
[2024-05-26T09:23:56.871+0000] {processor.py:840} INFO - DAG(s) 'example_task_group' retrieved from /usr/local/python/3.10.13/lib/python3.10/site-packages/airflow/example_dags/example_task_group.py
[2024-05-26T09:23:56.884+0000] {logging_mixin.py:188} INFO - [2024-05-26T09:23:56.884+0000] {dag.py:3096} INFO - Sync 1 DAGs
[2024-05-26T09:23:56.899+0000] {logging_mixin.py:188} INFO - [2024-05-26T09:23:56.899+0000] {dag.py:3954} INFO - Setting next_dagrun for example_task_group to 2024-05-25 00:00:00+00:00, run_after=2024-05-26 00:00:00+00:00
[2024-05-26T09:23:56.935+0000] {processor.py:183} INFO - Processing /usr/local/python/3.10.13/lib/python3.10/site-packages/airflow/example_dags/example_task_group.py took 0.076 seconds
[2024-05-26T09:24:38.311+0000] {processor.py:161} INFO - Started process (PID=46201) to work on /usr/local/python/3.10.13/lib/python3.10/site-packages/airflow/example_dags/example_task_group.py
[2024-05-26T09:24:38.312+0000] {processor.py:830} INFO - Processing file /usr/local/python/3.10.13/lib/python3.10/site-packages/airflow/example_dags/example_task_group.py for tasks to queue
[2024-05-26T09:24:38.313+0000] {logging_mixin.py:188} INFO - [2024-05-26T09:24:38.313+0000] {dagbag.py:545} INFO - Filling up the DagBag from /usr/local/python/3.10.13/lib/python3.10/site-packages/airflow/example_dags/example_task_group.py
[2024-05-26T09:24:38.319+0000] {processor.py:840} INFO - DAG(s) 'example_task_group' retrieved from /usr/local/python/3.10.13/lib/python3.10/site-packages/airflow/example_dags/example_task_group.py
[2024-05-26T09:24:38.332+0000] {logging_mixin.py:188} INFO - [2024-05-26T09:24:38.332+0000] {dag.py:3096} INFO - Sync 1 DAGs
[2024-05-26T09:24:38.348+0000] {logging_mixin.py:188} INFO - [2024-05-26T09:24:38.348+0000] {dag.py:3954} INFO - Setting next_dagrun for example_task_group to 2024-05-25 00:00:00+00:00, run_after=2024-05-26 00:00:00+00:00
[2024-05-26T09:24:38.386+0000] {processor.py:183} INFO - Processing /usr/local/python/3.10.13/lib/python3.10/site-packages/airflow/example_dags/example_task_group.py took 0.079 seconds
[2024-05-26T09:25:18.494+0000] {processor.py:161} INFO - Started process (PID=46489) to work on /usr/local/python/3.10.13/lib/python3.10/site-packages/airflow/example_dags/example_task_group.py
[2024-05-26T09:25:18.495+0000] {processor.py:830} INFO - Processing file /usr/local/python/3.10.13/lib/python3.10/site-packages/airflow/example_dags/example_task_group.py for tasks to queue
[2024-05-26T09:25:18.496+0000] {logging_mixin.py:188} INFO - [2024-05-26T09:25:18.496+0000] {dagbag.py:545} INFO - Filling up the DagBag from /usr/local/python/3.10.13/lib/python3.10/site-packages/airflow/example_dags/example_task_group.py
[2024-05-26T09:25:18.502+0000] {processor.py:840} INFO - DAG(s) 'example_task_group' retrieved from /usr/local/python/3.10.13/lib/python3.10/site-packages/airflow/example_dags/example_task_group.py
[2024-05-26T09:25:18.515+0000] {logging_mixin.py:188} INFO - [2024-05-26T09:25:18.515+0000] {dag.py:3096} INFO - Sync 1 DAGs
[2024-05-26T09:25:18.530+0000] {logging_mixin.py:188} INFO - [2024-05-26T09:25:18.530+0000] {dag.py:3954} INFO - Setting next_dagrun for example_task_group to 2024-05-25 00:00:00+00:00, run_after=2024-05-26 00:00:00+00:00
[2024-05-26T09:25:18.569+0000] {processor.py:183} INFO - Processing /usr/local/python/3.10.13/lib/python3.10/site-packages/airflow/example_dags/example_task_group.py took 0.080 seconds
[2024-05-26T09:26:00.231+0000] {processor.py:161} INFO - Started process (PID=46790) to work on /usr/local/python/3.10.13/lib/python3.10/site-packages/airflow/example_dags/example_task_group.py
[2024-05-26T09:26:00.232+0000] {processor.py:830} INFO - Processing file /usr/local/python/3.10.13/lib/python3.10/site-packages/airflow/example_dags/example_task_group.py for tasks to queue
[2024-05-26T09:26:00.233+0000] {logging_mixin.py:188} INFO - [2024-05-26T09:26:00.233+0000] {dagbag.py:545} INFO - Filling up the DagBag from /usr/local/python/3.10.13/lib/python3.10/site-packages/airflow/example_dags/example_task_group.py
[2024-05-26T09:26:00.239+0000] {processor.py:840} INFO - DAG(s) 'example_task_group' retrieved from /usr/local/python/3.10.13/lib/python3.10/site-packages/airflow/example_dags/example_task_group.py
[2024-05-26T09:26:00.253+0000] {logging_mixin.py:188} INFO - [2024-05-26T09:26:00.252+0000] {dag.py:3096} INFO - Sync 1 DAGs
[2024-05-26T09:26:00.267+0000] {logging_mixin.py:188} INFO - [2024-05-26T09:26:00.267+0000] {dag.py:3954} INFO - Setting next_dagrun for example_task_group to 2024-05-25 00:00:00+00:00, run_after=2024-05-26 00:00:00+00:00
[2024-05-26T09:26:00.304+0000] {processor.py:183} INFO - Processing /usr/local/python/3.10.13/lib/python3.10/site-packages/airflow/example_dags/example_task_group.py took 0.077 seconds
[2024-05-26T09:26:42.428+0000] {processor.py:161} INFO - Started process (PID=47109) to work on /usr/local/python/3.10.13/lib/python3.10/site-packages/airflow/example_dags/example_task_group.py
[2024-05-26T09:26:42.428+0000] {processor.py:830} INFO - Processing file /usr/local/python/3.10.13/lib/python3.10/site-packages/airflow/example_dags/example_task_group.py for tasks to queue
[2024-05-26T09:26:42.430+0000] {logging_mixin.py:188} INFO - [2024-05-26T09:26:42.429+0000] {dagbag.py:545} INFO - Filling up the DagBag from /usr/local/python/3.10.13/lib/python3.10/site-packages/airflow/example_dags/example_task_group.py
[2024-05-26T09:26:42.436+0000] {processor.py:840} INFO - DAG(s) 'example_task_group' retrieved from /usr/local/python/3.10.13/lib/python3.10/site-packages/airflow/example_dags/example_task_group.py
[2024-05-26T09:26:42.449+0000] {logging_mixin.py:188} INFO - [2024-05-26T09:26:42.449+0000] {dag.py:3096} INFO - Sync 1 DAGs
[2024-05-26T09:26:42.465+0000] {logging_mixin.py:188} INFO - [2024-05-26T09:26:42.465+0000] {dag.py:3954} INFO - Setting next_dagrun for example_task_group to 2024-05-25 00:00:00+00:00, run_after=2024-05-26 00:00:00+00:00
[2024-05-26T09:26:42.504+0000] {processor.py:183} INFO - Processing /usr/local/python/3.10.13/lib/python3.10/site-packages/airflow/example_dags/example_task_group.py took 0.081 seconds
[2024-05-26T09:27:23.661+0000] {processor.py:161} INFO - Started process (PID=47405) to work on /usr/local/python/3.10.13/lib/python3.10/site-packages/airflow/example_dags/example_task_group.py
[2024-05-26T09:27:23.661+0000] {processor.py:830} INFO - Processing file /usr/local/python/3.10.13/lib/python3.10/site-packages/airflow/example_dags/example_task_group.py for tasks to queue
[2024-05-26T09:27:23.663+0000] {logging_mixin.py:188} INFO - [2024-05-26T09:27:23.662+0000] {dagbag.py:545} INFO - Filling up the DagBag from /usr/local/python/3.10.13/lib/python3.10/site-packages/airflow/example_dags/example_task_group.py
[2024-05-26T09:27:23.668+0000] {processor.py:840} INFO - DAG(s) 'example_task_group' retrieved from /usr/local/python/3.10.13/lib/python3.10/site-packages/airflow/example_dags/example_task_group.py
[2024-05-26T09:27:23.681+0000] {logging_mixin.py:188} INFO - [2024-05-26T09:27:23.681+0000] {dag.py:3096} INFO - Sync 1 DAGs
[2024-05-26T09:27:23.695+0000] {logging_mixin.py:188} INFO - [2024-05-26T09:27:23.695+0000] {dag.py:3954} INFO - Setting next_dagrun for example_task_group to 2024-05-25 00:00:00+00:00, run_after=2024-05-26 00:00:00+00:00
[2024-05-26T09:27:23.731+0000] {processor.py:183} INFO - Processing /usr/local/python/3.10.13/lib/python3.10/site-packages/airflow/example_dags/example_task_group.py took 0.075 seconds
[2024-05-26T09:28:03.979+0000] {processor.py:161} INFO - Started process (PID=47680) to work on /usr/local/python/3.10.13/lib/python3.10/site-packages/airflow/example_dags/example_task_group.py
[2024-05-26T09:28:03.980+0000] {processor.py:830} INFO - Processing file /usr/local/python/3.10.13/lib/python3.10/site-packages/airflow/example_dags/example_task_group.py for tasks to queue
[2024-05-26T09:28:03.981+0000] {logging_mixin.py:188} INFO - [2024-05-26T09:28:03.981+0000] {dagbag.py:545} INFO - Filling up the DagBag from /usr/local/python/3.10.13/lib/python3.10/site-packages/airflow/example_dags/example_task_group.py
[2024-05-26T09:28:03.987+0000] {processor.py:840} INFO - DAG(s) 'example_task_group' retrieved from /usr/local/python/3.10.13/lib/python3.10/site-packages/airflow/example_dags/example_task_group.py
[2024-05-26T09:28:04.001+0000] {logging_mixin.py:188} INFO - [2024-05-26T09:28:04.001+0000] {dag.py:3096} INFO - Sync 1 DAGs
[2024-05-26T09:28:04.016+0000] {logging_mixin.py:188} INFO - [2024-05-26T09:28:04.016+0000] {dag.py:3954} INFO - Setting next_dagrun for example_task_group to 2024-05-25 00:00:00+00:00, run_after=2024-05-26 00:00:00+00:00
[2024-05-26T09:28:04.051+0000] {processor.py:183} INFO - Processing /usr/local/python/3.10.13/lib/python3.10/site-packages/airflow/example_dags/example_task_group.py took 0.077 seconds
[2024-05-26T09:28:45.257+0000] {processor.py:161} INFO - Started process (PID=47965) to work on /usr/local/python/3.10.13/lib/python3.10/site-packages/airflow/example_dags/example_task_group.py
[2024-05-26T09:28:45.258+0000] {processor.py:830} INFO - Processing file /usr/local/python/3.10.13/lib/python3.10/site-packages/airflow/example_dags/example_task_group.py for tasks to queue
[2024-05-26T09:28:45.259+0000] {logging_mixin.py:188} INFO - [2024-05-26T09:28:45.259+0000] {dagbag.py:545} INFO - Filling up the DagBag from /usr/local/python/3.10.13/lib/python3.10/site-packages/airflow/example_dags/example_task_group.py
[2024-05-26T09:28:45.265+0000] {processor.py:840} INFO - DAG(s) 'example_task_group' retrieved from /usr/local/python/3.10.13/lib/python3.10/site-packages/airflow/example_dags/example_task_group.py
[2024-05-26T09:28:45.283+0000] {logging_mixin.py:188} INFO - [2024-05-26T09:28:45.283+0000] {dag.py:3096} INFO - Sync 1 DAGs
[2024-05-26T09:28:45.307+0000] {logging_mixin.py:188} INFO - [2024-05-26T09:28:45.307+0000] {dag.py:3954} INFO - Setting next_dagrun for example_task_group to 2024-05-25 00:00:00+00:00, run_after=2024-05-26 00:00:00+00:00
[2024-05-26T09:28:45.368+0000] {processor.py:183} INFO - Processing /usr/local/python/3.10.13/lib/python3.10/site-packages/airflow/example_dags/example_task_group.py took 0.115 seconds
[2024-05-26T09:29:27.716+0000] {processor.py:161} INFO - Started process (PID=48277) to work on /usr/local/python/3.10.13/lib/python3.10/site-packages/airflow/example_dags/example_task_group.py
[2024-05-26T09:29:27.717+0000] {processor.py:830} INFO - Processing file /usr/local/python/3.10.13/lib/python3.10/site-packages/airflow/example_dags/example_task_group.py for tasks to queue
[2024-05-26T09:29:27.718+0000] {logging_mixin.py:188} INFO - [2024-05-26T09:29:27.717+0000] {dagbag.py:545} INFO - Filling up the DagBag from /usr/local/python/3.10.13/lib/python3.10/site-packages/airflow/example_dags/example_task_group.py
[2024-05-26T09:29:27.723+0000] {processor.py:840} INFO - DAG(s) 'example_task_group' retrieved from /usr/local/python/3.10.13/lib/python3.10/site-packages/airflow/example_dags/example_task_group.py
[2024-05-26T09:29:27.736+0000] {logging_mixin.py:188} INFO - [2024-05-26T09:29:27.736+0000] {dag.py:3096} INFO - Sync 1 DAGs
[2024-05-26T09:29:27.751+0000] {logging_mixin.py:188} INFO - [2024-05-26T09:29:27.751+0000] {dag.py:3954} INFO - Setting next_dagrun for example_task_group to 2024-05-25 00:00:00+00:00, run_after=2024-05-26 00:00:00+00:00
[2024-05-26T09:29:27.789+0000] {processor.py:183} INFO - Processing /usr/local/python/3.10.13/lib/python3.10/site-packages/airflow/example_dags/example_task_group.py took 0.077 seconds
[2024-05-26T09:30:09.170+0000] {processor.py:161} INFO - Started process (PID=48557) to work on /usr/local/python/3.10.13/lib/python3.10/site-packages/airflow/example_dags/example_task_group.py
[2024-05-26T09:30:09.171+0000] {processor.py:830} INFO - Processing file /usr/local/python/3.10.13/lib/python3.10/site-packages/airflow/example_dags/example_task_group.py for tasks to queue
[2024-05-26T09:30:09.172+0000] {logging_mixin.py:188} INFO - [2024-05-26T09:30:09.172+0000] {dagbag.py:545} INFO - Filling up the DagBag from /usr/local/python/3.10.13/lib/python3.10/site-packages/airflow/example_dags/example_task_group.py
[2024-05-26T09:30:09.178+0000] {processor.py:840} INFO - DAG(s) 'example_task_group' retrieved from /usr/local/python/3.10.13/lib/python3.10/site-packages/airflow/example_dags/example_task_group.py
[2024-05-26T09:30:09.190+0000] {logging_mixin.py:188} INFO - [2024-05-26T09:30:09.190+0000] {dag.py:3096} INFO - Sync 1 DAGs
[2024-05-26T09:30:09.206+0000] {logging_mixin.py:188} INFO - [2024-05-26T09:30:09.206+0000] {dag.py:3954} INFO - Setting next_dagrun for example_task_group to 2024-05-25 00:00:00+00:00, run_after=2024-05-26 00:00:00+00:00
[2024-05-26T09:30:09.243+0000] {processor.py:183} INFO - Processing /usr/local/python/3.10.13/lib/python3.10/site-packages/airflow/example_dags/example_task_group.py took 0.078 seconds
[2024-05-26T09:30:47.934+0000] {processor.py:161} INFO - Started process (PID=48821) to work on /usr/local/python/3.10.13/lib/python3.10/site-packages/airflow/example_dags/example_task_group.py
[2024-05-26T09:30:47.935+0000] {processor.py:830} INFO - Processing file /usr/local/python/3.10.13/lib/python3.10/site-packages/airflow/example_dags/example_task_group.py for tasks to queue
[2024-05-26T09:30:47.936+0000] {logging_mixin.py:188} INFO - [2024-05-26T09:30:47.936+0000] {dagbag.py:545} INFO - Filling up the DagBag from /usr/local/python/3.10.13/lib/python3.10/site-packages/airflow/example_dags/example_task_group.py
[2024-05-26T09:30:47.943+0000] {processor.py:840} INFO - DAG(s) 'example_task_group' retrieved from /usr/local/python/3.10.13/lib/python3.10/site-packages/airflow/example_dags/example_task_group.py
[2024-05-26T09:30:47.955+0000] {logging_mixin.py:188} INFO - [2024-05-26T09:30:47.955+0000] {dag.py:3096} INFO - Sync 1 DAGs
[2024-05-26T09:30:47.971+0000] {logging_mixin.py:188} INFO - [2024-05-26T09:30:47.970+0000] {dag.py:3954} INFO - Setting next_dagrun for example_task_group to 2024-05-25 00:00:00+00:00, run_after=2024-05-26 00:00:00+00:00
[2024-05-26T09:30:48.011+0000] {processor.py:183} INFO - Processing /usr/local/python/3.10.13/lib/python3.10/site-packages/airflow/example_dags/example_task_group.py took 0.081 seconds
[2024-05-26T09:31:28.631+0000] {processor.py:161} INFO - Started process (PID=49098) to work on /usr/local/python/3.10.13/lib/python3.10/site-packages/airflow/example_dags/example_task_group.py
[2024-05-26T09:31:28.631+0000] {processor.py:830} INFO - Processing file /usr/local/python/3.10.13/lib/python3.10/site-packages/airflow/example_dags/example_task_group.py for tasks to queue
[2024-05-26T09:31:28.633+0000] {logging_mixin.py:188} INFO - [2024-05-26T09:31:28.632+0000] {dagbag.py:545} INFO - Filling up the DagBag from /usr/local/python/3.10.13/lib/python3.10/site-packages/airflow/example_dags/example_task_group.py
[2024-05-26T09:31:28.638+0000] {processor.py:840} INFO - DAG(s) 'example_task_group' retrieved from /usr/local/python/3.10.13/lib/python3.10/site-packages/airflow/example_dags/example_task_group.py
[2024-05-26T09:31:28.651+0000] {logging_mixin.py:188} INFO - [2024-05-26T09:31:28.651+0000] {dag.py:3096} INFO - Sync 1 DAGs
[2024-05-26T09:31:28.666+0000] {logging_mixin.py:188} INFO - [2024-05-26T09:31:28.666+0000] {dag.py:3954} INFO - Setting next_dagrun for example_task_group to 2024-05-25 00:00:00+00:00, run_after=2024-05-26 00:00:00+00:00
[2024-05-26T09:31:28.707+0000] {processor.py:183} INFO - Processing /usr/local/python/3.10.13/lib/python3.10/site-packages/airflow/example_dags/example_task_group.py took 0.081 seconds
[2024-05-26T09:32:13.796+0000] {processor.py:161} INFO - Started process (PID=49423) to work on /usr/local/python/3.10.13/lib/python3.10/site-packages/airflow/example_dags/example_task_group.py
[2024-05-26T09:32:13.796+0000] {processor.py:830} INFO - Processing file /usr/local/python/3.10.13/lib/python3.10/site-packages/airflow/example_dags/example_task_group.py for tasks to queue
[2024-05-26T09:32:13.798+0000] {logging_mixin.py:188} INFO - [2024-05-26T09:32:13.798+0000] {dagbag.py:545} INFO - Filling up the DagBag from /usr/local/python/3.10.13/lib/python3.10/site-packages/airflow/example_dags/example_task_group.py
[2024-05-26T09:32:13.804+0000] {processor.py:840} INFO - DAG(s) 'example_task_group' retrieved from /usr/local/python/3.10.13/lib/python3.10/site-packages/airflow/example_dags/example_task_group.py
[2024-05-26T09:32:13.817+0000] {logging_mixin.py:188} INFO - [2024-05-26T09:32:13.817+0000] {dag.py:3096} INFO - Sync 1 DAGs
[2024-05-26T09:32:13.832+0000] {logging_mixin.py:188} INFO - [2024-05-26T09:32:13.832+0000] {dag.py:3954} INFO - Setting next_dagrun for example_task_group to 2024-05-25 00:00:00+00:00, run_after=2024-05-26 00:00:00+00:00
[2024-05-26T09:32:13.870+0000] {processor.py:183} INFO - Processing /usr/local/python/3.10.13/lib/python3.10/site-packages/airflow/example_dags/example_task_group.py took 0.079 seconds
[2024-05-26T09:32:55.475+0000] {processor.py:161} INFO - Started process (PID=49712) to work on /usr/local/python/3.10.13/lib/python3.10/site-packages/airflow/example_dags/example_task_group.py
[2024-05-26T09:32:55.476+0000] {processor.py:830} INFO - Processing file /usr/local/python/3.10.13/lib/python3.10/site-packages/airflow/example_dags/example_task_group.py for tasks to queue
[2024-05-26T09:32:55.477+0000] {logging_mixin.py:188} INFO - [2024-05-26T09:32:55.477+0000] {dagbag.py:545} INFO - Filling up the DagBag from /usr/local/python/3.10.13/lib/python3.10/site-packages/airflow/example_dags/example_task_group.py
[2024-05-26T09:32:55.484+0000] {processor.py:840} INFO - DAG(s) 'example_task_group' retrieved from /usr/local/python/3.10.13/lib/python3.10/site-packages/airflow/example_dags/example_task_group.py
[2024-05-26T09:32:55.497+0000] {logging_mixin.py:188} INFO - [2024-05-26T09:32:55.497+0000] {dag.py:3096} INFO - Sync 1 DAGs
[2024-05-26T09:32:55.512+0000] {logging_mixin.py:188} INFO - [2024-05-26T09:32:55.512+0000] {dag.py:3954} INFO - Setting next_dagrun for example_task_group to 2024-05-25 00:00:00+00:00, run_after=2024-05-26 00:00:00+00:00
[2024-05-26T09:32:55.550+0000] {processor.py:183} INFO - Processing /usr/local/python/3.10.13/lib/python3.10/site-packages/airflow/example_dags/example_task_group.py took 0.079 seconds
[2024-05-26T09:33:53.008+0000] {processor.py:161} INFO - Started process (PID=50138) to work on /usr/local/python/3.10.13/lib/python3.10/site-packages/airflow/example_dags/example_task_group.py
[2024-05-26T09:33:53.009+0000] {processor.py:830} INFO - Processing file /usr/local/python/3.10.13/lib/python3.10/site-packages/airflow/example_dags/example_task_group.py for tasks to queue
[2024-05-26T09:33:53.010+0000] {logging_mixin.py:188} INFO - [2024-05-26T09:33:53.010+0000] {dagbag.py:545} INFO - Filling up the DagBag from /usr/local/python/3.10.13/lib/python3.10/site-packages/airflow/example_dags/example_task_group.py
[2024-05-26T09:33:53.016+0000] {processor.py:840} INFO - DAG(s) 'example_task_group' retrieved from /usr/local/python/3.10.13/lib/python3.10/site-packages/airflow/example_dags/example_task_group.py
[2024-05-26T09:33:53.029+0000] {logging_mixin.py:188} INFO - [2024-05-26T09:33:53.029+0000] {dag.py:3096} INFO - Sync 1 DAGs
[2024-05-26T09:33:53.044+0000] {logging_mixin.py:188} INFO - [2024-05-26T09:33:53.044+0000] {dag.py:3954} INFO - Setting next_dagrun for example_task_group to 2024-05-25 00:00:00+00:00, run_after=2024-05-26 00:00:00+00:00
[2024-05-26T09:33:53.082+0000] {processor.py:183} INFO - Processing /usr/local/python/3.10.13/lib/python3.10/site-packages/airflow/example_dags/example_task_group.py took 0.079 seconds
[2024-05-26T09:34:35.042+0000] {processor.py:161} INFO - Started process (PID=50431) to work on /usr/local/python/3.10.13/lib/python3.10/site-packages/airflow/example_dags/example_task_group.py
[2024-05-26T09:34:35.042+0000] {processor.py:830} INFO - Processing file /usr/local/python/3.10.13/lib/python3.10/site-packages/airflow/example_dags/example_task_group.py for tasks to queue
[2024-05-26T09:34:35.044+0000] {logging_mixin.py:188} INFO - [2024-05-26T09:34:35.043+0000] {dagbag.py:545} INFO - Filling up the DagBag from /usr/local/python/3.10.13/lib/python3.10/site-packages/airflow/example_dags/example_task_group.py
[2024-05-26T09:34:35.049+0000] {processor.py:840} INFO - DAG(s) 'example_task_group' retrieved from /usr/local/python/3.10.13/lib/python3.10/site-packages/airflow/example_dags/example_task_group.py
[2024-05-26T09:34:35.062+0000] {logging_mixin.py:188} INFO - [2024-05-26T09:34:35.062+0000] {dag.py:3096} INFO - Sync 1 DAGs
[2024-05-26T09:34:35.077+0000] {logging_mixin.py:188} INFO - [2024-05-26T09:34:35.077+0000] {dag.py:3954} INFO - Setting next_dagrun for example_task_group to 2024-05-25 00:00:00+00:00, run_after=2024-05-26 00:00:00+00:00
[2024-05-26T09:34:35.115+0000] {processor.py:183} INFO - Processing /usr/local/python/3.10.13/lib/python3.10/site-packages/airflow/example_dags/example_task_group.py took 0.078 seconds
[2024-05-26T09:35:32.964+0000] {processor.py:161} INFO - Started process (PID=50820) to work on /usr/local/python/3.10.13/lib/python3.10/site-packages/airflow/example_dags/example_task_group.py
[2024-05-26T09:35:32.964+0000] {processor.py:830} INFO - Processing file /usr/local/python/3.10.13/lib/python3.10/site-packages/airflow/example_dags/example_task_group.py for tasks to queue
[2024-05-26T09:35:32.965+0000] {logging_mixin.py:188} INFO - [2024-05-26T09:35:32.965+0000] {dagbag.py:545} INFO - Filling up the DagBag from /usr/local/python/3.10.13/lib/python3.10/site-packages/airflow/example_dags/example_task_group.py
[2024-05-26T09:35:32.971+0000] {processor.py:840} INFO - DAG(s) 'example_task_group' retrieved from /usr/local/python/3.10.13/lib/python3.10/site-packages/airflow/example_dags/example_task_group.py
[2024-05-26T09:35:32.984+0000] {logging_mixin.py:188} INFO - [2024-05-26T09:35:32.984+0000] {dag.py:3096} INFO - Sync 1 DAGs
[2024-05-26T09:35:32.998+0000] {logging_mixin.py:188} INFO - [2024-05-26T09:35:32.998+0000] {dag.py:3954} INFO - Setting next_dagrun for example_task_group to 2024-05-25 00:00:00+00:00, run_after=2024-05-26 00:00:00+00:00
[2024-05-26T09:35:33.034+0000] {processor.py:183} INFO - Processing /usr/local/python/3.10.13/lib/python3.10/site-packages/airflow/example_dags/example_task_group.py took 0.075 seconds
[2024-05-26T09:36:13.092+0000] {processor.py:161} INFO - Started process (PID=51104) to work on /usr/local/python/3.10.13/lib/python3.10/site-packages/airflow/example_dags/example_task_group.py
[2024-05-26T09:36:13.093+0000] {processor.py:830} INFO - Processing file /usr/local/python/3.10.13/lib/python3.10/site-packages/airflow/example_dags/example_task_group.py for tasks to queue
[2024-05-26T09:36:13.094+0000] {logging_mixin.py:188} INFO - [2024-05-26T09:36:13.094+0000] {dagbag.py:545} INFO - Filling up the DagBag from /usr/local/python/3.10.13/lib/python3.10/site-packages/airflow/example_dags/example_task_group.py
[2024-05-26T09:36:13.102+0000] {processor.py:840} INFO - DAG(s) 'example_task_group' retrieved from /usr/local/python/3.10.13/lib/python3.10/site-packages/airflow/example_dags/example_task_group.py
[2024-05-26T09:36:13.124+0000] {logging_mixin.py:188} INFO - [2024-05-26T09:36:13.124+0000] {dag.py:3096} INFO - Sync 1 DAGs
[2024-05-26T09:36:13.147+0000] {logging_mixin.py:188} INFO - [2024-05-26T09:36:13.146+0000] {dag.py:3954} INFO - Setting next_dagrun for example_task_group to 2024-05-25 00:00:00+00:00, run_after=2024-05-26 00:00:00+00:00
[2024-05-26T09:36:13.183+0000] {processor.py:183} INFO - Processing /usr/local/python/3.10.13/lib/python3.10/site-packages/airflow/example_dags/example_task_group.py took 0.097 seconds
[2024-05-26T09:36:54.014+0000] {processor.py:161} INFO - Started process (PID=51391) to work on /usr/local/python/3.10.13/lib/python3.10/site-packages/airflow/example_dags/example_task_group.py
[2024-05-26T09:36:54.015+0000] {processor.py:830} INFO - Processing file /usr/local/python/3.10.13/lib/python3.10/site-packages/airflow/example_dags/example_task_group.py for tasks to queue
[2024-05-26T09:36:54.016+0000] {logging_mixin.py:188} INFO - [2024-05-26T09:36:54.016+0000] {dagbag.py:545} INFO - Filling up the DagBag from /usr/local/python/3.10.13/lib/python3.10/site-packages/airflow/example_dags/example_task_group.py
[2024-05-26T09:36:54.022+0000] {processor.py:840} INFO - DAG(s) 'example_task_group' retrieved from /usr/local/python/3.10.13/lib/python3.10/site-packages/airflow/example_dags/example_task_group.py
[2024-05-26T09:36:54.034+0000] {logging_mixin.py:188} INFO - [2024-05-26T09:36:54.034+0000] {dag.py:3096} INFO - Sync 1 DAGs
[2024-05-26T09:36:54.049+0000] {logging_mixin.py:188} INFO - [2024-05-26T09:36:54.049+0000] {dag.py:3954} INFO - Setting next_dagrun for example_task_group to 2024-05-25 00:00:00+00:00, run_after=2024-05-26 00:00:00+00:00
[2024-05-26T09:36:54.088+0000] {processor.py:183} INFO - Processing /usr/local/python/3.10.13/lib/python3.10/site-packages/airflow/example_dags/example_task_group.py took 0.079 seconds
[2024-05-26T09:37:38.303+0000] {processor.py:161} INFO - Started process (PID=51703) to work on /usr/local/python/3.10.13/lib/python3.10/site-packages/airflow/example_dags/example_task_group.py
[2024-05-26T09:37:38.303+0000] {processor.py:830} INFO - Processing file /usr/local/python/3.10.13/lib/python3.10/site-packages/airflow/example_dags/example_task_group.py for tasks to queue
[2024-05-26T09:37:38.305+0000] {logging_mixin.py:188} INFO - [2024-05-26T09:37:38.304+0000] {dagbag.py:545} INFO - Filling up the DagBag from /usr/local/python/3.10.13/lib/python3.10/site-packages/airflow/example_dags/example_task_group.py
[2024-05-26T09:37:38.310+0000] {processor.py:840} INFO - DAG(s) 'example_task_group' retrieved from /usr/local/python/3.10.13/lib/python3.10/site-packages/airflow/example_dags/example_task_group.py
[2024-05-26T09:37:38.323+0000] {logging_mixin.py:188} INFO - [2024-05-26T09:37:38.323+0000] {dag.py:3096} INFO - Sync 1 DAGs
[2024-05-26T09:37:38.339+0000] {logging_mixin.py:188} INFO - [2024-05-26T09:37:38.338+0000] {dag.py:3954} INFO - Setting next_dagrun for example_task_group to 2024-05-25 00:00:00+00:00, run_after=2024-05-26 00:00:00+00:00
[2024-05-26T09:37:38.377+0000] {processor.py:183} INFO - Processing /usr/local/python/3.10.13/lib/python3.10/site-packages/airflow/example_dags/example_task_group.py took 0.079 seconds
[2024-05-26T09:38:20.080+0000] {processor.py:161} INFO - Started process (PID=51999) to work on /usr/local/python/3.10.13/lib/python3.10/site-packages/airflow/example_dags/example_task_group.py
[2024-05-26T09:38:20.081+0000] {processor.py:830} INFO - Processing file /usr/local/python/3.10.13/lib/python3.10/site-packages/airflow/example_dags/example_task_group.py for tasks to queue
[2024-05-26T09:38:20.082+0000] {logging_mixin.py:188} INFO - [2024-05-26T09:38:20.082+0000] {dagbag.py:545} INFO - Filling up the DagBag from /usr/local/python/3.10.13/lib/python3.10/site-packages/airflow/example_dags/example_task_group.py
[2024-05-26T09:38:20.088+0000] {processor.py:840} INFO - DAG(s) 'example_task_group' retrieved from /usr/local/python/3.10.13/lib/python3.10/site-packages/airflow/example_dags/example_task_group.py
[2024-05-26T09:38:20.102+0000] {logging_mixin.py:188} INFO - [2024-05-26T09:38:20.101+0000] {dag.py:3096} INFO - Sync 1 DAGs
[2024-05-26T09:38:20.117+0000] {logging_mixin.py:188} INFO - [2024-05-26T09:38:20.117+0000] {dag.py:3954} INFO - Setting next_dagrun for example_task_group to 2024-05-25 00:00:00+00:00, run_after=2024-05-26 00:00:00+00:00
[2024-05-26T09:38:20.159+0000] {processor.py:183} INFO - Processing /usr/local/python/3.10.13/lib/python3.10/site-packages/airflow/example_dags/example_task_group.py took 0.083 seconds
[2024-05-26T09:39:14.832+0000] {processor.py:161} INFO - Started process (PID=52372) to work on /usr/local/python/3.10.13/lib/python3.10/site-packages/airflow/example_dags/example_task_group.py
[2024-05-26T09:39:14.833+0000] {processor.py:830} INFO - Processing file /usr/local/python/3.10.13/lib/python3.10/site-packages/airflow/example_dags/example_task_group.py for tasks to queue
[2024-05-26T09:39:14.834+0000] {logging_mixin.py:188} INFO - [2024-05-26T09:39:14.834+0000] {dagbag.py:545} INFO - Filling up the DagBag from /usr/local/python/3.10.13/lib/python3.10/site-packages/airflow/example_dags/example_task_group.py
[2024-05-26T09:39:14.839+0000] {processor.py:840} INFO - DAG(s) 'example_task_group' retrieved from /usr/local/python/3.10.13/lib/python3.10/site-packages/airflow/example_dags/example_task_group.py
[2024-05-26T09:39:14.855+0000] {logging_mixin.py:188} INFO - [2024-05-26T09:39:14.855+0000] {dag.py:3096} INFO - Sync 1 DAGs
[2024-05-26T09:39:14.874+0000] {logging_mixin.py:188} INFO - [2024-05-26T09:39:14.874+0000] {dag.py:3954} INFO - Setting next_dagrun for example_task_group to 2024-05-25 00:00:00+00:00, run_after=2024-05-26 00:00:00+00:00
[2024-05-26T09:39:14.914+0000] {processor.py:183} INFO - Processing /usr/local/python/3.10.13/lib/python3.10/site-packages/airflow/example_dags/example_task_group.py took 0.086 seconds
[2024-05-26T09:39:57.108+0000] {processor.py:161} INFO - Started process (PID=52664) to work on /usr/local/python/3.10.13/lib/python3.10/site-packages/airflow/example_dags/example_task_group.py
[2024-05-26T09:39:57.109+0000] {processor.py:830} INFO - Processing file /usr/local/python/3.10.13/lib/python3.10/site-packages/airflow/example_dags/example_task_group.py for tasks to queue
[2024-05-26T09:39:57.110+0000] {logging_mixin.py:188} INFO - [2024-05-26T09:39:57.109+0000] {dagbag.py:545} INFO - Filling up the DagBag from /usr/local/python/3.10.13/lib/python3.10/site-packages/airflow/example_dags/example_task_group.py
[2024-05-26T09:39:57.115+0000] {processor.py:840} INFO - DAG(s) 'example_task_group' retrieved from /usr/local/python/3.10.13/lib/python3.10/site-packages/airflow/example_dags/example_task_group.py
[2024-05-26T09:39:57.129+0000] {logging_mixin.py:188} INFO - [2024-05-26T09:39:57.129+0000] {dag.py:3096} INFO - Sync 1 DAGs
[2024-05-26T09:39:57.144+0000] {logging_mixin.py:188} INFO - [2024-05-26T09:39:57.144+0000] {dag.py:3954} INFO - Setting next_dagrun for example_task_group to 2024-05-25 00:00:00+00:00, run_after=2024-05-26 00:00:00+00:00
[2024-05-26T09:39:57.182+0000] {processor.py:183} INFO - Processing /usr/local/python/3.10.13/lib/python3.10/site-packages/airflow/example_dags/example_task_group.py took 0.078 seconds
[2024-05-26T09:40:40.326+0000] {processor.py:161} INFO - Started process (PID=52981) to work on /usr/local/python/3.10.13/lib/python3.10/site-packages/airflow/example_dags/example_task_group.py
[2024-05-26T09:40:40.327+0000] {processor.py:830} INFO - Processing file /usr/local/python/3.10.13/lib/python3.10/site-packages/airflow/example_dags/example_task_group.py for tasks to queue
[2024-05-26T09:40:40.328+0000] {logging_mixin.py:188} INFO - [2024-05-26T09:40:40.328+0000] {dagbag.py:545} INFO - Filling up the DagBag from /usr/local/python/3.10.13/lib/python3.10/site-packages/airflow/example_dags/example_task_group.py
[2024-05-26T09:40:40.334+0000] {processor.py:840} INFO - DAG(s) 'example_task_group' retrieved from /usr/local/python/3.10.13/lib/python3.10/site-packages/airflow/example_dags/example_task_group.py
[2024-05-26T09:40:40.348+0000] {logging_mixin.py:188} INFO - [2024-05-26T09:40:40.347+0000] {dag.py:3096} INFO - Sync 1 DAGs
[2024-05-26T09:40:40.362+0000] {logging_mixin.py:188} INFO - [2024-05-26T09:40:40.362+0000] {dag.py:3954} INFO - Setting next_dagrun for example_task_group to 2024-05-25 00:00:00+00:00, run_after=2024-05-26 00:00:00+00:00
[2024-05-26T09:40:40.399+0000] {processor.py:183} INFO - Processing /usr/local/python/3.10.13/lib/python3.10/site-packages/airflow/example_dags/example_task_group.py took 0.077 seconds
[2024-05-26T09:41:20.751+0000] {processor.py:161} INFO - Started process (PID=53261) to work on /usr/local/python/3.10.13/lib/python3.10/site-packages/airflow/example_dags/example_task_group.py
[2024-05-26T09:41:20.752+0000] {processor.py:830} INFO - Processing file /usr/local/python/3.10.13/lib/python3.10/site-packages/airflow/example_dags/example_task_group.py for tasks to queue
[2024-05-26T09:41:20.753+0000] {logging_mixin.py:188} INFO - [2024-05-26T09:41:20.753+0000] {dagbag.py:545} INFO - Filling up the DagBag from /usr/local/python/3.10.13/lib/python3.10/site-packages/airflow/example_dags/example_task_group.py
[2024-05-26T09:41:20.759+0000] {processor.py:840} INFO - DAG(s) 'example_task_group' retrieved from /usr/local/python/3.10.13/lib/python3.10/site-packages/airflow/example_dags/example_task_group.py
[2024-05-26T09:41:20.772+0000] {logging_mixin.py:188} INFO - [2024-05-26T09:41:20.772+0000] {dag.py:3096} INFO - Sync 1 DAGs
[2024-05-26T09:41:20.787+0000] {logging_mixin.py:188} INFO - [2024-05-26T09:41:20.787+0000] {dag.py:3954} INFO - Setting next_dagrun for example_task_group to 2024-05-25 00:00:00+00:00, run_after=2024-05-26 00:00:00+00:00
[2024-05-26T09:41:20.823+0000] {processor.py:183} INFO - Processing /usr/local/python/3.10.13/lib/python3.10/site-packages/airflow/example_dags/example_task_group.py took 0.077 seconds
[2024-05-26T09:42:03.664+0000] {processor.py:161} INFO - Started process (PID=53546) to work on /usr/local/python/3.10.13/lib/python3.10/site-packages/airflow/example_dags/example_task_group.py
[2024-05-26T09:42:03.665+0000] {processor.py:830} INFO - Processing file /usr/local/python/3.10.13/lib/python3.10/site-packages/airflow/example_dags/example_task_group.py for tasks to queue
[2024-05-26T09:42:03.666+0000] {logging_mixin.py:188} INFO - [2024-05-26T09:42:03.666+0000] {dagbag.py:545} INFO - Filling up the DagBag from /usr/local/python/3.10.13/lib/python3.10/site-packages/airflow/example_dags/example_task_group.py
[2024-05-26T09:42:03.672+0000] {processor.py:840} INFO - DAG(s) 'example_task_group' retrieved from /usr/local/python/3.10.13/lib/python3.10/site-packages/airflow/example_dags/example_task_group.py
[2024-05-26T09:42:03.685+0000] {logging_mixin.py:188} INFO - [2024-05-26T09:42:03.685+0000] {dag.py:3096} INFO - Sync 1 DAGs
[2024-05-26T09:42:03.699+0000] {logging_mixin.py:188} INFO - [2024-05-26T09:42:03.699+0000] {dag.py:3954} INFO - Setting next_dagrun for example_task_group to 2024-05-25 00:00:00+00:00, run_after=2024-05-26 00:00:00+00:00
[2024-05-26T09:42:03.736+0000] {processor.py:183} INFO - Processing /usr/local/python/3.10.13/lib/python3.10/site-packages/airflow/example_dags/example_task_group.py took 0.077 seconds
[2024-05-26T09:42:42.574+0000] {processor.py:161} INFO - Started process (PID=53824) to work on /usr/local/python/3.10.13/lib/python3.10/site-packages/airflow/example_dags/example_task_group.py
[2024-05-26T09:42:42.574+0000] {processor.py:830} INFO - Processing file /usr/local/python/3.10.13/lib/python3.10/site-packages/airflow/example_dags/example_task_group.py for tasks to queue
[2024-05-26T09:42:42.575+0000] {logging_mixin.py:188} INFO - [2024-05-26T09:42:42.575+0000] {dagbag.py:545} INFO - Filling up the DagBag from /usr/local/python/3.10.13/lib/python3.10/site-packages/airflow/example_dags/example_task_group.py
[2024-05-26T09:42:42.581+0000] {processor.py:840} INFO - DAG(s) 'example_task_group' retrieved from /usr/local/python/3.10.13/lib/python3.10/site-packages/airflow/example_dags/example_task_group.py
[2024-05-26T09:42:42.593+0000] {logging_mixin.py:188} INFO - [2024-05-26T09:42:42.593+0000] {dag.py:3096} INFO - Sync 1 DAGs
[2024-05-26T09:42:42.608+0000] {logging_mixin.py:188} INFO - [2024-05-26T09:42:42.608+0000] {dag.py:3954} INFO - Setting next_dagrun for example_task_group to 2024-05-25 00:00:00+00:00, run_after=2024-05-26 00:00:00+00:00
[2024-05-26T09:42:42.655+0000] {processor.py:183} INFO - Processing /usr/local/python/3.10.13/lib/python3.10/site-packages/airflow/example_dags/example_task_group.py took 0.086 seconds
[2024-05-26T09:43:40.591+0000] {processor.py:161} INFO - Started process (PID=54226) to work on /usr/local/python/3.10.13/lib/python3.10/site-packages/airflow/example_dags/example_task_group.py
[2024-05-26T09:43:40.592+0000] {processor.py:830} INFO - Processing file /usr/local/python/3.10.13/lib/python3.10/site-packages/airflow/example_dags/example_task_group.py for tasks to queue
[2024-05-26T09:43:40.593+0000] {logging_mixin.py:188} INFO - [2024-05-26T09:43:40.593+0000] {dagbag.py:545} INFO - Filling up the DagBag from /usr/local/python/3.10.13/lib/python3.10/site-packages/airflow/example_dags/example_task_group.py
[2024-05-26T09:43:40.599+0000] {processor.py:840} INFO - DAG(s) 'example_task_group' retrieved from /usr/local/python/3.10.13/lib/python3.10/site-packages/airflow/example_dags/example_task_group.py
[2024-05-26T09:43:40.613+0000] {logging_mixin.py:188} INFO - [2024-05-26T09:43:40.612+0000] {dag.py:3096} INFO - Sync 1 DAGs
[2024-05-26T09:43:40.627+0000] {logging_mixin.py:188} INFO - [2024-05-26T09:43:40.627+0000] {dag.py:3954} INFO - Setting next_dagrun for example_task_group to 2024-05-25 00:00:00+00:00, run_after=2024-05-26 00:00:00+00:00
[2024-05-26T09:43:40.673+0000] {processor.py:183} INFO - Processing /usr/local/python/3.10.13/lib/python3.10/site-packages/airflow/example_dags/example_task_group.py took 0.087 seconds
[2024-05-26T09:44:20.863+0000] {processor.py:161} INFO - Started process (PID=54593) to work on /usr/local/python/3.10.13/lib/python3.10/site-packages/airflow/example_dags/example_task_group.py
[2024-05-26T09:44:20.864+0000] {processor.py:830} INFO - Processing file /usr/local/python/3.10.13/lib/python3.10/site-packages/airflow/example_dags/example_task_group.py for tasks to queue
[2024-05-26T09:44:20.865+0000] {logging_mixin.py:188} INFO - [2024-05-26T09:44:20.865+0000] {dagbag.py:545} INFO - Filling up the DagBag from /usr/local/python/3.10.13/lib/python3.10/site-packages/airflow/example_dags/example_task_group.py
[2024-05-26T09:44:20.871+0000] {processor.py:840} INFO - DAG(s) 'example_task_group' retrieved from /usr/local/python/3.10.13/lib/python3.10/site-packages/airflow/example_dags/example_task_group.py
[2024-05-26T09:44:20.884+0000] {logging_mixin.py:188} INFO - [2024-05-26T09:44:20.884+0000] {dag.py:3096} INFO - Sync 1 DAGs
[2024-05-26T09:44:20.899+0000] {logging_mixin.py:188} INFO - [2024-05-26T09:44:20.899+0000] {dag.py:3954} INFO - Setting next_dagrun for example_task_group to 2024-05-25 00:00:00+00:00, run_after=2024-05-26 00:00:00+00:00
[2024-05-26T09:44:20.939+0000] {processor.py:183} INFO - Processing /usr/local/python/3.10.13/lib/python3.10/site-packages/airflow/example_dags/example_task_group.py took 0.080 seconds
[2024-05-26T09:45:02.692+0000] {processor.py:161} INFO - Started process (PID=55000) to work on /usr/local/python/3.10.13/lib/python3.10/site-packages/airflow/example_dags/example_task_group.py
[2024-05-26T09:45:02.692+0000] {processor.py:830} INFO - Processing file /usr/local/python/3.10.13/lib/python3.10/site-packages/airflow/example_dags/example_task_group.py for tasks to queue
[2024-05-26T09:45:02.694+0000] {logging_mixin.py:188} INFO - [2024-05-26T09:45:02.693+0000] {dagbag.py:545} INFO - Filling up the DagBag from /usr/local/python/3.10.13/lib/python3.10/site-packages/airflow/example_dags/example_task_group.py
[2024-05-26T09:45:02.699+0000] {processor.py:840} INFO - DAG(s) 'example_task_group' retrieved from /usr/local/python/3.10.13/lib/python3.10/site-packages/airflow/example_dags/example_task_group.py
[2024-05-26T09:45:02.713+0000] {logging_mixin.py:188} INFO - [2024-05-26T09:45:02.713+0000] {dag.py:3096} INFO - Sync 1 DAGs
[2024-05-26T09:45:02.727+0000] {logging_mixin.py:188} INFO - [2024-05-26T09:45:02.727+0000] {dag.py:3954} INFO - Setting next_dagrun for example_task_group to 2024-05-25 00:00:00+00:00, run_after=2024-05-26 00:00:00+00:00
[2024-05-26T09:45:02.762+0000] {processor.py:183} INFO - Processing /usr/local/python/3.10.13/lib/python3.10/site-packages/airflow/example_dags/example_task_group.py took 0.075 seconds
[2024-05-26T09:45:44.584+0000] {processor.py:161} INFO - Started process (PID=55593) to work on /usr/local/python/3.10.13/lib/python3.10/site-packages/airflow/example_dags/example_task_group.py
[2024-05-26T09:45:44.584+0000] {processor.py:830} INFO - Processing file /usr/local/python/3.10.13/lib/python3.10/site-packages/airflow/example_dags/example_task_group.py for tasks to queue
[2024-05-26T09:45:44.586+0000] {logging_mixin.py:188} INFO - [2024-05-26T09:45:44.585+0000] {dagbag.py:545} INFO - Filling up the DagBag from /usr/local/python/3.10.13/lib/python3.10/site-packages/airflow/example_dags/example_task_group.py
[2024-05-26T09:45:44.591+0000] {processor.py:840} INFO - DAG(s) 'example_task_group' retrieved from /usr/local/python/3.10.13/lib/python3.10/site-packages/airflow/example_dags/example_task_group.py
[2024-05-26T09:45:44.606+0000] {logging_mixin.py:188} INFO - [2024-05-26T09:45:44.606+0000] {dag.py:3096} INFO - Sync 1 DAGs
[2024-05-26T09:45:44.621+0000] {logging_mixin.py:188} INFO - [2024-05-26T09:45:44.621+0000] {dag.py:3954} INFO - Setting next_dagrun for example_task_group to 2024-05-25 00:00:00+00:00, run_after=2024-05-26 00:00:00+00:00
[2024-05-26T09:45:44.657+0000] {processor.py:183} INFO - Processing /usr/local/python/3.10.13/lib/python3.10/site-packages/airflow/example_dags/example_task_group.py took 0.078 seconds
[2024-05-26T09:46:23.734+0000] {processor.py:161} INFO - Started process (PID=56087) to work on /usr/local/python/3.10.13/lib/python3.10/site-packages/airflow/example_dags/example_task_group.py
[2024-05-26T09:46:23.735+0000] {processor.py:830} INFO - Processing file /usr/local/python/3.10.13/lib/python3.10/site-packages/airflow/example_dags/example_task_group.py for tasks to queue
[2024-05-26T09:46:23.736+0000] {logging_mixin.py:188} INFO - [2024-05-26T09:46:23.736+0000] {dagbag.py:545} INFO - Filling up the DagBag from /usr/local/python/3.10.13/lib/python3.10/site-packages/airflow/example_dags/example_task_group.py
[2024-05-26T09:46:23.742+0000] {processor.py:840} INFO - DAG(s) 'example_task_group' retrieved from /usr/local/python/3.10.13/lib/python3.10/site-packages/airflow/example_dags/example_task_group.py
[2024-05-26T09:46:23.755+0000] {logging_mixin.py:188} INFO - [2024-05-26T09:46:23.754+0000] {dag.py:3096} INFO - Sync 1 DAGs
[2024-05-26T09:46:23.771+0000] {logging_mixin.py:188} INFO - [2024-05-26T09:46:23.771+0000] {dag.py:3954} INFO - Setting next_dagrun for example_task_group to 2024-05-25 00:00:00+00:00, run_after=2024-05-26 00:00:00+00:00
[2024-05-26T09:46:23.815+0000] {processor.py:183} INFO - Processing /usr/local/python/3.10.13/lib/python3.10/site-packages/airflow/example_dags/example_task_group.py took 0.085 seconds
[2024-05-26T09:47:04.452+0000] {processor.py:161} INFO - Started process (PID=56507) to work on /usr/local/python/3.10.13/lib/python3.10/site-packages/airflow/example_dags/example_task_group.py
[2024-05-26T09:47:04.452+0000] {processor.py:830} INFO - Processing file /usr/local/python/3.10.13/lib/python3.10/site-packages/airflow/example_dags/example_task_group.py for tasks to queue
[2024-05-26T09:47:04.454+0000] {logging_mixin.py:188} INFO - [2024-05-26T09:47:04.454+0000] {dagbag.py:545} INFO - Filling up the DagBag from /usr/local/python/3.10.13/lib/python3.10/site-packages/airflow/example_dags/example_task_group.py
[2024-05-26T09:47:04.460+0000] {processor.py:840} INFO - DAG(s) 'example_task_group' retrieved from /usr/local/python/3.10.13/lib/python3.10/site-packages/airflow/example_dags/example_task_group.py
[2024-05-26T09:47:04.474+0000] {logging_mixin.py:188} INFO - [2024-05-26T09:47:04.474+0000] {dag.py:3096} INFO - Sync 1 DAGs
[2024-05-26T09:47:04.488+0000] {logging_mixin.py:188} INFO - [2024-05-26T09:47:04.488+0000] {dag.py:3954} INFO - Setting next_dagrun for example_task_group to 2024-05-25 00:00:00+00:00, run_after=2024-05-26 00:00:00+00:00
[2024-05-26T09:47:04.527+0000] {processor.py:183} INFO - Processing /usr/local/python/3.10.13/lib/python3.10/site-packages/airflow/example_dags/example_task_group.py took 0.081 seconds
[2024-05-26T09:47:43.353+0000] {processor.py:161} INFO - Started process (PID=57089) to work on /usr/local/python/3.10.13/lib/python3.10/site-packages/airflow/example_dags/example_task_group.py
[2024-05-26T09:47:43.354+0000] {processor.py:830} INFO - Processing file /usr/local/python/3.10.13/lib/python3.10/site-packages/airflow/example_dags/example_task_group.py for tasks to queue
[2024-05-26T09:47:43.356+0000] {logging_mixin.py:188} INFO - [2024-05-26T09:47:43.356+0000] {dagbag.py:545} INFO - Filling up the DagBag from /usr/local/python/3.10.13/lib/python3.10/site-packages/airflow/example_dags/example_task_group.py
[2024-05-26T09:47:43.365+0000] {processor.py:840} INFO - DAG(s) 'example_task_group' retrieved from /usr/local/python/3.10.13/lib/python3.10/site-packages/airflow/example_dags/example_task_group.py
[2024-05-26T09:47:43.383+0000] {logging_mixin.py:188} INFO - [2024-05-26T09:47:43.383+0000] {dag.py:3096} INFO - Sync 1 DAGs
[2024-05-26T09:47:43.401+0000] {logging_mixin.py:188} INFO - [2024-05-26T09:47:43.401+0000] {dag.py:3954} INFO - Setting next_dagrun for example_task_group to 2024-05-25 00:00:00+00:00, run_after=2024-05-26 00:00:00+00:00
[2024-05-26T09:47:43.438+0000] {processor.py:183} INFO - Processing /usr/local/python/3.10.13/lib/python3.10/site-packages/airflow/example_dags/example_task_group.py took 0.091 seconds
[2024-05-26T09:48:22.638+0000] {processor.py:161} INFO - Started process (PID=57497) to work on /usr/local/python/3.10.13/lib/python3.10/site-packages/airflow/example_dags/example_task_group.py
[2024-05-26T09:48:22.639+0000] {processor.py:830} INFO - Processing file /usr/local/python/3.10.13/lib/python3.10/site-packages/airflow/example_dags/example_task_group.py for tasks to queue
[2024-05-26T09:48:22.640+0000] {logging_mixin.py:188} INFO - [2024-05-26T09:48:22.640+0000] {dagbag.py:545} INFO - Filling up the DagBag from /usr/local/python/3.10.13/lib/python3.10/site-packages/airflow/example_dags/example_task_group.py
[2024-05-26T09:48:22.646+0000] {processor.py:840} INFO - DAG(s) 'example_task_group' retrieved from /usr/local/python/3.10.13/lib/python3.10/site-packages/airflow/example_dags/example_task_group.py
[2024-05-26T09:48:22.661+0000] {logging_mixin.py:188} INFO - [2024-05-26T09:48:22.661+0000] {dag.py:3096} INFO - Sync 1 DAGs
[2024-05-26T09:48:22.676+0000] {logging_mixin.py:188} INFO - [2024-05-26T09:48:22.676+0000] {dag.py:3954} INFO - Setting next_dagrun for example_task_group to 2024-05-25 00:00:00+00:00, run_after=2024-05-26 00:00:00+00:00
[2024-05-26T09:48:22.715+0000] {processor.py:183} INFO - Processing /usr/local/python/3.10.13/lib/python3.10/site-packages/airflow/example_dags/example_task_group.py took 0.082 seconds
[2024-05-26T09:49:05.287+0000] {processor.py:161} INFO - Started process (PID=57920) to work on /usr/local/python/3.10.13/lib/python3.10/site-packages/airflow/example_dags/example_task_group.py
[2024-05-26T09:49:05.288+0000] {processor.py:830} INFO - Processing file /usr/local/python/3.10.13/lib/python3.10/site-packages/airflow/example_dags/example_task_group.py for tasks to queue
[2024-05-26T09:49:05.289+0000] {logging_mixin.py:188} INFO - [2024-05-26T09:49:05.289+0000] {dagbag.py:545} INFO - Filling up the DagBag from /usr/local/python/3.10.13/lib/python3.10/site-packages/airflow/example_dags/example_task_group.py
[2024-05-26T09:49:05.295+0000] {processor.py:840} INFO - DAG(s) 'example_task_group' retrieved from /usr/local/python/3.10.13/lib/python3.10/site-packages/airflow/example_dags/example_task_group.py
[2024-05-26T09:49:05.309+0000] {logging_mixin.py:188} INFO - [2024-05-26T09:49:05.308+0000] {dag.py:3096} INFO - Sync 1 DAGs
[2024-05-26T09:49:05.324+0000] {logging_mixin.py:188} INFO - [2024-05-26T09:49:05.323+0000] {dag.py:3954} INFO - Setting next_dagrun for example_task_group to 2024-05-25 00:00:00+00:00, run_after=2024-05-26 00:00:00+00:00
[2024-05-26T09:49:05.360+0000] {processor.py:183} INFO - Processing /usr/local/python/3.10.13/lib/python3.10/site-packages/airflow/example_dags/example_task_group.py took 0.078 seconds
[2024-05-26T09:49:48.804+0000] {processor.py:161} INFO - Started process (PID=58426) to work on /usr/local/python/3.10.13/lib/python3.10/site-packages/airflow/example_dags/example_task_group.py
[2024-05-26T09:49:48.805+0000] {processor.py:830} INFO - Processing file /usr/local/python/3.10.13/lib/python3.10/site-packages/airflow/example_dags/example_task_group.py for tasks to queue
[2024-05-26T09:49:48.806+0000] {logging_mixin.py:188} INFO - [2024-05-26T09:49:48.806+0000] {dagbag.py:545} INFO - Filling up the DagBag from /usr/local/python/3.10.13/lib/python3.10/site-packages/airflow/example_dags/example_task_group.py
[2024-05-26T09:49:48.812+0000] {processor.py:840} INFO - DAG(s) 'example_task_group' retrieved from /usr/local/python/3.10.13/lib/python3.10/site-packages/airflow/example_dags/example_task_group.py
[2024-05-26T09:49:48.825+0000] {logging_mixin.py:188} INFO - [2024-05-26T09:49:48.825+0000] {dag.py:3096} INFO - Sync 1 DAGs
[2024-05-26T09:49:48.841+0000] {logging_mixin.py:188} INFO - [2024-05-26T09:49:48.841+0000] {dag.py:3954} INFO - Setting next_dagrun for example_task_group to 2024-05-25 00:00:00+00:00, run_after=2024-05-26 00:00:00+00:00
[2024-05-26T09:49:48.879+0000] {processor.py:183} INFO - Processing /usr/local/python/3.10.13/lib/python3.10/site-packages/airflow/example_dags/example_task_group.py took 0.080 seconds
[2024-05-26T09:50:29.372+0000] {processor.py:161} INFO - Started process (PID=58715) to work on /usr/local/python/3.10.13/lib/python3.10/site-packages/airflow/example_dags/example_task_group.py
[2024-05-26T09:50:29.372+0000] {processor.py:830} INFO - Processing file /usr/local/python/3.10.13/lib/python3.10/site-packages/airflow/example_dags/example_task_group.py for tasks to queue
[2024-05-26T09:50:29.374+0000] {logging_mixin.py:188} INFO - [2024-05-26T09:50:29.373+0000] {dagbag.py:545} INFO - Filling up the DagBag from /usr/local/python/3.10.13/lib/python3.10/site-packages/airflow/example_dags/example_task_group.py
[2024-05-26T09:50:29.380+0000] {processor.py:840} INFO - DAG(s) 'example_task_group' retrieved from /usr/local/python/3.10.13/lib/python3.10/site-packages/airflow/example_dags/example_task_group.py
[2024-05-26T09:50:29.393+0000] {logging_mixin.py:188} INFO - [2024-05-26T09:50:29.393+0000] {dag.py:3096} INFO - Sync 1 DAGs
[2024-05-26T09:50:29.408+0000] {logging_mixin.py:188} INFO - [2024-05-26T09:50:29.408+0000] {dag.py:3954} INFO - Setting next_dagrun for example_task_group to 2024-05-25 00:00:00+00:00, run_after=2024-05-26 00:00:00+00:00
[2024-05-26T09:50:29.445+0000] {processor.py:183} INFO - Processing /usr/local/python/3.10.13/lib/python3.10/site-packages/airflow/example_dags/example_task_group.py took 0.078 seconds
[2024-05-26T09:51:11.632+0000] {processor.py:161} INFO - Started process (PID=59139) to work on /usr/local/python/3.10.13/lib/python3.10/site-packages/airflow/example_dags/example_task_group.py
[2024-05-26T09:51:11.633+0000] {processor.py:830} INFO - Processing file /usr/local/python/3.10.13/lib/python3.10/site-packages/airflow/example_dags/example_task_group.py for tasks to queue
[2024-05-26T09:51:11.634+0000] {logging_mixin.py:188} INFO - [2024-05-26T09:51:11.634+0000] {dagbag.py:545} INFO - Filling up the DagBag from /usr/local/python/3.10.13/lib/python3.10/site-packages/airflow/example_dags/example_task_group.py
[2024-05-26T09:51:11.640+0000] {processor.py:840} INFO - DAG(s) 'example_task_group' retrieved from /usr/local/python/3.10.13/lib/python3.10/site-packages/airflow/example_dags/example_task_group.py
[2024-05-26T09:51:11.653+0000] {logging_mixin.py:188} INFO - [2024-05-26T09:51:11.653+0000] {dag.py:3096} INFO - Sync 1 DAGs
[2024-05-26T09:51:11.670+0000] {logging_mixin.py:188} INFO - [2024-05-26T09:51:11.670+0000] {dag.py:3954} INFO - Setting next_dagrun for example_task_group to 2024-05-25 00:00:00+00:00, run_after=2024-05-26 00:00:00+00:00
[2024-05-26T09:51:11.710+0000] {processor.py:183} INFO - Processing /usr/local/python/3.10.13/lib/python3.10/site-packages/airflow/example_dags/example_task_group.py took 0.083 seconds
[2024-05-26T09:51:51.905+0000] {processor.py:161} INFO - Started process (PID=59525) to work on /usr/local/python/3.10.13/lib/python3.10/site-packages/airflow/example_dags/example_task_group.py
[2024-05-26T09:51:51.907+0000] {processor.py:830} INFO - Processing file /usr/local/python/3.10.13/lib/python3.10/site-packages/airflow/example_dags/example_task_group.py for tasks to queue
[2024-05-26T09:51:51.909+0000] {logging_mixin.py:188} INFO - [2024-05-26T09:51:51.908+0000] {dagbag.py:545} INFO - Filling up the DagBag from /usr/local/python/3.10.13/lib/python3.10/site-packages/airflow/example_dags/example_task_group.py
[2024-05-26T09:51:51.929+0000] {processor.py:840} INFO - DAG(s) 'example_task_group' retrieved from /usr/local/python/3.10.13/lib/python3.10/site-packages/airflow/example_dags/example_task_group.py
[2024-05-26T09:51:51.975+0000] {logging_mixin.py:188} INFO - [2024-05-26T09:51:51.974+0000] {dag.py:3096} INFO - Sync 1 DAGs
[2024-05-26T09:51:52.000+0000] {logging_mixin.py:188} INFO - [2024-05-26T09:51:52.000+0000] {dag.py:3954} INFO - Setting next_dagrun for example_task_group to 2024-05-25 00:00:00+00:00, run_after=2024-05-26 00:00:00+00:00
[2024-05-26T09:51:52.043+0000] {processor.py:183} INFO - Processing /usr/local/python/3.10.13/lib/python3.10/site-packages/airflow/example_dags/example_task_group.py took 0.155 seconds
[2024-05-26T09:52:33.297+0000] {processor.py:161} INFO - Started process (PID=59952) to work on /usr/local/python/3.10.13/lib/python3.10/site-packages/airflow/example_dags/example_task_group.py
[2024-05-26T09:52:33.297+0000] {processor.py:830} INFO - Processing file /usr/local/python/3.10.13/lib/python3.10/site-packages/airflow/example_dags/example_task_group.py for tasks to queue
[2024-05-26T09:52:33.299+0000] {logging_mixin.py:188} INFO - [2024-05-26T09:52:33.298+0000] {dagbag.py:545} INFO - Filling up the DagBag from /usr/local/python/3.10.13/lib/python3.10/site-packages/airflow/example_dags/example_task_group.py
[2024-05-26T09:52:33.304+0000] {processor.py:840} INFO - DAG(s) 'example_task_group' retrieved from /usr/local/python/3.10.13/lib/python3.10/site-packages/airflow/example_dags/example_task_group.py
[2024-05-26T09:52:33.317+0000] {logging_mixin.py:188} INFO - [2024-05-26T09:52:33.317+0000] {dag.py:3096} INFO - Sync 1 DAGs
[2024-05-26T09:52:33.332+0000] {logging_mixin.py:188} INFO - [2024-05-26T09:52:33.331+0000] {dag.py:3954} INFO - Setting next_dagrun for example_task_group to 2024-05-25 00:00:00+00:00, run_after=2024-05-26 00:00:00+00:00
[2024-05-26T09:52:33.368+0000] {processor.py:183} INFO - Processing /usr/local/python/3.10.13/lib/python3.10/site-packages/airflow/example_dags/example_task_group.py took 0.076 seconds
[2024-05-26T09:53:14.592+0000] {processor.py:161} INFO - Started process (PID=60257) to work on /usr/local/python/3.10.13/lib/python3.10/site-packages/airflow/example_dags/example_task_group.py
[2024-05-26T09:53:14.593+0000] {processor.py:830} INFO - Processing file /usr/local/python/3.10.13/lib/python3.10/site-packages/airflow/example_dags/example_task_group.py for tasks to queue
[2024-05-26T09:53:14.594+0000] {logging_mixin.py:188} INFO - [2024-05-26T09:53:14.594+0000] {dagbag.py:545} INFO - Filling up the DagBag from /usr/local/python/3.10.13/lib/python3.10/site-packages/airflow/example_dags/example_task_group.py
[2024-05-26T09:53:14.603+0000] {processor.py:840} INFO - DAG(s) 'example_task_group' retrieved from /usr/local/python/3.10.13/lib/python3.10/site-packages/airflow/example_dags/example_task_group.py
[2024-05-26T09:53:14.618+0000] {logging_mixin.py:188} INFO - [2024-05-26T09:53:14.618+0000] {dag.py:3096} INFO - Sync 1 DAGs
[2024-05-26T09:53:14.634+0000] {logging_mixin.py:188} INFO - [2024-05-26T09:53:14.634+0000] {dag.py:3954} INFO - Setting next_dagrun for example_task_group to 2024-05-25 00:00:00+00:00, run_after=2024-05-26 00:00:00+00:00
[2024-05-26T09:53:14.678+0000] {processor.py:183} INFO - Processing /usr/local/python/3.10.13/lib/python3.10/site-packages/airflow/example_dags/example_task_group.py took 0.091 seconds
[2024-05-26T09:53:56.997+0000] {processor.py:161} INFO - Started process (PID=60595) to work on /usr/local/python/3.10.13/lib/python3.10/site-packages/airflow/example_dags/example_task_group.py
[2024-05-26T09:53:56.998+0000] {processor.py:830} INFO - Processing file /usr/local/python/3.10.13/lib/python3.10/site-packages/airflow/example_dags/example_task_group.py for tasks to queue
[2024-05-26T09:53:56.999+0000] {logging_mixin.py:188} INFO - [2024-05-26T09:53:56.999+0000] {dagbag.py:545} INFO - Filling up the DagBag from /usr/local/python/3.10.13/lib/python3.10/site-packages/airflow/example_dags/example_task_group.py
[2024-05-26T09:53:57.008+0000] {processor.py:840} INFO - DAG(s) 'example_task_group' retrieved from /usr/local/python/3.10.13/lib/python3.10/site-packages/airflow/example_dags/example_task_group.py
[2024-05-26T09:53:57.022+0000] {logging_mixin.py:188} INFO - [2024-05-26T09:53:57.021+0000] {dag.py:3096} INFO - Sync 1 DAGs
[2024-05-26T09:53:57.036+0000] {logging_mixin.py:188} INFO - [2024-05-26T09:53:57.036+0000] {dag.py:3954} INFO - Setting next_dagrun for example_task_group to 2024-05-25 00:00:00+00:00, run_after=2024-05-26 00:00:00+00:00
[2024-05-26T09:53:57.075+0000] {processor.py:183} INFO - Processing /usr/local/python/3.10.13/lib/python3.10/site-packages/airflow/example_dags/example_task_group.py took 0.086 seconds
[2024-05-26T09:54:41.117+0000] {processor.py:161} INFO - Started process (PID=60969) to work on /usr/local/python/3.10.13/lib/python3.10/site-packages/airflow/example_dags/example_task_group.py
[2024-05-26T09:54:41.118+0000] {processor.py:830} INFO - Processing file /usr/local/python/3.10.13/lib/python3.10/site-packages/airflow/example_dags/example_task_group.py for tasks to queue
[2024-05-26T09:54:41.119+0000] {logging_mixin.py:188} INFO - [2024-05-26T09:54:41.118+0000] {dagbag.py:545} INFO - Filling up the DagBag from /usr/local/python/3.10.13/lib/python3.10/site-packages/airflow/example_dags/example_task_group.py
[2024-05-26T09:54:41.125+0000] {processor.py:840} INFO - DAG(s) 'example_task_group' retrieved from /usr/local/python/3.10.13/lib/python3.10/site-packages/airflow/example_dags/example_task_group.py
[2024-05-26T09:54:41.139+0000] {logging_mixin.py:188} INFO - [2024-05-26T09:54:41.138+0000] {dag.py:3096} INFO - Sync 1 DAGs
[2024-05-26T09:54:41.153+0000] {logging_mixin.py:188} INFO - [2024-05-26T09:54:41.153+0000] {dag.py:3954} INFO - Setting next_dagrun for example_task_group to 2024-05-25 00:00:00+00:00, run_after=2024-05-26 00:00:00+00:00
[2024-05-26T09:54:41.189+0000] {processor.py:183} INFO - Processing /usr/local/python/3.10.13/lib/python3.10/site-packages/airflow/example_dags/example_task_group.py took 0.077 seconds
[2024-05-26T09:55:23.816+0000] {processor.py:161} INFO - Started process (PID=61270) to work on /usr/local/python/3.10.13/lib/python3.10/site-packages/airflow/example_dags/example_task_group.py
[2024-05-26T09:55:23.816+0000] {processor.py:830} INFO - Processing file /usr/local/python/3.10.13/lib/python3.10/site-packages/airflow/example_dags/example_task_group.py for tasks to queue
[2024-05-26T09:55:23.818+0000] {logging_mixin.py:188} INFO - [2024-05-26T09:55:23.817+0000] {dagbag.py:545} INFO - Filling up the DagBag from /usr/local/python/3.10.13/lib/python3.10/site-packages/airflow/example_dags/example_task_group.py
[2024-05-26T09:55:23.823+0000] {processor.py:840} INFO - DAG(s) 'example_task_group' retrieved from /usr/local/python/3.10.13/lib/python3.10/site-packages/airflow/example_dags/example_task_group.py
[2024-05-26T09:55:23.836+0000] {logging_mixin.py:188} INFO - [2024-05-26T09:55:23.836+0000] {dag.py:3096} INFO - Sync 1 DAGs
[2024-05-26T09:55:23.851+0000] {logging_mixin.py:188} INFO - [2024-05-26T09:55:23.850+0000] {dag.py:3954} INFO - Setting next_dagrun for example_task_group to 2024-05-25 00:00:00+00:00, run_after=2024-05-26 00:00:00+00:00
[2024-05-26T09:55:23.896+0000] {processor.py:183} INFO - Processing /usr/local/python/3.10.13/lib/python3.10/site-packages/airflow/example_dags/example_task_group.py took 0.085 seconds
