[2024-05-26T09:10:33.811+0000] {processor.py:161} INFO - Started process (PID=40049) to work on /usr/local/python/3.10.13/lib/python3.10/site-packages/airflow/example_dags/example_time_delta_sensor_async.py
[2024-05-26T09:10:33.812+0000] {processor.py:830} INFO - Processing file /usr/local/python/3.10.13/lib/python3.10/site-packages/airflow/example_dags/example_time_delta_sensor_async.py for tasks to queue
[2024-05-26T09:10:33.813+0000] {logging_mixin.py:188} INFO - [2024-05-26T09:10:33.812+0000] {dagbag.py:545} INFO - Filling up the DagBag from /usr/local/python/3.10.13/lib/python3.10/site-packages/airflow/example_dags/example_time_delta_sensor_async.py
[2024-05-26T09:10:33.817+0000] {processor.py:840} INFO - DAG(s) 'example_time_delta_sensor_async' retrieved from /usr/local/python/3.10.13/lib/python3.10/site-packages/airflow/example_dags/example_time_delta_sensor_async.py
[2024-05-26T09:10:33.837+0000] {logging_mixin.py:188} INFO - [2024-05-26T09:10:33.836+0000] {dag.py:3096} INFO - Sync 1 DAGs
[2024-05-26T09:10:33.848+0000] {logging_mixin.py:188} INFO - [2024-05-26T09:10:33.848+0000] {dag.py:3954} INFO - Setting next_dagrun for example_time_delta_sensor_async to None, run_after=None
[2024-05-26T09:10:33.886+0000] {processor.py:183} INFO - Processing /usr/local/python/3.10.13/lib/python3.10/site-packages/airflow/example_dags/example_time_delta_sensor_async.py took 0.080 seconds
[2024-05-26T09:11:27.676+0000] {processor.py:161} INFO - Started process (PID=40483) to work on /usr/local/python/3.10.13/lib/python3.10/site-packages/airflow/example_dags/example_time_delta_sensor_async.py
[2024-05-26T09:11:27.677+0000] {processor.py:830} INFO - Processing file /usr/local/python/3.10.13/lib/python3.10/site-packages/airflow/example_dags/example_time_delta_sensor_async.py for tasks to queue
[2024-05-26T09:11:27.678+0000] {logging_mixin.py:188} INFO - [2024-05-26T09:11:27.678+0000] {dagbag.py:545} INFO - Filling up the DagBag from /usr/local/python/3.10.13/lib/python3.10/site-packages/airflow/example_dags/example_time_delta_sensor_async.py
[2024-05-26T09:11:27.681+0000] {processor.py:840} INFO - DAG(s) 'example_time_delta_sensor_async' retrieved from /usr/local/python/3.10.13/lib/python3.10/site-packages/airflow/example_dags/example_time_delta_sensor_async.py
[2024-05-26T09:11:27.692+0000] {logging_mixin.py:188} INFO - [2024-05-26T09:11:27.692+0000] {dag.py:3096} INFO - Sync 1 DAGs
[2024-05-26T09:11:27.704+0000] {logging_mixin.py:188} INFO - [2024-05-26T09:11:27.704+0000] {dag.py:3954} INFO - Setting next_dagrun for example_time_delta_sensor_async to None, run_after=None
[2024-05-26T09:11:27.752+0000] {processor.py:183} INFO - Processing /usr/local/python/3.10.13/lib/python3.10/site-packages/airflow/example_dags/example_time_delta_sensor_async.py took 0.080 seconds
[2024-05-26T09:12:11.755+0000] {processor.py:161} INFO - Started process (PID=40799) to work on /usr/local/python/3.10.13/lib/python3.10/site-packages/airflow/example_dags/example_time_delta_sensor_async.py
[2024-05-26T09:12:11.756+0000] {processor.py:830} INFO - Processing file /usr/local/python/3.10.13/lib/python3.10/site-packages/airflow/example_dags/example_time_delta_sensor_async.py for tasks to queue
[2024-05-26T09:12:11.758+0000] {logging_mixin.py:188} INFO - [2024-05-26T09:12:11.757+0000] {dagbag.py:545} INFO - Filling up the DagBag from /usr/local/python/3.10.13/lib/python3.10/site-packages/airflow/example_dags/example_time_delta_sensor_async.py
[2024-05-26T09:12:11.761+0000] {processor.py:840} INFO - DAG(s) 'example_time_delta_sensor_async' retrieved from /usr/local/python/3.10.13/lib/python3.10/site-packages/airflow/example_dags/example_time_delta_sensor_async.py
[2024-05-26T09:12:11.772+0000] {logging_mixin.py:188} INFO - [2024-05-26T09:12:11.772+0000] {dag.py:3096} INFO - Sync 1 DAGs
[2024-05-26T09:12:11.781+0000] {logging_mixin.py:188} INFO - [2024-05-26T09:12:11.781+0000] {dag.py:3954} INFO - Setting next_dagrun for example_time_delta_sensor_async to None, run_after=None
[2024-05-26T09:12:11.824+0000] {processor.py:183} INFO - Processing /usr/local/python/3.10.13/lib/python3.10/site-packages/airflow/example_dags/example_time_delta_sensor_async.py took 0.073 seconds
[2024-05-26T09:13:01.952+0000] {processor.py:161} INFO - Started process (PID=41234) to work on /usr/local/python/3.10.13/lib/python3.10/site-packages/airflow/example_dags/example_time_delta_sensor_async.py
[2024-05-26T09:13:01.953+0000] {processor.py:830} INFO - Processing file /usr/local/python/3.10.13/lib/python3.10/site-packages/airflow/example_dags/example_time_delta_sensor_async.py for tasks to queue
[2024-05-26T09:13:01.954+0000] {logging_mixin.py:188} INFO - [2024-05-26T09:13:01.954+0000] {dagbag.py:545} INFO - Filling up the DagBag from /usr/local/python/3.10.13/lib/python3.10/site-packages/airflow/example_dags/example_time_delta_sensor_async.py
[2024-05-26T09:13:01.958+0000] {processor.py:840} INFO - DAG(s) 'example_time_delta_sensor_async' retrieved from /usr/local/python/3.10.13/lib/python3.10/site-packages/airflow/example_dags/example_time_delta_sensor_async.py
[2024-05-26T09:13:01.969+0000] {logging_mixin.py:188} INFO - [2024-05-26T09:13:01.969+0000] {dag.py:3096} INFO - Sync 1 DAGs
[2024-05-26T09:13:01.978+0000] {logging_mixin.py:188} INFO - [2024-05-26T09:13:01.977+0000] {dag.py:3954} INFO - Setting next_dagrun for example_time_delta_sensor_async to None, run_after=None
[2024-05-26T09:13:02.018+0000] {processor.py:183} INFO - Processing /usr/local/python/3.10.13/lib/python3.10/site-packages/airflow/example_dags/example_time_delta_sensor_async.py took 0.071 seconds
[2024-05-26T09:13:43.940+0000] {processor.py:161} INFO - Started process (PID=41605) to work on /usr/local/python/3.10.13/lib/python3.10/site-packages/airflow/example_dags/example_time_delta_sensor_async.py
[2024-05-26T09:13:43.941+0000] {processor.py:830} INFO - Processing file /usr/local/python/3.10.13/lib/python3.10/site-packages/airflow/example_dags/example_time_delta_sensor_async.py for tasks to queue
[2024-05-26T09:13:43.942+0000] {logging_mixin.py:188} INFO - [2024-05-26T09:13:43.942+0000] {dagbag.py:545} INFO - Filling up the DagBag from /usr/local/python/3.10.13/lib/python3.10/site-packages/airflow/example_dags/example_time_delta_sensor_async.py
[2024-05-26T09:13:43.946+0000] {processor.py:840} INFO - DAG(s) 'example_time_delta_sensor_async' retrieved from /usr/local/python/3.10.13/lib/python3.10/site-packages/airflow/example_dags/example_time_delta_sensor_async.py
[2024-05-26T09:13:43.958+0000] {logging_mixin.py:188} INFO - [2024-05-26T09:13:43.958+0000] {dag.py:3096} INFO - Sync 1 DAGs
[2024-05-26T09:13:43.967+0000] {logging_mixin.py:188} INFO - [2024-05-26T09:13:43.967+0000] {dag.py:3954} INFO - Setting next_dagrun for example_time_delta_sensor_async to None, run_after=None
[2024-05-26T09:13:44.005+0000] {processor.py:183} INFO - Processing /usr/local/python/3.10.13/lib/python3.10/site-packages/airflow/example_dags/example_time_delta_sensor_async.py took 0.070 seconds
[2024-05-26T09:14:27.611+0000] {processor.py:161} INFO - Started process (PID=41905) to work on /usr/local/python/3.10.13/lib/python3.10/site-packages/airflow/example_dags/example_time_delta_sensor_async.py
[2024-05-26T09:14:27.612+0000] {processor.py:830} INFO - Processing file /usr/local/python/3.10.13/lib/python3.10/site-packages/airflow/example_dags/example_time_delta_sensor_async.py for tasks to queue
[2024-05-26T09:14:27.613+0000] {logging_mixin.py:188} INFO - [2024-05-26T09:14:27.613+0000] {dagbag.py:545} INFO - Filling up the DagBag from /usr/local/python/3.10.13/lib/python3.10/site-packages/airflow/example_dags/example_time_delta_sensor_async.py
[2024-05-26T09:14:27.617+0000] {processor.py:840} INFO - DAG(s) 'example_time_delta_sensor_async' retrieved from /usr/local/python/3.10.13/lib/python3.10/site-packages/airflow/example_dags/example_time_delta_sensor_async.py
[2024-05-26T09:14:27.628+0000] {logging_mixin.py:188} INFO - [2024-05-26T09:14:27.628+0000] {dag.py:3096} INFO - Sync 1 DAGs
[2024-05-26T09:14:27.637+0000] {logging_mixin.py:188} INFO - [2024-05-26T09:14:27.637+0000] {dag.py:3954} INFO - Setting next_dagrun for example_time_delta_sensor_async to None, run_after=None
[2024-05-26T09:14:27.677+0000] {processor.py:183} INFO - Processing /usr/local/python/3.10.13/lib/python3.10/site-packages/airflow/example_dags/example_time_delta_sensor_async.py took 0.070 seconds
[2024-05-26T09:15:11.805+0000] {processor.py:161} INFO - Started process (PID=42201) to work on /usr/local/python/3.10.13/lib/python3.10/site-packages/airflow/example_dags/example_time_delta_sensor_async.py
[2024-05-26T09:15:11.806+0000] {processor.py:830} INFO - Processing file /usr/local/python/3.10.13/lib/python3.10/site-packages/airflow/example_dags/example_time_delta_sensor_async.py for tasks to queue
[2024-05-26T09:15:11.807+0000] {logging_mixin.py:188} INFO - [2024-05-26T09:15:11.807+0000] {dagbag.py:545} INFO - Filling up the DagBag from /usr/local/python/3.10.13/lib/python3.10/site-packages/airflow/example_dags/example_time_delta_sensor_async.py
[2024-05-26T09:15:11.811+0000] {processor.py:840} INFO - DAG(s) 'example_time_delta_sensor_async' retrieved from /usr/local/python/3.10.13/lib/python3.10/site-packages/airflow/example_dags/example_time_delta_sensor_async.py
[2024-05-26T09:15:11.822+0000] {logging_mixin.py:188} INFO - [2024-05-26T09:15:11.822+0000] {dag.py:3096} INFO - Sync 1 DAGs
[2024-05-26T09:15:11.831+0000] {logging_mixin.py:188} INFO - [2024-05-26T09:15:11.831+0000] {dag.py:3954} INFO - Setting next_dagrun for example_time_delta_sensor_async to None, run_after=None
[2024-05-26T09:15:11.869+0000] {processor.py:183} INFO - Processing /usr/local/python/3.10.13/lib/python3.10/site-packages/airflow/example_dags/example_time_delta_sensor_async.py took 0.068 seconds
[2024-05-26T09:15:53.057+0000] {processor.py:161} INFO - Started process (PID=42483) to work on /usr/local/python/3.10.13/lib/python3.10/site-packages/airflow/example_dags/example_time_delta_sensor_async.py
[2024-05-26T09:15:53.058+0000] {processor.py:830} INFO - Processing file /usr/local/python/3.10.13/lib/python3.10/site-packages/airflow/example_dags/example_time_delta_sensor_async.py for tasks to queue
[2024-05-26T09:15:53.059+0000] {logging_mixin.py:188} INFO - [2024-05-26T09:15:53.059+0000] {dagbag.py:545} INFO - Filling up the DagBag from /usr/local/python/3.10.13/lib/python3.10/site-packages/airflow/example_dags/example_time_delta_sensor_async.py
[2024-05-26T09:15:53.063+0000] {processor.py:840} INFO - DAG(s) 'example_time_delta_sensor_async' retrieved from /usr/local/python/3.10.13/lib/python3.10/site-packages/airflow/example_dags/example_time_delta_sensor_async.py
[2024-05-26T09:15:53.074+0000] {logging_mixin.py:188} INFO - [2024-05-26T09:15:53.074+0000] {dag.py:3096} INFO - Sync 1 DAGs
[2024-05-26T09:15:53.083+0000] {logging_mixin.py:188} INFO - [2024-05-26T09:15:53.083+0000] {dag.py:3954} INFO - Setting next_dagrun for example_time_delta_sensor_async to None, run_after=None
[2024-05-26T09:15:53.131+0000] {processor.py:183} INFO - Processing /usr/local/python/3.10.13/lib/python3.10/site-packages/airflow/example_dags/example_time_delta_sensor_async.py took 0.080 seconds
[2024-05-26T09:16:34.288+0000] {processor.py:161} INFO - Started process (PID=42792) to work on /usr/local/python/3.10.13/lib/python3.10/site-packages/airflow/example_dags/example_time_delta_sensor_async.py
[2024-05-26T09:16:34.289+0000] {processor.py:830} INFO - Processing file /usr/local/python/3.10.13/lib/python3.10/site-packages/airflow/example_dags/example_time_delta_sensor_async.py for tasks to queue
[2024-05-26T09:16:34.290+0000] {logging_mixin.py:188} INFO - [2024-05-26T09:16:34.290+0000] {dagbag.py:545} INFO - Filling up the DagBag from /usr/local/python/3.10.13/lib/python3.10/site-packages/airflow/example_dags/example_time_delta_sensor_async.py
[2024-05-26T09:16:34.296+0000] {processor.py:840} INFO - DAG(s) 'example_time_delta_sensor_async' retrieved from /usr/local/python/3.10.13/lib/python3.10/site-packages/airflow/example_dags/example_time_delta_sensor_async.py
[2024-05-26T09:16:34.313+0000] {logging_mixin.py:188} INFO - [2024-05-26T09:16:34.313+0000] {dag.py:3096} INFO - Sync 1 DAGs
[2024-05-26T09:16:34.326+0000] {logging_mixin.py:188} INFO - [2024-05-26T09:16:34.326+0000] {dag.py:3954} INFO - Setting next_dagrun for example_time_delta_sensor_async to None, run_after=None
[2024-05-26T09:16:34.367+0000] {processor.py:183} INFO - Processing /usr/local/python/3.10.13/lib/python3.10/site-packages/airflow/example_dags/example_time_delta_sensor_async.py took 0.084 seconds
[2024-05-26T09:17:16.369+0000] {processor.py:161} INFO - Started process (PID=43084) to work on /usr/local/python/3.10.13/lib/python3.10/site-packages/airflow/example_dags/example_time_delta_sensor_async.py
[2024-05-26T09:17:16.370+0000] {processor.py:830} INFO - Processing file /usr/local/python/3.10.13/lib/python3.10/site-packages/airflow/example_dags/example_time_delta_sensor_async.py for tasks to queue
[2024-05-26T09:17:16.371+0000] {logging_mixin.py:188} INFO - [2024-05-26T09:17:16.370+0000] {dagbag.py:545} INFO - Filling up the DagBag from /usr/local/python/3.10.13/lib/python3.10/site-packages/airflow/example_dags/example_time_delta_sensor_async.py
[2024-05-26T09:17:16.375+0000] {processor.py:840} INFO - DAG(s) 'example_time_delta_sensor_async' retrieved from /usr/local/python/3.10.13/lib/python3.10/site-packages/airflow/example_dags/example_time_delta_sensor_async.py
[2024-05-26T09:17:16.386+0000] {logging_mixin.py:188} INFO - [2024-05-26T09:17:16.386+0000] {dag.py:3096} INFO - Sync 1 DAGs
[2024-05-26T09:17:16.395+0000] {logging_mixin.py:188} INFO - [2024-05-26T09:17:16.395+0000] {dag.py:3954} INFO - Setting next_dagrun for example_time_delta_sensor_async to None, run_after=None
[2024-05-26T09:17:16.432+0000] {processor.py:183} INFO - Processing /usr/local/python/3.10.13/lib/python3.10/site-packages/airflow/example_dags/example_time_delta_sensor_async.py took 0.068 seconds
[2024-05-26T09:17:59.962+0000] {processor.py:161} INFO - Started process (PID=43379) to work on /usr/local/python/3.10.13/lib/python3.10/site-packages/airflow/example_dags/example_time_delta_sensor_async.py
[2024-05-26T09:17:59.962+0000] {processor.py:830} INFO - Processing file /usr/local/python/3.10.13/lib/python3.10/site-packages/airflow/example_dags/example_time_delta_sensor_async.py for tasks to queue
[2024-05-26T09:17:59.964+0000] {logging_mixin.py:188} INFO - [2024-05-26T09:17:59.963+0000] {dagbag.py:545} INFO - Filling up the DagBag from /usr/local/python/3.10.13/lib/python3.10/site-packages/airflow/example_dags/example_time_delta_sensor_async.py
[2024-05-26T09:17:59.967+0000] {processor.py:840} INFO - DAG(s) 'example_time_delta_sensor_async' retrieved from /usr/local/python/3.10.13/lib/python3.10/site-packages/airflow/example_dags/example_time_delta_sensor_async.py
[2024-05-26T09:17:59.979+0000] {logging_mixin.py:188} INFO - [2024-05-26T09:17:59.979+0000] {dag.py:3096} INFO - Sync 1 DAGs
[2024-05-26T09:17:59.988+0000] {logging_mixin.py:188} INFO - [2024-05-26T09:17:59.988+0000] {dag.py:3954} INFO - Setting next_dagrun for example_time_delta_sensor_async to None, run_after=None
[2024-05-26T09:18:00.032+0000] {processor.py:183} INFO - Processing /usr/local/python/3.10.13/lib/python3.10/site-packages/airflow/example_dags/example_time_delta_sensor_async.py took 0.075 seconds
[2024-05-26T09:18:42.633+0000] {processor.py:161} INFO - Started process (PID=43673) to work on /usr/local/python/3.10.13/lib/python3.10/site-packages/airflow/example_dags/example_time_delta_sensor_async.py
[2024-05-26T09:18:42.634+0000] {processor.py:830} INFO - Processing file /usr/local/python/3.10.13/lib/python3.10/site-packages/airflow/example_dags/example_time_delta_sensor_async.py for tasks to queue
[2024-05-26T09:18:42.635+0000] {logging_mixin.py:188} INFO - [2024-05-26T09:18:42.634+0000] {dagbag.py:545} INFO - Filling up the DagBag from /usr/local/python/3.10.13/lib/python3.10/site-packages/airflow/example_dags/example_time_delta_sensor_async.py
[2024-05-26T09:18:42.638+0000] {processor.py:840} INFO - DAG(s) 'example_time_delta_sensor_async' retrieved from /usr/local/python/3.10.13/lib/python3.10/site-packages/airflow/example_dags/example_time_delta_sensor_async.py
[2024-05-26T09:18:42.651+0000] {logging_mixin.py:188} INFO - [2024-05-26T09:18:42.651+0000] {dag.py:3096} INFO - Sync 1 DAGs
[2024-05-26T09:18:42.660+0000] {logging_mixin.py:188} INFO - [2024-05-26T09:18:42.660+0000] {dag.py:3954} INFO - Setting next_dagrun for example_time_delta_sensor_async to None, run_after=None
[2024-05-26T09:18:42.700+0000] {processor.py:183} INFO - Processing /usr/local/python/3.10.13/lib/python3.10/site-packages/airflow/example_dags/example_time_delta_sensor_async.py took 0.072 seconds
[2024-05-26T09:19:23.399+0000] {processor.py:161} INFO - Started process (PID=44010) to work on /usr/local/python/3.10.13/lib/python3.10/site-packages/airflow/example_dags/example_time_delta_sensor_async.py
[2024-05-26T09:19:23.400+0000] {processor.py:830} INFO - Processing file /usr/local/python/3.10.13/lib/python3.10/site-packages/airflow/example_dags/example_time_delta_sensor_async.py for tasks to queue
[2024-05-26T09:19:23.401+0000] {logging_mixin.py:188} INFO - [2024-05-26T09:19:23.401+0000] {dagbag.py:545} INFO - Filling up the DagBag from /usr/local/python/3.10.13/lib/python3.10/site-packages/airflow/example_dags/example_time_delta_sensor_async.py
[2024-05-26T09:19:23.405+0000] {processor.py:840} INFO - DAG(s) 'example_time_delta_sensor_async' retrieved from /usr/local/python/3.10.13/lib/python3.10/site-packages/airflow/example_dags/example_time_delta_sensor_async.py
[2024-05-26T09:19:23.417+0000] {logging_mixin.py:188} INFO - [2024-05-26T09:19:23.417+0000] {dag.py:3096} INFO - Sync 1 DAGs
[2024-05-26T09:19:23.426+0000] {logging_mixin.py:188} INFO - [2024-05-26T09:19:23.426+0000] {dag.py:3954} INFO - Setting next_dagrun for example_time_delta_sensor_async to None, run_after=None
[2024-05-26T09:19:23.465+0000] {processor.py:183} INFO - Processing /usr/local/python/3.10.13/lib/python3.10/site-packages/airflow/example_dags/example_time_delta_sensor_async.py took 0.071 seconds
[2024-05-26T09:20:08.172+0000] {processor.py:161} INFO - Started process (PID=44340) to work on /usr/local/python/3.10.13/lib/python3.10/site-packages/airflow/example_dags/example_time_delta_sensor_async.py
[2024-05-26T09:20:08.173+0000] {processor.py:830} INFO - Processing file /usr/local/python/3.10.13/lib/python3.10/site-packages/airflow/example_dags/example_time_delta_sensor_async.py for tasks to queue
[2024-05-26T09:20:08.175+0000] {logging_mixin.py:188} INFO - [2024-05-26T09:20:08.174+0000] {dagbag.py:545} INFO - Filling up the DagBag from /usr/local/python/3.10.13/lib/python3.10/site-packages/airflow/example_dags/example_time_delta_sensor_async.py
[2024-05-26T09:20:08.180+0000] {processor.py:840} INFO - DAG(s) 'example_time_delta_sensor_async' retrieved from /usr/local/python/3.10.13/lib/python3.10/site-packages/airflow/example_dags/example_time_delta_sensor_async.py
[2024-05-26T09:20:08.196+0000] {logging_mixin.py:188} INFO - [2024-05-26T09:20:08.196+0000] {dag.py:3096} INFO - Sync 1 DAGs
[2024-05-26T09:20:08.211+0000] {logging_mixin.py:188} INFO - [2024-05-26T09:20:08.211+0000] {dag.py:3954} INFO - Setting next_dagrun for example_time_delta_sensor_async to None, run_after=None
[2024-05-26T09:20:08.268+0000] {processor.py:183} INFO - Processing /usr/local/python/3.10.13/lib/python3.10/site-packages/airflow/example_dags/example_time_delta_sensor_async.py took 0.102 seconds
[2024-05-26T09:20:48.523+0000] {processor.py:161} INFO - Started process (PID=44623) to work on /usr/local/python/3.10.13/lib/python3.10/site-packages/airflow/example_dags/example_time_delta_sensor_async.py
[2024-05-26T09:20:48.523+0000] {processor.py:830} INFO - Processing file /usr/local/python/3.10.13/lib/python3.10/site-packages/airflow/example_dags/example_time_delta_sensor_async.py for tasks to queue
[2024-05-26T09:20:48.525+0000] {logging_mixin.py:188} INFO - [2024-05-26T09:20:48.524+0000] {dagbag.py:545} INFO - Filling up the DagBag from /usr/local/python/3.10.13/lib/python3.10/site-packages/airflow/example_dags/example_time_delta_sensor_async.py
[2024-05-26T09:20:48.528+0000] {processor.py:840} INFO - DAG(s) 'example_time_delta_sensor_async' retrieved from /usr/local/python/3.10.13/lib/python3.10/site-packages/airflow/example_dags/example_time_delta_sensor_async.py
[2024-05-26T09:20:48.540+0000] {logging_mixin.py:188} INFO - [2024-05-26T09:20:48.540+0000] {dag.py:3096} INFO - Sync 1 DAGs
[2024-05-26T09:20:48.549+0000] {logging_mixin.py:188} INFO - [2024-05-26T09:20:48.549+0000] {dag.py:3954} INFO - Setting next_dagrun for example_time_delta_sensor_async to None, run_after=None
[2024-05-26T09:20:48.589+0000] {processor.py:183} INFO - Processing /usr/local/python/3.10.13/lib/python3.10/site-packages/airflow/example_dags/example_time_delta_sensor_async.py took 0.070 seconds
[2024-05-26T09:21:31.113+0000] {processor.py:161} INFO - Started process (PID=44916) to work on /usr/local/python/3.10.13/lib/python3.10/site-packages/airflow/example_dags/example_time_delta_sensor_async.py
[2024-05-26T09:21:31.113+0000] {processor.py:830} INFO - Processing file /usr/local/python/3.10.13/lib/python3.10/site-packages/airflow/example_dags/example_time_delta_sensor_async.py for tasks to queue
[2024-05-26T09:21:31.114+0000] {logging_mixin.py:188} INFO - [2024-05-26T09:21:31.114+0000] {dagbag.py:545} INFO - Filling up the DagBag from /usr/local/python/3.10.13/lib/python3.10/site-packages/airflow/example_dags/example_time_delta_sensor_async.py
[2024-05-26T09:21:31.118+0000] {processor.py:840} INFO - DAG(s) 'example_time_delta_sensor_async' retrieved from /usr/local/python/3.10.13/lib/python3.10/site-packages/airflow/example_dags/example_time_delta_sensor_async.py
[2024-05-26T09:21:31.129+0000] {logging_mixin.py:188} INFO - [2024-05-26T09:21:31.129+0000] {dag.py:3096} INFO - Sync 1 DAGs
[2024-05-26T09:21:31.139+0000] {logging_mixin.py:188} INFO - [2024-05-26T09:21:31.139+0000] {dag.py:3954} INFO - Setting next_dagrun for example_time_delta_sensor_async to None, run_after=None
[2024-05-26T09:21:31.180+0000] {processor.py:183} INFO - Processing /usr/local/python/3.10.13/lib/python3.10/site-packages/airflow/example_dags/example_time_delta_sensor_async.py took 0.073 seconds
[2024-05-26T09:22:13.209+0000] {processor.py:161} INFO - Started process (PID=45202) to work on /usr/local/python/3.10.13/lib/python3.10/site-packages/airflow/example_dags/example_time_delta_sensor_async.py
[2024-05-26T09:22:13.210+0000] {processor.py:830} INFO - Processing file /usr/local/python/3.10.13/lib/python3.10/site-packages/airflow/example_dags/example_time_delta_sensor_async.py for tasks to queue
[2024-05-26T09:22:13.211+0000] {logging_mixin.py:188} INFO - [2024-05-26T09:22:13.211+0000] {dagbag.py:545} INFO - Filling up the DagBag from /usr/local/python/3.10.13/lib/python3.10/site-packages/airflow/example_dags/example_time_delta_sensor_async.py
[2024-05-26T09:22:13.215+0000] {processor.py:840} INFO - DAG(s) 'example_time_delta_sensor_async' retrieved from /usr/local/python/3.10.13/lib/python3.10/site-packages/airflow/example_dags/example_time_delta_sensor_async.py
[2024-05-26T09:22:13.227+0000] {logging_mixin.py:188} INFO - [2024-05-26T09:22:13.227+0000] {dag.py:3096} INFO - Sync 1 DAGs
[2024-05-26T09:22:13.237+0000] {logging_mixin.py:188} INFO - [2024-05-26T09:22:13.237+0000] {dag.py:3954} INFO - Setting next_dagrun for example_time_delta_sensor_async to None, run_after=None
[2024-05-26T09:22:13.274+0000] {processor.py:183} INFO - Processing /usr/local/python/3.10.13/lib/python3.10/site-packages/airflow/example_dags/example_time_delta_sensor_async.py took 0.070 seconds
[2024-05-26T09:22:52.183+0000] {processor.py:161} INFO - Started process (PID=45475) to work on /usr/local/python/3.10.13/lib/python3.10/site-packages/airflow/example_dags/example_time_delta_sensor_async.py
[2024-05-26T09:22:52.184+0000] {processor.py:830} INFO - Processing file /usr/local/python/3.10.13/lib/python3.10/site-packages/airflow/example_dags/example_time_delta_sensor_async.py for tasks to queue
[2024-05-26T09:22:52.185+0000] {logging_mixin.py:188} INFO - [2024-05-26T09:22:52.185+0000] {dagbag.py:545} INFO - Filling up the DagBag from /usr/local/python/3.10.13/lib/python3.10/site-packages/airflow/example_dags/example_time_delta_sensor_async.py
[2024-05-26T09:22:52.189+0000] {processor.py:840} INFO - DAG(s) 'example_time_delta_sensor_async' retrieved from /usr/local/python/3.10.13/lib/python3.10/site-packages/airflow/example_dags/example_time_delta_sensor_async.py
[2024-05-26T09:22:52.201+0000] {logging_mixin.py:188} INFO - [2024-05-26T09:22:52.201+0000] {dag.py:3096} INFO - Sync 1 DAGs
[2024-05-26T09:22:52.210+0000] {logging_mixin.py:188} INFO - [2024-05-26T09:22:52.210+0000] {dag.py:3954} INFO - Setting next_dagrun for example_time_delta_sensor_async to None, run_after=None
[2024-05-26T09:22:52.247+0000] {processor.py:183} INFO - Processing /usr/local/python/3.10.13/lib/python3.10/site-packages/airflow/example_dags/example_time_delta_sensor_async.py took 0.068 seconds
[2024-05-26T09:23:33.917+0000] {processor.py:161} INFO - Started process (PID=45762) to work on /usr/local/python/3.10.13/lib/python3.10/site-packages/airflow/example_dags/example_time_delta_sensor_async.py
[2024-05-26T09:23:33.917+0000] {processor.py:830} INFO - Processing file /usr/local/python/3.10.13/lib/python3.10/site-packages/airflow/example_dags/example_time_delta_sensor_async.py for tasks to queue
[2024-05-26T09:23:33.918+0000] {logging_mixin.py:188} INFO - [2024-05-26T09:23:33.918+0000] {dagbag.py:545} INFO - Filling up the DagBag from /usr/local/python/3.10.13/lib/python3.10/site-packages/airflow/example_dags/example_time_delta_sensor_async.py
[2024-05-26T09:23:33.922+0000] {processor.py:840} INFO - DAG(s) 'example_time_delta_sensor_async' retrieved from /usr/local/python/3.10.13/lib/python3.10/site-packages/airflow/example_dags/example_time_delta_sensor_async.py
[2024-05-26T09:23:33.933+0000] {logging_mixin.py:188} INFO - [2024-05-26T09:23:33.933+0000] {dag.py:3096} INFO - Sync 1 DAGs
[2024-05-26T09:23:33.943+0000] {logging_mixin.py:188} INFO - [2024-05-26T09:23:33.943+0000] {dag.py:3954} INFO - Setting next_dagrun for example_time_delta_sensor_async to None, run_after=None
[2024-05-26T09:23:33.980+0000] {processor.py:183} INFO - Processing /usr/local/python/3.10.13/lib/python3.10/site-packages/airflow/example_dags/example_time_delta_sensor_async.py took 0.068 seconds
[2024-05-26T09:24:16.479+0000] {processor.py:161} INFO - Started process (PID=46053) to work on /usr/local/python/3.10.13/lib/python3.10/site-packages/airflow/example_dags/example_time_delta_sensor_async.py
[2024-05-26T09:24:16.480+0000] {processor.py:830} INFO - Processing file /usr/local/python/3.10.13/lib/python3.10/site-packages/airflow/example_dags/example_time_delta_sensor_async.py for tasks to queue
[2024-05-26T09:24:16.482+0000] {logging_mixin.py:188} INFO - [2024-05-26T09:24:16.482+0000] {dagbag.py:545} INFO - Filling up the DagBag from /usr/local/python/3.10.13/lib/python3.10/site-packages/airflow/example_dags/example_time_delta_sensor_async.py
[2024-05-26T09:24:16.487+0000] {processor.py:840} INFO - DAG(s) 'example_time_delta_sensor_async' retrieved from /usr/local/python/3.10.13/lib/python3.10/site-packages/airflow/example_dags/example_time_delta_sensor_async.py
[2024-05-26T09:24:16.504+0000] {logging_mixin.py:188} INFO - [2024-05-26T09:24:16.504+0000] {dag.py:3096} INFO - Sync 1 DAGs
[2024-05-26T09:24:16.513+0000] {logging_mixin.py:188} INFO - [2024-05-26T09:24:16.513+0000] {dag.py:3954} INFO - Setting next_dagrun for example_time_delta_sensor_async to None, run_after=None
[2024-05-26T09:24:16.552+0000] {processor.py:183} INFO - Processing /usr/local/python/3.10.13/lib/python3.10/site-packages/airflow/example_dags/example_time_delta_sensor_async.py took 0.080 seconds
[2024-05-26T09:24:56.671+0000] {processor.py:161} INFO - Started process (PID=46338) to work on /usr/local/python/3.10.13/lib/python3.10/site-packages/airflow/example_dags/example_time_delta_sensor_async.py
[2024-05-26T09:24:56.672+0000] {processor.py:830} INFO - Processing file /usr/local/python/3.10.13/lib/python3.10/site-packages/airflow/example_dags/example_time_delta_sensor_async.py for tasks to queue
[2024-05-26T09:24:56.673+0000] {logging_mixin.py:188} INFO - [2024-05-26T09:24:56.673+0000] {dagbag.py:545} INFO - Filling up the DagBag from /usr/local/python/3.10.13/lib/python3.10/site-packages/airflow/example_dags/example_time_delta_sensor_async.py
[2024-05-26T09:24:56.677+0000] {processor.py:840} INFO - DAG(s) 'example_time_delta_sensor_async' retrieved from /usr/local/python/3.10.13/lib/python3.10/site-packages/airflow/example_dags/example_time_delta_sensor_async.py
[2024-05-26T09:24:56.688+0000] {logging_mixin.py:188} INFO - [2024-05-26T09:24:56.688+0000] {dag.py:3096} INFO - Sync 1 DAGs
[2024-05-26T09:24:56.696+0000] {logging_mixin.py:188} INFO - [2024-05-26T09:24:56.696+0000] {dag.py:3954} INFO - Setting next_dagrun for example_time_delta_sensor_async to None, run_after=None
[2024-05-26T09:24:56.736+0000] {processor.py:183} INFO - Processing /usr/local/python/3.10.13/lib/python3.10/site-packages/airflow/example_dags/example_time_delta_sensor_async.py took 0.069 seconds
[2024-05-26T09:25:37.956+0000] {processor.py:161} INFO - Started process (PID=46628) to work on /usr/local/python/3.10.13/lib/python3.10/site-packages/airflow/example_dags/example_time_delta_sensor_async.py
[2024-05-26T09:25:37.957+0000] {processor.py:830} INFO - Processing file /usr/local/python/3.10.13/lib/python3.10/site-packages/airflow/example_dags/example_time_delta_sensor_async.py for tasks to queue
[2024-05-26T09:25:37.958+0000] {logging_mixin.py:188} INFO - [2024-05-26T09:25:37.958+0000] {dagbag.py:545} INFO - Filling up the DagBag from /usr/local/python/3.10.13/lib/python3.10/site-packages/airflow/example_dags/example_time_delta_sensor_async.py
[2024-05-26T09:25:37.962+0000] {processor.py:840} INFO - DAG(s) 'example_time_delta_sensor_async' retrieved from /usr/local/python/3.10.13/lib/python3.10/site-packages/airflow/example_dags/example_time_delta_sensor_async.py
[2024-05-26T09:25:37.974+0000] {logging_mixin.py:188} INFO - [2024-05-26T09:25:37.973+0000] {dag.py:3096} INFO - Sync 1 DAGs
[2024-05-26T09:25:37.983+0000] {logging_mixin.py:188} INFO - [2024-05-26T09:25:37.983+0000] {dag.py:3954} INFO - Setting next_dagrun for example_time_delta_sensor_async to None, run_after=None
[2024-05-26T09:25:38.020+0000] {processor.py:183} INFO - Processing /usr/local/python/3.10.13/lib/python3.10/site-packages/airflow/example_dags/example_time_delta_sensor_async.py took 0.069 seconds
[2024-05-26T09:26:19.475+0000] {processor.py:161} INFO - Started process (PID=46937) to work on /usr/local/python/3.10.13/lib/python3.10/site-packages/airflow/example_dags/example_time_delta_sensor_async.py
[2024-05-26T09:26:19.476+0000] {processor.py:830} INFO - Processing file /usr/local/python/3.10.13/lib/python3.10/site-packages/airflow/example_dags/example_time_delta_sensor_async.py for tasks to queue
[2024-05-26T09:26:19.477+0000] {logging_mixin.py:188} INFO - [2024-05-26T09:26:19.477+0000] {dagbag.py:545} INFO - Filling up the DagBag from /usr/local/python/3.10.13/lib/python3.10/site-packages/airflow/example_dags/example_time_delta_sensor_async.py
[2024-05-26T09:26:19.481+0000] {processor.py:840} INFO - DAG(s) 'example_time_delta_sensor_async' retrieved from /usr/local/python/3.10.13/lib/python3.10/site-packages/airflow/example_dags/example_time_delta_sensor_async.py
[2024-05-26T09:26:19.492+0000] {logging_mixin.py:188} INFO - [2024-05-26T09:26:19.492+0000] {dag.py:3096} INFO - Sync 1 DAGs
[2024-05-26T09:26:19.501+0000] {logging_mixin.py:188} INFO - [2024-05-26T09:26:19.500+0000] {dag.py:3954} INFO - Setting next_dagrun for example_time_delta_sensor_async to None, run_after=None
[2024-05-26T09:26:19.537+0000] {processor.py:183} INFO - Processing /usr/local/python/3.10.13/lib/python3.10/site-packages/airflow/example_dags/example_time_delta_sensor_async.py took 0.067 seconds
[2024-05-26T09:27:00.765+0000] {processor.py:161} INFO - Started process (PID=47251) to work on /usr/local/python/3.10.13/lib/python3.10/site-packages/airflow/example_dags/example_time_delta_sensor_async.py
[2024-05-26T09:27:00.766+0000] {processor.py:830} INFO - Processing file /usr/local/python/3.10.13/lib/python3.10/site-packages/airflow/example_dags/example_time_delta_sensor_async.py for tasks to queue
[2024-05-26T09:27:00.767+0000] {logging_mixin.py:188} INFO - [2024-05-26T09:27:00.767+0000] {dagbag.py:545} INFO - Filling up the DagBag from /usr/local/python/3.10.13/lib/python3.10/site-packages/airflow/example_dags/example_time_delta_sensor_async.py
[2024-05-26T09:27:00.771+0000] {processor.py:840} INFO - DAG(s) 'example_time_delta_sensor_async' retrieved from /usr/local/python/3.10.13/lib/python3.10/site-packages/airflow/example_dags/example_time_delta_sensor_async.py
[2024-05-26T09:27:00.782+0000] {logging_mixin.py:188} INFO - [2024-05-26T09:27:00.782+0000] {dag.py:3096} INFO - Sync 1 DAGs
[2024-05-26T09:27:00.791+0000] {logging_mixin.py:188} INFO - [2024-05-26T09:27:00.791+0000] {dag.py:3954} INFO - Setting next_dagrun for example_time_delta_sensor_async to None, run_after=None
[2024-05-26T09:27:00.829+0000] {processor.py:183} INFO - Processing /usr/local/python/3.10.13/lib/python3.10/site-packages/airflow/example_dags/example_time_delta_sensor_async.py took 0.068 seconds
[2024-05-26T09:27:41.115+0000] {processor.py:161} INFO - Started process (PID=47526) to work on /usr/local/python/3.10.13/lib/python3.10/site-packages/airflow/example_dags/example_time_delta_sensor_async.py
[2024-05-26T09:27:41.116+0000] {processor.py:830} INFO - Processing file /usr/local/python/3.10.13/lib/python3.10/site-packages/airflow/example_dags/example_time_delta_sensor_async.py for tasks to queue
[2024-05-26T09:27:41.117+0000] {logging_mixin.py:188} INFO - [2024-05-26T09:27:41.117+0000] {dagbag.py:545} INFO - Filling up the DagBag from /usr/local/python/3.10.13/lib/python3.10/site-packages/airflow/example_dags/example_time_delta_sensor_async.py
[2024-05-26T09:27:41.121+0000] {processor.py:840} INFO - DAG(s) 'example_time_delta_sensor_async' retrieved from /usr/local/python/3.10.13/lib/python3.10/site-packages/airflow/example_dags/example_time_delta_sensor_async.py
[2024-05-26T09:27:41.132+0000] {logging_mixin.py:188} INFO - [2024-05-26T09:27:41.132+0000] {dag.py:3096} INFO - Sync 1 DAGs
[2024-05-26T09:27:41.141+0000] {logging_mixin.py:188} INFO - [2024-05-26T09:27:41.141+0000] {dag.py:3954} INFO - Setting next_dagrun for example_time_delta_sensor_async to None, run_after=None
[2024-05-26T09:27:41.182+0000] {processor.py:183} INFO - Processing /usr/local/python/3.10.13/lib/python3.10/site-packages/airflow/example_dags/example_time_delta_sensor_async.py took 0.071 seconds
[2024-05-26T09:28:23.458+0000] {processor.py:161} INFO - Started process (PID=47820) to work on /usr/local/python/3.10.13/lib/python3.10/site-packages/airflow/example_dags/example_time_delta_sensor_async.py
[2024-05-26T09:28:23.459+0000] {processor.py:830} INFO - Processing file /usr/local/python/3.10.13/lib/python3.10/site-packages/airflow/example_dags/example_time_delta_sensor_async.py for tasks to queue
[2024-05-26T09:28:23.461+0000] {logging_mixin.py:188} INFO - [2024-05-26T09:28:23.460+0000] {dagbag.py:545} INFO - Filling up the DagBag from /usr/local/python/3.10.13/lib/python3.10/site-packages/airflow/example_dags/example_time_delta_sensor_async.py
[2024-05-26T09:28:23.464+0000] {processor.py:840} INFO - DAG(s) 'example_time_delta_sensor_async' retrieved from /usr/local/python/3.10.13/lib/python3.10/site-packages/airflow/example_dags/example_time_delta_sensor_async.py
[2024-05-26T09:28:23.475+0000] {logging_mixin.py:188} INFO - [2024-05-26T09:28:23.475+0000] {dag.py:3096} INFO - Sync 1 DAGs
[2024-05-26T09:28:23.484+0000] {logging_mixin.py:188} INFO - [2024-05-26T09:28:23.484+0000] {dag.py:3954} INFO - Setting next_dagrun for example_time_delta_sensor_async to None, run_after=None
[2024-05-26T09:28:23.520+0000] {processor.py:183} INFO - Processing /usr/local/python/3.10.13/lib/python3.10/site-packages/airflow/example_dags/example_time_delta_sensor_async.py took 0.066 seconds
[2024-05-26T09:29:04.177+0000] {processor.py:161} INFO - Started process (PID=48100) to work on /usr/local/python/3.10.13/lib/python3.10/site-packages/airflow/example_dags/example_time_delta_sensor_async.py
[2024-05-26T09:29:04.178+0000] {processor.py:830} INFO - Processing file /usr/local/python/3.10.13/lib/python3.10/site-packages/airflow/example_dags/example_time_delta_sensor_async.py for tasks to queue
[2024-05-26T09:29:04.179+0000] {logging_mixin.py:188} INFO - [2024-05-26T09:29:04.179+0000] {dagbag.py:545} INFO - Filling up the DagBag from /usr/local/python/3.10.13/lib/python3.10/site-packages/airflow/example_dags/example_time_delta_sensor_async.py
[2024-05-26T09:29:04.183+0000] {processor.py:840} INFO - DAG(s) 'example_time_delta_sensor_async' retrieved from /usr/local/python/3.10.13/lib/python3.10/site-packages/airflow/example_dags/example_time_delta_sensor_async.py
[2024-05-26T09:29:04.194+0000] {logging_mixin.py:188} INFO - [2024-05-26T09:29:04.194+0000] {dag.py:3096} INFO - Sync 1 DAGs
[2024-05-26T09:29:04.204+0000] {logging_mixin.py:188} INFO - [2024-05-26T09:29:04.203+0000] {dag.py:3954} INFO - Setting next_dagrun for example_time_delta_sensor_async to None, run_after=None
[2024-05-26T09:29:04.240+0000] {processor.py:183} INFO - Processing /usr/local/python/3.10.13/lib/python3.10/site-packages/airflow/example_dags/example_time_delta_sensor_async.py took 0.067 seconds
[2024-05-26T09:29:46.113+0000] {processor.py:161} INFO - Started process (PID=48387) to work on /usr/local/python/3.10.13/lib/python3.10/site-packages/airflow/example_dags/example_time_delta_sensor_async.py
[2024-05-26T09:29:46.113+0000] {processor.py:830} INFO - Processing file /usr/local/python/3.10.13/lib/python3.10/site-packages/airflow/example_dags/example_time_delta_sensor_async.py for tasks to queue
[2024-05-26T09:29:46.115+0000] {logging_mixin.py:188} INFO - [2024-05-26T09:29:46.114+0000] {dagbag.py:545} INFO - Filling up the DagBag from /usr/local/python/3.10.13/lib/python3.10/site-packages/airflow/example_dags/example_time_delta_sensor_async.py
[2024-05-26T09:29:46.119+0000] {processor.py:840} INFO - DAG(s) 'example_time_delta_sensor_async' retrieved from /usr/local/python/3.10.13/lib/python3.10/site-packages/airflow/example_dags/example_time_delta_sensor_async.py
[2024-05-26T09:29:46.130+0000] {logging_mixin.py:188} INFO - [2024-05-26T09:29:46.130+0000] {dag.py:3096} INFO - Sync 1 DAGs
[2024-05-26T09:29:46.139+0000] {logging_mixin.py:188} INFO - [2024-05-26T09:29:46.139+0000] {dag.py:3954} INFO - Setting next_dagrun for example_time_delta_sensor_async to None, run_after=None
[2024-05-26T09:29:46.175+0000] {processor.py:183} INFO - Processing /usr/local/python/3.10.13/lib/python3.10/site-packages/airflow/example_dags/example_time_delta_sensor_async.py took 0.067 seconds
[2024-05-26T09:30:26.294+0000] {processor.py:161} INFO - Started process (PID=48675) to work on /usr/local/python/3.10.13/lib/python3.10/site-packages/airflow/example_dags/example_time_delta_sensor_async.py
[2024-05-26T09:30:26.295+0000] {processor.py:830} INFO - Processing file /usr/local/python/3.10.13/lib/python3.10/site-packages/airflow/example_dags/example_time_delta_sensor_async.py for tasks to queue
[2024-05-26T09:30:26.296+0000] {logging_mixin.py:188} INFO - [2024-05-26T09:30:26.296+0000] {dagbag.py:545} INFO - Filling up the DagBag from /usr/local/python/3.10.13/lib/python3.10/site-packages/airflow/example_dags/example_time_delta_sensor_async.py
[2024-05-26T09:30:26.300+0000] {processor.py:840} INFO - DAG(s) 'example_time_delta_sensor_async' retrieved from /usr/local/python/3.10.13/lib/python3.10/site-packages/airflow/example_dags/example_time_delta_sensor_async.py
[2024-05-26T09:30:26.311+0000] {logging_mixin.py:188} INFO - [2024-05-26T09:30:26.311+0000] {dag.py:3096} INFO - Sync 1 DAGs
[2024-05-26T09:30:26.320+0000] {logging_mixin.py:188} INFO - [2024-05-26T09:30:26.320+0000] {dag.py:3954} INFO - Setting next_dagrun for example_time_delta_sensor_async to None, run_after=None
[2024-05-26T09:30:26.357+0000] {processor.py:183} INFO - Processing /usr/local/python/3.10.13/lib/python3.10/site-packages/airflow/example_dags/example_time_delta_sensor_async.py took 0.067 seconds
[2024-05-26T09:31:03.421+0000] {processor.py:161} INFO - Started process (PID=48935) to work on /usr/local/python/3.10.13/lib/python3.10/site-packages/airflow/example_dags/example_time_delta_sensor_async.py
[2024-05-26T09:31:03.422+0000] {processor.py:830} INFO - Processing file /usr/local/python/3.10.13/lib/python3.10/site-packages/airflow/example_dags/example_time_delta_sensor_async.py for tasks to queue
[2024-05-26T09:31:03.423+0000] {logging_mixin.py:188} INFO - [2024-05-26T09:31:03.423+0000] {dagbag.py:545} INFO - Filling up the DagBag from /usr/local/python/3.10.13/lib/python3.10/site-packages/airflow/example_dags/example_time_delta_sensor_async.py
[2024-05-26T09:31:03.427+0000] {processor.py:840} INFO - DAG(s) 'example_time_delta_sensor_async' retrieved from /usr/local/python/3.10.13/lib/python3.10/site-packages/airflow/example_dags/example_time_delta_sensor_async.py
[2024-05-26T09:31:03.439+0000] {logging_mixin.py:188} INFO - [2024-05-26T09:31:03.439+0000] {dag.py:3096} INFO - Sync 1 DAGs
[2024-05-26T09:31:03.448+0000] {logging_mixin.py:188} INFO - [2024-05-26T09:31:03.448+0000] {dag.py:3954} INFO - Setting next_dagrun for example_time_delta_sensor_async to None, run_after=None
[2024-05-26T09:31:03.485+0000] {processor.py:183} INFO - Processing /usr/local/python/3.10.13/lib/python3.10/site-packages/airflow/example_dags/example_time_delta_sensor_async.py took 0.069 seconds
[2024-05-26T09:31:46.173+0000] {processor.py:161} INFO - Started process (PID=49227) to work on /usr/local/python/3.10.13/lib/python3.10/site-packages/airflow/example_dags/example_time_delta_sensor_async.py
[2024-05-26T09:31:46.174+0000] {processor.py:830} INFO - Processing file /usr/local/python/3.10.13/lib/python3.10/site-packages/airflow/example_dags/example_time_delta_sensor_async.py for tasks to queue
[2024-05-26T09:31:46.175+0000] {logging_mixin.py:188} INFO - [2024-05-26T09:31:46.175+0000] {dagbag.py:545} INFO - Filling up the DagBag from /usr/local/python/3.10.13/lib/python3.10/site-packages/airflow/example_dags/example_time_delta_sensor_async.py
[2024-05-26T09:31:46.179+0000] {processor.py:840} INFO - DAG(s) 'example_time_delta_sensor_async' retrieved from /usr/local/python/3.10.13/lib/python3.10/site-packages/airflow/example_dags/example_time_delta_sensor_async.py
[2024-05-26T09:31:46.190+0000] {logging_mixin.py:188} INFO - [2024-05-26T09:31:46.190+0000] {dag.py:3096} INFO - Sync 1 DAGs
[2024-05-26T09:31:46.199+0000] {logging_mixin.py:188} INFO - [2024-05-26T09:31:46.199+0000] {dag.py:3954} INFO - Setting next_dagrun for example_time_delta_sensor_async to None, run_after=None
[2024-05-26T09:31:46.236+0000] {processor.py:183} INFO - Processing /usr/local/python/3.10.13/lib/python3.10/site-packages/airflow/example_dags/example_time_delta_sensor_async.py took 0.067 seconds
[2024-05-26T09:32:31.387+0000] {processor.py:161} INFO - Started process (PID=49557) to work on /usr/local/python/3.10.13/lib/python3.10/site-packages/airflow/example_dags/example_time_delta_sensor_async.py
[2024-05-26T09:32:31.388+0000] {processor.py:830} INFO - Processing file /usr/local/python/3.10.13/lib/python3.10/site-packages/airflow/example_dags/example_time_delta_sensor_async.py for tasks to queue
[2024-05-26T09:32:31.390+0000] {logging_mixin.py:188} INFO - [2024-05-26T09:32:31.389+0000] {dagbag.py:545} INFO - Filling up the DagBag from /usr/local/python/3.10.13/lib/python3.10/site-packages/airflow/example_dags/example_time_delta_sensor_async.py
[2024-05-26T09:32:31.396+0000] {processor.py:840} INFO - DAG(s) 'example_time_delta_sensor_async' retrieved from /usr/local/python/3.10.13/lib/python3.10/site-packages/airflow/example_dags/example_time_delta_sensor_async.py
[2024-05-26T09:32:31.409+0000] {logging_mixin.py:188} INFO - [2024-05-26T09:32:31.409+0000] {dag.py:3096} INFO - Sync 1 DAGs
[2024-05-26T09:32:31.419+0000] {logging_mixin.py:188} INFO - [2024-05-26T09:32:31.418+0000] {dag.py:3954} INFO - Setting next_dagrun for example_time_delta_sensor_async to None, run_after=None
[2024-05-26T09:32:31.466+0000] {processor.py:183} INFO - Processing /usr/local/python/3.10.13/lib/python3.10/site-packages/airflow/example_dags/example_time_delta_sensor_async.py took 0.086 seconds
[2024-05-26T09:33:10.937+0000] {processor.py:161} INFO - Started process (PID=49826) to work on /usr/local/python/3.10.13/lib/python3.10/site-packages/airflow/example_dags/example_time_delta_sensor_async.py
[2024-05-26T09:33:10.938+0000] {processor.py:830} INFO - Processing file /usr/local/python/3.10.13/lib/python3.10/site-packages/airflow/example_dags/example_time_delta_sensor_async.py for tasks to queue
[2024-05-26T09:33:10.940+0000] {logging_mixin.py:188} INFO - [2024-05-26T09:33:10.939+0000] {dagbag.py:545} INFO - Filling up the DagBag from /usr/local/python/3.10.13/lib/python3.10/site-packages/airflow/example_dags/example_time_delta_sensor_async.py
[2024-05-26T09:33:10.946+0000] {processor.py:840} INFO - DAG(s) 'example_time_delta_sensor_async' retrieved from /usr/local/python/3.10.13/lib/python3.10/site-packages/airflow/example_dags/example_time_delta_sensor_async.py
[2024-05-26T09:33:10.966+0000] {logging_mixin.py:188} INFO - [2024-05-26T09:33:10.966+0000] {dag.py:3096} INFO - Sync 1 DAGs
[2024-05-26T09:33:10.978+0000] {logging_mixin.py:188} INFO - [2024-05-26T09:33:10.978+0000] {dag.py:3954} INFO - Setting next_dagrun for example_time_delta_sensor_async to None, run_after=None
[2024-05-26T09:33:11.024+0000] {processor.py:183} INFO - Processing /usr/local/python/3.10.13/lib/python3.10/site-packages/airflow/example_dags/example_time_delta_sensor_async.py took 0.093 seconds
[2024-05-26T09:33:48.593+0000] {processor.py:161} INFO - Started process (PID=50097) to work on /usr/local/python/3.10.13/lib/python3.10/site-packages/airflow/example_dags/example_time_delta_sensor_async.py
[2024-05-26T09:33:48.594+0000] {processor.py:830} INFO - Processing file /usr/local/python/3.10.13/lib/python3.10/site-packages/airflow/example_dags/example_time_delta_sensor_async.py for tasks to queue
[2024-05-26T09:33:48.596+0000] {logging_mixin.py:188} INFO - [2024-05-26T09:33:48.595+0000] {dagbag.py:545} INFO - Filling up the DagBag from /usr/local/python/3.10.13/lib/python3.10/site-packages/airflow/example_dags/example_time_delta_sensor_async.py
[2024-05-26T09:33:48.601+0000] {processor.py:840} INFO - DAG(s) 'example_time_delta_sensor_async' retrieved from /usr/local/python/3.10.13/lib/python3.10/site-packages/airflow/example_dags/example_time_delta_sensor_async.py
[2024-05-26T09:33:48.617+0000] {logging_mixin.py:188} INFO - [2024-05-26T09:33:48.617+0000] {dag.py:3096} INFO - Sync 1 DAGs
[2024-05-26T09:33:48.630+0000] {logging_mixin.py:188} INFO - [2024-05-26T09:33:48.630+0000] {dag.py:3954} INFO - Setting next_dagrun for example_time_delta_sensor_async to None, run_after=None
[2024-05-26T09:33:48.671+0000] {processor.py:183} INFO - Processing /usr/local/python/3.10.13/lib/python3.10/site-packages/airflow/example_dags/example_time_delta_sensor_async.py took 0.085 seconds
[2024-05-26T09:34:32.181+0000] {processor.py:161} INFO - Started process (PID=50395) to work on /usr/local/python/3.10.13/lib/python3.10/site-packages/airflow/example_dags/example_time_delta_sensor_async.py
[2024-05-26T09:34:32.182+0000] {processor.py:830} INFO - Processing file /usr/local/python/3.10.13/lib/python3.10/site-packages/airflow/example_dags/example_time_delta_sensor_async.py for tasks to queue
[2024-05-26T09:34:32.183+0000] {logging_mixin.py:188} INFO - [2024-05-26T09:34:32.183+0000] {dagbag.py:545} INFO - Filling up the DagBag from /usr/local/python/3.10.13/lib/python3.10/site-packages/airflow/example_dags/example_time_delta_sensor_async.py
[2024-05-26T09:34:32.189+0000] {processor.py:840} INFO - DAG(s) 'example_time_delta_sensor_async' retrieved from /usr/local/python/3.10.13/lib/python3.10/site-packages/airflow/example_dags/example_time_delta_sensor_async.py
[2024-05-26T09:34:32.206+0000] {logging_mixin.py:188} INFO - [2024-05-26T09:34:32.206+0000] {dag.py:3096} INFO - Sync 1 DAGs
[2024-05-26T09:34:32.219+0000] {logging_mixin.py:188} INFO - [2024-05-26T09:34:32.219+0000] {dag.py:3954} INFO - Setting next_dagrun for example_time_delta_sensor_async to None, run_after=None
[2024-05-26T09:34:32.263+0000] {processor.py:183} INFO - Processing /usr/local/python/3.10.13/lib/python3.10/site-packages/airflow/example_dags/example_time_delta_sensor_async.py took 0.089 seconds
[2024-05-26T09:35:08.181+0000] {processor.py:161} INFO - Started process (PID=50651) to work on /usr/local/python/3.10.13/lib/python3.10/site-packages/airflow/example_dags/example_time_delta_sensor_async.py
[2024-05-26T09:35:08.181+0000] {processor.py:830} INFO - Processing file /usr/local/python/3.10.13/lib/python3.10/site-packages/airflow/example_dags/example_time_delta_sensor_async.py for tasks to queue
[2024-05-26T09:35:08.183+0000] {logging_mixin.py:188} INFO - [2024-05-26T09:35:08.182+0000] {dagbag.py:545} INFO - Filling up the DagBag from /usr/local/python/3.10.13/lib/python3.10/site-packages/airflow/example_dags/example_time_delta_sensor_async.py
[2024-05-26T09:35:08.187+0000] {processor.py:840} INFO - DAG(s) 'example_time_delta_sensor_async' retrieved from /usr/local/python/3.10.13/lib/python3.10/site-packages/airflow/example_dags/example_time_delta_sensor_async.py
[2024-05-26T09:35:08.198+0000] {logging_mixin.py:188} INFO - [2024-05-26T09:35:08.198+0000] {dag.py:3096} INFO - Sync 1 DAGs
[2024-05-26T09:35:08.207+0000] {logging_mixin.py:188} INFO - [2024-05-26T09:35:08.207+0000] {dag.py:3954} INFO - Setting next_dagrun for example_time_delta_sensor_async to None, run_after=None
[2024-05-26T09:35:08.242+0000] {processor.py:183} INFO - Processing /usr/local/python/3.10.13/lib/python3.10/site-packages/airflow/example_dags/example_time_delta_sensor_async.py took 0.066 seconds
[2024-05-26T09:35:48.448+0000] {processor.py:161} INFO - Started process (PID=50944) to work on /usr/local/python/3.10.13/lib/python3.10/site-packages/airflow/example_dags/example_time_delta_sensor_async.py
[2024-05-26T09:35:48.448+0000] {processor.py:830} INFO - Processing file /usr/local/python/3.10.13/lib/python3.10/site-packages/airflow/example_dags/example_time_delta_sensor_async.py for tasks to queue
[2024-05-26T09:35:48.450+0000] {logging_mixin.py:188} INFO - [2024-05-26T09:35:48.449+0000] {dagbag.py:545} INFO - Filling up the DagBag from /usr/local/python/3.10.13/lib/python3.10/site-packages/airflow/example_dags/example_time_delta_sensor_async.py
[2024-05-26T09:35:48.453+0000] {processor.py:840} INFO - DAG(s) 'example_time_delta_sensor_async' retrieved from /usr/local/python/3.10.13/lib/python3.10/site-packages/airflow/example_dags/example_time_delta_sensor_async.py
[2024-05-26T09:35:48.465+0000] {logging_mixin.py:188} INFO - [2024-05-26T09:35:48.464+0000] {dag.py:3096} INFO - Sync 1 DAGs
[2024-05-26T09:35:48.474+0000] {logging_mixin.py:188} INFO - [2024-05-26T09:35:48.474+0000] {dag.py:3954} INFO - Setting next_dagrun for example_time_delta_sensor_async to None, run_after=None
[2024-05-26T09:35:48.522+0000] {processor.py:183} INFO - Processing /usr/local/python/3.10.13/lib/python3.10/site-packages/airflow/example_dags/example_time_delta_sensor_async.py took 0.079 seconds
[2024-05-26T09:36:27.600+0000] {processor.py:161} INFO - Started process (PID=51219) to work on /usr/local/python/3.10.13/lib/python3.10/site-packages/airflow/example_dags/example_time_delta_sensor_async.py
[2024-05-26T09:36:27.601+0000] {processor.py:830} INFO - Processing file /usr/local/python/3.10.13/lib/python3.10/site-packages/airflow/example_dags/example_time_delta_sensor_async.py for tasks to queue
[2024-05-26T09:36:27.602+0000] {logging_mixin.py:188} INFO - [2024-05-26T09:36:27.601+0000] {dagbag.py:545} INFO - Filling up the DagBag from /usr/local/python/3.10.13/lib/python3.10/site-packages/airflow/example_dags/example_time_delta_sensor_async.py
[2024-05-26T09:36:27.606+0000] {processor.py:840} INFO - DAG(s) 'example_time_delta_sensor_async' retrieved from /usr/local/python/3.10.13/lib/python3.10/site-packages/airflow/example_dags/example_time_delta_sensor_async.py
[2024-05-26T09:36:27.617+0000] {logging_mixin.py:188} INFO - [2024-05-26T09:36:27.617+0000] {dag.py:3096} INFO - Sync 1 DAGs
[2024-05-26T09:36:27.626+0000] {logging_mixin.py:188} INFO - [2024-05-26T09:36:27.626+0000] {dag.py:3954} INFO - Setting next_dagrun for example_time_delta_sensor_async to None, run_after=None
[2024-05-26T09:36:27.661+0000] {processor.py:183} INFO - Processing /usr/local/python/3.10.13/lib/python3.10/site-packages/airflow/example_dags/example_time_delta_sensor_async.py took 0.065 seconds
[2024-05-26T09:37:12.249+0000] {processor.py:161} INFO - Started process (PID=51512) to work on /usr/local/python/3.10.13/lib/python3.10/site-packages/airflow/example_dags/example_time_delta_sensor_async.py
[2024-05-26T09:37:12.249+0000] {processor.py:830} INFO - Processing file /usr/local/python/3.10.13/lib/python3.10/site-packages/airflow/example_dags/example_time_delta_sensor_async.py for tasks to queue
[2024-05-26T09:37:12.251+0000] {logging_mixin.py:188} INFO - [2024-05-26T09:37:12.250+0000] {dagbag.py:545} INFO - Filling up the DagBag from /usr/local/python/3.10.13/lib/python3.10/site-packages/airflow/example_dags/example_time_delta_sensor_async.py
[2024-05-26T09:37:12.255+0000] {processor.py:840} INFO - DAG(s) 'example_time_delta_sensor_async' retrieved from /usr/local/python/3.10.13/lib/python3.10/site-packages/airflow/example_dags/example_time_delta_sensor_async.py
[2024-05-26T09:37:12.267+0000] {logging_mixin.py:188} INFO - [2024-05-26T09:37:12.267+0000] {dag.py:3096} INFO - Sync 1 DAGs
[2024-05-26T09:37:12.279+0000] {logging_mixin.py:188} INFO - [2024-05-26T09:37:12.279+0000] {dag.py:3954} INFO - Setting next_dagrun for example_time_delta_sensor_async to None, run_after=None
[2024-05-26T09:37:12.324+0000] {processor.py:183} INFO - Processing /usr/local/python/3.10.13/lib/python3.10/site-packages/airflow/example_dags/example_time_delta_sensor_async.py took 0.080 seconds
[2024-05-26T09:37:55.702+0000] {processor.py:161} INFO - Started process (PID=51811) to work on /usr/local/python/3.10.13/lib/python3.10/site-packages/airflow/example_dags/example_time_delta_sensor_async.py
[2024-05-26T09:37:55.703+0000] {processor.py:830} INFO - Processing file /usr/local/python/3.10.13/lib/python3.10/site-packages/airflow/example_dags/example_time_delta_sensor_async.py for tasks to queue
[2024-05-26T09:37:55.704+0000] {logging_mixin.py:188} INFO - [2024-05-26T09:37:55.704+0000] {dagbag.py:545} INFO - Filling up the DagBag from /usr/local/python/3.10.13/lib/python3.10/site-packages/airflow/example_dags/example_time_delta_sensor_async.py
[2024-05-26T09:37:55.708+0000] {processor.py:840} INFO - DAG(s) 'example_time_delta_sensor_async' retrieved from /usr/local/python/3.10.13/lib/python3.10/site-packages/airflow/example_dags/example_time_delta_sensor_async.py
[2024-05-26T09:37:55.719+0000] {logging_mixin.py:188} INFO - [2024-05-26T09:37:55.719+0000] {dag.py:3096} INFO - Sync 1 DAGs
[2024-05-26T09:37:55.727+0000] {logging_mixin.py:188} INFO - [2024-05-26T09:37:55.727+0000] {dag.py:3954} INFO - Setting next_dagrun for example_time_delta_sensor_async to None, run_after=None
[2024-05-26T09:37:55.765+0000] {processor.py:183} INFO - Processing /usr/local/python/3.10.13/lib/python3.10/site-packages/airflow/example_dags/example_time_delta_sensor_async.py took 0.067 seconds
[2024-05-26T09:38:34.447+0000] {processor.py:161} INFO - Started process (PID=52091) to work on /usr/local/python/3.10.13/lib/python3.10/site-packages/airflow/example_dags/example_time_delta_sensor_async.py
[2024-05-26T09:38:34.448+0000] {processor.py:830} INFO - Processing file /usr/local/python/3.10.13/lib/python3.10/site-packages/airflow/example_dags/example_time_delta_sensor_async.py for tasks to queue
[2024-05-26T09:38:34.450+0000] {logging_mixin.py:188} INFO - [2024-05-26T09:38:34.450+0000] {dagbag.py:545} INFO - Filling up the DagBag from /usr/local/python/3.10.13/lib/python3.10/site-packages/airflow/example_dags/example_time_delta_sensor_async.py
[2024-05-26T09:38:34.456+0000] {processor.py:840} INFO - DAG(s) 'example_time_delta_sensor_async' retrieved from /usr/local/python/3.10.13/lib/python3.10/site-packages/airflow/example_dags/example_time_delta_sensor_async.py
[2024-05-26T09:38:34.472+0000] {logging_mixin.py:188} INFO - [2024-05-26T09:38:34.471+0000] {dag.py:3096} INFO - Sync 1 DAGs
[2024-05-26T09:38:34.481+0000] {logging_mixin.py:188} INFO - [2024-05-26T09:38:34.481+0000] {dag.py:3954} INFO - Setting next_dagrun for example_time_delta_sensor_async to None, run_after=None
[2024-05-26T09:38:34.521+0000] {processor.py:183} INFO - Processing /usr/local/python/3.10.13/lib/python3.10/site-packages/airflow/example_dags/example_time_delta_sensor_async.py took 0.080 seconds
[2024-05-26T09:39:10.831+0000] {processor.py:161} INFO - Started process (PID=52350) to work on /usr/local/python/3.10.13/lib/python3.10/site-packages/airflow/example_dags/example_time_delta_sensor_async.py
[2024-05-26T09:39:10.832+0000] {processor.py:830} INFO - Processing file /usr/local/python/3.10.13/lib/python3.10/site-packages/airflow/example_dags/example_time_delta_sensor_async.py for tasks to queue
[2024-05-26T09:39:10.833+0000] {logging_mixin.py:188} INFO - [2024-05-26T09:39:10.833+0000] {dagbag.py:545} INFO - Filling up the DagBag from /usr/local/python/3.10.13/lib/python3.10/site-packages/airflow/example_dags/example_time_delta_sensor_async.py
[2024-05-26T09:39:10.837+0000] {processor.py:840} INFO - DAG(s) 'example_time_delta_sensor_async' retrieved from /usr/local/python/3.10.13/lib/python3.10/site-packages/airflow/example_dags/example_time_delta_sensor_async.py
[2024-05-26T09:39:10.848+0000] {logging_mixin.py:188} INFO - [2024-05-26T09:39:10.848+0000] {dag.py:3096} INFO - Sync 1 DAGs
[2024-05-26T09:39:10.857+0000] {logging_mixin.py:188} INFO - [2024-05-26T09:39:10.857+0000] {dag.py:3954} INFO - Setting next_dagrun for example_time_delta_sensor_async to None, run_after=None
[2024-05-26T09:39:10.893+0000] {processor.py:183} INFO - Processing /usr/local/python/3.10.13/lib/python3.10/site-packages/airflow/example_dags/example_time_delta_sensor_async.py took 0.066 seconds
[2024-05-26T09:39:53.238+0000] {processor.py:161} INFO - Started process (PID=52642) to work on /usr/local/python/3.10.13/lib/python3.10/site-packages/airflow/example_dags/example_time_delta_sensor_async.py
[2024-05-26T09:39:53.238+0000] {processor.py:830} INFO - Processing file /usr/local/python/3.10.13/lib/python3.10/site-packages/airflow/example_dags/example_time_delta_sensor_async.py for tasks to queue
[2024-05-26T09:39:53.240+0000] {logging_mixin.py:188} INFO - [2024-05-26T09:39:53.239+0000] {dagbag.py:545} INFO - Filling up the DagBag from /usr/local/python/3.10.13/lib/python3.10/site-packages/airflow/example_dags/example_time_delta_sensor_async.py
[2024-05-26T09:39:53.243+0000] {processor.py:840} INFO - DAG(s) 'example_time_delta_sensor_async' retrieved from /usr/local/python/3.10.13/lib/python3.10/site-packages/airflow/example_dags/example_time_delta_sensor_async.py
[2024-05-26T09:39:53.254+0000] {logging_mixin.py:188} INFO - [2024-05-26T09:39:53.254+0000] {dag.py:3096} INFO - Sync 1 DAGs
[2024-05-26T09:39:53.263+0000] {logging_mixin.py:188} INFO - [2024-05-26T09:39:53.263+0000] {dag.py:3954} INFO - Setting next_dagrun for example_time_delta_sensor_async to None, run_after=None
[2024-05-26T09:39:53.303+0000] {processor.py:183} INFO - Processing /usr/local/python/3.10.13/lib/python3.10/site-packages/airflow/example_dags/example_time_delta_sensor_async.py took 0.070 seconds
[2024-05-26T09:40:36.714+0000] {processor.py:161} INFO - Started process (PID=52941) to work on /usr/local/python/3.10.13/lib/python3.10/site-packages/airflow/example_dags/example_time_delta_sensor_async.py
[2024-05-26T09:40:36.715+0000] {processor.py:830} INFO - Processing file /usr/local/python/3.10.13/lib/python3.10/site-packages/airflow/example_dags/example_time_delta_sensor_async.py for tasks to queue
[2024-05-26T09:40:36.716+0000] {logging_mixin.py:188} INFO - [2024-05-26T09:40:36.716+0000] {dagbag.py:545} INFO - Filling up the DagBag from /usr/local/python/3.10.13/lib/python3.10/site-packages/airflow/example_dags/example_time_delta_sensor_async.py
[2024-05-26T09:40:36.720+0000] {processor.py:840} INFO - DAG(s) 'example_time_delta_sensor_async' retrieved from /usr/local/python/3.10.13/lib/python3.10/site-packages/airflow/example_dags/example_time_delta_sensor_async.py
[2024-05-26T09:40:36.731+0000] {logging_mixin.py:188} INFO - [2024-05-26T09:40:36.731+0000] {dag.py:3096} INFO - Sync 1 DAGs
[2024-05-26T09:40:36.740+0000] {logging_mixin.py:188} INFO - [2024-05-26T09:40:36.740+0000] {dag.py:3954} INFO - Setting next_dagrun for example_time_delta_sensor_async to None, run_after=None
[2024-05-26T09:40:36.776+0000] {processor.py:183} INFO - Processing /usr/local/python/3.10.13/lib/python3.10/site-packages/airflow/example_dags/example_time_delta_sensor_async.py took 0.066 seconds
[2024-05-26T09:41:16.727+0000] {processor.py:161} INFO - Started process (PID=53220) to work on /usr/local/python/3.10.13/lib/python3.10/site-packages/airflow/example_dags/example_time_delta_sensor_async.py
[2024-05-26T09:41:16.727+0000] {processor.py:830} INFO - Processing file /usr/local/python/3.10.13/lib/python3.10/site-packages/airflow/example_dags/example_time_delta_sensor_async.py for tasks to queue
[2024-05-26T09:41:16.729+0000] {logging_mixin.py:188} INFO - [2024-05-26T09:41:16.728+0000] {dagbag.py:545} INFO - Filling up the DagBag from /usr/local/python/3.10.13/lib/python3.10/site-packages/airflow/example_dags/example_time_delta_sensor_async.py
[2024-05-26T09:41:16.733+0000] {processor.py:840} INFO - DAG(s) 'example_time_delta_sensor_async' retrieved from /usr/local/python/3.10.13/lib/python3.10/site-packages/airflow/example_dags/example_time_delta_sensor_async.py
[2024-05-26T09:41:16.750+0000] {logging_mixin.py:188} INFO - [2024-05-26T09:41:16.749+0000] {dag.py:3096} INFO - Sync 1 DAGs
[2024-05-26T09:41:16.765+0000] {logging_mixin.py:188} INFO - [2024-05-26T09:41:16.765+0000] {dag.py:3954} INFO - Setting next_dagrun for example_time_delta_sensor_async to None, run_after=None
[2024-05-26T09:41:16.810+0000] {processor.py:183} INFO - Processing /usr/local/python/3.10.13/lib/python3.10/site-packages/airflow/example_dags/example_time_delta_sensor_async.py took 0.088 seconds
[2024-05-26T09:42:00.023+0000] {processor.py:161} INFO - Started process (PID=53512) to work on /usr/local/python/3.10.13/lib/python3.10/site-packages/airflow/example_dags/example_time_delta_sensor_async.py
[2024-05-26T09:42:00.024+0000] {processor.py:830} INFO - Processing file /usr/local/python/3.10.13/lib/python3.10/site-packages/airflow/example_dags/example_time_delta_sensor_async.py for tasks to queue
[2024-05-26T09:42:00.025+0000] {logging_mixin.py:188} INFO - [2024-05-26T09:42:00.025+0000] {dagbag.py:545} INFO - Filling up the DagBag from /usr/local/python/3.10.13/lib/python3.10/site-packages/airflow/example_dags/example_time_delta_sensor_async.py
[2024-05-26T09:42:00.029+0000] {processor.py:840} INFO - DAG(s) 'example_time_delta_sensor_async' retrieved from /usr/local/python/3.10.13/lib/python3.10/site-packages/airflow/example_dags/example_time_delta_sensor_async.py
[2024-05-26T09:42:00.040+0000] {logging_mixin.py:188} INFO - [2024-05-26T09:42:00.040+0000] {dag.py:3096} INFO - Sync 1 DAGs
[2024-05-26T09:42:00.049+0000] {logging_mixin.py:188} INFO - [2024-05-26T09:42:00.049+0000] {dag.py:3954} INFO - Setting next_dagrun for example_time_delta_sensor_async to None, run_after=None
[2024-05-26T09:42:00.087+0000] {processor.py:183} INFO - Processing /usr/local/python/3.10.13/lib/python3.10/site-packages/airflow/example_dags/example_time_delta_sensor_async.py took 0.069 seconds
[2024-05-26T09:42:39.683+0000] {processor.py:161} INFO - Started process (PID=53793) to work on /usr/local/python/3.10.13/lib/python3.10/site-packages/airflow/example_dags/example_time_delta_sensor_async.py
[2024-05-26T09:42:39.683+0000] {processor.py:830} INFO - Processing file /usr/local/python/3.10.13/lib/python3.10/site-packages/airflow/example_dags/example_time_delta_sensor_async.py for tasks to queue
[2024-05-26T09:42:39.685+0000] {logging_mixin.py:188} INFO - [2024-05-26T09:42:39.684+0000] {dagbag.py:545} INFO - Filling up the DagBag from /usr/local/python/3.10.13/lib/python3.10/site-packages/airflow/example_dags/example_time_delta_sensor_async.py
[2024-05-26T09:42:39.689+0000] {processor.py:840} INFO - DAG(s) 'example_time_delta_sensor_async' retrieved from /usr/local/python/3.10.13/lib/python3.10/site-packages/airflow/example_dags/example_time_delta_sensor_async.py
[2024-05-26T09:42:39.700+0000] {logging_mixin.py:188} INFO - [2024-05-26T09:42:39.700+0000] {dag.py:3096} INFO - Sync 1 DAGs
[2024-05-26T09:42:39.709+0000] {logging_mixin.py:188} INFO - [2024-05-26T09:42:39.709+0000] {dag.py:3954} INFO - Setting next_dagrun for example_time_delta_sensor_async to None, run_after=None
[2024-05-26T09:42:39.745+0000] {processor.py:183} INFO - Processing /usr/local/python/3.10.13/lib/python3.10/site-packages/airflow/example_dags/example_time_delta_sensor_async.py took 0.067 seconds
[2024-05-26T09:43:17.554+0000] {processor.py:161} INFO - Started process (PID=54066) to work on /usr/local/python/3.10.13/lib/python3.10/site-packages/airflow/example_dags/example_time_delta_sensor_async.py
[2024-05-26T09:43:17.555+0000] {processor.py:830} INFO - Processing file /usr/local/python/3.10.13/lib/python3.10/site-packages/airflow/example_dags/example_time_delta_sensor_async.py for tasks to queue
[2024-05-26T09:43:17.556+0000] {logging_mixin.py:188} INFO - [2024-05-26T09:43:17.556+0000] {dagbag.py:545} INFO - Filling up the DagBag from /usr/local/python/3.10.13/lib/python3.10/site-packages/airflow/example_dags/example_time_delta_sensor_async.py
[2024-05-26T09:43:17.560+0000] {processor.py:840} INFO - DAG(s) 'example_time_delta_sensor_async' retrieved from /usr/local/python/3.10.13/lib/python3.10/site-packages/airflow/example_dags/example_time_delta_sensor_async.py
[2024-05-26T09:43:17.571+0000] {logging_mixin.py:188} INFO - [2024-05-26T09:43:17.571+0000] {dag.py:3096} INFO - Sync 1 DAGs
[2024-05-26T09:43:17.580+0000] {logging_mixin.py:188} INFO - [2024-05-26T09:43:17.580+0000] {dag.py:3954} INFO - Setting next_dagrun for example_time_delta_sensor_async to None, run_after=None
[2024-05-26T09:43:17.621+0000] {processor.py:183} INFO - Processing /usr/local/python/3.10.13/lib/python3.10/site-packages/airflow/example_dags/example_time_delta_sensor_async.py took 0.072 seconds
[2024-05-26T09:43:58.458+0000] {processor.py:161} INFO - Started process (PID=54379) to work on /usr/local/python/3.10.13/lib/python3.10/site-packages/airflow/example_dags/example_time_delta_sensor_async.py
[2024-05-26T09:43:58.459+0000] {processor.py:830} INFO - Processing file /usr/local/python/3.10.13/lib/python3.10/site-packages/airflow/example_dags/example_time_delta_sensor_async.py for tasks to queue
[2024-05-26T09:43:58.460+0000] {logging_mixin.py:188} INFO - [2024-05-26T09:43:58.459+0000] {dagbag.py:545} INFO - Filling up the DagBag from /usr/local/python/3.10.13/lib/python3.10/site-packages/airflow/example_dags/example_time_delta_sensor_async.py
[2024-05-26T09:43:58.465+0000] {processor.py:840} INFO - DAG(s) 'example_time_delta_sensor_async' retrieved from /usr/local/python/3.10.13/lib/python3.10/site-packages/airflow/example_dags/example_time_delta_sensor_async.py
[2024-05-26T09:43:58.476+0000] {logging_mixin.py:188} INFO - [2024-05-26T09:43:58.476+0000] {dag.py:3096} INFO - Sync 1 DAGs
[2024-05-26T09:43:58.485+0000] {logging_mixin.py:188} INFO - [2024-05-26T09:43:58.485+0000] {dag.py:3954} INFO - Setting next_dagrun for example_time_delta_sensor_async to None, run_after=None
[2024-05-26T09:43:58.520+0000] {processor.py:183} INFO - Processing /usr/local/python/3.10.13/lib/python3.10/site-packages/airflow/example_dags/example_time_delta_sensor_async.py took 0.067 seconds
[2024-05-26T09:44:40.314+0000] {processor.py:161} INFO - Started process (PID=54758) to work on /usr/local/python/3.10.13/lib/python3.10/site-packages/airflow/example_dags/example_time_delta_sensor_async.py
[2024-05-26T09:44:40.315+0000] {processor.py:830} INFO - Processing file /usr/local/python/3.10.13/lib/python3.10/site-packages/airflow/example_dags/example_time_delta_sensor_async.py for tasks to queue
[2024-05-26T09:44:40.316+0000] {logging_mixin.py:188} INFO - [2024-05-26T09:44:40.316+0000] {dagbag.py:545} INFO - Filling up the DagBag from /usr/local/python/3.10.13/lib/python3.10/site-packages/airflow/example_dags/example_time_delta_sensor_async.py
[2024-05-26T09:44:40.320+0000] {processor.py:840} INFO - DAG(s) 'example_time_delta_sensor_async' retrieved from /usr/local/python/3.10.13/lib/python3.10/site-packages/airflow/example_dags/example_time_delta_sensor_async.py
[2024-05-26T09:44:40.331+0000] {logging_mixin.py:188} INFO - [2024-05-26T09:44:40.331+0000] {dag.py:3096} INFO - Sync 1 DAGs
[2024-05-26T09:44:40.340+0000] {logging_mixin.py:188} INFO - [2024-05-26T09:44:40.340+0000] {dag.py:3954} INFO - Setting next_dagrun for example_time_delta_sensor_async to None, run_after=None
[2024-05-26T09:44:40.377+0000] {processor.py:183} INFO - Processing /usr/local/python/3.10.13/lib/python3.10/site-packages/airflow/example_dags/example_time_delta_sensor_async.py took 0.067 seconds
[2024-05-26T09:45:23.063+0000] {processor.py:161} INFO - Started process (PID=55282) to work on /usr/local/python/3.10.13/lib/python3.10/site-packages/airflow/example_dags/example_time_delta_sensor_async.py
[2024-05-26T09:45:23.064+0000] {processor.py:830} INFO - Processing file /usr/local/python/3.10.13/lib/python3.10/site-packages/airflow/example_dags/example_time_delta_sensor_async.py for tasks to queue
[2024-05-26T09:45:23.066+0000] {logging_mixin.py:188} INFO - [2024-05-26T09:45:23.065+0000] {dagbag.py:545} INFO - Filling up the DagBag from /usr/local/python/3.10.13/lib/python3.10/site-packages/airflow/example_dags/example_time_delta_sensor_async.py
[2024-05-26T09:45:23.070+0000] {processor.py:840} INFO - DAG(s) 'example_time_delta_sensor_async' retrieved from /usr/local/python/3.10.13/lib/python3.10/site-packages/airflow/example_dags/example_time_delta_sensor_async.py
[2024-05-26T09:45:23.081+0000] {logging_mixin.py:188} INFO - [2024-05-26T09:45:23.081+0000] {dag.py:3096} INFO - Sync 1 DAGs
[2024-05-26T09:45:23.094+0000] {logging_mixin.py:188} INFO - [2024-05-26T09:45:23.094+0000] {dag.py:3954} INFO - Setting next_dagrun for example_time_delta_sensor_async to None, run_after=None
[2024-05-26T09:45:23.137+0000] {processor.py:183} INFO - Processing /usr/local/python/3.10.13/lib/python3.10/site-packages/airflow/example_dags/example_time_delta_sensor_async.py took 0.078 seconds
[2024-05-26T09:46:00.950+0000] {processor.py:161} INFO - Started process (PID=55784) to work on /usr/local/python/3.10.13/lib/python3.10/site-packages/airflow/example_dags/example_time_delta_sensor_async.py
[2024-05-26T09:46:00.951+0000] {processor.py:830} INFO - Processing file /usr/local/python/3.10.13/lib/python3.10/site-packages/airflow/example_dags/example_time_delta_sensor_async.py for tasks to queue
[2024-05-26T09:46:00.952+0000] {logging_mixin.py:188} INFO - [2024-05-26T09:46:00.952+0000] {dagbag.py:545} INFO - Filling up the DagBag from /usr/local/python/3.10.13/lib/python3.10/site-packages/airflow/example_dags/example_time_delta_sensor_async.py
[2024-05-26T09:46:00.956+0000] {processor.py:840} INFO - DAG(s) 'example_time_delta_sensor_async' retrieved from /usr/local/python/3.10.13/lib/python3.10/site-packages/airflow/example_dags/example_time_delta_sensor_async.py
[2024-05-26T09:46:00.972+0000] {logging_mixin.py:188} INFO - [2024-05-26T09:46:00.971+0000] {dag.py:3096} INFO - Sync 1 DAGs
[2024-05-26T09:46:00.984+0000] {logging_mixin.py:188} INFO - [2024-05-26T09:46:00.984+0000] {dag.py:3954} INFO - Setting next_dagrun for example_time_delta_sensor_async to None, run_after=None
[2024-05-26T09:46:01.021+0000] {processor.py:183} INFO - Processing /usr/local/python/3.10.13/lib/python3.10/site-packages/airflow/example_dags/example_time_delta_sensor_async.py took 0.075 seconds
[2024-05-26T09:46:41.547+0000] {processor.py:161} INFO - Started process (PID=56281) to work on /usr/local/python/3.10.13/lib/python3.10/site-packages/airflow/example_dags/example_time_delta_sensor_async.py
[2024-05-26T09:46:41.548+0000] {processor.py:830} INFO - Processing file /usr/local/python/3.10.13/lib/python3.10/site-packages/airflow/example_dags/example_time_delta_sensor_async.py for tasks to queue
[2024-05-26T09:46:41.550+0000] {logging_mixin.py:188} INFO - [2024-05-26T09:46:41.550+0000] {dagbag.py:545} INFO - Filling up the DagBag from /usr/local/python/3.10.13/lib/python3.10/site-packages/airflow/example_dags/example_time_delta_sensor_async.py
[2024-05-26T09:46:41.556+0000] {processor.py:840} INFO - DAG(s) 'example_time_delta_sensor_async' retrieved from /usr/local/python/3.10.13/lib/python3.10/site-packages/airflow/example_dags/example_time_delta_sensor_async.py
[2024-05-26T09:46:41.568+0000] {logging_mixin.py:188} INFO - [2024-05-26T09:46:41.567+0000] {dag.py:3096} INFO - Sync 1 DAGs
[2024-05-26T09:46:41.577+0000] {logging_mixin.py:188} INFO - [2024-05-26T09:46:41.577+0000] {dag.py:3954} INFO - Setting next_dagrun for example_time_delta_sensor_async to None, run_after=None
[2024-05-26T09:46:41.616+0000] {processor.py:183} INFO - Processing /usr/local/python/3.10.13/lib/python3.10/site-packages/airflow/example_dags/example_time_delta_sensor_async.py took 0.076 seconds
[2024-05-26T09:47:21.899+0000] {processor.py:161} INFO - Started process (PID=56774) to work on /usr/local/python/3.10.13/lib/python3.10/site-packages/airflow/example_dags/example_time_delta_sensor_async.py
[2024-05-26T09:47:21.900+0000] {processor.py:830} INFO - Processing file /usr/local/python/3.10.13/lib/python3.10/site-packages/airflow/example_dags/example_time_delta_sensor_async.py for tasks to queue
[2024-05-26T09:47:21.901+0000] {logging_mixin.py:188} INFO - [2024-05-26T09:47:21.901+0000] {dagbag.py:545} INFO - Filling up the DagBag from /usr/local/python/3.10.13/lib/python3.10/site-packages/airflow/example_dags/example_time_delta_sensor_async.py
[2024-05-26T09:47:21.905+0000] {processor.py:840} INFO - DAG(s) 'example_time_delta_sensor_async' retrieved from /usr/local/python/3.10.13/lib/python3.10/site-packages/airflow/example_dags/example_time_delta_sensor_async.py
[2024-05-26T09:47:21.916+0000] {logging_mixin.py:188} INFO - [2024-05-26T09:47:21.916+0000] {dag.py:3096} INFO - Sync 1 DAGs
[2024-05-26T09:47:21.925+0000] {logging_mixin.py:188} INFO - [2024-05-26T09:47:21.925+0000] {dag.py:3954} INFO - Setting next_dagrun for example_time_delta_sensor_async to None, run_after=None
[2024-05-26T09:47:21.967+0000] {processor.py:183} INFO - Processing /usr/local/python/3.10.13/lib/python3.10/site-packages/airflow/example_dags/example_time_delta_sensor_async.py took 0.072 seconds
[2024-05-26T09:47:59.625+0000] {processor.py:161} INFO - Started process (PID=57209) to work on /usr/local/python/3.10.13/lib/python3.10/site-packages/airflow/example_dags/example_time_delta_sensor_async.py
[2024-05-26T09:47:59.626+0000] {processor.py:830} INFO - Processing file /usr/local/python/3.10.13/lib/python3.10/site-packages/airflow/example_dags/example_time_delta_sensor_async.py for tasks to queue
[2024-05-26T09:47:59.627+0000] {logging_mixin.py:188} INFO - [2024-05-26T09:47:59.627+0000] {dagbag.py:545} INFO - Filling up the DagBag from /usr/local/python/3.10.13/lib/python3.10/site-packages/airflow/example_dags/example_time_delta_sensor_async.py
[2024-05-26T09:47:59.631+0000] {processor.py:840} INFO - DAG(s) 'example_time_delta_sensor_async' retrieved from /usr/local/python/3.10.13/lib/python3.10/site-packages/airflow/example_dags/example_time_delta_sensor_async.py
[2024-05-26T09:47:59.642+0000] {logging_mixin.py:188} INFO - [2024-05-26T09:47:59.642+0000] {dag.py:3096} INFO - Sync 1 DAGs
[2024-05-26T09:47:59.651+0000] {logging_mixin.py:188} INFO - [2024-05-26T09:47:59.650+0000] {dag.py:3954} INFO - Setting next_dagrun for example_time_delta_sensor_async to None, run_after=None
[2024-05-26T09:47:59.690+0000] {processor.py:183} INFO - Processing /usr/local/python/3.10.13/lib/python3.10/site-packages/airflow/example_dags/example_time_delta_sensor_async.py took 0.070 seconds
[2024-05-26T09:48:41.362+0000] {processor.py:161} INFO - Started process (PID=57676) to work on /usr/local/python/3.10.13/lib/python3.10/site-packages/airflow/example_dags/example_time_delta_sensor_async.py
[2024-05-26T09:48:41.363+0000] {processor.py:830} INFO - Processing file /usr/local/python/3.10.13/lib/python3.10/site-packages/airflow/example_dags/example_time_delta_sensor_async.py for tasks to queue
[2024-05-26T09:48:41.364+0000] {logging_mixin.py:188} INFO - [2024-05-26T09:48:41.364+0000] {dagbag.py:545} INFO - Filling up the DagBag from /usr/local/python/3.10.13/lib/python3.10/site-packages/airflow/example_dags/example_time_delta_sensor_async.py
[2024-05-26T09:48:41.370+0000] {processor.py:840} INFO - DAG(s) 'example_time_delta_sensor_async' retrieved from /usr/local/python/3.10.13/lib/python3.10/site-packages/airflow/example_dags/example_time_delta_sensor_async.py
[2024-05-26T09:48:41.386+0000] {logging_mixin.py:188} INFO - [2024-05-26T09:48:41.386+0000] {dag.py:3096} INFO - Sync 1 DAGs
[2024-05-26T09:48:41.399+0000] {logging_mixin.py:188} INFO - [2024-05-26T09:48:41.399+0000] {dag.py:3954} INFO - Setting next_dagrun for example_time_delta_sensor_async to None, run_after=None
[2024-05-26T09:48:41.439+0000] {processor.py:183} INFO - Processing /usr/local/python/3.10.13/lib/python3.10/site-packages/airflow/example_dags/example_time_delta_sensor_async.py took 0.084 seconds
[2024-05-26T09:49:24.497+0000] {processor.py:161} INFO - Started process (PID=58090) to work on /usr/local/python/3.10.13/lib/python3.10/site-packages/airflow/example_dags/example_time_delta_sensor_async.py
[2024-05-26T09:49:24.498+0000] {processor.py:830} INFO - Processing file /usr/local/python/3.10.13/lib/python3.10/site-packages/airflow/example_dags/example_time_delta_sensor_async.py for tasks to queue
[2024-05-26T09:49:24.499+0000] {logging_mixin.py:188} INFO - [2024-05-26T09:49:24.499+0000] {dagbag.py:545} INFO - Filling up the DagBag from /usr/local/python/3.10.13/lib/python3.10/site-packages/airflow/example_dags/example_time_delta_sensor_async.py
[2024-05-26T09:49:24.503+0000] {processor.py:840} INFO - DAG(s) 'example_time_delta_sensor_async' retrieved from /usr/local/python/3.10.13/lib/python3.10/site-packages/airflow/example_dags/example_time_delta_sensor_async.py
[2024-05-26T09:49:24.514+0000] {logging_mixin.py:188} INFO - [2024-05-26T09:49:24.514+0000] {dag.py:3096} INFO - Sync 1 DAGs
[2024-05-26T09:49:24.523+0000] {logging_mixin.py:188} INFO - [2024-05-26T09:49:24.523+0000] {dag.py:3954} INFO - Setting next_dagrun for example_time_delta_sensor_async to None, run_after=None
[2024-05-26T09:49:24.562+0000] {processor.py:183} INFO - Processing /usr/local/python/3.10.13/lib/python3.10/site-packages/airflow/example_dags/example_time_delta_sensor_async.py took 0.069 seconds
[2024-05-26T09:50:05.783+0000] {processor.py:161} INFO - Started process (PID=58542) to work on /usr/local/python/3.10.13/lib/python3.10/site-packages/airflow/example_dags/example_time_delta_sensor_async.py
[2024-05-26T09:50:05.784+0000] {processor.py:830} INFO - Processing file /usr/local/python/3.10.13/lib/python3.10/site-packages/airflow/example_dags/example_time_delta_sensor_async.py for tasks to queue
[2024-05-26T09:50:05.785+0000] {logging_mixin.py:188} INFO - [2024-05-26T09:50:05.785+0000] {dagbag.py:545} INFO - Filling up the DagBag from /usr/local/python/3.10.13/lib/python3.10/site-packages/airflow/example_dags/example_time_delta_sensor_async.py
[2024-05-26T09:50:05.789+0000] {processor.py:840} INFO - DAG(s) 'example_time_delta_sensor_async' retrieved from /usr/local/python/3.10.13/lib/python3.10/site-packages/airflow/example_dags/example_time_delta_sensor_async.py
[2024-05-26T09:50:05.801+0000] {logging_mixin.py:188} INFO - [2024-05-26T09:50:05.801+0000] {dag.py:3096} INFO - Sync 1 DAGs
[2024-05-26T09:50:05.810+0000] {logging_mixin.py:188} INFO - [2024-05-26T09:50:05.810+0000] {dag.py:3954} INFO - Setting next_dagrun for example_time_delta_sensor_async to None, run_after=None
[2024-05-26T09:50:05.849+0000] {processor.py:183} INFO - Processing /usr/local/python/3.10.13/lib/python3.10/site-packages/airflow/example_dags/example_time_delta_sensor_async.py took 0.071 seconds
[2024-05-26T09:50:46.146+0000] {processor.py:161} INFO - Started process (PID=58863) to work on /usr/local/python/3.10.13/lib/python3.10/site-packages/airflow/example_dags/example_time_delta_sensor_async.py
[2024-05-26T09:50:46.146+0000] {processor.py:830} INFO - Processing file /usr/local/python/3.10.13/lib/python3.10/site-packages/airflow/example_dags/example_time_delta_sensor_async.py for tasks to queue
[2024-05-26T09:50:46.148+0000] {logging_mixin.py:188} INFO - [2024-05-26T09:50:46.147+0000] {dagbag.py:545} INFO - Filling up the DagBag from /usr/local/python/3.10.13/lib/python3.10/site-packages/airflow/example_dags/example_time_delta_sensor_async.py
[2024-05-26T09:50:46.152+0000] {processor.py:840} INFO - DAG(s) 'example_time_delta_sensor_async' retrieved from /usr/local/python/3.10.13/lib/python3.10/site-packages/airflow/example_dags/example_time_delta_sensor_async.py
[2024-05-26T09:50:46.163+0000] {logging_mixin.py:188} INFO - [2024-05-26T09:50:46.163+0000] {dag.py:3096} INFO - Sync 1 DAGs
[2024-05-26T09:50:46.173+0000] {logging_mixin.py:188} INFO - [2024-05-26T09:50:46.173+0000] {dag.py:3954} INFO - Setting next_dagrun for example_time_delta_sensor_async to None, run_after=None
[2024-05-26T09:50:46.215+0000] {processor.py:183} INFO - Processing /usr/local/python/3.10.13/lib/python3.10/site-packages/airflow/example_dags/example_time_delta_sensor_async.py took 0.074 seconds
[2024-05-26T09:51:28.847+0000] {processor.py:161} INFO - Started process (PID=59299) to work on /usr/local/python/3.10.13/lib/python3.10/site-packages/airflow/example_dags/example_time_delta_sensor_async.py
[2024-05-26T09:51:28.847+0000] {processor.py:830} INFO - Processing file /usr/local/python/3.10.13/lib/python3.10/site-packages/airflow/example_dags/example_time_delta_sensor_async.py for tasks to queue
[2024-05-26T09:51:28.849+0000] {logging_mixin.py:188} INFO - [2024-05-26T09:51:28.848+0000] {dagbag.py:545} INFO - Filling up the DagBag from /usr/local/python/3.10.13/lib/python3.10/site-packages/airflow/example_dags/example_time_delta_sensor_async.py
[2024-05-26T09:51:28.853+0000] {processor.py:840} INFO - DAG(s) 'example_time_delta_sensor_async' retrieved from /usr/local/python/3.10.13/lib/python3.10/site-packages/airflow/example_dags/example_time_delta_sensor_async.py
[2024-05-26T09:51:28.866+0000] {logging_mixin.py:188} INFO - [2024-05-26T09:51:28.866+0000] {dag.py:3096} INFO - Sync 1 DAGs
[2024-05-26T09:51:28.875+0000] {logging_mixin.py:188} INFO - [2024-05-26T09:51:28.875+0000] {dag.py:3954} INFO - Setting next_dagrun for example_time_delta_sensor_async to None, run_after=None
[2024-05-26T09:51:28.910+0000] {processor.py:183} INFO - Processing /usr/local/python/3.10.13/lib/python3.10/site-packages/airflow/example_dags/example_time_delta_sensor_async.py took 0.068 seconds
[2024-05-26T09:52:09.647+0000] {processor.py:161} INFO - Started process (PID=59714) to work on /usr/local/python/3.10.13/lib/python3.10/site-packages/airflow/example_dags/example_time_delta_sensor_async.py
[2024-05-26T09:52:09.648+0000] {processor.py:830} INFO - Processing file /usr/local/python/3.10.13/lib/python3.10/site-packages/airflow/example_dags/example_time_delta_sensor_async.py for tasks to queue
[2024-05-26T09:52:09.650+0000] {logging_mixin.py:188} INFO - [2024-05-26T09:52:09.649+0000] {dagbag.py:545} INFO - Filling up the DagBag from /usr/local/python/3.10.13/lib/python3.10/site-packages/airflow/example_dags/example_time_delta_sensor_async.py
[2024-05-26T09:52:09.654+0000] {processor.py:840} INFO - DAG(s) 'example_time_delta_sensor_async' retrieved from /usr/local/python/3.10.13/lib/python3.10/site-packages/airflow/example_dags/example_time_delta_sensor_async.py
[2024-05-26T09:52:09.666+0000] {logging_mixin.py:188} INFO - [2024-05-26T09:52:09.665+0000] {dag.py:3096} INFO - Sync 1 DAGs
[2024-05-26T09:52:09.674+0000] {logging_mixin.py:188} INFO - [2024-05-26T09:52:09.674+0000] {dag.py:3954} INFO - Setting next_dagrun for example_time_delta_sensor_async to None, run_after=None
[2024-05-26T09:52:09.710+0000] {processor.py:183} INFO - Processing /usr/local/python/3.10.13/lib/python3.10/site-packages/airflow/example_dags/example_time_delta_sensor_async.py took 0.067 seconds
[2024-05-26T09:52:50.508+0000] {processor.py:161} INFO - Started process (PID=60056) to work on /usr/local/python/3.10.13/lib/python3.10/site-packages/airflow/example_dags/example_time_delta_sensor_async.py
[2024-05-26T09:52:50.509+0000] {processor.py:830} INFO - Processing file /usr/local/python/3.10.13/lib/python3.10/site-packages/airflow/example_dags/example_time_delta_sensor_async.py for tasks to queue
[2024-05-26T09:52:50.510+0000] {logging_mixin.py:188} INFO - [2024-05-26T09:52:50.510+0000] {dagbag.py:545} INFO - Filling up the DagBag from /usr/local/python/3.10.13/lib/python3.10/site-packages/airflow/example_dags/example_time_delta_sensor_async.py
[2024-05-26T09:52:50.515+0000] {processor.py:840} INFO - DAG(s) 'example_time_delta_sensor_async' retrieved from /usr/local/python/3.10.13/lib/python3.10/site-packages/airflow/example_dags/example_time_delta_sensor_async.py
[2024-05-26T09:52:50.526+0000] {logging_mixin.py:188} INFO - [2024-05-26T09:52:50.526+0000] {dag.py:3096} INFO - Sync 1 DAGs
[2024-05-26T09:52:50.535+0000] {logging_mixin.py:188} INFO - [2024-05-26T09:52:50.535+0000] {dag.py:3954} INFO - Setting next_dagrun for example_time_delta_sensor_async to None, run_after=None
[2024-05-26T09:52:50.571+0000] {processor.py:183} INFO - Processing /usr/local/python/3.10.13/lib/python3.10/site-packages/airflow/example_dags/example_time_delta_sensor_async.py took 0.068 seconds
[2024-05-26T09:53:31.671+0000] {processor.py:161} INFO - Started process (PID=60394) to work on /usr/local/python/3.10.13/lib/python3.10/site-packages/airflow/example_dags/example_time_delta_sensor_async.py
[2024-05-26T09:53:31.672+0000] {processor.py:830} INFO - Processing file /usr/local/python/3.10.13/lib/python3.10/site-packages/airflow/example_dags/example_time_delta_sensor_async.py for tasks to queue
[2024-05-26T09:53:31.673+0000] {logging_mixin.py:188} INFO - [2024-05-26T09:53:31.673+0000] {dagbag.py:545} INFO - Filling up the DagBag from /usr/local/python/3.10.13/lib/python3.10/site-packages/airflow/example_dags/example_time_delta_sensor_async.py
[2024-05-26T09:53:31.677+0000] {processor.py:840} INFO - DAG(s) 'example_time_delta_sensor_async' retrieved from /usr/local/python/3.10.13/lib/python3.10/site-packages/airflow/example_dags/example_time_delta_sensor_async.py
[2024-05-26T09:53:31.689+0000] {logging_mixin.py:188} INFO - [2024-05-26T09:53:31.689+0000] {dag.py:3096} INFO - Sync 1 DAGs
[2024-05-26T09:53:31.699+0000] {logging_mixin.py:188} INFO - [2024-05-26T09:53:31.699+0000] {dag.py:3954} INFO - Setting next_dagrun for example_time_delta_sensor_async to None, run_after=None
[2024-05-26T09:53:31.738+0000] {processor.py:183} INFO - Processing /usr/local/python/3.10.13/lib/python3.10/site-packages/airflow/example_dags/example_time_delta_sensor_async.py took 0.072 seconds
[2024-05-26T09:54:15.398+0000] {processor.py:161} INFO - Started process (PID=60745) to work on /usr/local/python/3.10.13/lib/python3.10/site-packages/airflow/example_dags/example_time_delta_sensor_async.py
[2024-05-26T09:54:15.398+0000] {processor.py:830} INFO - Processing file /usr/local/python/3.10.13/lib/python3.10/site-packages/airflow/example_dags/example_time_delta_sensor_async.py for tasks to queue
[2024-05-26T09:54:15.400+0000] {logging_mixin.py:188} INFO - [2024-05-26T09:54:15.399+0000] {dagbag.py:545} INFO - Filling up the DagBag from /usr/local/python/3.10.13/lib/python3.10/site-packages/airflow/example_dags/example_time_delta_sensor_async.py
[2024-05-26T09:54:15.404+0000] {processor.py:840} INFO - DAG(s) 'example_time_delta_sensor_async' retrieved from /usr/local/python/3.10.13/lib/python3.10/site-packages/airflow/example_dags/example_time_delta_sensor_async.py
[2024-05-26T09:54:15.418+0000] {logging_mixin.py:188} INFO - [2024-05-26T09:54:15.417+0000] {dag.py:3096} INFO - Sync 1 DAGs
[2024-05-26T09:54:15.429+0000] {logging_mixin.py:188} INFO - [2024-05-26T09:54:15.429+0000] {dag.py:3954} INFO - Setting next_dagrun for example_time_delta_sensor_async to None, run_after=None
[2024-05-26T09:54:15.465+0000] {processor.py:183} INFO - Processing /usr/local/python/3.10.13/lib/python3.10/site-packages/airflow/example_dags/example_time_delta_sensor_async.py took 0.073 seconds
[2024-05-26T09:55:00.223+0000] {processor.py:161} INFO - Started process (PID=61103) to work on /usr/local/python/3.10.13/lib/python3.10/site-packages/airflow/example_dags/example_time_delta_sensor_async.py
[2024-05-26T09:55:00.224+0000] {processor.py:830} INFO - Processing file /usr/local/python/3.10.13/lib/python3.10/site-packages/airflow/example_dags/example_time_delta_sensor_async.py for tasks to queue
[2024-05-26T09:55:00.225+0000] {logging_mixin.py:188} INFO - [2024-05-26T09:55:00.225+0000] {dagbag.py:545} INFO - Filling up the DagBag from /usr/local/python/3.10.13/lib/python3.10/site-packages/airflow/example_dags/example_time_delta_sensor_async.py
[2024-05-26T09:55:00.229+0000] {processor.py:840} INFO - DAG(s) 'example_time_delta_sensor_async' retrieved from /usr/local/python/3.10.13/lib/python3.10/site-packages/airflow/example_dags/example_time_delta_sensor_async.py
[2024-05-26T09:55:00.239+0000] {logging_mixin.py:188} INFO - [2024-05-26T09:55:00.239+0000] {dag.py:3096} INFO - Sync 1 DAGs
[2024-05-26T09:55:00.248+0000] {logging_mixin.py:188} INFO - [2024-05-26T09:55:00.248+0000] {dag.py:3954} INFO - Setting next_dagrun for example_time_delta_sensor_async to None, run_after=None
[2024-05-26T09:55:00.307+0000] {processor.py:183} INFO - Processing /usr/local/python/3.10.13/lib/python3.10/site-packages/airflow/example_dags/example_time_delta_sensor_async.py took 0.089 seconds
[2024-05-26T09:55:41.980+0000] {processor.py:161} INFO - Started process (PID=61417) to work on /usr/local/python/3.10.13/lib/python3.10/site-packages/airflow/example_dags/example_time_delta_sensor_async.py
[2024-05-26T09:55:41.981+0000] {processor.py:830} INFO - Processing file /usr/local/python/3.10.13/lib/python3.10/site-packages/airflow/example_dags/example_time_delta_sensor_async.py for tasks to queue
[2024-05-26T09:55:41.982+0000] {logging_mixin.py:188} INFO - [2024-05-26T09:55:41.982+0000] {dagbag.py:545} INFO - Filling up the DagBag from /usr/local/python/3.10.13/lib/python3.10/site-packages/airflow/example_dags/example_time_delta_sensor_async.py
[2024-05-26T09:55:41.986+0000] {processor.py:840} INFO - DAG(s) 'example_time_delta_sensor_async' retrieved from /usr/local/python/3.10.13/lib/python3.10/site-packages/airflow/example_dags/example_time_delta_sensor_async.py
[2024-05-26T09:55:41.997+0000] {logging_mixin.py:188} INFO - [2024-05-26T09:55:41.997+0000] {dag.py:3096} INFO - Sync 1 DAGs
[2024-05-26T09:55:42.005+0000] {logging_mixin.py:188} INFO - [2024-05-26T09:55:42.005+0000] {dag.py:3954} INFO - Setting next_dagrun for example_time_delta_sensor_async to None, run_after=None
[2024-05-26T09:55:42.041+0000] {processor.py:183} INFO - Processing /usr/local/python/3.10.13/lib/python3.10/site-packages/airflow/example_dags/example_time_delta_sensor_async.py took 0.066 seconds
