[2024-05-26T09:10:36.168+0000] {processor.py:161} INFO - Started process (PID=40057) to work on /usr/local/python/3.10.13/lib/python3.10/site-packages/airflow/example_dags/example_short_circuit_decorator.py
[2024-05-26T09:10:36.169+0000] {processor.py:830} INFO - Processing file /usr/local/python/3.10.13/lib/python3.10/site-packages/airflow/example_dags/example_short_circuit_decorator.py for tasks to queue
[2024-05-26T09:10:36.170+0000] {logging_mixin.py:188} INFO - [2024-05-26T09:10:36.170+0000] {dagbag.py:545} INFO - Filling up the DagBag from /usr/local/python/3.10.13/lib/python3.10/site-packages/airflow/example_dags/example_short_circuit_decorator.py
[2024-05-26T09:10:36.177+0000] {processor.py:840} INFO - DAG(s) 'example_short_circuit_decorator' retrieved from /usr/local/python/3.10.13/lib/python3.10/site-packages/airflow/example_dags/example_short_circuit_decorator.py
[2024-05-26T09:10:36.197+0000] {logging_mixin.py:188} INFO - [2024-05-26T09:10:36.197+0000] {dag.py:3096} INFO - Sync 1 DAGs
[2024-05-26T09:10:36.213+0000] {logging_mixin.py:188} INFO - [2024-05-26T09:10:36.212+0000] {dag.py:3954} INFO - Setting next_dagrun for example_short_circuit_decorator to 2024-05-25 00:00:00+00:00, run_after=2024-05-26 00:00:00+00:00
[2024-05-26T09:10:36.342+0000] {processor.py:183} INFO - Processing /usr/local/python/3.10.13/lib/python3.10/site-packages/airflow/example_dags/example_short_circuit_decorator.py took 0.178 seconds
[2024-05-26T09:11:29.402+0000] {processor.py:161} INFO - Started process (PID=40511) to work on /usr/local/python/3.10.13/lib/python3.10/site-packages/airflow/example_dags/example_short_circuit_decorator.py
[2024-05-26T09:11:29.403+0000] {processor.py:830} INFO - Processing file /usr/local/python/3.10.13/lib/python3.10/site-packages/airflow/example_dags/example_short_circuit_decorator.py for tasks to queue
[2024-05-26T09:11:29.404+0000] {logging_mixin.py:188} INFO - [2024-05-26T09:11:29.403+0000] {dagbag.py:545} INFO - Filling up the DagBag from /usr/local/python/3.10.13/lib/python3.10/site-packages/airflow/example_dags/example_short_circuit_decorator.py
[2024-05-26T09:11:29.411+0000] {processor.py:840} INFO - DAG(s) 'example_short_circuit_decorator' retrieved from /usr/local/python/3.10.13/lib/python3.10/site-packages/airflow/example_dags/example_short_circuit_decorator.py
[2024-05-26T09:11:29.425+0000] {logging_mixin.py:188} INFO - [2024-05-26T09:11:29.425+0000] {dag.py:3096} INFO - Sync 1 DAGs
[2024-05-26T09:11:29.440+0000] {logging_mixin.py:188} INFO - [2024-05-26T09:11:29.440+0000] {dag.py:3954} INFO - Setting next_dagrun for example_short_circuit_decorator to 2024-05-25 00:00:00+00:00, run_after=2024-05-26 00:00:00+00:00
[2024-05-26T09:11:29.480+0000] {processor.py:183} INFO - Processing /usr/local/python/3.10.13/lib/python3.10/site-packages/airflow/example_dags/example_short_circuit_decorator.py took 0.083 seconds
[2024-05-26T09:12:13.293+0000] {processor.py:161} INFO - Started process (PID=40807) to work on /usr/local/python/3.10.13/lib/python3.10/site-packages/airflow/example_dags/example_short_circuit_decorator.py
[2024-05-26T09:12:13.294+0000] {processor.py:830} INFO - Processing file /usr/local/python/3.10.13/lib/python3.10/site-packages/airflow/example_dags/example_short_circuit_decorator.py for tasks to queue
[2024-05-26T09:12:13.295+0000] {logging_mixin.py:188} INFO - [2024-05-26T09:12:13.295+0000] {dagbag.py:545} INFO - Filling up the DagBag from /usr/local/python/3.10.13/lib/python3.10/site-packages/airflow/example_dags/example_short_circuit_decorator.py
[2024-05-26T09:12:13.303+0000] {processor.py:840} INFO - DAG(s) 'example_short_circuit_decorator' retrieved from /usr/local/python/3.10.13/lib/python3.10/site-packages/airflow/example_dags/example_short_circuit_decorator.py
[2024-05-26T09:12:13.319+0000] {logging_mixin.py:188} INFO - [2024-05-26T09:12:13.319+0000] {dag.py:3096} INFO - Sync 1 DAGs
[2024-05-26T09:12:13.334+0000] {logging_mixin.py:188} INFO - [2024-05-26T09:12:13.333+0000] {dag.py:3954} INFO - Setting next_dagrun for example_short_circuit_decorator to 2024-05-25 00:00:00+00:00, run_after=2024-05-26 00:00:00+00:00
[2024-05-26T09:12:13.376+0000] {processor.py:183} INFO - Processing /usr/local/python/3.10.13/lib/python3.10/site-packages/airflow/example_dags/example_short_circuit_decorator.py took 0.087 seconds
[2024-05-26T09:13:03.604+0000] {processor.py:161} INFO - Started process (PID=41242) to work on /usr/local/python/3.10.13/lib/python3.10/site-packages/airflow/example_dags/example_short_circuit_decorator.py
[2024-05-26T09:13:03.605+0000] {processor.py:830} INFO - Processing file /usr/local/python/3.10.13/lib/python3.10/site-packages/airflow/example_dags/example_short_circuit_decorator.py for tasks to queue
[2024-05-26T09:13:03.606+0000] {logging_mixin.py:188} INFO - [2024-05-26T09:13:03.606+0000] {dagbag.py:545} INFO - Filling up the DagBag from /usr/local/python/3.10.13/lib/python3.10/site-packages/airflow/example_dags/example_short_circuit_decorator.py
[2024-05-26T09:13:03.613+0000] {processor.py:840} INFO - DAG(s) 'example_short_circuit_decorator' retrieved from /usr/local/python/3.10.13/lib/python3.10/site-packages/airflow/example_dags/example_short_circuit_decorator.py
[2024-05-26T09:13:03.627+0000] {logging_mixin.py:188} INFO - [2024-05-26T09:13:03.627+0000] {dag.py:3096} INFO - Sync 1 DAGs
[2024-05-26T09:13:03.647+0000] {logging_mixin.py:188} INFO - [2024-05-26T09:13:03.646+0000] {dag.py:3954} INFO - Setting next_dagrun for example_short_circuit_decorator to 2024-05-25 00:00:00+00:00, run_after=2024-05-26 00:00:00+00:00
[2024-05-26T09:13:03.689+0000] {processor.py:183} INFO - Processing /usr/local/python/3.10.13/lib/python3.10/site-packages/airflow/example_dags/example_short_circuit_decorator.py took 0.089 seconds
[2024-05-26T09:13:45.953+0000] {processor.py:161} INFO - Started process (PID=41613) to work on /usr/local/python/3.10.13/lib/python3.10/site-packages/airflow/example_dags/example_short_circuit_decorator.py
[2024-05-26T09:13:45.954+0000] {processor.py:830} INFO - Processing file /usr/local/python/3.10.13/lib/python3.10/site-packages/airflow/example_dags/example_short_circuit_decorator.py for tasks to queue
[2024-05-26T09:13:45.955+0000] {logging_mixin.py:188} INFO - [2024-05-26T09:13:45.955+0000] {dagbag.py:545} INFO - Filling up the DagBag from /usr/local/python/3.10.13/lib/python3.10/site-packages/airflow/example_dags/example_short_circuit_decorator.py
[2024-05-26T09:13:45.963+0000] {processor.py:840} INFO - DAG(s) 'example_short_circuit_decorator' retrieved from /usr/local/python/3.10.13/lib/python3.10/site-packages/airflow/example_dags/example_short_circuit_decorator.py
[2024-05-26T09:13:45.977+0000] {logging_mixin.py:188} INFO - [2024-05-26T09:13:45.977+0000] {dag.py:3096} INFO - Sync 1 DAGs
[2024-05-26T09:13:45.992+0000] {logging_mixin.py:188} INFO - [2024-05-26T09:13:45.992+0000] {dag.py:3954} INFO - Setting next_dagrun for example_short_circuit_decorator to 2024-05-25 00:00:00+00:00, run_after=2024-05-26 00:00:00+00:00
[2024-05-26T09:13:46.031+0000] {processor.py:183} INFO - Processing /usr/local/python/3.10.13/lib/python3.10/site-packages/airflow/example_dags/example_short_circuit_decorator.py took 0.082 seconds
[2024-05-26T09:14:29.878+0000] {processor.py:161} INFO - Started process (PID=41913) to work on /usr/local/python/3.10.13/lib/python3.10/site-packages/airflow/example_dags/example_short_circuit_decorator.py
[2024-05-26T09:14:29.878+0000] {processor.py:830} INFO - Processing file /usr/local/python/3.10.13/lib/python3.10/site-packages/airflow/example_dags/example_short_circuit_decorator.py for tasks to queue
[2024-05-26T09:14:29.880+0000] {logging_mixin.py:188} INFO - [2024-05-26T09:14:29.879+0000] {dagbag.py:545} INFO - Filling up the DagBag from /usr/local/python/3.10.13/lib/python3.10/site-packages/airflow/example_dags/example_short_circuit_decorator.py
[2024-05-26T09:14:29.887+0000] {processor.py:840} INFO - DAG(s) 'example_short_circuit_decorator' retrieved from /usr/local/python/3.10.13/lib/python3.10/site-packages/airflow/example_dags/example_short_circuit_decorator.py
[2024-05-26T09:14:29.902+0000] {logging_mixin.py:188} INFO - [2024-05-26T09:14:29.901+0000] {dag.py:3096} INFO - Sync 1 DAGs
[2024-05-26T09:14:29.917+0000] {logging_mixin.py:188} INFO - [2024-05-26T09:14:29.917+0000] {dag.py:3954} INFO - Setting next_dagrun for example_short_circuit_decorator to 2024-05-25 00:00:00+00:00, run_after=2024-05-26 00:00:00+00:00
[2024-05-26T09:14:29.957+0000] {processor.py:183} INFO - Processing /usr/local/python/3.10.13/lib/python3.10/site-packages/airflow/example_dags/example_short_circuit_decorator.py took 0.084 seconds
[2024-05-26T09:15:14.105+0000] {processor.py:161} INFO - Started process (PID=42228) to work on /usr/local/python/3.10.13/lib/python3.10/site-packages/airflow/example_dags/example_short_circuit_decorator.py
[2024-05-26T09:15:14.106+0000] {processor.py:830} INFO - Processing file /usr/local/python/3.10.13/lib/python3.10/site-packages/airflow/example_dags/example_short_circuit_decorator.py for tasks to queue
[2024-05-26T09:15:14.107+0000] {logging_mixin.py:188} INFO - [2024-05-26T09:15:14.107+0000] {dagbag.py:545} INFO - Filling up the DagBag from /usr/local/python/3.10.13/lib/python3.10/site-packages/airflow/example_dags/example_short_circuit_decorator.py
[2024-05-26T09:15:14.114+0000] {processor.py:840} INFO - DAG(s) 'example_short_circuit_decorator' retrieved from /usr/local/python/3.10.13/lib/python3.10/site-packages/airflow/example_dags/example_short_circuit_decorator.py
[2024-05-26T09:15:14.129+0000] {logging_mixin.py:188} INFO - [2024-05-26T09:15:14.129+0000] {dag.py:3096} INFO - Sync 1 DAGs
[2024-05-26T09:15:14.144+0000] {logging_mixin.py:188} INFO - [2024-05-26T09:15:14.144+0000] {dag.py:3954} INFO - Setting next_dagrun for example_short_circuit_decorator to 2024-05-25 00:00:00+00:00, run_after=2024-05-26 00:00:00+00:00
[2024-05-26T09:15:14.183+0000] {processor.py:183} INFO - Processing /usr/local/python/3.10.13/lib/python3.10/site-packages/airflow/example_dags/example_short_circuit_decorator.py took 0.083 seconds
[2024-05-26T09:15:54.539+0000] {processor.py:161} INFO - Started process (PID=42516) to work on /usr/local/python/3.10.13/lib/python3.10/site-packages/airflow/example_dags/example_short_circuit_decorator.py
[2024-05-26T09:15:54.540+0000] {processor.py:830} INFO - Processing file /usr/local/python/3.10.13/lib/python3.10/site-packages/airflow/example_dags/example_short_circuit_decorator.py for tasks to queue
[2024-05-26T09:15:54.541+0000] {logging_mixin.py:188} INFO - [2024-05-26T09:15:54.540+0000] {dagbag.py:545} INFO - Filling up the DagBag from /usr/local/python/3.10.13/lib/python3.10/site-packages/airflow/example_dags/example_short_circuit_decorator.py
[2024-05-26T09:15:54.548+0000] {processor.py:840} INFO - DAG(s) 'example_short_circuit_decorator' retrieved from /usr/local/python/3.10.13/lib/python3.10/site-packages/airflow/example_dags/example_short_circuit_decorator.py
[2024-05-26T09:15:54.563+0000] {logging_mixin.py:188} INFO - [2024-05-26T09:15:54.563+0000] {dag.py:3096} INFO - Sync 1 DAGs
[2024-05-26T09:15:54.577+0000] {logging_mixin.py:188} INFO - [2024-05-26T09:15:54.577+0000] {dag.py:3954} INFO - Setting next_dagrun for example_short_circuit_decorator to 2024-05-25 00:00:00+00:00, run_after=2024-05-26 00:00:00+00:00
[2024-05-26T09:15:54.618+0000] {processor.py:183} INFO - Processing /usr/local/python/3.10.13/lib/python3.10/site-packages/airflow/example_dags/example_short_circuit_decorator.py took 0.084 seconds
[2024-05-26T09:16:35.952+0000] {processor.py:161} INFO - Started process (PID=42800) to work on /usr/local/python/3.10.13/lib/python3.10/site-packages/airflow/example_dags/example_short_circuit_decorator.py
[2024-05-26T09:16:35.953+0000] {processor.py:830} INFO - Processing file /usr/local/python/3.10.13/lib/python3.10/site-packages/airflow/example_dags/example_short_circuit_decorator.py for tasks to queue
[2024-05-26T09:16:35.954+0000] {logging_mixin.py:188} INFO - [2024-05-26T09:16:35.954+0000] {dagbag.py:545} INFO - Filling up the DagBag from /usr/local/python/3.10.13/lib/python3.10/site-packages/airflow/example_dags/example_short_circuit_decorator.py
[2024-05-26T09:16:35.961+0000] {processor.py:840} INFO - DAG(s) 'example_short_circuit_decorator' retrieved from /usr/local/python/3.10.13/lib/python3.10/site-packages/airflow/example_dags/example_short_circuit_decorator.py
[2024-05-26T09:16:35.975+0000] {logging_mixin.py:188} INFO - [2024-05-26T09:16:35.975+0000] {dag.py:3096} INFO - Sync 1 DAGs
[2024-05-26T09:16:35.990+0000] {logging_mixin.py:188} INFO - [2024-05-26T09:16:35.990+0000] {dag.py:3954} INFO - Setting next_dagrun for example_short_circuit_decorator to 2024-05-25 00:00:00+00:00, run_after=2024-05-26 00:00:00+00:00
[2024-05-26T09:16:36.031+0000] {processor.py:183} INFO - Processing /usr/local/python/3.10.13/lib/python3.10/site-packages/airflow/example_dags/example_short_circuit_decorator.py took 0.083 seconds
[2024-05-26T09:17:18.282+0000] {processor.py:161} INFO - Started process (PID=43092) to work on /usr/local/python/3.10.13/lib/python3.10/site-packages/airflow/example_dags/example_short_circuit_decorator.py
[2024-05-26T09:17:18.283+0000] {processor.py:830} INFO - Processing file /usr/local/python/3.10.13/lib/python3.10/site-packages/airflow/example_dags/example_short_circuit_decorator.py for tasks to queue
[2024-05-26T09:17:18.284+0000] {logging_mixin.py:188} INFO - [2024-05-26T09:17:18.284+0000] {dagbag.py:545} INFO - Filling up the DagBag from /usr/local/python/3.10.13/lib/python3.10/site-packages/airflow/example_dags/example_short_circuit_decorator.py
[2024-05-26T09:17:18.291+0000] {processor.py:840} INFO - DAG(s) 'example_short_circuit_decorator' retrieved from /usr/local/python/3.10.13/lib/python3.10/site-packages/airflow/example_dags/example_short_circuit_decorator.py
[2024-05-26T09:17:18.306+0000] {logging_mixin.py:188} INFO - [2024-05-26T09:17:18.306+0000] {dag.py:3096} INFO - Sync 1 DAGs
[2024-05-26T09:17:18.321+0000] {logging_mixin.py:188} INFO - [2024-05-26T09:17:18.321+0000] {dag.py:3954} INFO - Setting next_dagrun for example_short_circuit_decorator to 2024-05-25 00:00:00+00:00, run_after=2024-05-26 00:00:00+00:00
[2024-05-26T09:17:18.359+0000] {processor.py:183} INFO - Processing /usr/local/python/3.10.13/lib/python3.10/site-packages/airflow/example_dags/example_short_circuit_decorator.py took 0.081 seconds
[2024-05-26T09:18:02.233+0000] {processor.py:161} INFO - Started process (PID=43387) to work on /usr/local/python/3.10.13/lib/python3.10/site-packages/airflow/example_dags/example_short_circuit_decorator.py
[2024-05-26T09:18:02.234+0000] {processor.py:830} INFO - Processing file /usr/local/python/3.10.13/lib/python3.10/site-packages/airflow/example_dags/example_short_circuit_decorator.py for tasks to queue
[2024-05-26T09:18:02.235+0000] {logging_mixin.py:188} INFO - [2024-05-26T09:18:02.235+0000] {dagbag.py:545} INFO - Filling up the DagBag from /usr/local/python/3.10.13/lib/python3.10/site-packages/airflow/example_dags/example_short_circuit_decorator.py
[2024-05-26T09:18:02.242+0000] {processor.py:840} INFO - DAG(s) 'example_short_circuit_decorator' retrieved from /usr/local/python/3.10.13/lib/python3.10/site-packages/airflow/example_dags/example_short_circuit_decorator.py
[2024-05-26T09:18:02.256+0000] {logging_mixin.py:188} INFO - [2024-05-26T09:18:02.256+0000] {dag.py:3096} INFO - Sync 1 DAGs
[2024-05-26T09:18:02.272+0000] {logging_mixin.py:188} INFO - [2024-05-26T09:18:02.271+0000] {dag.py:3954} INFO - Setting next_dagrun for example_short_circuit_decorator to 2024-05-25 00:00:00+00:00, run_after=2024-05-26 00:00:00+00:00
[2024-05-26T09:18:02.311+0000] {processor.py:183} INFO - Processing /usr/local/python/3.10.13/lib/python3.10/site-packages/airflow/example_dags/example_short_circuit_decorator.py took 0.082 seconds
[2024-05-26T09:18:44.225+0000] {processor.py:161} INFO - Started process (PID=43684) to work on /usr/local/python/3.10.13/lib/python3.10/site-packages/airflow/example_dags/example_short_circuit_decorator.py
[2024-05-26T09:18:44.226+0000] {processor.py:830} INFO - Processing file /usr/local/python/3.10.13/lib/python3.10/site-packages/airflow/example_dags/example_short_circuit_decorator.py for tasks to queue
[2024-05-26T09:18:44.227+0000] {logging_mixin.py:188} INFO - [2024-05-26T09:18:44.227+0000] {dagbag.py:545} INFO - Filling up the DagBag from /usr/local/python/3.10.13/lib/python3.10/site-packages/airflow/example_dags/example_short_circuit_decorator.py
[2024-05-26T09:18:44.234+0000] {processor.py:840} INFO - DAG(s) 'example_short_circuit_decorator' retrieved from /usr/local/python/3.10.13/lib/python3.10/site-packages/airflow/example_dags/example_short_circuit_decorator.py
[2024-05-26T09:18:44.249+0000] {logging_mixin.py:188} INFO - [2024-05-26T09:18:44.249+0000] {dag.py:3096} INFO - Sync 1 DAGs
[2024-05-26T09:18:44.265+0000] {logging_mixin.py:188} INFO - [2024-05-26T09:18:44.264+0000] {dag.py:3954} INFO - Setting next_dagrun for example_short_circuit_decorator to 2024-05-25 00:00:00+00:00, run_after=2024-05-26 00:00:00+00:00
[2024-05-26T09:18:44.311+0000] {processor.py:183} INFO - Processing /usr/local/python/3.10.13/lib/python3.10/site-packages/airflow/example_dags/example_short_circuit_decorator.py took 0.091 seconds
[2024-05-26T09:19:25.624+0000] {processor.py:161} INFO - Started process (PID=44025) to work on /usr/local/python/3.10.13/lib/python3.10/site-packages/airflow/example_dags/example_short_circuit_decorator.py
[2024-05-26T09:19:25.625+0000] {processor.py:830} INFO - Processing file /usr/local/python/3.10.13/lib/python3.10/site-packages/airflow/example_dags/example_short_circuit_decorator.py for tasks to queue
[2024-05-26T09:19:25.626+0000] {logging_mixin.py:188} INFO - [2024-05-26T09:19:25.626+0000] {dagbag.py:545} INFO - Filling up the DagBag from /usr/local/python/3.10.13/lib/python3.10/site-packages/airflow/example_dags/example_short_circuit_decorator.py
[2024-05-26T09:19:25.633+0000] {processor.py:840} INFO - DAG(s) 'example_short_circuit_decorator' retrieved from /usr/local/python/3.10.13/lib/python3.10/site-packages/airflow/example_dags/example_short_circuit_decorator.py
[2024-05-26T09:19:25.648+0000] {logging_mixin.py:188} INFO - [2024-05-26T09:19:25.648+0000] {dag.py:3096} INFO - Sync 1 DAGs
[2024-05-26T09:19:25.663+0000] {logging_mixin.py:188} INFO - [2024-05-26T09:19:25.663+0000] {dag.py:3954} INFO - Setting next_dagrun for example_short_circuit_decorator to 2024-05-25 00:00:00+00:00, run_after=2024-05-26 00:00:00+00:00
[2024-05-26T09:19:25.707+0000] {processor.py:183} INFO - Processing /usr/local/python/3.10.13/lib/python3.10/site-packages/airflow/example_dags/example_short_circuit_decorator.py took 0.088 seconds
[2024-05-26T09:20:10.547+0000] {processor.py:161} INFO - Started process (PID=44354) to work on /usr/local/python/3.10.13/lib/python3.10/site-packages/airflow/example_dags/example_short_circuit_decorator.py
[2024-05-26T09:20:10.547+0000] {processor.py:830} INFO - Processing file /usr/local/python/3.10.13/lib/python3.10/site-packages/airflow/example_dags/example_short_circuit_decorator.py for tasks to queue
[2024-05-26T09:20:10.549+0000] {logging_mixin.py:188} INFO - [2024-05-26T09:20:10.549+0000] {dagbag.py:545} INFO - Filling up the DagBag from /usr/local/python/3.10.13/lib/python3.10/site-packages/airflow/example_dags/example_short_circuit_decorator.py
[2024-05-26T09:20:10.561+0000] {processor.py:840} INFO - DAG(s) 'example_short_circuit_decorator' retrieved from /usr/local/python/3.10.13/lib/python3.10/site-packages/airflow/example_dags/example_short_circuit_decorator.py
[2024-05-26T09:20:10.583+0000] {logging_mixin.py:188} INFO - [2024-05-26T09:20:10.582+0000] {dag.py:3096} INFO - Sync 1 DAGs
[2024-05-26T09:20:10.604+0000] {logging_mixin.py:188} INFO - [2024-05-26T09:20:10.604+0000] {dag.py:3954} INFO - Setting next_dagrun for example_short_circuit_decorator to 2024-05-25 00:00:00+00:00, run_after=2024-05-26 00:00:00+00:00
[2024-05-26T09:20:10.648+0000] {processor.py:183} INFO - Processing /usr/local/python/3.10.13/lib/python3.10/site-packages/airflow/example_dags/example_short_circuit_decorator.py took 0.108 seconds
[2024-05-26T09:20:50.820+0000] {processor.py:161} INFO - Started process (PID=44631) to work on /usr/local/python/3.10.13/lib/python3.10/site-packages/airflow/example_dags/example_short_circuit_decorator.py
[2024-05-26T09:20:50.820+0000] {processor.py:830} INFO - Processing file /usr/local/python/3.10.13/lib/python3.10/site-packages/airflow/example_dags/example_short_circuit_decorator.py for tasks to queue
[2024-05-26T09:20:50.821+0000] {logging_mixin.py:188} INFO - [2024-05-26T09:20:50.821+0000] {dagbag.py:545} INFO - Filling up the DagBag from /usr/local/python/3.10.13/lib/python3.10/site-packages/airflow/example_dags/example_short_circuit_decorator.py
[2024-05-26T09:20:50.828+0000] {processor.py:840} INFO - DAG(s) 'example_short_circuit_decorator' retrieved from /usr/local/python/3.10.13/lib/python3.10/site-packages/airflow/example_dags/example_short_circuit_decorator.py
[2024-05-26T09:20:50.843+0000] {logging_mixin.py:188} INFO - [2024-05-26T09:20:50.843+0000] {dag.py:3096} INFO - Sync 1 DAGs
[2024-05-26T09:20:50.858+0000] {logging_mixin.py:188} INFO - [2024-05-26T09:20:50.857+0000] {dag.py:3954} INFO - Setting next_dagrun for example_short_circuit_decorator to 2024-05-25 00:00:00+00:00, run_after=2024-05-26 00:00:00+00:00
[2024-05-26T09:20:50.896+0000] {processor.py:183} INFO - Processing /usr/local/python/3.10.13/lib/python3.10/site-packages/airflow/example_dags/example_short_circuit_decorator.py took 0.081 seconds
[2024-05-26T09:21:33.096+0000] {processor.py:161} INFO - Started process (PID=44924) to work on /usr/local/python/3.10.13/lib/python3.10/site-packages/airflow/example_dags/example_short_circuit_decorator.py
[2024-05-26T09:21:33.097+0000] {processor.py:830} INFO - Processing file /usr/local/python/3.10.13/lib/python3.10/site-packages/airflow/example_dags/example_short_circuit_decorator.py for tasks to queue
[2024-05-26T09:21:33.098+0000] {logging_mixin.py:188} INFO - [2024-05-26T09:21:33.098+0000] {dagbag.py:545} INFO - Filling up the DagBag from /usr/local/python/3.10.13/lib/python3.10/site-packages/airflow/example_dags/example_short_circuit_decorator.py
[2024-05-26T09:21:33.105+0000] {processor.py:840} INFO - DAG(s) 'example_short_circuit_decorator' retrieved from /usr/local/python/3.10.13/lib/python3.10/site-packages/airflow/example_dags/example_short_circuit_decorator.py
[2024-05-26T09:21:33.120+0000] {logging_mixin.py:188} INFO - [2024-05-26T09:21:33.120+0000] {dag.py:3096} INFO - Sync 1 DAGs
[2024-05-26T09:21:33.135+0000] {logging_mixin.py:188} INFO - [2024-05-26T09:21:33.135+0000] {dag.py:3954} INFO - Setting next_dagrun for example_short_circuit_decorator to 2024-05-25 00:00:00+00:00, run_after=2024-05-26 00:00:00+00:00
[2024-05-26T09:21:33.175+0000] {processor.py:183} INFO - Processing /usr/local/python/3.10.13/lib/python3.10/site-packages/airflow/example_dags/example_short_circuit_decorator.py took 0.085 seconds
[2024-05-26T09:22:15.479+0000] {processor.py:161} INFO - Started process (PID=45216) to work on /usr/local/python/3.10.13/lib/python3.10/site-packages/airflow/example_dags/example_short_circuit_decorator.py
[2024-05-26T09:22:15.479+0000] {processor.py:830} INFO - Processing file /usr/local/python/3.10.13/lib/python3.10/site-packages/airflow/example_dags/example_short_circuit_decorator.py for tasks to queue
[2024-05-26T09:22:15.480+0000] {logging_mixin.py:188} INFO - [2024-05-26T09:22:15.480+0000] {dagbag.py:545} INFO - Filling up the DagBag from /usr/local/python/3.10.13/lib/python3.10/site-packages/airflow/example_dags/example_short_circuit_decorator.py
[2024-05-26T09:22:15.488+0000] {processor.py:840} INFO - DAG(s) 'example_short_circuit_decorator' retrieved from /usr/local/python/3.10.13/lib/python3.10/site-packages/airflow/example_dags/example_short_circuit_decorator.py
[2024-05-26T09:22:15.502+0000] {logging_mixin.py:188} INFO - [2024-05-26T09:22:15.502+0000] {dag.py:3096} INFO - Sync 1 DAGs
[2024-05-26T09:22:15.517+0000] {logging_mixin.py:188} INFO - [2024-05-26T09:22:15.517+0000] {dag.py:3954} INFO - Setting next_dagrun for example_short_circuit_decorator to 2024-05-25 00:00:00+00:00, run_after=2024-05-26 00:00:00+00:00
[2024-05-26T09:22:15.555+0000] {processor.py:183} INFO - Processing /usr/local/python/3.10.13/lib/python3.10/site-packages/airflow/example_dags/example_short_circuit_decorator.py took 0.081 seconds
[2024-05-26T09:22:53.186+0000] {processor.py:161} INFO - Started process (PID=45483) to work on /usr/local/python/3.10.13/lib/python3.10/site-packages/airflow/example_dags/example_short_circuit_decorator.py
[2024-05-26T09:22:53.187+0000] {processor.py:830} INFO - Processing file /usr/local/python/3.10.13/lib/python3.10/site-packages/airflow/example_dags/example_short_circuit_decorator.py for tasks to queue
[2024-05-26T09:22:53.188+0000] {logging_mixin.py:188} INFO - [2024-05-26T09:22:53.188+0000] {dagbag.py:545} INFO - Filling up the DagBag from /usr/local/python/3.10.13/lib/python3.10/site-packages/airflow/example_dags/example_short_circuit_decorator.py
[2024-05-26T09:22:53.200+0000] {processor.py:840} INFO - DAG(s) 'example_short_circuit_decorator' retrieved from /usr/local/python/3.10.13/lib/python3.10/site-packages/airflow/example_dags/example_short_circuit_decorator.py
[2024-05-26T09:22:53.221+0000] {logging_mixin.py:188} INFO - [2024-05-26T09:22:53.220+0000] {dag.py:3096} INFO - Sync 1 DAGs
[2024-05-26T09:22:53.235+0000] {logging_mixin.py:188} INFO - [2024-05-26T09:22:53.235+0000] {dag.py:3954} INFO - Setting next_dagrun for example_short_circuit_decorator to 2024-05-25 00:00:00+00:00, run_after=2024-05-26 00:00:00+00:00
[2024-05-26T09:22:53.283+0000] {processor.py:183} INFO - Processing /usr/local/python/3.10.13/lib/python3.10/site-packages/airflow/example_dags/example_short_circuit_decorator.py took 0.104 seconds
[2024-05-26T09:23:36.216+0000] {processor.py:161} INFO - Started process (PID=45776) to work on /usr/local/python/3.10.13/lib/python3.10/site-packages/airflow/example_dags/example_short_circuit_decorator.py
[2024-05-26T09:23:36.217+0000] {processor.py:830} INFO - Processing file /usr/local/python/3.10.13/lib/python3.10/site-packages/airflow/example_dags/example_short_circuit_decorator.py for tasks to queue
[2024-05-26T09:23:36.218+0000] {logging_mixin.py:188} INFO - [2024-05-26T09:23:36.218+0000] {dagbag.py:545} INFO - Filling up the DagBag from /usr/local/python/3.10.13/lib/python3.10/site-packages/airflow/example_dags/example_short_circuit_decorator.py
[2024-05-26T09:23:36.225+0000] {processor.py:840} INFO - DAG(s) 'example_short_circuit_decorator' retrieved from /usr/local/python/3.10.13/lib/python3.10/site-packages/airflow/example_dags/example_short_circuit_decorator.py
[2024-05-26T09:23:36.239+0000] {logging_mixin.py:188} INFO - [2024-05-26T09:23:36.239+0000] {dag.py:3096} INFO - Sync 1 DAGs
[2024-05-26T09:23:36.254+0000] {logging_mixin.py:188} INFO - [2024-05-26T09:23:36.254+0000] {dag.py:3954} INFO - Setting next_dagrun for example_short_circuit_decorator to 2024-05-25 00:00:00+00:00, run_after=2024-05-26 00:00:00+00:00
[2024-05-26T09:23:36.305+0000] {processor.py:183} INFO - Processing /usr/local/python/3.10.13/lib/python3.10/site-packages/airflow/example_dags/example_short_circuit_decorator.py took 0.094 seconds
[2024-05-26T09:24:18.752+0000] {processor.py:161} INFO - Started process (PID=46071) to work on /usr/local/python/3.10.13/lib/python3.10/site-packages/airflow/example_dags/example_short_circuit_decorator.py
[2024-05-26T09:24:18.753+0000] {processor.py:830} INFO - Processing file /usr/local/python/3.10.13/lib/python3.10/site-packages/airflow/example_dags/example_short_circuit_decorator.py for tasks to queue
[2024-05-26T09:24:18.754+0000] {logging_mixin.py:188} INFO - [2024-05-26T09:24:18.754+0000] {dagbag.py:545} INFO - Filling up the DagBag from /usr/local/python/3.10.13/lib/python3.10/site-packages/airflow/example_dags/example_short_circuit_decorator.py
[2024-05-26T09:24:18.762+0000] {processor.py:840} INFO - DAG(s) 'example_short_circuit_decorator' retrieved from /usr/local/python/3.10.13/lib/python3.10/site-packages/airflow/example_dags/example_short_circuit_decorator.py
[2024-05-26T09:24:18.776+0000] {logging_mixin.py:188} INFO - [2024-05-26T09:24:18.776+0000] {dag.py:3096} INFO - Sync 1 DAGs
[2024-05-26T09:24:18.791+0000] {logging_mixin.py:188} INFO - [2024-05-26T09:24:18.790+0000] {dag.py:3954} INFO - Setting next_dagrun for example_short_circuit_decorator to 2024-05-25 00:00:00+00:00, run_after=2024-05-26 00:00:00+00:00
[2024-05-26T09:24:18.828+0000] {processor.py:183} INFO - Processing /usr/local/python/3.10.13/lib/python3.10/site-packages/airflow/example_dags/example_short_circuit_decorator.py took 0.081 seconds
[2024-05-26T09:24:58.969+0000] {processor.py:161} INFO - Started process (PID=46346) to work on /usr/local/python/3.10.13/lib/python3.10/site-packages/airflow/example_dags/example_short_circuit_decorator.py
[2024-05-26T09:24:58.970+0000] {processor.py:830} INFO - Processing file /usr/local/python/3.10.13/lib/python3.10/site-packages/airflow/example_dags/example_short_circuit_decorator.py for tasks to queue
[2024-05-26T09:24:58.971+0000] {logging_mixin.py:188} INFO - [2024-05-26T09:24:58.971+0000] {dagbag.py:545} INFO - Filling up the DagBag from /usr/local/python/3.10.13/lib/python3.10/site-packages/airflow/example_dags/example_short_circuit_decorator.py
[2024-05-26T09:24:58.978+0000] {processor.py:840} INFO - DAG(s) 'example_short_circuit_decorator' retrieved from /usr/local/python/3.10.13/lib/python3.10/site-packages/airflow/example_dags/example_short_circuit_decorator.py
[2024-05-26T09:24:58.993+0000] {logging_mixin.py:188} INFO - [2024-05-26T09:24:58.992+0000] {dag.py:3096} INFO - Sync 1 DAGs
[2024-05-26T09:24:59.008+0000] {logging_mixin.py:188} INFO - [2024-05-26T09:24:59.008+0000] {dag.py:3954} INFO - Setting next_dagrun for example_short_circuit_decorator to 2024-05-25 00:00:00+00:00, run_after=2024-05-26 00:00:00+00:00
[2024-05-26T09:24:59.044+0000] {processor.py:183} INFO - Processing /usr/local/python/3.10.13/lib/python3.10/site-packages/airflow/example_dags/example_short_circuit_decorator.py took 0.080 seconds
[2024-05-26T09:25:40.252+0000] {processor.py:161} INFO - Started process (PID=46643) to work on /usr/local/python/3.10.13/lib/python3.10/site-packages/airflow/example_dags/example_short_circuit_decorator.py
[2024-05-26T09:25:40.253+0000] {processor.py:830} INFO - Processing file /usr/local/python/3.10.13/lib/python3.10/site-packages/airflow/example_dags/example_short_circuit_decorator.py for tasks to queue
[2024-05-26T09:25:40.254+0000] {logging_mixin.py:188} INFO - [2024-05-26T09:25:40.254+0000] {dagbag.py:545} INFO - Filling up the DagBag from /usr/local/python/3.10.13/lib/python3.10/site-packages/airflow/example_dags/example_short_circuit_decorator.py
[2024-05-26T09:25:40.261+0000] {processor.py:840} INFO - DAG(s) 'example_short_circuit_decorator' retrieved from /usr/local/python/3.10.13/lib/python3.10/site-packages/airflow/example_dags/example_short_circuit_decorator.py
[2024-05-26T09:25:40.276+0000] {logging_mixin.py:188} INFO - [2024-05-26T09:25:40.276+0000] {dag.py:3096} INFO - Sync 1 DAGs
[2024-05-26T09:25:40.292+0000] {logging_mixin.py:188} INFO - [2024-05-26T09:25:40.292+0000] {dag.py:3954} INFO - Setting next_dagrun for example_short_circuit_decorator to 2024-05-25 00:00:00+00:00, run_after=2024-05-26 00:00:00+00:00
[2024-05-26T09:25:40.330+0000] {processor.py:183} INFO - Processing /usr/local/python/3.10.13/lib/python3.10/site-packages/airflow/example_dags/example_short_circuit_decorator.py took 0.083 seconds
[2024-05-26T09:26:21.768+0000] {processor.py:161} INFO - Started process (PID=46954) to work on /usr/local/python/3.10.13/lib/python3.10/site-packages/airflow/example_dags/example_short_circuit_decorator.py
[2024-05-26T09:26:21.769+0000] {processor.py:830} INFO - Processing file /usr/local/python/3.10.13/lib/python3.10/site-packages/airflow/example_dags/example_short_circuit_decorator.py for tasks to queue
[2024-05-26T09:26:21.770+0000] {logging_mixin.py:188} INFO - [2024-05-26T09:26:21.770+0000] {dagbag.py:545} INFO - Filling up the DagBag from /usr/local/python/3.10.13/lib/python3.10/site-packages/airflow/example_dags/example_short_circuit_decorator.py
[2024-05-26T09:26:21.777+0000] {processor.py:840} INFO - DAG(s) 'example_short_circuit_decorator' retrieved from /usr/local/python/3.10.13/lib/python3.10/site-packages/airflow/example_dags/example_short_circuit_decorator.py
[2024-05-26T09:26:21.792+0000] {logging_mixin.py:188} INFO - [2024-05-26T09:26:21.791+0000] {dag.py:3096} INFO - Sync 1 DAGs
[2024-05-26T09:26:21.807+0000] {logging_mixin.py:188} INFO - [2024-05-26T09:26:21.806+0000] {dag.py:3954} INFO - Setting next_dagrun for example_short_circuit_decorator to 2024-05-25 00:00:00+00:00, run_after=2024-05-26 00:00:00+00:00
[2024-05-26T09:26:21.844+0000] {processor.py:183} INFO - Processing /usr/local/python/3.10.13/lib/python3.10/site-packages/airflow/example_dags/example_short_circuit_decorator.py took 0.081 seconds
[2024-05-26T09:27:03.066+0000] {processor.py:161} INFO - Started process (PID=47259) to work on /usr/local/python/3.10.13/lib/python3.10/site-packages/airflow/example_dags/example_short_circuit_decorator.py
[2024-05-26T09:27:03.067+0000] {processor.py:830} INFO - Processing file /usr/local/python/3.10.13/lib/python3.10/site-packages/airflow/example_dags/example_short_circuit_decorator.py for tasks to queue
[2024-05-26T09:27:03.068+0000] {logging_mixin.py:188} INFO - [2024-05-26T09:27:03.068+0000] {dagbag.py:545} INFO - Filling up the DagBag from /usr/local/python/3.10.13/lib/python3.10/site-packages/airflow/example_dags/example_short_circuit_decorator.py
[2024-05-26T09:27:03.075+0000] {processor.py:840} INFO - DAG(s) 'example_short_circuit_decorator' retrieved from /usr/local/python/3.10.13/lib/python3.10/site-packages/airflow/example_dags/example_short_circuit_decorator.py
[2024-05-26T09:27:03.090+0000] {logging_mixin.py:188} INFO - [2024-05-26T09:27:03.089+0000] {dag.py:3096} INFO - Sync 1 DAGs
[2024-05-26T09:27:03.104+0000] {logging_mixin.py:188} INFO - [2024-05-26T09:27:03.104+0000] {dag.py:3954} INFO - Setting next_dagrun for example_short_circuit_decorator to 2024-05-25 00:00:00+00:00, run_after=2024-05-26 00:00:00+00:00
[2024-05-26T09:27:03.145+0000] {processor.py:183} INFO - Processing /usr/local/python/3.10.13/lib/python3.10/site-packages/airflow/example_dags/example_short_circuit_decorator.py took 0.084 seconds
[2024-05-26T09:27:43.237+0000] {processor.py:161} INFO - Started process (PID=47534) to work on /usr/local/python/3.10.13/lib/python3.10/site-packages/airflow/example_dags/example_short_circuit_decorator.py
[2024-05-26T09:27:43.237+0000] {processor.py:830} INFO - Processing file /usr/local/python/3.10.13/lib/python3.10/site-packages/airflow/example_dags/example_short_circuit_decorator.py for tasks to queue
[2024-05-26T09:27:43.239+0000] {logging_mixin.py:188} INFO - [2024-05-26T09:27:43.238+0000] {dagbag.py:545} INFO - Filling up the DagBag from /usr/local/python/3.10.13/lib/python3.10/site-packages/airflow/example_dags/example_short_circuit_decorator.py
[2024-05-26T09:27:43.246+0000] {processor.py:840} INFO - DAG(s) 'example_short_circuit_decorator' retrieved from /usr/local/python/3.10.13/lib/python3.10/site-packages/airflow/example_dags/example_short_circuit_decorator.py
[2024-05-26T09:27:43.261+0000] {logging_mixin.py:188} INFO - [2024-05-26T09:27:43.260+0000] {dag.py:3096} INFO - Sync 1 DAGs
[2024-05-26T09:27:43.276+0000] {logging_mixin.py:188} INFO - [2024-05-26T09:27:43.276+0000] {dag.py:3954} INFO - Setting next_dagrun for example_short_circuit_decorator to 2024-05-25 00:00:00+00:00, run_after=2024-05-26 00:00:00+00:00
[2024-05-26T09:27:43.314+0000] {processor.py:183} INFO - Processing /usr/local/python/3.10.13/lib/python3.10/site-packages/airflow/example_dags/example_short_circuit_decorator.py took 0.082 seconds
[2024-05-26T09:28:24.932+0000] {processor.py:161} INFO - Started process (PID=47828) to work on /usr/local/python/3.10.13/lib/python3.10/site-packages/airflow/example_dags/example_short_circuit_decorator.py
[2024-05-26T09:28:24.933+0000] {processor.py:830} INFO - Processing file /usr/local/python/3.10.13/lib/python3.10/site-packages/airflow/example_dags/example_short_circuit_decorator.py for tasks to queue
[2024-05-26T09:28:24.934+0000] {logging_mixin.py:188} INFO - [2024-05-26T09:28:24.934+0000] {dagbag.py:545} INFO - Filling up the DagBag from /usr/local/python/3.10.13/lib/python3.10/site-packages/airflow/example_dags/example_short_circuit_decorator.py
[2024-05-26T09:28:24.941+0000] {processor.py:840} INFO - DAG(s) 'example_short_circuit_decorator' retrieved from /usr/local/python/3.10.13/lib/python3.10/site-packages/airflow/example_dags/example_short_circuit_decorator.py
[2024-05-26T09:28:24.956+0000] {logging_mixin.py:188} INFO - [2024-05-26T09:28:24.956+0000] {dag.py:3096} INFO - Sync 1 DAGs
[2024-05-26T09:28:24.970+0000] {logging_mixin.py:188} INFO - [2024-05-26T09:28:24.970+0000] {dag.py:3954} INFO - Setting next_dagrun for example_short_circuit_decorator to 2024-05-25 00:00:00+00:00, run_after=2024-05-26 00:00:00+00:00
[2024-05-26T09:28:25.006+0000] {processor.py:183} INFO - Processing /usr/local/python/3.10.13/lib/python3.10/site-packages/airflow/example_dags/example_short_circuit_decorator.py took 0.079 seconds
[2024-05-26T09:29:06.013+0000] {processor.py:161} INFO - Started process (PID=48114) to work on /usr/local/python/3.10.13/lib/python3.10/site-packages/airflow/example_dags/example_short_circuit_decorator.py
[2024-05-26T09:29:06.014+0000] {processor.py:830} INFO - Processing file /usr/local/python/3.10.13/lib/python3.10/site-packages/airflow/example_dags/example_short_circuit_decorator.py for tasks to queue
[2024-05-26T09:29:06.015+0000] {logging_mixin.py:188} INFO - [2024-05-26T09:29:06.015+0000] {dagbag.py:545} INFO - Filling up the DagBag from /usr/local/python/3.10.13/lib/python3.10/site-packages/airflow/example_dags/example_short_circuit_decorator.py
[2024-05-26T09:29:06.022+0000] {processor.py:840} INFO - DAG(s) 'example_short_circuit_decorator' retrieved from /usr/local/python/3.10.13/lib/python3.10/site-packages/airflow/example_dags/example_short_circuit_decorator.py
[2024-05-26T09:29:06.037+0000] {logging_mixin.py:188} INFO - [2024-05-26T09:29:06.037+0000] {dag.py:3096} INFO - Sync 1 DAGs
[2024-05-26T09:29:06.052+0000] {logging_mixin.py:188} INFO - [2024-05-26T09:29:06.052+0000] {dag.py:3954} INFO - Setting next_dagrun for example_short_circuit_decorator to 2024-05-25 00:00:00+00:00, run_after=2024-05-26 00:00:00+00:00
[2024-05-26T09:29:06.091+0000] {processor.py:183} INFO - Processing /usr/local/python/3.10.13/lib/python3.10/site-packages/airflow/example_dags/example_short_circuit_decorator.py took 0.082 seconds
[2024-05-26T09:29:48.427+0000] {processor.py:161} INFO - Started process (PID=48420) to work on /usr/local/python/3.10.13/lib/python3.10/site-packages/airflow/example_dags/example_short_circuit_decorator.py
[2024-05-26T09:29:48.428+0000] {processor.py:830} INFO - Processing file /usr/local/python/3.10.13/lib/python3.10/site-packages/airflow/example_dags/example_short_circuit_decorator.py for tasks to queue
[2024-05-26T09:29:48.429+0000] {logging_mixin.py:188} INFO - [2024-05-26T09:29:48.429+0000] {dagbag.py:545} INFO - Filling up the DagBag from /usr/local/python/3.10.13/lib/python3.10/site-packages/airflow/example_dags/example_short_circuit_decorator.py
[2024-05-26T09:29:48.436+0000] {processor.py:840} INFO - DAG(s) 'example_short_circuit_decorator' retrieved from /usr/local/python/3.10.13/lib/python3.10/site-packages/airflow/example_dags/example_short_circuit_decorator.py
[2024-05-26T09:29:48.451+0000] {logging_mixin.py:188} INFO - [2024-05-26T09:29:48.450+0000] {dag.py:3096} INFO - Sync 1 DAGs
[2024-05-26T09:29:48.466+0000] {logging_mixin.py:188} INFO - [2024-05-26T09:29:48.466+0000] {dag.py:3954} INFO - Setting next_dagrun for example_short_circuit_decorator to 2024-05-25 00:00:00+00:00, run_after=2024-05-26 00:00:00+00:00
[2024-05-26T09:29:48.504+0000] {processor.py:183} INFO - Processing /usr/local/python/3.10.13/lib/python3.10/site-packages/airflow/example_dags/example_short_circuit_decorator.py took 0.081 seconds
[2024-05-26T09:30:28.583+0000] {processor.py:161} INFO - Started process (PID=48701) to work on /usr/local/python/3.10.13/lib/python3.10/site-packages/airflow/example_dags/example_short_circuit_decorator.py
[2024-05-26T09:30:28.584+0000] {processor.py:830} INFO - Processing file /usr/local/python/3.10.13/lib/python3.10/site-packages/airflow/example_dags/example_short_circuit_decorator.py for tasks to queue
[2024-05-26T09:30:28.585+0000] {logging_mixin.py:188} INFO - [2024-05-26T09:30:28.585+0000] {dagbag.py:545} INFO - Filling up the DagBag from /usr/local/python/3.10.13/lib/python3.10/site-packages/airflow/example_dags/example_short_circuit_decorator.py
[2024-05-26T09:30:28.593+0000] {processor.py:840} INFO - DAG(s) 'example_short_circuit_decorator' retrieved from /usr/local/python/3.10.13/lib/python3.10/site-packages/airflow/example_dags/example_short_circuit_decorator.py
[2024-05-26T09:30:28.607+0000] {logging_mixin.py:188} INFO - [2024-05-26T09:30:28.607+0000] {dag.py:3096} INFO - Sync 1 DAGs
[2024-05-26T09:30:28.622+0000] {logging_mixin.py:188} INFO - [2024-05-26T09:30:28.622+0000] {dag.py:3954} INFO - Setting next_dagrun for example_short_circuit_decorator to 2024-05-25 00:00:00+00:00, run_after=2024-05-26 00:00:00+00:00
[2024-05-26T09:30:28.658+0000] {processor.py:183} INFO - Processing /usr/local/python/3.10.13/lib/python3.10/site-packages/airflow/example_dags/example_short_circuit_decorator.py took 0.079 seconds
[2024-05-26T09:31:05.719+0000] {processor.py:161} INFO - Started process (PID=48949) to work on /usr/local/python/3.10.13/lib/python3.10/site-packages/airflow/example_dags/example_short_circuit_decorator.py
[2024-05-26T09:31:05.719+0000] {processor.py:830} INFO - Processing file /usr/local/python/3.10.13/lib/python3.10/site-packages/airflow/example_dags/example_short_circuit_decorator.py for tasks to queue
[2024-05-26T09:31:05.721+0000] {logging_mixin.py:188} INFO - [2024-05-26T09:31:05.720+0000] {dagbag.py:545} INFO - Filling up the DagBag from /usr/local/python/3.10.13/lib/python3.10/site-packages/airflow/example_dags/example_short_circuit_decorator.py
[2024-05-26T09:31:05.728+0000] {processor.py:840} INFO - DAG(s) 'example_short_circuit_decorator' retrieved from /usr/local/python/3.10.13/lib/python3.10/site-packages/airflow/example_dags/example_short_circuit_decorator.py
[2024-05-26T09:31:05.743+0000] {logging_mixin.py:188} INFO - [2024-05-26T09:31:05.742+0000] {dag.py:3096} INFO - Sync 1 DAGs
[2024-05-26T09:31:05.758+0000] {logging_mixin.py:188} INFO - [2024-05-26T09:31:05.757+0000] {dag.py:3954} INFO - Setting next_dagrun for example_short_circuit_decorator to 2024-05-25 00:00:00+00:00, run_after=2024-05-26 00:00:00+00:00
[2024-05-26T09:31:05.801+0000] {processor.py:183} INFO - Processing /usr/local/python/3.10.13/lib/python3.10/site-packages/airflow/example_dags/example_short_circuit_decorator.py took 0.087 seconds
[2024-05-26T09:31:48.394+0000] {processor.py:161} INFO - Started process (PID=49242) to work on /usr/local/python/3.10.13/lib/python3.10/site-packages/airflow/example_dags/example_short_circuit_decorator.py
[2024-05-26T09:31:48.394+0000] {processor.py:830} INFO - Processing file /usr/local/python/3.10.13/lib/python3.10/site-packages/airflow/example_dags/example_short_circuit_decorator.py for tasks to queue
[2024-05-26T09:31:48.396+0000] {logging_mixin.py:188} INFO - [2024-05-26T09:31:48.395+0000] {dagbag.py:545} INFO - Filling up the DagBag from /usr/local/python/3.10.13/lib/python3.10/site-packages/airflow/example_dags/example_short_circuit_decorator.py
[2024-05-26T09:31:48.403+0000] {processor.py:840} INFO - DAG(s) 'example_short_circuit_decorator' retrieved from /usr/local/python/3.10.13/lib/python3.10/site-packages/airflow/example_dags/example_short_circuit_decorator.py
[2024-05-26T09:31:48.418+0000] {logging_mixin.py:188} INFO - [2024-05-26T09:31:48.418+0000] {dag.py:3096} INFO - Sync 1 DAGs
[2024-05-26T09:31:48.433+0000] {logging_mixin.py:188} INFO - [2024-05-26T09:31:48.433+0000] {dag.py:3954} INFO - Setting next_dagrun for example_short_circuit_decorator to 2024-05-25 00:00:00+00:00, run_after=2024-05-26 00:00:00+00:00
[2024-05-26T09:31:48.470+0000] {processor.py:183} INFO - Processing /usr/local/python/3.10.13/lib/python3.10/site-packages/airflow/example_dags/example_short_circuit_decorator.py took 0.081 seconds
[2024-05-26T09:32:32.925+0000] {processor.py:161} INFO - Started process (PID=49559) to work on /usr/local/python/3.10.13/lib/python3.10/site-packages/airflow/example_dags/example_short_circuit_decorator.py
[2024-05-26T09:32:32.926+0000] {processor.py:830} INFO - Processing file /usr/local/python/3.10.13/lib/python3.10/site-packages/airflow/example_dags/example_short_circuit_decorator.py for tasks to queue
[2024-05-26T09:32:32.927+0000] {logging_mixin.py:188} INFO - [2024-05-26T09:32:32.927+0000] {dagbag.py:545} INFO - Filling up the DagBag from /usr/local/python/3.10.13/lib/python3.10/site-packages/airflow/example_dags/example_short_circuit_decorator.py
[2024-05-26T09:32:32.934+0000] {processor.py:840} INFO - DAG(s) 'example_short_circuit_decorator' retrieved from /usr/local/python/3.10.13/lib/python3.10/site-packages/airflow/example_dags/example_short_circuit_decorator.py
[2024-05-26T09:32:32.949+0000] {logging_mixin.py:188} INFO - [2024-05-26T09:32:32.949+0000] {dag.py:3096} INFO - Sync 1 DAGs
[2024-05-26T09:32:32.964+0000] {logging_mixin.py:188} INFO - [2024-05-26T09:32:32.964+0000] {dag.py:3954} INFO - Setting next_dagrun for example_short_circuit_decorator to 2024-05-25 00:00:00+00:00, run_after=2024-05-26 00:00:00+00:00
[2024-05-26T09:32:33.000+0000] {processor.py:183} INFO - Processing /usr/local/python/3.10.13/lib/python3.10/site-packages/airflow/example_dags/example_short_circuit_decorator.py took 0.080 seconds
[2024-05-26T09:33:12.363+0000] {processor.py:161} INFO - Started process (PID=49853) to work on /usr/local/python/3.10.13/lib/python3.10/site-packages/airflow/example_dags/example_short_circuit_decorator.py
[2024-05-26T09:33:12.364+0000] {processor.py:830} INFO - Processing file /usr/local/python/3.10.13/lib/python3.10/site-packages/airflow/example_dags/example_short_circuit_decorator.py for tasks to queue
[2024-05-26T09:33:12.365+0000] {logging_mixin.py:188} INFO - [2024-05-26T09:33:12.365+0000] {dagbag.py:545} INFO - Filling up the DagBag from /usr/local/python/3.10.13/lib/python3.10/site-packages/airflow/example_dags/example_short_circuit_decorator.py
[2024-05-26T09:33:12.372+0000] {processor.py:840} INFO - DAG(s) 'example_short_circuit_decorator' retrieved from /usr/local/python/3.10.13/lib/python3.10/site-packages/airflow/example_dags/example_short_circuit_decorator.py
[2024-05-26T09:33:12.387+0000] {logging_mixin.py:188} INFO - [2024-05-26T09:33:12.387+0000] {dag.py:3096} INFO - Sync 1 DAGs
[2024-05-26T09:33:12.402+0000] {logging_mixin.py:188} INFO - [2024-05-26T09:33:12.402+0000] {dag.py:3954} INFO - Setting next_dagrun for example_short_circuit_decorator to 2024-05-25 00:00:00+00:00, run_after=2024-05-26 00:00:00+00:00
[2024-05-26T09:33:12.439+0000] {processor.py:183} INFO - Processing /usr/local/python/3.10.13/lib/python3.10/site-packages/airflow/example_dags/example_short_circuit_decorator.py took 0.080 seconds
[2024-05-26T09:33:50.887+0000] {processor.py:161} INFO - Started process (PID=50105) to work on /usr/local/python/3.10.13/lib/python3.10/site-packages/airflow/example_dags/example_short_circuit_decorator.py
[2024-05-26T09:33:50.888+0000] {processor.py:830} INFO - Processing file /usr/local/python/3.10.13/lib/python3.10/site-packages/airflow/example_dags/example_short_circuit_decorator.py for tasks to queue
[2024-05-26T09:33:50.889+0000] {logging_mixin.py:188} INFO - [2024-05-26T09:33:50.889+0000] {dagbag.py:545} INFO - Filling up the DagBag from /usr/local/python/3.10.13/lib/python3.10/site-packages/airflow/example_dags/example_short_circuit_decorator.py
[2024-05-26T09:33:50.897+0000] {processor.py:840} INFO - DAG(s) 'example_short_circuit_decorator' retrieved from /usr/local/python/3.10.13/lib/python3.10/site-packages/airflow/example_dags/example_short_circuit_decorator.py
[2024-05-26T09:33:50.911+0000] {logging_mixin.py:188} INFO - [2024-05-26T09:33:50.911+0000] {dag.py:3096} INFO - Sync 1 DAGs
[2024-05-26T09:33:50.926+0000] {logging_mixin.py:188} INFO - [2024-05-26T09:33:50.926+0000] {dag.py:3954} INFO - Setting next_dagrun for example_short_circuit_decorator to 2024-05-25 00:00:00+00:00, run_after=2024-05-26 00:00:00+00:00
[2024-05-26T09:33:50.962+0000] {processor.py:183} INFO - Processing /usr/local/python/3.10.13/lib/python3.10/site-packages/airflow/example_dags/example_short_circuit_decorator.py took 0.079 seconds
[2024-05-26T09:34:33.665+0000] {processor.py:161} INFO - Started process (PID=50423) to work on /usr/local/python/3.10.13/lib/python3.10/site-packages/airflow/example_dags/example_short_circuit_decorator.py
[2024-05-26T09:34:33.666+0000] {processor.py:830} INFO - Processing file /usr/local/python/3.10.13/lib/python3.10/site-packages/airflow/example_dags/example_short_circuit_decorator.py for tasks to queue
[2024-05-26T09:34:33.667+0000] {logging_mixin.py:188} INFO - [2024-05-26T09:34:33.667+0000] {dagbag.py:545} INFO - Filling up the DagBag from /usr/local/python/3.10.13/lib/python3.10/site-packages/airflow/example_dags/example_short_circuit_decorator.py
[2024-05-26T09:34:33.674+0000] {processor.py:840} INFO - DAG(s) 'example_short_circuit_decorator' retrieved from /usr/local/python/3.10.13/lib/python3.10/site-packages/airflow/example_dags/example_short_circuit_decorator.py
[2024-05-26T09:34:33.688+0000] {logging_mixin.py:188} INFO - [2024-05-26T09:34:33.688+0000] {dag.py:3096} INFO - Sync 1 DAGs
[2024-05-26T09:34:33.703+0000] {logging_mixin.py:188} INFO - [2024-05-26T09:34:33.703+0000] {dag.py:3954} INFO - Setting next_dagrun for example_short_circuit_decorator to 2024-05-25 00:00:00+00:00, run_after=2024-05-26 00:00:00+00:00
[2024-05-26T09:34:33.740+0000] {processor.py:183} INFO - Processing /usr/local/python/3.10.13/lib/python3.10/site-packages/airflow/example_dags/example_short_circuit_decorator.py took 0.079 seconds
[2024-05-26T09:35:10.447+0000] {processor.py:161} INFO - Started process (PID=50665) to work on /usr/local/python/3.10.13/lib/python3.10/site-packages/airflow/example_dags/example_short_circuit_decorator.py
[2024-05-26T09:35:10.448+0000] {processor.py:830} INFO - Processing file /usr/local/python/3.10.13/lib/python3.10/site-packages/airflow/example_dags/example_short_circuit_decorator.py for tasks to queue
[2024-05-26T09:35:10.449+0000] {logging_mixin.py:188} INFO - [2024-05-26T09:35:10.449+0000] {dagbag.py:545} INFO - Filling up the DagBag from /usr/local/python/3.10.13/lib/python3.10/site-packages/airflow/example_dags/example_short_circuit_decorator.py
[2024-05-26T09:35:10.456+0000] {processor.py:840} INFO - DAG(s) 'example_short_circuit_decorator' retrieved from /usr/local/python/3.10.13/lib/python3.10/site-packages/airflow/example_dags/example_short_circuit_decorator.py
[2024-05-26T09:35:10.471+0000] {logging_mixin.py:188} INFO - [2024-05-26T09:35:10.471+0000] {dag.py:3096} INFO - Sync 1 DAGs
[2024-05-26T09:35:10.486+0000] {logging_mixin.py:188} INFO - [2024-05-26T09:35:10.486+0000] {dag.py:3954} INFO - Setting next_dagrun for example_short_circuit_decorator to 2024-05-25 00:00:00+00:00, run_after=2024-05-26 00:00:00+00:00
[2024-05-26T09:35:10.522+0000] {processor.py:183} INFO - Processing /usr/local/python/3.10.13/lib/python3.10/site-packages/airflow/example_dags/example_short_circuit_decorator.py took 0.080 seconds
[2024-05-26T09:35:50.715+0000] {processor.py:161} INFO - Started process (PID=50952) to work on /usr/local/python/3.10.13/lib/python3.10/site-packages/airflow/example_dags/example_short_circuit_decorator.py
[2024-05-26T09:35:50.716+0000] {processor.py:830} INFO - Processing file /usr/local/python/3.10.13/lib/python3.10/site-packages/airflow/example_dags/example_short_circuit_decorator.py for tasks to queue
[2024-05-26T09:35:50.717+0000] {logging_mixin.py:188} INFO - [2024-05-26T09:35:50.717+0000] {dagbag.py:545} INFO - Filling up the DagBag from /usr/local/python/3.10.13/lib/python3.10/site-packages/airflow/example_dags/example_short_circuit_decorator.py
[2024-05-26T09:35:50.725+0000] {processor.py:840} INFO - DAG(s) 'example_short_circuit_decorator' retrieved from /usr/local/python/3.10.13/lib/python3.10/site-packages/airflow/example_dags/example_short_circuit_decorator.py
[2024-05-26T09:35:50.740+0000] {logging_mixin.py:188} INFO - [2024-05-26T09:35:50.739+0000] {dag.py:3096} INFO - Sync 1 DAGs
[2024-05-26T09:35:50.755+0000] {logging_mixin.py:188} INFO - [2024-05-26T09:35:50.755+0000] {dag.py:3954} INFO - Setting next_dagrun for example_short_circuit_decorator to 2024-05-25 00:00:00+00:00, run_after=2024-05-26 00:00:00+00:00
[2024-05-26T09:35:50.792+0000] {processor.py:183} INFO - Processing /usr/local/python/3.10.13/lib/python3.10/site-packages/airflow/example_dags/example_short_circuit_decorator.py took 0.082 seconds
[2024-05-26T09:36:29.842+0000] {processor.py:161} INFO - Started process (PID=51233) to work on /usr/local/python/3.10.13/lib/python3.10/site-packages/airflow/example_dags/example_short_circuit_decorator.py
[2024-05-26T09:36:29.842+0000] {processor.py:830} INFO - Processing file /usr/local/python/3.10.13/lib/python3.10/site-packages/airflow/example_dags/example_short_circuit_decorator.py for tasks to queue
[2024-05-26T09:36:29.844+0000] {logging_mixin.py:188} INFO - [2024-05-26T09:36:29.843+0000] {dagbag.py:545} INFO - Filling up the DagBag from /usr/local/python/3.10.13/lib/python3.10/site-packages/airflow/example_dags/example_short_circuit_decorator.py
[2024-05-26T09:36:29.851+0000] {processor.py:840} INFO - DAG(s) 'example_short_circuit_decorator' retrieved from /usr/local/python/3.10.13/lib/python3.10/site-packages/airflow/example_dags/example_short_circuit_decorator.py
[2024-05-26T09:36:29.866+0000] {logging_mixin.py:188} INFO - [2024-05-26T09:36:29.865+0000] {dag.py:3096} INFO - Sync 1 DAGs
[2024-05-26T09:36:29.880+0000] {logging_mixin.py:188} INFO - [2024-05-26T09:36:29.880+0000] {dag.py:3954} INFO - Setting next_dagrun for example_short_circuit_decorator to 2024-05-25 00:00:00+00:00, run_after=2024-05-26 00:00:00+00:00
[2024-05-26T09:36:29.930+0000] {processor.py:183} INFO - Processing /usr/local/python/3.10.13/lib/python3.10/site-packages/airflow/example_dags/example_short_circuit_decorator.py took 0.093 seconds
[2024-05-26T09:37:14.515+0000] {processor.py:161} INFO - Started process (PID=51532) to work on /usr/local/python/3.10.13/lib/python3.10/site-packages/airflow/example_dags/example_short_circuit_decorator.py
[2024-05-26T09:37:14.516+0000] {processor.py:830} INFO - Processing file /usr/local/python/3.10.13/lib/python3.10/site-packages/airflow/example_dags/example_short_circuit_decorator.py for tasks to queue
[2024-05-26T09:37:14.517+0000] {logging_mixin.py:188} INFO - [2024-05-26T09:37:14.517+0000] {dagbag.py:545} INFO - Filling up the DagBag from /usr/local/python/3.10.13/lib/python3.10/site-packages/airflow/example_dags/example_short_circuit_decorator.py
[2024-05-26T09:37:14.525+0000] {processor.py:840} INFO - DAG(s) 'example_short_circuit_decorator' retrieved from /usr/local/python/3.10.13/lib/python3.10/site-packages/airflow/example_dags/example_short_circuit_decorator.py
[2024-05-26T09:37:14.539+0000] {logging_mixin.py:188} INFO - [2024-05-26T09:37:14.539+0000] {dag.py:3096} INFO - Sync 1 DAGs
[2024-05-26T09:37:14.554+0000] {logging_mixin.py:188} INFO - [2024-05-26T09:37:14.554+0000] {dag.py:3954} INFO - Setting next_dagrun for example_short_circuit_decorator to 2024-05-25 00:00:00+00:00, run_after=2024-05-26 00:00:00+00:00
[2024-05-26T09:37:14.591+0000] {processor.py:183} INFO - Processing /usr/local/python/3.10.13/lib/python3.10/site-packages/airflow/example_dags/example_short_circuit_decorator.py took 0.081 seconds
[2024-05-26T09:37:56.731+0000] {processor.py:161} INFO - Started process (PID=51839) to work on /usr/local/python/3.10.13/lib/python3.10/site-packages/airflow/example_dags/example_short_circuit_decorator.py
[2024-05-26T09:37:56.732+0000] {processor.py:830} INFO - Processing file /usr/local/python/3.10.13/lib/python3.10/site-packages/airflow/example_dags/example_short_circuit_decorator.py for tasks to queue
[2024-05-26T09:37:56.733+0000] {logging_mixin.py:188} INFO - [2024-05-26T09:37:56.733+0000] {dagbag.py:545} INFO - Filling up the DagBag from /usr/local/python/3.10.13/lib/python3.10/site-packages/airflow/example_dags/example_short_circuit_decorator.py
[2024-05-26T09:37:56.741+0000] {processor.py:840} INFO - DAG(s) 'example_short_circuit_decorator' retrieved from /usr/local/python/3.10.13/lib/python3.10/site-packages/airflow/example_dags/example_short_circuit_decorator.py
[2024-05-26T09:37:56.755+0000] {logging_mixin.py:188} INFO - [2024-05-26T09:37:56.755+0000] {dag.py:3096} INFO - Sync 1 DAGs
[2024-05-26T09:37:56.771+0000] {logging_mixin.py:188} INFO - [2024-05-26T09:37:56.770+0000] {dag.py:3954} INFO - Setting next_dagrun for example_short_circuit_decorator to 2024-05-25 00:00:00+00:00, run_after=2024-05-26 00:00:00+00:00
[2024-05-26T09:37:56.806+0000] {processor.py:183} INFO - Processing /usr/local/python/3.10.13/lib/python3.10/site-packages/airflow/example_dags/example_short_circuit_decorator.py took 0.080 seconds
[2024-05-26T09:38:36.716+0000] {processor.py:161} INFO - Started process (PID=52120) to work on /usr/local/python/3.10.13/lib/python3.10/site-packages/airflow/example_dags/example_short_circuit_decorator.py
[2024-05-26T09:38:36.717+0000] {processor.py:830} INFO - Processing file /usr/local/python/3.10.13/lib/python3.10/site-packages/airflow/example_dags/example_short_circuit_decorator.py for tasks to queue
[2024-05-26T09:38:36.718+0000] {logging_mixin.py:188} INFO - [2024-05-26T09:38:36.718+0000] {dagbag.py:545} INFO - Filling up the DagBag from /usr/local/python/3.10.13/lib/python3.10/site-packages/airflow/example_dags/example_short_circuit_decorator.py
[2024-05-26T09:38:36.726+0000] {processor.py:840} INFO - DAG(s) 'example_short_circuit_decorator' retrieved from /usr/local/python/3.10.13/lib/python3.10/site-packages/airflow/example_dags/example_short_circuit_decorator.py
[2024-05-26T09:38:36.748+0000] {logging_mixin.py:188} INFO - [2024-05-26T09:38:36.747+0000] {dag.py:3096} INFO - Sync 1 DAGs
[2024-05-26T09:38:36.763+0000] {logging_mixin.py:188} INFO - [2024-05-26T09:38:36.763+0000] {dag.py:3954} INFO - Setting next_dagrun for example_short_circuit_decorator to 2024-05-25 00:00:00+00:00, run_after=2024-05-26 00:00:00+00:00
[2024-05-26T09:38:36.799+0000] {processor.py:183} INFO - Processing /usr/local/python/3.10.13/lib/python3.10/site-packages/airflow/example_dags/example_short_circuit_decorator.py took 0.087 seconds
[2024-05-26T09:39:32.611+0000] {processor.py:161} INFO - Started process (PID=52499) to work on /usr/local/python/3.10.13/lib/python3.10/site-packages/airflow/example_dags/example_short_circuit_decorator.py
[2024-05-26T09:39:32.612+0000] {processor.py:830} INFO - Processing file /usr/local/python/3.10.13/lib/python3.10/site-packages/airflow/example_dags/example_short_circuit_decorator.py for tasks to queue
[2024-05-26T09:39:32.613+0000] {logging_mixin.py:188} INFO - [2024-05-26T09:39:32.613+0000] {dagbag.py:545} INFO - Filling up the DagBag from /usr/local/python/3.10.13/lib/python3.10/site-packages/airflow/example_dags/example_short_circuit_decorator.py
[2024-05-26T09:39:32.621+0000] {processor.py:840} INFO - DAG(s) 'example_short_circuit_decorator' retrieved from /usr/local/python/3.10.13/lib/python3.10/site-packages/airflow/example_dags/example_short_circuit_decorator.py
[2024-05-26T09:39:32.635+0000] {logging_mixin.py:188} INFO - [2024-05-26T09:39:32.635+0000] {dag.py:3096} INFO - Sync 1 DAGs
[2024-05-26T09:39:32.650+0000] {logging_mixin.py:188} INFO - [2024-05-26T09:39:32.650+0000] {dag.py:3954} INFO - Setting next_dagrun for example_short_circuit_decorator to 2024-05-25 00:00:00+00:00, run_after=2024-05-26 00:00:00+00:00
[2024-05-26T09:39:32.688+0000] {processor.py:183} INFO - Processing /usr/local/python/3.10.13/lib/python3.10/site-packages/airflow/example_dags/example_short_circuit_decorator.py took 0.082 seconds
[2024-05-26T09:40:16.673+0000] {processor.py:161} INFO - Started process (PID=52796) to work on /usr/local/python/3.10.13/lib/python3.10/site-packages/airflow/example_dags/example_short_circuit_decorator.py
[2024-05-26T09:40:16.674+0000] {processor.py:830} INFO - Processing file /usr/local/python/3.10.13/lib/python3.10/site-packages/airflow/example_dags/example_short_circuit_decorator.py for tasks to queue
[2024-05-26T09:40:16.675+0000] {logging_mixin.py:188} INFO - [2024-05-26T09:40:16.675+0000] {dagbag.py:545} INFO - Filling up the DagBag from /usr/local/python/3.10.13/lib/python3.10/site-packages/airflow/example_dags/example_short_circuit_decorator.py
[2024-05-26T09:40:16.682+0000] {processor.py:840} INFO - DAG(s) 'example_short_circuit_decorator' retrieved from /usr/local/python/3.10.13/lib/python3.10/site-packages/airflow/example_dags/example_short_circuit_decorator.py
[2024-05-26T09:40:16.697+0000] {logging_mixin.py:188} INFO - [2024-05-26T09:40:16.696+0000] {dag.py:3096} INFO - Sync 1 DAGs
[2024-05-26T09:40:16.711+0000] {logging_mixin.py:188} INFO - [2024-05-26T09:40:16.711+0000] {dag.py:3954} INFO - Setting next_dagrun for example_short_circuit_decorator to 2024-05-25 00:00:00+00:00, run_after=2024-05-26 00:00:00+00:00
[2024-05-26T09:40:16.747+0000] {processor.py:183} INFO - Processing /usr/local/python/3.10.13/lib/python3.10/site-packages/airflow/example_dags/example_short_circuit_decorator.py took 0.079 seconds
[2024-05-26T09:40:57.885+0000] {processor.py:161} INFO - Started process (PID=53086) to work on /usr/local/python/3.10.13/lib/python3.10/site-packages/airflow/example_dags/example_short_circuit_decorator.py
[2024-05-26T09:40:57.886+0000] {processor.py:830} INFO - Processing file /usr/local/python/3.10.13/lib/python3.10/site-packages/airflow/example_dags/example_short_circuit_decorator.py for tasks to queue
[2024-05-26T09:40:57.887+0000] {logging_mixin.py:188} INFO - [2024-05-26T09:40:57.887+0000] {dagbag.py:545} INFO - Filling up the DagBag from /usr/local/python/3.10.13/lib/python3.10/site-packages/airflow/example_dags/example_short_circuit_decorator.py
[2024-05-26T09:40:57.894+0000] {processor.py:840} INFO - DAG(s) 'example_short_circuit_decorator' retrieved from /usr/local/python/3.10.13/lib/python3.10/site-packages/airflow/example_dags/example_short_circuit_decorator.py
[2024-05-26T09:40:57.909+0000] {logging_mixin.py:188} INFO - [2024-05-26T09:40:57.909+0000] {dag.py:3096} INFO - Sync 1 DAGs
[2024-05-26T09:40:57.924+0000] {logging_mixin.py:188} INFO - [2024-05-26T09:40:57.924+0000] {dag.py:3954} INFO - Setting next_dagrun for example_short_circuit_decorator to 2024-05-25 00:00:00+00:00, run_after=2024-05-26 00:00:00+00:00
[2024-05-26T09:40:57.959+0000] {processor.py:183} INFO - Processing /usr/local/python/3.10.13/lib/python3.10/site-packages/airflow/example_dags/example_short_circuit_decorator.py took 0.079 seconds
[2024-05-26T09:41:39.665+0000] {processor.py:161} INFO - Started process (PID=53377) to work on /usr/local/python/3.10.13/lib/python3.10/site-packages/airflow/example_dags/example_short_circuit_decorator.py
[2024-05-26T09:41:39.666+0000] {processor.py:830} INFO - Processing file /usr/local/python/3.10.13/lib/python3.10/site-packages/airflow/example_dags/example_short_circuit_decorator.py for tasks to queue
[2024-05-26T09:41:39.667+0000] {logging_mixin.py:188} INFO - [2024-05-26T09:41:39.667+0000] {dagbag.py:545} INFO - Filling up the DagBag from /usr/local/python/3.10.13/lib/python3.10/site-packages/airflow/example_dags/example_short_circuit_decorator.py
[2024-05-26T09:41:39.675+0000] {processor.py:840} INFO - DAG(s) 'example_short_circuit_decorator' retrieved from /usr/local/python/3.10.13/lib/python3.10/site-packages/airflow/example_dags/example_short_circuit_decorator.py
[2024-05-26T09:41:39.689+0000] {logging_mixin.py:188} INFO - [2024-05-26T09:41:39.689+0000] {dag.py:3096} INFO - Sync 1 DAGs
[2024-05-26T09:41:39.704+0000] {logging_mixin.py:188} INFO - [2024-05-26T09:41:39.704+0000] {dag.py:3954} INFO - Setting next_dagrun for example_short_circuit_decorator to 2024-05-25 00:00:00+00:00, run_after=2024-05-26 00:00:00+00:00
[2024-05-26T09:41:39.744+0000] {processor.py:183} INFO - Processing /usr/local/python/3.10.13/lib/python3.10/site-packages/airflow/example_dags/example_short_circuit_decorator.py took 0.083 seconds
[2024-05-26T09:42:21.936+0000] {processor.py:161} INFO - Started process (PID=53682) to work on /usr/local/python/3.10.13/lib/python3.10/site-packages/airflow/example_dags/example_short_circuit_decorator.py
[2024-05-26T09:42:21.936+0000] {processor.py:830} INFO - Processing file /usr/local/python/3.10.13/lib/python3.10/site-packages/airflow/example_dags/example_short_circuit_decorator.py for tasks to queue
[2024-05-26T09:42:21.938+0000] {logging_mixin.py:188} INFO - [2024-05-26T09:42:21.937+0000] {dagbag.py:545} INFO - Filling up the DagBag from /usr/local/python/3.10.13/lib/python3.10/site-packages/airflow/example_dags/example_short_circuit_decorator.py
[2024-05-26T09:42:21.946+0000] {processor.py:840} INFO - DAG(s) 'example_short_circuit_decorator' retrieved from /usr/local/python/3.10.13/lib/python3.10/site-packages/airflow/example_dags/example_short_circuit_decorator.py
[2024-05-26T09:42:21.960+0000] {logging_mixin.py:188} INFO - [2024-05-26T09:42:21.960+0000] {dag.py:3096} INFO - Sync 1 DAGs
[2024-05-26T09:42:21.975+0000] {logging_mixin.py:188} INFO - [2024-05-26T09:42:21.975+0000] {dag.py:3954} INFO - Setting next_dagrun for example_short_circuit_decorator to 2024-05-25 00:00:00+00:00, run_after=2024-05-26 00:00:00+00:00
[2024-05-26T09:42:22.014+0000] {processor.py:183} INFO - Processing /usr/local/python/3.10.13/lib/python3.10/site-packages/airflow/example_dags/example_short_circuit_decorator.py took 0.083 seconds
[2024-05-26T09:42:59.288+0000] {processor.py:161} INFO - Started process (PID=53932) to work on /usr/local/python/3.10.13/lib/python3.10/site-packages/airflow/example_dags/example_short_circuit_decorator.py
[2024-05-26T09:42:59.289+0000] {processor.py:830} INFO - Processing file /usr/local/python/3.10.13/lib/python3.10/site-packages/airflow/example_dags/example_short_circuit_decorator.py for tasks to queue
[2024-05-26T09:42:59.290+0000] {logging_mixin.py:188} INFO - [2024-05-26T09:42:59.290+0000] {dagbag.py:545} INFO - Filling up the DagBag from /usr/local/python/3.10.13/lib/python3.10/site-packages/airflow/example_dags/example_short_circuit_decorator.py
[2024-05-26T09:42:59.297+0000] {processor.py:840} INFO - DAG(s) 'example_short_circuit_decorator' retrieved from /usr/local/python/3.10.13/lib/python3.10/site-packages/airflow/example_dags/example_short_circuit_decorator.py
[2024-05-26T09:42:59.312+0000] {logging_mixin.py:188} INFO - [2024-05-26T09:42:59.312+0000] {dag.py:3096} INFO - Sync 1 DAGs
[2024-05-26T09:42:59.327+0000] {logging_mixin.py:188} INFO - [2024-05-26T09:42:59.326+0000] {dag.py:3954} INFO - Setting next_dagrun for example_short_circuit_decorator to 2024-05-25 00:00:00+00:00, run_after=2024-05-26 00:00:00+00:00
[2024-05-26T09:42:59.370+0000] {processor.py:183} INFO - Processing /usr/local/python/3.10.13/lib/python3.10/site-packages/airflow/example_dags/example_short_circuit_decorator.py took 0.086 seconds
[2024-05-26T09:43:39.457+0000] {processor.py:161} INFO - Started process (PID=54219) to work on /usr/local/python/3.10.13/lib/python3.10/site-packages/airflow/example_dags/example_short_circuit_decorator.py
[2024-05-26T09:43:39.457+0000] {processor.py:830} INFO - Processing file /usr/local/python/3.10.13/lib/python3.10/site-packages/airflow/example_dags/example_short_circuit_decorator.py for tasks to queue
[2024-05-26T09:43:39.459+0000] {logging_mixin.py:188} INFO - [2024-05-26T09:43:39.458+0000] {dagbag.py:545} INFO - Filling up the DagBag from /usr/local/python/3.10.13/lib/python3.10/site-packages/airflow/example_dags/example_short_circuit_decorator.py
[2024-05-26T09:43:39.466+0000] {processor.py:840} INFO - DAG(s) 'example_short_circuit_decorator' retrieved from /usr/local/python/3.10.13/lib/python3.10/site-packages/airflow/example_dags/example_short_circuit_decorator.py
[2024-05-26T09:43:39.480+0000] {logging_mixin.py:188} INFO - [2024-05-26T09:43:39.480+0000] {dag.py:3096} INFO - Sync 1 DAGs
[2024-05-26T09:43:39.495+0000] {logging_mixin.py:188} INFO - [2024-05-26T09:43:39.494+0000] {dag.py:3954} INFO - Setting next_dagrun for example_short_circuit_decorator to 2024-05-25 00:00:00+00:00, run_after=2024-05-26 00:00:00+00:00
[2024-05-26T09:43:39.530+0000] {processor.py:183} INFO - Processing /usr/local/python/3.10.13/lib/python3.10/site-packages/airflow/example_dags/example_short_circuit_decorator.py took 0.078 seconds
[2024-05-26T09:44:19.702+0000] {processor.py:161} INFO - Started process (PID=54592) to work on /usr/local/python/3.10.13/lib/python3.10/site-packages/airflow/example_dags/example_short_circuit_decorator.py
[2024-05-26T09:44:19.703+0000] {processor.py:830} INFO - Processing file /usr/local/python/3.10.13/lib/python3.10/site-packages/airflow/example_dags/example_short_circuit_decorator.py for tasks to queue
[2024-05-26T09:44:19.704+0000] {logging_mixin.py:188} INFO - [2024-05-26T09:44:19.704+0000] {dagbag.py:545} INFO - Filling up the DagBag from /usr/local/python/3.10.13/lib/python3.10/site-packages/airflow/example_dags/example_short_circuit_decorator.py
[2024-05-26T09:44:19.711+0000] {processor.py:840} INFO - DAG(s) 'example_short_circuit_decorator' retrieved from /usr/local/python/3.10.13/lib/python3.10/site-packages/airflow/example_dags/example_short_circuit_decorator.py
[2024-05-26T09:44:19.727+0000] {logging_mixin.py:188} INFO - [2024-05-26T09:44:19.727+0000] {dag.py:3096} INFO - Sync 1 DAGs
[2024-05-26T09:44:19.743+0000] {logging_mixin.py:188} INFO - [2024-05-26T09:44:19.743+0000] {dag.py:3954} INFO - Setting next_dagrun for example_short_circuit_decorator to 2024-05-25 00:00:00+00:00, run_after=2024-05-26 00:00:00+00:00
[2024-05-26T09:44:19.779+0000] {processor.py:183} INFO - Processing /usr/local/python/3.10.13/lib/python3.10/site-packages/airflow/example_dags/example_short_circuit_decorator.py took 0.081 seconds
[2024-05-26T09:45:02.232+0000] {processor.py:161} INFO - Started process (PID=54993) to work on /usr/local/python/3.10.13/lib/python3.10/site-packages/airflow/example_dags/example_short_circuit_decorator.py
[2024-05-26T09:45:02.233+0000] {processor.py:830} INFO - Processing file /usr/local/python/3.10.13/lib/python3.10/site-packages/airflow/example_dags/example_short_circuit_decorator.py for tasks to queue
[2024-05-26T09:45:02.235+0000] {logging_mixin.py:188} INFO - [2024-05-26T09:45:02.234+0000] {dagbag.py:545} INFO - Filling up the DagBag from /usr/local/python/3.10.13/lib/python3.10/site-packages/airflow/example_dags/example_short_circuit_decorator.py
[2024-05-26T09:45:02.246+0000] {processor.py:840} INFO - DAG(s) 'example_short_circuit_decorator' retrieved from /usr/local/python/3.10.13/lib/python3.10/site-packages/airflow/example_dags/example_short_circuit_decorator.py
[2024-05-26T09:45:02.268+0000] {logging_mixin.py:188} INFO - [2024-05-26T09:45:02.268+0000] {dag.py:3096} INFO - Sync 1 DAGs
[2024-05-26T09:45:02.288+0000] {logging_mixin.py:188} INFO - [2024-05-26T09:45:02.288+0000] {dag.py:3954} INFO - Setting next_dagrun for example_short_circuit_decorator to 2024-05-25 00:00:00+00:00, run_after=2024-05-26 00:00:00+00:00
[2024-05-26T09:45:02.324+0000] {processor.py:183} INFO - Processing /usr/local/python/3.10.13/lib/python3.10/site-packages/airflow/example_dags/example_short_circuit_decorator.py took 0.098 seconds
[2024-05-26T09:45:43.447+0000] {processor.py:161} INFO - Started process (PID=55565) to work on /usr/local/python/3.10.13/lib/python3.10/site-packages/airflow/example_dags/example_short_circuit_decorator.py
[2024-05-26T09:45:43.447+0000] {processor.py:830} INFO - Processing file /usr/local/python/3.10.13/lib/python3.10/site-packages/airflow/example_dags/example_short_circuit_decorator.py for tasks to queue
[2024-05-26T09:45:43.449+0000] {logging_mixin.py:188} INFO - [2024-05-26T09:45:43.448+0000] {dagbag.py:545} INFO - Filling up the DagBag from /usr/local/python/3.10.13/lib/python3.10/site-packages/airflow/example_dags/example_short_circuit_decorator.py
[2024-05-26T09:45:43.457+0000] {processor.py:840} INFO - DAG(s) 'example_short_circuit_decorator' retrieved from /usr/local/python/3.10.13/lib/python3.10/site-packages/airflow/example_dags/example_short_circuit_decorator.py
[2024-05-26T09:45:43.472+0000] {logging_mixin.py:188} INFO - [2024-05-26T09:45:43.472+0000] {dag.py:3096} INFO - Sync 1 DAGs
[2024-05-26T09:45:43.490+0000] {logging_mixin.py:188} INFO - [2024-05-26T09:45:43.489+0000] {dag.py:3954} INFO - Setting next_dagrun for example_short_circuit_decorator to 2024-05-25 00:00:00+00:00, run_after=2024-05-26 00:00:00+00:00
[2024-05-26T09:45:43.527+0000] {processor.py:183} INFO - Processing /usr/local/python/3.10.13/lib/python3.10/site-packages/airflow/example_dags/example_short_circuit_decorator.py took 0.086 seconds
[2024-05-26T09:46:23.165+0000] {processor.py:161} INFO - Started process (PID=56086) to work on /usr/local/python/3.10.13/lib/python3.10/site-packages/airflow/example_dags/example_short_circuit_decorator.py
[2024-05-26T09:46:23.166+0000] {processor.py:830} INFO - Processing file /usr/local/python/3.10.13/lib/python3.10/site-packages/airflow/example_dags/example_short_circuit_decorator.py for tasks to queue
[2024-05-26T09:46:23.167+0000] {logging_mixin.py:188} INFO - [2024-05-26T09:46:23.167+0000] {dagbag.py:545} INFO - Filling up the DagBag from /usr/local/python/3.10.13/lib/python3.10/site-packages/airflow/example_dags/example_short_circuit_decorator.py
[2024-05-26T09:46:23.175+0000] {processor.py:840} INFO - DAG(s) 'example_short_circuit_decorator' retrieved from /usr/local/python/3.10.13/lib/python3.10/site-packages/airflow/example_dags/example_short_circuit_decorator.py
[2024-05-26T09:46:23.189+0000] {logging_mixin.py:188} INFO - [2024-05-26T09:46:23.189+0000] {dag.py:3096} INFO - Sync 1 DAGs
[2024-05-26T09:46:23.206+0000] {logging_mixin.py:188} INFO - [2024-05-26T09:46:23.206+0000] {dag.py:3954} INFO - Setting next_dagrun for example_short_circuit_decorator to 2024-05-25 00:00:00+00:00, run_after=2024-05-26 00:00:00+00:00
[2024-05-26T09:46:23.246+0000] {processor.py:183} INFO - Processing /usr/local/python/3.10.13/lib/python3.10/site-packages/airflow/example_dags/example_short_circuit_decorator.py took 0.085 seconds
[2024-05-26T09:47:03.308+0000] {processor.py:161} INFO - Started process (PID=56491) to work on /usr/local/python/3.10.13/lib/python3.10/site-packages/airflow/example_dags/example_short_circuit_decorator.py
[2024-05-26T09:47:03.309+0000] {processor.py:830} INFO - Processing file /usr/local/python/3.10.13/lib/python3.10/site-packages/airflow/example_dags/example_short_circuit_decorator.py for tasks to queue
[2024-05-26T09:47:03.310+0000] {logging_mixin.py:188} INFO - [2024-05-26T09:47:03.310+0000] {dagbag.py:545} INFO - Filling up the DagBag from /usr/local/python/3.10.13/lib/python3.10/site-packages/airflow/example_dags/example_short_circuit_decorator.py
[2024-05-26T09:47:03.317+0000] {processor.py:840} INFO - DAG(s) 'example_short_circuit_decorator' retrieved from /usr/local/python/3.10.13/lib/python3.10/site-packages/airflow/example_dags/example_short_circuit_decorator.py
[2024-05-26T09:47:03.331+0000] {logging_mixin.py:188} INFO - [2024-05-26T09:47:03.331+0000] {dag.py:3096} INFO - Sync 1 DAGs
[2024-05-26T09:47:03.345+0000] {logging_mixin.py:188} INFO - [2024-05-26T09:47:03.345+0000] {dag.py:3954} INFO - Setting next_dagrun for example_short_circuit_decorator to 2024-05-25 00:00:00+00:00, run_after=2024-05-26 00:00:00+00:00
[2024-05-26T09:47:03.383+0000] {processor.py:183} INFO - Processing /usr/local/python/3.10.13/lib/python3.10/site-packages/airflow/example_dags/example_short_circuit_decorator.py took 0.079 seconds
[2024-05-26T09:47:42.500+0000] {processor.py:161} INFO - Started process (PID=57085) to work on /usr/local/python/3.10.13/lib/python3.10/site-packages/airflow/example_dags/example_short_circuit_decorator.py
[2024-05-26T09:47:42.500+0000] {processor.py:830} INFO - Processing file /usr/local/python/3.10.13/lib/python3.10/site-packages/airflow/example_dags/example_short_circuit_decorator.py for tasks to queue
[2024-05-26T09:47:42.502+0000] {logging_mixin.py:188} INFO - [2024-05-26T09:47:42.501+0000] {dagbag.py:545} INFO - Filling up the DagBag from /usr/local/python/3.10.13/lib/python3.10/site-packages/airflow/example_dags/example_short_circuit_decorator.py
[2024-05-26T09:47:42.509+0000] {processor.py:840} INFO - DAG(s) 'example_short_circuit_decorator' retrieved from /usr/local/python/3.10.13/lib/python3.10/site-packages/airflow/example_dags/example_short_circuit_decorator.py
[2024-05-26T09:47:42.523+0000] {logging_mixin.py:188} INFO - [2024-05-26T09:47:42.523+0000] {dag.py:3096} INFO - Sync 1 DAGs
[2024-05-26T09:47:42.538+0000] {logging_mixin.py:188} INFO - [2024-05-26T09:47:42.538+0000] {dag.py:3954} INFO - Setting next_dagrun for example_short_circuit_decorator to 2024-05-25 00:00:00+00:00, run_after=2024-05-26 00:00:00+00:00
[2024-05-26T09:47:42.575+0000] {processor.py:183} INFO - Processing /usr/local/python/3.10.13/lib/python3.10/site-packages/airflow/example_dags/example_short_circuit_decorator.py took 0.081 seconds
[2024-05-26T09:48:20.904+0000] {processor.py:161} INFO - Started process (PID=57486) to work on /usr/local/python/3.10.13/lib/python3.10/site-packages/airflow/example_dags/example_short_circuit_decorator.py
[2024-05-26T09:48:20.905+0000] {processor.py:830} INFO - Processing file /usr/local/python/3.10.13/lib/python3.10/site-packages/airflow/example_dags/example_short_circuit_decorator.py for tasks to queue
[2024-05-26T09:48:20.906+0000] {logging_mixin.py:188} INFO - [2024-05-26T09:48:20.906+0000] {dagbag.py:545} INFO - Filling up the DagBag from /usr/local/python/3.10.13/lib/python3.10/site-packages/airflow/example_dags/example_short_circuit_decorator.py
[2024-05-26T09:48:20.913+0000] {processor.py:840} INFO - DAG(s) 'example_short_circuit_decorator' retrieved from /usr/local/python/3.10.13/lib/python3.10/site-packages/airflow/example_dags/example_short_circuit_decorator.py
[2024-05-26T09:48:20.930+0000] {logging_mixin.py:188} INFO - [2024-05-26T09:48:20.930+0000] {dag.py:3096} INFO - Sync 1 DAGs
[2024-05-26T09:48:20.948+0000] {logging_mixin.py:188} INFO - [2024-05-26T09:48:20.947+0000] {dag.py:3954} INFO - Setting next_dagrun for example_short_circuit_decorator to 2024-05-25 00:00:00+00:00, run_after=2024-05-26 00:00:00+00:00
[2024-05-26T09:48:21.001+0000] {processor.py:183} INFO - Processing /usr/local/python/3.10.13/lib/python3.10/site-packages/airflow/example_dags/example_short_circuit_decorator.py took 0.102 seconds
[2024-05-26T09:49:03.534+0000] {processor.py:161} INFO - Started process (PID=57909) to work on /usr/local/python/3.10.13/lib/python3.10/site-packages/airflow/example_dags/example_short_circuit_decorator.py
[2024-05-26T09:49:03.535+0000] {processor.py:830} INFO - Processing file /usr/local/python/3.10.13/lib/python3.10/site-packages/airflow/example_dags/example_short_circuit_decorator.py for tasks to queue
[2024-05-26T09:49:03.536+0000] {logging_mixin.py:188} INFO - [2024-05-26T09:49:03.536+0000] {dagbag.py:545} INFO - Filling up the DagBag from /usr/local/python/3.10.13/lib/python3.10/site-packages/airflow/example_dags/example_short_circuit_decorator.py
[2024-05-26T09:49:03.545+0000] {processor.py:840} INFO - DAG(s) 'example_short_circuit_decorator' retrieved from /usr/local/python/3.10.13/lib/python3.10/site-packages/airflow/example_dags/example_short_circuit_decorator.py
[2024-05-26T09:49:03.560+0000] {logging_mixin.py:188} INFO - [2024-05-26T09:49:03.560+0000] {dag.py:3096} INFO - Sync 1 DAGs
[2024-05-26T09:49:03.575+0000] {logging_mixin.py:188} INFO - [2024-05-26T09:49:03.575+0000] {dag.py:3954} INFO - Setting next_dagrun for example_short_circuit_decorator to 2024-05-25 00:00:00+00:00, run_after=2024-05-26 00:00:00+00:00
[2024-05-26T09:49:03.614+0000] {processor.py:183} INFO - Processing /usr/local/python/3.10.13/lib/python3.10/site-packages/airflow/example_dags/example_short_circuit_decorator.py took 0.087 seconds
[2024-05-26T09:49:46.531+0000] {processor.py:161} INFO - Started process (PID=58370) to work on /usr/local/python/3.10.13/lib/python3.10/site-packages/airflow/example_dags/example_short_circuit_decorator.py
[2024-05-26T09:49:46.531+0000] {processor.py:830} INFO - Processing file /usr/local/python/3.10.13/lib/python3.10/site-packages/airflow/example_dags/example_short_circuit_decorator.py for tasks to queue
[2024-05-26T09:49:46.533+0000] {logging_mixin.py:188} INFO - [2024-05-26T09:49:46.532+0000] {dagbag.py:545} INFO - Filling up the DagBag from /usr/local/python/3.10.13/lib/python3.10/site-packages/airflow/example_dags/example_short_circuit_decorator.py
[2024-05-26T09:49:46.540+0000] {processor.py:840} INFO - DAG(s) 'example_short_circuit_decorator' retrieved from /usr/local/python/3.10.13/lib/python3.10/site-packages/airflow/example_dags/example_short_circuit_decorator.py
[2024-05-26T09:49:46.555+0000] {logging_mixin.py:188} INFO - [2024-05-26T09:49:46.555+0000] {dag.py:3096} INFO - Sync 1 DAGs
[2024-05-26T09:49:46.570+0000] {logging_mixin.py:188} INFO - [2024-05-26T09:49:46.570+0000] {dag.py:3954} INFO - Setting next_dagrun for example_short_circuit_decorator to 2024-05-25 00:00:00+00:00, run_after=2024-05-26 00:00:00+00:00
[2024-05-26T09:49:46.607+0000] {processor.py:183} INFO - Processing /usr/local/python/3.10.13/lib/python3.10/site-packages/airflow/example_dags/example_short_circuit_decorator.py took 0.081 seconds
[2024-05-26T09:50:26.979+0000] {processor.py:161} INFO - Started process (PID=58689) to work on /usr/local/python/3.10.13/lib/python3.10/site-packages/airflow/example_dags/example_short_circuit_decorator.py
[2024-05-26T09:50:26.982+0000] {processor.py:830} INFO - Processing file /usr/local/python/3.10.13/lib/python3.10/site-packages/airflow/example_dags/example_short_circuit_decorator.py for tasks to queue
[2024-05-26T09:50:26.985+0000] {logging_mixin.py:188} INFO - [2024-05-26T09:50:26.984+0000] {dagbag.py:545} INFO - Filling up the DagBag from /usr/local/python/3.10.13/lib/python3.10/site-packages/airflow/example_dags/example_short_circuit_decorator.py
[2024-05-26T09:50:26.996+0000] {processor.py:840} INFO - DAG(s) 'example_short_circuit_decorator' retrieved from /usr/local/python/3.10.13/lib/python3.10/site-packages/airflow/example_dags/example_short_circuit_decorator.py
[2024-05-26T09:50:27.018+0000] {logging_mixin.py:188} INFO - [2024-05-26T09:50:27.018+0000] {dag.py:3096} INFO - Sync 1 DAGs
[2024-05-26T09:50:27.033+0000] {logging_mixin.py:188} INFO - [2024-05-26T09:50:27.032+0000] {dag.py:3954} INFO - Setting next_dagrun for example_short_circuit_decorator to 2024-05-25 00:00:00+00:00, run_after=2024-05-26 00:00:00+00:00
[2024-05-26T09:50:27.069+0000] {processor.py:183} INFO - Processing /usr/local/python/3.10.13/lib/python3.10/site-packages/airflow/example_dags/example_short_circuit_decorator.py took 0.098 seconds
[2024-05-26T09:51:09.366+0000] {processor.py:161} INFO - Started process (PID=59087) to work on /usr/local/python/3.10.13/lib/python3.10/site-packages/airflow/example_dags/example_short_circuit_decorator.py
[2024-05-26T09:51:09.367+0000] {processor.py:830} INFO - Processing file /usr/local/python/3.10.13/lib/python3.10/site-packages/airflow/example_dags/example_short_circuit_decorator.py for tasks to queue
[2024-05-26T09:51:09.368+0000] {logging_mixin.py:188} INFO - [2024-05-26T09:51:09.368+0000] {dagbag.py:545} INFO - Filling up the DagBag from /usr/local/python/3.10.13/lib/python3.10/site-packages/airflow/example_dags/example_short_circuit_decorator.py
[2024-05-26T09:51:09.376+0000] {processor.py:840} INFO - DAG(s) 'example_short_circuit_decorator' retrieved from /usr/local/python/3.10.13/lib/python3.10/site-packages/airflow/example_dags/example_short_circuit_decorator.py
[2024-05-26T09:51:09.390+0000] {logging_mixin.py:188} INFO - [2024-05-26T09:51:09.390+0000] {dag.py:3096} INFO - Sync 1 DAGs
[2024-05-26T09:51:09.406+0000] {logging_mixin.py:188} INFO - [2024-05-26T09:51:09.406+0000] {dag.py:3954} INFO - Setting next_dagrun for example_short_circuit_decorator to 2024-05-25 00:00:00+00:00, run_after=2024-05-26 00:00:00+00:00
[2024-05-26T09:51:09.442+0000] {processor.py:183} INFO - Processing /usr/local/python/3.10.13/lib/python3.10/site-packages/airflow/example_dags/example_short_circuit_decorator.py took 0.080 seconds
[2024-05-26T09:51:49.590+0000] {processor.py:161} INFO - Started process (PID=59493) to work on /usr/local/python/3.10.13/lib/python3.10/site-packages/airflow/example_dags/example_short_circuit_decorator.py
[2024-05-26T09:51:49.590+0000] {processor.py:830} INFO - Processing file /usr/local/python/3.10.13/lib/python3.10/site-packages/airflow/example_dags/example_short_circuit_decorator.py for tasks to queue
[2024-05-26T09:51:49.592+0000] {logging_mixin.py:188} INFO - [2024-05-26T09:51:49.591+0000] {dagbag.py:545} INFO - Filling up the DagBag from /usr/local/python/3.10.13/lib/python3.10/site-packages/airflow/example_dags/example_short_circuit_decorator.py
[2024-05-26T09:51:49.599+0000] {processor.py:840} INFO - DAG(s) 'example_short_circuit_decorator' retrieved from /usr/local/python/3.10.13/lib/python3.10/site-packages/airflow/example_dags/example_short_circuit_decorator.py
[2024-05-26T09:51:49.614+0000] {logging_mixin.py:188} INFO - [2024-05-26T09:51:49.614+0000] {dag.py:3096} INFO - Sync 1 DAGs
[2024-05-26T09:51:49.630+0000] {logging_mixin.py:188} INFO - [2024-05-26T09:51:49.630+0000] {dag.py:3954} INFO - Setting next_dagrun for example_short_circuit_decorator to 2024-05-25 00:00:00+00:00, run_after=2024-05-26 00:00:00+00:00
[2024-05-26T09:51:49.666+0000] {processor.py:183} INFO - Processing /usr/local/python/3.10.13/lib/python3.10/site-packages/airflow/example_dags/example_short_circuit_decorator.py took 0.081 seconds
[2024-05-26T09:52:30.895+0000] {processor.py:161} INFO - Started process (PID=59919) to work on /usr/local/python/3.10.13/lib/python3.10/site-packages/airflow/example_dags/example_short_circuit_decorator.py
[2024-05-26T09:52:30.896+0000] {processor.py:830} INFO - Processing file /usr/local/python/3.10.13/lib/python3.10/site-packages/airflow/example_dags/example_short_circuit_decorator.py for tasks to queue
[2024-05-26T09:52:30.897+0000] {logging_mixin.py:188} INFO - [2024-05-26T09:52:30.897+0000] {dagbag.py:545} INFO - Filling up the DagBag from /usr/local/python/3.10.13/lib/python3.10/site-packages/airflow/example_dags/example_short_circuit_decorator.py
[2024-05-26T09:52:30.907+0000] {processor.py:840} INFO - DAG(s) 'example_short_circuit_decorator' retrieved from /usr/local/python/3.10.13/lib/python3.10/site-packages/airflow/example_dags/example_short_circuit_decorator.py
[2024-05-26T09:52:30.929+0000] {logging_mixin.py:188} INFO - [2024-05-26T09:52:30.929+0000] {dag.py:3096} INFO - Sync 1 DAGs
[2024-05-26T09:52:30.955+0000] {logging_mixin.py:188} INFO - [2024-05-26T09:52:30.955+0000] {dag.py:3954} INFO - Setting next_dagrun for example_short_circuit_decorator to 2024-05-25 00:00:00+00:00, run_after=2024-05-26 00:00:00+00:00
[2024-05-26T09:52:31.001+0000] {processor.py:183} INFO - Processing /usr/local/python/3.10.13/lib/python3.10/site-packages/airflow/example_dags/example_short_circuit_decorator.py took 0.111 seconds
[2024-05-26T09:53:12.293+0000] {processor.py:161} INFO - Started process (PID=60231) to work on /usr/local/python/3.10.13/lib/python3.10/site-packages/airflow/example_dags/example_short_circuit_decorator.py
[2024-05-26T09:53:12.293+0000] {processor.py:830} INFO - Processing file /usr/local/python/3.10.13/lib/python3.10/site-packages/airflow/example_dags/example_short_circuit_decorator.py for tasks to queue
[2024-05-26T09:53:12.295+0000] {logging_mixin.py:188} INFO - [2024-05-26T09:53:12.294+0000] {dagbag.py:545} INFO - Filling up the DagBag from /usr/local/python/3.10.13/lib/python3.10/site-packages/airflow/example_dags/example_short_circuit_decorator.py
[2024-05-26T09:53:12.302+0000] {processor.py:840} INFO - DAG(s) 'example_short_circuit_decorator' retrieved from /usr/local/python/3.10.13/lib/python3.10/site-packages/airflow/example_dags/example_short_circuit_decorator.py
[2024-05-26T09:53:12.320+0000] {logging_mixin.py:188} INFO - [2024-05-26T09:53:12.320+0000] {dag.py:3096} INFO - Sync 1 DAGs
[2024-05-26T09:53:12.338+0000] {logging_mixin.py:188} INFO - [2024-05-26T09:53:12.338+0000] {dag.py:3954} INFO - Setting next_dagrun for example_short_circuit_decorator to 2024-05-25 00:00:00+00:00, run_after=2024-05-26 00:00:00+00:00
[2024-05-26T09:53:12.378+0000] {processor.py:183} INFO - Processing /usr/local/python/3.10.13/lib/python3.10/site-packages/airflow/example_dags/example_short_circuit_decorator.py took 0.090 seconds
[2024-05-26T09:53:54.709+0000] {processor.py:161} INFO - Started process (PID=60578) to work on /usr/local/python/3.10.13/lib/python3.10/site-packages/airflow/example_dags/example_short_circuit_decorator.py
[2024-05-26T09:53:54.710+0000] {processor.py:830} INFO - Processing file /usr/local/python/3.10.13/lib/python3.10/site-packages/airflow/example_dags/example_short_circuit_decorator.py for tasks to queue
[2024-05-26T09:53:54.711+0000] {logging_mixin.py:188} INFO - [2024-05-26T09:53:54.711+0000] {dagbag.py:545} INFO - Filling up the DagBag from /usr/local/python/3.10.13/lib/python3.10/site-packages/airflow/example_dags/example_short_circuit_decorator.py
[2024-05-26T09:53:54.718+0000] {processor.py:840} INFO - DAG(s) 'example_short_circuit_decorator' retrieved from /usr/local/python/3.10.13/lib/python3.10/site-packages/airflow/example_dags/example_short_circuit_decorator.py
[2024-05-26T09:53:54.733+0000] {logging_mixin.py:188} INFO - [2024-05-26T09:53:54.732+0000] {dag.py:3096} INFO - Sync 1 DAGs
[2024-05-26T09:53:54.747+0000] {logging_mixin.py:188} INFO - [2024-05-26T09:53:54.747+0000] {dag.py:3954} INFO - Setting next_dagrun for example_short_circuit_decorator to 2024-05-25 00:00:00+00:00, run_after=2024-05-26 00:00:00+00:00
[2024-05-26T09:53:54.785+0000] {processor.py:183} INFO - Processing /usr/local/python/3.10.13/lib/python3.10/site-packages/airflow/example_dags/example_short_circuit_decorator.py took 0.081 seconds
[2024-05-26T09:54:39.576+0000] {processor.py:161} INFO - Started process (PID=60955) to work on /usr/local/python/3.10.13/lib/python3.10/site-packages/airflow/example_dags/example_short_circuit_decorator.py
[2024-05-26T09:54:39.577+0000] {processor.py:830} INFO - Processing file /usr/local/python/3.10.13/lib/python3.10/site-packages/airflow/example_dags/example_short_circuit_decorator.py for tasks to queue
[2024-05-26T09:54:39.578+0000] {logging_mixin.py:188} INFO - [2024-05-26T09:54:39.578+0000] {dagbag.py:545} INFO - Filling up the DagBag from /usr/local/python/3.10.13/lib/python3.10/site-packages/airflow/example_dags/example_short_circuit_decorator.py
[2024-05-26T09:54:39.586+0000] {processor.py:840} INFO - DAG(s) 'example_short_circuit_decorator' retrieved from /usr/local/python/3.10.13/lib/python3.10/site-packages/airflow/example_dags/example_short_circuit_decorator.py
[2024-05-26T09:54:39.601+0000] {logging_mixin.py:188} INFO - [2024-05-26T09:54:39.600+0000] {dag.py:3096} INFO - Sync 1 DAGs
[2024-05-26T09:54:39.616+0000] {logging_mixin.py:188} INFO - [2024-05-26T09:54:39.616+0000] {dag.py:3954} INFO - Setting next_dagrun for example_short_circuit_decorator to 2024-05-25 00:00:00+00:00, run_after=2024-05-26 00:00:00+00:00
[2024-05-26T09:54:39.652+0000] {processor.py:183} INFO - Processing /usr/local/python/3.10.13/lib/python3.10/site-packages/airflow/example_dags/example_short_circuit_decorator.py took 0.080 seconds
[2024-05-26T09:55:21.542+0000] {processor.py:161} INFO - Started process (PID=61250) to work on /usr/local/python/3.10.13/lib/python3.10/site-packages/airflow/example_dags/example_short_circuit_decorator.py
[2024-05-26T09:55:21.542+0000] {processor.py:830} INFO - Processing file /usr/local/python/3.10.13/lib/python3.10/site-packages/airflow/example_dags/example_short_circuit_decorator.py for tasks to queue
[2024-05-26T09:55:21.544+0000] {logging_mixin.py:188} INFO - [2024-05-26T09:55:21.543+0000] {dagbag.py:545} INFO - Filling up the DagBag from /usr/local/python/3.10.13/lib/python3.10/site-packages/airflow/example_dags/example_short_circuit_decorator.py
[2024-05-26T09:55:21.551+0000] {processor.py:840} INFO - DAG(s) 'example_short_circuit_decorator' retrieved from /usr/local/python/3.10.13/lib/python3.10/site-packages/airflow/example_dags/example_short_circuit_decorator.py
[2024-05-26T09:55:21.566+0000] {logging_mixin.py:188} INFO - [2024-05-26T09:55:21.566+0000] {dag.py:3096} INFO - Sync 1 DAGs
[2024-05-26T09:55:21.581+0000] {logging_mixin.py:188} INFO - [2024-05-26T09:55:21.581+0000] {dag.py:3954} INFO - Setting next_dagrun for example_short_circuit_decorator to 2024-05-25 00:00:00+00:00, run_after=2024-05-26 00:00:00+00:00
[2024-05-26T09:55:21.622+0000] {processor.py:183} INFO - Processing /usr/local/python/3.10.13/lib/python3.10/site-packages/airflow/example_dags/example_short_circuit_decorator.py took 0.085 seconds
