[2024-05-26T09:11:11.910+0000] {processor.py:161} INFO - Started process (PID=40381) to work on /usr/local/python/3.10.13/lib/python3.10/site-packages/airflow/example_dags/example_branch_operator_decorator.py
[2024-05-26T09:11:11.911+0000] {processor.py:830} INFO - Processing file /usr/local/python/3.10.13/lib/python3.10/site-packages/airflow/example_dags/example_branch_operator_decorator.py for tasks to queue
[2024-05-26T09:11:11.912+0000] {logging_mixin.py:188} INFO - [2024-05-26T09:11:11.912+0000] {dagbag.py:545} INFO - Filling up the DagBag from /usr/local/python/3.10.13/lib/python3.10/site-packages/airflow/example_dags/example_branch_operator_decorator.py
[2024-05-26T09:11:11.930+0000] {processor.py:840} INFO - DAG(s) 'example_branch_python_operator_decorator' retrieved from /usr/local/python/3.10.13/lib/python3.10/site-packages/airflow/example_dags/example_branch_operator_decorator.py
[2024-05-26T09:11:12.015+0000] {logging_mixin.py:188} INFO - [2024-05-26T09:11:12.015+0000] {dag.py:3096} INFO - Sync 1 DAGs
[2024-05-26T09:11:12.030+0000] {logging_mixin.py:188} INFO - [2024-05-26T09:11:12.030+0000] {dag.py:3954} INFO - Setting next_dagrun for example_branch_python_operator_decorator to 2024-05-25 00:00:00+00:00, run_after=2024-05-26 00:00:00+00:00
[2024-05-26T09:11:12.068+0000] {processor.py:183} INFO - Processing /usr/local/python/3.10.13/lib/python3.10/site-packages/airflow/example_dags/example_branch_operator_decorator.py took 0.164 seconds
[2024-05-26T09:12:15.756+0000] {processor.py:161} INFO - Started process (PID=40816) to work on /usr/local/python/3.10.13/lib/python3.10/site-packages/airflow/example_dags/example_branch_operator_decorator.py
[2024-05-26T09:12:15.757+0000] {processor.py:830} INFO - Processing file /usr/local/python/3.10.13/lib/python3.10/site-packages/airflow/example_dags/example_branch_operator_decorator.py for tasks to queue
[2024-05-26T09:12:15.758+0000] {logging_mixin.py:188} INFO - [2024-05-26T09:12:15.758+0000] {dagbag.py:545} INFO - Filling up the DagBag from /usr/local/python/3.10.13/lib/python3.10/site-packages/airflow/example_dags/example_branch_operator_decorator.py
[2024-05-26T09:12:15.777+0000] {processor.py:840} INFO - DAG(s) 'example_branch_python_operator_decorator' retrieved from /usr/local/python/3.10.13/lib/python3.10/site-packages/airflow/example_dags/example_branch_operator_decorator.py
[2024-05-26T09:12:15.797+0000] {logging_mixin.py:188} INFO - [2024-05-26T09:12:15.796+0000] {dag.py:3096} INFO - Sync 1 DAGs
[2024-05-26T09:12:15.813+0000] {logging_mixin.py:188} INFO - [2024-05-26T09:12:15.813+0000] {dag.py:3954} INFO - Setting next_dagrun for example_branch_python_operator_decorator to 2024-05-25 00:00:00+00:00, run_after=2024-05-26 00:00:00+00:00
[2024-05-26T09:12:15.854+0000] {processor.py:183} INFO - Processing /usr/local/python/3.10.13/lib/python3.10/site-packages/airflow/example_dags/example_branch_operator_decorator.py took 0.103 seconds
[2024-05-26T09:13:17.921+0000] {processor.py:161} INFO - Started process (PID=41335) to work on /usr/local/python/3.10.13/lib/python3.10/site-packages/airflow/example_dags/example_branch_operator_decorator.py
[2024-05-26T09:13:17.922+0000] {processor.py:830} INFO - Processing file /usr/local/python/3.10.13/lib/python3.10/site-packages/airflow/example_dags/example_branch_operator_decorator.py for tasks to queue
[2024-05-26T09:13:17.923+0000] {logging_mixin.py:188} INFO - [2024-05-26T09:13:17.923+0000] {dagbag.py:545} INFO - Filling up the DagBag from /usr/local/python/3.10.13/lib/python3.10/site-packages/airflow/example_dags/example_branch_operator_decorator.py
[2024-05-26T09:13:17.941+0000] {processor.py:840} INFO - DAG(s) 'example_branch_python_operator_decorator' retrieved from /usr/local/python/3.10.13/lib/python3.10/site-packages/airflow/example_dags/example_branch_operator_decorator.py
[2024-05-26T09:13:17.961+0000] {logging_mixin.py:188} INFO - [2024-05-26T09:13:17.961+0000] {dag.py:3096} INFO - Sync 1 DAGs
[2024-05-26T09:13:17.977+0000] {logging_mixin.py:188} INFO - [2024-05-26T09:13:17.977+0000] {dag.py:3954} INFO - Setting next_dagrun for example_branch_python_operator_decorator to 2024-05-25 00:00:00+00:00, run_after=2024-05-26 00:00:00+00:00
[2024-05-26T09:13:18.017+0000] {processor.py:183} INFO - Processing /usr/local/python/3.10.13/lib/python3.10/site-packages/airflow/example_dags/example_branch_operator_decorator.py took 0.100 seconds
[2024-05-26T09:14:22.726+0000] {processor.py:161} INFO - Started process (PID=41876) to work on /usr/local/python/3.10.13/lib/python3.10/site-packages/airflow/example_dags/example_branch_operator_decorator.py
[2024-05-26T09:14:22.727+0000] {processor.py:830} INFO - Processing file /usr/local/python/3.10.13/lib/python3.10/site-packages/airflow/example_dags/example_branch_operator_decorator.py for tasks to queue
[2024-05-26T09:14:22.728+0000] {logging_mixin.py:188} INFO - [2024-05-26T09:14:22.728+0000] {dagbag.py:545} INFO - Filling up the DagBag from /usr/local/python/3.10.13/lib/python3.10/site-packages/airflow/example_dags/example_branch_operator_decorator.py
[2024-05-26T09:14:22.746+0000] {processor.py:840} INFO - DAG(s) 'example_branch_python_operator_decorator' retrieved from /usr/local/python/3.10.13/lib/python3.10/site-packages/airflow/example_dags/example_branch_operator_decorator.py
[2024-05-26T09:14:22.767+0000] {logging_mixin.py:188} INFO - [2024-05-26T09:14:22.767+0000] {dag.py:3096} INFO - Sync 1 DAGs
[2024-05-26T09:14:22.783+0000] {logging_mixin.py:188} INFO - [2024-05-26T09:14:22.783+0000] {dag.py:3954} INFO - Setting next_dagrun for example_branch_python_operator_decorator to 2024-05-25 00:00:00+00:00, run_after=2024-05-26 00:00:00+00:00
[2024-05-26T09:14:22.822+0000] {processor.py:183} INFO - Processing /usr/local/python/3.10.13/lib/python3.10/site-packages/airflow/example_dags/example_branch_operator_decorator.py took 0.101 seconds
[2024-05-26T09:15:27.309+0000] {processor.py:161} INFO - Started process (PID=42322) to work on /usr/local/python/3.10.13/lib/python3.10/site-packages/airflow/example_dags/example_branch_operator_decorator.py
[2024-05-26T09:15:27.310+0000] {processor.py:830} INFO - Processing file /usr/local/python/3.10.13/lib/python3.10/site-packages/airflow/example_dags/example_branch_operator_decorator.py for tasks to queue
[2024-05-26T09:15:27.311+0000] {logging_mixin.py:188} INFO - [2024-05-26T09:15:27.311+0000] {dagbag.py:545} INFO - Filling up the DagBag from /usr/local/python/3.10.13/lib/python3.10/site-packages/airflow/example_dags/example_branch_operator_decorator.py
[2024-05-26T09:15:27.333+0000] {processor.py:840} INFO - DAG(s) 'example_branch_python_operator_decorator' retrieved from /usr/local/python/3.10.13/lib/python3.10/site-packages/airflow/example_dags/example_branch_operator_decorator.py
[2024-05-26T09:15:27.354+0000] {logging_mixin.py:188} INFO - [2024-05-26T09:15:27.353+0000] {dag.py:3096} INFO - Sync 1 DAGs
[2024-05-26T09:15:27.369+0000] {logging_mixin.py:188} INFO - [2024-05-26T09:15:27.369+0000] {dag.py:3954} INFO - Setting next_dagrun for example_branch_python_operator_decorator to 2024-05-25 00:00:00+00:00, run_after=2024-05-26 00:00:00+00:00
[2024-05-26T09:15:27.413+0000] {processor.py:183} INFO - Processing /usr/local/python/3.10.13/lib/python3.10/site-packages/airflow/example_dags/example_branch_operator_decorator.py took 0.109 seconds
[2024-05-26T09:16:28.740+0000] {processor.py:161} INFO - Started process (PID=42750) to work on /usr/local/python/3.10.13/lib/python3.10/site-packages/airflow/example_dags/example_branch_operator_decorator.py
[2024-05-26T09:16:28.741+0000] {processor.py:830} INFO - Processing file /usr/local/python/3.10.13/lib/python3.10/site-packages/airflow/example_dags/example_branch_operator_decorator.py for tasks to queue
[2024-05-26T09:16:28.742+0000] {logging_mixin.py:188} INFO - [2024-05-26T09:16:28.742+0000] {dagbag.py:545} INFO - Filling up the DagBag from /usr/local/python/3.10.13/lib/python3.10/site-packages/airflow/example_dags/example_branch_operator_decorator.py
[2024-05-26T09:16:28.760+0000] {processor.py:840} INFO - DAG(s) 'example_branch_python_operator_decorator' retrieved from /usr/local/python/3.10.13/lib/python3.10/site-packages/airflow/example_dags/example_branch_operator_decorator.py
[2024-05-26T09:16:28.779+0000] {logging_mixin.py:188} INFO - [2024-05-26T09:16:28.779+0000] {dag.py:3096} INFO - Sync 1 DAGs
[2024-05-26T09:16:28.795+0000] {logging_mixin.py:188} INFO - [2024-05-26T09:16:28.795+0000] {dag.py:3954} INFO - Setting next_dagrun for example_branch_python_operator_decorator to 2024-05-25 00:00:00+00:00, run_after=2024-05-26 00:00:00+00:00
[2024-05-26T09:16:28.833+0000] {processor.py:183} INFO - Processing /usr/local/python/3.10.13/lib/python3.10/site-packages/airflow/example_dags/example_branch_operator_decorator.py took 0.098 seconds
[2024-05-26T09:17:32.971+0000] {processor.py:161} INFO - Started process (PID=43184) to work on /usr/local/python/3.10.13/lib/python3.10/site-packages/airflow/example_dags/example_branch_operator_decorator.py
[2024-05-26T09:17:32.972+0000] {processor.py:830} INFO - Processing file /usr/local/python/3.10.13/lib/python3.10/site-packages/airflow/example_dags/example_branch_operator_decorator.py for tasks to queue
[2024-05-26T09:17:32.973+0000] {logging_mixin.py:188} INFO - [2024-05-26T09:17:32.973+0000] {dagbag.py:545} INFO - Filling up the DagBag from /usr/local/python/3.10.13/lib/python3.10/site-packages/airflow/example_dags/example_branch_operator_decorator.py
[2024-05-26T09:17:32.991+0000] {processor.py:840} INFO - DAG(s) 'example_branch_python_operator_decorator' retrieved from /usr/local/python/3.10.13/lib/python3.10/site-packages/airflow/example_dags/example_branch_operator_decorator.py
[2024-05-26T09:17:33.011+0000] {logging_mixin.py:188} INFO - [2024-05-26T09:17:33.011+0000] {dag.py:3096} INFO - Sync 1 DAGs
[2024-05-26T09:17:33.026+0000] {logging_mixin.py:188} INFO - [2024-05-26T09:17:33.026+0000] {dag.py:3954} INFO - Setting next_dagrun for example_branch_python_operator_decorator to 2024-05-25 00:00:00+00:00, run_after=2024-05-26 00:00:00+00:00
[2024-05-26T09:17:33.064+0000] {processor.py:183} INFO - Processing /usr/local/python/3.10.13/lib/python3.10/site-packages/airflow/example_dags/example_branch_operator_decorator.py took 0.098 seconds
[2024-05-26T09:18:38.566+0000] {processor.py:161} INFO - Started process (PID=43650) to work on /usr/local/python/3.10.13/lib/python3.10/site-packages/airflow/example_dags/example_branch_operator_decorator.py
[2024-05-26T09:18:38.567+0000] {processor.py:830} INFO - Processing file /usr/local/python/3.10.13/lib/python3.10/site-packages/airflow/example_dags/example_branch_operator_decorator.py for tasks to queue
[2024-05-26T09:18:38.568+0000] {logging_mixin.py:188} INFO - [2024-05-26T09:18:38.568+0000] {dagbag.py:545} INFO - Filling up the DagBag from /usr/local/python/3.10.13/lib/python3.10/site-packages/airflow/example_dags/example_branch_operator_decorator.py
[2024-05-26T09:18:38.586+0000] {processor.py:840} INFO - DAG(s) 'example_branch_python_operator_decorator' retrieved from /usr/local/python/3.10.13/lib/python3.10/site-packages/airflow/example_dags/example_branch_operator_decorator.py
[2024-05-26T09:18:38.607+0000] {logging_mixin.py:188} INFO - [2024-05-26T09:18:38.607+0000] {dag.py:3096} INFO - Sync 1 DAGs
[2024-05-26T09:18:38.623+0000] {logging_mixin.py:188} INFO - [2024-05-26T09:18:38.623+0000] {dag.py:3954} INFO - Setting next_dagrun for example_branch_python_operator_decorator to 2024-05-25 00:00:00+00:00, run_after=2024-05-26 00:00:00+00:00
[2024-05-26T09:18:38.664+0000] {processor.py:183} INFO - Processing /usr/local/python/3.10.13/lib/python3.10/site-packages/airflow/example_dags/example_branch_operator_decorator.py took 0.103 seconds
[2024-05-26T09:19:40.313+0000] {processor.py:161} INFO - Started process (PID=44132) to work on /usr/local/python/3.10.13/lib/python3.10/site-packages/airflow/example_dags/example_branch_operator_decorator.py
[2024-05-26T09:19:40.314+0000] {processor.py:830} INFO - Processing file /usr/local/python/3.10.13/lib/python3.10/site-packages/airflow/example_dags/example_branch_operator_decorator.py for tasks to queue
[2024-05-26T09:19:40.315+0000] {logging_mixin.py:188} INFO - [2024-05-26T09:19:40.315+0000] {dagbag.py:545} INFO - Filling up the DagBag from /usr/local/python/3.10.13/lib/python3.10/site-packages/airflow/example_dags/example_branch_operator_decorator.py
[2024-05-26T09:19:40.335+0000] {processor.py:840} INFO - DAG(s) 'example_branch_python_operator_decorator' retrieved from /usr/local/python/3.10.13/lib/python3.10/site-packages/airflow/example_dags/example_branch_operator_decorator.py
[2024-05-26T09:19:40.355+0000] {logging_mixin.py:188} INFO - [2024-05-26T09:19:40.354+0000] {dag.py:3096} INFO - Sync 1 DAGs
[2024-05-26T09:19:40.371+0000] {logging_mixin.py:188} INFO - [2024-05-26T09:19:40.371+0000] {dag.py:3954} INFO - Setting next_dagrun for example_branch_python_operator_decorator to 2024-05-25 00:00:00+00:00, run_after=2024-05-26 00:00:00+00:00
[2024-05-26T09:19:40.409+0000] {processor.py:183} INFO - Processing /usr/local/python/3.10.13/lib/python3.10/site-packages/airflow/example_dags/example_branch_operator_decorator.py took 0.101 seconds
[2024-05-26T09:20:43.260+0000] {processor.py:161} INFO - Started process (PID=44580) to work on /usr/local/python/3.10.13/lib/python3.10/site-packages/airflow/example_dags/example_branch_operator_decorator.py
[2024-05-26T09:20:43.261+0000] {processor.py:830} INFO - Processing file /usr/local/python/3.10.13/lib/python3.10/site-packages/airflow/example_dags/example_branch_operator_decorator.py for tasks to queue
[2024-05-26T09:20:43.262+0000] {logging_mixin.py:188} INFO - [2024-05-26T09:20:43.262+0000] {dagbag.py:545} INFO - Filling up the DagBag from /usr/local/python/3.10.13/lib/python3.10/site-packages/airflow/example_dags/example_branch_operator_decorator.py
[2024-05-26T09:20:43.281+0000] {processor.py:840} INFO - DAG(s) 'example_branch_python_operator_decorator' retrieved from /usr/local/python/3.10.13/lib/python3.10/site-packages/airflow/example_dags/example_branch_operator_decorator.py
[2024-05-26T09:20:43.301+0000] {logging_mixin.py:188} INFO - [2024-05-26T09:20:43.301+0000] {dag.py:3096} INFO - Sync 1 DAGs
[2024-05-26T09:20:43.318+0000] {logging_mixin.py:188} INFO - [2024-05-26T09:20:43.318+0000] {dag.py:3954} INFO - Setting next_dagrun for example_branch_python_operator_decorator to 2024-05-25 00:00:00+00:00, run_after=2024-05-26 00:00:00+00:00
[2024-05-26T09:20:43.354+0000] {processor.py:183} INFO - Processing /usr/local/python/3.10.13/lib/python3.10/site-packages/airflow/example_dags/example_branch_operator_decorator.py took 0.099 seconds
[2024-05-26T09:21:47.850+0000] {processor.py:161} INFO - Started process (PID=45016) to work on /usr/local/python/3.10.13/lib/python3.10/site-packages/airflow/example_dags/example_branch_operator_decorator.py
[2024-05-26T09:21:47.851+0000] {processor.py:830} INFO - Processing file /usr/local/python/3.10.13/lib/python3.10/site-packages/airflow/example_dags/example_branch_operator_decorator.py for tasks to queue
[2024-05-26T09:21:47.852+0000] {logging_mixin.py:188} INFO - [2024-05-26T09:21:47.852+0000] {dagbag.py:545} INFO - Filling up the DagBag from /usr/local/python/3.10.13/lib/python3.10/site-packages/airflow/example_dags/example_branch_operator_decorator.py
[2024-05-26T09:21:47.871+0000] {processor.py:840} INFO - DAG(s) 'example_branch_python_operator_decorator' retrieved from /usr/local/python/3.10.13/lib/python3.10/site-packages/airflow/example_dags/example_branch_operator_decorator.py
[2024-05-26T09:21:47.891+0000] {logging_mixin.py:188} INFO - [2024-05-26T09:21:47.891+0000] {dag.py:3096} INFO - Sync 1 DAGs
[2024-05-26T09:21:47.907+0000] {logging_mixin.py:188} INFO - [2024-05-26T09:21:47.907+0000] {dag.py:3954} INFO - Setting next_dagrun for example_branch_python_operator_decorator to 2024-05-25 00:00:00+00:00, run_after=2024-05-26 00:00:00+00:00
[2024-05-26T09:21:47.946+0000] {processor.py:183} INFO - Processing /usr/local/python/3.10.13/lib/python3.10/site-packages/airflow/example_dags/example_branch_operator_decorator.py took 0.100 seconds
[2024-05-26T09:22:44.615+0000] {processor.py:161} INFO - Started process (PID=45419) to work on /usr/local/python/3.10.13/lib/python3.10/site-packages/airflow/example_dags/example_branch_operator_decorator.py
[2024-05-26T09:22:44.616+0000] {processor.py:830} INFO - Processing file /usr/local/python/3.10.13/lib/python3.10/site-packages/airflow/example_dags/example_branch_operator_decorator.py for tasks to queue
[2024-05-26T09:22:44.617+0000] {logging_mixin.py:188} INFO - [2024-05-26T09:22:44.617+0000] {dagbag.py:545} INFO - Filling up the DagBag from /usr/local/python/3.10.13/lib/python3.10/site-packages/airflow/example_dags/example_branch_operator_decorator.py
[2024-05-26T09:22:44.636+0000] {processor.py:840} INFO - DAG(s) 'example_branch_python_operator_decorator' retrieved from /usr/local/python/3.10.13/lib/python3.10/site-packages/airflow/example_dags/example_branch_operator_decorator.py
[2024-05-26T09:22:44.656+0000] {logging_mixin.py:188} INFO - [2024-05-26T09:22:44.656+0000] {dag.py:3096} INFO - Sync 1 DAGs
[2024-05-26T09:22:44.672+0000] {logging_mixin.py:188} INFO - [2024-05-26T09:22:44.672+0000] {dag.py:3954} INFO - Setting next_dagrun for example_branch_python_operator_decorator to 2024-05-25 00:00:00+00:00, run_after=2024-05-26 00:00:00+00:00
[2024-05-26T09:22:44.711+0000] {processor.py:183} INFO - Processing /usr/local/python/3.10.13/lib/python3.10/site-packages/airflow/example_dags/example_branch_operator_decorator.py took 0.101 seconds
[2024-05-26T09:23:45.406+0000] {processor.py:161} INFO - Started process (PID=45840) to work on /usr/local/python/3.10.13/lib/python3.10/site-packages/airflow/example_dags/example_branch_operator_decorator.py
[2024-05-26T09:23:45.406+0000] {processor.py:830} INFO - Processing file /usr/local/python/3.10.13/lib/python3.10/site-packages/airflow/example_dags/example_branch_operator_decorator.py for tasks to queue
[2024-05-26T09:23:45.408+0000] {logging_mixin.py:188} INFO - [2024-05-26T09:23:45.407+0000] {dagbag.py:545} INFO - Filling up the DagBag from /usr/local/python/3.10.13/lib/python3.10/site-packages/airflow/example_dags/example_branch_operator_decorator.py
[2024-05-26T09:23:45.426+0000] {processor.py:840} INFO - DAG(s) 'example_branch_python_operator_decorator' retrieved from /usr/local/python/3.10.13/lib/python3.10/site-packages/airflow/example_dags/example_branch_operator_decorator.py
[2024-05-26T09:23:45.445+0000] {logging_mixin.py:188} INFO - [2024-05-26T09:23:45.445+0000] {dag.py:3096} INFO - Sync 1 DAGs
[2024-05-26T09:23:45.461+0000] {logging_mixin.py:188} INFO - [2024-05-26T09:23:45.460+0000] {dag.py:3954} INFO - Setting next_dagrun for example_branch_python_operator_decorator to 2024-05-25 00:00:00+00:00, run_after=2024-05-26 00:00:00+00:00
[2024-05-26T09:23:45.500+0000] {processor.py:183} INFO - Processing /usr/local/python/3.10.13/lib/python3.10/site-packages/airflow/example_dags/example_branch_operator_decorator.py took 0.099 seconds
[2024-05-26T09:24:46.340+0000] {processor.py:161} INFO - Started process (PID=46265) to work on /usr/local/python/3.10.13/lib/python3.10/site-packages/airflow/example_dags/example_branch_operator_decorator.py
[2024-05-26T09:24:46.340+0000] {processor.py:830} INFO - Processing file /usr/local/python/3.10.13/lib/python3.10/site-packages/airflow/example_dags/example_branch_operator_decorator.py for tasks to queue
[2024-05-26T09:24:46.342+0000] {logging_mixin.py:188} INFO - [2024-05-26T09:24:46.341+0000] {dagbag.py:545} INFO - Filling up the DagBag from /usr/local/python/3.10.13/lib/python3.10/site-packages/airflow/example_dags/example_branch_operator_decorator.py
[2024-05-26T09:24:46.360+0000] {processor.py:840} INFO - DAG(s) 'example_branch_python_operator_decorator' retrieved from /usr/local/python/3.10.13/lib/python3.10/site-packages/airflow/example_dags/example_branch_operator_decorator.py
[2024-05-26T09:24:46.379+0000] {logging_mixin.py:188} INFO - [2024-05-26T09:24:46.379+0000] {dag.py:3096} INFO - Sync 1 DAGs
[2024-05-26T09:24:46.395+0000] {logging_mixin.py:188} INFO - [2024-05-26T09:24:46.395+0000] {dag.py:3954} INFO - Setting next_dagrun for example_branch_python_operator_decorator to 2024-05-25 00:00:00+00:00, run_after=2024-05-26 00:00:00+00:00
[2024-05-26T09:24:46.432+0000] {processor.py:183} INFO - Processing /usr/local/python/3.10.13/lib/python3.10/site-packages/airflow/example_dags/example_branch_operator_decorator.py took 0.097 seconds
[2024-05-26T09:25:48.280+0000] {processor.py:161} INFO - Started process (PID=46706) to work on /usr/local/python/3.10.13/lib/python3.10/site-packages/airflow/example_dags/example_branch_operator_decorator.py
[2024-05-26T09:25:48.281+0000] {processor.py:830} INFO - Processing file /usr/local/python/3.10.13/lib/python3.10/site-packages/airflow/example_dags/example_branch_operator_decorator.py for tasks to queue
[2024-05-26T09:25:48.282+0000] {logging_mixin.py:188} INFO - [2024-05-26T09:25:48.282+0000] {dagbag.py:545} INFO - Filling up the DagBag from /usr/local/python/3.10.13/lib/python3.10/site-packages/airflow/example_dags/example_branch_operator_decorator.py
[2024-05-26T09:25:48.301+0000] {processor.py:840} INFO - DAG(s) 'example_branch_python_operator_decorator' retrieved from /usr/local/python/3.10.13/lib/python3.10/site-packages/airflow/example_dags/example_branch_operator_decorator.py
[2024-05-26T09:25:48.321+0000] {logging_mixin.py:188} INFO - [2024-05-26T09:25:48.321+0000] {dag.py:3096} INFO - Sync 1 DAGs
[2024-05-26T09:25:48.338+0000] {logging_mixin.py:188} INFO - [2024-05-26T09:25:48.338+0000] {dag.py:3954} INFO - Setting next_dagrun for example_branch_python_operator_decorator to 2024-05-25 00:00:00+00:00, run_after=2024-05-26 00:00:00+00:00
[2024-05-26T09:25:48.375+0000] {processor.py:183} INFO - Processing /usr/local/python/3.10.13/lib/python3.10/site-packages/airflow/example_dags/example_branch_operator_decorator.py took 0.100 seconds
[2024-05-26T09:26:51.614+0000] {processor.py:161} INFO - Started process (PID=47179) to work on /usr/local/python/3.10.13/lib/python3.10/site-packages/airflow/example_dags/example_branch_operator_decorator.py
[2024-05-26T09:26:51.614+0000] {processor.py:830} INFO - Processing file /usr/local/python/3.10.13/lib/python3.10/site-packages/airflow/example_dags/example_branch_operator_decorator.py for tasks to queue
[2024-05-26T09:26:51.616+0000] {logging_mixin.py:188} INFO - [2024-05-26T09:26:51.616+0000] {dagbag.py:545} INFO - Filling up the DagBag from /usr/local/python/3.10.13/lib/python3.10/site-packages/airflow/example_dags/example_branch_operator_decorator.py
[2024-05-26T09:26:51.645+0000] {processor.py:840} INFO - DAG(s) 'example_branch_python_operator_decorator' retrieved from /usr/local/python/3.10.13/lib/python3.10/site-packages/airflow/example_dags/example_branch_operator_decorator.py
[2024-05-26T09:26:51.677+0000] {logging_mixin.py:188} INFO - [2024-05-26T09:26:51.676+0000] {dag.py:3096} INFO - Sync 1 DAGs
[2024-05-26T09:26:51.698+0000] {logging_mixin.py:188} INFO - [2024-05-26T09:26:51.698+0000] {dag.py:3954} INFO - Setting next_dagrun for example_branch_python_operator_decorator to 2024-05-25 00:00:00+00:00, run_after=2024-05-26 00:00:00+00:00
[2024-05-26T09:26:51.735+0000] {processor.py:183} INFO - Processing /usr/local/python/3.10.13/lib/python3.10/site-packages/airflow/example_dags/example_branch_operator_decorator.py took 0.128 seconds
[2024-05-26T09:27:52.399+0000] {processor.py:161} INFO - Started process (PID=47605) to work on /usr/local/python/3.10.13/lib/python3.10/site-packages/airflow/example_dags/example_branch_operator_decorator.py
[2024-05-26T09:27:52.400+0000] {processor.py:830} INFO - Processing file /usr/local/python/3.10.13/lib/python3.10/site-packages/airflow/example_dags/example_branch_operator_decorator.py for tasks to queue
[2024-05-26T09:27:52.401+0000] {logging_mixin.py:188} INFO - [2024-05-26T09:27:52.401+0000] {dagbag.py:545} INFO - Filling up the DagBag from /usr/local/python/3.10.13/lib/python3.10/site-packages/airflow/example_dags/example_branch_operator_decorator.py
[2024-05-26T09:27:52.419+0000] {processor.py:840} INFO - DAG(s) 'example_branch_python_operator_decorator' retrieved from /usr/local/python/3.10.13/lib/python3.10/site-packages/airflow/example_dags/example_branch_operator_decorator.py
[2024-05-26T09:27:52.439+0000] {logging_mixin.py:188} INFO - [2024-05-26T09:27:52.439+0000] {dag.py:3096} INFO - Sync 1 DAGs
[2024-05-26T09:27:52.462+0000] {logging_mixin.py:188} INFO - [2024-05-26T09:27:52.461+0000] {dag.py:3954} INFO - Setting next_dagrun for example_branch_python_operator_decorator to 2024-05-25 00:00:00+00:00, run_after=2024-05-26 00:00:00+00:00
[2024-05-26T09:27:52.509+0000] {processor.py:183} INFO - Processing /usr/local/python/3.10.13/lib/python3.10/site-packages/airflow/example_dags/example_branch_operator_decorator.py took 0.115 seconds
[2024-05-26T09:28:53.816+0000] {processor.py:161} INFO - Started process (PID=48028) to work on /usr/local/python/3.10.13/lib/python3.10/site-packages/airflow/example_dags/example_branch_operator_decorator.py
[2024-05-26T09:28:53.817+0000] {processor.py:830} INFO - Processing file /usr/local/python/3.10.13/lib/python3.10/site-packages/airflow/example_dags/example_branch_operator_decorator.py for tasks to queue
[2024-05-26T09:28:53.818+0000] {logging_mixin.py:188} INFO - [2024-05-26T09:28:53.818+0000] {dagbag.py:545} INFO - Filling up the DagBag from /usr/local/python/3.10.13/lib/python3.10/site-packages/airflow/example_dags/example_branch_operator_decorator.py
[2024-05-26T09:28:53.835+0000] {processor.py:840} INFO - DAG(s) 'example_branch_python_operator_decorator' retrieved from /usr/local/python/3.10.13/lib/python3.10/site-packages/airflow/example_dags/example_branch_operator_decorator.py
[2024-05-26T09:28:53.855+0000] {logging_mixin.py:188} INFO - [2024-05-26T09:28:53.855+0000] {dag.py:3096} INFO - Sync 1 DAGs
[2024-05-26T09:28:53.871+0000] {logging_mixin.py:188} INFO - [2024-05-26T09:28:53.871+0000] {dag.py:3954} INFO - Setting next_dagrun for example_branch_python_operator_decorator to 2024-05-25 00:00:00+00:00, run_after=2024-05-26 00:00:00+00:00
[2024-05-26T09:28:53.906+0000] {processor.py:183} INFO - Processing /usr/local/python/3.10.13/lib/python3.10/site-packages/airflow/example_dags/example_branch_operator_decorator.py took 0.094 seconds
[2024-05-26T09:29:56.445+0000] {processor.py:161} INFO - Started process (PID=48458) to work on /usr/local/python/3.10.13/lib/python3.10/site-packages/airflow/example_dags/example_branch_operator_decorator.py
[2024-05-26T09:29:56.446+0000] {processor.py:830} INFO - Processing file /usr/local/python/3.10.13/lib/python3.10/site-packages/airflow/example_dags/example_branch_operator_decorator.py for tasks to queue
[2024-05-26T09:29:56.447+0000] {logging_mixin.py:188} INFO - [2024-05-26T09:29:56.447+0000] {dagbag.py:545} INFO - Filling up the DagBag from /usr/local/python/3.10.13/lib/python3.10/site-packages/airflow/example_dags/example_branch_operator_decorator.py
[2024-05-26T09:29:56.465+0000] {processor.py:840} INFO - DAG(s) 'example_branch_python_operator_decorator' retrieved from /usr/local/python/3.10.13/lib/python3.10/site-packages/airflow/example_dags/example_branch_operator_decorator.py
[2024-05-26T09:29:56.484+0000] {logging_mixin.py:188} INFO - [2024-05-26T09:29:56.484+0000] {dag.py:3096} INFO - Sync 1 DAGs
[2024-05-26T09:29:56.501+0000] {logging_mixin.py:188} INFO - [2024-05-26T09:29:56.500+0000] {dag.py:3954} INFO - Setting next_dagrun for example_branch_python_operator_decorator to 2024-05-25 00:00:00+00:00, run_after=2024-05-26 00:00:00+00:00
[2024-05-26T09:29:56.538+0000] {processor.py:183} INFO - Processing /usr/local/python/3.10.13/lib/python3.10/site-packages/airflow/example_dags/example_branch_operator_decorator.py took 0.097 seconds
[2024-05-26T09:30:54.263+0000] {processor.py:161} INFO - Started process (PID=48870) to work on /usr/local/python/3.10.13/lib/python3.10/site-packages/airflow/example_dags/example_branch_operator_decorator.py
[2024-05-26T09:30:54.264+0000] {processor.py:830} INFO - Processing file /usr/local/python/3.10.13/lib/python3.10/site-packages/airflow/example_dags/example_branch_operator_decorator.py for tasks to queue
[2024-05-26T09:30:54.265+0000] {logging_mixin.py:188} INFO - [2024-05-26T09:30:54.265+0000] {dagbag.py:545} INFO - Filling up the DagBag from /usr/local/python/3.10.13/lib/python3.10/site-packages/airflow/example_dags/example_branch_operator_decorator.py
[2024-05-26T09:30:54.283+0000] {processor.py:840} INFO - DAG(s) 'example_branch_python_operator_decorator' retrieved from /usr/local/python/3.10.13/lib/python3.10/site-packages/airflow/example_dags/example_branch_operator_decorator.py
[2024-05-26T09:30:54.303+0000] {logging_mixin.py:188} INFO - [2024-05-26T09:30:54.303+0000] {dag.py:3096} INFO - Sync 1 DAGs
[2024-05-26T09:30:54.319+0000] {logging_mixin.py:188} INFO - [2024-05-26T09:30:54.319+0000] {dag.py:3954} INFO - Setting next_dagrun for example_branch_python_operator_decorator to 2024-05-25 00:00:00+00:00, run_after=2024-05-26 00:00:00+00:00
[2024-05-26T09:30:54.360+0000] {processor.py:183} INFO - Processing /usr/local/python/3.10.13/lib/python3.10/site-packages/airflow/example_dags/example_branch_operator_decorator.py took 0.102 seconds
[2024-05-26T09:31:59.907+0000] {processor.py:161} INFO - Started process (PID=49328) to work on /usr/local/python/3.10.13/lib/python3.10/site-packages/airflow/example_dags/example_branch_operator_decorator.py
[2024-05-26T09:31:59.908+0000] {processor.py:830} INFO - Processing file /usr/local/python/3.10.13/lib/python3.10/site-packages/airflow/example_dags/example_branch_operator_decorator.py for tasks to queue
[2024-05-26T09:31:59.909+0000] {logging_mixin.py:188} INFO - [2024-05-26T09:31:59.909+0000] {dagbag.py:545} INFO - Filling up the DagBag from /usr/local/python/3.10.13/lib/python3.10/site-packages/airflow/example_dags/example_branch_operator_decorator.py
[2024-05-26T09:31:59.935+0000] {processor.py:840} INFO - DAG(s) 'example_branch_python_operator_decorator' retrieved from /usr/local/python/3.10.13/lib/python3.10/site-packages/airflow/example_dags/example_branch_operator_decorator.py
[2024-05-26T09:31:59.955+0000] {logging_mixin.py:188} INFO - [2024-05-26T09:31:59.955+0000] {dag.py:3096} INFO - Sync 1 DAGs
[2024-05-26T09:31:59.971+0000] {logging_mixin.py:188} INFO - [2024-05-26T09:31:59.971+0000] {dag.py:3954} INFO - Setting next_dagrun for example_branch_python_operator_decorator to 2024-05-25 00:00:00+00:00, run_after=2024-05-26 00:00:00+00:00
[2024-05-26T09:32:00.006+0000] {processor.py:183} INFO - Processing /usr/local/python/3.10.13/lib/python3.10/site-packages/airflow/example_dags/example_branch_operator_decorator.py took 0.104 seconds
[2024-05-26T09:33:01.820+0000] {processor.py:161} INFO - Started process (PID=49769) to work on /usr/local/python/3.10.13/lib/python3.10/site-packages/airflow/example_dags/example_branch_operator_decorator.py
[2024-05-26T09:33:01.825+0000] {processor.py:830} INFO - Processing file /usr/local/python/3.10.13/lib/python3.10/site-packages/airflow/example_dags/example_branch_operator_decorator.py for tasks to queue
[2024-05-26T09:33:01.827+0000] {logging_mixin.py:188} INFO - [2024-05-26T09:33:01.826+0000] {dagbag.py:545} INFO - Filling up the DagBag from /usr/local/python/3.10.13/lib/python3.10/site-packages/airflow/example_dags/example_branch_operator_decorator.py
[2024-05-26T09:33:01.873+0000] {processor.py:840} INFO - DAG(s) 'example_branch_python_operator_decorator' retrieved from /usr/local/python/3.10.13/lib/python3.10/site-packages/airflow/example_dags/example_branch_operator_decorator.py
[2024-05-26T09:33:01.929+0000] {logging_mixin.py:188} INFO - [2024-05-26T09:33:01.928+0000] {dag.py:3096} INFO - Sync 1 DAGs
[2024-05-26T09:33:01.947+0000] {logging_mixin.py:188} INFO - [2024-05-26T09:33:01.947+0000] {dag.py:3954} INFO - Setting next_dagrun for example_branch_python_operator_decorator to 2024-05-25 00:00:00+00:00, run_after=2024-05-26 00:00:00+00:00
[2024-05-26T09:33:01.985+0000] {processor.py:183} INFO - Processing /usr/local/python/3.10.13/lib/python3.10/site-packages/airflow/example_dags/example_branch_operator_decorator.py took 0.173 seconds
[2024-05-26T09:34:00.074+0000] {processor.py:161} INFO - Started process (PID=50175) to work on /usr/local/python/3.10.13/lib/python3.10/site-packages/airflow/example_dags/example_branch_operator_decorator.py
[2024-05-26T09:34:00.074+0000] {processor.py:830} INFO - Processing file /usr/local/python/3.10.13/lib/python3.10/site-packages/airflow/example_dags/example_branch_operator_decorator.py for tasks to queue
[2024-05-26T09:34:00.076+0000] {logging_mixin.py:188} INFO - [2024-05-26T09:34:00.075+0000] {dagbag.py:545} INFO - Filling up the DagBag from /usr/local/python/3.10.13/lib/python3.10/site-packages/airflow/example_dags/example_branch_operator_decorator.py
[2024-05-26T09:34:00.093+0000] {processor.py:840} INFO - DAG(s) 'example_branch_python_operator_decorator' retrieved from /usr/local/python/3.10.13/lib/python3.10/site-packages/airflow/example_dags/example_branch_operator_decorator.py
[2024-05-26T09:34:00.113+0000] {logging_mixin.py:188} INFO - [2024-05-26T09:34:00.113+0000] {dag.py:3096} INFO - Sync 1 DAGs
[2024-05-26T09:34:00.128+0000] {logging_mixin.py:188} INFO - [2024-05-26T09:34:00.128+0000] {dag.py:3954} INFO - Setting next_dagrun for example_branch_python_operator_decorator to 2024-05-25 00:00:00+00:00, run_after=2024-05-26 00:00:00+00:00
[2024-05-26T09:34:00.166+0000] {processor.py:183} INFO - Processing /usr/local/python/3.10.13/lib/python3.10/site-packages/airflow/example_dags/example_branch_operator_decorator.py took 0.097 seconds
[2024-05-26T09:34:59.003+0000] {processor.py:161} INFO - Started process (PID=50594) to work on /usr/local/python/3.10.13/lib/python3.10/site-packages/airflow/example_dags/example_branch_operator_decorator.py
[2024-05-26T09:34:59.003+0000] {processor.py:830} INFO - Processing file /usr/local/python/3.10.13/lib/python3.10/site-packages/airflow/example_dags/example_branch_operator_decorator.py for tasks to queue
[2024-05-26T09:34:59.005+0000] {logging_mixin.py:188} INFO - [2024-05-26T09:34:59.004+0000] {dagbag.py:545} INFO - Filling up the DagBag from /usr/local/python/3.10.13/lib/python3.10/site-packages/airflow/example_dags/example_branch_operator_decorator.py
[2024-05-26T09:34:59.023+0000] {processor.py:840} INFO - DAG(s) 'example_branch_python_operator_decorator' retrieved from /usr/local/python/3.10.13/lib/python3.10/site-packages/airflow/example_dags/example_branch_operator_decorator.py
[2024-05-26T09:34:59.042+0000] {logging_mixin.py:188} INFO - [2024-05-26T09:34:59.042+0000] {dag.py:3096} INFO - Sync 1 DAGs
[2024-05-26T09:34:59.058+0000] {logging_mixin.py:188} INFO - [2024-05-26T09:34:59.058+0000] {dag.py:3954} INFO - Setting next_dagrun for example_branch_python_operator_decorator to 2024-05-25 00:00:00+00:00, run_after=2024-05-26 00:00:00+00:00
[2024-05-26T09:34:59.101+0000] {processor.py:183} INFO - Processing /usr/local/python/3.10.13/lib/python3.10/site-packages/airflow/example_dags/example_branch_operator_decorator.py took 0.104 seconds
[2024-05-26T09:35:58.766+0000] {processor.py:161} INFO - Started process (PID=51016) to work on /usr/local/python/3.10.13/lib/python3.10/site-packages/airflow/example_dags/example_branch_operator_decorator.py
[2024-05-26T09:35:58.767+0000] {processor.py:830} INFO - Processing file /usr/local/python/3.10.13/lib/python3.10/site-packages/airflow/example_dags/example_branch_operator_decorator.py for tasks to queue
[2024-05-26T09:35:58.768+0000] {logging_mixin.py:188} INFO - [2024-05-26T09:35:58.768+0000] {dagbag.py:545} INFO - Filling up the DagBag from /usr/local/python/3.10.13/lib/python3.10/site-packages/airflow/example_dags/example_branch_operator_decorator.py
[2024-05-26T09:35:58.786+0000] {processor.py:840} INFO - DAG(s) 'example_branch_python_operator_decorator' retrieved from /usr/local/python/3.10.13/lib/python3.10/site-packages/airflow/example_dags/example_branch_operator_decorator.py
[2024-05-26T09:35:58.806+0000] {logging_mixin.py:188} INFO - [2024-05-26T09:35:58.805+0000] {dag.py:3096} INFO - Sync 1 DAGs
[2024-05-26T09:35:58.821+0000] {logging_mixin.py:188} INFO - [2024-05-26T09:35:58.821+0000] {dag.py:3954} INFO - Setting next_dagrun for example_branch_python_operator_decorator to 2024-05-25 00:00:00+00:00, run_after=2024-05-26 00:00:00+00:00
[2024-05-26T09:35:58.858+0000] {processor.py:183} INFO - Processing /usr/local/python/3.10.13/lib/python3.10/site-packages/airflow/example_dags/example_branch_operator_decorator.py took 0.096 seconds
[2024-05-26T09:37:01.928+0000] {processor.py:161} INFO - Started process (PID=51441) to work on /usr/local/python/3.10.13/lib/python3.10/site-packages/airflow/example_dags/example_branch_operator_decorator.py
[2024-05-26T09:37:01.928+0000] {processor.py:830} INFO - Processing file /usr/local/python/3.10.13/lib/python3.10/site-packages/airflow/example_dags/example_branch_operator_decorator.py for tasks to queue
[2024-05-26T09:37:01.930+0000] {logging_mixin.py:188} INFO - [2024-05-26T09:37:01.929+0000] {dagbag.py:545} INFO - Filling up the DagBag from /usr/local/python/3.10.13/lib/python3.10/site-packages/airflow/example_dags/example_branch_operator_decorator.py
[2024-05-26T09:37:01.948+0000] {processor.py:840} INFO - DAG(s) 'example_branch_python_operator_decorator' retrieved from /usr/local/python/3.10.13/lib/python3.10/site-packages/airflow/example_dags/example_branch_operator_decorator.py
[2024-05-26T09:37:01.968+0000] {logging_mixin.py:188} INFO - [2024-05-26T09:37:01.968+0000] {dag.py:3096} INFO - Sync 1 DAGs
[2024-05-26T09:37:01.984+0000] {logging_mixin.py:188} INFO - [2024-05-26T09:37:01.983+0000] {dag.py:3954} INFO - Setting next_dagrun for example_branch_python_operator_decorator to 2024-05-25 00:00:00+00:00, run_after=2024-05-26 00:00:00+00:00
[2024-05-26T09:37:02.025+0000] {processor.py:183} INFO - Processing /usr/local/python/3.10.13/lib/python3.10/site-packages/airflow/example_dags/example_branch_operator_decorator.py took 0.103 seconds
[2024-05-26T09:38:06.706+0000] {processor.py:161} INFO - Started process (PID=51906) to work on /usr/local/python/3.10.13/lib/python3.10/site-packages/airflow/example_dags/example_branch_operator_decorator.py
[2024-05-26T09:38:06.707+0000] {processor.py:830} INFO - Processing file /usr/local/python/3.10.13/lib/python3.10/site-packages/airflow/example_dags/example_branch_operator_decorator.py for tasks to queue
[2024-05-26T09:38:06.708+0000] {logging_mixin.py:188} INFO - [2024-05-26T09:38:06.708+0000] {dagbag.py:545} INFO - Filling up the DagBag from /usr/local/python/3.10.13/lib/python3.10/site-packages/airflow/example_dags/example_branch_operator_decorator.py
[2024-05-26T09:38:06.727+0000] {processor.py:840} INFO - DAG(s) 'example_branch_python_operator_decorator' retrieved from /usr/local/python/3.10.13/lib/python3.10/site-packages/airflow/example_dags/example_branch_operator_decorator.py
[2024-05-26T09:38:06.749+0000] {logging_mixin.py:188} INFO - [2024-05-26T09:38:06.749+0000] {dag.py:3096} INFO - Sync 1 DAGs
[2024-05-26T09:38:06.765+0000] {logging_mixin.py:188} INFO - [2024-05-26T09:38:06.765+0000] {dag.py:3954} INFO - Setting next_dagrun for example_branch_python_operator_decorator to 2024-05-25 00:00:00+00:00, run_after=2024-05-26 00:00:00+00:00
[2024-05-26T09:38:06.814+0000] {processor.py:183} INFO - Processing /usr/local/python/3.10.13/lib/python3.10/site-packages/airflow/example_dags/example_branch_operator_decorator.py took 0.113 seconds
[2024-05-26T09:39:01.646+0000] {processor.py:161} INFO - Started process (PID=52286) to work on /usr/local/python/3.10.13/lib/python3.10/site-packages/airflow/example_dags/example_branch_operator_decorator.py
[2024-05-26T09:39:01.647+0000] {processor.py:830} INFO - Processing file /usr/local/python/3.10.13/lib/python3.10/site-packages/airflow/example_dags/example_branch_operator_decorator.py for tasks to queue
[2024-05-26T09:39:01.649+0000] {logging_mixin.py:188} INFO - [2024-05-26T09:39:01.649+0000] {dagbag.py:545} INFO - Filling up the DagBag from /usr/local/python/3.10.13/lib/python3.10/site-packages/airflow/example_dags/example_branch_operator_decorator.py
[2024-05-26T09:39:01.679+0000] {processor.py:840} INFO - DAG(s) 'example_branch_python_operator_decorator' retrieved from /usr/local/python/3.10.13/lib/python3.10/site-packages/airflow/example_dags/example_branch_operator_decorator.py
[2024-05-26T09:39:01.712+0000] {logging_mixin.py:188} INFO - [2024-05-26T09:39:01.711+0000] {dag.py:3096} INFO - Sync 1 DAGs
[2024-05-26T09:39:01.734+0000] {logging_mixin.py:188} INFO - [2024-05-26T09:39:01.734+0000] {dag.py:3954} INFO - Setting next_dagrun for example_branch_python_operator_decorator to 2024-05-25 00:00:00+00:00, run_after=2024-05-26 00:00:00+00:00
[2024-05-26T09:39:01.778+0000] {processor.py:183} INFO - Processing /usr/local/python/3.10.13/lib/python3.10/site-packages/airflow/example_dags/example_branch_operator_decorator.py took 0.139 seconds
[2024-05-26T09:40:06.240+0000] {processor.py:161} INFO - Started process (PID=52722) to work on /usr/local/python/3.10.13/lib/python3.10/site-packages/airflow/example_dags/example_branch_operator_decorator.py
[2024-05-26T09:40:06.241+0000] {processor.py:830} INFO - Processing file /usr/local/python/3.10.13/lib/python3.10/site-packages/airflow/example_dags/example_branch_operator_decorator.py for tasks to queue
[2024-05-26T09:40:06.242+0000] {logging_mixin.py:188} INFO - [2024-05-26T09:40:06.242+0000] {dagbag.py:545} INFO - Filling up the DagBag from /usr/local/python/3.10.13/lib/python3.10/site-packages/airflow/example_dags/example_branch_operator_decorator.py
[2024-05-26T09:40:06.260+0000] {processor.py:840} INFO - DAG(s) 'example_branch_python_operator_decorator' retrieved from /usr/local/python/3.10.13/lib/python3.10/site-packages/airflow/example_dags/example_branch_operator_decorator.py
[2024-05-26T09:40:06.282+0000] {logging_mixin.py:188} INFO - [2024-05-26T09:40:06.282+0000] {dag.py:3096} INFO - Sync 1 DAGs
[2024-05-26T09:40:06.298+0000] {logging_mixin.py:188} INFO - [2024-05-26T09:40:06.298+0000] {dag.py:3954} INFO - Setting next_dagrun for example_branch_python_operator_decorator to 2024-05-25 00:00:00+00:00, run_after=2024-05-26 00:00:00+00:00
[2024-05-26T09:40:06.338+0000] {processor.py:183} INFO - Processing /usr/local/python/3.10.13/lib/python3.10/site-packages/airflow/example_dags/example_branch_operator_decorator.py took 0.102 seconds
[2024-05-26T09:41:07.627+0000] {processor.py:161} INFO - Started process (PID=53156) to work on /usr/local/python/3.10.13/lib/python3.10/site-packages/airflow/example_dags/example_branch_operator_decorator.py
[2024-05-26T09:41:07.628+0000] {processor.py:830} INFO - Processing file /usr/local/python/3.10.13/lib/python3.10/site-packages/airflow/example_dags/example_branch_operator_decorator.py for tasks to queue
[2024-05-26T09:41:07.629+0000] {logging_mixin.py:188} INFO - [2024-05-26T09:41:07.629+0000] {dagbag.py:545} INFO - Filling up the DagBag from /usr/local/python/3.10.13/lib/python3.10/site-packages/airflow/example_dags/example_branch_operator_decorator.py
[2024-05-26T09:41:07.647+0000] {processor.py:840} INFO - DAG(s) 'example_branch_python_operator_decorator' retrieved from /usr/local/python/3.10.13/lib/python3.10/site-packages/airflow/example_dags/example_branch_operator_decorator.py
[2024-05-26T09:41:07.670+0000] {logging_mixin.py:188} INFO - [2024-05-26T09:41:07.670+0000] {dag.py:3096} INFO - Sync 1 DAGs
[2024-05-26T09:41:07.686+0000] {logging_mixin.py:188} INFO - [2024-05-26T09:41:07.686+0000] {dag.py:3954} INFO - Setting next_dagrun for example_branch_python_operator_decorator to 2024-05-25 00:00:00+00:00, run_after=2024-05-26 00:00:00+00:00
[2024-05-26T09:41:07.724+0000] {processor.py:183} INFO - Processing /usr/local/python/3.10.13/lib/python3.10/site-packages/airflow/example_dags/example_branch_operator_decorator.py took 0.101 seconds
[2024-05-26T09:42:10.359+0000] {processor.py:161} INFO - Started process (PID=53585) to work on /usr/local/python/3.10.13/lib/python3.10/site-packages/airflow/example_dags/example_branch_operator_decorator.py
[2024-05-26T09:42:10.360+0000] {processor.py:830} INFO - Processing file /usr/local/python/3.10.13/lib/python3.10/site-packages/airflow/example_dags/example_branch_operator_decorator.py for tasks to queue
[2024-05-26T09:42:10.362+0000] {logging_mixin.py:188} INFO - [2024-05-26T09:42:10.361+0000] {dagbag.py:545} INFO - Filling up the DagBag from /usr/local/python/3.10.13/lib/python3.10/site-packages/airflow/example_dags/example_branch_operator_decorator.py
[2024-05-26T09:42:10.389+0000] {processor.py:840} INFO - DAG(s) 'example_branch_python_operator_decorator' retrieved from /usr/local/python/3.10.13/lib/python3.10/site-packages/airflow/example_dags/example_branch_operator_decorator.py
[2024-05-26T09:42:10.432+0000] {logging_mixin.py:188} INFO - [2024-05-26T09:42:10.431+0000] {dag.py:3096} INFO - Sync 1 DAGs
[2024-05-26T09:42:10.460+0000] {logging_mixin.py:188} INFO - [2024-05-26T09:42:10.460+0000] {dag.py:3954} INFO - Setting next_dagrun for example_branch_python_operator_decorator to 2024-05-25 00:00:00+00:00, run_after=2024-05-26 00:00:00+00:00
[2024-05-26T09:42:10.503+0000] {processor.py:183} INFO - Processing /usr/local/python/3.10.13/lib/python3.10/site-packages/airflow/example_dags/example_branch_operator_decorator.py took 0.150 seconds
[2024-05-26T09:43:07.315+0000] {processor.py:161} INFO - Started process (PID=53995) to work on /usr/local/python/3.10.13/lib/python3.10/site-packages/airflow/example_dags/example_branch_operator_decorator.py
[2024-05-26T09:43:07.316+0000] {processor.py:830} INFO - Processing file /usr/local/python/3.10.13/lib/python3.10/site-packages/airflow/example_dags/example_branch_operator_decorator.py for tasks to queue
[2024-05-26T09:43:07.317+0000] {logging_mixin.py:188} INFO - [2024-05-26T09:43:07.317+0000] {dagbag.py:545} INFO - Filling up the DagBag from /usr/local/python/3.10.13/lib/python3.10/site-packages/airflow/example_dags/example_branch_operator_decorator.py
[2024-05-26T09:43:07.334+0000] {processor.py:840} INFO - DAG(s) 'example_branch_python_operator_decorator' retrieved from /usr/local/python/3.10.13/lib/python3.10/site-packages/airflow/example_dags/example_branch_operator_decorator.py
[2024-05-26T09:43:07.354+0000] {logging_mixin.py:188} INFO - [2024-05-26T09:43:07.354+0000] {dag.py:3096} INFO - Sync 1 DAGs
[2024-05-26T09:43:07.371+0000] {logging_mixin.py:188} INFO - [2024-05-26T09:43:07.371+0000] {dag.py:3954} INFO - Setting next_dagrun for example_branch_python_operator_decorator to 2024-05-25 00:00:00+00:00, run_after=2024-05-26 00:00:00+00:00
[2024-05-26T09:43:07.407+0000] {processor.py:183} INFO - Processing /usr/local/python/3.10.13/lib/python3.10/site-packages/airflow/example_dags/example_branch_operator_decorator.py took 0.097 seconds
[2024-05-26T09:44:09.284+0000] {processor.py:161} INFO - Started process (PID=54512) to work on /usr/local/python/3.10.13/lib/python3.10/site-packages/airflow/example_dags/example_branch_operator_decorator.py
[2024-05-26T09:44:09.285+0000] {processor.py:830} INFO - Processing file /usr/local/python/3.10.13/lib/python3.10/site-packages/airflow/example_dags/example_branch_operator_decorator.py for tasks to queue
[2024-05-26T09:44:09.286+0000] {logging_mixin.py:188} INFO - [2024-05-26T09:44:09.286+0000] {dagbag.py:545} INFO - Filling up the DagBag from /usr/local/python/3.10.13/lib/python3.10/site-packages/airflow/example_dags/example_branch_operator_decorator.py
[2024-05-26T09:44:09.304+0000] {processor.py:840} INFO - DAG(s) 'example_branch_python_operator_decorator' retrieved from /usr/local/python/3.10.13/lib/python3.10/site-packages/airflow/example_dags/example_branch_operator_decorator.py
[2024-05-26T09:44:09.331+0000] {logging_mixin.py:188} INFO - [2024-05-26T09:44:09.331+0000] {dag.py:3096} INFO - Sync 1 DAGs
[2024-05-26T09:44:09.357+0000] {logging_mixin.py:188} INFO - [2024-05-26T09:44:09.357+0000] {dag.py:3954} INFO - Setting next_dagrun for example_branch_python_operator_decorator to 2024-05-25 00:00:00+00:00, run_after=2024-05-26 00:00:00+00:00
[2024-05-26T09:44:09.398+0000] {processor.py:183} INFO - Processing /usr/local/python/3.10.13/lib/python3.10/site-packages/airflow/example_dags/example_branch_operator_decorator.py took 0.118 seconds
[2024-05-26T09:45:12.827+0000] {processor.py:161} INFO - Started process (PID=55117) to work on /usr/local/python/3.10.13/lib/python3.10/site-packages/airflow/example_dags/example_branch_operator_decorator.py
[2024-05-26T09:45:12.828+0000] {processor.py:830} INFO - Processing file /usr/local/python/3.10.13/lib/python3.10/site-packages/airflow/example_dags/example_branch_operator_decorator.py for tasks to queue
[2024-05-26T09:45:12.829+0000] {logging_mixin.py:188} INFO - [2024-05-26T09:45:12.829+0000] {dagbag.py:545} INFO - Filling up the DagBag from /usr/local/python/3.10.13/lib/python3.10/site-packages/airflow/example_dags/example_branch_operator_decorator.py
[2024-05-26T09:45:12.854+0000] {processor.py:840} INFO - DAG(s) 'example_branch_python_operator_decorator' retrieved from /usr/local/python/3.10.13/lib/python3.10/site-packages/airflow/example_dags/example_branch_operator_decorator.py
[2024-05-26T09:45:12.886+0000] {logging_mixin.py:188} INFO - [2024-05-26T09:45:12.886+0000] {dag.py:3096} INFO - Sync 1 DAGs
[2024-05-26T09:45:12.909+0000] {logging_mixin.py:188} INFO - [2024-05-26T09:45:12.908+0000] {dag.py:3954} INFO - Setting next_dagrun for example_branch_python_operator_decorator to 2024-05-25 00:00:00+00:00, run_after=2024-05-26 00:00:00+00:00
[2024-05-26T09:45:12.944+0000] {processor.py:183} INFO - Processing /usr/local/python/3.10.13/lib/python3.10/site-packages/airflow/example_dags/example_branch_operator_decorator.py took 0.122 seconds
[2024-05-26T09:46:11.378+0000] {processor.py:161} INFO - Started process (PID=55929) to work on /usr/local/python/3.10.13/lib/python3.10/site-packages/airflow/example_dags/example_branch_operator_decorator.py
[2024-05-26T09:46:11.379+0000] {processor.py:830} INFO - Processing file /usr/local/python/3.10.13/lib/python3.10/site-packages/airflow/example_dags/example_branch_operator_decorator.py for tasks to queue
[2024-05-26T09:46:11.380+0000] {logging_mixin.py:188} INFO - [2024-05-26T09:46:11.380+0000] {dagbag.py:545} INFO - Filling up the DagBag from /usr/local/python/3.10.13/lib/python3.10/site-packages/airflow/example_dags/example_branch_operator_decorator.py
[2024-05-26T09:46:11.398+0000] {processor.py:840} INFO - DAG(s) 'example_branch_python_operator_decorator' retrieved from /usr/local/python/3.10.13/lib/python3.10/site-packages/airflow/example_dags/example_branch_operator_decorator.py
[2024-05-26T09:46:11.418+0000] {logging_mixin.py:188} INFO - [2024-05-26T09:46:11.418+0000] {dag.py:3096} INFO - Sync 1 DAGs
[2024-05-26T09:46:11.434+0000] {logging_mixin.py:188} INFO - [2024-05-26T09:46:11.434+0000] {dag.py:3954} INFO - Setting next_dagrun for example_branch_python_operator_decorator to 2024-05-25 00:00:00+00:00, run_after=2024-05-26 00:00:00+00:00
[2024-05-26T09:46:11.471+0000] {processor.py:183} INFO - Processing /usr/local/python/3.10.13/lib/python3.10/site-packages/airflow/example_dags/example_branch_operator_decorator.py took 0.097 seconds
