[2024-05-26T09:11:01.264+0000] {processor.py:161} INFO - Started process (PID=40309) to work on /usr/local/python/3.10.13/lib/python3.10/site-packages/airflow/example_dags/example_nested_branch_dag.py
[2024-05-26T09:11:01.265+0000] {processor.py:830} INFO - Processing file /usr/local/python/3.10.13/lib/python3.10/site-packages/airflow/example_dags/example_nested_branch_dag.py for tasks to queue
[2024-05-26T09:11:01.266+0000] {logging_mixin.py:188} INFO - [2024-05-26T09:11:01.266+0000] {dagbag.py:545} INFO - Filling up the DagBag from /usr/local/python/3.10.13/lib/python3.10/site-packages/airflow/example_dags/example_nested_branch_dag.py
[2024-05-26T09:11:01.274+0000] {processor.py:840} INFO - DAG(s) 'example_nested_branch_dag' retrieved from /usr/local/python/3.10.13/lib/python3.10/site-packages/airflow/example_dags/example_nested_branch_dag.py
[2024-05-26T09:11:01.369+0000] {logging_mixin.py:188} INFO - [2024-05-26T09:11:01.369+0000] {dag.py:3096} INFO - Sync 1 DAGs
[2024-05-26T09:11:01.383+0000] {logging_mixin.py:188} INFO - [2024-05-26T09:11:01.383+0000] {dag.py:3954} INFO - Setting next_dagrun for example_nested_branch_dag to 2024-05-25 00:00:00+00:00, run_after=2024-05-26 00:00:00+00:00
[2024-05-26T09:11:01.424+0000] {processor.py:183} INFO - Processing /usr/local/python/3.10.13/lib/python3.10/site-packages/airflow/example_dags/example_nested_branch_dag.py took 0.164 seconds
[2024-05-26T09:11:52.147+0000] {processor.py:161} INFO - Started process (PID=40661) to work on /usr/local/python/3.10.13/lib/python3.10/site-packages/airflow/example_dags/example_nested_branch_dag.py
[2024-05-26T09:11:52.148+0000] {processor.py:830} INFO - Processing file /usr/local/python/3.10.13/lib/python3.10/site-packages/airflow/example_dags/example_nested_branch_dag.py for tasks to queue
[2024-05-26T09:11:52.149+0000] {logging_mixin.py:188} INFO - [2024-05-26T09:11:52.149+0000] {dagbag.py:545} INFO - Filling up the DagBag from /usr/local/python/3.10.13/lib/python3.10/site-packages/airflow/example_dags/example_nested_branch_dag.py
[2024-05-26T09:11:52.157+0000] {processor.py:840} INFO - DAG(s) 'example_nested_branch_dag' retrieved from /usr/local/python/3.10.13/lib/python3.10/site-packages/airflow/example_dags/example_nested_branch_dag.py
[2024-05-26T09:11:52.170+0000] {logging_mixin.py:188} INFO - [2024-05-26T09:11:52.170+0000] {dag.py:3096} INFO - Sync 1 DAGs
[2024-05-26T09:11:52.186+0000] {logging_mixin.py:188} INFO - [2024-05-26T09:11:52.186+0000] {dag.py:3954} INFO - Setting next_dagrun for example_nested_branch_dag to 2024-05-25 00:00:00+00:00, run_after=2024-05-26 00:00:00+00:00
[2024-05-26T09:11:52.227+0000] {processor.py:183} INFO - Processing /usr/local/python/3.10.13/lib/python3.10/site-packages/airflow/example_dags/example_nested_branch_dag.py took 0.084 seconds
[2024-05-26T09:12:53.848+0000] {processor.py:161} INFO - Started process (PID=41170) to work on /usr/local/python/3.10.13/lib/python3.10/site-packages/airflow/example_dags/example_nested_branch_dag.py
[2024-05-26T09:12:53.849+0000] {processor.py:830} INFO - Processing file /usr/local/python/3.10.13/lib/python3.10/site-packages/airflow/example_dags/example_nested_branch_dag.py for tasks to queue
[2024-05-26T09:12:53.851+0000] {logging_mixin.py:188} INFO - [2024-05-26T09:12:53.850+0000] {dagbag.py:545} INFO - Filling up the DagBag from /usr/local/python/3.10.13/lib/python3.10/site-packages/airflow/example_dags/example_nested_branch_dag.py
[2024-05-26T09:12:53.859+0000] {processor.py:840} INFO - DAG(s) 'example_nested_branch_dag' retrieved from /usr/local/python/3.10.13/lib/python3.10/site-packages/airflow/example_dags/example_nested_branch_dag.py
[2024-05-26T09:12:53.872+0000] {logging_mixin.py:188} INFO - [2024-05-26T09:12:53.872+0000] {dag.py:3096} INFO - Sync 1 DAGs
[2024-05-26T09:12:53.888+0000] {logging_mixin.py:188} INFO - [2024-05-26T09:12:53.888+0000] {dag.py:3954} INFO - Setting next_dagrun for example_nested_branch_dag to 2024-05-25 00:00:00+00:00, run_after=2024-05-26 00:00:00+00:00
[2024-05-26T09:12:53.927+0000] {processor.py:183} INFO - Processing /usr/local/python/3.10.13/lib/python3.10/site-packages/airflow/example_dags/example_nested_branch_dag.py took 0.083 seconds
[2024-05-26T09:13:57.222+0000] {processor.py:161} INFO - Started process (PID=41692) to work on /usr/local/python/3.10.13/lib/python3.10/site-packages/airflow/example_dags/example_nested_branch_dag.py
[2024-05-26T09:13:57.223+0000] {processor.py:830} INFO - Processing file /usr/local/python/3.10.13/lib/python3.10/site-packages/airflow/example_dags/example_nested_branch_dag.py for tasks to queue
[2024-05-26T09:13:57.224+0000] {logging_mixin.py:188} INFO - [2024-05-26T09:13:57.223+0000] {dagbag.py:545} INFO - Filling up the DagBag from /usr/local/python/3.10.13/lib/python3.10/site-packages/airflow/example_dags/example_nested_branch_dag.py
[2024-05-26T09:13:57.232+0000] {processor.py:840} INFO - DAG(s) 'example_nested_branch_dag' retrieved from /usr/local/python/3.10.13/lib/python3.10/site-packages/airflow/example_dags/example_nested_branch_dag.py
[2024-05-26T09:13:57.245+0000] {logging_mixin.py:188} INFO - [2024-05-26T09:13:57.244+0000] {dag.py:3096} INFO - Sync 1 DAGs
[2024-05-26T09:13:57.261+0000] {logging_mixin.py:188} INFO - [2024-05-26T09:13:57.261+0000] {dag.py:3954} INFO - Setting next_dagrun for example_nested_branch_dag to 2024-05-25 00:00:00+00:00, run_after=2024-05-26 00:00:00+00:00
[2024-05-26T09:13:57.305+0000] {processor.py:183} INFO - Processing /usr/local/python/3.10.13/lib/python3.10/site-packages/airflow/example_dags/example_nested_branch_dag.py took 0.088 seconds
[2024-05-26T09:14:49.277+0000] {processor.py:161} INFO - Started process (PID=42052) to work on /usr/local/python/3.10.13/lib/python3.10/site-packages/airflow/example_dags/example_nested_branch_dag.py
[2024-05-26T09:14:49.277+0000] {processor.py:830} INFO - Processing file /usr/local/python/3.10.13/lib/python3.10/site-packages/airflow/example_dags/example_nested_branch_dag.py for tasks to queue
[2024-05-26T09:14:49.279+0000] {logging_mixin.py:188} INFO - [2024-05-26T09:14:49.278+0000] {dagbag.py:545} INFO - Filling up the DagBag from /usr/local/python/3.10.13/lib/python3.10/site-packages/airflow/example_dags/example_nested_branch_dag.py
[2024-05-26T09:14:49.287+0000] {processor.py:840} INFO - DAG(s) 'example_nested_branch_dag' retrieved from /usr/local/python/3.10.13/lib/python3.10/site-packages/airflow/example_dags/example_nested_branch_dag.py
[2024-05-26T09:14:49.300+0000] {logging_mixin.py:188} INFO - [2024-05-26T09:14:49.300+0000] {dag.py:3096} INFO - Sync 1 DAGs
[2024-05-26T09:14:49.316+0000] {logging_mixin.py:188} INFO - [2024-05-26T09:14:49.316+0000] {dag.py:3954} INFO - Setting next_dagrun for example_nested_branch_dag to 2024-05-25 00:00:00+00:00, run_after=2024-05-26 00:00:00+00:00
[2024-05-26T09:14:49.361+0000] {processor.py:183} INFO - Processing /usr/local/python/3.10.13/lib/python3.10/site-packages/airflow/example_dags/example_nested_branch_dag.py took 0.089 seconds
[2024-05-26T09:15:52.556+0000] {processor.py:161} INFO - Started process (PID=42482) to work on /usr/local/python/3.10.13/lib/python3.10/site-packages/airflow/example_dags/example_nested_branch_dag.py
[2024-05-26T09:15:52.556+0000] {processor.py:830} INFO - Processing file /usr/local/python/3.10.13/lib/python3.10/site-packages/airflow/example_dags/example_nested_branch_dag.py for tasks to queue
[2024-05-26T09:15:52.558+0000] {logging_mixin.py:188} INFO - [2024-05-26T09:15:52.557+0000] {dagbag.py:545} INFO - Filling up the DagBag from /usr/local/python/3.10.13/lib/python3.10/site-packages/airflow/example_dags/example_nested_branch_dag.py
[2024-05-26T09:15:52.566+0000] {processor.py:840} INFO - DAG(s) 'example_nested_branch_dag' retrieved from /usr/local/python/3.10.13/lib/python3.10/site-packages/airflow/example_dags/example_nested_branch_dag.py
[2024-05-26T09:15:52.578+0000] {logging_mixin.py:188} INFO - [2024-05-26T09:15:52.578+0000] {dag.py:3096} INFO - Sync 1 DAGs
[2024-05-26T09:15:52.594+0000] {logging_mixin.py:188} INFO - [2024-05-26T09:15:52.593+0000] {dag.py:3954} INFO - Setting next_dagrun for example_nested_branch_dag to 2024-05-25 00:00:00+00:00, run_after=2024-05-26 00:00:00+00:00
[2024-05-26T09:15:52.634+0000] {processor.py:183} INFO - Processing /usr/local/python/3.10.13/lib/python3.10/site-packages/airflow/example_dags/example_nested_branch_dag.py took 0.083 seconds
[2024-05-26T09:16:53.792+0000] {processor.py:161} INFO - Started process (PID=42914) to work on /usr/local/python/3.10.13/lib/python3.10/site-packages/airflow/example_dags/example_nested_branch_dag.py
[2024-05-26T09:16:53.793+0000] {processor.py:830} INFO - Processing file /usr/local/python/3.10.13/lib/python3.10/site-packages/airflow/example_dags/example_nested_branch_dag.py for tasks to queue
[2024-05-26T09:16:53.795+0000] {logging_mixin.py:188} INFO - [2024-05-26T09:16:53.794+0000] {dagbag.py:545} INFO - Filling up the DagBag from /usr/local/python/3.10.13/lib/python3.10/site-packages/airflow/example_dags/example_nested_branch_dag.py
[2024-05-26T09:16:53.803+0000] {processor.py:840} INFO - DAG(s) 'example_nested_branch_dag' retrieved from /usr/local/python/3.10.13/lib/python3.10/site-packages/airflow/example_dags/example_nested_branch_dag.py
[2024-05-26T09:16:53.815+0000] {logging_mixin.py:188} INFO - [2024-05-26T09:16:53.815+0000] {dag.py:3096} INFO - Sync 1 DAGs
[2024-05-26T09:16:53.831+0000] {logging_mixin.py:188} INFO - [2024-05-26T09:16:53.830+0000] {dag.py:3954} INFO - Setting next_dagrun for example_nested_branch_dag to 2024-05-25 00:00:00+00:00, run_after=2024-05-26 00:00:00+00:00
[2024-05-26T09:16:53.870+0000] {processor.py:183} INFO - Processing /usr/local/python/3.10.13/lib/python3.10/site-packages/airflow/example_dags/example_nested_branch_dag.py took 0.083 seconds
[2024-05-26T09:17:58.738+0000] {processor.py:161} INFO - Started process (PID=43375) to work on /usr/local/python/3.10.13/lib/python3.10/site-packages/airflow/example_dags/example_nested_branch_dag.py
[2024-05-26T09:17:58.739+0000] {processor.py:830} INFO - Processing file /usr/local/python/3.10.13/lib/python3.10/site-packages/airflow/example_dags/example_nested_branch_dag.py for tasks to queue
[2024-05-26T09:17:58.740+0000] {logging_mixin.py:188} INFO - [2024-05-26T09:17:58.740+0000] {dagbag.py:545} INFO - Filling up the DagBag from /usr/local/python/3.10.13/lib/python3.10/site-packages/airflow/example_dags/example_nested_branch_dag.py
[2024-05-26T09:17:58.753+0000] {processor.py:840} INFO - DAG(s) 'example_nested_branch_dag' retrieved from /usr/local/python/3.10.13/lib/python3.10/site-packages/airflow/example_dags/example_nested_branch_dag.py
[2024-05-26T09:17:58.768+0000] {logging_mixin.py:188} INFO - [2024-05-26T09:17:58.768+0000] {dag.py:3096} INFO - Sync 1 DAGs
[2024-05-26T09:17:58.785+0000] {logging_mixin.py:188} INFO - [2024-05-26T09:17:58.784+0000] {dag.py:3954} INFO - Setting next_dagrun for example_nested_branch_dag to 2024-05-25 00:00:00+00:00, run_after=2024-05-26 00:00:00+00:00
[2024-05-26T09:17:58.827+0000] {processor.py:183} INFO - Processing /usr/local/python/3.10.13/lib/python3.10/site-packages/airflow/example_dags/example_nested_branch_dag.py took 0.095 seconds
[2024-05-26T09:19:02.031+0000] {processor.py:161} INFO - Started process (PID=43852) to work on /usr/local/python/3.10.13/lib/python3.10/site-packages/airflow/example_dags/example_nested_branch_dag.py
[2024-05-26T09:19:02.032+0000] {processor.py:830} INFO - Processing file /usr/local/python/3.10.13/lib/python3.10/site-packages/airflow/example_dags/example_nested_branch_dag.py for tasks to queue
[2024-05-26T09:19:02.033+0000] {logging_mixin.py:188} INFO - [2024-05-26T09:19:02.033+0000] {dagbag.py:545} INFO - Filling up the DagBag from /usr/local/python/3.10.13/lib/python3.10/site-packages/airflow/example_dags/example_nested_branch_dag.py
[2024-05-26T09:19:02.041+0000] {processor.py:840} INFO - DAG(s) 'example_nested_branch_dag' retrieved from /usr/local/python/3.10.13/lib/python3.10/site-packages/airflow/example_dags/example_nested_branch_dag.py
[2024-05-26T09:19:02.054+0000] {logging_mixin.py:188} INFO - [2024-05-26T09:19:02.053+0000] {dag.py:3096} INFO - Sync 1 DAGs
[2024-05-26T09:19:02.069+0000] {logging_mixin.py:188} INFO - [2024-05-26T09:19:02.069+0000] {dag.py:3954} INFO - Setting next_dagrun for example_nested_branch_dag to 2024-05-25 00:00:00+00:00, run_after=2024-05-26 00:00:00+00:00
[2024-05-26T09:19:02.107+0000] {processor.py:183} INFO - Processing /usr/local/python/3.10.13/lib/python3.10/site-packages/airflow/example_dags/example_nested_branch_dag.py took 0.081 seconds
[2024-05-26T09:20:07.007+0000] {processor.py:161} INFO - Started process (PID=44314) to work on /usr/local/python/3.10.13/lib/python3.10/site-packages/airflow/example_dags/example_nested_branch_dag.py
[2024-05-26T09:20:07.008+0000] {processor.py:830} INFO - Processing file /usr/local/python/3.10.13/lib/python3.10/site-packages/airflow/example_dags/example_nested_branch_dag.py for tasks to queue
[2024-05-26T09:20:07.009+0000] {logging_mixin.py:188} INFO - [2024-05-26T09:20:07.009+0000] {dagbag.py:545} INFO - Filling up the DagBag from /usr/local/python/3.10.13/lib/python3.10/site-packages/airflow/example_dags/example_nested_branch_dag.py
[2024-05-26T09:20:07.017+0000] {processor.py:840} INFO - DAG(s) 'example_nested_branch_dag' retrieved from /usr/local/python/3.10.13/lib/python3.10/site-packages/airflow/example_dags/example_nested_branch_dag.py
[2024-05-26T09:20:07.030+0000] {logging_mixin.py:188} INFO - [2024-05-26T09:20:07.030+0000] {dag.py:3096} INFO - Sync 1 DAGs
[2024-05-26T09:20:07.046+0000] {logging_mixin.py:188} INFO - [2024-05-26T09:20:07.045+0000] {dag.py:3954} INFO - Setting next_dagrun for example_nested_branch_dag to 2024-05-25 00:00:00+00:00, run_after=2024-05-26 00:00:00+00:00
[2024-05-26T09:20:07.091+0000] {processor.py:183} INFO - Processing /usr/local/python/3.10.13/lib/python3.10/site-packages/airflow/example_dags/example_nested_branch_dag.py took 0.089 seconds
[2024-05-26T09:21:08.481+0000] {processor.py:161} INFO - Started process (PID=44745) to work on /usr/local/python/3.10.13/lib/python3.10/site-packages/airflow/example_dags/example_nested_branch_dag.py
[2024-05-26T09:21:08.482+0000] {processor.py:830} INFO - Processing file /usr/local/python/3.10.13/lib/python3.10/site-packages/airflow/example_dags/example_nested_branch_dag.py for tasks to queue
[2024-05-26T09:21:08.483+0000] {logging_mixin.py:188} INFO - [2024-05-26T09:21:08.483+0000] {dagbag.py:545} INFO - Filling up the DagBag from /usr/local/python/3.10.13/lib/python3.10/site-packages/airflow/example_dags/example_nested_branch_dag.py
[2024-05-26T09:21:08.491+0000] {processor.py:840} INFO - DAG(s) 'example_nested_branch_dag' retrieved from /usr/local/python/3.10.13/lib/python3.10/site-packages/airflow/example_dags/example_nested_branch_dag.py
[2024-05-26T09:21:08.504+0000] {logging_mixin.py:188} INFO - [2024-05-26T09:21:08.504+0000] {dag.py:3096} INFO - Sync 1 DAGs
[2024-05-26T09:21:08.520+0000] {logging_mixin.py:188} INFO - [2024-05-26T09:21:08.519+0000] {dag.py:3954} INFO - Setting next_dagrun for example_nested_branch_dag to 2024-05-25 00:00:00+00:00, run_after=2024-05-26 00:00:00+00:00
[2024-05-26T09:21:08.561+0000] {processor.py:183} INFO - Processing /usr/local/python/3.10.13/lib/python3.10/site-packages/airflow/example_dags/example_nested_branch_dag.py took 0.084 seconds
[2024-05-26T09:22:12.525+0000] {processor.py:161} INFO - Started process (PID=45194) to work on /usr/local/python/3.10.13/lib/python3.10/site-packages/airflow/example_dags/example_nested_branch_dag.py
[2024-05-26T09:22:12.526+0000] {processor.py:830} INFO - Processing file /usr/local/python/3.10.13/lib/python3.10/site-packages/airflow/example_dags/example_nested_branch_dag.py for tasks to queue
[2024-05-26T09:22:12.527+0000] {logging_mixin.py:188} INFO - [2024-05-26T09:22:12.527+0000] {dagbag.py:545} INFO - Filling up the DagBag from /usr/local/python/3.10.13/lib/python3.10/site-packages/airflow/example_dags/example_nested_branch_dag.py
[2024-05-26T09:22:12.536+0000] {processor.py:840} INFO - DAG(s) 'example_nested_branch_dag' retrieved from /usr/local/python/3.10.13/lib/python3.10/site-packages/airflow/example_dags/example_nested_branch_dag.py
[2024-05-26T09:22:12.549+0000] {logging_mixin.py:188} INFO - [2024-05-26T09:22:12.549+0000] {dag.py:3096} INFO - Sync 1 DAGs
[2024-05-26T09:22:12.565+0000] {logging_mixin.py:188} INFO - [2024-05-26T09:22:12.565+0000] {dag.py:3954} INFO - Setting next_dagrun for example_nested_branch_dag to 2024-05-25 00:00:00+00:00, run_after=2024-05-26 00:00:00+00:00
[2024-05-26T09:22:12.610+0000] {processor.py:183} INFO - Processing /usr/local/python/3.10.13/lib/python3.10/site-packages/airflow/example_dags/example_nested_branch_dag.py took 0.089 seconds
[2024-05-26T09:23:06.930+0000] {processor.py:161} INFO - Started process (PID=45570) to work on /usr/local/python/3.10.13/lib/python3.10/site-packages/airflow/example_dags/example_nested_branch_dag.py
[2024-05-26T09:23:06.931+0000] {processor.py:830} INFO - Processing file /usr/local/python/3.10.13/lib/python3.10/site-packages/airflow/example_dags/example_nested_branch_dag.py for tasks to queue
[2024-05-26T09:23:06.933+0000] {logging_mixin.py:188} INFO - [2024-05-26T09:23:06.933+0000] {dagbag.py:545} INFO - Filling up the DagBag from /usr/local/python/3.10.13/lib/python3.10/site-packages/airflow/example_dags/example_nested_branch_dag.py
[2024-05-26T09:23:06.946+0000] {processor.py:840} INFO - DAG(s) 'example_nested_branch_dag' retrieved from /usr/local/python/3.10.13/lib/python3.10/site-packages/airflow/example_dags/example_nested_branch_dag.py
[2024-05-26T09:23:06.969+0000] {logging_mixin.py:188} INFO - [2024-05-26T09:23:06.969+0000] {dag.py:3096} INFO - Sync 1 DAGs
[2024-05-26T09:23:06.989+0000] {logging_mixin.py:188} INFO - [2024-05-26T09:23:06.989+0000] {dag.py:3954} INFO - Setting next_dagrun for example_nested_branch_dag to 2024-05-25 00:00:00+00:00, run_after=2024-05-26 00:00:00+00:00
[2024-05-26T09:23:07.030+0000] {processor.py:183} INFO - Processing /usr/local/python/3.10.13/lib/python3.10/site-packages/airflow/example_dags/example_nested_branch_dag.py took 0.106 seconds
[2024-05-26T09:24:11.310+0000] {processor.py:161} INFO - Started process (PID=46006) to work on /usr/local/python/3.10.13/lib/python3.10/site-packages/airflow/example_dags/example_nested_branch_dag.py
[2024-05-26T09:24:11.311+0000] {processor.py:830} INFO - Processing file /usr/local/python/3.10.13/lib/python3.10/site-packages/airflow/example_dags/example_nested_branch_dag.py for tasks to queue
[2024-05-26T09:24:11.312+0000] {logging_mixin.py:188} INFO - [2024-05-26T09:24:11.312+0000] {dagbag.py:545} INFO - Filling up the DagBag from /usr/local/python/3.10.13/lib/python3.10/site-packages/airflow/example_dags/example_nested_branch_dag.py
[2024-05-26T09:24:11.321+0000] {processor.py:840} INFO - DAG(s) 'example_nested_branch_dag' retrieved from /usr/local/python/3.10.13/lib/python3.10/site-packages/airflow/example_dags/example_nested_branch_dag.py
[2024-05-26T09:24:11.334+0000] {logging_mixin.py:188} INFO - [2024-05-26T09:24:11.334+0000] {dag.py:3096} INFO - Sync 1 DAGs
[2024-05-26T09:24:11.350+0000] {logging_mixin.py:188} INFO - [2024-05-26T09:24:11.350+0000] {dag.py:3954} INFO - Setting next_dagrun for example_nested_branch_dag to 2024-05-25 00:00:00+00:00, run_after=2024-05-26 00:00:00+00:00
[2024-05-26T09:24:11.391+0000] {processor.py:183} INFO - Processing /usr/local/python/3.10.13/lib/python3.10/site-packages/airflow/example_dags/example_nested_branch_dag.py took 0.085 seconds
[2024-05-26T09:25:11.667+0000] {processor.py:161} INFO - Started process (PID=46431) to work on /usr/local/python/3.10.13/lib/python3.10/site-packages/airflow/example_dags/example_nested_branch_dag.py
[2024-05-26T09:25:11.668+0000] {processor.py:830} INFO - Processing file /usr/local/python/3.10.13/lib/python3.10/site-packages/airflow/example_dags/example_nested_branch_dag.py for tasks to queue
[2024-05-26T09:25:11.669+0000] {logging_mixin.py:188} INFO - [2024-05-26T09:25:11.669+0000] {dagbag.py:545} INFO - Filling up the DagBag from /usr/local/python/3.10.13/lib/python3.10/site-packages/airflow/example_dags/example_nested_branch_dag.py
[2024-05-26T09:25:11.677+0000] {processor.py:840} INFO - DAG(s) 'example_nested_branch_dag' retrieved from /usr/local/python/3.10.13/lib/python3.10/site-packages/airflow/example_dags/example_nested_branch_dag.py
[2024-05-26T09:25:11.690+0000] {logging_mixin.py:188} INFO - [2024-05-26T09:25:11.690+0000] {dag.py:3096} INFO - Sync 1 DAGs
[2024-05-26T09:25:11.706+0000] {logging_mixin.py:188} INFO - [2024-05-26T09:25:11.705+0000] {dag.py:3954} INFO - Setting next_dagrun for example_nested_branch_dag to 2024-05-25 00:00:00+00:00, run_after=2024-05-26 00:00:00+00:00
[2024-05-26T09:25:11.742+0000] {processor.py:183} INFO - Processing /usr/local/python/3.10.13/lib/python3.10/site-packages/airflow/example_dags/example_nested_branch_dag.py took 0.079 seconds
[2024-05-26T09:26:13.713+0000] {processor.py:161} INFO - Started process (PID=46891) to work on /usr/local/python/3.10.13/lib/python3.10/site-packages/airflow/example_dags/example_nested_branch_dag.py
[2024-05-26T09:26:13.713+0000] {processor.py:830} INFO - Processing file /usr/local/python/3.10.13/lib/python3.10/site-packages/airflow/example_dags/example_nested_branch_dag.py for tasks to queue
[2024-05-26T09:26:13.714+0000] {logging_mixin.py:188} INFO - [2024-05-26T09:26:13.714+0000] {dagbag.py:545} INFO - Filling up the DagBag from /usr/local/python/3.10.13/lib/python3.10/site-packages/airflow/example_dags/example_nested_branch_dag.py
[2024-05-26T09:26:13.723+0000] {processor.py:840} INFO - DAG(s) 'example_nested_branch_dag' retrieved from /usr/local/python/3.10.13/lib/python3.10/site-packages/airflow/example_dags/example_nested_branch_dag.py
[2024-05-26T09:26:13.735+0000] {logging_mixin.py:188} INFO - [2024-05-26T09:26:13.735+0000] {dag.py:3096} INFO - Sync 1 DAGs
[2024-05-26T09:26:13.751+0000] {logging_mixin.py:188} INFO - [2024-05-26T09:26:13.751+0000] {dag.py:3954} INFO - Setting next_dagrun for example_nested_branch_dag to 2024-05-25 00:00:00+00:00, run_after=2024-05-26 00:00:00+00:00
[2024-05-26T09:26:13.789+0000] {processor.py:183} INFO - Processing /usr/local/python/3.10.13/lib/python3.10/site-packages/airflow/example_dags/example_nested_branch_dag.py took 0.081 seconds
[2024-05-26T09:27:15.932+0000] {processor.py:161} INFO - Started process (PID=47358) to work on /usr/local/python/3.10.13/lib/python3.10/site-packages/airflow/example_dags/example_nested_branch_dag.py
[2024-05-26T09:27:15.932+0000] {processor.py:830} INFO - Processing file /usr/local/python/3.10.13/lib/python3.10/site-packages/airflow/example_dags/example_nested_branch_dag.py for tasks to queue
[2024-05-26T09:27:15.934+0000] {logging_mixin.py:188} INFO - [2024-05-26T09:27:15.933+0000] {dagbag.py:545} INFO - Filling up the DagBag from /usr/local/python/3.10.13/lib/python3.10/site-packages/airflow/example_dags/example_nested_branch_dag.py
[2024-05-26T09:27:15.942+0000] {processor.py:840} INFO - DAG(s) 'example_nested_branch_dag' retrieved from /usr/local/python/3.10.13/lib/python3.10/site-packages/airflow/example_dags/example_nested_branch_dag.py
[2024-05-26T09:27:15.956+0000] {logging_mixin.py:188} INFO - [2024-05-26T09:27:15.956+0000] {dag.py:3096} INFO - Sync 1 DAGs
[2024-05-26T09:27:15.971+0000] {logging_mixin.py:188} INFO - [2024-05-26T09:27:15.971+0000] {dag.py:3954} INFO - Setting next_dagrun for example_nested_branch_dag to 2024-05-25 00:00:00+00:00, run_after=2024-05-26 00:00:00+00:00
[2024-05-26T09:27:16.007+0000] {processor.py:183} INFO - Processing /usr/local/python/3.10.13/lib/python3.10/site-packages/airflow/example_dags/example_nested_branch_dag.py took 0.081 seconds
[2024-05-26T09:28:17.625+0000] {processor.py:161} INFO - Started process (PID=47790) to work on /usr/local/python/3.10.13/lib/python3.10/site-packages/airflow/example_dags/example_nested_branch_dag.py
[2024-05-26T09:28:17.626+0000] {processor.py:830} INFO - Processing file /usr/local/python/3.10.13/lib/python3.10/site-packages/airflow/example_dags/example_nested_branch_dag.py for tasks to queue
[2024-05-26T09:28:17.627+0000] {logging_mixin.py:188} INFO - [2024-05-26T09:28:17.627+0000] {dagbag.py:545} INFO - Filling up the DagBag from /usr/local/python/3.10.13/lib/python3.10/site-packages/airflow/example_dags/example_nested_branch_dag.py
[2024-05-26T09:28:17.635+0000] {processor.py:840} INFO - DAG(s) 'example_nested_branch_dag' retrieved from /usr/local/python/3.10.13/lib/python3.10/site-packages/airflow/example_dags/example_nested_branch_dag.py
[2024-05-26T09:28:17.648+0000] {logging_mixin.py:188} INFO - [2024-05-26T09:28:17.648+0000] {dag.py:3096} INFO - Sync 1 DAGs
[2024-05-26T09:28:17.664+0000] {logging_mixin.py:188} INFO - [2024-05-26T09:28:17.664+0000] {dag.py:3954} INFO - Setting next_dagrun for example_nested_branch_dag to 2024-05-25 00:00:00+00:00, run_after=2024-05-26 00:00:00+00:00
[2024-05-26T09:28:17.700+0000] {processor.py:183} INFO - Processing /usr/local/python/3.10.13/lib/python3.10/site-packages/airflow/example_dags/example_nested_branch_dag.py took 0.080 seconds
[2024-05-26T09:29:19.116+0000] {processor.py:161} INFO - Started process (PID=48213) to work on /usr/local/python/3.10.13/lib/python3.10/site-packages/airflow/example_dags/example_nested_branch_dag.py
[2024-05-26T09:29:19.117+0000] {processor.py:830} INFO - Processing file /usr/local/python/3.10.13/lib/python3.10/site-packages/airflow/example_dags/example_nested_branch_dag.py for tasks to queue
[2024-05-26T09:29:19.118+0000] {logging_mixin.py:188} INFO - [2024-05-26T09:29:19.118+0000] {dagbag.py:545} INFO - Filling up the DagBag from /usr/local/python/3.10.13/lib/python3.10/site-packages/airflow/example_dags/example_nested_branch_dag.py
[2024-05-26T09:29:19.126+0000] {processor.py:840} INFO - DAG(s) 'example_nested_branch_dag' retrieved from /usr/local/python/3.10.13/lib/python3.10/site-packages/airflow/example_dags/example_nested_branch_dag.py
[2024-05-26T09:29:19.139+0000] {logging_mixin.py:188} INFO - [2024-05-26T09:29:19.139+0000] {dag.py:3096} INFO - Sync 1 DAGs
[2024-05-26T09:29:19.157+0000] {logging_mixin.py:188} INFO - [2024-05-26T09:29:19.157+0000] {dag.py:3954} INFO - Setting next_dagrun for example_nested_branch_dag to 2024-05-25 00:00:00+00:00, run_after=2024-05-26 00:00:00+00:00
[2024-05-26T09:29:19.198+0000] {processor.py:183} INFO - Processing /usr/local/python/3.10.13/lib/python3.10/site-packages/airflow/example_dags/example_nested_branch_dag.py took 0.087 seconds
[2024-05-26T09:30:21.874+0000] {processor.py:161} INFO - Started process (PID=48651) to work on /usr/local/python/3.10.13/lib/python3.10/site-packages/airflow/example_dags/example_nested_branch_dag.py
[2024-05-26T09:30:21.874+0000] {processor.py:830} INFO - Processing file /usr/local/python/3.10.13/lib/python3.10/site-packages/airflow/example_dags/example_nested_branch_dag.py for tasks to queue
[2024-05-26T09:30:21.876+0000] {logging_mixin.py:188} INFO - [2024-05-26T09:30:21.875+0000] {dagbag.py:545} INFO - Filling up the DagBag from /usr/local/python/3.10.13/lib/python3.10/site-packages/airflow/example_dags/example_nested_branch_dag.py
[2024-05-26T09:30:21.883+0000] {processor.py:840} INFO - DAG(s) 'example_nested_branch_dag' retrieved from /usr/local/python/3.10.13/lib/python3.10/site-packages/airflow/example_dags/example_nested_branch_dag.py
[2024-05-26T09:30:21.897+0000] {logging_mixin.py:188} INFO - [2024-05-26T09:30:21.896+0000] {dag.py:3096} INFO - Sync 1 DAGs
[2024-05-26T09:30:21.913+0000] {logging_mixin.py:188} INFO - [2024-05-26T09:30:21.913+0000] {dag.py:3954} INFO - Setting next_dagrun for example_nested_branch_dag to 2024-05-25 00:00:00+00:00, run_after=2024-05-26 00:00:00+00:00
[2024-05-26T09:30:21.954+0000] {processor.py:183} INFO - Processing /usr/local/python/3.10.13/lib/python3.10/site-packages/airflow/example_dags/example_nested_branch_dag.py took 0.085 seconds
[2024-05-26T09:31:18.244+0000] {processor.py:161} INFO - Started process (PID=49027) to work on /usr/local/python/3.10.13/lib/python3.10/site-packages/airflow/example_dags/example_nested_branch_dag.py
[2024-05-26T09:31:18.244+0000] {processor.py:830} INFO - Processing file /usr/local/python/3.10.13/lib/python3.10/site-packages/airflow/example_dags/example_nested_branch_dag.py for tasks to queue
[2024-05-26T09:31:18.246+0000] {logging_mixin.py:188} INFO - [2024-05-26T09:31:18.245+0000] {dagbag.py:545} INFO - Filling up the DagBag from /usr/local/python/3.10.13/lib/python3.10/site-packages/airflow/example_dags/example_nested_branch_dag.py
[2024-05-26T09:31:18.254+0000] {processor.py:840} INFO - DAG(s) 'example_nested_branch_dag' retrieved from /usr/local/python/3.10.13/lib/python3.10/site-packages/airflow/example_dags/example_nested_branch_dag.py
[2024-05-26T09:31:18.267+0000] {logging_mixin.py:188} INFO - [2024-05-26T09:31:18.267+0000] {dag.py:3096} INFO - Sync 1 DAGs
[2024-05-26T09:31:18.282+0000] {logging_mixin.py:188} INFO - [2024-05-26T09:31:18.282+0000] {dag.py:3954} INFO - Setting next_dagrun for example_nested_branch_dag to 2024-05-25 00:00:00+00:00, run_after=2024-05-26 00:00:00+00:00
[2024-05-26T09:31:18.319+0000] {processor.py:183} INFO - Processing /usr/local/python/3.10.13/lib/python3.10/site-packages/airflow/example_dags/example_nested_branch_dag.py took 0.080 seconds
[2024-05-26T09:32:24.227+0000] {processor.py:161} INFO - Started process (PID=49496) to work on /usr/local/python/3.10.13/lib/python3.10/site-packages/airflow/example_dags/example_nested_branch_dag.py
[2024-05-26T09:32:24.228+0000] {processor.py:830} INFO - Processing file /usr/local/python/3.10.13/lib/python3.10/site-packages/airflow/example_dags/example_nested_branch_dag.py for tasks to queue
[2024-05-26T09:32:24.229+0000] {logging_mixin.py:188} INFO - [2024-05-26T09:32:24.229+0000] {dagbag.py:545} INFO - Filling up the DagBag from /usr/local/python/3.10.13/lib/python3.10/site-packages/airflow/example_dags/example_nested_branch_dag.py
[2024-05-26T09:32:24.238+0000] {processor.py:840} INFO - DAG(s) 'example_nested_branch_dag' retrieved from /usr/local/python/3.10.13/lib/python3.10/site-packages/airflow/example_dags/example_nested_branch_dag.py
[2024-05-26T09:32:24.251+0000] {logging_mixin.py:188} INFO - [2024-05-26T09:32:24.251+0000] {dag.py:3096} INFO - Sync 1 DAGs
[2024-05-26T09:32:24.267+0000] {logging_mixin.py:188} INFO - [2024-05-26T09:32:24.267+0000] {dag.py:3954} INFO - Setting next_dagrun for example_nested_branch_dag to 2024-05-25 00:00:00+00:00, run_after=2024-05-26 00:00:00+00:00
[2024-05-26T09:32:24.307+0000] {processor.py:183} INFO - Processing /usr/local/python/3.10.13/lib/python3.10/site-packages/airflow/example_dags/example_nested_branch_dag.py took 0.084 seconds
[2024-05-26T09:33:22.498+0000] {processor.py:161} INFO - Started process (PID=49930) to work on /usr/local/python/3.10.13/lib/python3.10/site-packages/airflow/example_dags/example_nested_branch_dag.py
[2024-05-26T09:33:22.499+0000] {processor.py:830} INFO - Processing file /usr/local/python/3.10.13/lib/python3.10/site-packages/airflow/example_dags/example_nested_branch_dag.py for tasks to queue
[2024-05-26T09:33:22.500+0000] {logging_mixin.py:188} INFO - [2024-05-26T09:33:22.500+0000] {dagbag.py:545} INFO - Filling up the DagBag from /usr/local/python/3.10.13/lib/python3.10/site-packages/airflow/example_dags/example_nested_branch_dag.py
[2024-05-26T09:33:22.508+0000] {processor.py:840} INFO - DAG(s) 'example_nested_branch_dag' retrieved from /usr/local/python/3.10.13/lib/python3.10/site-packages/airflow/example_dags/example_nested_branch_dag.py
[2024-05-26T09:33:22.521+0000] {logging_mixin.py:188} INFO - [2024-05-26T09:33:22.521+0000] {dag.py:3096} INFO - Sync 1 DAGs
[2024-05-26T09:33:22.537+0000] {logging_mixin.py:188} INFO - [2024-05-26T09:33:22.537+0000] {dag.py:3954} INFO - Setting next_dagrun for example_nested_branch_dag to 2024-05-25 00:00:00+00:00, run_after=2024-05-26 00:00:00+00:00
[2024-05-26T09:33:22.573+0000] {processor.py:183} INFO - Processing /usr/local/python/3.10.13/lib/python3.10/site-packages/airflow/example_dags/example_nested_branch_dag.py took 0.080 seconds
[2024-05-26T09:34:24.721+0000] {processor.py:161} INFO - Started process (PID=50356) to work on /usr/local/python/3.10.13/lib/python3.10/site-packages/airflow/example_dags/example_nested_branch_dag.py
[2024-05-26T09:34:24.721+0000] {processor.py:830} INFO - Processing file /usr/local/python/3.10.13/lib/python3.10/site-packages/airflow/example_dags/example_nested_branch_dag.py for tasks to queue
[2024-05-26T09:34:24.723+0000] {logging_mixin.py:188} INFO - [2024-05-26T09:34:24.722+0000] {dagbag.py:545} INFO - Filling up the DagBag from /usr/local/python/3.10.13/lib/python3.10/site-packages/airflow/example_dags/example_nested_branch_dag.py
[2024-05-26T09:34:24.731+0000] {processor.py:840} INFO - DAG(s) 'example_nested_branch_dag' retrieved from /usr/local/python/3.10.13/lib/python3.10/site-packages/airflow/example_dags/example_nested_branch_dag.py
[2024-05-26T09:34:24.744+0000] {logging_mixin.py:188} INFO - [2024-05-26T09:34:24.744+0000] {dag.py:3096} INFO - Sync 1 DAGs
[2024-05-26T09:34:24.760+0000] {logging_mixin.py:188} INFO - [2024-05-26T09:34:24.760+0000] {dag.py:3954} INFO - Setting next_dagrun for example_nested_branch_dag to 2024-05-25 00:00:00+00:00, run_after=2024-05-26 00:00:00+00:00
[2024-05-26T09:34:24.798+0000] {processor.py:183} INFO - Processing /usr/local/python/3.10.13/lib/python3.10/site-packages/airflow/example_dags/example_nested_branch_dag.py took 0.082 seconds
[2024-05-26T09:35:22.033+0000] {processor.py:161} INFO - Started process (PID=50747) to work on /usr/local/python/3.10.13/lib/python3.10/site-packages/airflow/example_dags/example_nested_branch_dag.py
[2024-05-26T09:35:22.034+0000] {processor.py:830} INFO - Processing file /usr/local/python/3.10.13/lib/python3.10/site-packages/airflow/example_dags/example_nested_branch_dag.py for tasks to queue
[2024-05-26T09:35:22.035+0000] {logging_mixin.py:188} INFO - [2024-05-26T09:35:22.035+0000] {dagbag.py:545} INFO - Filling up the DagBag from /usr/local/python/3.10.13/lib/python3.10/site-packages/airflow/example_dags/example_nested_branch_dag.py
[2024-05-26T09:35:22.044+0000] {processor.py:840} INFO - DAG(s) 'example_nested_branch_dag' retrieved from /usr/local/python/3.10.13/lib/python3.10/site-packages/airflow/example_dags/example_nested_branch_dag.py
[2024-05-26T09:35:22.058+0000] {logging_mixin.py:188} INFO - [2024-05-26T09:35:22.057+0000] {dag.py:3096} INFO - Sync 1 DAGs
[2024-05-26T09:35:22.074+0000] {logging_mixin.py:188} INFO - [2024-05-26T09:35:22.073+0000] {dag.py:3954} INFO - Setting next_dagrun for example_nested_branch_dag to 2024-05-25 00:00:00+00:00, run_after=2024-05-26 00:00:00+00:00
[2024-05-26T09:35:22.110+0000] {processor.py:183} INFO - Processing /usr/local/python/3.10.13/lib/python3.10/site-packages/airflow/example_dags/example_nested_branch_dag.py took 0.082 seconds
[2024-05-26T09:36:21.540+0000] {processor.py:161} INFO - Started process (PID=51168) to work on /usr/local/python/3.10.13/lib/python3.10/site-packages/airflow/example_dags/example_nested_branch_dag.py
[2024-05-26T09:36:21.540+0000] {processor.py:830} INFO - Processing file /usr/local/python/3.10.13/lib/python3.10/site-packages/airflow/example_dags/example_nested_branch_dag.py for tasks to queue
[2024-05-26T09:36:21.542+0000] {logging_mixin.py:188} INFO - [2024-05-26T09:36:21.541+0000] {dagbag.py:545} INFO - Filling up the DagBag from /usr/local/python/3.10.13/lib/python3.10/site-packages/airflow/example_dags/example_nested_branch_dag.py
[2024-05-26T09:36:21.550+0000] {processor.py:840} INFO - DAG(s) 'example_nested_branch_dag' retrieved from /usr/local/python/3.10.13/lib/python3.10/site-packages/airflow/example_dags/example_nested_branch_dag.py
[2024-05-26T09:36:21.563+0000] {logging_mixin.py:188} INFO - [2024-05-26T09:36:21.563+0000] {dag.py:3096} INFO - Sync 1 DAGs
[2024-05-26T09:36:21.579+0000] {logging_mixin.py:188} INFO - [2024-05-26T09:36:21.579+0000] {dag.py:3954} INFO - Setting next_dagrun for example_nested_branch_dag to 2024-05-25 00:00:00+00:00, run_after=2024-05-26 00:00:00+00:00
[2024-05-26T09:36:21.616+0000] {processor.py:183} INFO - Processing /usr/local/python/3.10.13/lib/python3.10/site-packages/airflow/example_dags/example_nested_branch_dag.py took 0.081 seconds
[2024-05-26T09:37:26.140+0000] {processor.py:161} INFO - Started process (PID=51625) to work on /usr/local/python/3.10.13/lib/python3.10/site-packages/airflow/example_dags/example_nested_branch_dag.py
[2024-05-26T09:37:26.141+0000] {processor.py:830} INFO - Processing file /usr/local/python/3.10.13/lib/python3.10/site-packages/airflow/example_dags/example_nested_branch_dag.py for tasks to queue
[2024-05-26T09:37:26.142+0000] {logging_mixin.py:188} INFO - [2024-05-26T09:37:26.142+0000] {dagbag.py:545} INFO - Filling up the DagBag from /usr/local/python/3.10.13/lib/python3.10/site-packages/airflow/example_dags/example_nested_branch_dag.py
[2024-05-26T09:37:26.150+0000] {processor.py:840} INFO - DAG(s) 'example_nested_branch_dag' retrieved from /usr/local/python/3.10.13/lib/python3.10/site-packages/airflow/example_dags/example_nested_branch_dag.py
[2024-05-26T09:37:26.164+0000] {logging_mixin.py:188} INFO - [2024-05-26T09:37:26.163+0000] {dag.py:3096} INFO - Sync 1 DAGs
[2024-05-26T09:37:26.179+0000] {logging_mixin.py:188} INFO - [2024-05-26T09:37:26.179+0000] {dag.py:3954} INFO - Setting next_dagrun for example_nested_branch_dag to 2024-05-25 00:00:00+00:00, run_after=2024-05-26 00:00:00+00:00
[2024-05-26T09:37:26.218+0000] {processor.py:183} INFO - Processing /usr/local/python/3.10.13/lib/python3.10/site-packages/airflow/example_dags/example_nested_branch_dag.py took 0.083 seconds
[2024-05-26T09:38:27.077+0000] {processor.py:161} INFO - Started process (PID=52051) to work on /usr/local/python/3.10.13/lib/python3.10/site-packages/airflow/example_dags/example_nested_branch_dag.py
[2024-05-26T09:38:27.077+0000] {processor.py:830} INFO - Processing file /usr/local/python/3.10.13/lib/python3.10/site-packages/airflow/example_dags/example_nested_branch_dag.py for tasks to queue
[2024-05-26T09:38:27.079+0000] {logging_mixin.py:188} INFO - [2024-05-26T09:38:27.078+0000] {dagbag.py:545} INFO - Filling up the DagBag from /usr/local/python/3.10.13/lib/python3.10/site-packages/airflow/example_dags/example_nested_branch_dag.py
[2024-05-26T09:38:27.088+0000] {processor.py:840} INFO - DAG(s) 'example_nested_branch_dag' retrieved from /usr/local/python/3.10.13/lib/python3.10/site-packages/airflow/example_dags/example_nested_branch_dag.py
[2024-05-26T09:38:27.101+0000] {logging_mixin.py:188} INFO - [2024-05-26T09:38:27.101+0000] {dag.py:3096} INFO - Sync 1 DAGs
[2024-05-26T09:38:27.118+0000] {logging_mixin.py:188} INFO - [2024-05-26T09:38:27.117+0000] {dag.py:3954} INFO - Setting next_dagrun for example_nested_branch_dag to 2024-05-25 00:00:00+00:00, run_after=2024-05-26 00:00:00+00:00
[2024-05-26T09:38:27.156+0000] {processor.py:183} INFO - Processing /usr/local/python/3.10.13/lib/python3.10/site-packages/airflow/example_dags/example_nested_branch_dag.py took 0.084 seconds
[2024-05-26T09:39:24.467+0000] {processor.py:161} INFO - Started process (PID=52441) to work on /usr/local/python/3.10.13/lib/python3.10/site-packages/airflow/example_dags/example_nested_branch_dag.py
[2024-05-26T09:39:24.468+0000] {processor.py:830} INFO - Processing file /usr/local/python/3.10.13/lib/python3.10/site-packages/airflow/example_dags/example_nested_branch_dag.py for tasks to queue
[2024-05-26T09:39:24.469+0000] {logging_mixin.py:188} INFO - [2024-05-26T09:39:24.469+0000] {dagbag.py:545} INFO - Filling up the DagBag from /usr/local/python/3.10.13/lib/python3.10/site-packages/airflow/example_dags/example_nested_branch_dag.py
[2024-05-26T09:39:24.477+0000] {processor.py:840} INFO - DAG(s) 'example_nested_branch_dag' retrieved from /usr/local/python/3.10.13/lib/python3.10/site-packages/airflow/example_dags/example_nested_branch_dag.py
[2024-05-26T09:39:24.490+0000] {logging_mixin.py:188} INFO - [2024-05-26T09:39:24.490+0000] {dag.py:3096} INFO - Sync 1 DAGs
[2024-05-26T09:39:24.505+0000] {logging_mixin.py:188} INFO - [2024-05-26T09:39:24.505+0000] {dag.py:3954} INFO - Setting next_dagrun for example_nested_branch_dag to 2024-05-25 00:00:00+00:00, run_after=2024-05-26 00:00:00+00:00
[2024-05-26T09:39:24.541+0000] {processor.py:183} INFO - Processing /usr/local/python/3.10.13/lib/python3.10/site-packages/airflow/example_dags/example_nested_branch_dag.py took 0.079 seconds
[2024-05-26T09:40:29.103+0000] {processor.py:161} INFO - Started process (PID=52904) to work on /usr/local/python/3.10.13/lib/python3.10/site-packages/airflow/example_dags/example_nested_branch_dag.py
[2024-05-26T09:40:29.104+0000] {processor.py:830} INFO - Processing file /usr/local/python/3.10.13/lib/python3.10/site-packages/airflow/example_dags/example_nested_branch_dag.py for tasks to queue
[2024-05-26T09:40:29.105+0000] {logging_mixin.py:188} INFO - [2024-05-26T09:40:29.105+0000] {dagbag.py:545} INFO - Filling up the DagBag from /usr/local/python/3.10.13/lib/python3.10/site-packages/airflow/example_dags/example_nested_branch_dag.py
[2024-05-26T09:40:29.114+0000] {processor.py:840} INFO - DAG(s) 'example_nested_branch_dag' retrieved from /usr/local/python/3.10.13/lib/python3.10/site-packages/airflow/example_dags/example_nested_branch_dag.py
[2024-05-26T09:40:29.127+0000] {logging_mixin.py:188} INFO - [2024-05-26T09:40:29.126+0000] {dag.py:3096} INFO - Sync 1 DAGs
[2024-05-26T09:40:29.144+0000] {logging_mixin.py:188} INFO - [2024-05-26T09:40:29.144+0000] {dag.py:3954} INFO - Setting next_dagrun for example_nested_branch_dag to 2024-05-25 00:00:00+00:00, run_after=2024-05-26 00:00:00+00:00
[2024-05-26T09:40:29.181+0000] {processor.py:183} INFO - Processing /usr/local/python/3.10.13/lib/python3.10/site-packages/airflow/example_dags/example_nested_branch_dag.py took 0.083 seconds
[2024-05-26T09:41:32.024+0000] {processor.py:161} INFO - Started process (PID=53332) to work on /usr/local/python/3.10.13/lib/python3.10/site-packages/airflow/example_dags/example_nested_branch_dag.py
[2024-05-26T09:41:32.025+0000] {processor.py:830} INFO - Processing file /usr/local/python/3.10.13/lib/python3.10/site-packages/airflow/example_dags/example_nested_branch_dag.py for tasks to queue
[2024-05-26T09:41:32.026+0000] {logging_mixin.py:188} INFO - [2024-05-26T09:41:32.026+0000] {dagbag.py:545} INFO - Filling up the DagBag from /usr/local/python/3.10.13/lib/python3.10/site-packages/airflow/example_dags/example_nested_branch_dag.py
[2024-05-26T09:41:32.034+0000] {processor.py:840} INFO - DAG(s) 'example_nested_branch_dag' retrieved from /usr/local/python/3.10.13/lib/python3.10/site-packages/airflow/example_dags/example_nested_branch_dag.py
[2024-05-26T09:41:32.047+0000] {logging_mixin.py:188} INFO - [2024-05-26T09:41:32.047+0000] {dag.py:3096} INFO - Sync 1 DAGs
[2024-05-26T09:41:32.063+0000] {logging_mixin.py:188} INFO - [2024-05-26T09:41:32.062+0000] {dag.py:3954} INFO - Setting next_dagrun for example_nested_branch_dag to 2024-05-25 00:00:00+00:00, run_after=2024-05-26 00:00:00+00:00
[2024-05-26T09:41:32.098+0000] {processor.py:183} INFO - Processing /usr/local/python/3.10.13/lib/python3.10/site-packages/airflow/example_dags/example_nested_branch_dag.py took 0.079 seconds
[2024-05-26T09:42:32.254+0000] {processor.py:161} INFO - Started process (PID=53749) to work on /usr/local/python/3.10.13/lib/python3.10/site-packages/airflow/example_dags/example_nested_branch_dag.py
[2024-05-26T09:42:32.254+0000] {processor.py:830} INFO - Processing file /usr/local/python/3.10.13/lib/python3.10/site-packages/airflow/example_dags/example_nested_branch_dag.py for tasks to queue
[2024-05-26T09:42:32.256+0000] {logging_mixin.py:188} INFO - [2024-05-26T09:42:32.255+0000] {dagbag.py:545} INFO - Filling up the DagBag from /usr/local/python/3.10.13/lib/python3.10/site-packages/airflow/example_dags/example_nested_branch_dag.py
[2024-05-26T09:42:32.264+0000] {processor.py:840} INFO - DAG(s) 'example_nested_branch_dag' retrieved from /usr/local/python/3.10.13/lib/python3.10/site-packages/airflow/example_dags/example_nested_branch_dag.py
[2024-05-26T09:42:32.277+0000] {logging_mixin.py:188} INFO - [2024-05-26T09:42:32.277+0000] {dag.py:3096} INFO - Sync 1 DAGs
[2024-05-26T09:42:32.293+0000] {logging_mixin.py:188} INFO - [2024-05-26T09:42:32.293+0000] {dag.py:3954} INFO - Setting next_dagrun for example_nested_branch_dag to 2024-05-25 00:00:00+00:00, run_after=2024-05-26 00:00:00+00:00
[2024-05-26T09:42:32.330+0000] {processor.py:183} INFO - Processing /usr/local/python/3.10.13/lib/python3.10/site-packages/airflow/example_dags/example_nested_branch_dag.py took 0.081 seconds
[2024-05-26T09:43:31.398+0000] {processor.py:161} INFO - Started process (PID=54154) to work on /usr/local/python/3.10.13/lib/python3.10/site-packages/airflow/example_dags/example_nested_branch_dag.py
[2024-05-26T09:43:31.399+0000] {processor.py:830} INFO - Processing file /usr/local/python/3.10.13/lib/python3.10/site-packages/airflow/example_dags/example_nested_branch_dag.py for tasks to queue
[2024-05-26T09:43:31.400+0000] {logging_mixin.py:188} INFO - [2024-05-26T09:43:31.400+0000] {dagbag.py:545} INFO - Filling up the DagBag from /usr/local/python/3.10.13/lib/python3.10/site-packages/airflow/example_dags/example_nested_branch_dag.py
[2024-05-26T09:43:31.408+0000] {processor.py:840} INFO - DAG(s) 'example_nested_branch_dag' retrieved from /usr/local/python/3.10.13/lib/python3.10/site-packages/airflow/example_dags/example_nested_branch_dag.py
[2024-05-26T09:43:31.422+0000] {logging_mixin.py:188} INFO - [2024-05-26T09:43:31.421+0000] {dag.py:3096} INFO - Sync 1 DAGs
[2024-05-26T09:43:31.437+0000] {logging_mixin.py:188} INFO - [2024-05-26T09:43:31.437+0000] {dag.py:3954} INFO - Setting next_dagrun for example_nested_branch_dag to 2024-05-25 00:00:00+00:00, run_after=2024-05-26 00:00:00+00:00
[2024-05-26T09:43:31.473+0000] {processor.py:183} INFO - Processing /usr/local/python/3.10.13/lib/python3.10/site-packages/airflow/example_dags/example_nested_branch_dag.py took 0.080 seconds
[2024-05-26T09:44:33.425+0000] {processor.py:161} INFO - Started process (PID=54718) to work on /usr/local/python/3.10.13/lib/python3.10/site-packages/airflow/example_dags/example_nested_branch_dag.py
[2024-05-26T09:44:33.425+0000] {processor.py:830} INFO - Processing file /usr/local/python/3.10.13/lib/python3.10/site-packages/airflow/example_dags/example_nested_branch_dag.py for tasks to queue
[2024-05-26T09:44:33.427+0000] {logging_mixin.py:188} INFO - [2024-05-26T09:44:33.426+0000] {dagbag.py:545} INFO - Filling up the DagBag from /usr/local/python/3.10.13/lib/python3.10/site-packages/airflow/example_dags/example_nested_branch_dag.py
[2024-05-26T09:44:33.435+0000] {processor.py:840} INFO - DAG(s) 'example_nested_branch_dag' retrieved from /usr/local/python/3.10.13/lib/python3.10/site-packages/airflow/example_dags/example_nested_branch_dag.py
[2024-05-26T09:44:33.448+0000] {logging_mixin.py:188} INFO - [2024-05-26T09:44:33.448+0000] {dag.py:3096} INFO - Sync 1 DAGs
[2024-05-26T09:44:33.464+0000] {logging_mixin.py:188} INFO - [2024-05-26T09:44:33.464+0000] {dag.py:3954} INFO - Setting next_dagrun for example_nested_branch_dag to 2024-05-25 00:00:00+00:00, run_after=2024-05-26 00:00:00+00:00
[2024-05-26T09:44:33.499+0000] {processor.py:183} INFO - Processing /usr/local/python/3.10.13/lib/python3.10/site-packages/airflow/example_dags/example_nested_branch_dag.py took 0.079 seconds
[2024-05-26T09:45:36.708+0000] {processor.py:161} INFO - Started process (PID=55477) to work on /usr/local/python/3.10.13/lib/python3.10/site-packages/airflow/example_dags/example_nested_branch_dag.py
[2024-05-26T09:45:36.708+0000] {processor.py:830} INFO - Processing file /usr/local/python/3.10.13/lib/python3.10/site-packages/airflow/example_dags/example_nested_branch_dag.py for tasks to queue
[2024-05-26T09:45:36.710+0000] {logging_mixin.py:188} INFO - [2024-05-26T09:45:36.709+0000] {dagbag.py:545} INFO - Filling up the DagBag from /usr/local/python/3.10.13/lib/python3.10/site-packages/airflow/example_dags/example_nested_branch_dag.py
[2024-05-26T09:45:36.718+0000] {processor.py:840} INFO - DAG(s) 'example_nested_branch_dag' retrieved from /usr/local/python/3.10.13/lib/python3.10/site-packages/airflow/example_dags/example_nested_branch_dag.py
[2024-05-26T09:45:36.731+0000] {logging_mixin.py:188} INFO - [2024-05-26T09:45:36.730+0000] {dag.py:3096} INFO - Sync 1 DAGs
[2024-05-26T09:45:36.747+0000] {logging_mixin.py:188} INFO - [2024-05-26T09:45:36.747+0000] {dag.py:3954} INFO - Setting next_dagrun for example_nested_branch_dag to 2024-05-25 00:00:00+00:00, run_after=2024-05-26 00:00:00+00:00
[2024-05-26T09:45:36.783+0000] {processor.py:183} INFO - Processing /usr/local/python/3.10.13/lib/python3.10/site-packages/airflow/example_dags/example_nested_branch_dag.py took 0.080 seconds
[2024-05-26T09:46:34.078+0000] {processor.py:161} INFO - Started process (PID=56205) to work on /usr/local/python/3.10.13/lib/python3.10/site-packages/airflow/example_dags/example_nested_branch_dag.py
[2024-05-26T09:46:34.079+0000] {processor.py:830} INFO - Processing file /usr/local/python/3.10.13/lib/python3.10/site-packages/airflow/example_dags/example_nested_branch_dag.py for tasks to queue
[2024-05-26T09:46:34.080+0000] {logging_mixin.py:188} INFO - [2024-05-26T09:46:34.080+0000] {dagbag.py:545} INFO - Filling up the DagBag from /usr/local/python/3.10.13/lib/python3.10/site-packages/airflow/example_dags/example_nested_branch_dag.py
[2024-05-26T09:46:34.088+0000] {processor.py:840} INFO - DAG(s) 'example_nested_branch_dag' retrieved from /usr/local/python/3.10.13/lib/python3.10/site-packages/airflow/example_dags/example_nested_branch_dag.py
[2024-05-26T09:46:34.102+0000] {logging_mixin.py:188} INFO - [2024-05-26T09:46:34.102+0000] {dag.py:3096} INFO - Sync 1 DAGs
[2024-05-26T09:46:34.119+0000] {logging_mixin.py:188} INFO - [2024-05-26T09:46:34.118+0000] {dag.py:3954} INFO - Setting next_dagrun for example_nested_branch_dag to 2024-05-25 00:00:00+00:00, run_after=2024-05-26 00:00:00+00:00
[2024-05-26T09:46:34.159+0000] {processor.py:183} INFO - Processing /usr/local/python/3.10.13/lib/python3.10/site-packages/airflow/example_dags/example_nested_branch_dag.py took 0.087 seconds
[2024-05-26T09:47:34.854+0000] {processor.py:161} INFO - Started process (PID=56947) to work on /usr/local/python/3.10.13/lib/python3.10/site-packages/airflow/example_dags/example_nested_branch_dag.py
[2024-05-26T09:47:34.855+0000] {processor.py:830} INFO - Processing file /usr/local/python/3.10.13/lib/python3.10/site-packages/airflow/example_dags/example_nested_branch_dag.py for tasks to queue
[2024-05-26T09:47:34.856+0000] {logging_mixin.py:188} INFO - [2024-05-26T09:47:34.856+0000] {dagbag.py:545} INFO - Filling up the DagBag from /usr/local/python/3.10.13/lib/python3.10/site-packages/airflow/example_dags/example_nested_branch_dag.py
[2024-05-26T09:47:34.864+0000] {processor.py:840} INFO - DAG(s) 'example_nested_branch_dag' retrieved from /usr/local/python/3.10.13/lib/python3.10/site-packages/airflow/example_dags/example_nested_branch_dag.py
[2024-05-26T09:47:34.878+0000] {logging_mixin.py:188} INFO - [2024-05-26T09:47:34.877+0000] {dag.py:3096} INFO - Sync 1 DAGs
[2024-05-26T09:47:34.896+0000] {logging_mixin.py:188} INFO - [2024-05-26T09:47:34.895+0000] {dag.py:3954} INFO - Setting next_dagrun for example_nested_branch_dag to 2024-05-25 00:00:00+00:00, run_after=2024-05-26 00:00:00+00:00
[2024-05-26T09:47:34.932+0000] {processor.py:183} INFO - Processing /usr/local/python/3.10.13/lib/python3.10/site-packages/airflow/example_dags/example_nested_branch_dag.py took 0.082 seconds
[2024-05-26T09:48:33.962+0000] {processor.py:161} INFO - Started process (PID=57593) to work on /usr/local/python/3.10.13/lib/python3.10/site-packages/airflow/example_dags/example_nested_branch_dag.py
[2024-05-26T09:48:33.963+0000] {processor.py:830} INFO - Processing file /usr/local/python/3.10.13/lib/python3.10/site-packages/airflow/example_dags/example_nested_branch_dag.py for tasks to queue
[2024-05-26T09:48:33.964+0000] {logging_mixin.py:188} INFO - [2024-05-26T09:48:33.964+0000] {dagbag.py:545} INFO - Filling up the DagBag from /usr/local/python/3.10.13/lib/python3.10/site-packages/airflow/example_dags/example_nested_branch_dag.py
[2024-05-26T09:48:33.972+0000] {processor.py:840} INFO - DAG(s) 'example_nested_branch_dag' retrieved from /usr/local/python/3.10.13/lib/python3.10/site-packages/airflow/example_dags/example_nested_branch_dag.py
[2024-05-26T09:48:33.985+0000] {logging_mixin.py:188} INFO - [2024-05-26T09:48:33.985+0000] {dag.py:3096} INFO - Sync 1 DAGs
[2024-05-26T09:48:34.001+0000] {logging_mixin.py:188} INFO - [2024-05-26T09:48:34.001+0000] {dag.py:3954} INFO - Setting next_dagrun for example_nested_branch_dag to 2024-05-25 00:00:00+00:00, run_after=2024-05-26 00:00:00+00:00
[2024-05-26T09:48:34.036+0000] {processor.py:183} INFO - Processing /usr/local/python/3.10.13/lib/python3.10/site-packages/airflow/example_dags/example_nested_branch_dag.py took 0.078 seconds
[2024-05-26T09:49:38.664+0000] {processor.py:161} INFO - Started process (PID=58276) to work on /usr/local/python/3.10.13/lib/python3.10/site-packages/airflow/example_dags/example_nested_branch_dag.py
[2024-05-26T09:49:38.665+0000] {processor.py:830} INFO - Processing file /usr/local/python/3.10.13/lib/python3.10/site-packages/airflow/example_dags/example_nested_branch_dag.py for tasks to queue
[2024-05-26T09:49:38.666+0000] {logging_mixin.py:188} INFO - [2024-05-26T09:49:38.665+0000] {dagbag.py:545} INFO - Filling up the DagBag from /usr/local/python/3.10.13/lib/python3.10/site-packages/airflow/example_dags/example_nested_branch_dag.py
[2024-05-26T09:49:38.674+0000] {processor.py:840} INFO - DAG(s) 'example_nested_branch_dag' retrieved from /usr/local/python/3.10.13/lib/python3.10/site-packages/airflow/example_dags/example_nested_branch_dag.py
[2024-05-26T09:49:38.690+0000] {logging_mixin.py:188} INFO - [2024-05-26T09:49:38.689+0000] {dag.py:3096} INFO - Sync 1 DAGs
[2024-05-26T09:49:38.706+0000] {logging_mixin.py:188} INFO - [2024-05-26T09:49:38.706+0000] {dag.py:3954} INFO - Setting next_dagrun for example_nested_branch_dag to 2024-05-25 00:00:00+00:00, run_after=2024-05-26 00:00:00+00:00
[2024-05-26T09:49:38.743+0000] {processor.py:183} INFO - Processing /usr/local/python/3.10.13/lib/python3.10/site-packages/airflow/example_dags/example_nested_branch_dag.py took 0.084 seconds
[2024-05-26T09:50:39.539+0000] {processor.py:161} INFO - Started process (PID=58788) to work on /usr/local/python/3.10.13/lib/python3.10/site-packages/airflow/example_dags/example_nested_branch_dag.py
[2024-05-26T09:50:39.540+0000] {processor.py:830} INFO - Processing file /usr/local/python/3.10.13/lib/python3.10/site-packages/airflow/example_dags/example_nested_branch_dag.py for tasks to queue
[2024-05-26T09:50:39.541+0000] {logging_mixin.py:188} INFO - [2024-05-26T09:50:39.541+0000] {dagbag.py:545} INFO - Filling up the DagBag from /usr/local/python/3.10.13/lib/python3.10/site-packages/airflow/example_dags/example_nested_branch_dag.py
[2024-05-26T09:50:39.552+0000] {processor.py:840} INFO - DAG(s) 'example_nested_branch_dag' retrieved from /usr/local/python/3.10.13/lib/python3.10/site-packages/airflow/example_dags/example_nested_branch_dag.py
[2024-05-26T09:50:39.566+0000] {logging_mixin.py:188} INFO - [2024-05-26T09:50:39.566+0000] {dag.py:3096} INFO - Sync 1 DAGs
[2024-05-26T09:50:39.581+0000] {logging_mixin.py:188} INFO - [2024-05-26T09:50:39.581+0000] {dag.py:3954} INFO - Setting next_dagrun for example_nested_branch_dag to 2024-05-25 00:00:00+00:00, run_after=2024-05-26 00:00:00+00:00
[2024-05-26T09:50:39.620+0000] {processor.py:183} INFO - Processing /usr/local/python/3.10.13/lib/python3.10/site-packages/airflow/example_dags/example_nested_branch_dag.py took 0.086 seconds
[2024-05-26T09:51:42.697+0000] {processor.py:161} INFO - Started process (PID=59442) to work on /usr/local/python/3.10.13/lib/python3.10/site-packages/airflow/example_dags/example_nested_branch_dag.py
[2024-05-26T09:51:42.698+0000] {processor.py:830} INFO - Processing file /usr/local/python/3.10.13/lib/python3.10/site-packages/airflow/example_dags/example_nested_branch_dag.py for tasks to queue
[2024-05-26T09:51:42.699+0000] {logging_mixin.py:188} INFO - [2024-05-26T09:51:42.699+0000] {dagbag.py:545} INFO - Filling up the DagBag from /usr/local/python/3.10.13/lib/python3.10/site-packages/airflow/example_dags/example_nested_branch_dag.py
[2024-05-26T09:51:42.707+0000] {processor.py:840} INFO - DAG(s) 'example_nested_branch_dag' retrieved from /usr/local/python/3.10.13/lib/python3.10/site-packages/airflow/example_dags/example_nested_branch_dag.py
[2024-05-26T09:51:42.720+0000] {logging_mixin.py:188} INFO - [2024-05-26T09:51:42.719+0000] {dag.py:3096} INFO - Sync 1 DAGs
[2024-05-26T09:51:42.735+0000] {logging_mixin.py:188} INFO - [2024-05-26T09:51:42.735+0000] {dag.py:3954} INFO - Setting next_dagrun for example_nested_branch_dag to 2024-05-25 00:00:00+00:00, run_after=2024-05-26 00:00:00+00:00
[2024-05-26T09:51:42.775+0000] {processor.py:183} INFO - Processing /usr/local/python/3.10.13/lib/python3.10/site-packages/airflow/example_dags/example_nested_branch_dag.py took 0.082 seconds
[2024-05-26T09:52:44.853+0000] {processor.py:161} INFO - Started process (PID=60024) to work on /usr/local/python/3.10.13/lib/python3.10/site-packages/airflow/example_dags/example_nested_branch_dag.py
[2024-05-26T09:52:44.853+0000] {processor.py:830} INFO - Processing file /usr/local/python/3.10.13/lib/python3.10/site-packages/airflow/example_dags/example_nested_branch_dag.py for tasks to queue
[2024-05-26T09:52:44.855+0000] {logging_mixin.py:188} INFO - [2024-05-26T09:52:44.854+0000] {dagbag.py:545} INFO - Filling up the DagBag from /usr/local/python/3.10.13/lib/python3.10/site-packages/airflow/example_dags/example_nested_branch_dag.py
[2024-05-26T09:52:44.862+0000] {processor.py:840} INFO - DAG(s) 'example_nested_branch_dag' retrieved from /usr/local/python/3.10.13/lib/python3.10/site-packages/airflow/example_dags/example_nested_branch_dag.py
[2024-05-26T09:52:44.875+0000] {logging_mixin.py:188} INFO - [2024-05-26T09:52:44.875+0000] {dag.py:3096} INFO - Sync 1 DAGs
[2024-05-26T09:52:44.891+0000] {logging_mixin.py:188} INFO - [2024-05-26T09:52:44.891+0000] {dag.py:3954} INFO - Setting next_dagrun for example_nested_branch_dag to 2024-05-25 00:00:00+00:00, run_after=2024-05-26 00:00:00+00:00
[2024-05-26T09:52:44.927+0000] {processor.py:183} INFO - Processing /usr/local/python/3.10.13/lib/python3.10/site-packages/airflow/example_dags/example_nested_branch_dag.py took 0.080 seconds
[2024-05-26T09:53:46.657+0000] {processor.py:161} INFO - Started process (PID=60514) to work on /usr/local/python/3.10.13/lib/python3.10/site-packages/airflow/example_dags/example_nested_branch_dag.py
[2024-05-26T09:53:46.658+0000] {processor.py:830} INFO - Processing file /usr/local/python/3.10.13/lib/python3.10/site-packages/airflow/example_dags/example_nested_branch_dag.py for tasks to queue
[2024-05-26T09:53:46.659+0000] {logging_mixin.py:188} INFO - [2024-05-26T09:53:46.659+0000] {dagbag.py:545} INFO - Filling up the DagBag from /usr/local/python/3.10.13/lib/python3.10/site-packages/airflow/example_dags/example_nested_branch_dag.py
[2024-05-26T09:53:46.667+0000] {processor.py:840} INFO - DAG(s) 'example_nested_branch_dag' retrieved from /usr/local/python/3.10.13/lib/python3.10/site-packages/airflow/example_dags/example_nested_branch_dag.py
[2024-05-26T09:53:46.683+0000] {logging_mixin.py:188} INFO - [2024-05-26T09:53:46.682+0000] {dag.py:3096} INFO - Sync 1 DAGs
[2024-05-26T09:53:46.706+0000] {logging_mixin.py:188} INFO - [2024-05-26T09:53:46.705+0000] {dag.py:3954} INFO - Setting next_dagrun for example_nested_branch_dag to 2024-05-25 00:00:00+00:00, run_after=2024-05-26 00:00:00+00:00
[2024-05-26T09:53:46.747+0000] {processor.py:183} INFO - Processing /usr/local/python/3.10.13/lib/python3.10/site-packages/airflow/example_dags/example_nested_branch_dag.py took 0.095 seconds
[2024-05-26T09:54:52.393+0000] {processor.py:161} INFO - Started process (PID=61047) to work on /usr/local/python/3.10.13/lib/python3.10/site-packages/airflow/example_dags/example_nested_branch_dag.py
[2024-05-26T09:54:52.394+0000] {processor.py:830} INFO - Processing file /usr/local/python/3.10.13/lib/python3.10/site-packages/airflow/example_dags/example_nested_branch_dag.py for tasks to queue
[2024-05-26T09:54:52.395+0000] {logging_mixin.py:188} INFO - [2024-05-26T09:54:52.395+0000] {dagbag.py:545} INFO - Filling up the DagBag from /usr/local/python/3.10.13/lib/python3.10/site-packages/airflow/example_dags/example_nested_branch_dag.py
[2024-05-26T09:54:52.403+0000] {processor.py:840} INFO - DAG(s) 'example_nested_branch_dag' retrieved from /usr/local/python/3.10.13/lib/python3.10/site-packages/airflow/example_dags/example_nested_branch_dag.py
[2024-05-26T09:54:52.416+0000] {logging_mixin.py:188} INFO - [2024-05-26T09:54:52.416+0000] {dag.py:3096} INFO - Sync 1 DAGs
[2024-05-26T09:54:52.438+0000] {logging_mixin.py:188} INFO - [2024-05-26T09:54:52.438+0000] {dag.py:3954} INFO - Setting next_dagrun for example_nested_branch_dag to 2024-05-25 00:00:00+00:00, run_after=2024-05-26 00:00:00+00:00
[2024-05-26T09:54:52.479+0000] {processor.py:183} INFO - Processing /usr/local/python/3.10.13/lib/python3.10/site-packages/airflow/example_dags/example_nested_branch_dag.py took 0.090 seconds
