[2024-05-26T09:10:36.676+0000] {processor.py:161} INFO - Started process (PID=40058) to work on /usr/local/python/3.10.13/lib/python3.10/site-packages/airflow/example_dags/example_sla_dag.py
[2024-05-26T09:10:36.677+0000] {processor.py:830} INFO - Processing file /usr/local/python/3.10.13/lib/python3.10/site-packages/airflow/example_dags/example_sla_dag.py for tasks to queue
[2024-05-26T09:10:36.678+0000] {logging_mixin.py:188} INFO - [2024-05-26T09:10:36.678+0000] {dagbag.py:545} INFO - Filling up the DagBag from /usr/local/python/3.10.13/lib/python3.10/site-packages/airflow/example_dags/example_sla_dag.py
[2024-05-26T09:10:36.685+0000] {processor.py:840} INFO - DAG(s) 'example_sla_dag' retrieved from /usr/local/python/3.10.13/lib/python3.10/site-packages/airflow/example_dags/example_sla_dag.py
[2024-05-26T09:10:36.703+0000] {logging_mixin.py:188} INFO - [2024-05-26T09:10:36.703+0000] {dag.py:3096} INFO - Sync 1 DAGs
[2024-05-26T09:10:36.723+0000] {logging_mixin.py:188} INFO - [2024-05-26T09:10:36.722+0000] {dag.py:3954} INFO - Setting next_dagrun for example_sla_dag to 2024-05-26 09:08:00+00:00, run_after=2024-05-26 09:10:00+00:00
[2024-05-26T09:10:36.848+0000] {processor.py:183} INFO - Processing /usr/local/python/3.10.13/lib/python3.10/site-packages/airflow/example_dags/example_sla_dag.py took 0.176 seconds
[2024-05-26T09:11:30.563+0000] {processor.py:161} INFO - Started process (PID=40512) to work on /usr/local/python/3.10.13/lib/python3.10/site-packages/airflow/example_dags/example_sla_dag.py
[2024-05-26T09:11:30.564+0000] {processor.py:830} INFO - Processing file /usr/local/python/3.10.13/lib/python3.10/site-packages/airflow/example_dags/example_sla_dag.py for tasks to queue
[2024-05-26T09:11:30.565+0000] {logging_mixin.py:188} INFO - [2024-05-26T09:11:30.565+0000] {dagbag.py:545} INFO - Filling up the DagBag from /usr/local/python/3.10.13/lib/python3.10/site-packages/airflow/example_dags/example_sla_dag.py
[2024-05-26T09:11:30.575+0000] {processor.py:840} INFO - DAG(s) 'example_sla_dag' retrieved from /usr/local/python/3.10.13/lib/python3.10/site-packages/airflow/example_dags/example_sla_dag.py
[2024-05-26T09:11:30.588+0000] {logging_mixin.py:188} INFO - [2024-05-26T09:11:30.588+0000] {dag.py:3096} INFO - Sync 1 DAGs
[2024-05-26T09:11:30.606+0000] {logging_mixin.py:188} INFO - [2024-05-26T09:11:30.606+0000] {dag.py:3954} INFO - Setting next_dagrun for example_sla_dag to 2024-05-26 09:08:00+00:00, run_after=2024-05-26 09:10:00+00:00
[2024-05-26T09:11:30.643+0000] {processor.py:183} INFO - Processing /usr/local/python/3.10.13/lib/python3.10/site-packages/airflow/example_dags/example_sla_dag.py took 0.085 seconds
[2024-05-26T09:12:21.017+0000] {processor.py:161} INFO - Started process (PID=40864) to work on /usr/local/python/3.10.13/lib/python3.10/site-packages/airflow/example_dags/example_sla_dag.py
[2024-05-26T09:12:21.018+0000] {processor.py:830} INFO - Processing file /usr/local/python/3.10.13/lib/python3.10/site-packages/airflow/example_dags/example_sla_dag.py for tasks to queue
[2024-05-26T09:12:21.019+0000] {logging_mixin.py:188} INFO - [2024-05-26T09:12:21.019+0000] {dagbag.py:545} INFO - Filling up the DagBag from /usr/local/python/3.10.13/lib/python3.10/site-packages/airflow/example_dags/example_sla_dag.py
[2024-05-26T09:12:21.026+0000] {processor.py:840} INFO - DAG(s) 'example_sla_dag' retrieved from /usr/local/python/3.10.13/lib/python3.10/site-packages/airflow/example_dags/example_sla_dag.py
[2024-05-26T09:12:21.037+0000] {logging_mixin.py:188} INFO - [2024-05-26T09:12:21.037+0000] {dag.py:3096} INFO - Sync 1 DAGs
[2024-05-26T09:12:21.054+0000] {logging_mixin.py:188} INFO - [2024-05-26T09:12:21.054+0000] {dag.py:3954} INFO - Setting next_dagrun for example_sla_dag to 2024-05-26 09:10:00+00:00, run_after=2024-05-26 09:12:00+00:00
[2024-05-26T09:12:21.098+0000] {processor.py:183} INFO - Processing /usr/local/python/3.10.13/lib/python3.10/site-packages/airflow/example_dags/example_sla_dag.py took 0.085 seconds
[2024-05-26T09:13:04.376+0000] {processor.py:161} INFO - Started process (PID=41243) to work on /usr/local/python/3.10.13/lib/python3.10/site-packages/airflow/example_dags/example_sla_dag.py
[2024-05-26T09:13:04.376+0000] {processor.py:830} INFO - Processing file /usr/local/python/3.10.13/lib/python3.10/site-packages/airflow/example_dags/example_sla_dag.py for tasks to queue
[2024-05-26T09:13:04.378+0000] {logging_mixin.py:188} INFO - [2024-05-26T09:13:04.377+0000] {dagbag.py:545} INFO - Filling up the DagBag from /usr/local/python/3.10.13/lib/python3.10/site-packages/airflow/example_dags/example_sla_dag.py
[2024-05-26T09:13:04.384+0000] {processor.py:840} INFO - DAG(s) 'example_sla_dag' retrieved from /usr/local/python/3.10.13/lib/python3.10/site-packages/airflow/example_dags/example_sla_dag.py
[2024-05-26T09:13:04.395+0000] {logging_mixin.py:188} INFO - [2024-05-26T09:13:04.395+0000] {dag.py:3096} INFO - Sync 1 DAGs
[2024-05-26T09:13:04.413+0000] {logging_mixin.py:188} INFO - [2024-05-26T09:13:04.413+0000] {dag.py:3954} INFO - Setting next_dagrun for example_sla_dag to 2024-05-26 09:10:00+00:00, run_after=2024-05-26 09:12:00+00:00
[2024-05-26T09:13:04.452+0000] {processor.py:183} INFO - Processing /usr/local/python/3.10.13/lib/python3.10/site-packages/airflow/example_dags/example_sla_dag.py took 0.081 seconds
[2024-05-26T09:13:47.087+0000] {processor.py:161} INFO - Started process (PID=41620) to work on /usr/local/python/3.10.13/lib/python3.10/site-packages/airflow/example_dags/example_sla_dag.py
[2024-05-26T09:13:47.087+0000] {processor.py:830} INFO - Processing file /usr/local/python/3.10.13/lib/python3.10/site-packages/airflow/example_dags/example_sla_dag.py for tasks to queue
[2024-05-26T09:13:47.089+0000] {logging_mixin.py:188} INFO - [2024-05-26T09:13:47.088+0000] {dagbag.py:545} INFO - Filling up the DagBag from /usr/local/python/3.10.13/lib/python3.10/site-packages/airflow/example_dags/example_sla_dag.py
[2024-05-26T09:13:47.096+0000] {processor.py:840} INFO - DAG(s) 'example_sla_dag' retrieved from /usr/local/python/3.10.13/lib/python3.10/site-packages/airflow/example_dags/example_sla_dag.py
[2024-05-26T09:13:47.108+0000] {logging_mixin.py:188} INFO - [2024-05-26T09:13:47.108+0000] {dag.py:3096} INFO - Sync 1 DAGs
[2024-05-26T09:13:47.127+0000] {logging_mixin.py:188} INFO - [2024-05-26T09:13:47.127+0000] {dag.py:3954} INFO - Setting next_dagrun for example_sla_dag to 2024-05-26 09:10:00+00:00, run_after=2024-05-26 09:12:00+00:00
[2024-05-26T09:13:47.167+0000] {processor.py:183} INFO - Processing /usr/local/python/3.10.13/lib/python3.10/site-packages/airflow/example_dags/example_sla_dag.py took 0.085 seconds
[2024-05-26T09:14:30.477+0000] {processor.py:161} INFO - Started process (PID=41914) to work on /usr/local/python/3.10.13/lib/python3.10/site-packages/airflow/example_dags/example_sla_dag.py
[2024-05-26T09:14:30.477+0000] {processor.py:830} INFO - Processing file /usr/local/python/3.10.13/lib/python3.10/site-packages/airflow/example_dags/example_sla_dag.py for tasks to queue
[2024-05-26T09:14:30.479+0000] {logging_mixin.py:188} INFO - [2024-05-26T09:14:30.478+0000] {dagbag.py:545} INFO - Filling up the DagBag from /usr/local/python/3.10.13/lib/python3.10/site-packages/airflow/example_dags/example_sla_dag.py
[2024-05-26T09:14:30.485+0000] {processor.py:840} INFO - DAG(s) 'example_sla_dag' retrieved from /usr/local/python/3.10.13/lib/python3.10/site-packages/airflow/example_dags/example_sla_dag.py
[2024-05-26T09:14:30.496+0000] {logging_mixin.py:188} INFO - [2024-05-26T09:14:30.496+0000] {dag.py:3096} INFO - Sync 1 DAGs
[2024-05-26T09:14:30.513+0000] {logging_mixin.py:188} INFO - [2024-05-26T09:14:30.513+0000] {dag.py:3954} INFO - Setting next_dagrun for example_sla_dag to 2024-05-26 09:12:00+00:00, run_after=2024-05-26 09:14:00+00:00
[2024-05-26T09:14:30.554+0000] {processor.py:183} INFO - Processing /usr/local/python/3.10.13/lib/python3.10/site-packages/airflow/example_dags/example_sla_dag.py took 0.082 seconds
[2024-05-26T09:15:15.243+0000] {processor.py:161} INFO - Started process (PID=42235) to work on /usr/local/python/3.10.13/lib/python3.10/site-packages/airflow/example_dags/example_sla_dag.py
[2024-05-26T09:15:15.244+0000] {processor.py:830} INFO - Processing file /usr/local/python/3.10.13/lib/python3.10/site-packages/airflow/example_dags/example_sla_dag.py for tasks to queue
[2024-05-26T09:15:15.245+0000] {logging_mixin.py:188} INFO - [2024-05-26T09:15:15.245+0000] {dagbag.py:545} INFO - Filling up the DagBag from /usr/local/python/3.10.13/lib/python3.10/site-packages/airflow/example_dags/example_sla_dag.py
[2024-05-26T09:15:15.252+0000] {processor.py:840} INFO - DAG(s) 'example_sla_dag' retrieved from /usr/local/python/3.10.13/lib/python3.10/site-packages/airflow/example_dags/example_sla_dag.py
[2024-05-26T09:15:15.264+0000] {logging_mixin.py:188} INFO - [2024-05-26T09:15:15.264+0000] {dag.py:3096} INFO - Sync 1 DAGs
[2024-05-26T09:15:15.281+0000] {logging_mixin.py:188} INFO - [2024-05-26T09:15:15.281+0000] {dag.py:3954} INFO - Setting next_dagrun for example_sla_dag to 2024-05-26 09:12:00+00:00, run_after=2024-05-26 09:14:00+00:00
[2024-05-26T09:15:15.321+0000] {processor.py:183} INFO - Processing /usr/local/python/3.10.13/lib/python3.10/site-packages/airflow/example_dags/example_sla_dag.py took 0.082 seconds
[2024-05-26T09:15:55.686+0000] {processor.py:161} INFO - Started process (PID=42523) to work on /usr/local/python/3.10.13/lib/python3.10/site-packages/airflow/example_dags/example_sla_dag.py
[2024-05-26T09:15:55.687+0000] {processor.py:830} INFO - Processing file /usr/local/python/3.10.13/lib/python3.10/site-packages/airflow/example_dags/example_sla_dag.py for tasks to queue
[2024-05-26T09:15:55.688+0000] {logging_mixin.py:188} INFO - [2024-05-26T09:15:55.688+0000] {dagbag.py:545} INFO - Filling up the DagBag from /usr/local/python/3.10.13/lib/python3.10/site-packages/airflow/example_dags/example_sla_dag.py
[2024-05-26T09:15:55.695+0000] {processor.py:840} INFO - DAG(s) 'example_sla_dag' retrieved from /usr/local/python/3.10.13/lib/python3.10/site-packages/airflow/example_dags/example_sla_dag.py
[2024-05-26T09:15:55.706+0000] {logging_mixin.py:188} INFO - [2024-05-26T09:15:55.706+0000] {dag.py:3096} INFO - Sync 1 DAGs
[2024-05-26T09:15:55.724+0000] {logging_mixin.py:188} INFO - [2024-05-26T09:15:55.723+0000] {dag.py:3954} INFO - Setting next_dagrun for example_sla_dag to 2024-05-26 09:12:00+00:00, run_after=2024-05-26 09:14:00+00:00
[2024-05-26T09:15:55.765+0000] {processor.py:183} INFO - Processing /usr/local/python/3.10.13/lib/python3.10/site-packages/airflow/example_dags/example_sla_dag.py took 0.083 seconds
[2024-05-26T09:16:37.093+0000] {processor.py:161} INFO - Started process (PID=42813) to work on /usr/local/python/3.10.13/lib/python3.10/site-packages/airflow/example_dags/example_sla_dag.py
[2024-05-26T09:16:37.093+0000] {processor.py:830} INFO - Processing file /usr/local/python/3.10.13/lib/python3.10/site-packages/airflow/example_dags/example_sla_dag.py for tasks to queue
[2024-05-26T09:16:37.095+0000] {logging_mixin.py:188} INFO - [2024-05-26T09:16:37.094+0000] {dagbag.py:545} INFO - Filling up the DagBag from /usr/local/python/3.10.13/lib/python3.10/site-packages/airflow/example_dags/example_sla_dag.py
[2024-05-26T09:16:37.104+0000] {processor.py:840} INFO - DAG(s) 'example_sla_dag' retrieved from /usr/local/python/3.10.13/lib/python3.10/site-packages/airflow/example_dags/example_sla_dag.py
[2024-05-26T09:16:37.119+0000] {logging_mixin.py:188} INFO - [2024-05-26T09:16:37.119+0000] {dag.py:3096} INFO - Sync 1 DAGs
[2024-05-26T09:16:37.137+0000] {logging_mixin.py:188} INFO - [2024-05-26T09:16:37.137+0000] {dag.py:3954} INFO - Setting next_dagrun for example_sla_dag to 2024-05-26 09:14:00+00:00, run_after=2024-05-26 09:16:00+00:00
[2024-05-26T09:16:37.176+0000] {processor.py:183} INFO - Processing /usr/local/python/3.10.13/lib/python3.10/site-packages/airflow/example_dags/example_sla_dag.py took 0.088 seconds
[2024-05-26T09:17:19.417+0000] {processor.py:161} INFO - Started process (PID=43093) to work on /usr/local/python/3.10.13/lib/python3.10/site-packages/airflow/example_dags/example_sla_dag.py
[2024-05-26T09:17:19.418+0000] {processor.py:830} INFO - Processing file /usr/local/python/3.10.13/lib/python3.10/site-packages/airflow/example_dags/example_sla_dag.py for tasks to queue
[2024-05-26T09:17:19.419+0000] {logging_mixin.py:188} INFO - [2024-05-26T09:17:19.419+0000] {dagbag.py:545} INFO - Filling up the DagBag from /usr/local/python/3.10.13/lib/python3.10/site-packages/airflow/example_dags/example_sla_dag.py
[2024-05-26T09:17:19.426+0000] {processor.py:840} INFO - DAG(s) 'example_sla_dag' retrieved from /usr/local/python/3.10.13/lib/python3.10/site-packages/airflow/example_dags/example_sla_dag.py
[2024-05-26T09:17:19.437+0000] {logging_mixin.py:188} INFO - [2024-05-26T09:17:19.436+0000] {dag.py:3096} INFO - Sync 1 DAGs
[2024-05-26T09:17:19.455+0000] {logging_mixin.py:188} INFO - [2024-05-26T09:17:19.454+0000] {dag.py:3954} INFO - Setting next_dagrun for example_sla_dag to 2024-05-26 09:14:00+00:00, run_after=2024-05-26 09:16:00+00:00
[2024-05-26T09:17:19.492+0000] {processor.py:183} INFO - Processing /usr/local/python/3.10.13/lib/python3.10/site-packages/airflow/example_dags/example_sla_dag.py took 0.079 seconds
[2024-05-26T09:18:02.899+0000] {processor.py:161} INFO - Started process (PID=43394) to work on /usr/local/python/3.10.13/lib/python3.10/site-packages/airflow/example_dags/example_sla_dag.py
[2024-05-26T09:18:02.899+0000] {processor.py:830} INFO - Processing file /usr/local/python/3.10.13/lib/python3.10/site-packages/airflow/example_dags/example_sla_dag.py for tasks to queue
[2024-05-26T09:18:02.901+0000] {logging_mixin.py:188} INFO - [2024-05-26T09:18:02.900+0000] {dagbag.py:545} INFO - Filling up the DagBag from /usr/local/python/3.10.13/lib/python3.10/site-packages/airflow/example_dags/example_sla_dag.py
[2024-05-26T09:18:02.908+0000] {processor.py:840} INFO - DAG(s) 'example_sla_dag' retrieved from /usr/local/python/3.10.13/lib/python3.10/site-packages/airflow/example_dags/example_sla_dag.py
[2024-05-26T09:18:02.919+0000] {logging_mixin.py:188} INFO - [2024-05-26T09:18:02.919+0000] {dag.py:3096} INFO - Sync 1 DAGs
[2024-05-26T09:18:02.938+0000] {logging_mixin.py:188} INFO - [2024-05-26T09:18:02.938+0000] {dag.py:3954} INFO - Setting next_dagrun for example_sla_dag to 2024-05-26 09:16:00+00:00, run_after=2024-05-26 09:18:00+00:00
[2024-05-26T09:18:02.976+0000] {processor.py:183} INFO - Processing /usr/local/python/3.10.13/lib/python3.10/site-packages/airflow/example_dags/example_sla_dag.py took 0.082 seconds
[2024-05-26T09:18:45.395+0000] {processor.py:161} INFO - Started process (PID=43698) to work on /usr/local/python/3.10.13/lib/python3.10/site-packages/airflow/example_dags/example_sla_dag.py
[2024-05-26T09:18:45.396+0000] {processor.py:830} INFO - Processing file /usr/local/python/3.10.13/lib/python3.10/site-packages/airflow/example_dags/example_sla_dag.py for tasks to queue
[2024-05-26T09:18:45.397+0000] {logging_mixin.py:188} INFO - [2024-05-26T09:18:45.397+0000] {dagbag.py:545} INFO - Filling up the DagBag from /usr/local/python/3.10.13/lib/python3.10/site-packages/airflow/example_dags/example_sla_dag.py
[2024-05-26T09:18:45.404+0000] {processor.py:840} INFO - DAG(s) 'example_sla_dag' retrieved from /usr/local/python/3.10.13/lib/python3.10/site-packages/airflow/example_dags/example_sla_dag.py
[2024-05-26T09:18:45.416+0000] {logging_mixin.py:188} INFO - [2024-05-26T09:18:45.415+0000] {dag.py:3096} INFO - Sync 1 DAGs
[2024-05-26T09:18:45.433+0000] {logging_mixin.py:188} INFO - [2024-05-26T09:18:45.432+0000] {dag.py:3954} INFO - Setting next_dagrun for example_sla_dag to 2024-05-26 09:16:00+00:00, run_after=2024-05-26 09:18:00+00:00
[2024-05-26T09:18:45.471+0000] {processor.py:183} INFO - Processing /usr/local/python/3.10.13/lib/python3.10/site-packages/airflow/example_dags/example_sla_dag.py took 0.081 seconds
[2024-05-26T09:19:26.784+0000] {processor.py:161} INFO - Started process (PID=44026) to work on /usr/local/python/3.10.13/lib/python3.10/site-packages/airflow/example_dags/example_sla_dag.py
[2024-05-26T09:19:26.785+0000] {processor.py:830} INFO - Processing file /usr/local/python/3.10.13/lib/python3.10/site-packages/airflow/example_dags/example_sla_dag.py for tasks to queue
[2024-05-26T09:19:26.786+0000] {logging_mixin.py:188} INFO - [2024-05-26T09:19:26.786+0000] {dagbag.py:545} INFO - Filling up the DagBag from /usr/local/python/3.10.13/lib/python3.10/site-packages/airflow/example_dags/example_sla_dag.py
[2024-05-26T09:19:26.794+0000] {processor.py:840} INFO - DAG(s) 'example_sla_dag' retrieved from /usr/local/python/3.10.13/lib/python3.10/site-packages/airflow/example_dags/example_sla_dag.py
[2024-05-26T09:19:26.806+0000] {logging_mixin.py:188} INFO - [2024-05-26T09:19:26.806+0000] {dag.py:3096} INFO - Sync 1 DAGs
[2024-05-26T09:19:26.824+0000] {logging_mixin.py:188} INFO - [2024-05-26T09:19:26.824+0000] {dag.py:3954} INFO - Setting next_dagrun for example_sla_dag to 2024-05-26 09:16:00+00:00, run_after=2024-05-26 09:18:00+00:00
[2024-05-26T09:19:26.864+0000] {processor.py:183} INFO - Processing /usr/local/python/3.10.13/lib/python3.10/site-packages/airflow/example_dags/example_sla_dag.py took 0.084 seconds
[2024-05-26T09:20:10.844+0000] {processor.py:161} INFO - Started process (PID=44355) to work on /usr/local/python/3.10.13/lib/python3.10/site-packages/airflow/example_dags/example_sla_dag.py
[2024-05-26T09:20:10.845+0000] {processor.py:830} INFO - Processing file /usr/local/python/3.10.13/lib/python3.10/site-packages/airflow/example_dags/example_sla_dag.py for tasks to queue
[2024-05-26T09:20:10.846+0000] {logging_mixin.py:188} INFO - [2024-05-26T09:20:10.846+0000] {dagbag.py:545} INFO - Filling up the DagBag from /usr/local/python/3.10.13/lib/python3.10/site-packages/airflow/example_dags/example_sla_dag.py
[2024-05-26T09:20:10.853+0000] {processor.py:840} INFO - DAG(s) 'example_sla_dag' retrieved from /usr/local/python/3.10.13/lib/python3.10/site-packages/airflow/example_dags/example_sla_dag.py
[2024-05-26T09:20:10.863+0000] {logging_mixin.py:188} INFO - [2024-05-26T09:20:10.863+0000] {dag.py:3096} INFO - Sync 1 DAGs
[2024-05-26T09:20:10.880+0000] {logging_mixin.py:188} INFO - [2024-05-26T09:20:10.880+0000] {dag.py:3954} INFO - Setting next_dagrun for example_sla_dag to 2024-05-26 09:18:00+00:00, run_after=2024-05-26 09:20:00+00:00
[2024-05-26T09:20:10.917+0000] {processor.py:183} INFO - Processing /usr/local/python/3.10.13/lib/python3.10/site-packages/airflow/example_dags/example_sla_dag.py took 0.077 seconds
[2024-05-26T09:20:51.384+0000] {processor.py:161} INFO - Started process (PID=44638) to work on /usr/local/python/3.10.13/lib/python3.10/site-packages/airflow/example_dags/example_sla_dag.py
[2024-05-26T09:20:51.385+0000] {processor.py:830} INFO - Processing file /usr/local/python/3.10.13/lib/python3.10/site-packages/airflow/example_dags/example_sla_dag.py for tasks to queue
[2024-05-26T09:20:51.387+0000] {logging_mixin.py:188} INFO - [2024-05-26T09:20:51.387+0000] {dagbag.py:545} INFO - Filling up the DagBag from /usr/local/python/3.10.13/lib/python3.10/site-packages/airflow/example_dags/example_sla_dag.py
[2024-05-26T09:20:51.394+0000] {processor.py:840} INFO - DAG(s) 'example_sla_dag' retrieved from /usr/local/python/3.10.13/lib/python3.10/site-packages/airflow/example_dags/example_sla_dag.py
[2024-05-26T09:20:51.405+0000] {logging_mixin.py:188} INFO - [2024-05-26T09:20:51.405+0000] {dag.py:3096} INFO - Sync 1 DAGs
[2024-05-26T09:20:51.424+0000] {logging_mixin.py:188} INFO - [2024-05-26T09:20:51.423+0000] {dag.py:3954} INFO - Setting next_dagrun for example_sla_dag to 2024-05-26 09:18:00+00:00, run_after=2024-05-26 09:20:00+00:00
[2024-05-26T09:20:51.465+0000] {processor.py:183} INFO - Processing /usr/local/python/3.10.13/lib/python3.10/site-packages/airflow/example_dags/example_sla_dag.py took 0.088 seconds
[2024-05-26T09:21:34.227+0000] {processor.py:161} INFO - Started process (PID=44925) to work on /usr/local/python/3.10.13/lib/python3.10/site-packages/airflow/example_dags/example_sla_dag.py
[2024-05-26T09:21:34.228+0000] {processor.py:830} INFO - Processing file /usr/local/python/3.10.13/lib/python3.10/site-packages/airflow/example_dags/example_sla_dag.py for tasks to queue
[2024-05-26T09:21:34.230+0000] {logging_mixin.py:188} INFO - [2024-05-26T09:21:34.229+0000] {dagbag.py:545} INFO - Filling up the DagBag from /usr/local/python/3.10.13/lib/python3.10/site-packages/airflow/example_dags/example_sla_dag.py
[2024-05-26T09:21:34.237+0000] {processor.py:840} INFO - DAG(s) 'example_sla_dag' retrieved from /usr/local/python/3.10.13/lib/python3.10/site-packages/airflow/example_dags/example_sla_dag.py
[2024-05-26T09:21:34.248+0000] {logging_mixin.py:188} INFO - [2024-05-26T09:21:34.248+0000] {dag.py:3096} INFO - Sync 1 DAGs
[2024-05-26T09:21:34.266+0000] {logging_mixin.py:188} INFO - [2024-05-26T09:21:34.266+0000] {dag.py:3954} INFO - Setting next_dagrun for example_sla_dag to 2024-05-26 09:18:00+00:00, run_after=2024-05-26 09:20:00+00:00
[2024-05-26T09:21:34.303+0000] {processor.py:183} INFO - Processing /usr/local/python/3.10.13/lib/python3.10/site-packages/airflow/example_dags/example_sla_dag.py took 0.080 seconds
[2024-05-26T09:22:16.548+0000] {processor.py:161} INFO - Started process (PID=45217) to work on /usr/local/python/3.10.13/lib/python3.10/site-packages/airflow/example_dags/example_sla_dag.py
[2024-05-26T09:22:16.549+0000] {processor.py:830} INFO - Processing file /usr/local/python/3.10.13/lib/python3.10/site-packages/airflow/example_dags/example_sla_dag.py for tasks to queue
[2024-05-26T09:22:16.550+0000] {logging_mixin.py:188} INFO - [2024-05-26T09:22:16.550+0000] {dagbag.py:545} INFO - Filling up the DagBag from /usr/local/python/3.10.13/lib/python3.10/site-packages/airflow/example_dags/example_sla_dag.py
[2024-05-26T09:22:16.557+0000] {processor.py:840} INFO - DAG(s) 'example_sla_dag' retrieved from /usr/local/python/3.10.13/lib/python3.10/site-packages/airflow/example_dags/example_sla_dag.py
[2024-05-26T09:22:16.568+0000] {logging_mixin.py:188} INFO - [2024-05-26T09:22:16.568+0000] {dag.py:3096} INFO - Sync 1 DAGs
[2024-05-26T09:22:16.585+0000] {logging_mixin.py:188} INFO - [2024-05-26T09:22:16.585+0000] {dag.py:3954} INFO - Setting next_dagrun for example_sla_dag to 2024-05-26 09:20:00+00:00, run_after=2024-05-26 09:22:00+00:00
[2024-05-26T09:22:16.628+0000] {processor.py:183} INFO - Processing /usr/local/python/3.10.13/lib/python3.10/site-packages/airflow/example_dags/example_sla_dag.py took 0.084 seconds
[2024-05-26T09:22:54.418+0000] {processor.py:161} INFO - Started process (PID=45490) to work on /usr/local/python/3.10.13/lib/python3.10/site-packages/airflow/example_dags/example_sla_dag.py
[2024-05-26T09:22:54.418+0000] {processor.py:830} INFO - Processing file /usr/local/python/3.10.13/lib/python3.10/site-packages/airflow/example_dags/example_sla_dag.py for tasks to queue
[2024-05-26T09:22:54.419+0000] {logging_mixin.py:188} INFO - [2024-05-26T09:22:54.419+0000] {dagbag.py:545} INFO - Filling up the DagBag from /usr/local/python/3.10.13/lib/python3.10/site-packages/airflow/example_dags/example_sla_dag.py
[2024-05-26T09:22:54.426+0000] {processor.py:840} INFO - DAG(s) 'example_sla_dag' retrieved from /usr/local/python/3.10.13/lib/python3.10/site-packages/airflow/example_dags/example_sla_dag.py
[2024-05-26T09:22:54.438+0000] {logging_mixin.py:188} INFO - [2024-05-26T09:22:54.437+0000] {dag.py:3096} INFO - Sync 1 DAGs
[2024-05-26T09:22:54.455+0000] {logging_mixin.py:188} INFO - [2024-05-26T09:22:54.454+0000] {dag.py:3954} INFO - Setting next_dagrun for example_sla_dag to 2024-05-26 09:20:00+00:00, run_after=2024-05-26 09:22:00+00:00
[2024-05-26T09:22:54.492+0000] {processor.py:183} INFO - Processing /usr/local/python/3.10.13/lib/python3.10/site-packages/airflow/example_dags/example_sla_dag.py took 0.079 seconds
[2024-05-26T09:23:37.349+0000] {processor.py:161} INFO - Started process (PID=45777) to work on /usr/local/python/3.10.13/lib/python3.10/site-packages/airflow/example_dags/example_sla_dag.py
[2024-05-26T09:23:37.350+0000] {processor.py:830} INFO - Processing file /usr/local/python/3.10.13/lib/python3.10/site-packages/airflow/example_dags/example_sla_dag.py for tasks to queue
[2024-05-26T09:23:37.351+0000] {logging_mixin.py:188} INFO - [2024-05-26T09:23:37.351+0000] {dagbag.py:545} INFO - Filling up the DagBag from /usr/local/python/3.10.13/lib/python3.10/site-packages/airflow/example_dags/example_sla_dag.py
[2024-05-26T09:23:37.358+0000] {processor.py:840} INFO - DAG(s) 'example_sla_dag' retrieved from /usr/local/python/3.10.13/lib/python3.10/site-packages/airflow/example_dags/example_sla_dag.py
[2024-05-26T09:23:37.369+0000] {logging_mixin.py:188} INFO - [2024-05-26T09:23:37.369+0000] {dag.py:3096} INFO - Sync 1 DAGs
[2024-05-26T09:23:37.386+0000] {logging_mixin.py:188} INFO - [2024-05-26T09:23:37.386+0000] {dag.py:3954} INFO - Setting next_dagrun for example_sla_dag to 2024-05-26 09:20:00+00:00, run_after=2024-05-26 09:22:00+00:00
[2024-05-26T09:23:37.423+0000] {processor.py:183} INFO - Processing /usr/local/python/3.10.13/lib/python3.10/site-packages/airflow/example_dags/example_sla_dag.py took 0.078 seconds
[2024-05-26T09:24:19.886+0000] {processor.py:161} INFO - Started process (PID=46072) to work on /usr/local/python/3.10.13/lib/python3.10/site-packages/airflow/example_dags/example_sla_dag.py
[2024-05-26T09:24:19.886+0000] {processor.py:830} INFO - Processing file /usr/local/python/3.10.13/lib/python3.10/site-packages/airflow/example_dags/example_sla_dag.py for tasks to queue
[2024-05-26T09:24:19.888+0000] {logging_mixin.py:188} INFO - [2024-05-26T09:24:19.887+0000] {dagbag.py:545} INFO - Filling up the DagBag from /usr/local/python/3.10.13/lib/python3.10/site-packages/airflow/example_dags/example_sla_dag.py
[2024-05-26T09:24:19.895+0000] {processor.py:840} INFO - DAG(s) 'example_sla_dag' retrieved from /usr/local/python/3.10.13/lib/python3.10/site-packages/airflow/example_dags/example_sla_dag.py
[2024-05-26T09:24:19.906+0000] {logging_mixin.py:188} INFO - [2024-05-26T09:24:19.906+0000] {dag.py:3096} INFO - Sync 1 DAGs
[2024-05-26T09:24:19.924+0000] {logging_mixin.py:188} INFO - [2024-05-26T09:24:19.923+0000] {dag.py:3954} INFO - Setting next_dagrun for example_sla_dag to 2024-05-26 09:22:00+00:00, run_after=2024-05-26 09:24:00+00:00
[2024-05-26T09:24:19.962+0000] {processor.py:183} INFO - Processing /usr/local/python/3.10.13/lib/python3.10/site-packages/airflow/example_dags/example_sla_dag.py took 0.081 seconds
[2024-05-26T09:24:59.759+0000] {processor.py:161} INFO - Started process (PID=46353) to work on /usr/local/python/3.10.13/lib/python3.10/site-packages/airflow/example_dags/example_sla_dag.py
[2024-05-26T09:24:59.760+0000] {processor.py:830} INFO - Processing file /usr/local/python/3.10.13/lib/python3.10/site-packages/airflow/example_dags/example_sla_dag.py for tasks to queue
[2024-05-26T09:24:59.761+0000] {logging_mixin.py:188} INFO - [2024-05-26T09:24:59.761+0000] {dagbag.py:545} INFO - Filling up the DagBag from /usr/local/python/3.10.13/lib/python3.10/site-packages/airflow/example_dags/example_sla_dag.py
[2024-05-26T09:24:59.768+0000] {processor.py:840} INFO - DAG(s) 'example_sla_dag' retrieved from /usr/local/python/3.10.13/lib/python3.10/site-packages/airflow/example_dags/example_sla_dag.py
[2024-05-26T09:24:59.779+0000] {logging_mixin.py:188} INFO - [2024-05-26T09:24:59.778+0000] {dag.py:3096} INFO - Sync 1 DAGs
[2024-05-26T09:24:59.796+0000] {logging_mixin.py:188} INFO - [2024-05-26T09:24:59.796+0000] {dag.py:3954} INFO - Setting next_dagrun for example_sla_dag to 2024-05-26 09:22:00+00:00, run_after=2024-05-26 09:24:00+00:00
[2024-05-26T09:24:59.836+0000] {processor.py:183} INFO - Processing /usr/local/python/3.10.13/lib/python3.10/site-packages/airflow/example_dags/example_sla_dag.py took 0.082 seconds
[2024-05-26T09:25:41.384+0000] {processor.py:161} INFO - Started process (PID=46653) to work on /usr/local/python/3.10.13/lib/python3.10/site-packages/airflow/example_dags/example_sla_dag.py
[2024-05-26T09:25:41.385+0000] {processor.py:830} INFO - Processing file /usr/local/python/3.10.13/lib/python3.10/site-packages/airflow/example_dags/example_sla_dag.py for tasks to queue
[2024-05-26T09:25:41.386+0000] {logging_mixin.py:188} INFO - [2024-05-26T09:25:41.386+0000] {dagbag.py:545} INFO - Filling up the DagBag from /usr/local/python/3.10.13/lib/python3.10/site-packages/airflow/example_dags/example_sla_dag.py
[2024-05-26T09:25:41.393+0000] {processor.py:840} INFO - DAG(s) 'example_sla_dag' retrieved from /usr/local/python/3.10.13/lib/python3.10/site-packages/airflow/example_dags/example_sla_dag.py
[2024-05-26T09:25:41.408+0000] {logging_mixin.py:188} INFO - [2024-05-26T09:25:41.408+0000] {dag.py:3096} INFO - Sync 1 DAGs
[2024-05-26T09:25:41.430+0000] {logging_mixin.py:188} INFO - [2024-05-26T09:25:41.430+0000] {dag.py:3954} INFO - Setting next_dagrun for example_sla_dag to 2024-05-26 09:22:00+00:00, run_after=2024-05-26 09:24:00+00:00
[2024-05-26T09:25:41.467+0000] {processor.py:183} INFO - Processing /usr/local/python/3.10.13/lib/python3.10/site-packages/airflow/example_dags/example_sla_dag.py took 0.088 seconds
[2024-05-26T09:26:22.392+0000] {processor.py:161} INFO - Started process (PID=46961) to work on /usr/local/python/3.10.13/lib/python3.10/site-packages/airflow/example_dags/example_sla_dag.py
[2024-05-26T09:26:22.392+0000] {processor.py:830} INFO - Processing file /usr/local/python/3.10.13/lib/python3.10/site-packages/airflow/example_dags/example_sla_dag.py for tasks to queue
[2024-05-26T09:26:22.394+0000] {logging_mixin.py:188} INFO - [2024-05-26T09:26:22.393+0000] {dagbag.py:545} INFO - Filling up the DagBag from /usr/local/python/3.10.13/lib/python3.10/site-packages/airflow/example_dags/example_sla_dag.py
[2024-05-26T09:26:22.401+0000] {processor.py:840} INFO - DAG(s) 'example_sla_dag' retrieved from /usr/local/python/3.10.13/lib/python3.10/site-packages/airflow/example_dags/example_sla_dag.py
[2024-05-26T09:26:22.412+0000] {logging_mixin.py:188} INFO - [2024-05-26T09:26:22.412+0000] {dag.py:3096} INFO - Sync 1 DAGs
[2024-05-26T09:26:22.430+0000] {logging_mixin.py:188} INFO - [2024-05-26T09:26:22.429+0000] {dag.py:3954} INFO - Setting next_dagrun for example_sla_dag to 2024-05-26 09:24:00+00:00, run_after=2024-05-26 09:26:00+00:00
[2024-05-26T09:26:22.472+0000] {processor.py:183} INFO - Processing /usr/local/python/3.10.13/lib/python3.10/site-packages/airflow/example_dags/example_sla_dag.py took 0.085 seconds
[2024-05-26T09:27:04.199+0000] {processor.py:161} INFO - Started process (PID=47260) to work on /usr/local/python/3.10.13/lib/python3.10/site-packages/airflow/example_dags/example_sla_dag.py
[2024-05-26T09:27:04.200+0000] {processor.py:830} INFO - Processing file /usr/local/python/3.10.13/lib/python3.10/site-packages/airflow/example_dags/example_sla_dag.py for tasks to queue
[2024-05-26T09:27:04.201+0000] {logging_mixin.py:188} INFO - [2024-05-26T09:27:04.201+0000] {dagbag.py:545} INFO - Filling up the DagBag from /usr/local/python/3.10.13/lib/python3.10/site-packages/airflow/example_dags/example_sla_dag.py
[2024-05-26T09:27:04.208+0000] {processor.py:840} INFO - DAG(s) 'example_sla_dag' retrieved from /usr/local/python/3.10.13/lib/python3.10/site-packages/airflow/example_dags/example_sla_dag.py
[2024-05-26T09:27:04.219+0000] {logging_mixin.py:188} INFO - [2024-05-26T09:27:04.219+0000] {dag.py:3096} INFO - Sync 1 DAGs
[2024-05-26T09:27:04.236+0000] {logging_mixin.py:188} INFO - [2024-05-26T09:27:04.236+0000] {dag.py:3954} INFO - Setting next_dagrun for example_sla_dag to 2024-05-26 09:24:00+00:00, run_after=2024-05-26 09:26:00+00:00
[2024-05-26T09:27:04.271+0000] {processor.py:183} INFO - Processing /usr/local/python/3.10.13/lib/python3.10/site-packages/airflow/example_dags/example_sla_dag.py took 0.078 seconds
[2024-05-26T09:27:44.372+0000] {processor.py:161} INFO - Started process (PID=47547) to work on /usr/local/python/3.10.13/lib/python3.10/site-packages/airflow/example_dags/example_sla_dag.py
[2024-05-26T09:27:44.372+0000] {processor.py:830} INFO - Processing file /usr/local/python/3.10.13/lib/python3.10/site-packages/airflow/example_dags/example_sla_dag.py for tasks to queue
[2024-05-26T09:27:44.373+0000] {logging_mixin.py:188} INFO - [2024-05-26T09:27:44.373+0000] {dagbag.py:545} INFO - Filling up the DagBag from /usr/local/python/3.10.13/lib/python3.10/site-packages/airflow/example_dags/example_sla_dag.py
[2024-05-26T09:27:44.380+0000] {processor.py:840} INFO - DAG(s) 'example_sla_dag' retrieved from /usr/local/python/3.10.13/lib/python3.10/site-packages/airflow/example_dags/example_sla_dag.py
[2024-05-26T09:27:44.391+0000] {logging_mixin.py:188} INFO - [2024-05-26T09:27:44.391+0000] {dag.py:3096} INFO - Sync 1 DAGs
[2024-05-26T09:27:44.410+0000] {logging_mixin.py:188} INFO - [2024-05-26T09:27:44.410+0000] {dag.py:3954} INFO - Setting next_dagrun for example_sla_dag to 2024-05-26 09:24:00+00:00, run_after=2024-05-26 09:26:00+00:00
[2024-05-26T09:27:44.447+0000] {processor.py:183} INFO - Processing /usr/local/python/3.10.13/lib/python3.10/site-packages/airflow/example_dags/example_sla_dag.py took 0.079 seconds
[2024-05-26T09:28:26.067+0000] {processor.py:161} INFO - Started process (PID=47829) to work on /usr/local/python/3.10.13/lib/python3.10/site-packages/airflow/example_dags/example_sla_dag.py
[2024-05-26T09:28:26.068+0000] {processor.py:830} INFO - Processing file /usr/local/python/3.10.13/lib/python3.10/site-packages/airflow/example_dags/example_sla_dag.py for tasks to queue
[2024-05-26T09:28:26.070+0000] {logging_mixin.py:188} INFO - [2024-05-26T09:28:26.069+0000] {dagbag.py:545} INFO - Filling up the DagBag from /usr/local/python/3.10.13/lib/python3.10/site-packages/airflow/example_dags/example_sla_dag.py
[2024-05-26T09:28:26.079+0000] {processor.py:840} INFO - DAG(s) 'example_sla_dag' retrieved from /usr/local/python/3.10.13/lib/python3.10/site-packages/airflow/example_dags/example_sla_dag.py
[2024-05-26T09:28:26.095+0000] {logging_mixin.py:188} INFO - [2024-05-26T09:28:26.095+0000] {dag.py:3096} INFO - Sync 1 DAGs
[2024-05-26T09:28:26.120+0000] {logging_mixin.py:188} INFO - [2024-05-26T09:28:26.120+0000] {dag.py:3954} INFO - Setting next_dagrun for example_sla_dag to 2024-05-26 09:26:00+00:00, run_after=2024-05-26 09:28:00+00:00
[2024-05-26T09:28:26.164+0000] {processor.py:183} INFO - Processing /usr/local/python/3.10.13/lib/python3.10/site-packages/airflow/example_dags/example_sla_dag.py took 0.104 seconds
[2024-05-26T09:29:07.146+0000] {processor.py:161} INFO - Started process (PID=48134) to work on /usr/local/python/3.10.13/lib/python3.10/site-packages/airflow/example_dags/example_sla_dag.py
[2024-05-26T09:29:07.147+0000] {processor.py:830} INFO - Processing file /usr/local/python/3.10.13/lib/python3.10/site-packages/airflow/example_dags/example_sla_dag.py for tasks to queue
[2024-05-26T09:29:07.149+0000] {logging_mixin.py:188} INFO - [2024-05-26T09:29:07.148+0000] {dagbag.py:545} INFO - Filling up the DagBag from /usr/local/python/3.10.13/lib/python3.10/site-packages/airflow/example_dags/example_sla_dag.py
[2024-05-26T09:29:07.156+0000] {processor.py:840} INFO - DAG(s) 'example_sla_dag' retrieved from /usr/local/python/3.10.13/lib/python3.10/site-packages/airflow/example_dags/example_sla_dag.py
[2024-05-26T09:29:07.169+0000] {logging_mixin.py:188} INFO - [2024-05-26T09:29:07.169+0000] {dag.py:3096} INFO - Sync 1 DAGs
[2024-05-26T09:29:07.187+0000] {logging_mixin.py:188} INFO - [2024-05-26T09:29:07.186+0000] {dag.py:3954} INFO - Setting next_dagrun for example_sla_dag to 2024-05-26 09:26:00+00:00, run_after=2024-05-26 09:28:00+00:00
[2024-05-26T09:29:07.222+0000] {processor.py:183} INFO - Processing /usr/local/python/3.10.13/lib/python3.10/site-packages/airflow/example_dags/example_sla_dag.py took 0.081 seconds
[2024-05-26T09:29:49.519+0000] {processor.py:161} INFO - Started process (PID=48427) to work on /usr/local/python/3.10.13/lib/python3.10/site-packages/airflow/example_dags/example_sla_dag.py
[2024-05-26T09:29:49.520+0000] {processor.py:830} INFO - Processing file /usr/local/python/3.10.13/lib/python3.10/site-packages/airflow/example_dags/example_sla_dag.py for tasks to queue
[2024-05-26T09:29:49.521+0000] {logging_mixin.py:188} INFO - [2024-05-26T09:29:49.521+0000] {dagbag.py:545} INFO - Filling up the DagBag from /usr/local/python/3.10.13/lib/python3.10/site-packages/airflow/example_dags/example_sla_dag.py
[2024-05-26T09:29:49.528+0000] {processor.py:840} INFO - DAG(s) 'example_sla_dag' retrieved from /usr/local/python/3.10.13/lib/python3.10/site-packages/airflow/example_dags/example_sla_dag.py
[2024-05-26T09:29:49.539+0000] {logging_mixin.py:188} INFO - [2024-05-26T09:29:49.539+0000] {dag.py:3096} INFO - Sync 1 DAGs
[2024-05-26T09:29:49.557+0000] {logging_mixin.py:188} INFO - [2024-05-26T09:29:49.557+0000] {dag.py:3954} INFO - Setting next_dagrun for example_sla_dag to 2024-05-26 09:26:00+00:00, run_after=2024-05-26 09:28:00+00:00
[2024-05-26T09:29:49.596+0000] {processor.py:183} INFO - Processing /usr/local/python/3.10.13/lib/python3.10/site-packages/airflow/example_dags/example_sla_dag.py took 0.081 seconds
[2024-05-26T09:30:29.732+0000] {processor.py:161} INFO - Started process (PID=48702) to work on /usr/local/python/3.10.13/lib/python3.10/site-packages/airflow/example_dags/example_sla_dag.py
[2024-05-26T09:30:29.733+0000] {processor.py:830} INFO - Processing file /usr/local/python/3.10.13/lib/python3.10/site-packages/airflow/example_dags/example_sla_dag.py for tasks to queue
[2024-05-26T09:30:29.734+0000] {logging_mixin.py:188} INFO - [2024-05-26T09:30:29.734+0000] {dagbag.py:545} INFO - Filling up the DagBag from /usr/local/python/3.10.13/lib/python3.10/site-packages/airflow/example_dags/example_sla_dag.py
[2024-05-26T09:30:29.744+0000] {processor.py:840} INFO - DAG(s) 'example_sla_dag' retrieved from /usr/local/python/3.10.13/lib/python3.10/site-packages/airflow/example_dags/example_sla_dag.py
[2024-05-26T09:30:29.760+0000] {logging_mixin.py:188} INFO - [2024-05-26T09:30:29.760+0000] {dag.py:3096} INFO - Sync 1 DAGs
[2024-05-26T09:30:29.785+0000] {logging_mixin.py:188} INFO - [2024-05-26T09:30:29.785+0000] {dag.py:3954} INFO - Setting next_dagrun for example_sla_dag to 2024-05-26 09:28:00+00:00, run_after=2024-05-26 09:30:00+00:00
[2024-05-26T09:30:29.822+0000] {processor.py:183} INFO - Processing /usr/local/python/3.10.13/lib/python3.10/site-packages/airflow/example_dags/example_sla_dag.py took 0.102 seconds
[2024-05-26T09:31:25.228+0000] {processor.py:161} INFO - Started process (PID=49077) to work on /usr/local/python/3.10.13/lib/python3.10/site-packages/airflow/example_dags/example_sla_dag.py
[2024-05-26T09:31:25.229+0000] {processor.py:830} INFO - Processing file /usr/local/python/3.10.13/lib/python3.10/site-packages/airflow/example_dags/example_sla_dag.py for tasks to queue
[2024-05-26T09:31:25.230+0000] {logging_mixin.py:188} INFO - [2024-05-26T09:31:25.230+0000] {dagbag.py:545} INFO - Filling up the DagBag from /usr/local/python/3.10.13/lib/python3.10/site-packages/airflow/example_dags/example_sla_dag.py
[2024-05-26T09:31:25.237+0000] {processor.py:840} INFO - DAG(s) 'example_sla_dag' retrieved from /usr/local/python/3.10.13/lib/python3.10/site-packages/airflow/example_dags/example_sla_dag.py
[2024-05-26T09:31:25.248+0000] {logging_mixin.py:188} INFO - [2024-05-26T09:31:25.248+0000] {dag.py:3096} INFO - Sync 1 DAGs
[2024-05-26T09:31:25.267+0000] {logging_mixin.py:188} INFO - [2024-05-26T09:31:25.267+0000] {dag.py:3954} INFO - Setting next_dagrun for example_sla_dag to 2024-05-26 09:28:00+00:00, run_after=2024-05-26 09:30:00+00:00
[2024-05-26T09:31:25.306+0000] {processor.py:183} INFO - Processing /usr/local/python/3.10.13/lib/python3.10/site-packages/airflow/example_dags/example_sla_dag.py took 0.082 seconds
[2024-05-26T09:32:10.818+0000] {processor.py:161} INFO - Started process (PID=49414) to work on /usr/local/python/3.10.13/lib/python3.10/site-packages/airflow/example_dags/example_sla_dag.py
[2024-05-26T09:32:10.818+0000] {processor.py:830} INFO - Processing file /usr/local/python/3.10.13/lib/python3.10/site-packages/airflow/example_dags/example_sla_dag.py for tasks to queue
[2024-05-26T09:32:10.820+0000] {logging_mixin.py:188} INFO - [2024-05-26T09:32:10.819+0000] {dagbag.py:545} INFO - Filling up the DagBag from /usr/local/python/3.10.13/lib/python3.10/site-packages/airflow/example_dags/example_sla_dag.py
[2024-05-26T09:32:10.827+0000] {processor.py:840} INFO - DAG(s) 'example_sla_dag' retrieved from /usr/local/python/3.10.13/lib/python3.10/site-packages/airflow/example_dags/example_sla_dag.py
[2024-05-26T09:32:10.838+0000] {logging_mixin.py:188} INFO - [2024-05-26T09:32:10.838+0000] {dag.py:3096} INFO - Sync 1 DAGs
[2024-05-26T09:32:10.855+0000] {logging_mixin.py:188} INFO - [2024-05-26T09:32:10.854+0000] {dag.py:3954} INFO - Setting next_dagrun for example_sla_dag to 2024-05-26 09:30:00+00:00, run_after=2024-05-26 09:32:00+00:00
[2024-05-26T09:32:10.891+0000] {processor.py:183} INFO - Processing /usr/local/python/3.10.13/lib/python3.10/site-packages/airflow/example_dags/example_sla_dag.py took 0.078 seconds
[2024-05-26T09:32:52.041+0000] {processor.py:161} INFO - Started process (PID=49697) to work on /usr/local/python/3.10.13/lib/python3.10/site-packages/airflow/example_dags/example_sla_dag.py
[2024-05-26T09:32:52.042+0000] {processor.py:830} INFO - Processing file /usr/local/python/3.10.13/lib/python3.10/site-packages/airflow/example_dags/example_sla_dag.py for tasks to queue
[2024-05-26T09:32:52.043+0000] {logging_mixin.py:188} INFO - [2024-05-26T09:32:52.043+0000] {dagbag.py:545} INFO - Filling up the DagBag from /usr/local/python/3.10.13/lib/python3.10/site-packages/airflow/example_dags/example_sla_dag.py
[2024-05-26T09:32:52.050+0000] {processor.py:840} INFO - DAG(s) 'example_sla_dag' retrieved from /usr/local/python/3.10.13/lib/python3.10/site-packages/airflow/example_dags/example_sla_dag.py
[2024-05-26T09:32:52.061+0000] {logging_mixin.py:188} INFO - [2024-05-26T09:32:52.061+0000] {dag.py:3096} INFO - Sync 1 DAGs
[2024-05-26T09:32:52.079+0000] {logging_mixin.py:188} INFO - [2024-05-26T09:32:52.079+0000] {dag.py:3954} INFO - Setting next_dagrun for example_sla_dag to 2024-05-26 09:30:00+00:00, run_after=2024-05-26 09:32:00+00:00
[2024-05-26T09:32:52.118+0000] {processor.py:183} INFO - Processing /usr/local/python/3.10.13/lib/python3.10/site-packages/airflow/example_dags/example_sla_dag.py took 0.082 seconds
[2024-05-26T09:33:30.368+0000] {processor.py:161} INFO - Started process (PID=49963) to work on /usr/local/python/3.10.13/lib/python3.10/site-packages/airflow/example_dags/example_sla_dag.py
[2024-05-26T09:33:30.368+0000] {processor.py:830} INFO - Processing file /usr/local/python/3.10.13/lib/python3.10/site-packages/airflow/example_dags/example_sla_dag.py for tasks to queue
[2024-05-26T09:33:30.370+0000] {logging_mixin.py:188} INFO - [2024-05-26T09:33:30.369+0000] {dagbag.py:545} INFO - Filling up the DagBag from /usr/local/python/3.10.13/lib/python3.10/site-packages/airflow/example_dags/example_sla_dag.py
[2024-05-26T09:33:30.376+0000] {processor.py:840} INFO - DAG(s) 'example_sla_dag' retrieved from /usr/local/python/3.10.13/lib/python3.10/site-packages/airflow/example_dags/example_sla_dag.py
[2024-05-26T09:33:30.387+0000] {logging_mixin.py:188} INFO - [2024-05-26T09:33:30.387+0000] {dag.py:3096} INFO - Sync 1 DAGs
[2024-05-26T09:33:30.406+0000] {logging_mixin.py:188} INFO - [2024-05-26T09:33:30.406+0000] {dag.py:3954} INFO - Setting next_dagrun for example_sla_dag to 2024-05-26 09:30:00+00:00, run_after=2024-05-26 09:32:00+00:00
[2024-05-26T09:33:30.442+0000] {processor.py:183} INFO - Processing /usr/local/python/3.10.13/lib/python3.10/site-packages/airflow/example_dags/example_sla_dag.py took 0.079 seconds
[2024-05-26T09:34:11.528+0000] {processor.py:161} INFO - Started process (PID=50249) to work on /usr/local/python/3.10.13/lib/python3.10/site-packages/airflow/example_dags/example_sla_dag.py
[2024-05-26T09:34:11.528+0000] {processor.py:830} INFO - Processing file /usr/local/python/3.10.13/lib/python3.10/site-packages/airflow/example_dags/example_sla_dag.py for tasks to queue
[2024-05-26T09:34:11.530+0000] {logging_mixin.py:188} INFO - [2024-05-26T09:34:11.529+0000] {dagbag.py:545} INFO - Filling up the DagBag from /usr/local/python/3.10.13/lib/python3.10/site-packages/airflow/example_dags/example_sla_dag.py
[2024-05-26T09:34:11.536+0000] {processor.py:840} INFO - DAG(s) 'example_sla_dag' retrieved from /usr/local/python/3.10.13/lib/python3.10/site-packages/airflow/example_dags/example_sla_dag.py
[2024-05-26T09:34:11.547+0000] {logging_mixin.py:188} INFO - [2024-05-26T09:34:11.547+0000] {dag.py:3096} INFO - Sync 1 DAGs
[2024-05-26T09:34:11.565+0000] {logging_mixin.py:188} INFO - [2024-05-26T09:34:11.565+0000] {dag.py:3954} INFO - Setting next_dagrun for example_sla_dag to 2024-05-26 09:32:00+00:00, run_after=2024-05-26 09:34:00+00:00
[2024-05-26T09:34:11.601+0000] {processor.py:183} INFO - Processing /usr/local/python/3.10.13/lib/python3.10/site-packages/airflow/example_dags/example_sla_dag.py took 0.079 seconds
[2024-05-26T09:34:51.566+0000] {processor.py:161} INFO - Started process (PID=50532) to work on /usr/local/python/3.10.13/lib/python3.10/site-packages/airflow/example_dags/example_sla_dag.py
[2024-05-26T09:34:51.567+0000] {processor.py:830} INFO - Processing file /usr/local/python/3.10.13/lib/python3.10/site-packages/airflow/example_dags/example_sla_dag.py for tasks to queue
[2024-05-26T09:34:51.568+0000] {logging_mixin.py:188} INFO - [2024-05-26T09:34:51.568+0000] {dagbag.py:545} INFO - Filling up the DagBag from /usr/local/python/3.10.13/lib/python3.10/site-packages/airflow/example_dags/example_sla_dag.py
[2024-05-26T09:34:51.575+0000] {processor.py:840} INFO - DAG(s) 'example_sla_dag' retrieved from /usr/local/python/3.10.13/lib/python3.10/site-packages/airflow/example_dags/example_sla_dag.py
[2024-05-26T09:34:51.586+0000] {logging_mixin.py:188} INFO - [2024-05-26T09:34:51.586+0000] {dag.py:3096} INFO - Sync 1 DAGs
[2024-05-26T09:34:51.605+0000] {logging_mixin.py:188} INFO - [2024-05-26T09:34:51.605+0000] {dag.py:3954} INFO - Setting next_dagrun for example_sla_dag to 2024-05-26 09:32:00+00:00, run_after=2024-05-26 09:34:00+00:00
[2024-05-26T09:34:51.642+0000] {processor.py:183} INFO - Processing /usr/local/python/3.10.13/lib/python3.10/site-packages/airflow/example_dags/example_sla_dag.py took 0.080 seconds
[2024-05-26T09:35:30.073+0000] {processor.py:161} INFO - Started process (PID=50811) to work on /usr/local/python/3.10.13/lib/python3.10/site-packages/airflow/example_dags/example_sla_dag.py
[2024-05-26T09:35:30.074+0000] {processor.py:830} INFO - Processing file /usr/local/python/3.10.13/lib/python3.10/site-packages/airflow/example_dags/example_sla_dag.py for tasks to queue
[2024-05-26T09:35:30.075+0000] {logging_mixin.py:188} INFO - [2024-05-26T09:35:30.075+0000] {dagbag.py:545} INFO - Filling up the DagBag from /usr/local/python/3.10.13/lib/python3.10/site-packages/airflow/example_dags/example_sla_dag.py
[2024-05-26T09:35:30.082+0000] {processor.py:840} INFO - DAG(s) 'example_sla_dag' retrieved from /usr/local/python/3.10.13/lib/python3.10/site-packages/airflow/example_dags/example_sla_dag.py
[2024-05-26T09:35:30.093+0000] {logging_mixin.py:188} INFO - [2024-05-26T09:35:30.092+0000] {dag.py:3096} INFO - Sync 1 DAGs
[2024-05-26T09:35:30.111+0000] {logging_mixin.py:188} INFO - [2024-05-26T09:35:30.111+0000] {dag.py:3954} INFO - Setting next_dagrun for example_sla_dag to 2024-05-26 09:32:00+00:00, run_after=2024-05-26 09:34:00+00:00
[2024-05-26T09:35:30.147+0000] {processor.py:183} INFO - Processing /usr/local/python/3.10.13/lib/python3.10/site-packages/airflow/example_dags/example_sla_dag.py took 0.079 seconds
[2024-05-26T09:36:10.220+0000] {processor.py:161} INFO - Started process (PID=51089) to work on /usr/local/python/3.10.13/lib/python3.10/site-packages/airflow/example_dags/example_sla_dag.py
[2024-05-26T09:36:10.220+0000] {processor.py:830} INFO - Processing file /usr/local/python/3.10.13/lib/python3.10/site-packages/airflow/example_dags/example_sla_dag.py for tasks to queue
[2024-05-26T09:36:10.222+0000] {logging_mixin.py:188} INFO - [2024-05-26T09:36:10.221+0000] {dagbag.py:545} INFO - Filling up the DagBag from /usr/local/python/3.10.13/lib/python3.10/site-packages/airflow/example_dags/example_sla_dag.py
[2024-05-26T09:36:10.228+0000] {processor.py:840} INFO - DAG(s) 'example_sla_dag' retrieved from /usr/local/python/3.10.13/lib/python3.10/site-packages/airflow/example_dags/example_sla_dag.py
[2024-05-26T09:36:10.239+0000] {logging_mixin.py:188} INFO - [2024-05-26T09:36:10.239+0000] {dag.py:3096} INFO - Sync 1 DAGs
[2024-05-26T09:36:10.256+0000] {logging_mixin.py:188} INFO - [2024-05-26T09:36:10.256+0000] {dag.py:3954} INFO - Setting next_dagrun for example_sla_dag to 2024-05-26 09:34:00+00:00, run_after=2024-05-26 09:36:00+00:00
[2024-05-26T09:36:10.291+0000] {processor.py:183} INFO - Processing /usr/local/python/3.10.13/lib/python3.10/site-packages/airflow/example_dags/example_sla_dag.py took 0.076 seconds
[2024-05-26T09:36:51.610+0000] {processor.py:161} INFO - Started process (PID=51376) to work on /usr/local/python/3.10.13/lib/python3.10/site-packages/airflow/example_dags/example_sla_dag.py
[2024-05-26T09:36:51.611+0000] {processor.py:830} INFO - Processing file /usr/local/python/3.10.13/lib/python3.10/site-packages/airflow/example_dags/example_sla_dag.py for tasks to queue
[2024-05-26T09:36:51.612+0000] {logging_mixin.py:188} INFO - [2024-05-26T09:36:51.612+0000] {dagbag.py:545} INFO - Filling up the DagBag from /usr/local/python/3.10.13/lib/python3.10/site-packages/airflow/example_dags/example_sla_dag.py
[2024-05-26T09:36:51.619+0000] {processor.py:840} INFO - DAG(s) 'example_sla_dag' retrieved from /usr/local/python/3.10.13/lib/python3.10/site-packages/airflow/example_dags/example_sla_dag.py
[2024-05-26T09:36:51.630+0000] {logging_mixin.py:188} INFO - [2024-05-26T09:36:51.630+0000] {dag.py:3096} INFO - Sync 1 DAGs
[2024-05-26T09:36:51.647+0000] {logging_mixin.py:188} INFO - [2024-05-26T09:36:51.647+0000] {dag.py:3954} INFO - Setting next_dagrun for example_sla_dag to 2024-05-26 09:34:00+00:00, run_after=2024-05-26 09:36:00+00:00
[2024-05-26T09:36:51.683+0000] {processor.py:183} INFO - Processing /usr/local/python/3.10.13/lib/python3.10/site-packages/airflow/example_dags/example_sla_dag.py took 0.078 seconds
[2024-05-26T09:37:35.747+0000] {processor.py:161} INFO - Started process (PID=51694) to work on /usr/local/python/3.10.13/lib/python3.10/site-packages/airflow/example_dags/example_sla_dag.py
[2024-05-26T09:37:35.748+0000] {processor.py:830} INFO - Processing file /usr/local/python/3.10.13/lib/python3.10/site-packages/airflow/example_dags/example_sla_dag.py for tasks to queue
[2024-05-26T09:37:35.753+0000] {logging_mixin.py:188} INFO - [2024-05-26T09:37:35.753+0000] {dagbag.py:545} INFO - Filling up the DagBag from /usr/local/python/3.10.13/lib/python3.10/site-packages/airflow/example_dags/example_sla_dag.py
[2024-05-26T09:37:35.764+0000] {processor.py:840} INFO - DAG(s) 'example_sla_dag' retrieved from /usr/local/python/3.10.13/lib/python3.10/site-packages/airflow/example_dags/example_sla_dag.py
[2024-05-26T09:37:35.781+0000] {logging_mixin.py:188} INFO - [2024-05-26T09:37:35.780+0000] {dag.py:3096} INFO - Sync 1 DAGs
[2024-05-26T09:37:35.802+0000] {logging_mixin.py:188} INFO - [2024-05-26T09:37:35.802+0000] {dag.py:3954} INFO - Setting next_dagrun for example_sla_dag to 2024-05-26 09:34:00+00:00, run_after=2024-05-26 09:36:00+00:00
[2024-05-26T09:37:35.838+0000] {processor.py:183} INFO - Processing /usr/local/python/3.10.13/lib/python3.10/site-packages/airflow/example_dags/example_sla_dag.py took 0.099 seconds
[2024-05-26T09:38:16.941+0000] {processor.py:161} INFO - Started process (PID=51978) to work on /usr/local/python/3.10.13/lib/python3.10/site-packages/airflow/example_dags/example_sla_dag.py
[2024-05-26T09:38:16.942+0000] {processor.py:830} INFO - Processing file /usr/local/python/3.10.13/lib/python3.10/site-packages/airflow/example_dags/example_sla_dag.py for tasks to queue
[2024-05-26T09:38:16.943+0000] {logging_mixin.py:188} INFO - [2024-05-26T09:38:16.943+0000] {dagbag.py:545} INFO - Filling up the DagBag from /usr/local/python/3.10.13/lib/python3.10/site-packages/airflow/example_dags/example_sla_dag.py
[2024-05-26T09:38:16.950+0000] {processor.py:840} INFO - DAG(s) 'example_sla_dag' retrieved from /usr/local/python/3.10.13/lib/python3.10/site-packages/airflow/example_dags/example_sla_dag.py
[2024-05-26T09:38:16.962+0000] {logging_mixin.py:188} INFO - [2024-05-26T09:38:16.962+0000] {dag.py:3096} INFO - Sync 1 DAGs
[2024-05-26T09:38:16.980+0000] {logging_mixin.py:188} INFO - [2024-05-26T09:38:16.980+0000] {dag.py:3954} INFO - Setting next_dagrun for example_sla_dag to 2024-05-26 09:36:00+00:00, run_after=2024-05-26 09:38:00+00:00
[2024-05-26T09:38:17.022+0000] {processor.py:183} INFO - Processing /usr/local/python/3.10.13/lib/python3.10/site-packages/airflow/example_dags/example_sla_dag.py took 0.085 seconds
[2024-05-26T09:38:52.955+0000] {processor.py:161} INFO - Started process (PID=52218) to work on /usr/local/python/3.10.13/lib/python3.10/site-packages/airflow/example_dags/example_sla_dag.py
[2024-05-26T09:38:52.956+0000] {processor.py:830} INFO - Processing file /usr/local/python/3.10.13/lib/python3.10/site-packages/airflow/example_dags/example_sla_dag.py for tasks to queue
[2024-05-26T09:38:52.957+0000] {logging_mixin.py:188} INFO - [2024-05-26T09:38:52.957+0000] {dagbag.py:545} INFO - Filling up the DagBag from /usr/local/python/3.10.13/lib/python3.10/site-packages/airflow/example_dags/example_sla_dag.py
[2024-05-26T09:38:52.966+0000] {processor.py:840} INFO - DAG(s) 'example_sla_dag' retrieved from /usr/local/python/3.10.13/lib/python3.10/site-packages/airflow/example_dags/example_sla_dag.py
[2024-05-26T09:38:52.983+0000] {logging_mixin.py:188} INFO - [2024-05-26T09:38:52.982+0000] {dag.py:3096} INFO - Sync 1 DAGs
[2024-05-26T09:38:53.013+0000] {logging_mixin.py:188} INFO - [2024-05-26T09:38:53.012+0000] {dag.py:3954} INFO - Setting next_dagrun for example_sla_dag to 2024-05-26 09:36:00+00:00, run_after=2024-05-26 09:38:00+00:00
[2024-05-26T09:38:53.054+0000] {processor.py:183} INFO - Processing /usr/local/python/3.10.13/lib/python3.10/site-packages/airflow/example_dags/example_sla_dag.py took 0.104 seconds
[2024-05-26T09:39:33.744+0000] {processor.py:161} INFO - Started process (PID=52500) to work on /usr/local/python/3.10.13/lib/python3.10/site-packages/airflow/example_dags/example_sla_dag.py
[2024-05-26T09:39:33.745+0000] {processor.py:830} INFO - Processing file /usr/local/python/3.10.13/lib/python3.10/site-packages/airflow/example_dags/example_sla_dag.py for tasks to queue
[2024-05-26T09:39:33.746+0000] {logging_mixin.py:188} INFO - [2024-05-26T09:39:33.746+0000] {dagbag.py:545} INFO - Filling up the DagBag from /usr/local/python/3.10.13/lib/python3.10/site-packages/airflow/example_dags/example_sla_dag.py
[2024-05-26T09:39:33.753+0000] {processor.py:840} INFO - DAG(s) 'example_sla_dag' retrieved from /usr/local/python/3.10.13/lib/python3.10/site-packages/airflow/example_dags/example_sla_dag.py
[2024-05-26T09:39:33.764+0000] {logging_mixin.py:188} INFO - [2024-05-26T09:39:33.763+0000] {dag.py:3096} INFO - Sync 1 DAGs
[2024-05-26T09:39:33.781+0000] {logging_mixin.py:188} INFO - [2024-05-26T09:39:33.781+0000] {dag.py:3954} INFO - Setting next_dagrun for example_sla_dag to 2024-05-26 09:36:00+00:00, run_after=2024-05-26 09:38:00+00:00
[2024-05-26T09:39:33.817+0000] {processor.py:183} INFO - Processing /usr/local/python/3.10.13/lib/python3.10/site-packages/airflow/example_dags/example_sla_dag.py took 0.078 seconds
[2024-05-26T09:40:17.832+0000] {processor.py:161} INFO - Started process (PID=52810) to work on /usr/local/python/3.10.13/lib/python3.10/site-packages/airflow/example_dags/example_sla_dag.py
[2024-05-26T09:40:17.833+0000] {processor.py:830} INFO - Processing file /usr/local/python/3.10.13/lib/python3.10/site-packages/airflow/example_dags/example_sla_dag.py for tasks to queue
[2024-05-26T09:40:17.834+0000] {logging_mixin.py:188} INFO - [2024-05-26T09:40:17.834+0000] {dagbag.py:545} INFO - Filling up the DagBag from /usr/local/python/3.10.13/lib/python3.10/site-packages/airflow/example_dags/example_sla_dag.py
[2024-05-26T09:40:17.843+0000] {processor.py:840} INFO - DAG(s) 'example_sla_dag' retrieved from /usr/local/python/3.10.13/lib/python3.10/site-packages/airflow/example_dags/example_sla_dag.py
[2024-05-26T09:40:17.860+0000] {logging_mixin.py:188} INFO - [2024-05-26T09:40:17.859+0000] {dag.py:3096} INFO - Sync 1 DAGs
[2024-05-26T09:40:17.884+0000] {logging_mixin.py:188} INFO - [2024-05-26T09:40:17.884+0000] {dag.py:3954} INFO - Setting next_dagrun for example_sla_dag to 2024-05-26 09:38:00+00:00, run_after=2024-05-26 09:40:00+00:00
[2024-05-26T09:40:17.921+0000] {processor.py:183} INFO - Processing /usr/local/python/3.10.13/lib/python3.10/site-packages/airflow/example_dags/example_sla_dag.py took 0.094 seconds
[2024-05-26T09:40:59.054+0000] {processor.py:161} INFO - Started process (PID=53100) to work on /usr/local/python/3.10.13/lib/python3.10/site-packages/airflow/example_dags/example_sla_dag.py
[2024-05-26T09:40:59.056+0000] {processor.py:830} INFO - Processing file /usr/local/python/3.10.13/lib/python3.10/site-packages/airflow/example_dags/example_sla_dag.py for tasks to queue
[2024-05-26T09:40:59.063+0000] {logging_mixin.py:188} INFO - [2024-05-26T09:40:59.058+0000] {dagbag.py:545} INFO - Filling up the DagBag from /usr/local/python/3.10.13/lib/python3.10/site-packages/airflow/example_dags/example_sla_dag.py
[2024-05-26T09:40:59.074+0000] {processor.py:840} INFO - DAG(s) 'example_sla_dag' retrieved from /usr/local/python/3.10.13/lib/python3.10/site-packages/airflow/example_dags/example_sla_dag.py
[2024-05-26T09:40:59.093+0000] {logging_mixin.py:188} INFO - [2024-05-26T09:40:59.093+0000] {dag.py:3096} INFO - Sync 1 DAGs
[2024-05-26T09:40:59.118+0000] {logging_mixin.py:188} INFO - [2024-05-26T09:40:59.118+0000] {dag.py:3954} INFO - Setting next_dagrun for example_sla_dag to 2024-05-26 09:38:00+00:00, run_after=2024-05-26 09:40:00+00:00
[2024-05-26T09:40:59.160+0000] {processor.py:183} INFO - Processing /usr/local/python/3.10.13/lib/python3.10/site-packages/airflow/example_dags/example_sla_dag.py took 0.115 seconds
[2024-05-26T09:41:39.890+0000] {processor.py:161} INFO - Started process (PID=53390) to work on /usr/local/python/3.10.13/lib/python3.10/site-packages/airflow/example_dags/example_sla_dag.py
[2024-05-26T09:41:39.891+0000] {processor.py:830} INFO - Processing file /usr/local/python/3.10.13/lib/python3.10/site-packages/airflow/example_dags/example_sla_dag.py for tasks to queue
[2024-05-26T09:41:39.892+0000] {logging_mixin.py:188} INFO - [2024-05-26T09:41:39.892+0000] {dagbag.py:545} INFO - Filling up the DagBag from /usr/local/python/3.10.13/lib/python3.10/site-packages/airflow/example_dags/example_sla_dag.py
[2024-05-26T09:41:39.899+0000] {processor.py:840} INFO - DAG(s) 'example_sla_dag' retrieved from /usr/local/python/3.10.13/lib/python3.10/site-packages/airflow/example_dags/example_sla_dag.py
[2024-05-26T09:41:39.918+0000] {logging_mixin.py:188} INFO - [2024-05-26T09:41:39.918+0000] {dag.py:3096} INFO - Sync 1 DAGs
[2024-05-26T09:41:39.937+0000] {logging_mixin.py:188} INFO - [2024-05-26T09:41:39.937+0000] {dag.py:3954} INFO - Setting next_dagrun for example_sla_dag to 2024-05-26 09:38:00+00:00, run_after=2024-05-26 09:40:00+00:00
[2024-05-26T09:41:39.974+0000] {processor.py:183} INFO - Processing /usr/local/python/3.10.13/lib/python3.10/site-packages/airflow/example_dags/example_sla_dag.py took 0.090 seconds
[2024-05-26T09:42:23.069+0000] {processor.py:161} INFO - Started process (PID=53689) to work on /usr/local/python/3.10.13/lib/python3.10/site-packages/airflow/example_dags/example_sla_dag.py
[2024-05-26T09:42:23.070+0000] {processor.py:830} INFO - Processing file /usr/local/python/3.10.13/lib/python3.10/site-packages/airflow/example_dags/example_sla_dag.py for tasks to queue
[2024-05-26T09:42:23.071+0000] {logging_mixin.py:188} INFO - [2024-05-26T09:42:23.071+0000] {dagbag.py:545} INFO - Filling up the DagBag from /usr/local/python/3.10.13/lib/python3.10/site-packages/airflow/example_dags/example_sla_dag.py
[2024-05-26T09:42:23.078+0000] {processor.py:840} INFO - DAG(s) 'example_sla_dag' retrieved from /usr/local/python/3.10.13/lib/python3.10/site-packages/airflow/example_dags/example_sla_dag.py
[2024-05-26T09:42:23.090+0000] {logging_mixin.py:188} INFO - [2024-05-26T09:42:23.089+0000] {dag.py:3096} INFO - Sync 1 DAGs
[2024-05-26T09:42:23.107+0000] {logging_mixin.py:188} INFO - [2024-05-26T09:42:23.107+0000] {dag.py:3954} INFO - Setting next_dagrun for example_sla_dag to 2024-05-26 09:40:00+00:00, run_after=2024-05-26 09:42:00+00:00
[2024-05-26T09:42:23.144+0000] {processor.py:183} INFO - Processing /usr/local/python/3.10.13/lib/python3.10/site-packages/airflow/example_dags/example_sla_dag.py took 0.079 seconds
[2024-05-26T09:43:19.845+0000] {processor.py:161} INFO - Started process (PID=54074) to work on /usr/local/python/3.10.13/lib/python3.10/site-packages/airflow/example_dags/example_sla_dag.py
[2024-05-26T09:43:19.846+0000] {processor.py:830} INFO - Processing file /usr/local/python/3.10.13/lib/python3.10/site-packages/airflow/example_dags/example_sla_dag.py for tasks to queue
[2024-05-26T09:43:19.847+0000] {logging_mixin.py:188} INFO - [2024-05-26T09:43:19.847+0000] {dagbag.py:545} INFO - Filling up the DagBag from /usr/local/python/3.10.13/lib/python3.10/site-packages/airflow/example_dags/example_sla_dag.py
[2024-05-26T09:43:19.854+0000] {processor.py:840} INFO - DAG(s) 'example_sla_dag' retrieved from /usr/local/python/3.10.13/lib/python3.10/site-packages/airflow/example_dags/example_sla_dag.py
[2024-05-26T09:43:19.865+0000] {logging_mixin.py:188} INFO - [2024-05-26T09:43:19.865+0000] {dag.py:3096} INFO - Sync 1 DAGs
[2024-05-26T09:43:19.887+0000] {logging_mixin.py:188} INFO - [2024-05-26T09:43:19.886+0000] {dag.py:3954} INFO - Setting next_dagrun for example_sla_dag to 2024-05-26 09:40:00+00:00, run_after=2024-05-26 09:42:00+00:00
[2024-05-26T09:43:19.928+0000] {processor.py:183} INFO - Processing /usr/local/python/3.10.13/lib/python3.10/site-packages/airflow/example_dags/example_sla_dag.py took 0.087 seconds
[2024-05-26T09:44:00.120+0000] {processor.py:161} INFO - Started process (PID=54402) to work on /usr/local/python/3.10.13/lib/python3.10/site-packages/airflow/example_dags/example_sla_dag.py
[2024-05-26T09:44:00.121+0000] {processor.py:830} INFO - Processing file /usr/local/python/3.10.13/lib/python3.10/site-packages/airflow/example_dags/example_sla_dag.py for tasks to queue
[2024-05-26T09:44:00.122+0000] {logging_mixin.py:188} INFO - [2024-05-26T09:44:00.122+0000] {dagbag.py:545} INFO - Filling up the DagBag from /usr/local/python/3.10.13/lib/python3.10/site-packages/airflow/example_dags/example_sla_dag.py
[2024-05-26T09:44:00.132+0000] {processor.py:840} INFO - DAG(s) 'example_sla_dag' retrieved from /usr/local/python/3.10.13/lib/python3.10/site-packages/airflow/example_dags/example_sla_dag.py
[2024-05-26T09:44:00.148+0000] {logging_mixin.py:188} INFO - [2024-05-26T09:44:00.148+0000] {dag.py:3096} INFO - Sync 1 DAGs
[2024-05-26T09:44:00.171+0000] {logging_mixin.py:188} INFO - [2024-05-26T09:44:00.171+0000] {dag.py:3954} INFO - Setting next_dagrun for example_sla_dag to 2024-05-26 09:42:00+00:00, run_after=2024-05-26 09:44:00+00:00
[2024-05-26T09:44:00.207+0000] {processor.py:183} INFO - Processing /usr/local/python/3.10.13/lib/python3.10/site-packages/airflow/example_dags/example_sla_dag.py took 0.092 seconds
[2024-05-26T09:44:42.424+0000] {processor.py:161} INFO - Started process (PID=54771) to work on /usr/local/python/3.10.13/lib/python3.10/site-packages/airflow/example_dags/example_sla_dag.py
[2024-05-26T09:44:42.425+0000] {processor.py:830} INFO - Processing file /usr/local/python/3.10.13/lib/python3.10/site-packages/airflow/example_dags/example_sla_dag.py for tasks to queue
[2024-05-26T09:44:42.426+0000] {logging_mixin.py:188} INFO - [2024-05-26T09:44:42.425+0000] {dagbag.py:545} INFO - Filling up the DagBag from /usr/local/python/3.10.13/lib/python3.10/site-packages/airflow/example_dags/example_sla_dag.py
[2024-05-26T09:44:42.433+0000] {processor.py:840} INFO - DAG(s) 'example_sla_dag' retrieved from /usr/local/python/3.10.13/lib/python3.10/site-packages/airflow/example_dags/example_sla_dag.py
[2024-05-26T09:44:42.444+0000] {logging_mixin.py:188} INFO - [2024-05-26T09:44:42.443+0000] {dag.py:3096} INFO - Sync 1 DAGs
[2024-05-26T09:44:42.461+0000] {logging_mixin.py:188} INFO - [2024-05-26T09:44:42.461+0000] {dag.py:3954} INFO - Setting next_dagrun for example_sla_dag to 2024-05-26 09:42:00+00:00, run_after=2024-05-26 09:44:00+00:00
[2024-05-26T09:44:42.497+0000] {processor.py:183} INFO - Processing /usr/local/python/3.10.13/lib/python3.10/site-packages/airflow/example_dags/example_sla_dag.py took 0.078 seconds
[2024-05-26T09:45:25.339+0000] {processor.py:161} INFO - Started process (PID=55330) to work on /usr/local/python/3.10.13/lib/python3.10/site-packages/airflow/example_dags/example_sla_dag.py
[2024-05-26T09:45:25.340+0000] {processor.py:830} INFO - Processing file /usr/local/python/3.10.13/lib/python3.10/site-packages/airflow/example_dags/example_sla_dag.py for tasks to queue
[2024-05-26T09:45:25.341+0000] {logging_mixin.py:188} INFO - [2024-05-26T09:45:25.341+0000] {dagbag.py:545} INFO - Filling up the DagBag from /usr/local/python/3.10.13/lib/python3.10/site-packages/airflow/example_dags/example_sla_dag.py
[2024-05-26T09:45:25.348+0000] {processor.py:840} INFO - DAG(s) 'example_sla_dag' retrieved from /usr/local/python/3.10.13/lib/python3.10/site-packages/airflow/example_dags/example_sla_dag.py
[2024-05-26T09:45:25.359+0000] {logging_mixin.py:188} INFO - [2024-05-26T09:45:25.359+0000] {dag.py:3096} INFO - Sync 1 DAGs
[2024-05-26T09:45:25.377+0000] {logging_mixin.py:188} INFO - [2024-05-26T09:45:25.377+0000] {dag.py:3954} INFO - Setting next_dagrun for example_sla_dag to 2024-05-26 09:42:00+00:00, run_after=2024-05-26 09:44:00+00:00
[2024-05-26T09:45:25.413+0000] {processor.py:183} INFO - Processing /usr/local/python/3.10.13/lib/python3.10/site-packages/airflow/example_dags/example_sla_dag.py took 0.079 seconds
[2024-05-26T09:46:02.685+0000] {processor.py:161} INFO - Started process (PID=55814) to work on /usr/local/python/3.10.13/lib/python3.10/site-packages/airflow/example_dags/example_sla_dag.py
[2024-05-26T09:46:02.685+0000] {processor.py:830} INFO - Processing file /usr/local/python/3.10.13/lib/python3.10/site-packages/airflow/example_dags/example_sla_dag.py for tasks to queue
[2024-05-26T09:46:02.687+0000] {logging_mixin.py:188} INFO - [2024-05-26T09:46:02.686+0000] {dagbag.py:545} INFO - Filling up the DagBag from /usr/local/python/3.10.13/lib/python3.10/site-packages/airflow/example_dags/example_sla_dag.py
[2024-05-26T09:46:02.694+0000] {processor.py:840} INFO - DAG(s) 'example_sla_dag' retrieved from /usr/local/python/3.10.13/lib/python3.10/site-packages/airflow/example_dags/example_sla_dag.py
[2024-05-26T09:46:02.706+0000] {logging_mixin.py:188} INFO - [2024-05-26T09:46:02.706+0000] {dag.py:3096} INFO - Sync 1 DAGs
[2024-05-26T09:46:02.725+0000] {logging_mixin.py:188} INFO - [2024-05-26T09:46:02.725+0000] {dag.py:3954} INFO - Setting next_dagrun for example_sla_dag to 2024-05-26 09:44:00+00:00, run_after=2024-05-26 09:46:00+00:00
[2024-05-26T09:46:02.763+0000] {processor.py:183} INFO - Processing /usr/local/python/3.10.13/lib/python3.10/site-packages/airflow/example_dags/example_sla_dag.py took 0.084 seconds
[2024-05-26T09:46:43.831+0000] {processor.py:161} INFO - Started process (PID=56324) to work on /usr/local/python/3.10.13/lib/python3.10/site-packages/airflow/example_dags/example_sla_dag.py
[2024-05-26T09:46:43.831+0000] {processor.py:830} INFO - Processing file /usr/local/python/3.10.13/lib/python3.10/site-packages/airflow/example_dags/example_sla_dag.py for tasks to queue
[2024-05-26T09:46:43.832+0000] {logging_mixin.py:188} INFO - [2024-05-26T09:46:43.832+0000] {dagbag.py:545} INFO - Filling up the DagBag from /usr/local/python/3.10.13/lib/python3.10/site-packages/airflow/example_dags/example_sla_dag.py
[2024-05-26T09:46:43.839+0000] {processor.py:840} INFO - DAG(s) 'example_sla_dag' retrieved from /usr/local/python/3.10.13/lib/python3.10/site-packages/airflow/example_dags/example_sla_dag.py
[2024-05-26T09:46:43.850+0000] {logging_mixin.py:188} INFO - [2024-05-26T09:46:43.850+0000] {dag.py:3096} INFO - Sync 1 DAGs
[2024-05-26T09:46:43.868+0000] {logging_mixin.py:188} INFO - [2024-05-26T09:46:43.868+0000] {dag.py:3954} INFO - Setting next_dagrun for example_sla_dag to 2024-05-26 09:44:00+00:00, run_after=2024-05-26 09:46:00+00:00
[2024-05-26T09:46:43.904+0000] {processor.py:183} INFO - Processing /usr/local/python/3.10.13/lib/python3.10/site-packages/airflow/example_dags/example_sla_dag.py took 0.078 seconds
[2024-05-26T09:47:24.167+0000] {processor.py:161} INFO - Started process (PID=56793) to work on /usr/local/python/3.10.13/lib/python3.10/site-packages/airflow/example_dags/example_sla_dag.py
[2024-05-26T09:47:24.169+0000] {processor.py:830} INFO - Processing file /usr/local/python/3.10.13/lib/python3.10/site-packages/airflow/example_dags/example_sla_dag.py for tasks to queue
[2024-05-26T09:47:24.170+0000] {logging_mixin.py:188} INFO - [2024-05-26T09:47:24.170+0000] {dagbag.py:545} INFO - Filling up the DagBag from /usr/local/python/3.10.13/lib/python3.10/site-packages/airflow/example_dags/example_sla_dag.py
[2024-05-26T09:47:24.181+0000] {processor.py:840} INFO - DAG(s) 'example_sla_dag' retrieved from /usr/local/python/3.10.13/lib/python3.10/site-packages/airflow/example_dags/example_sla_dag.py
[2024-05-26T09:47:24.197+0000] {logging_mixin.py:188} INFO - [2024-05-26T09:47:24.197+0000] {dag.py:3096} INFO - Sync 1 DAGs
[2024-05-26T09:47:24.224+0000] {logging_mixin.py:188} INFO - [2024-05-26T09:47:24.224+0000] {dag.py:3954} INFO - Setting next_dagrun for example_sla_dag to 2024-05-26 09:44:00+00:00, run_after=2024-05-26 09:46:00+00:00
[2024-05-26T09:47:24.269+0000] {processor.py:183} INFO - Processing /usr/local/python/3.10.13/lib/python3.10/site-packages/airflow/example_dags/example_sla_dag.py took 0.109 seconds
[2024-05-26T09:48:01.897+0000] {processor.py:161} INFO - Started process (PID=57223) to work on /usr/local/python/3.10.13/lib/python3.10/site-packages/airflow/example_dags/example_sla_dag.py
[2024-05-26T09:48:01.898+0000] {processor.py:830} INFO - Processing file /usr/local/python/3.10.13/lib/python3.10/site-packages/airflow/example_dags/example_sla_dag.py for tasks to queue
[2024-05-26T09:48:01.899+0000] {logging_mixin.py:188} INFO - [2024-05-26T09:48:01.899+0000] {dagbag.py:545} INFO - Filling up the DagBag from /usr/local/python/3.10.13/lib/python3.10/site-packages/airflow/example_dags/example_sla_dag.py
[2024-05-26T09:48:01.906+0000] {processor.py:840} INFO - DAG(s) 'example_sla_dag' retrieved from /usr/local/python/3.10.13/lib/python3.10/site-packages/airflow/example_dags/example_sla_dag.py
[2024-05-26T09:48:01.917+0000] {logging_mixin.py:188} INFO - [2024-05-26T09:48:01.917+0000] {dag.py:3096} INFO - Sync 1 DAGs
[2024-05-26T09:48:01.935+0000] {logging_mixin.py:188} INFO - [2024-05-26T09:48:01.934+0000] {dag.py:3954} INFO - Setting next_dagrun for example_sla_dag to 2024-05-26 09:46:00+00:00, run_after=2024-05-26 09:48:00+00:00
[2024-05-26T09:48:01.972+0000] {processor.py:183} INFO - Processing /usr/local/python/3.10.13/lib/python3.10/site-packages/airflow/example_dags/example_sla_dag.py took 0.080 seconds
[2024-05-26T09:48:43.084+0000] {processor.py:161} INFO - Started process (PID=57693) to work on /usr/local/python/3.10.13/lib/python3.10/site-packages/airflow/example_dags/example_sla_dag.py
[2024-05-26T09:48:43.085+0000] {processor.py:830} INFO - Processing file /usr/local/python/3.10.13/lib/python3.10/site-packages/airflow/example_dags/example_sla_dag.py for tasks to queue
[2024-05-26T09:48:43.086+0000] {logging_mixin.py:188} INFO - [2024-05-26T09:48:43.086+0000] {dagbag.py:545} INFO - Filling up the DagBag from /usr/local/python/3.10.13/lib/python3.10/site-packages/airflow/example_dags/example_sla_dag.py
[2024-05-26T09:48:43.093+0000] {processor.py:840} INFO - DAG(s) 'example_sla_dag' retrieved from /usr/local/python/3.10.13/lib/python3.10/site-packages/airflow/example_dags/example_sla_dag.py
[2024-05-26T09:48:43.106+0000] {logging_mixin.py:188} INFO - [2024-05-26T09:48:43.106+0000] {dag.py:3096} INFO - Sync 1 DAGs
[2024-05-26T09:48:43.124+0000] {logging_mixin.py:188} INFO - [2024-05-26T09:48:43.124+0000] {dag.py:3954} INFO - Setting next_dagrun for example_sla_dag to 2024-05-26 09:46:00+00:00, run_after=2024-05-26 09:48:00+00:00
[2024-05-26T09:48:43.162+0000] {processor.py:183} INFO - Processing /usr/local/python/3.10.13/lib/python3.10/site-packages/airflow/example_dags/example_sla_dag.py took 0.082 seconds
[2024-05-26T09:49:26.162+0000] {processor.py:161} INFO - Started process (PID=58098) to work on /usr/local/python/3.10.13/lib/python3.10/site-packages/airflow/example_dags/example_sla_dag.py
[2024-05-26T09:49:26.163+0000] {processor.py:830} INFO - Processing file /usr/local/python/3.10.13/lib/python3.10/site-packages/airflow/example_dags/example_sla_dag.py for tasks to queue
[2024-05-26T09:49:26.164+0000] {logging_mixin.py:188} INFO - [2024-05-26T09:49:26.164+0000] {dagbag.py:545} INFO - Filling up the DagBag from /usr/local/python/3.10.13/lib/python3.10/site-packages/airflow/example_dags/example_sla_dag.py
[2024-05-26T09:49:26.172+0000] {processor.py:840} INFO - DAG(s) 'example_sla_dag' retrieved from /usr/local/python/3.10.13/lib/python3.10/site-packages/airflow/example_dags/example_sla_dag.py
[2024-05-26T09:49:26.186+0000] {logging_mixin.py:188} INFO - [2024-05-26T09:49:26.186+0000] {dag.py:3096} INFO - Sync 1 DAGs
[2024-05-26T09:49:26.212+0000] {logging_mixin.py:188} INFO - [2024-05-26T09:49:26.212+0000] {dag.py:3954} INFO - Setting next_dagrun for example_sla_dag to 2024-05-26 09:46:00+00:00, run_after=2024-05-26 09:48:00+00:00
[2024-05-26T09:49:26.253+0000] {processor.py:183} INFO - Processing /usr/local/python/3.10.13/lib/python3.10/site-packages/airflow/example_dags/example_sla_dag.py took 0.098 seconds
[2024-05-26T09:50:06.801+0000] {processor.py:161} INFO - Started process (PID=58544) to work on /usr/local/python/3.10.13/lib/python3.10/site-packages/airflow/example_dags/example_sla_dag.py
[2024-05-26T09:50:06.801+0000] {processor.py:830} INFO - Processing file /usr/local/python/3.10.13/lib/python3.10/site-packages/airflow/example_dags/example_sla_dag.py for tasks to queue
[2024-05-26T09:50:06.803+0000] {logging_mixin.py:188} INFO - [2024-05-26T09:50:06.802+0000] {dagbag.py:545} INFO - Filling up the DagBag from /usr/local/python/3.10.13/lib/python3.10/site-packages/airflow/example_dags/example_sla_dag.py
[2024-05-26T09:50:06.810+0000] {processor.py:840} INFO - DAG(s) 'example_sla_dag' retrieved from /usr/local/python/3.10.13/lib/python3.10/site-packages/airflow/example_dags/example_sla_dag.py
[2024-05-26T09:50:06.821+0000] {logging_mixin.py:188} INFO - [2024-05-26T09:50:06.821+0000] {dag.py:3096} INFO - Sync 1 DAGs
[2024-05-26T09:50:06.838+0000] {logging_mixin.py:188} INFO - [2024-05-26T09:50:06.838+0000] {dag.py:3954} INFO - Setting next_dagrun for example_sla_dag to 2024-05-26 09:48:00+00:00, run_after=2024-05-26 09:50:00+00:00
[2024-05-26T09:50:06.873+0000] {processor.py:183} INFO - Processing /usr/local/python/3.10.13/lib/python3.10/site-packages/airflow/example_dags/example_sla_dag.py took 0.079 seconds
[2024-05-26T09:50:47.563+0000] {processor.py:161} INFO - Started process (PID=58880) to work on /usr/local/python/3.10.13/lib/python3.10/site-packages/airflow/example_dags/example_sla_dag.py
[2024-05-26T09:50:47.563+0000] {processor.py:830} INFO - Processing file /usr/local/python/3.10.13/lib/python3.10/site-packages/airflow/example_dags/example_sla_dag.py for tasks to queue
[2024-05-26T09:50:47.565+0000] {logging_mixin.py:188} INFO - [2024-05-26T09:50:47.564+0000] {dagbag.py:545} INFO - Filling up the DagBag from /usr/local/python/3.10.13/lib/python3.10/site-packages/airflow/example_dags/example_sla_dag.py
[2024-05-26T09:50:47.571+0000] {processor.py:840} INFO - DAG(s) 'example_sla_dag' retrieved from /usr/local/python/3.10.13/lib/python3.10/site-packages/airflow/example_dags/example_sla_dag.py
[2024-05-26T09:50:47.582+0000] {logging_mixin.py:188} INFO - [2024-05-26T09:50:47.582+0000] {dag.py:3096} INFO - Sync 1 DAGs
[2024-05-26T09:50:47.600+0000] {logging_mixin.py:188} INFO - [2024-05-26T09:50:47.600+0000] {dag.py:3954} INFO - Setting next_dagrun for example_sla_dag to 2024-05-26 09:48:00+00:00, run_after=2024-05-26 09:50:00+00:00
[2024-05-26T09:50:47.635+0000] {processor.py:183} INFO - Processing /usr/local/python/3.10.13/lib/python3.10/site-packages/airflow/example_dags/example_sla_dag.py took 0.077 seconds
[2024-05-26T09:51:30.423+0000] {processor.py:161} INFO - Started process (PID=59344) to work on /usr/local/python/3.10.13/lib/python3.10/site-packages/airflow/example_dags/example_sla_dag.py
[2024-05-26T09:51:30.424+0000] {processor.py:830} INFO - Processing file /usr/local/python/3.10.13/lib/python3.10/site-packages/airflow/example_dags/example_sla_dag.py for tasks to queue
[2024-05-26T09:51:30.425+0000] {logging_mixin.py:188} INFO - [2024-05-26T09:51:30.425+0000] {dagbag.py:545} INFO - Filling up the DagBag from /usr/local/python/3.10.13/lib/python3.10/site-packages/airflow/example_dags/example_sla_dag.py
[2024-05-26T09:51:30.432+0000] {processor.py:840} INFO - DAG(s) 'example_sla_dag' retrieved from /usr/local/python/3.10.13/lib/python3.10/site-packages/airflow/example_dags/example_sla_dag.py
[2024-05-26T09:51:30.443+0000] {logging_mixin.py:188} INFO - [2024-05-26T09:51:30.443+0000] {dag.py:3096} INFO - Sync 1 DAGs
[2024-05-26T09:51:30.461+0000] {logging_mixin.py:188} INFO - [2024-05-26T09:51:30.461+0000] {dag.py:3954} INFO - Setting next_dagrun for example_sla_dag to 2024-05-26 09:48:00+00:00, run_after=2024-05-26 09:50:00+00:00
[2024-05-26T09:51:30.498+0000] {processor.py:183} INFO - Processing /usr/local/python/3.10.13/lib/python3.10/site-packages/airflow/example_dags/example_sla_dag.py took 0.079 seconds
[2024-05-26T09:52:11.387+0000] {processor.py:161} INFO - Started process (PID=59740) to work on /usr/local/python/3.10.13/lib/python3.10/site-packages/airflow/example_dags/example_sla_dag.py
[2024-05-26T09:52:11.388+0000] {processor.py:830} INFO - Processing file /usr/local/python/3.10.13/lib/python3.10/site-packages/airflow/example_dags/example_sla_dag.py for tasks to queue
[2024-05-26T09:52:11.389+0000] {logging_mixin.py:188} INFO - [2024-05-26T09:52:11.389+0000] {dagbag.py:545} INFO - Filling up the DagBag from /usr/local/python/3.10.13/lib/python3.10/site-packages/airflow/example_dags/example_sla_dag.py
[2024-05-26T09:52:11.396+0000] {processor.py:840} INFO - DAG(s) 'example_sla_dag' retrieved from /usr/local/python/3.10.13/lib/python3.10/site-packages/airflow/example_dags/example_sla_dag.py
[2024-05-26T09:52:11.407+0000] {logging_mixin.py:188} INFO - [2024-05-26T09:52:11.407+0000] {dag.py:3096} INFO - Sync 1 DAGs
[2024-05-26T09:52:11.424+0000] {logging_mixin.py:188} INFO - [2024-05-26T09:52:11.424+0000] {dag.py:3954} INFO - Setting next_dagrun for example_sla_dag to 2024-05-26 09:50:00+00:00, run_after=2024-05-26 09:52:00+00:00
[2024-05-26T09:52:11.461+0000] {processor.py:183} INFO - Processing /usr/local/python/3.10.13/lib/python3.10/site-packages/airflow/example_dags/example_sla_dag.py took 0.079 seconds
[2024-05-26T09:52:52.814+0000] {processor.py:161} INFO - Started process (PID=60088) to work on /usr/local/python/3.10.13/lib/python3.10/site-packages/airflow/example_dags/example_sla_dag.py
[2024-05-26T09:52:52.815+0000] {processor.py:830} INFO - Processing file /usr/local/python/3.10.13/lib/python3.10/site-packages/airflow/example_dags/example_sla_dag.py for tasks to queue
[2024-05-26T09:52:52.816+0000] {logging_mixin.py:188} INFO - [2024-05-26T09:52:52.816+0000] {dagbag.py:545} INFO - Filling up the DagBag from /usr/local/python/3.10.13/lib/python3.10/site-packages/airflow/example_dags/example_sla_dag.py
[2024-05-26T09:52:52.823+0000] {processor.py:840} INFO - DAG(s) 'example_sla_dag' retrieved from /usr/local/python/3.10.13/lib/python3.10/site-packages/airflow/example_dags/example_sla_dag.py
[2024-05-26T09:52:52.834+0000] {logging_mixin.py:188} INFO - [2024-05-26T09:52:52.834+0000] {dag.py:3096} INFO - Sync 1 DAGs
[2024-05-26T09:52:52.851+0000] {logging_mixin.py:188} INFO - [2024-05-26T09:52:52.851+0000] {dag.py:3954} INFO - Setting next_dagrun for example_sla_dag to 2024-05-26 09:50:00+00:00, run_after=2024-05-26 09:52:00+00:00
[2024-05-26T09:52:52.888+0000] {processor.py:183} INFO - Processing /usr/local/python/3.10.13/lib/python3.10/site-packages/airflow/example_dags/example_sla_dag.py took 0.079 seconds
[2024-05-26T09:53:33.971+0000] {processor.py:161} INFO - Started process (PID=60424) to work on /usr/local/python/3.10.13/lib/python3.10/site-packages/airflow/example_dags/example_sla_dag.py
[2024-05-26T09:53:33.972+0000] {processor.py:830} INFO - Processing file /usr/local/python/3.10.13/lib/python3.10/site-packages/airflow/example_dags/example_sla_dag.py for tasks to queue
[2024-05-26T09:53:33.973+0000] {logging_mixin.py:188} INFO - [2024-05-26T09:53:33.973+0000] {dagbag.py:545} INFO - Filling up the DagBag from /usr/local/python/3.10.13/lib/python3.10/site-packages/airflow/example_dags/example_sla_dag.py
[2024-05-26T09:53:33.980+0000] {processor.py:840} INFO - DAG(s) 'example_sla_dag' retrieved from /usr/local/python/3.10.13/lib/python3.10/site-packages/airflow/example_dags/example_sla_dag.py
[2024-05-26T09:53:33.991+0000] {logging_mixin.py:188} INFO - [2024-05-26T09:53:33.990+0000] {dag.py:3096} INFO - Sync 1 DAGs
[2024-05-26T09:53:34.008+0000] {logging_mixin.py:188} INFO - [2024-05-26T09:53:34.008+0000] {dag.py:3954} INFO - Setting next_dagrun for example_sla_dag to 2024-05-26 09:50:00+00:00, run_after=2024-05-26 09:52:00+00:00
[2024-05-26T09:53:34.044+0000] {processor.py:183} INFO - Processing /usr/local/python/3.10.13/lib/python3.10/site-packages/airflow/example_dags/example_sla_dag.py took 0.078 seconds
[2024-05-26T09:54:17.052+0000] {processor.py:161} INFO - Started process (PID=60753) to work on /usr/local/python/3.10.13/lib/python3.10/site-packages/airflow/example_dags/example_sla_dag.py
[2024-05-26T09:54:17.052+0000] {processor.py:830} INFO - Processing file /usr/local/python/3.10.13/lib/python3.10/site-packages/airflow/example_dags/example_sla_dag.py for tasks to queue
[2024-05-26T09:54:17.054+0000] {logging_mixin.py:188} INFO - [2024-05-26T09:54:17.053+0000] {dagbag.py:545} INFO - Filling up the DagBag from /usr/local/python/3.10.13/lib/python3.10/site-packages/airflow/example_dags/example_sla_dag.py
[2024-05-26T09:54:17.061+0000] {processor.py:840} INFO - DAG(s) 'example_sla_dag' retrieved from /usr/local/python/3.10.13/lib/python3.10/site-packages/airflow/example_dags/example_sla_dag.py
[2024-05-26T09:54:17.076+0000] {logging_mixin.py:188} INFO - [2024-05-26T09:54:17.076+0000] {dag.py:3096} INFO - Sync 1 DAGs
[2024-05-26T09:54:17.106+0000] {logging_mixin.py:188} INFO - [2024-05-26T09:54:17.106+0000] {dag.py:3954} INFO - Setting next_dagrun for example_sla_dag to 2024-05-26 09:52:00+00:00, run_after=2024-05-26 09:54:00+00:00
[2024-05-26T09:54:17.147+0000] {processor.py:183} INFO - Processing /usr/local/python/3.10.13/lib/python3.10/site-packages/airflow/example_dags/example_sla_dag.py took 0.100 seconds
[2024-05-26T09:55:01.393+0000] {processor.py:161} INFO - Started process (PID=61111) to work on /usr/local/python/3.10.13/lib/python3.10/site-packages/airflow/example_dags/example_sla_dag.py
[2024-05-26T09:55:01.393+0000] {processor.py:830} INFO - Processing file /usr/local/python/3.10.13/lib/python3.10/site-packages/airflow/example_dags/example_sla_dag.py for tasks to queue
[2024-05-26T09:55:01.395+0000] {logging_mixin.py:188} INFO - [2024-05-26T09:55:01.395+0000] {dagbag.py:545} INFO - Filling up the DagBag from /usr/local/python/3.10.13/lib/python3.10/site-packages/airflow/example_dags/example_sla_dag.py
[2024-05-26T09:55:01.402+0000] {processor.py:840} INFO - DAG(s) 'example_sla_dag' retrieved from /usr/local/python/3.10.13/lib/python3.10/site-packages/airflow/example_dags/example_sla_dag.py
[2024-05-26T09:55:01.413+0000] {logging_mixin.py:188} INFO - [2024-05-26T09:55:01.413+0000] {dag.py:3096} INFO - Sync 1 DAGs
[2024-05-26T09:55:01.431+0000] {logging_mixin.py:188} INFO - [2024-05-26T09:55:01.430+0000] {dag.py:3954} INFO - Setting next_dagrun for example_sla_dag to 2024-05-26 09:52:00+00:00, run_after=2024-05-26 09:54:00+00:00
[2024-05-26T09:55:01.469+0000] {processor.py:183} INFO - Processing /usr/local/python/3.10.13/lib/python3.10/site-packages/airflow/example_dags/example_sla_dag.py took 0.081 seconds
[2024-05-26T09:55:43.312+0000] {processor.py:161} INFO - Started process (PID=61440) to work on /usr/local/python/3.10.13/lib/python3.10/site-packages/airflow/example_dags/example_sla_dag.py
[2024-05-26T09:55:43.312+0000] {processor.py:830} INFO - Processing file /usr/local/python/3.10.13/lib/python3.10/site-packages/airflow/example_dags/example_sla_dag.py for tasks to queue
[2024-05-26T09:55:43.313+0000] {logging_mixin.py:188} INFO - [2024-05-26T09:55:43.313+0000] {dagbag.py:545} INFO - Filling up the DagBag from /usr/local/python/3.10.13/lib/python3.10/site-packages/airflow/example_dags/example_sla_dag.py
[2024-05-26T09:55:43.320+0000] {processor.py:840} INFO - DAG(s) 'example_sla_dag' retrieved from /usr/local/python/3.10.13/lib/python3.10/site-packages/airflow/example_dags/example_sla_dag.py
[2024-05-26T09:55:43.331+0000] {logging_mixin.py:188} INFO - [2024-05-26T09:55:43.331+0000] {dag.py:3096} INFO - Sync 1 DAGs
[2024-05-26T09:55:43.348+0000] {logging_mixin.py:188} INFO - [2024-05-26T09:55:43.348+0000] {dag.py:3954} INFO - Setting next_dagrun for example_sla_dag to 2024-05-26 09:52:00+00:00, run_after=2024-05-26 09:54:00+00:00
[2024-05-26T09:55:43.384+0000] {processor.py:183} INFO - Processing /usr/local/python/3.10.13/lib/python3.10/site-packages/airflow/example_dags/example_sla_dag.py took 0.077 seconds
