[2024-05-26T09:10:51.829+0000] {processor.py:161} INFO - Started process (PID=40245) to work on /usr/local/python/3.10.13/lib/python3.10/site-packages/airflow/example_dags/example_display_name.py
[2024-05-26T09:10:51.830+0000] {processor.py:830} INFO - Processing file /usr/local/python/3.10.13/lib/python3.10/site-packages/airflow/example_dags/example_display_name.py for tasks to queue
[2024-05-26T09:10:51.831+0000] {logging_mixin.py:188} INFO - [2024-05-26T09:10:51.831+0000] {dagbag.py:545} INFO - Filling up the DagBag from /usr/local/python/3.10.13/lib/python3.10/site-packages/airflow/example_dags/example_display_name.py
[2024-05-26T09:10:51.835+0000] {processor.py:840} INFO - DAG(s) 'example_display_name' retrieved from /usr/local/python/3.10.13/lib/python3.10/site-packages/airflow/example_dags/example_display_name.py
[2024-05-26T09:10:51.849+0000] {logging_mixin.py:188} INFO - [2024-05-26T09:10:51.848+0000] {dag.py:3096} INFO - Sync 1 DAGs
[2024-05-26T09:10:51.941+0000] {logging_mixin.py:188} INFO - [2024-05-26T09:10:51.940+0000] {dag.py:3954} INFO - Setting next_dagrun for example_display_name to None, run_after=None
[2024-05-26T09:10:51.980+0000] {processor.py:183} INFO - Processing /usr/local/python/3.10.13/lib/python3.10/site-packages/airflow/example_dags/example_display_name.py took 0.156 seconds
[2024-05-26T09:11:44.025+0000] {processor.py:161} INFO - Started process (PID=40606) to work on /usr/local/python/3.10.13/lib/python3.10/site-packages/airflow/example_dags/example_display_name.py
[2024-05-26T09:11:44.026+0000] {processor.py:830} INFO - Processing file /usr/local/python/3.10.13/lib/python3.10/site-packages/airflow/example_dags/example_display_name.py for tasks to queue
[2024-05-26T09:11:44.027+0000] {logging_mixin.py:188} INFO - [2024-05-26T09:11:44.027+0000] {dagbag.py:545} INFO - Filling up the DagBag from /usr/local/python/3.10.13/lib/python3.10/site-packages/airflow/example_dags/example_display_name.py
[2024-05-26T09:11:44.031+0000] {processor.py:840} INFO - DAG(s) 'example_display_name' retrieved from /usr/local/python/3.10.13/lib/python3.10/site-packages/airflow/example_dags/example_display_name.py
[2024-05-26T09:11:44.042+0000] {logging_mixin.py:188} INFO - [2024-05-26T09:11:44.042+0000] {dag.py:3096} INFO - Sync 1 DAGs
[2024-05-26T09:11:44.051+0000] {logging_mixin.py:188} INFO - [2024-05-26T09:11:44.051+0000] {dag.py:3954} INFO - Setting next_dagrun for example_display_name to None, run_after=None
[2024-05-26T09:11:44.091+0000] {processor.py:183} INFO - Processing /usr/local/python/3.10.13/lib/python3.10/site-packages/airflow/example_dags/example_display_name.py took 0.072 seconds
[2024-05-26T09:12:34.803+0000] {processor.py:161} INFO - Started process (PID=41037) to work on /usr/local/python/3.10.13/lib/python3.10/site-packages/airflow/example_dags/example_display_name.py
[2024-05-26T09:12:34.803+0000] {processor.py:830} INFO - Processing file /usr/local/python/3.10.13/lib/python3.10/site-packages/airflow/example_dags/example_display_name.py for tasks to queue
[2024-05-26T09:12:34.805+0000] {logging_mixin.py:188} INFO - [2024-05-26T09:12:34.804+0000] {dagbag.py:545} INFO - Filling up the DagBag from /usr/local/python/3.10.13/lib/python3.10/site-packages/airflow/example_dags/example_display_name.py
[2024-05-26T09:12:34.809+0000] {processor.py:840} INFO - DAG(s) 'example_display_name' retrieved from /usr/local/python/3.10.13/lib/python3.10/site-packages/airflow/example_dags/example_display_name.py
[2024-05-26T09:12:34.821+0000] {logging_mixin.py:188} INFO - [2024-05-26T09:12:34.821+0000] {dag.py:3096} INFO - Sync 1 DAGs
[2024-05-26T09:12:34.839+0000] {logging_mixin.py:188} INFO - [2024-05-26T09:12:34.839+0000] {dag.py:3954} INFO - Setting next_dagrun for example_display_name to None, run_after=None
[2024-05-26T09:12:34.886+0000] {processor.py:183} INFO - Processing /usr/local/python/3.10.13/lib/python3.10/site-packages/airflow/example_dags/example_display_name.py took 0.088 seconds
[2024-05-26T09:13:35.818+0000] {processor.py:161} INFO - Started process (PID=41530) to work on /usr/local/python/3.10.13/lib/python3.10/site-packages/airflow/example_dags/example_display_name.py
[2024-05-26T09:13:35.819+0000] {processor.py:830} INFO - Processing file /usr/local/python/3.10.13/lib/python3.10/site-packages/airflow/example_dags/example_display_name.py for tasks to queue
[2024-05-26T09:13:35.820+0000] {logging_mixin.py:188} INFO - [2024-05-26T09:13:35.820+0000] {dagbag.py:545} INFO - Filling up the DagBag from /usr/local/python/3.10.13/lib/python3.10/site-packages/airflow/example_dags/example_display_name.py
[2024-05-26T09:13:35.824+0000] {processor.py:840} INFO - DAG(s) 'example_display_name' retrieved from /usr/local/python/3.10.13/lib/python3.10/site-packages/airflow/example_dags/example_display_name.py
[2024-05-26T09:13:35.835+0000] {logging_mixin.py:188} INFO - [2024-05-26T09:13:35.835+0000] {dag.py:3096} INFO - Sync 1 DAGs
[2024-05-26T09:13:35.844+0000] {logging_mixin.py:188} INFO - [2024-05-26T09:13:35.844+0000] {dag.py:3954} INFO - Setting next_dagrun for example_display_name to None, run_after=None
[2024-05-26T09:13:35.884+0000] {processor.py:183} INFO - Processing /usr/local/python/3.10.13/lib/python3.10/site-packages/airflow/example_dags/example_display_name.py took 0.071 seconds
[2024-05-26T09:14:40.741+0000] {processor.py:161} INFO - Started process (PID=41987) to work on /usr/local/python/3.10.13/lib/python3.10/site-packages/airflow/example_dags/example_display_name.py
[2024-05-26T09:14:40.741+0000] {processor.py:830} INFO - Processing file /usr/local/python/3.10.13/lib/python3.10/site-packages/airflow/example_dags/example_display_name.py for tasks to queue
[2024-05-26T09:14:40.743+0000] {logging_mixin.py:188} INFO - [2024-05-26T09:14:40.742+0000] {dagbag.py:545} INFO - Filling up the DagBag from /usr/local/python/3.10.13/lib/python3.10/site-packages/airflow/example_dags/example_display_name.py
[2024-05-26T09:14:40.747+0000] {processor.py:840} INFO - DAG(s) 'example_display_name' retrieved from /usr/local/python/3.10.13/lib/python3.10/site-packages/airflow/example_dags/example_display_name.py
[2024-05-26T09:14:40.758+0000] {logging_mixin.py:188} INFO - [2024-05-26T09:14:40.758+0000] {dag.py:3096} INFO - Sync 1 DAGs
[2024-05-26T09:14:40.768+0000] {logging_mixin.py:188} INFO - [2024-05-26T09:14:40.768+0000] {dag.py:3954} INFO - Setting next_dagrun for example_display_name to None, run_after=None
[2024-05-26T09:14:40.806+0000] {processor.py:183} INFO - Processing /usr/local/python/3.10.13/lib/python3.10/site-packages/airflow/example_dags/example_display_name.py took 0.071 seconds
[2024-05-26T09:15:24.263+0000] {processor.py:161} INFO - Started process (PID=42301) to work on /usr/local/python/3.10.13/lib/python3.10/site-packages/airflow/example_dags/example_display_name.py
[2024-05-26T09:15:24.263+0000] {processor.py:830} INFO - Processing file /usr/local/python/3.10.13/lib/python3.10/site-packages/airflow/example_dags/example_display_name.py for tasks to queue
[2024-05-26T09:15:24.265+0000] {logging_mixin.py:188} INFO - [2024-05-26T09:15:24.264+0000] {dagbag.py:545} INFO - Filling up the DagBag from /usr/local/python/3.10.13/lib/python3.10/site-packages/airflow/example_dags/example_display_name.py
[2024-05-26T09:15:24.269+0000] {processor.py:840} INFO - DAG(s) 'example_display_name' retrieved from /usr/local/python/3.10.13/lib/python3.10/site-packages/airflow/example_dags/example_display_name.py
[2024-05-26T09:15:24.280+0000] {logging_mixin.py:188} INFO - [2024-05-26T09:15:24.280+0000] {dag.py:3096} INFO - Sync 1 DAGs
[2024-05-26T09:15:24.289+0000] {logging_mixin.py:188} INFO - [2024-05-26T09:15:24.289+0000] {dag.py:3954} INFO - Setting next_dagrun for example_display_name to None, run_after=None
[2024-05-26T09:15:24.335+0000] {processor.py:183} INFO - Processing /usr/local/python/3.10.13/lib/python3.10/site-packages/airflow/example_dags/example_display_name.py took 0.078 seconds
[2024-05-26T09:16:25.963+0000] {processor.py:161} INFO - Started process (PID=42735) to work on /usr/local/python/3.10.13/lib/python3.10/site-packages/airflow/example_dags/example_display_name.py
[2024-05-26T09:16:25.964+0000] {processor.py:830} INFO - Processing file /usr/local/python/3.10.13/lib/python3.10/site-packages/airflow/example_dags/example_display_name.py for tasks to queue
[2024-05-26T09:16:25.965+0000] {logging_mixin.py:188} INFO - [2024-05-26T09:16:25.965+0000] {dagbag.py:545} INFO - Filling up the DagBag from /usr/local/python/3.10.13/lib/python3.10/site-packages/airflow/example_dags/example_display_name.py
[2024-05-26T09:16:25.970+0000] {processor.py:840} INFO - DAG(s) 'example_display_name' retrieved from /usr/local/python/3.10.13/lib/python3.10/site-packages/airflow/example_dags/example_display_name.py
[2024-05-26T09:16:25.983+0000] {logging_mixin.py:188} INFO - [2024-05-26T09:16:25.983+0000] {dag.py:3096} INFO - Sync 1 DAGs
[2024-05-26T09:16:25.996+0000] {logging_mixin.py:188} INFO - [2024-05-26T09:16:25.996+0000] {dag.py:3954} INFO - Setting next_dagrun for example_display_name to None, run_after=None
[2024-05-26T09:16:26.037+0000] {processor.py:183} INFO - Processing /usr/local/python/3.10.13/lib/python3.10/site-packages/airflow/example_dags/example_display_name.py took 0.079 seconds
[2024-05-26T09:17:29.552+0000] {processor.py:161} INFO - Started process (PID=43163) to work on /usr/local/python/3.10.13/lib/python3.10/site-packages/airflow/example_dags/example_display_name.py
[2024-05-26T09:17:29.553+0000] {processor.py:830} INFO - Processing file /usr/local/python/3.10.13/lib/python3.10/site-packages/airflow/example_dags/example_display_name.py for tasks to queue
[2024-05-26T09:17:29.554+0000] {logging_mixin.py:188} INFO - [2024-05-26T09:17:29.554+0000] {dagbag.py:545} INFO - Filling up the DagBag from /usr/local/python/3.10.13/lib/python3.10/site-packages/airflow/example_dags/example_display_name.py
[2024-05-26T09:17:29.559+0000] {processor.py:840} INFO - DAG(s) 'example_display_name' retrieved from /usr/local/python/3.10.13/lib/python3.10/site-packages/airflow/example_dags/example_display_name.py
[2024-05-26T09:17:29.570+0000] {logging_mixin.py:188} INFO - [2024-05-26T09:17:29.570+0000] {dag.py:3096} INFO - Sync 1 DAGs
[2024-05-26T09:17:29.579+0000] {logging_mixin.py:188} INFO - [2024-05-26T09:17:29.578+0000] {dag.py:3954} INFO - Setting next_dagrun for example_display_name to None, run_after=None
[2024-05-26T09:17:29.617+0000] {processor.py:183} INFO - Processing /usr/local/python/3.10.13/lib/python3.10/site-packages/airflow/example_dags/example_display_name.py took 0.070 seconds
[2024-05-26T09:18:14.492+0000] {processor.py:161} INFO - Started process (PID=43471) to work on /usr/local/python/3.10.13/lib/python3.10/site-packages/airflow/example_dags/example_display_name.py
[2024-05-26T09:18:14.493+0000] {processor.py:830} INFO - Processing file /usr/local/python/3.10.13/lib/python3.10/site-packages/airflow/example_dags/example_display_name.py for tasks to queue
[2024-05-26T09:18:14.494+0000] {logging_mixin.py:188} INFO - [2024-05-26T09:18:14.494+0000] {dagbag.py:545} INFO - Filling up the DagBag from /usr/local/python/3.10.13/lib/python3.10/site-packages/airflow/example_dags/example_display_name.py
[2024-05-26T09:18:14.499+0000] {processor.py:840} INFO - DAG(s) 'example_display_name' retrieved from /usr/local/python/3.10.13/lib/python3.10/site-packages/airflow/example_dags/example_display_name.py
[2024-05-26T09:18:14.510+0000] {logging_mixin.py:188} INFO - [2024-05-26T09:18:14.510+0000] {dag.py:3096} INFO - Sync 1 DAGs
[2024-05-26T09:18:14.519+0000] {logging_mixin.py:188} INFO - [2024-05-26T09:18:14.519+0000] {dag.py:3954} INFO - Setting next_dagrun for example_display_name to None, run_after=None
[2024-05-26T09:18:14.557+0000] {processor.py:183} INFO - Processing /usr/local/python/3.10.13/lib/python3.10/site-packages/airflow/example_dags/example_display_name.py took 0.070 seconds
[2024-05-26T09:19:15.292+0000] {processor.py:161} INFO - Started process (PID=43952) to work on /usr/local/python/3.10.13/lib/python3.10/site-packages/airflow/example_dags/example_display_name.py
[2024-05-26T09:19:15.293+0000] {processor.py:830} INFO - Processing file /usr/local/python/3.10.13/lib/python3.10/site-packages/airflow/example_dags/example_display_name.py for tasks to queue
[2024-05-26T09:19:15.294+0000] {logging_mixin.py:188} INFO - [2024-05-26T09:19:15.294+0000] {dagbag.py:545} INFO - Filling up the DagBag from /usr/local/python/3.10.13/lib/python3.10/site-packages/airflow/example_dags/example_display_name.py
[2024-05-26T09:19:15.299+0000] {processor.py:840} INFO - DAG(s) 'example_display_name' retrieved from /usr/local/python/3.10.13/lib/python3.10/site-packages/airflow/example_dags/example_display_name.py
[2024-05-26T09:19:15.310+0000] {logging_mixin.py:188} INFO - [2024-05-26T09:19:15.309+0000] {dag.py:3096} INFO - Sync 1 DAGs
[2024-05-26T09:19:15.318+0000] {logging_mixin.py:188} INFO - [2024-05-26T09:19:15.318+0000] {dag.py:3954} INFO - Setting next_dagrun for example_display_name to None, run_after=None
[2024-05-26T09:19:15.362+0000] {processor.py:183} INFO - Processing /usr/local/python/3.10.13/lib/python3.10/site-packages/airflow/example_dags/example_display_name.py took 0.074 seconds
[2024-05-26T09:20:21.550+0000] {processor.py:161} INFO - Started process (PID=44429) to work on /usr/local/python/3.10.13/lib/python3.10/site-packages/airflow/example_dags/example_display_name.py
[2024-05-26T09:20:21.550+0000] {processor.py:830} INFO - Processing file /usr/local/python/3.10.13/lib/python3.10/site-packages/airflow/example_dags/example_display_name.py for tasks to queue
[2024-05-26T09:20:21.552+0000] {logging_mixin.py:188} INFO - [2024-05-26T09:20:21.551+0000] {dagbag.py:545} INFO - Filling up the DagBag from /usr/local/python/3.10.13/lib/python3.10/site-packages/airflow/example_dags/example_display_name.py
[2024-05-26T09:20:21.556+0000] {processor.py:840} INFO - DAG(s) 'example_display_name' retrieved from /usr/local/python/3.10.13/lib/python3.10/site-packages/airflow/example_dags/example_display_name.py
[2024-05-26T09:20:21.567+0000] {logging_mixin.py:188} INFO - [2024-05-26T09:20:21.567+0000] {dag.py:3096} INFO - Sync 1 DAGs
[2024-05-26T09:20:21.576+0000] {logging_mixin.py:188} INFO - [2024-05-26T09:20:21.576+0000] {dag.py:3954} INFO - Setting next_dagrun for example_display_name to None, run_after=None
[2024-05-26T09:20:21.616+0000] {processor.py:183} INFO - Processing /usr/local/python/3.10.13/lib/python3.10/site-packages/airflow/example_dags/example_display_name.py took 0.071 seconds
[2024-05-26T09:21:22.757+0000] {processor.py:161} INFO - Started process (PID=44852) to work on /usr/local/python/3.10.13/lib/python3.10/site-packages/airflow/example_dags/example_display_name.py
[2024-05-26T09:21:22.758+0000] {processor.py:830} INFO - Processing file /usr/local/python/3.10.13/lib/python3.10/site-packages/airflow/example_dags/example_display_name.py for tasks to queue
[2024-05-26T09:21:22.759+0000] {logging_mixin.py:188} INFO - [2024-05-26T09:21:22.759+0000] {dagbag.py:545} INFO - Filling up the DagBag from /usr/local/python/3.10.13/lib/python3.10/site-packages/airflow/example_dags/example_display_name.py
[2024-05-26T09:21:22.763+0000] {processor.py:840} INFO - DAG(s) 'example_display_name' retrieved from /usr/local/python/3.10.13/lib/python3.10/site-packages/airflow/example_dags/example_display_name.py
[2024-05-26T09:21:22.774+0000] {logging_mixin.py:188} INFO - [2024-05-26T09:21:22.774+0000] {dag.py:3096} INFO - Sync 1 DAGs
[2024-05-26T09:21:22.783+0000] {logging_mixin.py:188} INFO - [2024-05-26T09:21:22.782+0000] {dag.py:3954} INFO - Setting next_dagrun for example_display_name to None, run_after=None
[2024-05-26T09:21:22.820+0000] {processor.py:183} INFO - Processing /usr/local/python/3.10.13/lib/python3.10/site-packages/airflow/example_dags/example_display_name.py took 0.067 seconds
[2024-05-26T09:22:25.161+0000] {processor.py:161} INFO - Started process (PID=45281) to work on /usr/local/python/3.10.13/lib/python3.10/site-packages/airflow/example_dags/example_display_name.py
[2024-05-26T09:22:25.161+0000] {processor.py:830} INFO - Processing file /usr/local/python/3.10.13/lib/python3.10/site-packages/airflow/example_dags/example_display_name.py for tasks to queue
[2024-05-26T09:22:25.163+0000] {logging_mixin.py:188} INFO - [2024-05-26T09:22:25.162+0000] {dagbag.py:545} INFO - Filling up the DagBag from /usr/local/python/3.10.13/lib/python3.10/site-packages/airflow/example_dags/example_display_name.py
[2024-05-26T09:22:25.167+0000] {processor.py:840} INFO - DAG(s) 'example_display_name' retrieved from /usr/local/python/3.10.13/lib/python3.10/site-packages/airflow/example_dags/example_display_name.py
[2024-05-26T09:22:25.178+0000] {logging_mixin.py:188} INFO - [2024-05-26T09:22:25.178+0000] {dag.py:3096} INFO - Sync 1 DAGs
[2024-05-26T09:22:25.192+0000] {logging_mixin.py:188} INFO - [2024-05-26T09:22:25.192+0000] {dag.py:3954} INFO - Setting next_dagrun for example_display_name to None, run_after=None
[2024-05-26T09:22:25.237+0000] {processor.py:183} INFO - Processing /usr/local/python/3.10.13/lib/python3.10/site-packages/airflow/example_dags/example_display_name.py took 0.081 seconds
[2024-05-26T09:23:20.887+0000] {processor.py:161} INFO - Started process (PID=45657) to work on /usr/local/python/3.10.13/lib/python3.10/site-packages/airflow/example_dags/example_display_name.py
[2024-05-26T09:23:20.888+0000] {processor.py:830} INFO - Processing file /usr/local/python/3.10.13/lib/python3.10/site-packages/airflow/example_dags/example_display_name.py for tasks to queue
[2024-05-26T09:23:20.889+0000] {logging_mixin.py:188} INFO - [2024-05-26T09:23:20.889+0000] {dagbag.py:545} INFO - Filling up the DagBag from /usr/local/python/3.10.13/lib/python3.10/site-packages/airflow/example_dags/example_display_name.py
[2024-05-26T09:23:20.894+0000] {processor.py:840} INFO - DAG(s) 'example_display_name' retrieved from /usr/local/python/3.10.13/lib/python3.10/site-packages/airflow/example_dags/example_display_name.py
[2024-05-26T09:23:20.905+0000] {logging_mixin.py:188} INFO - [2024-05-26T09:23:20.905+0000] {dag.py:3096} INFO - Sync 1 DAGs
[2024-05-26T09:23:20.914+0000] {logging_mixin.py:188} INFO - [2024-05-26T09:23:20.914+0000] {dag.py:3954} INFO - Setting next_dagrun for example_display_name to None, run_after=None
[2024-05-26T09:23:20.956+0000] {processor.py:183} INFO - Processing /usr/local/python/3.10.13/lib/python3.10/site-packages/airflow/example_dags/example_display_name.py took 0.073 seconds
[2024-05-26T09:24:24.500+0000] {processor.py:161} INFO - Started process (PID=46114) to work on /usr/local/python/3.10.13/lib/python3.10/site-packages/airflow/example_dags/example_display_name.py
[2024-05-26T09:24:24.500+0000] {processor.py:830} INFO - Processing file /usr/local/python/3.10.13/lib/python3.10/site-packages/airflow/example_dags/example_display_name.py for tasks to queue
[2024-05-26T09:24:24.502+0000] {logging_mixin.py:188} INFO - [2024-05-26T09:24:24.501+0000] {dagbag.py:545} INFO - Filling up the DagBag from /usr/local/python/3.10.13/lib/python3.10/site-packages/airflow/example_dags/example_display_name.py
[2024-05-26T09:24:24.506+0000] {processor.py:840} INFO - DAG(s) 'example_display_name' retrieved from /usr/local/python/3.10.13/lib/python3.10/site-packages/airflow/example_dags/example_display_name.py
[2024-05-26T09:24:24.517+0000] {logging_mixin.py:188} INFO - [2024-05-26T09:24:24.517+0000] {dag.py:3096} INFO - Sync 1 DAGs
[2024-05-26T09:24:24.526+0000] {logging_mixin.py:188} INFO - [2024-05-26T09:24:24.526+0000] {dag.py:3954} INFO - Setting next_dagrun for example_display_name to None, run_after=None
[2024-05-26T09:24:24.563+0000] {processor.py:183} INFO - Processing /usr/local/python/3.10.13/lib/python3.10/site-packages/airflow/example_dags/example_display_name.py took 0.068 seconds
[2024-05-26T09:25:24.635+0000] {processor.py:161} INFO - Started process (PID=46538) to work on /usr/local/python/3.10.13/lib/python3.10/site-packages/airflow/example_dags/example_display_name.py
[2024-05-26T09:25:24.636+0000] {processor.py:830} INFO - Processing file /usr/local/python/3.10.13/lib/python3.10/site-packages/airflow/example_dags/example_display_name.py for tasks to queue
[2024-05-26T09:25:24.637+0000] {logging_mixin.py:188} INFO - [2024-05-26T09:25:24.637+0000] {dagbag.py:545} INFO - Filling up the DagBag from /usr/local/python/3.10.13/lib/python3.10/site-packages/airflow/example_dags/example_display_name.py
[2024-05-26T09:25:24.642+0000] {processor.py:840} INFO - DAG(s) 'example_display_name' retrieved from /usr/local/python/3.10.13/lib/python3.10/site-packages/airflow/example_dags/example_display_name.py
[2024-05-26T09:25:24.653+0000] {logging_mixin.py:188} INFO - [2024-05-26T09:25:24.652+0000] {dag.py:3096} INFO - Sync 1 DAGs
[2024-05-26T09:25:24.661+0000] {logging_mixin.py:188} INFO - [2024-05-26T09:25:24.661+0000] {dag.py:3954} INFO - Setting next_dagrun for example_display_name to None, run_after=None
[2024-05-26T09:25:24.697+0000] {processor.py:183} INFO - Processing /usr/local/python/3.10.13/lib/python3.10/site-packages/airflow/example_dags/example_display_name.py took 0.066 seconds
[2024-05-26T09:26:26.559+0000] {processor.py:161} INFO - Started process (PID=46999) to work on /usr/local/python/3.10.13/lib/python3.10/site-packages/airflow/example_dags/example_display_name.py
[2024-05-26T09:26:26.560+0000] {processor.py:830} INFO - Processing file /usr/local/python/3.10.13/lib/python3.10/site-packages/airflow/example_dags/example_display_name.py for tasks to queue
[2024-05-26T09:26:26.561+0000] {logging_mixin.py:188} INFO - [2024-05-26T09:26:26.560+0000] {dagbag.py:545} INFO - Filling up the DagBag from /usr/local/python/3.10.13/lib/python3.10/site-packages/airflow/example_dags/example_display_name.py
[2024-05-26T09:26:26.565+0000] {processor.py:840} INFO - DAG(s) 'example_display_name' retrieved from /usr/local/python/3.10.13/lib/python3.10/site-packages/airflow/example_dags/example_display_name.py
[2024-05-26T09:26:26.576+0000] {logging_mixin.py:188} INFO - [2024-05-26T09:26:26.576+0000] {dag.py:3096} INFO - Sync 1 DAGs
[2024-05-26T09:26:26.585+0000] {logging_mixin.py:188} INFO - [2024-05-26T09:26:26.585+0000] {dag.py:3954} INFO - Setting next_dagrun for example_display_name to None, run_after=None
[2024-05-26T09:26:26.621+0000] {processor.py:183} INFO - Processing /usr/local/python/3.10.13/lib/python3.10/site-packages/airflow/example_dags/example_display_name.py took 0.067 seconds
[2024-05-26T09:27:09.667+0000] {processor.py:161} INFO - Started process (PID=47309) to work on /usr/local/python/3.10.13/lib/python3.10/site-packages/airflow/example_dags/example_display_name.py
[2024-05-26T09:27:09.668+0000] {processor.py:830} INFO - Processing file /usr/local/python/3.10.13/lib/python3.10/site-packages/airflow/example_dags/example_display_name.py for tasks to queue
[2024-05-26T09:27:09.669+0000] {logging_mixin.py:188} INFO - [2024-05-26T09:27:09.669+0000] {dagbag.py:545} INFO - Filling up the DagBag from /usr/local/python/3.10.13/lib/python3.10/site-packages/airflow/example_dags/example_display_name.py
[2024-05-26T09:27:09.673+0000] {processor.py:840} INFO - DAG(s) 'example_display_name' retrieved from /usr/local/python/3.10.13/lib/python3.10/site-packages/airflow/example_dags/example_display_name.py
[2024-05-26T09:27:09.684+0000] {logging_mixin.py:188} INFO - [2024-05-26T09:27:09.684+0000] {dag.py:3096} INFO - Sync 1 DAGs
[2024-05-26T09:27:09.693+0000] {logging_mixin.py:188} INFO - [2024-05-26T09:27:09.693+0000] {dag.py:3954} INFO - Setting next_dagrun for example_display_name to None, run_after=None
[2024-05-26T09:27:09.736+0000] {processor.py:183} INFO - Processing /usr/local/python/3.10.13/lib/python3.10/site-packages/airflow/example_dags/example_display_name.py took 0.074 seconds
[2024-05-26T09:28:10.601+0000] {processor.py:161} INFO - Started process (PID=47736) to work on /usr/local/python/3.10.13/lib/python3.10/site-packages/airflow/example_dags/example_display_name.py
[2024-05-26T09:28:10.602+0000] {processor.py:830} INFO - Processing file /usr/local/python/3.10.13/lib/python3.10/site-packages/airflow/example_dags/example_display_name.py for tasks to queue
[2024-05-26T09:28:10.604+0000] {logging_mixin.py:188} INFO - [2024-05-26T09:28:10.604+0000] {dagbag.py:545} INFO - Filling up the DagBag from /usr/local/python/3.10.13/lib/python3.10/site-packages/airflow/example_dags/example_display_name.py
[2024-05-26T09:28:10.612+0000] {processor.py:840} INFO - DAG(s) 'example_display_name' retrieved from /usr/local/python/3.10.13/lib/python3.10/site-packages/airflow/example_dags/example_display_name.py
[2024-05-26T09:28:10.628+0000] {logging_mixin.py:188} INFO - [2024-05-26T09:28:10.627+0000] {dag.py:3096} INFO - Sync 1 DAGs
[2024-05-26T09:28:10.644+0000] {logging_mixin.py:188} INFO - [2024-05-26T09:28:10.644+0000] {dag.py:3954} INFO - Setting next_dagrun for example_display_name to None, run_after=None
[2024-05-26T09:28:10.680+0000] {processor.py:183} INFO - Processing /usr/local/python/3.10.13/lib/python3.10/site-packages/airflow/example_dags/example_display_name.py took 0.086 seconds
[2024-05-26T09:29:12.408+0000] {processor.py:161} INFO - Started process (PID=48163) to work on /usr/local/python/3.10.13/lib/python3.10/site-packages/airflow/example_dags/example_display_name.py
[2024-05-26T09:29:12.409+0000] {processor.py:830} INFO - Processing file /usr/local/python/3.10.13/lib/python3.10/site-packages/airflow/example_dags/example_display_name.py for tasks to queue
[2024-05-26T09:29:12.410+0000] {logging_mixin.py:188} INFO - [2024-05-26T09:29:12.410+0000] {dagbag.py:545} INFO - Filling up the DagBag from /usr/local/python/3.10.13/lib/python3.10/site-packages/airflow/example_dags/example_display_name.py
[2024-05-26T09:29:12.414+0000] {processor.py:840} INFO - DAG(s) 'example_display_name' retrieved from /usr/local/python/3.10.13/lib/python3.10/site-packages/airflow/example_dags/example_display_name.py
[2024-05-26T09:29:12.426+0000] {logging_mixin.py:188} INFO - [2024-05-26T09:29:12.426+0000] {dag.py:3096} INFO - Sync 1 DAGs
[2024-05-26T09:29:12.436+0000] {logging_mixin.py:188} INFO - [2024-05-26T09:29:12.436+0000] {dag.py:3954} INFO - Setting next_dagrun for example_display_name to None, run_after=None
[2024-05-26T09:29:12.472+0000] {processor.py:183} INFO - Processing /usr/local/python/3.10.13/lib/python3.10/site-packages/airflow/example_dags/example_display_name.py took 0.069 seconds
[2024-05-26T09:30:15.465+0000] {processor.py:161} INFO - Started process (PID=48593) to work on /usr/local/python/3.10.13/lib/python3.10/site-packages/airflow/example_dags/example_display_name.py
[2024-05-26T09:30:15.466+0000] {processor.py:830} INFO - Processing file /usr/local/python/3.10.13/lib/python3.10/site-packages/airflow/example_dags/example_display_name.py for tasks to queue
[2024-05-26T09:30:15.467+0000] {logging_mixin.py:188} INFO - [2024-05-26T09:30:15.466+0000] {dagbag.py:545} INFO - Filling up the DagBag from /usr/local/python/3.10.13/lib/python3.10/site-packages/airflow/example_dags/example_display_name.py
[2024-05-26T09:30:15.472+0000] {processor.py:840} INFO - DAG(s) 'example_display_name' retrieved from /usr/local/python/3.10.13/lib/python3.10/site-packages/airflow/example_dags/example_display_name.py
[2024-05-26T09:30:15.489+0000] {logging_mixin.py:188} INFO - [2024-05-26T09:30:15.489+0000] {dag.py:3096} INFO - Sync 1 DAGs
[2024-05-26T09:30:15.516+0000] {logging_mixin.py:188} INFO - [2024-05-26T09:30:15.516+0000] {dag.py:3954} INFO - Setting next_dagrun for example_display_name to None, run_after=None
[2024-05-26T09:30:15.562+0000] {processor.py:183} INFO - Processing /usr/local/python/3.10.13/lib/python3.10/site-packages/airflow/example_dags/example_display_name.py took 0.102 seconds
[2024-05-26T09:31:10.506+0000] {processor.py:161} INFO - Started process (PID=48990) to work on /usr/local/python/3.10.13/lib/python3.10/site-packages/airflow/example_dags/example_display_name.py
[2024-05-26T09:31:10.506+0000] {processor.py:830} INFO - Processing file /usr/local/python/3.10.13/lib/python3.10/site-packages/airflow/example_dags/example_display_name.py for tasks to queue
[2024-05-26T09:31:10.507+0000] {logging_mixin.py:188} INFO - [2024-05-26T09:31:10.507+0000] {dagbag.py:545} INFO - Filling up the DagBag from /usr/local/python/3.10.13/lib/python3.10/site-packages/airflow/example_dags/example_display_name.py
[2024-05-26T09:31:10.512+0000] {processor.py:840} INFO - DAG(s) 'example_display_name' retrieved from /usr/local/python/3.10.13/lib/python3.10/site-packages/airflow/example_dags/example_display_name.py
[2024-05-26T09:31:10.523+0000] {logging_mixin.py:188} INFO - [2024-05-26T09:31:10.523+0000] {dag.py:3096} INFO - Sync 1 DAGs
[2024-05-26T09:31:10.532+0000] {logging_mixin.py:188} INFO - [2024-05-26T09:31:10.532+0000] {dag.py:3954} INFO - Setting next_dagrun for example_display_name to None, run_after=None
[2024-05-26T09:31:10.568+0000] {processor.py:183} INFO - Processing /usr/local/python/3.10.13/lib/python3.10/site-packages/airflow/example_dags/example_display_name.py took 0.067 seconds
[2024-05-26T09:31:55.339+0000] {processor.py:161} INFO - Started process (PID=49291) to work on /usr/local/python/3.10.13/lib/python3.10/site-packages/airflow/example_dags/example_display_name.py
[2024-05-26T09:31:55.340+0000] {processor.py:830} INFO - Processing file /usr/local/python/3.10.13/lib/python3.10/site-packages/airflow/example_dags/example_display_name.py for tasks to queue
[2024-05-26T09:31:55.341+0000] {logging_mixin.py:188} INFO - [2024-05-26T09:31:55.341+0000] {dagbag.py:545} INFO - Filling up the DagBag from /usr/local/python/3.10.13/lib/python3.10/site-packages/airflow/example_dags/example_display_name.py
[2024-05-26T09:31:55.345+0000] {processor.py:840} INFO - DAG(s) 'example_display_name' retrieved from /usr/local/python/3.10.13/lib/python3.10/site-packages/airflow/example_dags/example_display_name.py
[2024-05-26T09:31:55.358+0000] {logging_mixin.py:188} INFO - [2024-05-26T09:31:55.358+0000] {dag.py:3096} INFO - Sync 1 DAGs
[2024-05-26T09:31:55.367+0000] {logging_mixin.py:188} INFO - [2024-05-26T09:31:55.367+0000] {dag.py:3954} INFO - Setting next_dagrun for example_display_name to None, run_after=None
[2024-05-26T09:31:55.406+0000] {processor.py:183} INFO - Processing /usr/local/python/3.10.13/lib/python3.10/site-packages/airflow/example_dags/example_display_name.py took 0.072 seconds
[2024-05-26T09:32:40.086+0000] {processor.py:161} INFO - Started process (PID=49596) to work on /usr/local/python/3.10.13/lib/python3.10/site-packages/airflow/example_dags/example_display_name.py
[2024-05-26T09:32:40.087+0000] {processor.py:830} INFO - Processing file /usr/local/python/3.10.13/lib/python3.10/site-packages/airflow/example_dags/example_display_name.py for tasks to queue
[2024-05-26T09:32:40.088+0000] {logging_mixin.py:188} INFO - [2024-05-26T09:32:40.088+0000] {dagbag.py:545} INFO - Filling up the DagBag from /usr/local/python/3.10.13/lib/python3.10/site-packages/airflow/example_dags/example_display_name.py
[2024-05-26T09:32:40.093+0000] {processor.py:840} INFO - DAG(s) 'example_display_name' retrieved from /usr/local/python/3.10.13/lib/python3.10/site-packages/airflow/example_dags/example_display_name.py
[2024-05-26T09:32:40.104+0000] {logging_mixin.py:188} INFO - [2024-05-26T09:32:40.104+0000] {dag.py:3096} INFO - Sync 1 DAGs
[2024-05-26T09:32:40.113+0000] {logging_mixin.py:188} INFO - [2024-05-26T09:32:40.112+0000] {dag.py:3954} INFO - Setting next_dagrun for example_display_name to None, run_after=None
[2024-05-26T09:32:40.149+0000] {processor.py:183} INFO - Processing /usr/local/python/3.10.13/lib/python3.10/site-packages/airflow/example_dags/example_display_name.py took 0.068 seconds
[2024-05-26T09:33:35.798+0000] {processor.py:161} INFO - Started process (PID=50011) to work on /usr/local/python/3.10.13/lib/python3.10/site-packages/airflow/example_dags/example_display_name.py
[2024-05-26T09:33:35.799+0000] {processor.py:830} INFO - Processing file /usr/local/python/3.10.13/lib/python3.10/site-packages/airflow/example_dags/example_display_name.py for tasks to queue
[2024-05-26T09:33:35.800+0000] {logging_mixin.py:188} INFO - [2024-05-26T09:33:35.800+0000] {dagbag.py:545} INFO - Filling up the DagBag from /usr/local/python/3.10.13/lib/python3.10/site-packages/airflow/example_dags/example_display_name.py
[2024-05-26T09:33:35.804+0000] {processor.py:840} INFO - DAG(s) 'example_display_name' retrieved from /usr/local/python/3.10.13/lib/python3.10/site-packages/airflow/example_dags/example_display_name.py
[2024-05-26T09:33:35.816+0000] {logging_mixin.py:188} INFO - [2024-05-26T09:33:35.816+0000] {dag.py:3096} INFO - Sync 1 DAGs
[2024-05-26T09:33:35.824+0000] {logging_mixin.py:188} INFO - [2024-05-26T09:33:35.824+0000] {dag.py:3954} INFO - Setting next_dagrun for example_display_name to None, run_after=None
[2024-05-26T09:33:35.859+0000] {processor.py:183} INFO - Processing /usr/local/python/3.10.13/lib/python3.10/site-packages/airflow/example_dags/example_display_name.py took 0.066 seconds
[2024-05-26T09:34:38.674+0000] {processor.py:161} INFO - Started process (PID=50453) to work on /usr/local/python/3.10.13/lib/python3.10/site-packages/airflow/example_dags/example_display_name.py
[2024-05-26T09:34:38.675+0000] {processor.py:830} INFO - Processing file /usr/local/python/3.10.13/lib/python3.10/site-packages/airflow/example_dags/example_display_name.py for tasks to queue
[2024-05-26T09:34:38.676+0000] {logging_mixin.py:188} INFO - [2024-05-26T09:34:38.676+0000] {dagbag.py:545} INFO - Filling up the DagBag from /usr/local/python/3.10.13/lib/python3.10/site-packages/airflow/example_dags/example_display_name.py
[2024-05-26T09:34:38.681+0000] {processor.py:840} INFO - DAG(s) 'example_display_name' retrieved from /usr/local/python/3.10.13/lib/python3.10/site-packages/airflow/example_dags/example_display_name.py
[2024-05-26T09:34:38.692+0000] {logging_mixin.py:188} INFO - [2024-05-26T09:34:38.691+0000] {dag.py:3096} INFO - Sync 1 DAGs
[2024-05-26T09:34:38.701+0000] {logging_mixin.py:188} INFO - [2024-05-26T09:34:38.700+0000] {dag.py:3954} INFO - Setting next_dagrun for example_display_name to None, run_after=None
[2024-05-26T09:34:38.738+0000] {processor.py:183} INFO - Processing /usr/local/python/3.10.13/lib/python3.10/site-packages/airflow/example_dags/example_display_name.py took 0.069 seconds
[2024-05-26T09:35:36.963+0000] {processor.py:161} INFO - Started process (PID=50862) to work on /usr/local/python/3.10.13/lib/python3.10/site-packages/airflow/example_dags/example_display_name.py
[2024-05-26T09:35:36.964+0000] {processor.py:830} INFO - Processing file /usr/local/python/3.10.13/lib/python3.10/site-packages/airflow/example_dags/example_display_name.py for tasks to queue
[2024-05-26T09:35:36.966+0000] {logging_mixin.py:188} INFO - [2024-05-26T09:35:36.966+0000] {dagbag.py:545} INFO - Filling up the DagBag from /usr/local/python/3.10.13/lib/python3.10/site-packages/airflow/example_dags/example_display_name.py
[2024-05-26T09:35:36.970+0000] {processor.py:840} INFO - DAG(s) 'example_display_name' retrieved from /usr/local/python/3.10.13/lib/python3.10/site-packages/airflow/example_dags/example_display_name.py
[2024-05-26T09:35:36.981+0000] {logging_mixin.py:188} INFO - [2024-05-26T09:35:36.981+0000] {dag.py:3096} INFO - Sync 1 DAGs
[2024-05-26T09:35:36.990+0000] {logging_mixin.py:188} INFO - [2024-05-26T09:35:36.990+0000] {dag.py:3954} INFO - Setting next_dagrun for example_display_name to None, run_after=None
[2024-05-26T09:35:37.026+0000] {processor.py:183} INFO - Processing /usr/local/python/3.10.13/lib/python3.10/site-packages/airflow/example_dags/example_display_name.py took 0.067 seconds
[2024-05-26T09:36:37.746+0000] {processor.py:161} INFO - Started process (PID=51289) to work on /usr/local/python/3.10.13/lib/python3.10/site-packages/airflow/example_dags/example_display_name.py
[2024-05-26T09:36:37.747+0000] {processor.py:830} INFO - Processing file /usr/local/python/3.10.13/lib/python3.10/site-packages/airflow/example_dags/example_display_name.py for tasks to queue
[2024-05-26T09:36:37.748+0000] {logging_mixin.py:188} INFO - [2024-05-26T09:36:37.747+0000] {dagbag.py:545} INFO - Filling up the DagBag from /usr/local/python/3.10.13/lib/python3.10/site-packages/airflow/example_dags/example_display_name.py
[2024-05-26T09:36:37.753+0000] {processor.py:840} INFO - DAG(s) 'example_display_name' retrieved from /usr/local/python/3.10.13/lib/python3.10/site-packages/airflow/example_dags/example_display_name.py
[2024-05-26T09:36:37.764+0000] {logging_mixin.py:188} INFO - [2024-05-26T09:36:37.764+0000] {dag.py:3096} INFO - Sync 1 DAGs
[2024-05-26T09:36:37.773+0000] {logging_mixin.py:188} INFO - [2024-05-26T09:36:37.773+0000] {dag.py:3954} INFO - Setting next_dagrun for example_display_name to None, run_after=None
[2024-05-26T09:36:37.809+0000] {processor.py:183} INFO - Processing /usr/local/python/3.10.13/lib/python3.10/site-packages/airflow/example_dags/example_display_name.py took 0.068 seconds
[2024-05-26T09:37:42.570+0000] {processor.py:161} INFO - Started process (PID=51725) to work on /usr/local/python/3.10.13/lib/python3.10/site-packages/airflow/example_dags/example_display_name.py
[2024-05-26T09:37:42.571+0000] {processor.py:830} INFO - Processing file /usr/local/python/3.10.13/lib/python3.10/site-packages/airflow/example_dags/example_display_name.py for tasks to queue
[2024-05-26T09:37:42.572+0000] {logging_mixin.py:188} INFO - [2024-05-26T09:37:42.572+0000] {dagbag.py:545} INFO - Filling up the DagBag from /usr/local/python/3.10.13/lib/python3.10/site-packages/airflow/example_dags/example_display_name.py
[2024-05-26T09:37:42.576+0000] {processor.py:840} INFO - DAG(s) 'example_display_name' retrieved from /usr/local/python/3.10.13/lib/python3.10/site-packages/airflow/example_dags/example_display_name.py
[2024-05-26T09:37:42.587+0000] {logging_mixin.py:188} INFO - [2024-05-26T09:37:42.587+0000] {dag.py:3096} INFO - Sync 1 DAGs
[2024-05-26T09:37:42.597+0000] {logging_mixin.py:188} INFO - [2024-05-26T09:37:42.596+0000] {dag.py:3954} INFO - Setting next_dagrun for example_display_name to None, run_after=None
[2024-05-26T09:37:42.633+0000] {processor.py:183} INFO - Processing /usr/local/python/3.10.13/lib/python3.10/site-packages/airflow/example_dags/example_display_name.py took 0.068 seconds
[2024-05-26T09:38:39.602+0000] {processor.py:161} INFO - Started process (PID=52130) to work on /usr/local/python/3.10.13/lib/python3.10/site-packages/airflow/example_dags/example_display_name.py
[2024-05-26T09:38:39.602+0000] {processor.py:830} INFO - Processing file /usr/local/python/3.10.13/lib/python3.10/site-packages/airflow/example_dags/example_display_name.py for tasks to queue
[2024-05-26T09:38:39.604+0000] {logging_mixin.py:188} INFO - [2024-05-26T09:38:39.603+0000] {dagbag.py:545} INFO - Filling up the DagBag from /usr/local/python/3.10.13/lib/python3.10/site-packages/airflow/example_dags/example_display_name.py
[2024-05-26T09:38:39.608+0000] {processor.py:840} INFO - DAG(s) 'example_display_name' retrieved from /usr/local/python/3.10.13/lib/python3.10/site-packages/airflow/example_dags/example_display_name.py
[2024-05-26T09:38:39.619+0000] {logging_mixin.py:188} INFO - [2024-05-26T09:38:39.619+0000] {dag.py:3096} INFO - Sync 1 DAGs
[2024-05-26T09:38:39.628+0000] {logging_mixin.py:188} INFO - [2024-05-26T09:38:39.628+0000] {dag.py:3954} INFO - Setting next_dagrun for example_display_name to None, run_after=None
[2024-05-26T09:38:39.672+0000] {processor.py:183} INFO - Processing /usr/local/python/3.10.13/lib/python3.10/site-packages/airflow/example_dags/example_display_name.py took 0.075 seconds
[2024-05-26T09:39:39.681+0000] {processor.py:161} INFO - Started process (PID=52557) to work on /usr/local/python/3.10.13/lib/python3.10/site-packages/airflow/example_dags/example_display_name.py
[2024-05-26T09:39:39.681+0000] {processor.py:830} INFO - Processing file /usr/local/python/3.10.13/lib/python3.10/site-packages/airflow/example_dags/example_display_name.py for tasks to queue
[2024-05-26T09:39:39.683+0000] {logging_mixin.py:188} INFO - [2024-05-26T09:39:39.682+0000] {dagbag.py:545} INFO - Filling up the DagBag from /usr/local/python/3.10.13/lib/python3.10/site-packages/airflow/example_dags/example_display_name.py
[2024-05-26T09:39:39.687+0000] {processor.py:840} INFO - DAG(s) 'example_display_name' retrieved from /usr/local/python/3.10.13/lib/python3.10/site-packages/airflow/example_dags/example_display_name.py
[2024-05-26T09:39:39.698+0000] {logging_mixin.py:188} INFO - [2024-05-26T09:39:39.698+0000] {dag.py:3096} INFO - Sync 1 DAGs
[2024-05-26T09:39:39.707+0000] {logging_mixin.py:188} INFO - [2024-05-26T09:39:39.707+0000] {dag.py:3954} INFO - Setting next_dagrun for example_display_name to None, run_after=None
[2024-05-26T09:39:39.743+0000] {processor.py:183} INFO - Processing /usr/local/python/3.10.13/lib/python3.10/site-packages/airflow/example_dags/example_display_name.py took 0.067 seconds
[2024-05-26T09:40:23.332+0000] {processor.py:161} INFO - Started process (PID=52859) to work on /usr/local/python/3.10.13/lib/python3.10/site-packages/airflow/example_dags/example_display_name.py
[2024-05-26T09:40:23.333+0000] {processor.py:830} INFO - Processing file /usr/local/python/3.10.13/lib/python3.10/site-packages/airflow/example_dags/example_display_name.py for tasks to queue
[2024-05-26T09:40:23.334+0000] {logging_mixin.py:188} INFO - [2024-05-26T09:40:23.334+0000] {dagbag.py:545} INFO - Filling up the DagBag from /usr/local/python/3.10.13/lib/python3.10/site-packages/airflow/example_dags/example_display_name.py
[2024-05-26T09:40:23.338+0000] {processor.py:840} INFO - DAG(s) 'example_display_name' retrieved from /usr/local/python/3.10.13/lib/python3.10/site-packages/airflow/example_dags/example_display_name.py
[2024-05-26T09:40:23.350+0000] {logging_mixin.py:188} INFO - [2024-05-26T09:40:23.350+0000] {dag.py:3096} INFO - Sync 1 DAGs
[2024-05-26T09:40:23.359+0000] {logging_mixin.py:188} INFO - [2024-05-26T09:40:23.359+0000] {dag.py:3954} INFO - Setting next_dagrun for example_display_name to None, run_after=None
[2024-05-26T09:40:23.394+0000] {processor.py:183} INFO - Processing /usr/local/python/3.10.13/lib/python3.10/site-packages/airflow/example_dags/example_display_name.py took 0.067 seconds
[2024-05-26T09:41:24.531+0000] {processor.py:161} INFO - Started process (PID=53277) to work on /usr/local/python/3.10.13/lib/python3.10/site-packages/airflow/example_dags/example_display_name.py
[2024-05-26T09:41:24.532+0000] {processor.py:830} INFO - Processing file /usr/local/python/3.10.13/lib/python3.10/site-packages/airflow/example_dags/example_display_name.py for tasks to queue
[2024-05-26T09:41:24.533+0000] {logging_mixin.py:188} INFO - [2024-05-26T09:41:24.533+0000] {dagbag.py:545} INFO - Filling up the DagBag from /usr/local/python/3.10.13/lib/python3.10/site-packages/airflow/example_dags/example_display_name.py
[2024-05-26T09:41:24.538+0000] {processor.py:840} INFO - DAG(s) 'example_display_name' retrieved from /usr/local/python/3.10.13/lib/python3.10/site-packages/airflow/example_dags/example_display_name.py
[2024-05-26T09:41:24.549+0000] {logging_mixin.py:188} INFO - [2024-05-26T09:41:24.549+0000] {dag.py:3096} INFO - Sync 1 DAGs
[2024-05-26T09:41:24.557+0000] {logging_mixin.py:188} INFO - [2024-05-26T09:41:24.557+0000] {dag.py:3954} INFO - Setting next_dagrun for example_display_name to None, run_after=None
[2024-05-26T09:41:24.593+0000] {processor.py:183} INFO - Processing /usr/local/python/3.10.13/lib/python3.10/site-packages/airflow/example_dags/example_display_name.py took 0.066 seconds
[2024-05-26T09:42:07.484+0000] {processor.py:161} INFO - Started process (PID=53569) to work on /usr/local/python/3.10.13/lib/python3.10/site-packages/airflow/example_dags/example_display_name.py
[2024-05-26T09:42:07.484+0000] {processor.py:830} INFO - Processing file /usr/local/python/3.10.13/lib/python3.10/site-packages/airflow/example_dags/example_display_name.py for tasks to queue
[2024-05-26T09:42:07.486+0000] {logging_mixin.py:188} INFO - [2024-05-26T09:42:07.486+0000] {dagbag.py:545} INFO - Filling up the DagBag from /usr/local/python/3.10.13/lib/python3.10/site-packages/airflow/example_dags/example_display_name.py
[2024-05-26T09:42:07.490+0000] {processor.py:840} INFO - DAG(s) 'example_display_name' retrieved from /usr/local/python/3.10.13/lib/python3.10/site-packages/airflow/example_dags/example_display_name.py
[2024-05-26T09:42:07.501+0000] {logging_mixin.py:188} INFO - [2024-05-26T09:42:07.501+0000] {dag.py:3096} INFO - Sync 1 DAGs
[2024-05-26T09:42:07.510+0000] {logging_mixin.py:188} INFO - [2024-05-26T09:42:07.510+0000] {dag.py:3954} INFO - Setting next_dagrun for example_display_name to None, run_after=None
[2024-05-26T09:42:07.547+0000] {processor.py:183} INFO - Processing /usr/local/python/3.10.13/lib/python3.10/site-packages/airflow/example_dags/example_display_name.py took 0.068 seconds
[2024-05-26T09:43:03.315+0000] {processor.py:161} INFO - Started process (PID=53972) to work on /usr/local/python/3.10.13/lib/python3.10/site-packages/airflow/example_dags/example_display_name.py
[2024-05-26T09:43:03.316+0000] {processor.py:830} INFO - Processing file /usr/local/python/3.10.13/lib/python3.10/site-packages/airflow/example_dags/example_display_name.py for tasks to queue
[2024-05-26T09:43:03.317+0000] {logging_mixin.py:188} INFO - [2024-05-26T09:43:03.317+0000] {dagbag.py:545} INFO - Filling up the DagBag from /usr/local/python/3.10.13/lib/python3.10/site-packages/airflow/example_dags/example_display_name.py
[2024-05-26T09:43:03.321+0000] {processor.py:840} INFO - DAG(s) 'example_display_name' retrieved from /usr/local/python/3.10.13/lib/python3.10/site-packages/airflow/example_dags/example_display_name.py
[2024-05-26T09:43:03.332+0000] {logging_mixin.py:188} INFO - [2024-05-26T09:43:03.332+0000] {dag.py:3096} INFO - Sync 1 DAGs
[2024-05-26T09:43:03.341+0000] {logging_mixin.py:188} INFO - [2024-05-26T09:43:03.341+0000] {dag.py:3954} INFO - Setting next_dagrun for example_display_name to None, run_after=None
[2024-05-26T09:43:03.376+0000] {processor.py:183} INFO - Processing /usr/local/python/3.10.13/lib/python3.10/site-packages/airflow/example_dags/example_display_name.py took 0.066 seconds
[2024-05-26T09:44:05.284+0000] {processor.py:161} INFO - Started process (PID=54490) to work on /usr/local/python/3.10.13/lib/python3.10/site-packages/airflow/example_dags/example_display_name.py
[2024-05-26T09:44:05.285+0000] {processor.py:830} INFO - Processing file /usr/local/python/3.10.13/lib/python3.10/site-packages/airflow/example_dags/example_display_name.py for tasks to queue
[2024-05-26T09:44:05.286+0000] {logging_mixin.py:188} INFO - [2024-05-26T09:44:05.286+0000] {dagbag.py:545} INFO - Filling up the DagBag from /usr/local/python/3.10.13/lib/python3.10/site-packages/airflow/example_dags/example_display_name.py
[2024-05-26T09:44:05.290+0000] {processor.py:840} INFO - DAG(s) 'example_display_name' retrieved from /usr/local/python/3.10.13/lib/python3.10/site-packages/airflow/example_dags/example_display_name.py
[2024-05-26T09:44:05.301+0000] {logging_mixin.py:188} INFO - [2024-05-26T09:44:05.301+0000] {dag.py:3096} INFO - Sync 1 DAGs
[2024-05-26T09:44:05.311+0000] {logging_mixin.py:188} INFO - [2024-05-26T09:44:05.311+0000] {dag.py:3954} INFO - Setting next_dagrun for example_display_name to None, run_after=None
[2024-05-26T09:44:05.354+0000] {processor.py:183} INFO - Processing /usr/local/python/3.10.13/lib/python3.10/site-packages/airflow/example_dags/example_display_name.py took 0.074 seconds
[2024-05-26T09:45:09.536+0000] {processor.py:161} INFO - Started process (PID=55084) to work on /usr/local/python/3.10.13/lib/python3.10/site-packages/airflow/example_dags/example_display_name.py
[2024-05-26T09:45:09.536+0000] {processor.py:830} INFO - Processing file /usr/local/python/3.10.13/lib/python3.10/site-packages/airflow/example_dags/example_display_name.py for tasks to queue
[2024-05-26T09:45:09.538+0000] {logging_mixin.py:188} INFO - [2024-05-26T09:45:09.537+0000] {dagbag.py:545} INFO - Filling up the DagBag from /usr/local/python/3.10.13/lib/python3.10/site-packages/airflow/example_dags/example_display_name.py
[2024-05-26T09:45:09.542+0000] {processor.py:840} INFO - DAG(s) 'example_display_name' retrieved from /usr/local/python/3.10.13/lib/python3.10/site-packages/airflow/example_dags/example_display_name.py
[2024-05-26T09:45:09.554+0000] {logging_mixin.py:188} INFO - [2024-05-26T09:45:09.553+0000] {dag.py:3096} INFO - Sync 1 DAGs
[2024-05-26T09:45:09.563+0000] {logging_mixin.py:188} INFO - [2024-05-26T09:45:09.563+0000] {dag.py:3954} INFO - Setting next_dagrun for example_display_name to None, run_after=None
[2024-05-26T09:45:09.600+0000] {processor.py:183} INFO - Processing /usr/local/python/3.10.13/lib/python3.10/site-packages/airflow/example_dags/example_display_name.py took 0.073 seconds
[2024-05-26T09:46:07.072+0000] {processor.py:161} INFO - Started process (PID=55880) to work on /usr/local/python/3.10.13/lib/python3.10/site-packages/airflow/example_dags/example_display_name.py
[2024-05-26T09:46:07.072+0000] {processor.py:830} INFO - Processing file /usr/local/python/3.10.13/lib/python3.10/site-packages/airflow/example_dags/example_display_name.py for tasks to queue
[2024-05-26T09:46:07.074+0000] {logging_mixin.py:188} INFO - [2024-05-26T09:46:07.073+0000] {dagbag.py:545} INFO - Filling up the DagBag from /usr/local/python/3.10.13/lib/python3.10/site-packages/airflow/example_dags/example_display_name.py
[2024-05-26T09:46:07.078+0000] {processor.py:840} INFO - DAG(s) 'example_display_name' retrieved from /usr/local/python/3.10.13/lib/python3.10/site-packages/airflow/example_dags/example_display_name.py
[2024-05-26T09:46:07.090+0000] {logging_mixin.py:188} INFO - [2024-05-26T09:46:07.090+0000] {dag.py:3096} INFO - Sync 1 DAGs
[2024-05-26T09:46:07.099+0000] {logging_mixin.py:188} INFO - [2024-05-26T09:46:07.099+0000] {dag.py:3954} INFO - Setting next_dagrun for example_display_name to None, run_after=None
[2024-05-26T09:46:07.135+0000] {processor.py:183} INFO - Processing /usr/local/python/3.10.13/lib/python3.10/site-packages/airflow/example_dags/example_display_name.py took 0.068 seconds
[2024-05-26T09:47:08.466+0000] {processor.py:161} INFO - Started process (PID=56591) to work on /usr/local/python/3.10.13/lib/python3.10/site-packages/airflow/example_dags/example_display_name.py
[2024-05-26T09:47:08.466+0000] {processor.py:830} INFO - Processing file /usr/local/python/3.10.13/lib/python3.10/site-packages/airflow/example_dags/example_display_name.py for tasks to queue
[2024-05-26T09:47:08.468+0000] {logging_mixin.py:188} INFO - [2024-05-26T09:47:08.467+0000] {dagbag.py:545} INFO - Filling up the DagBag from /usr/local/python/3.10.13/lib/python3.10/site-packages/airflow/example_dags/example_display_name.py
[2024-05-26T09:47:08.472+0000] {processor.py:840} INFO - DAG(s) 'example_display_name' retrieved from /usr/local/python/3.10.13/lib/python3.10/site-packages/airflow/example_dags/example_display_name.py
[2024-05-26T09:47:08.483+0000] {logging_mixin.py:188} INFO - [2024-05-26T09:47:08.482+0000] {dag.py:3096} INFO - Sync 1 DAGs
[2024-05-26T09:47:08.491+0000] {logging_mixin.py:188} INFO - [2024-05-26T09:47:08.491+0000] {dag.py:3954} INFO - Setting next_dagrun for example_display_name to None, run_after=None
[2024-05-26T09:47:08.527+0000] {processor.py:183} INFO - Processing /usr/local/python/3.10.13/lib/python3.10/site-packages/airflow/example_dags/example_display_name.py took 0.066 seconds
[2024-05-26T09:48:06.368+0000] {processor.py:161} INFO - Started process (PID=57248) to work on /usr/local/python/3.10.13/lib/python3.10/site-packages/airflow/example_dags/example_display_name.py
[2024-05-26T09:48:06.368+0000] {processor.py:830} INFO - Processing file /usr/local/python/3.10.13/lib/python3.10/site-packages/airflow/example_dags/example_display_name.py for tasks to queue
[2024-05-26T09:48:06.370+0000] {logging_mixin.py:188} INFO - [2024-05-26T09:48:06.369+0000] {dagbag.py:545} INFO - Filling up the DagBag from /usr/local/python/3.10.13/lib/python3.10/site-packages/airflow/example_dags/example_display_name.py
[2024-05-26T09:48:06.374+0000] {processor.py:840} INFO - DAG(s) 'example_display_name' retrieved from /usr/local/python/3.10.13/lib/python3.10/site-packages/airflow/example_dags/example_display_name.py
[2024-05-26T09:48:06.385+0000] {logging_mixin.py:188} INFO - [2024-05-26T09:48:06.385+0000] {dag.py:3096} INFO - Sync 1 DAGs
[2024-05-26T09:48:06.394+0000] {logging_mixin.py:188} INFO - [2024-05-26T09:48:06.394+0000] {dag.py:3954} INFO - Setting next_dagrun for example_display_name to None, run_after=None
[2024-05-26T09:48:06.432+0000] {processor.py:183} INFO - Processing /usr/local/python/3.10.13/lib/python3.10/site-packages/airflow/example_dags/example_display_name.py took 0.069 seconds
[2024-05-26T09:49:10.567+0000] {processor.py:161} INFO - Started process (PID=57972) to work on /usr/local/python/3.10.13/lib/python3.10/site-packages/airflow/example_dags/example_display_name.py
[2024-05-26T09:49:10.568+0000] {processor.py:830} INFO - Processing file /usr/local/python/3.10.13/lib/python3.10/site-packages/airflow/example_dags/example_display_name.py for tasks to queue
[2024-05-26T09:49:10.569+0000] {logging_mixin.py:188} INFO - [2024-05-26T09:49:10.569+0000] {dagbag.py:545} INFO - Filling up the DagBag from /usr/local/python/3.10.13/lib/python3.10/site-packages/airflow/example_dags/example_display_name.py
[2024-05-26T09:49:10.574+0000] {processor.py:840} INFO - DAG(s) 'example_display_name' retrieved from /usr/local/python/3.10.13/lib/python3.10/site-packages/airflow/example_dags/example_display_name.py
[2024-05-26T09:49:10.585+0000] {logging_mixin.py:188} INFO - [2024-05-26T09:49:10.584+0000] {dag.py:3096} INFO - Sync 1 DAGs
[2024-05-26T09:49:10.593+0000] {logging_mixin.py:188} INFO - [2024-05-26T09:49:10.593+0000] {dag.py:3954} INFO - Setting next_dagrun for example_display_name to None, run_after=None
[2024-05-26T09:49:10.630+0000] {processor.py:183} INFO - Processing /usr/local/python/3.10.13/lib/python3.10/site-packages/airflow/example_dags/example_display_name.py took 0.068 seconds
[2024-05-26T09:50:12.705+0000] {processor.py:161} INFO - Started process (PID=58593) to work on /usr/local/python/3.10.13/lib/python3.10/site-packages/airflow/example_dags/example_display_name.py
[2024-05-26T09:50:12.706+0000] {processor.py:830} INFO - Processing file /usr/local/python/3.10.13/lib/python3.10/site-packages/airflow/example_dags/example_display_name.py for tasks to queue
[2024-05-26T09:50:12.708+0000] {logging_mixin.py:188} INFO - [2024-05-26T09:50:12.707+0000] {dagbag.py:545} INFO - Filling up the DagBag from /usr/local/python/3.10.13/lib/python3.10/site-packages/airflow/example_dags/example_display_name.py
[2024-05-26T09:50:12.712+0000] {processor.py:840} INFO - DAG(s) 'example_display_name' retrieved from /usr/local/python/3.10.13/lib/python3.10/site-packages/airflow/example_dags/example_display_name.py
[2024-05-26T09:50:12.725+0000] {logging_mixin.py:188} INFO - [2024-05-26T09:50:12.725+0000] {dag.py:3096} INFO - Sync 1 DAGs
[2024-05-26T09:50:12.737+0000] {logging_mixin.py:188} INFO - [2024-05-26T09:50:12.737+0000] {dag.py:3954} INFO - Setting next_dagrun for example_display_name to None, run_after=None
[2024-05-26T09:50:12.791+0000] {processor.py:183} INFO - Processing /usr/local/python/3.10.13/lib/python3.10/site-packages/airflow/example_dags/example_display_name.py took 0.090 seconds
[2024-05-26T09:51:15.282+0000] {processor.py:161} INFO - Started process (PID=59173) to work on /usr/local/python/3.10.13/lib/python3.10/site-packages/airflow/example_dags/example_display_name.py
[2024-05-26T09:51:15.283+0000] {processor.py:830} INFO - Processing file /usr/local/python/3.10.13/lib/python3.10/site-packages/airflow/example_dags/example_display_name.py for tasks to queue
[2024-05-26T09:51:15.284+0000] {logging_mixin.py:188} INFO - [2024-05-26T09:51:15.284+0000] {dagbag.py:545} INFO - Filling up the DagBag from /usr/local/python/3.10.13/lib/python3.10/site-packages/airflow/example_dags/example_display_name.py
[2024-05-26T09:51:15.289+0000] {processor.py:840} INFO - DAG(s) 'example_display_name' retrieved from /usr/local/python/3.10.13/lib/python3.10/site-packages/airflow/example_dags/example_display_name.py
[2024-05-26T09:51:15.300+0000] {logging_mixin.py:188} INFO - [2024-05-26T09:51:15.300+0000] {dag.py:3096} INFO - Sync 1 DAGs
[2024-05-26T09:51:15.309+0000] {logging_mixin.py:188} INFO - [2024-05-26T09:51:15.309+0000] {dag.py:3954} INFO - Setting next_dagrun for example_display_name to None, run_after=None
[2024-05-26T09:51:15.345+0000] {processor.py:183} INFO - Processing /usr/local/python/3.10.13/lib/python3.10/site-packages/airflow/example_dags/example_display_name.py took 0.068 seconds
[2024-05-26T09:52:16.979+0000] {processor.py:161} INFO - Started process (PID=59816) to work on /usr/local/python/3.10.13/lib/python3.10/site-packages/airflow/example_dags/example_display_name.py
[2024-05-26T09:52:16.980+0000] {processor.py:830} INFO - Processing file /usr/local/python/3.10.13/lib/python3.10/site-packages/airflow/example_dags/example_display_name.py for tasks to queue
[2024-05-26T09:52:16.982+0000] {logging_mixin.py:188} INFO - [2024-05-26T09:52:16.981+0000] {dagbag.py:545} INFO - Filling up the DagBag from /usr/local/python/3.10.13/lib/python3.10/site-packages/airflow/example_dags/example_display_name.py
[2024-05-26T09:52:16.986+0000] {processor.py:840} INFO - DAG(s) 'example_display_name' retrieved from /usr/local/python/3.10.13/lib/python3.10/site-packages/airflow/example_dags/example_display_name.py
[2024-05-26T09:52:16.997+0000] {logging_mixin.py:188} INFO - [2024-05-26T09:52:16.997+0000] {dag.py:3096} INFO - Sync 1 DAGs
[2024-05-26T09:52:17.006+0000] {logging_mixin.py:188} INFO - [2024-05-26T09:52:17.006+0000] {dag.py:3954} INFO - Setting next_dagrun for example_display_name to None, run_after=None
[2024-05-26T09:52:17.046+0000] {processor.py:183} INFO - Processing /usr/local/python/3.10.13/lib/python3.10/site-packages/airflow/example_dags/example_display_name.py took 0.072 seconds
[2024-05-26T09:53:18.617+0000] {processor.py:161} INFO - Started process (PID=60298) to work on /usr/local/python/3.10.13/lib/python3.10/site-packages/airflow/example_dags/example_display_name.py
[2024-05-26T09:53:18.617+0000] {processor.py:830} INFO - Processing file /usr/local/python/3.10.13/lib/python3.10/site-packages/airflow/example_dags/example_display_name.py for tasks to queue
[2024-05-26T09:53:18.619+0000] {logging_mixin.py:188} INFO - [2024-05-26T09:53:18.618+0000] {dagbag.py:545} INFO - Filling up the DagBag from /usr/local/python/3.10.13/lib/python3.10/site-packages/airflow/example_dags/example_display_name.py
[2024-05-26T09:53:18.623+0000] {processor.py:840} INFO - DAG(s) 'example_display_name' retrieved from /usr/local/python/3.10.13/lib/python3.10/site-packages/airflow/example_dags/example_display_name.py
[2024-05-26T09:53:18.635+0000] {logging_mixin.py:188} INFO - [2024-05-26T09:53:18.635+0000] {dag.py:3096} INFO - Sync 1 DAGs
[2024-05-26T09:53:18.644+0000] {logging_mixin.py:188} INFO - [2024-05-26T09:53:18.643+0000] {dag.py:3954} INFO - Setting next_dagrun for example_display_name to None, run_after=None
[2024-05-26T09:53:18.679+0000] {processor.py:183} INFO - Processing /usr/local/python/3.10.13/lib/python3.10/site-packages/airflow/example_dags/example_display_name.py took 0.067 seconds
[2024-05-26T09:54:23.241+0000] {processor.py:161} INFO - Started process (PID=60824) to work on /usr/local/python/3.10.13/lib/python3.10/site-packages/airflow/example_dags/example_display_name.py
[2024-05-26T09:54:23.242+0000] {processor.py:830} INFO - Processing file /usr/local/python/3.10.13/lib/python3.10/site-packages/airflow/example_dags/example_display_name.py for tasks to queue
[2024-05-26T09:54:23.245+0000] {logging_mixin.py:188} INFO - [2024-05-26T09:54:23.244+0000] {dagbag.py:545} INFO - Filling up the DagBag from /usr/local/python/3.10.13/lib/python3.10/site-packages/airflow/example_dags/example_display_name.py
[2024-05-26T09:54:23.252+0000] {processor.py:840} INFO - DAG(s) 'example_display_name' retrieved from /usr/local/python/3.10.13/lib/python3.10/site-packages/airflow/example_dags/example_display_name.py
[2024-05-26T09:54:23.265+0000] {logging_mixin.py:188} INFO - [2024-05-26T09:54:23.265+0000] {dag.py:3096} INFO - Sync 1 DAGs
[2024-05-26T09:54:23.274+0000] {logging_mixin.py:188} INFO - [2024-05-26T09:54:23.274+0000] {dag.py:3954} INFO - Setting next_dagrun for example_display_name to None, run_after=None
[2024-05-26T09:54:23.310+0000] {processor.py:183} INFO - Processing /usr/local/python/3.10.13/lib/python3.10/site-packages/airflow/example_dags/example_display_name.py took 0.074 seconds
[2024-05-26T09:55:08.287+0000] {processor.py:161} INFO - Started process (PID=61168) to work on /usr/local/python/3.10.13/lib/python3.10/site-packages/airflow/example_dags/example_display_name.py
[2024-05-26T09:55:08.287+0000] {processor.py:830} INFO - Processing file /usr/local/python/3.10.13/lib/python3.10/site-packages/airflow/example_dags/example_display_name.py for tasks to queue
[2024-05-26T09:55:08.289+0000] {logging_mixin.py:188} INFO - [2024-05-26T09:55:08.288+0000] {dagbag.py:545} INFO - Filling up the DagBag from /usr/local/python/3.10.13/lib/python3.10/site-packages/airflow/example_dags/example_display_name.py
[2024-05-26T09:55:08.293+0000] {processor.py:840} INFO - DAG(s) 'example_display_name' retrieved from /usr/local/python/3.10.13/lib/python3.10/site-packages/airflow/example_dags/example_display_name.py
[2024-05-26T09:55:08.304+0000] {logging_mixin.py:188} INFO - [2024-05-26T09:55:08.304+0000] {dag.py:3096} INFO - Sync 1 DAGs
[2024-05-26T09:55:08.313+0000] {logging_mixin.py:188} INFO - [2024-05-26T09:55:08.313+0000] {dag.py:3954} INFO - Setting next_dagrun for example_display_name to None, run_after=None
[2024-05-26T09:55:08.348+0000] {processor.py:183} INFO - Processing /usr/local/python/3.10.13/lib/python3.10/site-packages/airflow/example_dags/example_display_name.py took 0.065 seconds
