[2024-05-26T09:11:05.708+0000] {processor.py:161} INFO - Started process (PID=40325) to work on /usr/local/python/3.10.13/lib/python3.10/site-packages/airflow/example_dags/example_python_operator.py
[2024-05-26T09:11:05.709+0000] {processor.py:830} INFO - Processing file /usr/local/python/3.10.13/lib/python3.10/site-packages/airflow/example_dags/example_python_operator.py for tasks to queue
[2024-05-26T09:11:05.710+0000] {logging_mixin.py:188} INFO - [2024-05-26T09:11:05.710+0000] {dagbag.py:545} INFO - Filling up the DagBag from /usr/local/python/3.10.13/lib/python3.10/site-packages/airflow/example_dags/example_python_operator.py
[2024-05-26T09:11:05.797+0000] {processor.py:840} INFO - DAG(s) 'example_python_operator' retrieved from /usr/local/python/3.10.13/lib/python3.10/site-packages/airflow/example_dags/example_python_operator.py
[2024-05-26T09:11:05.890+0000] {logging_mixin.py:188} INFO - [2024-05-26T09:11:05.890+0000] {dag.py:3096} INFO - Sync 1 DAGs
[2024-05-26T09:11:05.898+0000] {logging_mixin.py:188} INFO - [2024-05-26T09:11:05.898+0000] {dag.py:3954} INFO - Setting next_dagrun for example_python_operator to None, run_after=None
[2024-05-26T09:11:05.938+0000] {processor.py:183} INFO - Processing /usr/local/python/3.10.13/lib/python3.10/site-packages/airflow/example_dags/example_python_operator.py took 0.234 seconds
[2024-05-26T09:11:56.373+0000] {processor.py:161} INFO - Started process (PID=40683) to work on /usr/local/python/3.10.13/lib/python3.10/site-packages/airflow/example_dags/example_python_operator.py
[2024-05-26T09:11:56.374+0000] {processor.py:830} INFO - Processing file /usr/local/python/3.10.13/lib/python3.10/site-packages/airflow/example_dags/example_python_operator.py for tasks to queue
[2024-05-26T09:11:56.375+0000] {logging_mixin.py:188} INFO - [2024-05-26T09:11:56.375+0000] {dagbag.py:545} INFO - Filling up the DagBag from /usr/local/python/3.10.13/lib/python3.10/site-packages/airflow/example_dags/example_python_operator.py
[2024-05-26T09:11:56.384+0000] {processor.py:840} INFO - DAG(s) 'example_python_operator' retrieved from /usr/local/python/3.10.13/lib/python3.10/site-packages/airflow/example_dags/example_python_operator.py
[2024-05-26T09:11:56.398+0000] {logging_mixin.py:188} INFO - [2024-05-26T09:11:56.398+0000] {dag.py:3096} INFO - Sync 1 DAGs
[2024-05-26T09:11:56.407+0000] {logging_mixin.py:188} INFO - [2024-05-26T09:11:56.407+0000] {dag.py:3954} INFO - Setting next_dagrun for example_python_operator to None, run_after=None
[2024-05-26T09:11:56.445+0000] {processor.py:183} INFO - Processing /usr/local/python/3.10.13/lib/python3.10/site-packages/airflow/example_dags/example_python_operator.py took 0.077 seconds
[2024-05-26T09:12:57.278+0000] {processor.py:161} INFO - Started process (PID=41193) to work on /usr/local/python/3.10.13/lib/python3.10/site-packages/airflow/example_dags/example_python_operator.py
[2024-05-26T09:12:57.278+0000] {processor.py:830} INFO - Processing file /usr/local/python/3.10.13/lib/python3.10/site-packages/airflow/example_dags/example_python_operator.py for tasks to queue
[2024-05-26T09:12:57.280+0000] {logging_mixin.py:188} INFO - [2024-05-26T09:12:57.279+0000] {dagbag.py:545} INFO - Filling up the DagBag from /usr/local/python/3.10.13/lib/python3.10/site-packages/airflow/example_dags/example_python_operator.py
[2024-05-26T09:12:57.288+0000] {processor.py:840} INFO - DAG(s) 'example_python_operator' retrieved from /usr/local/python/3.10.13/lib/python3.10/site-packages/airflow/example_dags/example_python_operator.py
[2024-05-26T09:12:57.302+0000] {logging_mixin.py:188} INFO - [2024-05-26T09:12:57.301+0000] {dag.py:3096} INFO - Sync 1 DAGs
[2024-05-26T09:12:57.310+0000] {logging_mixin.py:188} INFO - [2024-05-26T09:12:57.310+0000] {dag.py:3954} INFO - Setting next_dagrun for example_python_operator to None, run_after=None
[2024-05-26T09:12:57.347+0000] {processor.py:183} INFO - Processing /usr/local/python/3.10.13/lib/python3.10/site-packages/airflow/example_dags/example_python_operator.py took 0.074 seconds
[2024-05-26T09:14:01.960+0000] {processor.py:161} INFO - Started process (PID=41732) to work on /usr/local/python/3.10.13/lib/python3.10/site-packages/airflow/example_dags/example_python_operator.py
[2024-05-26T09:14:01.961+0000] {processor.py:830} INFO - Processing file /usr/local/python/3.10.13/lib/python3.10/site-packages/airflow/example_dags/example_python_operator.py for tasks to queue
[2024-05-26T09:14:01.962+0000] {logging_mixin.py:188} INFO - [2024-05-26T09:14:01.962+0000] {dagbag.py:545} INFO - Filling up the DagBag from /usr/local/python/3.10.13/lib/python3.10/site-packages/airflow/example_dags/example_python_operator.py
[2024-05-26T09:14:01.970+0000] {processor.py:840} INFO - DAG(s) 'example_python_operator' retrieved from /usr/local/python/3.10.13/lib/python3.10/site-packages/airflow/example_dags/example_python_operator.py
[2024-05-26T09:14:01.984+0000] {logging_mixin.py:188} INFO - [2024-05-26T09:14:01.984+0000] {dag.py:3096} INFO - Sync 1 DAGs
[2024-05-26T09:14:01.994+0000] {logging_mixin.py:188} INFO - [2024-05-26T09:14:01.993+0000] {dag.py:3954} INFO - Setting next_dagrun for example_python_operator to None, run_after=None
[2024-05-26T09:14:02.039+0000] {processor.py:183} INFO - Processing /usr/local/python/3.10.13/lib/python3.10/site-packages/airflow/example_dags/example_python_operator.py took 0.084 seconds
[2024-05-26T09:15:08.941+0000] {processor.py:161} INFO - Started process (PID=42185) to work on /usr/local/python/3.10.13/lib/python3.10/site-packages/airflow/example_dags/example_python_operator.py
[2024-05-26T09:15:08.942+0000] {processor.py:830} INFO - Processing file /usr/local/python/3.10.13/lib/python3.10/site-packages/airflow/example_dags/example_python_operator.py for tasks to queue
[2024-05-26T09:15:08.943+0000] {logging_mixin.py:188} INFO - [2024-05-26T09:15:08.943+0000] {dagbag.py:545} INFO - Filling up the DagBag from /usr/local/python/3.10.13/lib/python3.10/site-packages/airflow/example_dags/example_python_operator.py
[2024-05-26T09:15:08.952+0000] {processor.py:840} INFO - DAG(s) 'example_python_operator' retrieved from /usr/local/python/3.10.13/lib/python3.10/site-packages/airflow/example_dags/example_python_operator.py
[2024-05-26T09:15:08.966+0000] {logging_mixin.py:188} INFO - [2024-05-26T09:15:08.966+0000] {dag.py:3096} INFO - Sync 1 DAGs
[2024-05-26T09:15:08.976+0000] {logging_mixin.py:188} INFO - [2024-05-26T09:15:08.975+0000] {dag.py:3954} INFO - Setting next_dagrun for example_python_operator to None, run_after=None
[2024-05-26T09:15:09.016+0000] {processor.py:183} INFO - Processing /usr/local/python/3.10.13/lib/python3.10/site-packages/airflow/example_dags/example_python_operator.py took 0.080 seconds
[2024-05-26T09:16:10.822+0000] {processor.py:161} INFO - Started process (PID=42619) to work on /usr/local/python/3.10.13/lib/python3.10/site-packages/airflow/example_dags/example_python_operator.py
[2024-05-26T09:16:10.823+0000] {processor.py:830} INFO - Processing file /usr/local/python/3.10.13/lib/python3.10/site-packages/airflow/example_dags/example_python_operator.py for tasks to queue
[2024-05-26T09:16:10.824+0000] {logging_mixin.py:188} INFO - [2024-05-26T09:16:10.824+0000] {dagbag.py:545} INFO - Filling up the DagBag from /usr/local/python/3.10.13/lib/python3.10/site-packages/airflow/example_dags/example_python_operator.py
[2024-05-26T09:16:10.836+0000] {processor.py:840} INFO - DAG(s) 'example_python_operator' retrieved from /usr/local/python/3.10.13/lib/python3.10/site-packages/airflow/example_dags/example_python_operator.py
[2024-05-26T09:16:10.851+0000] {logging_mixin.py:188} INFO - [2024-05-26T09:16:10.851+0000] {dag.py:3096} INFO - Sync 1 DAGs
[2024-05-26T09:16:10.860+0000] {logging_mixin.py:188} INFO - [2024-05-26T09:16:10.860+0000] {dag.py:3954} INFO - Setting next_dagrun for example_python_operator to None, run_after=None
[2024-05-26T09:16:10.902+0000] {processor.py:183} INFO - Processing /usr/local/python/3.10.13/lib/python3.10/site-packages/airflow/example_dags/example_python_operator.py took 0.085 seconds
[2024-05-26T09:17:12.370+0000] {processor.py:161} INFO - Started process (PID=43044) to work on /usr/local/python/3.10.13/lib/python3.10/site-packages/airflow/example_dags/example_python_operator.py
[2024-05-26T09:17:12.371+0000] {processor.py:830} INFO - Processing file /usr/local/python/3.10.13/lib/python3.10/site-packages/airflow/example_dags/example_python_operator.py for tasks to queue
[2024-05-26T09:17:12.372+0000] {logging_mixin.py:188} INFO - [2024-05-26T09:17:12.372+0000] {dagbag.py:545} INFO - Filling up the DagBag from /usr/local/python/3.10.13/lib/python3.10/site-packages/airflow/example_dags/example_python_operator.py
[2024-05-26T09:17:12.380+0000] {processor.py:840} INFO - DAG(s) 'example_python_operator' retrieved from /usr/local/python/3.10.13/lib/python3.10/site-packages/airflow/example_dags/example_python_operator.py
[2024-05-26T09:17:12.395+0000] {logging_mixin.py:188} INFO - [2024-05-26T09:17:12.395+0000] {dag.py:3096} INFO - Sync 1 DAGs
[2024-05-26T09:17:12.405+0000] {logging_mixin.py:188} INFO - [2024-05-26T09:17:12.404+0000] {dag.py:3954} INFO - Setting next_dagrun for example_python_operator to None, run_after=None
[2024-05-26T09:17:12.443+0000] {processor.py:183} INFO - Processing /usr/local/python/3.10.13/lib/python3.10/site-packages/airflow/example_dags/example_python_operator.py took 0.078 seconds
[2024-05-26T09:18:18.491+0000] {processor.py:161} INFO - Started process (PID=43505) to work on /usr/local/python/3.10.13/lib/python3.10/site-packages/airflow/example_dags/example_python_operator.py
[2024-05-26T09:18:18.492+0000] {processor.py:830} INFO - Processing file /usr/local/python/3.10.13/lib/python3.10/site-packages/airflow/example_dags/example_python_operator.py for tasks to queue
[2024-05-26T09:18:18.493+0000] {logging_mixin.py:188} INFO - [2024-05-26T09:18:18.493+0000] {dagbag.py:545} INFO - Filling up the DagBag from /usr/local/python/3.10.13/lib/python3.10/site-packages/airflow/example_dags/example_python_operator.py
[2024-05-26T09:18:18.502+0000] {processor.py:840} INFO - DAG(s) 'example_python_operator' retrieved from /usr/local/python/3.10.13/lib/python3.10/site-packages/airflow/example_dags/example_python_operator.py
[2024-05-26T09:18:18.516+0000] {logging_mixin.py:188} INFO - [2024-05-26T09:18:18.516+0000] {dag.py:3096} INFO - Sync 1 DAGs
[2024-05-26T09:18:18.526+0000] {logging_mixin.py:188} INFO - [2024-05-26T09:18:18.525+0000] {dag.py:3954} INFO - Setting next_dagrun for example_python_operator to None, run_after=None
[2024-05-26T09:18:18.565+0000] {processor.py:183} INFO - Processing /usr/local/python/3.10.13/lib/python3.10/site-packages/airflow/example_dags/example_python_operator.py took 0.079 seconds
[2024-05-26T09:19:20.036+0000] {processor.py:161} INFO - Started process (PID=43994) to work on /usr/local/python/3.10.13/lib/python3.10/site-packages/airflow/example_dags/example_python_operator.py
[2024-05-26T09:19:20.037+0000] {processor.py:830} INFO - Processing file /usr/local/python/3.10.13/lib/python3.10/site-packages/airflow/example_dags/example_python_operator.py for tasks to queue
[2024-05-26T09:19:20.038+0000] {logging_mixin.py:188} INFO - [2024-05-26T09:19:20.038+0000] {dagbag.py:545} INFO - Filling up the DagBag from /usr/local/python/3.10.13/lib/python3.10/site-packages/airflow/example_dags/example_python_operator.py
[2024-05-26T09:19:20.047+0000] {processor.py:840} INFO - DAG(s) 'example_python_operator' retrieved from /usr/local/python/3.10.13/lib/python3.10/site-packages/airflow/example_dags/example_python_operator.py
[2024-05-26T09:19:20.060+0000] {logging_mixin.py:188} INFO - [2024-05-26T09:19:20.060+0000] {dag.py:3096} INFO - Sync 1 DAGs
[2024-05-26T09:19:20.071+0000] {logging_mixin.py:188} INFO - [2024-05-26T09:19:20.070+0000] {dag.py:3954} INFO - Setting next_dagrun for example_python_operator to None, run_after=None
[2024-05-26T09:19:20.108+0000] {processor.py:183} INFO - Processing /usr/local/python/3.10.13/lib/python3.10/site-packages/airflow/example_dags/example_python_operator.py took 0.076 seconds
[2024-05-26T09:20:24.895+0000] {processor.py:161} INFO - Started process (PID=44451) to work on /usr/local/python/3.10.13/lib/python3.10/site-packages/airflow/example_dags/example_python_operator.py
[2024-05-26T09:20:24.896+0000] {processor.py:830} INFO - Processing file /usr/local/python/3.10.13/lib/python3.10/site-packages/airflow/example_dags/example_python_operator.py for tasks to queue
[2024-05-26T09:20:24.897+0000] {logging_mixin.py:188} INFO - [2024-05-26T09:20:24.897+0000] {dagbag.py:545} INFO - Filling up the DagBag from /usr/local/python/3.10.13/lib/python3.10/site-packages/airflow/example_dags/example_python_operator.py
[2024-05-26T09:20:24.905+0000] {processor.py:840} INFO - DAG(s) 'example_python_operator' retrieved from /usr/local/python/3.10.13/lib/python3.10/site-packages/airflow/example_dags/example_python_operator.py
[2024-05-26T09:20:24.919+0000] {logging_mixin.py:188} INFO - [2024-05-26T09:20:24.919+0000] {dag.py:3096} INFO - Sync 1 DAGs
[2024-05-26T09:20:24.929+0000] {logging_mixin.py:188} INFO - [2024-05-26T09:20:24.929+0000] {dag.py:3954} INFO - Setting next_dagrun for example_python_operator to None, run_after=None
[2024-05-26T09:20:24.966+0000] {processor.py:183} INFO - Processing /usr/local/python/3.10.13/lib/python3.10/site-packages/airflow/example_dags/example_python_operator.py took 0.076 seconds
[2024-05-26T09:21:26.973+0000] {processor.py:161} INFO - Started process (PID=44874) to work on /usr/local/python/3.10.13/lib/python3.10/site-packages/airflow/example_dags/example_python_operator.py
[2024-05-26T09:21:26.974+0000] {processor.py:830} INFO - Processing file /usr/local/python/3.10.13/lib/python3.10/site-packages/airflow/example_dags/example_python_operator.py for tasks to queue
[2024-05-26T09:21:26.975+0000] {logging_mixin.py:188} INFO - [2024-05-26T09:21:26.974+0000] {dagbag.py:545} INFO - Filling up the DagBag from /usr/local/python/3.10.13/lib/python3.10/site-packages/airflow/example_dags/example_python_operator.py
[2024-05-26T09:21:26.983+0000] {processor.py:840} INFO - DAG(s) 'example_python_operator' retrieved from /usr/local/python/3.10.13/lib/python3.10/site-packages/airflow/example_dags/example_python_operator.py
[2024-05-26T09:21:26.997+0000] {logging_mixin.py:188} INFO - [2024-05-26T09:21:26.997+0000] {dag.py:3096} INFO - Sync 1 DAGs
[2024-05-26T09:21:27.006+0000] {logging_mixin.py:188} INFO - [2024-05-26T09:21:27.006+0000] {dag.py:3954} INFO - Setting next_dagrun for example_python_operator to None, run_after=None
[2024-05-26T09:21:27.046+0000] {processor.py:183} INFO - Processing /usr/local/python/3.10.13/lib/python3.10/site-packages/airflow/example_dags/example_python_operator.py took 0.079 seconds
[2024-05-26T09:22:28.344+0000] {processor.py:161} INFO - Started process (PID=45297) to work on /usr/local/python/3.10.13/lib/python3.10/site-packages/airflow/example_dags/example_python_operator.py
[2024-05-26T09:22:28.345+0000] {processor.py:830} INFO - Processing file /usr/local/python/3.10.13/lib/python3.10/site-packages/airflow/example_dags/example_python_operator.py for tasks to queue
[2024-05-26T09:22:28.346+0000] {logging_mixin.py:188} INFO - [2024-05-26T09:22:28.346+0000] {dagbag.py:545} INFO - Filling up the DagBag from /usr/local/python/3.10.13/lib/python3.10/site-packages/airflow/example_dags/example_python_operator.py
[2024-05-26T09:22:28.354+0000] {processor.py:840} INFO - DAG(s) 'example_python_operator' retrieved from /usr/local/python/3.10.13/lib/python3.10/site-packages/airflow/example_dags/example_python_operator.py
[2024-05-26T09:22:28.369+0000] {logging_mixin.py:188} INFO - [2024-05-26T09:22:28.368+0000] {dag.py:3096} INFO - Sync 1 DAGs
[2024-05-26T09:22:28.378+0000] {logging_mixin.py:188} INFO - [2024-05-26T09:22:28.378+0000] {dag.py:3954} INFO - Setting next_dagrun for example_python_operator to None, run_after=None
[2024-05-26T09:22:28.417+0000] {processor.py:183} INFO - Processing /usr/local/python/3.10.13/lib/python3.10/site-packages/airflow/example_dags/example_python_operator.py took 0.078 seconds
[2024-05-26T09:23:24.918+0000] {processor.py:161} INFO - Started process (PID=45699) to work on /usr/local/python/3.10.13/lib/python3.10/site-packages/airflow/example_dags/example_python_operator.py
[2024-05-26T09:23:24.918+0000] {processor.py:830} INFO - Processing file /usr/local/python/3.10.13/lib/python3.10/site-packages/airflow/example_dags/example_python_operator.py for tasks to queue
[2024-05-26T09:23:24.919+0000] {logging_mixin.py:188} INFO - [2024-05-26T09:23:24.919+0000] {dagbag.py:545} INFO - Filling up the DagBag from /usr/local/python/3.10.13/lib/python3.10/site-packages/airflow/example_dags/example_python_operator.py
[2024-05-26T09:23:24.928+0000] {processor.py:840} INFO - DAG(s) 'example_python_operator' retrieved from /usr/local/python/3.10.13/lib/python3.10/site-packages/airflow/example_dags/example_python_operator.py
[2024-05-26T09:23:24.942+0000] {logging_mixin.py:188} INFO - [2024-05-26T09:23:24.942+0000] {dag.py:3096} INFO - Sync 1 DAGs
[2024-05-26T09:23:24.951+0000] {logging_mixin.py:188} INFO - [2024-05-26T09:23:24.950+0000] {dag.py:3954} INFO - Setting next_dagrun for example_python_operator to None, run_after=None
[2024-05-26T09:23:24.988+0000] {processor.py:183} INFO - Processing /usr/local/python/3.10.13/lib/python3.10/site-packages/airflow/example_dags/example_python_operator.py took 0.075 seconds
[2024-05-26T09:24:28.140+0000] {processor.py:161} INFO - Started process (PID=46130) to work on /usr/local/python/3.10.13/lib/python3.10/site-packages/airflow/example_dags/example_python_operator.py
[2024-05-26T09:24:28.141+0000] {processor.py:830} INFO - Processing file /usr/local/python/3.10.13/lib/python3.10/site-packages/airflow/example_dags/example_python_operator.py for tasks to queue
[2024-05-26T09:24:28.142+0000] {logging_mixin.py:188} INFO - [2024-05-26T09:24:28.142+0000] {dagbag.py:545} INFO - Filling up the DagBag from /usr/local/python/3.10.13/lib/python3.10/site-packages/airflow/example_dags/example_python_operator.py
[2024-05-26T09:24:28.151+0000] {processor.py:840} INFO - DAG(s) 'example_python_operator' retrieved from /usr/local/python/3.10.13/lib/python3.10/site-packages/airflow/example_dags/example_python_operator.py
[2024-05-26T09:24:28.164+0000] {logging_mixin.py:188} INFO - [2024-05-26T09:24:28.164+0000] {dag.py:3096} INFO - Sync 1 DAGs
[2024-05-26T09:24:28.173+0000] {logging_mixin.py:188} INFO - [2024-05-26T09:24:28.173+0000] {dag.py:3954} INFO - Setting next_dagrun for example_python_operator to None, run_after=None
[2024-05-26T09:24:28.214+0000] {processor.py:183} INFO - Processing /usr/local/python/3.10.13/lib/python3.10/site-packages/airflow/example_dags/example_python_operator.py took 0.079 seconds
[2024-05-26T09:25:28.819+0000] {processor.py:161} INFO - Started process (PID=46564) to work on /usr/local/python/3.10.13/lib/python3.10/site-packages/airflow/example_dags/example_python_operator.py
[2024-05-26T09:25:28.820+0000] {processor.py:830} INFO - Processing file /usr/local/python/3.10.13/lib/python3.10/site-packages/airflow/example_dags/example_python_operator.py for tasks to queue
[2024-05-26T09:25:28.821+0000] {logging_mixin.py:188} INFO - [2024-05-26T09:25:28.821+0000] {dagbag.py:545} INFO - Filling up the DagBag from /usr/local/python/3.10.13/lib/python3.10/site-packages/airflow/example_dags/example_python_operator.py
[2024-05-26T09:25:28.830+0000] {processor.py:840} INFO - DAG(s) 'example_python_operator' retrieved from /usr/local/python/3.10.13/lib/python3.10/site-packages/airflow/example_dags/example_python_operator.py
[2024-05-26T09:25:28.843+0000] {logging_mixin.py:188} INFO - [2024-05-26T09:25:28.843+0000] {dag.py:3096} INFO - Sync 1 DAGs
[2024-05-26T09:25:28.852+0000] {logging_mixin.py:188} INFO - [2024-05-26T09:25:28.852+0000] {dag.py:3954} INFO - Setting next_dagrun for example_python_operator to None, run_after=None
[2024-05-26T09:25:28.888+0000] {processor.py:183} INFO - Processing /usr/local/python/3.10.13/lib/python3.10/site-packages/airflow/example_dags/example_python_operator.py took 0.073 seconds
[2024-05-26T09:26:30.510+0000] {processor.py:161} INFO - Started process (PID=47021) to work on /usr/local/python/3.10.13/lib/python3.10/site-packages/airflow/example_dags/example_python_operator.py
[2024-05-26T09:26:30.510+0000] {processor.py:830} INFO - Processing file /usr/local/python/3.10.13/lib/python3.10/site-packages/airflow/example_dags/example_python_operator.py for tasks to queue
[2024-05-26T09:26:30.512+0000] {logging_mixin.py:188} INFO - [2024-05-26T09:26:30.511+0000] {dagbag.py:545} INFO - Filling up the DagBag from /usr/local/python/3.10.13/lib/python3.10/site-packages/airflow/example_dags/example_python_operator.py
[2024-05-26T09:26:30.520+0000] {processor.py:840} INFO - DAG(s) 'example_python_operator' retrieved from /usr/local/python/3.10.13/lib/python3.10/site-packages/airflow/example_dags/example_python_operator.py
[2024-05-26T09:26:30.534+0000] {logging_mixin.py:188} INFO - [2024-05-26T09:26:30.533+0000] {dag.py:3096} INFO - Sync 1 DAGs
[2024-05-26T09:26:30.543+0000] {logging_mixin.py:188} INFO - [2024-05-26T09:26:30.542+0000] {dag.py:3954} INFO - Setting next_dagrun for example_python_operator to None, run_after=None
[2024-05-26T09:26:30.578+0000] {processor.py:183} INFO - Processing /usr/local/python/3.10.13/lib/python3.10/site-packages/airflow/example_dags/example_python_operator.py took 0.073 seconds
[2024-05-26T09:27:31.757+0000] {processor.py:161} INFO - Started process (PID=47463) to work on /usr/local/python/3.10.13/lib/python3.10/site-packages/airflow/example_dags/example_python_operator.py
[2024-05-26T09:27:31.758+0000] {processor.py:830} INFO - Processing file /usr/local/python/3.10.13/lib/python3.10/site-packages/airflow/example_dags/example_python_operator.py for tasks to queue
[2024-05-26T09:27:31.759+0000] {logging_mixin.py:188} INFO - [2024-05-26T09:27:31.759+0000] {dagbag.py:545} INFO - Filling up the DagBag from /usr/local/python/3.10.13/lib/python3.10/site-packages/airflow/example_dags/example_python_operator.py
[2024-05-26T09:27:31.768+0000] {processor.py:840} INFO - DAG(s) 'example_python_operator' retrieved from /usr/local/python/3.10.13/lib/python3.10/site-packages/airflow/example_dags/example_python_operator.py
[2024-05-26T09:27:31.781+0000] {logging_mixin.py:188} INFO - [2024-05-26T09:27:31.781+0000] {dag.py:3096} INFO - Sync 1 DAGs
[2024-05-26T09:27:31.790+0000] {logging_mixin.py:188} INFO - [2024-05-26T09:27:31.790+0000] {dag.py:3954} INFO - Setting next_dagrun for example_python_operator to None, run_after=None
[2024-05-26T09:27:31.828+0000] {processor.py:183} INFO - Processing /usr/local/python/3.10.13/lib/python3.10/site-packages/airflow/example_dags/example_python_operator.py took 0.075 seconds
[2024-05-26T09:28:34.938+0000] {processor.py:161} INFO - Started process (PID=47892) to work on /usr/local/python/3.10.13/lib/python3.10/site-packages/airflow/example_dags/example_python_operator.py
[2024-05-26T09:28:34.939+0000] {processor.py:830} INFO - Processing file /usr/local/python/3.10.13/lib/python3.10/site-packages/airflow/example_dags/example_python_operator.py for tasks to queue
[2024-05-26T09:28:34.941+0000] {logging_mixin.py:188} INFO - [2024-05-26T09:28:34.940+0000] {dagbag.py:545} INFO - Filling up the DagBag from /usr/local/python/3.10.13/lib/python3.10/site-packages/airflow/example_dags/example_python_operator.py
[2024-05-26T09:28:34.949+0000] {processor.py:840} INFO - DAG(s) 'example_python_operator' retrieved from /usr/local/python/3.10.13/lib/python3.10/site-packages/airflow/example_dags/example_python_operator.py
[2024-05-26T09:28:34.963+0000] {logging_mixin.py:188} INFO - [2024-05-26T09:28:34.963+0000] {dag.py:3096} INFO - Sync 1 DAGs
[2024-05-26T09:28:34.972+0000] {logging_mixin.py:188} INFO - [2024-05-26T09:28:34.972+0000] {dag.py:3954} INFO - Setting next_dagrun for example_python_operator to None, run_after=None
[2024-05-26T09:28:35.012+0000] {processor.py:183} INFO - Processing /usr/local/python/3.10.13/lib/python3.10/site-packages/airflow/example_dags/example_python_operator.py took 0.078 seconds
[2024-05-26T09:29:38.090+0000] {processor.py:161} INFO - Started process (PID=48348) to work on /usr/local/python/3.10.13/lib/python3.10/site-packages/airflow/example_dags/example_python_operator.py
[2024-05-26T09:29:38.090+0000] {processor.py:830} INFO - Processing file /usr/local/python/3.10.13/lib/python3.10/site-packages/airflow/example_dags/example_python_operator.py for tasks to queue
[2024-05-26T09:29:38.092+0000] {logging_mixin.py:188} INFO - [2024-05-26T09:29:38.091+0000] {dagbag.py:545} INFO - Filling up the DagBag from /usr/local/python/3.10.13/lib/python3.10/site-packages/airflow/example_dags/example_python_operator.py
[2024-05-26T09:29:38.101+0000] {processor.py:840} INFO - DAG(s) 'example_python_operator' retrieved from /usr/local/python/3.10.13/lib/python3.10/site-packages/airflow/example_dags/example_python_operator.py
[2024-05-26T09:29:38.115+0000] {logging_mixin.py:188} INFO - [2024-05-26T09:29:38.115+0000] {dag.py:3096} INFO - Sync 1 DAGs
[2024-05-26T09:29:38.124+0000] {logging_mixin.py:188} INFO - [2024-05-26T09:29:38.124+0000] {dag.py:3954} INFO - Setting next_dagrun for example_python_operator to None, run_after=None
[2024-05-26T09:29:38.160+0000] {processor.py:183} INFO - Processing /usr/local/python/3.10.13/lib/python3.10/site-packages/airflow/example_dags/example_python_operator.py took 0.075 seconds
[2024-05-26T09:30:37.548+0000] {processor.py:161} INFO - Started process (PID=48748) to work on /usr/local/python/3.10.13/lib/python3.10/site-packages/airflow/example_dags/example_python_operator.py
[2024-05-26T09:30:37.549+0000] {processor.py:830} INFO - Processing file /usr/local/python/3.10.13/lib/python3.10/site-packages/airflow/example_dags/example_python_operator.py for tasks to queue
[2024-05-26T09:30:37.550+0000] {logging_mixin.py:188} INFO - [2024-05-26T09:30:37.550+0000] {dagbag.py:545} INFO - Filling up the DagBag from /usr/local/python/3.10.13/lib/python3.10/site-packages/airflow/example_dags/example_python_operator.py
[2024-05-26T09:30:37.558+0000] {processor.py:840} INFO - DAG(s) 'example_python_operator' retrieved from /usr/local/python/3.10.13/lib/python3.10/site-packages/airflow/example_dags/example_python_operator.py
[2024-05-26T09:30:37.572+0000] {logging_mixin.py:188} INFO - [2024-05-26T09:30:37.572+0000] {dag.py:3096} INFO - Sync 1 DAGs
[2024-05-26T09:30:37.581+0000] {logging_mixin.py:188} INFO - [2024-05-26T09:30:37.581+0000] {dag.py:3954} INFO - Setting next_dagrun for example_python_operator to None, run_after=None
[2024-05-26T09:30:37.617+0000] {processor.py:183} INFO - Processing /usr/local/python/3.10.13/lib/python3.10/site-packages/airflow/example_dags/example_python_operator.py took 0.074 seconds
[2024-05-26T09:31:36.888+0000] {processor.py:161} INFO - Started process (PID=49161) to work on /usr/local/python/3.10.13/lib/python3.10/site-packages/airflow/example_dags/example_python_operator.py
[2024-05-26T09:31:36.888+0000] {processor.py:830} INFO - Processing file /usr/local/python/3.10.13/lib/python3.10/site-packages/airflow/example_dags/example_python_operator.py for tasks to queue
[2024-05-26T09:31:36.890+0000] {logging_mixin.py:188} INFO - [2024-05-26T09:31:36.889+0000] {dagbag.py:545} INFO - Filling up the DagBag from /usr/local/python/3.10.13/lib/python3.10/site-packages/airflow/example_dags/example_python_operator.py
[2024-05-26T09:31:36.898+0000] {processor.py:840} INFO - DAG(s) 'example_python_operator' retrieved from /usr/local/python/3.10.13/lib/python3.10/site-packages/airflow/example_dags/example_python_operator.py
[2024-05-26T09:31:36.912+0000] {logging_mixin.py:188} INFO - [2024-05-26T09:31:36.912+0000] {dag.py:3096} INFO - Sync 1 DAGs
[2024-05-26T09:31:36.921+0000] {logging_mixin.py:188} INFO - [2024-05-26T09:31:36.921+0000] {dag.py:3954} INFO - Setting next_dagrun for example_python_operator to None, run_after=None
[2024-05-26T09:31:36.961+0000] {processor.py:183} INFO - Processing /usr/local/python/3.10.13/lib/python3.10/site-packages/airflow/example_dags/example_python_operator.py took 0.078 seconds
[2024-05-26T09:32:41.932+0000] {processor.py:161} INFO - Started process (PID=49630) to work on /usr/local/python/3.10.13/lib/python3.10/site-packages/airflow/example_dags/example_python_operator.py
[2024-05-26T09:32:41.933+0000] {processor.py:830} INFO - Processing file /usr/local/python/3.10.13/lib/python3.10/site-packages/airflow/example_dags/example_python_operator.py for tasks to queue
[2024-05-26T09:32:41.935+0000] {logging_mixin.py:188} INFO - [2024-05-26T09:32:41.934+0000] {dagbag.py:545} INFO - Filling up the DagBag from /usr/local/python/3.10.13/lib/python3.10/site-packages/airflow/example_dags/example_python_operator.py
[2024-05-26T09:32:41.950+0000] {processor.py:840} INFO - DAG(s) 'example_python_operator' retrieved from /usr/local/python/3.10.13/lib/python3.10/site-packages/airflow/example_dags/example_python_operator.py
[2024-05-26T09:32:41.966+0000] {logging_mixin.py:188} INFO - [2024-05-26T09:32:41.965+0000] {dag.py:3096} INFO - Sync 1 DAGs
[2024-05-26T09:32:41.975+0000] {logging_mixin.py:188} INFO - [2024-05-26T09:32:41.974+0000] {dag.py:3954} INFO - Setting next_dagrun for example_python_operator to None, run_after=None
[2024-05-26T09:32:42.010+0000] {processor.py:183} INFO - Processing /usr/local/python/3.10.13/lib/python3.10/site-packages/airflow/example_dags/example_python_operator.py took 0.085 seconds
[2024-05-26T09:33:39.429+0000] {processor.py:161} INFO - Started process (PID=50032) to work on /usr/local/python/3.10.13/lib/python3.10/site-packages/airflow/example_dags/example_python_operator.py
[2024-05-26T09:33:39.430+0000] {processor.py:830} INFO - Processing file /usr/local/python/3.10.13/lib/python3.10/site-packages/airflow/example_dags/example_python_operator.py for tasks to queue
[2024-05-26T09:33:39.431+0000] {logging_mixin.py:188} INFO - [2024-05-26T09:33:39.431+0000] {dagbag.py:545} INFO - Filling up the DagBag from /usr/local/python/3.10.13/lib/python3.10/site-packages/airflow/example_dags/example_python_operator.py
[2024-05-26T09:33:39.440+0000] {processor.py:840} INFO - DAG(s) 'example_python_operator' retrieved from /usr/local/python/3.10.13/lib/python3.10/site-packages/airflow/example_dags/example_python_operator.py
[2024-05-26T09:33:39.454+0000] {logging_mixin.py:188} INFO - [2024-05-26T09:33:39.454+0000] {dag.py:3096} INFO - Sync 1 DAGs
[2024-05-26T09:33:39.463+0000] {logging_mixin.py:188} INFO - [2024-05-26T09:33:39.462+0000] {dag.py:3954} INFO - Setting next_dagrun for example_python_operator to None, run_after=None
[2024-05-26T09:33:39.503+0000] {processor.py:183} INFO - Processing /usr/local/python/3.10.13/lib/python3.10/site-packages/airflow/example_dags/example_python_operator.py took 0.078 seconds
[2024-05-26T09:34:41.371+0000] {processor.py:161} INFO - Started process (PID=50468) to work on /usr/local/python/3.10.13/lib/python3.10/site-packages/airflow/example_dags/example_python_operator.py
[2024-05-26T09:34:41.372+0000] {processor.py:830} INFO - Processing file /usr/local/python/3.10.13/lib/python3.10/site-packages/airflow/example_dags/example_python_operator.py for tasks to queue
[2024-05-26T09:34:41.373+0000] {logging_mixin.py:188} INFO - [2024-05-26T09:34:41.373+0000] {dagbag.py:545} INFO - Filling up the DagBag from /usr/local/python/3.10.13/lib/python3.10/site-packages/airflow/example_dags/example_python_operator.py
[2024-05-26T09:34:41.382+0000] {processor.py:840} INFO - DAG(s) 'example_python_operator' retrieved from /usr/local/python/3.10.13/lib/python3.10/site-packages/airflow/example_dags/example_python_operator.py
[2024-05-26T09:34:41.396+0000] {logging_mixin.py:188} INFO - [2024-05-26T09:34:41.395+0000] {dag.py:3096} INFO - Sync 1 DAGs
[2024-05-26T09:34:41.404+0000] {logging_mixin.py:188} INFO - [2024-05-26T09:34:41.404+0000] {dag.py:3954} INFO - Setting next_dagrun for example_python_operator to None, run_after=None
[2024-05-26T09:34:41.441+0000] {processor.py:183} INFO - Processing /usr/local/python/3.10.13/lib/python3.10/site-packages/airflow/example_dags/example_python_operator.py took 0.075 seconds
[2024-05-26T09:35:40.592+0000] {processor.py:161} INFO - Started process (PID=50877) to work on /usr/local/python/3.10.13/lib/python3.10/site-packages/airflow/example_dags/example_python_operator.py
[2024-05-26T09:35:40.593+0000] {processor.py:830} INFO - Processing file /usr/local/python/3.10.13/lib/python3.10/site-packages/airflow/example_dags/example_python_operator.py for tasks to queue
[2024-05-26T09:35:40.594+0000] {logging_mixin.py:188} INFO - [2024-05-26T09:35:40.594+0000] {dagbag.py:545} INFO - Filling up the DagBag from /usr/local/python/3.10.13/lib/python3.10/site-packages/airflow/example_dags/example_python_operator.py
[2024-05-26T09:35:40.603+0000] {processor.py:840} INFO - DAG(s) 'example_python_operator' retrieved from /usr/local/python/3.10.13/lib/python3.10/site-packages/airflow/example_dags/example_python_operator.py
[2024-05-26T09:35:40.617+0000] {logging_mixin.py:188} INFO - [2024-05-26T09:35:40.617+0000] {dag.py:3096} INFO - Sync 1 DAGs
[2024-05-26T09:35:40.626+0000] {logging_mixin.py:188} INFO - [2024-05-26T09:35:40.626+0000] {dag.py:3954} INFO - Setting next_dagrun for example_python_operator to None, run_after=None
[2024-05-26T09:35:40.664+0000] {processor.py:183} INFO - Processing /usr/local/python/3.10.13/lib/python3.10/site-packages/airflow/example_dags/example_python_operator.py took 0.076 seconds
[2024-05-26T09:36:41.379+0000] {processor.py:161} INFO - Started process (PID=51304) to work on /usr/local/python/3.10.13/lib/python3.10/site-packages/airflow/example_dags/example_python_operator.py
[2024-05-26T09:36:41.380+0000] {processor.py:830} INFO - Processing file /usr/local/python/3.10.13/lib/python3.10/site-packages/airflow/example_dags/example_python_operator.py for tasks to queue
[2024-05-26T09:36:41.381+0000] {logging_mixin.py:188} INFO - [2024-05-26T09:36:41.381+0000] {dagbag.py:545} INFO - Filling up the DagBag from /usr/local/python/3.10.13/lib/python3.10/site-packages/airflow/example_dags/example_python_operator.py
[2024-05-26T09:36:41.390+0000] {processor.py:840} INFO - DAG(s) 'example_python_operator' retrieved from /usr/local/python/3.10.13/lib/python3.10/site-packages/airflow/example_dags/example_python_operator.py
[2024-05-26T09:36:41.404+0000] {logging_mixin.py:188} INFO - [2024-05-26T09:36:41.403+0000] {dag.py:3096} INFO - Sync 1 DAGs
[2024-05-26T09:36:41.413+0000] {logging_mixin.py:188} INFO - [2024-05-26T09:36:41.412+0000] {dag.py:3954} INFO - Setting next_dagrun for example_python_operator to None, run_after=None
[2024-05-26T09:36:41.449+0000] {processor.py:183} INFO - Processing /usr/local/python/3.10.13/lib/python3.10/site-packages/airflow/example_dags/example_python_operator.py took 0.075 seconds
[2024-05-26T09:37:46.402+0000] {processor.py:161} INFO - Started process (PID=51766) to work on /usr/local/python/3.10.13/lib/python3.10/site-packages/airflow/example_dags/example_python_operator.py
[2024-05-26T09:37:46.402+0000] {processor.py:830} INFO - Processing file /usr/local/python/3.10.13/lib/python3.10/site-packages/airflow/example_dags/example_python_operator.py for tasks to queue
[2024-05-26T09:37:46.404+0000] {logging_mixin.py:188} INFO - [2024-05-26T09:37:46.403+0000] {dagbag.py:545} INFO - Filling up the DagBag from /usr/local/python/3.10.13/lib/python3.10/site-packages/airflow/example_dags/example_python_operator.py
[2024-05-26T09:37:46.412+0000] {processor.py:840} INFO - DAG(s) 'example_python_operator' retrieved from /usr/local/python/3.10.13/lib/python3.10/site-packages/airflow/example_dags/example_python_operator.py
[2024-05-26T09:37:46.427+0000] {logging_mixin.py:188} INFO - [2024-05-26T09:37:46.427+0000] {dag.py:3096} INFO - Sync 1 DAGs
[2024-05-26T09:37:46.436+0000] {logging_mixin.py:188} INFO - [2024-05-26T09:37:46.436+0000] {dag.py:3954} INFO - Setting next_dagrun for example_python_operator to None, run_after=None
[2024-05-26T09:37:46.474+0000] {processor.py:183} INFO - Processing /usr/local/python/3.10.13/lib/python3.10/site-packages/airflow/example_dags/example_python_operator.py took 0.077 seconds
[2024-05-26T09:38:43.603+0000] {processor.py:161} INFO - Started process (PID=52152) to work on /usr/local/python/3.10.13/lib/python3.10/site-packages/airflow/example_dags/example_python_operator.py
[2024-05-26T09:38:43.603+0000] {processor.py:830} INFO - Processing file /usr/local/python/3.10.13/lib/python3.10/site-packages/airflow/example_dags/example_python_operator.py for tasks to queue
[2024-05-26T09:38:43.605+0000] {logging_mixin.py:188} INFO - [2024-05-26T09:38:43.604+0000] {dagbag.py:545} INFO - Filling up the DagBag from /usr/local/python/3.10.13/lib/python3.10/site-packages/airflow/example_dags/example_python_operator.py
[2024-05-26T09:38:43.613+0000] {processor.py:840} INFO - DAG(s) 'example_python_operator' retrieved from /usr/local/python/3.10.13/lib/python3.10/site-packages/airflow/example_dags/example_python_operator.py
[2024-05-26T09:38:43.627+0000] {logging_mixin.py:188} INFO - [2024-05-26T09:38:43.627+0000] {dag.py:3096} INFO - Sync 1 DAGs
[2024-05-26T09:38:43.636+0000] {logging_mixin.py:188} INFO - [2024-05-26T09:38:43.636+0000] {dag.py:3954} INFO - Setting next_dagrun for example_python_operator to None, run_after=None
[2024-05-26T09:38:43.672+0000] {processor.py:183} INFO - Processing /usr/local/python/3.10.13/lib/python3.10/site-packages/airflow/example_dags/example_python_operator.py took 0.074 seconds
[2024-05-26T09:39:44.275+0000] {processor.py:161} INFO - Started process (PID=52578) to work on /usr/local/python/3.10.13/lib/python3.10/site-packages/airflow/example_dags/example_python_operator.py
[2024-05-26T09:39:44.275+0000] {processor.py:830} INFO - Processing file /usr/local/python/3.10.13/lib/python3.10/site-packages/airflow/example_dags/example_python_operator.py for tasks to queue
[2024-05-26T09:39:44.277+0000] {logging_mixin.py:188} INFO - [2024-05-26T09:39:44.276+0000] {dagbag.py:545} INFO - Filling up the DagBag from /usr/local/python/3.10.13/lib/python3.10/site-packages/airflow/example_dags/example_python_operator.py
[2024-05-26T09:39:44.285+0000] {processor.py:840} INFO - DAG(s) 'example_python_operator' retrieved from /usr/local/python/3.10.13/lib/python3.10/site-packages/airflow/example_dags/example_python_operator.py
[2024-05-26T09:39:44.299+0000] {logging_mixin.py:188} INFO - [2024-05-26T09:39:44.299+0000] {dag.py:3096} INFO - Sync 1 DAGs
[2024-05-26T09:39:44.308+0000] {logging_mixin.py:188} INFO - [2024-05-26T09:39:44.308+0000] {dag.py:3954} INFO - Setting next_dagrun for example_python_operator to None, run_after=None
[2024-05-26T09:39:44.343+0000] {processor.py:183} INFO - Processing /usr/local/python/3.10.13/lib/python3.10/site-packages/airflow/example_dags/example_python_operator.py took 0.074 seconds
[2024-05-26T09:40:47.630+0000] {processor.py:161} INFO - Started process (PID=53012) to work on /usr/local/python/3.10.13/lib/python3.10/site-packages/airflow/example_dags/example_python_operator.py
[2024-05-26T09:40:47.630+0000] {processor.py:830} INFO - Processing file /usr/local/python/3.10.13/lib/python3.10/site-packages/airflow/example_dags/example_python_operator.py for tasks to queue
[2024-05-26T09:40:47.632+0000] {logging_mixin.py:188} INFO - [2024-05-26T09:40:47.631+0000] {dagbag.py:545} INFO - Filling up the DagBag from /usr/local/python/3.10.13/lib/python3.10/site-packages/airflow/example_dags/example_python_operator.py
[2024-05-26T09:40:47.640+0000] {processor.py:840} INFO - DAG(s) 'example_python_operator' retrieved from /usr/local/python/3.10.13/lib/python3.10/site-packages/airflow/example_dags/example_python_operator.py
[2024-05-26T09:40:47.653+0000] {logging_mixin.py:188} INFO - [2024-05-26T09:40:47.653+0000] {dag.py:3096} INFO - Sync 1 DAGs
[2024-05-26T09:40:47.662+0000] {logging_mixin.py:188} INFO - [2024-05-26T09:40:47.662+0000] {dag.py:3954} INFO - Setting next_dagrun for example_python_operator to None, run_after=None
[2024-05-26T09:40:47.698+0000] {processor.py:183} INFO - Processing /usr/local/python/3.10.13/lib/python3.10/site-packages/airflow/example_dags/example_python_operator.py took 0.073 seconds
[2024-05-26T09:41:50.027+0000] {processor.py:161} INFO - Started process (PID=53460) to work on /usr/local/python/3.10.13/lib/python3.10/site-packages/airflow/example_dags/example_python_operator.py
[2024-05-26T09:41:50.028+0000] {processor.py:830} INFO - Processing file /usr/local/python/3.10.13/lib/python3.10/site-packages/airflow/example_dags/example_python_operator.py for tasks to queue
[2024-05-26T09:41:50.030+0000] {logging_mixin.py:188} INFO - [2024-05-26T09:41:50.029+0000] {dagbag.py:545} INFO - Filling up the DagBag from /usr/local/python/3.10.13/lib/python3.10/site-packages/airflow/example_dags/example_python_operator.py
[2024-05-26T09:41:50.045+0000] {processor.py:840} INFO - DAG(s) 'example_python_operator' retrieved from /usr/local/python/3.10.13/lib/python3.10/site-packages/airflow/example_dags/example_python_operator.py
[2024-05-26T09:41:50.066+0000] {logging_mixin.py:188} INFO - [2024-05-26T09:41:50.066+0000] {dag.py:3096} INFO - Sync 1 DAGs
[2024-05-26T09:41:50.080+0000] {logging_mixin.py:188} INFO - [2024-05-26T09:41:50.079+0000] {dag.py:3954} INFO - Setting next_dagrun for example_python_operator to None, run_after=None
[2024-05-26T09:41:50.124+0000] {processor.py:183} INFO - Processing /usr/local/python/3.10.13/lib/python3.10/site-packages/airflow/example_dags/example_python_operator.py took 0.104 seconds
[2024-05-26T09:42:48.974+0000] {processor.py:161} INFO - Started process (PID=53857) to work on /usr/local/python/3.10.13/lib/python3.10/site-packages/airflow/example_dags/example_python_operator.py
[2024-05-26T09:42:48.974+0000] {processor.py:830} INFO - Processing file /usr/local/python/3.10.13/lib/python3.10/site-packages/airflow/example_dags/example_python_operator.py for tasks to queue
[2024-05-26T09:42:48.977+0000] {logging_mixin.py:188} INFO - [2024-05-26T09:42:48.976+0000] {dagbag.py:545} INFO - Filling up the DagBag from /usr/local/python/3.10.13/lib/python3.10/site-packages/airflow/example_dags/example_python_operator.py
[2024-05-26T09:42:48.993+0000] {processor.py:840} INFO - DAG(s) 'example_python_operator' retrieved from /usr/local/python/3.10.13/lib/python3.10/site-packages/airflow/example_dags/example_python_operator.py
[2024-05-26T09:42:49.009+0000] {logging_mixin.py:188} INFO - [2024-05-26T09:42:49.009+0000] {dag.py:3096} INFO - Sync 1 DAGs
[2024-05-26T09:42:49.022+0000] {logging_mixin.py:188} INFO - [2024-05-26T09:42:49.022+0000] {dag.py:3954} INFO - Setting next_dagrun for example_python_operator to None, run_after=None
[2024-05-26T09:42:49.062+0000] {processor.py:183} INFO - Processing /usr/local/python/3.10.13/lib/python3.10/site-packages/airflow/example_dags/example_python_operator.py took 0.096 seconds
[2024-05-26T09:43:48.631+0000] {processor.py:161} INFO - Started process (PID=54281) to work on /usr/local/python/3.10.13/lib/python3.10/site-packages/airflow/example_dags/example_python_operator.py
[2024-05-26T09:43:48.632+0000] {processor.py:830} INFO - Processing file /usr/local/python/3.10.13/lib/python3.10/site-packages/airflow/example_dags/example_python_operator.py for tasks to queue
[2024-05-26T09:43:48.634+0000] {logging_mixin.py:188} INFO - [2024-05-26T09:43:48.633+0000] {dagbag.py:545} INFO - Filling up the DagBag from /usr/local/python/3.10.13/lib/python3.10/site-packages/airflow/example_dags/example_python_operator.py
[2024-05-26T09:43:48.645+0000] {processor.py:840} INFO - DAG(s) 'example_python_operator' retrieved from /usr/local/python/3.10.13/lib/python3.10/site-packages/airflow/example_dags/example_python_operator.py
[2024-05-26T09:43:48.662+0000] {logging_mixin.py:188} INFO - [2024-05-26T09:43:48.662+0000] {dag.py:3096} INFO - Sync 1 DAGs
[2024-05-26T09:43:48.671+0000] {logging_mixin.py:188} INFO - [2024-05-26T09:43:48.671+0000] {dag.py:3954} INFO - Setting next_dagrun for example_python_operator to None, run_after=None
[2024-05-26T09:43:48.714+0000] {processor.py:183} INFO - Processing /usr/local/python/3.10.13/lib/python3.10/site-packages/airflow/example_dags/example_python_operator.py took 0.090 seconds
[2024-05-26T09:44:51.902+0000] {processor.py:161} INFO - Started process (PID=54886) to work on /usr/local/python/3.10.13/lib/python3.10/site-packages/airflow/example_dags/example_python_operator.py
[2024-05-26T09:44:51.902+0000] {processor.py:830} INFO - Processing file /usr/local/python/3.10.13/lib/python3.10/site-packages/airflow/example_dags/example_python_operator.py for tasks to queue
[2024-05-26T09:44:51.904+0000] {logging_mixin.py:188} INFO - [2024-05-26T09:44:51.903+0000] {dagbag.py:545} INFO - Filling up the DagBag from /usr/local/python/3.10.13/lib/python3.10/site-packages/airflow/example_dags/example_python_operator.py
[2024-05-26T09:44:51.912+0000] {processor.py:840} INFO - DAG(s) 'example_python_operator' retrieved from /usr/local/python/3.10.13/lib/python3.10/site-packages/airflow/example_dags/example_python_operator.py
[2024-05-26T09:44:51.926+0000] {logging_mixin.py:188} INFO - [2024-05-26T09:44:51.926+0000] {dag.py:3096} INFO - Sync 1 DAGs
[2024-05-26T09:44:51.935+0000] {logging_mixin.py:188} INFO - [2024-05-26T09:44:51.934+0000] {dag.py:3954} INFO - Setting next_dagrun for example_python_operator to None, run_after=None
[2024-05-26T09:44:51.972+0000] {processor.py:183} INFO - Processing /usr/local/python/3.10.13/lib/python3.10/site-packages/airflow/example_dags/example_python_operator.py took 0.075 seconds
[2024-05-26T09:45:52.362+0000] {processor.py:161} INFO - Started process (PID=55664) to work on /usr/local/python/3.10.13/lib/python3.10/site-packages/airflow/example_dags/example_python_operator.py
[2024-05-26T09:45:52.362+0000] {processor.py:830} INFO - Processing file /usr/local/python/3.10.13/lib/python3.10/site-packages/airflow/example_dags/example_python_operator.py for tasks to queue
[2024-05-26T09:45:52.364+0000] {logging_mixin.py:188} INFO - [2024-05-26T09:45:52.363+0000] {dagbag.py:545} INFO - Filling up the DagBag from /usr/local/python/3.10.13/lib/python3.10/site-packages/airflow/example_dags/example_python_operator.py
[2024-05-26T09:45:52.372+0000] {processor.py:840} INFO - DAG(s) 'example_python_operator' retrieved from /usr/local/python/3.10.13/lib/python3.10/site-packages/airflow/example_dags/example_python_operator.py
[2024-05-26T09:45:52.387+0000] {logging_mixin.py:188} INFO - [2024-05-26T09:45:52.387+0000] {dag.py:3096} INFO - Sync 1 DAGs
[2024-05-26T09:45:52.396+0000] {logging_mixin.py:188} INFO - [2024-05-26T09:45:52.396+0000] {dag.py:3954} INFO - Setting next_dagrun for example_python_operator to None, run_after=None
[2024-05-26T09:45:52.433+0000] {processor.py:183} INFO - Processing /usr/local/python/3.10.13/lib/python3.10/site-packages/airflow/example_dags/example_python_operator.py took 0.076 seconds
[2024-05-26T09:46:53.191+0000] {processor.py:161} INFO - Started process (PID=56413) to work on /usr/local/python/3.10.13/lib/python3.10/site-packages/airflow/example_dags/example_python_operator.py
[2024-05-26T09:46:53.191+0000] {processor.py:830} INFO - Processing file /usr/local/python/3.10.13/lib/python3.10/site-packages/airflow/example_dags/example_python_operator.py for tasks to queue
[2024-05-26T09:46:53.192+0000] {logging_mixin.py:188} INFO - [2024-05-26T09:46:53.192+0000] {dagbag.py:545} INFO - Filling up the DagBag from /usr/local/python/3.10.13/lib/python3.10/site-packages/airflow/example_dags/example_python_operator.py
[2024-05-26T09:46:53.201+0000] {processor.py:840} INFO - DAG(s) 'example_python_operator' retrieved from /usr/local/python/3.10.13/lib/python3.10/site-packages/airflow/example_dags/example_python_operator.py
[2024-05-26T09:46:53.215+0000] {logging_mixin.py:188} INFO - [2024-05-26T09:46:53.214+0000] {dag.py:3096} INFO - Sync 1 DAGs
[2024-05-26T09:46:53.224+0000] {logging_mixin.py:188} INFO - [2024-05-26T09:46:53.224+0000] {dag.py:3954} INFO - Setting next_dagrun for example_python_operator to None, run_after=None
[2024-05-26T09:46:53.260+0000] {processor.py:183} INFO - Processing /usr/local/python/3.10.13/lib/python3.10/site-packages/airflow/example_dags/example_python_operator.py took 0.074 seconds
[2024-05-26T09:47:51.264+0000] {processor.py:161} INFO - Started process (PID=57145) to work on /usr/local/python/3.10.13/lib/python3.10/site-packages/airflow/example_dags/example_python_operator.py
[2024-05-26T09:47:51.265+0000] {processor.py:830} INFO - Processing file /usr/local/python/3.10.13/lib/python3.10/site-packages/airflow/example_dags/example_python_operator.py for tasks to queue
[2024-05-26T09:47:51.266+0000] {logging_mixin.py:188} INFO - [2024-05-26T09:47:51.266+0000] {dagbag.py:545} INFO - Filling up the DagBag from /usr/local/python/3.10.13/lib/python3.10/site-packages/airflow/example_dags/example_python_operator.py
[2024-05-26T09:47:51.274+0000] {processor.py:840} INFO - DAG(s) 'example_python_operator' retrieved from /usr/local/python/3.10.13/lib/python3.10/site-packages/airflow/example_dags/example_python_operator.py
[2024-05-26T09:47:51.288+0000] {logging_mixin.py:188} INFO - [2024-05-26T09:47:51.288+0000] {dag.py:3096} INFO - Sync 1 DAGs
[2024-05-26T09:47:51.297+0000] {logging_mixin.py:188} INFO - [2024-05-26T09:47:51.297+0000] {dag.py:3954} INFO - Setting next_dagrun for example_python_operator to None, run_after=None
[2024-05-26T09:47:51.334+0000] {processor.py:183} INFO - Processing /usr/local/python/3.10.13/lib/python3.10/site-packages/airflow/example_dags/example_python_operator.py took 0.075 seconds
[2024-05-26T09:48:52.913+0000] {processor.py:161} INFO - Started process (PID=57819) to work on /usr/local/python/3.10.13/lib/python3.10/site-packages/airflow/example_dags/example_python_operator.py
[2024-05-26T09:48:52.913+0000] {processor.py:830} INFO - Processing file /usr/local/python/3.10.13/lib/python3.10/site-packages/airflow/example_dags/example_python_operator.py for tasks to queue
[2024-05-26T09:48:52.915+0000] {logging_mixin.py:188} INFO - [2024-05-26T09:48:52.914+0000] {dagbag.py:545} INFO - Filling up the DagBag from /usr/local/python/3.10.13/lib/python3.10/site-packages/airflow/example_dags/example_python_operator.py
[2024-05-26T09:48:52.923+0000] {processor.py:840} INFO - DAG(s) 'example_python_operator' retrieved from /usr/local/python/3.10.13/lib/python3.10/site-packages/airflow/example_dags/example_python_operator.py
[2024-05-26T09:48:52.939+0000] {logging_mixin.py:188} INFO - [2024-05-26T09:48:52.939+0000] {dag.py:3096} INFO - Sync 1 DAGs
[2024-05-26T09:48:52.951+0000] {logging_mixin.py:188} INFO - [2024-05-26T09:48:52.951+0000] {dag.py:3954} INFO - Setting next_dagrun for example_python_operator to None, run_after=None
[2024-05-26T09:48:53.005+0000] {processor.py:183} INFO - Processing /usr/local/python/3.10.13/lib/python3.10/site-packages/airflow/example_dags/example_python_operator.py took 0.097 seconds
[2024-05-26T09:49:56.666+0000] {processor.py:161} INFO - Started process (PID=58464) to work on /usr/local/python/3.10.13/lib/python3.10/site-packages/airflow/example_dags/example_python_operator.py
[2024-05-26T09:49:56.667+0000] {processor.py:830} INFO - Processing file /usr/local/python/3.10.13/lib/python3.10/site-packages/airflow/example_dags/example_python_operator.py for tasks to queue
[2024-05-26T09:49:56.668+0000] {logging_mixin.py:188} INFO - [2024-05-26T09:49:56.668+0000] {dagbag.py:545} INFO - Filling up the DagBag from /usr/local/python/3.10.13/lib/python3.10/site-packages/airflow/example_dags/example_python_operator.py
[2024-05-26T09:49:56.677+0000] {processor.py:840} INFO - DAG(s) 'example_python_operator' retrieved from /usr/local/python/3.10.13/lib/python3.10/site-packages/airflow/example_dags/example_python_operator.py
[2024-05-26T09:49:56.690+0000] {logging_mixin.py:188} INFO - [2024-05-26T09:49:56.690+0000] {dag.py:3096} INFO - Sync 1 DAGs
[2024-05-26T09:49:56.700+0000] {logging_mixin.py:188} INFO - [2024-05-26T09:49:56.699+0000] {dag.py:3954} INFO - Setting next_dagrun for example_python_operator to None, run_after=None
[2024-05-26T09:49:56.736+0000] {processor.py:183} INFO - Processing /usr/local/python/3.10.13/lib/python3.10/site-packages/airflow/example_dags/example_python_operator.py took 0.074 seconds
[2024-05-26T09:50:59.050+0000] {processor.py:161} INFO - Started process (PID=58980) to work on /usr/local/python/3.10.13/lib/python3.10/site-packages/airflow/example_dags/example_python_operator.py
[2024-05-26T09:50:59.051+0000] {processor.py:830} INFO - Processing file /usr/local/python/3.10.13/lib/python3.10/site-packages/airflow/example_dags/example_python_operator.py for tasks to queue
[2024-05-26T09:50:59.053+0000] {logging_mixin.py:188} INFO - [2024-05-26T09:50:59.052+0000] {dagbag.py:545} INFO - Filling up the DagBag from /usr/local/python/3.10.13/lib/python3.10/site-packages/airflow/example_dags/example_python_operator.py
[2024-05-26T09:50:59.062+0000] {processor.py:840} INFO - DAG(s) 'example_python_operator' retrieved from /usr/local/python/3.10.13/lib/python3.10/site-packages/airflow/example_dags/example_python_operator.py
[2024-05-26T09:50:59.076+0000] {logging_mixin.py:188} INFO - [2024-05-26T09:50:59.076+0000] {dag.py:3096} INFO - Sync 1 DAGs
[2024-05-26T09:50:59.085+0000] {logging_mixin.py:188} INFO - [2024-05-26T09:50:59.085+0000] {dag.py:3954} INFO - Setting next_dagrun for example_python_operator to None, run_after=None
[2024-05-26T09:50:59.123+0000] {processor.py:183} INFO - Processing /usr/local/python/3.10.13/lib/python3.10/site-packages/airflow/example_dags/example_python_operator.py took 0.080 seconds
[2024-05-26T09:51:59.908+0000] {processor.py:161} INFO - Started process (PID=59607) to work on /usr/local/python/3.10.13/lib/python3.10/site-packages/airflow/example_dags/example_python_operator.py
[2024-05-26T09:51:59.909+0000] {processor.py:830} INFO - Processing file /usr/local/python/3.10.13/lib/python3.10/site-packages/airflow/example_dags/example_python_operator.py for tasks to queue
[2024-05-26T09:51:59.910+0000] {logging_mixin.py:188} INFO - [2024-05-26T09:51:59.909+0000] {dagbag.py:545} INFO - Filling up the DagBag from /usr/local/python/3.10.13/lib/python3.10/site-packages/airflow/example_dags/example_python_operator.py
[2024-05-26T09:51:59.918+0000] {processor.py:840} INFO - DAG(s) 'example_python_operator' retrieved from /usr/local/python/3.10.13/lib/python3.10/site-packages/airflow/example_dags/example_python_operator.py
[2024-05-26T09:51:59.932+0000] {logging_mixin.py:188} INFO - [2024-05-26T09:51:59.932+0000] {dag.py:3096} INFO - Sync 1 DAGs
[2024-05-26T09:51:59.941+0000] {logging_mixin.py:188} INFO - [2024-05-26T09:51:59.941+0000] {dag.py:3954} INFO - Setting next_dagrun for example_python_operator to None, run_after=None
[2024-05-26T09:51:59.981+0000] {processor.py:183} INFO - Processing /usr/local/python/3.10.13/lib/python3.10/site-packages/airflow/example_dags/example_python_operator.py took 0.078 seconds
[2024-05-26T09:53:01.975+0000] {processor.py:161} INFO - Started process (PID=60154) to work on /usr/local/python/3.10.13/lib/python3.10/site-packages/airflow/example_dags/example_python_operator.py
[2024-05-26T09:53:01.976+0000] {processor.py:830} INFO - Processing file /usr/local/python/3.10.13/lib/python3.10/site-packages/airflow/example_dags/example_python_operator.py for tasks to queue
[2024-05-26T09:53:01.977+0000] {logging_mixin.py:188} INFO - [2024-05-26T09:53:01.977+0000] {dagbag.py:545} INFO - Filling up the DagBag from /usr/local/python/3.10.13/lib/python3.10/site-packages/airflow/example_dags/example_python_operator.py
[2024-05-26T09:53:01.986+0000] {processor.py:840} INFO - DAG(s) 'example_python_operator' retrieved from /usr/local/python/3.10.13/lib/python3.10/site-packages/airflow/example_dags/example_python_operator.py
[2024-05-26T09:53:02.001+0000] {logging_mixin.py:188} INFO - [2024-05-26T09:53:02.000+0000] {dag.py:3096} INFO - Sync 1 DAGs
[2024-05-26T09:53:02.011+0000] {logging_mixin.py:188} INFO - [2024-05-26T09:53:02.011+0000] {dag.py:3954} INFO - Setting next_dagrun for example_python_operator to None, run_after=None
[2024-05-26T09:53:02.052+0000] {processor.py:183} INFO - Processing /usr/local/python/3.10.13/lib/python3.10/site-packages/airflow/example_dags/example_python_operator.py took 0.081 seconds
[2024-05-26T09:54:06.281+0000] {processor.py:161} INFO - Started process (PID=60662) to work on /usr/local/python/3.10.13/lib/python3.10/site-packages/airflow/example_dags/example_python_operator.py
[2024-05-26T09:54:06.281+0000] {processor.py:830} INFO - Processing file /usr/local/python/3.10.13/lib/python3.10/site-packages/airflow/example_dags/example_python_operator.py for tasks to queue
[2024-05-26T09:54:06.283+0000] {logging_mixin.py:188} INFO - [2024-05-26T09:54:06.282+0000] {dagbag.py:545} INFO - Filling up the DagBag from /usr/local/python/3.10.13/lib/python3.10/site-packages/airflow/example_dags/example_python_operator.py
[2024-05-26T09:54:06.291+0000] {processor.py:840} INFO - DAG(s) 'example_python_operator' retrieved from /usr/local/python/3.10.13/lib/python3.10/site-packages/airflow/example_dags/example_python_operator.py
[2024-05-26T09:54:06.305+0000] {logging_mixin.py:188} INFO - [2024-05-26T09:54:06.305+0000] {dag.py:3096} INFO - Sync 1 DAGs
[2024-05-26T09:54:06.319+0000] {logging_mixin.py:188} INFO - [2024-05-26T09:54:06.319+0000] {dag.py:3954} INFO - Setting next_dagrun for example_python_operator to None, run_after=None
[2024-05-26T09:54:06.359+0000] {processor.py:183} INFO - Processing /usr/local/python/3.10.13/lib/python3.10/site-packages/airflow/example_dags/example_python_operator.py took 0.083 seconds
[2024-05-26T09:55:11.529+0000] {processor.py:161} INFO - Started process (PID=61184) to work on /usr/local/python/3.10.13/lib/python3.10/site-packages/airflow/example_dags/example_python_operator.py
[2024-05-26T09:55:11.530+0000] {processor.py:830} INFO - Processing file /usr/local/python/3.10.13/lib/python3.10/site-packages/airflow/example_dags/example_python_operator.py for tasks to queue
[2024-05-26T09:55:11.531+0000] {logging_mixin.py:188} INFO - [2024-05-26T09:55:11.531+0000] {dagbag.py:545} INFO - Filling up the DagBag from /usr/local/python/3.10.13/lib/python3.10/site-packages/airflow/example_dags/example_python_operator.py
[2024-05-26T09:55:11.540+0000] {processor.py:840} INFO - DAG(s) 'example_python_operator' retrieved from /usr/local/python/3.10.13/lib/python3.10/site-packages/airflow/example_dags/example_python_operator.py
[2024-05-26T09:55:11.553+0000] {logging_mixin.py:188} INFO - [2024-05-26T09:55:11.553+0000] {dag.py:3096} INFO - Sync 1 DAGs
[2024-05-26T09:55:11.562+0000] {logging_mixin.py:188} INFO - [2024-05-26T09:55:11.562+0000] {dag.py:3954} INFO - Setting next_dagrun for example_python_operator to None, run_after=None
[2024-05-26T09:55:11.602+0000] {processor.py:183} INFO - Processing /usr/local/python/3.10.13/lib/python3.10/site-packages/airflow/example_dags/example_python_operator.py took 0.078 seconds
