[2024-05-26T09:11:04.374+0000] {processor.py:161} INFO - Started process (PID=40324) to work on /usr/local/python/3.10.13/lib/python3.10/site-packages/airflow/example_dags/example_python_decorator.py
[2024-05-26T09:11:04.375+0000] {processor.py:830} INFO - Processing file /usr/local/python/3.10.13/lib/python3.10/site-packages/airflow/example_dags/example_python_decorator.py for tasks to queue
[2024-05-26T09:11:04.376+0000] {logging_mixin.py:188} INFO - [2024-05-26T09:11:04.376+0000] {dagbag.py:545} INFO - Filling up the DagBag from /usr/local/python/3.10.13/lib/python3.10/site-packages/airflow/example_dags/example_python_decorator.py
[2024-05-26T09:11:04.471+0000] {processor.py:840} INFO - DAG(s) 'example_python_decorator' retrieved from /usr/local/python/3.10.13/lib/python3.10/site-packages/airflow/example_dags/example_python_decorator.py
[2024-05-26T09:11:04.545+0000] {logging_mixin.py:188} INFO - [2024-05-26T09:11:04.545+0000] {dag.py:3096} INFO - Sync 1 DAGs
[2024-05-26T09:11:04.552+0000] {logging_mixin.py:188} INFO - [2024-05-26T09:11:04.552+0000] {dag.py:3954} INFO - Setting next_dagrun for example_python_decorator to None, run_after=None
[2024-05-26T09:11:04.593+0000] {processor.py:183} INFO - Processing /usr/local/python/3.10.13/lib/python3.10/site-packages/airflow/example_dags/example_python_decorator.py took 0.223 seconds
[2024-05-26T09:11:55.211+0000] {processor.py:161} INFO - Started process (PID=40676) to work on /usr/local/python/3.10.13/lib/python3.10/site-packages/airflow/example_dags/example_python_decorator.py
[2024-05-26T09:11:55.212+0000] {processor.py:830} INFO - Processing file /usr/local/python/3.10.13/lib/python3.10/site-packages/airflow/example_dags/example_python_decorator.py for tasks to queue
[2024-05-26T09:11:55.213+0000] {logging_mixin.py:188} INFO - [2024-05-26T09:11:55.213+0000] {dagbag.py:545} INFO - Filling up the DagBag from /usr/local/python/3.10.13/lib/python3.10/site-packages/airflow/example_dags/example_python_decorator.py
[2024-05-26T09:11:55.225+0000] {processor.py:840} INFO - DAG(s) 'example_python_decorator' retrieved from /usr/local/python/3.10.13/lib/python3.10/site-packages/airflow/example_dags/example_python_decorator.py
[2024-05-26T09:11:55.239+0000] {logging_mixin.py:188} INFO - [2024-05-26T09:11:55.239+0000] {dag.py:3096} INFO - Sync 1 DAGs
[2024-05-26T09:11:55.249+0000] {logging_mixin.py:188} INFO - [2024-05-26T09:11:55.249+0000] {dag.py:3954} INFO - Setting next_dagrun for example_python_decorator to None, run_after=None
[2024-05-26T09:11:55.287+0000] {processor.py:183} INFO - Processing /usr/local/python/3.10.13/lib/python3.10/site-packages/airflow/example_dags/example_python_decorator.py took 0.081 seconds
[2024-05-26T09:12:56.712+0000] {processor.py:161} INFO - Started process (PID=41186) to work on /usr/local/python/3.10.13/lib/python3.10/site-packages/airflow/example_dags/example_python_decorator.py
[2024-05-26T09:12:56.713+0000] {processor.py:830} INFO - Processing file /usr/local/python/3.10.13/lib/python3.10/site-packages/airflow/example_dags/example_python_decorator.py for tasks to queue
[2024-05-26T09:12:56.714+0000] {logging_mixin.py:188} INFO - [2024-05-26T09:12:56.714+0000] {dagbag.py:545} INFO - Filling up the DagBag from /usr/local/python/3.10.13/lib/python3.10/site-packages/airflow/example_dags/example_python_decorator.py
[2024-05-26T09:12:56.725+0000] {processor.py:840} INFO - DAG(s) 'example_python_decorator' retrieved from /usr/local/python/3.10.13/lib/python3.10/site-packages/airflow/example_dags/example_python_decorator.py
[2024-05-26T09:12:56.738+0000] {logging_mixin.py:188} INFO - [2024-05-26T09:12:56.738+0000] {dag.py:3096} INFO - Sync 1 DAGs
[2024-05-26T09:12:56.747+0000] {logging_mixin.py:188} INFO - [2024-05-26T09:12:56.747+0000] {dag.py:3954} INFO - Setting next_dagrun for example_python_decorator to None, run_after=None
[2024-05-26T09:12:56.786+0000] {processor.py:183} INFO - Processing /usr/local/python/3.10.13/lib/python3.10/site-packages/airflow/example_dags/example_python_decorator.py took 0.079 seconds
[2024-05-26T09:14:00.816+0000] {processor.py:161} INFO - Started process (PID=41713) to work on /usr/local/python/3.10.13/lib/python3.10/site-packages/airflow/example_dags/example_python_decorator.py
[2024-05-26T09:14:00.817+0000] {processor.py:830} INFO - Processing file /usr/local/python/3.10.13/lib/python3.10/site-packages/airflow/example_dags/example_python_decorator.py for tasks to queue
[2024-05-26T09:14:00.818+0000] {logging_mixin.py:188} INFO - [2024-05-26T09:14:00.818+0000] {dagbag.py:545} INFO - Filling up the DagBag from /usr/local/python/3.10.13/lib/python3.10/site-packages/airflow/example_dags/example_python_decorator.py
[2024-05-26T09:14:00.831+0000] {processor.py:840} INFO - DAG(s) 'example_python_decorator' retrieved from /usr/local/python/3.10.13/lib/python3.10/site-packages/airflow/example_dags/example_python_decorator.py
[2024-05-26T09:14:00.846+0000] {logging_mixin.py:188} INFO - [2024-05-26T09:14:00.845+0000] {dag.py:3096} INFO - Sync 1 DAGs
[2024-05-26T09:14:00.855+0000] {logging_mixin.py:188} INFO - [2024-05-26T09:14:00.855+0000] {dag.py:3954} INFO - Setting next_dagrun for example_python_decorator to None, run_after=None
[2024-05-26T09:14:00.895+0000] {processor.py:183} INFO - Processing /usr/local/python/3.10.13/lib/python3.10/site-packages/airflow/example_dags/example_python_decorator.py took 0.085 seconds
[2024-05-26T09:15:07.806+0000] {processor.py:161} INFO - Started process (PID=42178) to work on /usr/local/python/3.10.13/lib/python3.10/site-packages/airflow/example_dags/example_python_decorator.py
[2024-05-26T09:15:07.807+0000] {processor.py:830} INFO - Processing file /usr/local/python/3.10.13/lib/python3.10/site-packages/airflow/example_dags/example_python_decorator.py for tasks to queue
[2024-05-26T09:15:07.808+0000] {logging_mixin.py:188} INFO - [2024-05-26T09:15:07.808+0000] {dagbag.py:545} INFO - Filling up the DagBag from /usr/local/python/3.10.13/lib/python3.10/site-packages/airflow/example_dags/example_python_decorator.py
[2024-05-26T09:15:07.819+0000] {processor.py:840} INFO - DAG(s) 'example_python_decorator' retrieved from /usr/local/python/3.10.13/lib/python3.10/site-packages/airflow/example_dags/example_python_decorator.py
[2024-05-26T09:15:07.833+0000] {logging_mixin.py:188} INFO - [2024-05-26T09:15:07.833+0000] {dag.py:3096} INFO - Sync 1 DAGs
[2024-05-26T09:15:07.842+0000] {logging_mixin.py:188} INFO - [2024-05-26T09:15:07.842+0000] {dag.py:3954} INFO - Setting next_dagrun for example_python_decorator to None, run_after=None
[2024-05-26T09:15:07.881+0000] {processor.py:183} INFO - Processing /usr/local/python/3.10.13/lib/python3.10/site-packages/airflow/example_dags/example_python_decorator.py took 0.079 seconds
[2024-05-26T09:16:09.687+0000] {processor.py:161} INFO - Started process (PID=42612) to work on /usr/local/python/3.10.13/lib/python3.10/site-packages/airflow/example_dags/example_python_decorator.py
[2024-05-26T09:16:09.687+0000] {processor.py:830} INFO - Processing file /usr/local/python/3.10.13/lib/python3.10/site-packages/airflow/example_dags/example_python_decorator.py for tasks to queue
[2024-05-26T09:16:09.689+0000] {logging_mixin.py:188} INFO - [2024-05-26T09:16:09.688+0000] {dagbag.py:545} INFO - Filling up the DagBag from /usr/local/python/3.10.13/lib/python3.10/site-packages/airflow/example_dags/example_python_decorator.py
[2024-05-26T09:16:09.699+0000] {processor.py:840} INFO - DAG(s) 'example_python_decorator' retrieved from /usr/local/python/3.10.13/lib/python3.10/site-packages/airflow/example_dags/example_python_decorator.py
[2024-05-26T09:16:09.713+0000] {logging_mixin.py:188} INFO - [2024-05-26T09:16:09.713+0000] {dag.py:3096} INFO - Sync 1 DAGs
[2024-05-26T09:16:09.723+0000] {logging_mixin.py:188} INFO - [2024-05-26T09:16:09.723+0000] {dag.py:3954} INFO - Setting next_dagrun for example_python_decorator to None, run_after=None
[2024-05-26T09:16:09.766+0000] {processor.py:183} INFO - Processing /usr/local/python/3.10.13/lib/python3.10/site-packages/airflow/example_dags/example_python_decorator.py took 0.084 seconds
[2024-05-26T09:17:11.208+0000] {processor.py:161} INFO - Started process (PID=43037) to work on /usr/local/python/3.10.13/lib/python3.10/site-packages/airflow/example_dags/example_python_decorator.py
[2024-05-26T09:17:11.208+0000] {processor.py:830} INFO - Processing file /usr/local/python/3.10.13/lib/python3.10/site-packages/airflow/example_dags/example_python_decorator.py for tasks to queue
[2024-05-26T09:17:11.210+0000] {logging_mixin.py:188} INFO - [2024-05-26T09:17:11.209+0000] {dagbag.py:545} INFO - Filling up the DagBag from /usr/local/python/3.10.13/lib/python3.10/site-packages/airflow/example_dags/example_python_decorator.py
[2024-05-26T09:17:11.220+0000] {processor.py:840} INFO - DAG(s) 'example_python_decorator' retrieved from /usr/local/python/3.10.13/lib/python3.10/site-packages/airflow/example_dags/example_python_decorator.py
[2024-05-26T09:17:11.234+0000] {logging_mixin.py:188} INFO - [2024-05-26T09:17:11.234+0000] {dag.py:3096} INFO - Sync 1 DAGs
[2024-05-26T09:17:11.243+0000] {logging_mixin.py:188} INFO - [2024-05-26T09:17:11.243+0000] {dag.py:3954} INFO - Setting next_dagrun for example_python_decorator to None, run_after=None
[2024-05-26T09:17:11.281+0000] {processor.py:183} INFO - Processing /usr/local/python/3.10.13/lib/python3.10/site-packages/airflow/example_dags/example_python_decorator.py took 0.078 seconds
[2024-05-26T09:18:18.195+0000] {processor.py:161} INFO - Started process (PID=43504) to work on /usr/local/python/3.10.13/lib/python3.10/site-packages/airflow/example_dags/example_python_decorator.py
[2024-05-26T09:18:18.196+0000] {processor.py:830} INFO - Processing file /usr/local/python/3.10.13/lib/python3.10/site-packages/airflow/example_dags/example_python_decorator.py for tasks to queue
[2024-05-26T09:18:18.197+0000] {logging_mixin.py:188} INFO - [2024-05-26T09:18:18.197+0000] {dagbag.py:545} INFO - Filling up the DagBag from /usr/local/python/3.10.13/lib/python3.10/site-packages/airflow/example_dags/example_python_decorator.py
[2024-05-26T09:18:18.208+0000] {processor.py:840} INFO - DAG(s) 'example_python_decorator' retrieved from /usr/local/python/3.10.13/lib/python3.10/site-packages/airflow/example_dags/example_python_decorator.py
[2024-05-26T09:18:18.222+0000] {logging_mixin.py:188} INFO - [2024-05-26T09:18:18.222+0000] {dag.py:3096} INFO - Sync 1 DAGs
[2024-05-26T09:18:18.231+0000] {logging_mixin.py:188} INFO - [2024-05-26T09:18:18.231+0000] {dag.py:3954} INFO - Setting next_dagrun for example_python_decorator to None, run_after=None
[2024-05-26T09:18:18.269+0000] {processor.py:183} INFO - Processing /usr/local/python/3.10.13/lib/python3.10/site-packages/airflow/example_dags/example_python_decorator.py took 0.079 seconds
[2024-05-26T09:19:18.933+0000] {processor.py:161} INFO - Started process (PID=43986) to work on /usr/local/python/3.10.13/lib/python3.10/site-packages/airflow/example_dags/example_python_decorator.py
[2024-05-26T09:19:18.933+0000] {processor.py:830} INFO - Processing file /usr/local/python/3.10.13/lib/python3.10/site-packages/airflow/example_dags/example_python_decorator.py for tasks to queue
[2024-05-26T09:19:18.934+0000] {logging_mixin.py:188} INFO - [2024-05-26T09:19:18.934+0000] {dagbag.py:545} INFO - Filling up the DagBag from /usr/local/python/3.10.13/lib/python3.10/site-packages/airflow/example_dags/example_python_decorator.py
[2024-05-26T09:19:18.945+0000] {processor.py:840} INFO - DAG(s) 'example_python_decorator' retrieved from /usr/local/python/3.10.13/lib/python3.10/site-packages/airflow/example_dags/example_python_decorator.py
[2024-05-26T09:19:18.959+0000] {logging_mixin.py:188} INFO - [2024-05-26T09:19:18.959+0000] {dag.py:3096} INFO - Sync 1 DAGs
[2024-05-26T09:19:18.969+0000] {logging_mixin.py:188} INFO - [2024-05-26T09:19:18.969+0000] {dag.py:3954} INFO - Setting next_dagrun for example_python_decorator to None, run_after=None
[2024-05-26T09:19:19.012+0000] {processor.py:183} INFO - Processing /usr/local/python/3.10.13/lib/python3.10/site-packages/airflow/example_dags/example_python_decorator.py took 0.084 seconds
[2024-05-26T09:20:23.761+0000] {processor.py:161} INFO - Started process (PID=44438) to work on /usr/local/python/3.10.13/lib/python3.10/site-packages/airflow/example_dags/example_python_decorator.py
[2024-05-26T09:20:23.761+0000] {processor.py:830} INFO - Processing file /usr/local/python/3.10.13/lib/python3.10/site-packages/airflow/example_dags/example_python_decorator.py for tasks to queue
[2024-05-26T09:20:23.762+0000] {logging_mixin.py:188} INFO - [2024-05-26T09:20:23.762+0000] {dagbag.py:545} INFO - Filling up the DagBag from /usr/local/python/3.10.13/lib/python3.10/site-packages/airflow/example_dags/example_python_decorator.py
[2024-05-26T09:20:23.773+0000] {processor.py:840} INFO - DAG(s) 'example_python_decorator' retrieved from /usr/local/python/3.10.13/lib/python3.10/site-packages/airflow/example_dags/example_python_decorator.py
[2024-05-26T09:20:23.786+0000] {logging_mixin.py:188} INFO - [2024-05-26T09:20:23.786+0000] {dag.py:3096} INFO - Sync 1 DAGs
[2024-05-26T09:20:23.796+0000] {logging_mixin.py:188} INFO - [2024-05-26T09:20:23.795+0000] {dag.py:3954} INFO - Setting next_dagrun for example_python_decorator to None, run_after=None
[2024-05-26T09:20:23.836+0000] {processor.py:183} INFO - Processing /usr/local/python/3.10.13/lib/python3.10/site-packages/airflow/example_dags/example_python_decorator.py took 0.080 seconds
[2024-05-26T09:21:25.840+0000] {processor.py:161} INFO - Started process (PID=44867) to work on /usr/local/python/3.10.13/lib/python3.10/site-packages/airflow/example_dags/example_python_decorator.py
[2024-05-26T09:21:25.841+0000] {processor.py:830} INFO - Processing file /usr/local/python/3.10.13/lib/python3.10/site-packages/airflow/example_dags/example_python_decorator.py for tasks to queue
[2024-05-26T09:21:25.842+0000] {logging_mixin.py:188} INFO - [2024-05-26T09:21:25.842+0000] {dagbag.py:545} INFO - Filling up the DagBag from /usr/local/python/3.10.13/lib/python3.10/site-packages/airflow/example_dags/example_python_decorator.py
[2024-05-26T09:21:25.854+0000] {processor.py:840} INFO - DAG(s) 'example_python_decorator' retrieved from /usr/local/python/3.10.13/lib/python3.10/site-packages/airflow/example_dags/example_python_decorator.py
[2024-05-26T09:21:25.874+0000] {logging_mixin.py:188} INFO - [2024-05-26T09:21:25.874+0000] {dag.py:3096} INFO - Sync 1 DAGs
[2024-05-26T09:21:25.888+0000] {logging_mixin.py:188} INFO - [2024-05-26T09:21:25.888+0000] {dag.py:3954} INFO - Setting next_dagrun for example_python_decorator to None, run_after=None
[2024-05-26T09:21:25.925+0000] {processor.py:183} INFO - Processing /usr/local/python/3.10.13/lib/python3.10/site-packages/airflow/example_dags/example_python_decorator.py took 0.092 seconds
[2024-05-26T09:22:28.136+0000] {processor.py:161} INFO - Started process (PID=45296) to work on /usr/local/python/3.10.13/lib/python3.10/site-packages/airflow/example_dags/example_python_decorator.py
[2024-05-26T09:22:28.137+0000] {processor.py:830} INFO - Processing file /usr/local/python/3.10.13/lib/python3.10/site-packages/airflow/example_dags/example_python_decorator.py for tasks to queue
[2024-05-26T09:22:28.138+0000] {logging_mixin.py:188} INFO - [2024-05-26T09:22:28.138+0000] {dagbag.py:545} INFO - Filling up the DagBag from /usr/local/python/3.10.13/lib/python3.10/site-packages/airflow/example_dags/example_python_decorator.py
[2024-05-26T09:22:28.149+0000] {processor.py:840} INFO - DAG(s) 'example_python_decorator' retrieved from /usr/local/python/3.10.13/lib/python3.10/site-packages/airflow/example_dags/example_python_decorator.py
[2024-05-26T09:22:28.162+0000] {logging_mixin.py:188} INFO - [2024-05-26T09:22:28.162+0000] {dag.py:3096} INFO - Sync 1 DAGs
[2024-05-26T09:22:28.172+0000] {logging_mixin.py:188} INFO - [2024-05-26T09:22:28.171+0000] {dag.py:3954} INFO - Setting next_dagrun for example_python_decorator to None, run_after=None
[2024-05-26T09:22:28.209+0000] {processor.py:183} INFO - Processing /usr/local/python/3.10.13/lib/python3.10/site-packages/airflow/example_dags/example_python_decorator.py took 0.078 seconds
[2024-05-26T09:23:23.755+0000] {processor.py:161} INFO - Started process (PID=45698) to work on /usr/local/python/3.10.13/lib/python3.10/site-packages/airflow/example_dags/example_python_decorator.py
[2024-05-26T09:23:23.755+0000] {processor.py:830} INFO - Processing file /usr/local/python/3.10.13/lib/python3.10/site-packages/airflow/example_dags/example_python_decorator.py for tasks to queue
[2024-05-26T09:23:23.757+0000] {logging_mixin.py:188} INFO - [2024-05-26T09:23:23.756+0000] {dagbag.py:545} INFO - Filling up the DagBag from /usr/local/python/3.10.13/lib/python3.10/site-packages/airflow/example_dags/example_python_decorator.py
[2024-05-26T09:23:23.767+0000] {processor.py:840} INFO - DAG(s) 'example_python_decorator' retrieved from /usr/local/python/3.10.13/lib/python3.10/site-packages/airflow/example_dags/example_python_decorator.py
[2024-05-26T09:23:23.781+0000] {logging_mixin.py:188} INFO - [2024-05-26T09:23:23.781+0000] {dag.py:3096} INFO - Sync 1 DAGs
[2024-05-26T09:23:23.790+0000] {logging_mixin.py:188} INFO - [2024-05-26T09:23:23.790+0000] {dag.py:3954} INFO - Setting next_dagrun for example_python_decorator to None, run_after=None
[2024-05-26T09:23:23.827+0000] {processor.py:183} INFO - Processing /usr/local/python/3.10.13/lib/python3.10/site-packages/airflow/example_dags/example_python_decorator.py took 0.077 seconds
[2024-05-26T09:24:27.006+0000] {processor.py:161} INFO - Started process (PID=46129) to work on /usr/local/python/3.10.13/lib/python3.10/site-packages/airflow/example_dags/example_python_decorator.py
[2024-05-26T09:24:27.007+0000] {processor.py:830} INFO - Processing file /usr/local/python/3.10.13/lib/python3.10/site-packages/airflow/example_dags/example_python_decorator.py for tasks to queue
[2024-05-26T09:24:27.008+0000] {logging_mixin.py:188} INFO - [2024-05-26T09:24:27.008+0000] {dagbag.py:545} INFO - Filling up the DagBag from /usr/local/python/3.10.13/lib/python3.10/site-packages/airflow/example_dags/example_python_decorator.py
[2024-05-26T09:24:27.019+0000] {processor.py:840} INFO - DAG(s) 'example_python_decorator' retrieved from /usr/local/python/3.10.13/lib/python3.10/site-packages/airflow/example_dags/example_python_decorator.py
[2024-05-26T09:24:27.033+0000] {logging_mixin.py:188} INFO - [2024-05-26T09:24:27.033+0000] {dag.py:3096} INFO - Sync 1 DAGs
[2024-05-26T09:24:27.042+0000] {logging_mixin.py:188} INFO - [2024-05-26T09:24:27.042+0000] {dag.py:3954} INFO - Setting next_dagrun for example_python_decorator to None, run_after=None
[2024-05-26T09:24:27.082+0000] {processor.py:183} INFO - Processing /usr/local/python/3.10.13/lib/python3.10/site-packages/airflow/example_dags/example_python_decorator.py took 0.080 seconds
[2024-05-26T09:25:27.657+0000] {processor.py:161} INFO - Started process (PID=46550) to work on /usr/local/python/3.10.13/lib/python3.10/site-packages/airflow/example_dags/example_python_decorator.py
[2024-05-26T09:25:27.658+0000] {processor.py:830} INFO - Processing file /usr/local/python/3.10.13/lib/python3.10/site-packages/airflow/example_dags/example_python_decorator.py for tasks to queue
[2024-05-26T09:25:27.659+0000] {logging_mixin.py:188} INFO - [2024-05-26T09:25:27.659+0000] {dagbag.py:545} INFO - Filling up the DagBag from /usr/local/python/3.10.13/lib/python3.10/site-packages/airflow/example_dags/example_python_decorator.py
[2024-05-26T09:25:27.670+0000] {processor.py:840} INFO - DAG(s) 'example_python_decorator' retrieved from /usr/local/python/3.10.13/lib/python3.10/site-packages/airflow/example_dags/example_python_decorator.py
[2024-05-26T09:25:27.684+0000] {logging_mixin.py:188} INFO - [2024-05-26T09:25:27.684+0000] {dag.py:3096} INFO - Sync 1 DAGs
[2024-05-26T09:25:27.693+0000] {logging_mixin.py:188} INFO - [2024-05-26T09:25:27.693+0000] {dag.py:3954} INFO - Setting next_dagrun for example_python_decorator to None, run_after=None
[2024-05-26T09:25:27.731+0000] {processor.py:183} INFO - Processing /usr/local/python/3.10.13/lib/python3.10/site-packages/airflow/example_dags/example_python_decorator.py took 0.079 seconds
[2024-05-26T09:26:29.800+0000] {processor.py:161} INFO - Started process (PID=47014) to work on /usr/local/python/3.10.13/lib/python3.10/site-packages/airflow/example_dags/example_python_decorator.py
[2024-05-26T09:26:29.800+0000] {processor.py:830} INFO - Processing file /usr/local/python/3.10.13/lib/python3.10/site-packages/airflow/example_dags/example_python_decorator.py for tasks to queue
[2024-05-26T09:26:29.802+0000] {logging_mixin.py:188} INFO - [2024-05-26T09:26:29.801+0000] {dagbag.py:545} INFO - Filling up the DagBag from /usr/local/python/3.10.13/lib/python3.10/site-packages/airflow/example_dags/example_python_decorator.py
[2024-05-26T09:26:29.812+0000] {processor.py:840} INFO - DAG(s) 'example_python_decorator' retrieved from /usr/local/python/3.10.13/lib/python3.10/site-packages/airflow/example_dags/example_python_decorator.py
[2024-05-26T09:26:29.826+0000] {logging_mixin.py:188} INFO - [2024-05-26T09:26:29.826+0000] {dag.py:3096} INFO - Sync 1 DAGs
[2024-05-26T09:26:29.836+0000] {logging_mixin.py:188} INFO - [2024-05-26T09:26:29.836+0000] {dag.py:3954} INFO - Setting next_dagrun for example_python_decorator to None, run_after=None
[2024-05-26T09:26:29.874+0000] {processor.py:183} INFO - Processing /usr/local/python/3.10.13/lib/python3.10/site-packages/airflow/example_dags/example_python_decorator.py took 0.079 seconds
[2024-05-26T09:27:31.066+0000] {processor.py:161} INFO - Started process (PID=47456) to work on /usr/local/python/3.10.13/lib/python3.10/site-packages/airflow/example_dags/example_python_decorator.py
[2024-05-26T09:27:31.067+0000] {processor.py:830} INFO - Processing file /usr/local/python/3.10.13/lib/python3.10/site-packages/airflow/example_dags/example_python_decorator.py for tasks to queue
[2024-05-26T09:27:31.068+0000] {logging_mixin.py:188} INFO - [2024-05-26T09:27:31.068+0000] {dagbag.py:545} INFO - Filling up the DagBag from /usr/local/python/3.10.13/lib/python3.10/site-packages/airflow/example_dags/example_python_decorator.py
[2024-05-26T09:27:31.079+0000] {processor.py:840} INFO - DAG(s) 'example_python_decorator' retrieved from /usr/local/python/3.10.13/lib/python3.10/site-packages/airflow/example_dags/example_python_decorator.py
[2024-05-26T09:27:31.093+0000] {logging_mixin.py:188} INFO - [2024-05-26T09:27:31.092+0000] {dag.py:3096} INFO - Sync 1 DAGs
[2024-05-26T09:27:31.101+0000] {logging_mixin.py:188} INFO - [2024-05-26T09:27:31.101+0000] {dag.py:3954} INFO - Setting next_dagrun for example_python_decorator to None, run_after=None
[2024-05-26T09:27:31.138+0000] {processor.py:183} INFO - Processing /usr/local/python/3.10.13/lib/python3.10/site-packages/airflow/example_dags/example_python_decorator.py took 0.076 seconds
[2024-05-26T09:28:33.777+0000] {processor.py:161} INFO - Started process (PID=47891) to work on /usr/local/python/3.10.13/lib/python3.10/site-packages/airflow/example_dags/example_python_decorator.py
[2024-05-26T09:28:33.777+0000] {processor.py:830} INFO - Processing file /usr/local/python/3.10.13/lib/python3.10/site-packages/airflow/example_dags/example_python_decorator.py for tasks to queue
[2024-05-26T09:28:33.779+0000] {logging_mixin.py:188} INFO - [2024-05-26T09:28:33.778+0000] {dagbag.py:545} INFO - Filling up the DagBag from /usr/local/python/3.10.13/lib/python3.10/site-packages/airflow/example_dags/example_python_decorator.py
[2024-05-26T09:28:33.791+0000] {processor.py:840} INFO - DAG(s) 'example_python_decorator' retrieved from /usr/local/python/3.10.13/lib/python3.10/site-packages/airflow/example_dags/example_python_decorator.py
[2024-05-26T09:28:33.805+0000] {logging_mixin.py:188} INFO - [2024-05-26T09:28:33.805+0000] {dag.py:3096} INFO - Sync 1 DAGs
[2024-05-26T09:28:33.814+0000] {logging_mixin.py:188} INFO - [2024-05-26T09:28:33.813+0000] {dag.py:3954} INFO - Setting next_dagrun for example_python_decorator to None, run_after=None
[2024-05-26T09:28:33.849+0000] {processor.py:183} INFO - Processing /usr/local/python/3.10.13/lib/python3.10/site-packages/airflow/example_dags/example_python_decorator.py took 0.078 seconds
[2024-05-26T09:29:36.956+0000] {processor.py:161} INFO - Started process (PID=48323) to work on /usr/local/python/3.10.13/lib/python3.10/site-packages/airflow/example_dags/example_python_decorator.py
[2024-05-26T09:29:36.957+0000] {processor.py:830} INFO - Processing file /usr/local/python/3.10.13/lib/python3.10/site-packages/airflow/example_dags/example_python_decorator.py for tasks to queue
[2024-05-26T09:29:36.958+0000] {logging_mixin.py:188} INFO - [2024-05-26T09:29:36.958+0000] {dagbag.py:545} INFO - Filling up the DagBag from /usr/local/python/3.10.13/lib/python3.10/site-packages/airflow/example_dags/example_python_decorator.py
[2024-05-26T09:29:36.969+0000] {processor.py:840} INFO - DAG(s) 'example_python_decorator' retrieved from /usr/local/python/3.10.13/lib/python3.10/site-packages/airflow/example_dags/example_python_decorator.py
[2024-05-26T09:29:36.982+0000] {logging_mixin.py:188} INFO - [2024-05-26T09:29:36.982+0000] {dag.py:3096} INFO - Sync 1 DAGs
[2024-05-26T09:29:36.991+0000] {logging_mixin.py:188} INFO - [2024-05-26T09:29:36.991+0000] {dag.py:3954} INFO - Setting next_dagrun for example_python_decorator to None, run_after=None
[2024-05-26T09:29:37.031+0000] {processor.py:183} INFO - Processing /usr/local/python/3.10.13/lib/python3.10/site-packages/airflow/example_dags/example_python_decorator.py took 0.079 seconds
[2024-05-26T09:30:36.415+0000] {processor.py:161} INFO - Started process (PID=48741) to work on /usr/local/python/3.10.13/lib/python3.10/site-packages/airflow/example_dags/example_python_decorator.py
[2024-05-26T09:30:36.416+0000] {processor.py:830} INFO - Processing file /usr/local/python/3.10.13/lib/python3.10/site-packages/airflow/example_dags/example_python_decorator.py for tasks to queue
[2024-05-26T09:30:36.417+0000] {logging_mixin.py:188} INFO - [2024-05-26T09:30:36.417+0000] {dagbag.py:545} INFO - Filling up the DagBag from /usr/local/python/3.10.13/lib/python3.10/site-packages/airflow/example_dags/example_python_decorator.py
[2024-05-26T09:30:36.427+0000] {processor.py:840} INFO - DAG(s) 'example_python_decorator' retrieved from /usr/local/python/3.10.13/lib/python3.10/site-packages/airflow/example_dags/example_python_decorator.py
[2024-05-26T09:30:36.441+0000] {logging_mixin.py:188} INFO - [2024-05-26T09:30:36.441+0000] {dag.py:3096} INFO - Sync 1 DAGs
[2024-05-26T09:30:36.450+0000] {logging_mixin.py:188} INFO - [2024-05-26T09:30:36.450+0000] {dag.py:3954} INFO - Setting next_dagrun for example_python_decorator to None, run_after=None
[2024-05-26T09:30:36.488+0000] {processor.py:183} INFO - Processing /usr/local/python/3.10.13/lib/python3.10/site-packages/airflow/example_dags/example_python_decorator.py took 0.077 seconds
[2024-05-26T09:31:35.754+0000] {processor.py:161} INFO - Started process (PID=49154) to work on /usr/local/python/3.10.13/lib/python3.10/site-packages/airflow/example_dags/example_python_decorator.py
[2024-05-26T09:31:35.755+0000] {processor.py:830} INFO - Processing file /usr/local/python/3.10.13/lib/python3.10/site-packages/airflow/example_dags/example_python_decorator.py for tasks to queue
[2024-05-26T09:31:35.756+0000] {logging_mixin.py:188} INFO - [2024-05-26T09:31:35.756+0000] {dagbag.py:545} INFO - Filling up the DagBag from /usr/local/python/3.10.13/lib/python3.10/site-packages/airflow/example_dags/example_python_decorator.py
[2024-05-26T09:31:35.768+0000] {processor.py:840} INFO - DAG(s) 'example_python_decorator' retrieved from /usr/local/python/3.10.13/lib/python3.10/site-packages/airflow/example_dags/example_python_decorator.py
[2024-05-26T09:31:35.782+0000] {logging_mixin.py:188} INFO - [2024-05-26T09:31:35.782+0000] {dag.py:3096} INFO - Sync 1 DAGs
[2024-05-26T09:31:35.791+0000] {logging_mixin.py:188} INFO - [2024-05-26T09:31:35.791+0000] {dag.py:3954} INFO - Setting next_dagrun for example_python_decorator to None, run_after=None
[2024-05-26T09:31:35.831+0000] {processor.py:183} INFO - Processing /usr/local/python/3.10.13/lib/python3.10/site-packages/airflow/example_dags/example_python_decorator.py took 0.081 seconds
[2024-05-26T09:32:41.724+0000] {processor.py:161} INFO - Started process (PID=49623) to work on /usr/local/python/3.10.13/lib/python3.10/site-packages/airflow/example_dags/example_python_decorator.py
[2024-05-26T09:32:41.725+0000] {processor.py:830} INFO - Processing file /usr/local/python/3.10.13/lib/python3.10/site-packages/airflow/example_dags/example_python_decorator.py for tasks to queue
[2024-05-26T09:32:41.727+0000] {logging_mixin.py:188} INFO - [2024-05-26T09:32:41.726+0000] {dagbag.py:545} INFO - Filling up the DagBag from /usr/local/python/3.10.13/lib/python3.10/site-packages/airflow/example_dags/example_python_decorator.py
[2024-05-26T09:32:41.740+0000] {processor.py:840} INFO - DAG(s) 'example_python_decorator' retrieved from /usr/local/python/3.10.13/lib/python3.10/site-packages/airflow/example_dags/example_python_decorator.py
[2024-05-26T09:32:41.755+0000] {logging_mixin.py:188} INFO - [2024-05-26T09:32:41.755+0000] {dag.py:3096} INFO - Sync 1 DAGs
[2024-05-26T09:32:41.769+0000] {logging_mixin.py:188} INFO - [2024-05-26T09:32:41.769+0000] {dag.py:3954} INFO - Setting next_dagrun for example_python_decorator to None, run_after=None
[2024-05-26T09:32:41.804+0000] {processor.py:183} INFO - Processing /usr/local/python/3.10.13/lib/python3.10/site-packages/airflow/example_dags/example_python_decorator.py took 0.087 seconds
[2024-05-26T09:33:38.270+0000] {processor.py:161} INFO - Started process (PID=50025) to work on /usr/local/python/3.10.13/lib/python3.10/site-packages/airflow/example_dags/example_python_decorator.py
[2024-05-26T09:33:38.270+0000] {processor.py:830} INFO - Processing file /usr/local/python/3.10.13/lib/python3.10/site-packages/airflow/example_dags/example_python_decorator.py for tasks to queue
[2024-05-26T09:33:38.272+0000] {logging_mixin.py:188} INFO - [2024-05-26T09:33:38.271+0000] {dagbag.py:545} INFO - Filling up the DagBag from /usr/local/python/3.10.13/lib/python3.10/site-packages/airflow/example_dags/example_python_decorator.py
[2024-05-26T09:33:38.282+0000] {processor.py:840} INFO - DAG(s) 'example_python_decorator' retrieved from /usr/local/python/3.10.13/lib/python3.10/site-packages/airflow/example_dags/example_python_decorator.py
[2024-05-26T09:33:38.296+0000] {logging_mixin.py:188} INFO - [2024-05-26T09:33:38.296+0000] {dag.py:3096} INFO - Sync 1 DAGs
[2024-05-26T09:33:38.305+0000] {logging_mixin.py:188} INFO - [2024-05-26T09:33:38.305+0000] {dag.py:3954} INFO - Setting next_dagrun for example_python_decorator to None, run_after=None
[2024-05-26T09:33:38.340+0000] {processor.py:183} INFO - Processing /usr/local/python/3.10.13/lib/python3.10/site-packages/airflow/example_dags/example_python_decorator.py took 0.076 seconds
[2024-05-26T09:34:40.211+0000] {processor.py:161} INFO - Started process (PID=50455) to work on /usr/local/python/3.10.13/lib/python3.10/site-packages/airflow/example_dags/example_python_decorator.py
[2024-05-26T09:34:40.211+0000] {processor.py:830} INFO - Processing file /usr/local/python/3.10.13/lib/python3.10/site-packages/airflow/example_dags/example_python_decorator.py for tasks to queue
[2024-05-26T09:34:40.213+0000] {logging_mixin.py:188} INFO - [2024-05-26T09:34:40.212+0000] {dagbag.py:545} INFO - Filling up the DagBag from /usr/local/python/3.10.13/lib/python3.10/site-packages/airflow/example_dags/example_python_decorator.py
[2024-05-26T09:34:40.223+0000] {processor.py:840} INFO - DAG(s) 'example_python_decorator' retrieved from /usr/local/python/3.10.13/lib/python3.10/site-packages/airflow/example_dags/example_python_decorator.py
[2024-05-26T09:34:40.237+0000] {logging_mixin.py:188} INFO - [2024-05-26T09:34:40.237+0000] {dag.py:3096} INFO - Sync 1 DAGs
[2024-05-26T09:34:40.246+0000] {logging_mixin.py:188} INFO - [2024-05-26T09:34:40.246+0000] {dag.py:3954} INFO - Setting next_dagrun for example_python_decorator to None, run_after=None
[2024-05-26T09:34:40.289+0000] {processor.py:183} INFO - Processing /usr/local/python/3.10.13/lib/python3.10/site-packages/airflow/example_dags/example_python_decorator.py took 0.083 seconds
[2024-05-26T09:35:39.459+0000] {processor.py:161} INFO - Started process (PID=50870) to work on /usr/local/python/3.10.13/lib/python3.10/site-packages/airflow/example_dags/example_python_decorator.py
[2024-05-26T09:35:39.460+0000] {processor.py:830} INFO - Processing file /usr/local/python/3.10.13/lib/python3.10/site-packages/airflow/example_dags/example_python_decorator.py for tasks to queue
[2024-05-26T09:35:39.461+0000] {logging_mixin.py:188} INFO - [2024-05-26T09:35:39.461+0000] {dagbag.py:545} INFO - Filling up the DagBag from /usr/local/python/3.10.13/lib/python3.10/site-packages/airflow/example_dags/example_python_decorator.py
[2024-05-26T09:35:39.472+0000] {processor.py:840} INFO - DAG(s) 'example_python_decorator' retrieved from /usr/local/python/3.10.13/lib/python3.10/site-packages/airflow/example_dags/example_python_decorator.py
[2024-05-26T09:35:39.486+0000] {logging_mixin.py:188} INFO - [2024-05-26T09:35:39.486+0000] {dag.py:3096} INFO - Sync 1 DAGs
[2024-05-26T09:35:39.495+0000] {logging_mixin.py:188} INFO - [2024-05-26T09:35:39.495+0000] {dag.py:3954} INFO - Setting next_dagrun for example_python_decorator to None, run_after=None
[2024-05-26T09:35:39.532+0000] {processor.py:183} INFO - Processing /usr/local/python/3.10.13/lib/python3.10/site-packages/airflow/example_dags/example_python_decorator.py took 0.077 seconds
[2024-05-26T09:36:40.246+0000] {processor.py:161} INFO - Started process (PID=51297) to work on /usr/local/python/3.10.13/lib/python3.10/site-packages/airflow/example_dags/example_python_decorator.py
[2024-05-26T09:36:40.247+0000] {processor.py:830} INFO - Processing file /usr/local/python/3.10.13/lib/python3.10/site-packages/airflow/example_dags/example_python_decorator.py for tasks to queue
[2024-05-26T09:36:40.248+0000] {logging_mixin.py:188} INFO - [2024-05-26T09:36:40.248+0000] {dagbag.py:545} INFO - Filling up the DagBag from /usr/local/python/3.10.13/lib/python3.10/site-packages/airflow/example_dags/example_python_decorator.py
[2024-05-26T09:36:40.259+0000] {processor.py:840} INFO - DAG(s) 'example_python_decorator' retrieved from /usr/local/python/3.10.13/lib/python3.10/site-packages/airflow/example_dags/example_python_decorator.py
[2024-05-26T09:36:40.273+0000] {logging_mixin.py:188} INFO - [2024-05-26T09:36:40.272+0000] {dag.py:3096} INFO - Sync 1 DAGs
[2024-05-26T09:36:40.282+0000] {logging_mixin.py:188} INFO - [2024-05-26T09:36:40.281+0000] {dag.py:3954} INFO - Setting next_dagrun for example_python_decorator to None, run_after=None
[2024-05-26T09:36:40.318+0000] {processor.py:183} INFO - Processing /usr/local/python/3.10.13/lib/python3.10/site-packages/airflow/example_dags/example_python_decorator.py took 0.077 seconds
[2024-05-26T09:37:46.170+0000] {processor.py:161} INFO - Started process (PID=51765) to work on /usr/local/python/3.10.13/lib/python3.10/site-packages/airflow/example_dags/example_python_decorator.py
[2024-05-26T09:37:46.171+0000] {processor.py:830} INFO - Processing file /usr/local/python/3.10.13/lib/python3.10/site-packages/airflow/example_dags/example_python_decorator.py for tasks to queue
[2024-05-26T09:37:46.173+0000] {logging_mixin.py:188} INFO - [2024-05-26T09:37:46.172+0000] {dagbag.py:545} INFO - Filling up the DagBag from /usr/local/python/3.10.13/lib/python3.10/site-packages/airflow/example_dags/example_python_decorator.py
[2024-05-26T09:37:46.183+0000] {processor.py:840} INFO - DAG(s) 'example_python_decorator' retrieved from /usr/local/python/3.10.13/lib/python3.10/site-packages/airflow/example_dags/example_python_decorator.py
[2024-05-26T09:37:46.197+0000] {logging_mixin.py:188} INFO - [2024-05-26T09:37:46.197+0000] {dag.py:3096} INFO - Sync 1 DAGs
[2024-05-26T09:37:46.206+0000] {logging_mixin.py:188} INFO - [2024-05-26T09:37:46.206+0000] {dag.py:3954} INFO - Setting next_dagrun for example_python_decorator to None, run_after=None
[2024-05-26T09:37:46.243+0000] {processor.py:183} INFO - Processing /usr/local/python/3.10.13/lib/python3.10/site-packages/airflow/example_dags/example_python_decorator.py took 0.077 seconds
[2024-05-26T09:38:43.204+0000] {processor.py:161} INFO - Started process (PID=52151) to work on /usr/local/python/3.10.13/lib/python3.10/site-packages/airflow/example_dags/example_python_decorator.py
[2024-05-26T09:38:43.204+0000] {processor.py:830} INFO - Processing file /usr/local/python/3.10.13/lib/python3.10/site-packages/airflow/example_dags/example_python_decorator.py for tasks to queue
[2024-05-26T09:38:43.206+0000] {logging_mixin.py:188} INFO - [2024-05-26T09:38:43.205+0000] {dagbag.py:545} INFO - Filling up the DagBag from /usr/local/python/3.10.13/lib/python3.10/site-packages/airflow/example_dags/example_python_decorator.py
[2024-05-26T09:38:43.216+0000] {processor.py:840} INFO - DAG(s) 'example_python_decorator' retrieved from /usr/local/python/3.10.13/lib/python3.10/site-packages/airflow/example_dags/example_python_decorator.py
[2024-05-26T09:38:43.231+0000] {logging_mixin.py:188} INFO - [2024-05-26T09:38:43.230+0000] {dag.py:3096} INFO - Sync 1 DAGs
[2024-05-26T09:38:43.239+0000] {logging_mixin.py:188} INFO - [2024-05-26T09:38:43.239+0000] {dag.py:3954} INFO - Setting next_dagrun for example_python_decorator to None, run_after=None
[2024-05-26T09:38:43.276+0000] {processor.py:183} INFO - Processing /usr/local/python/3.10.13/lib/python3.10/site-packages/airflow/example_dags/example_python_decorator.py took 0.077 seconds
[2024-05-26T09:39:43.136+0000] {processor.py:161} INFO - Started process (PID=52572) to work on /usr/local/python/3.10.13/lib/python3.10/site-packages/airflow/example_dags/example_python_decorator.py
[2024-05-26T09:39:43.137+0000] {processor.py:830} INFO - Processing file /usr/local/python/3.10.13/lib/python3.10/site-packages/airflow/example_dags/example_python_decorator.py for tasks to queue
[2024-05-26T09:39:43.138+0000] {logging_mixin.py:188} INFO - [2024-05-26T09:39:43.137+0000] {dagbag.py:545} INFO - Filling up the DagBag from /usr/local/python/3.10.13/lib/python3.10/site-packages/airflow/example_dags/example_python_decorator.py
[2024-05-26T09:39:43.149+0000] {processor.py:840} INFO - DAG(s) 'example_python_decorator' retrieved from /usr/local/python/3.10.13/lib/python3.10/site-packages/airflow/example_dags/example_python_decorator.py
[2024-05-26T09:39:43.163+0000] {logging_mixin.py:188} INFO - [2024-05-26T09:39:43.163+0000] {dag.py:3096} INFO - Sync 1 DAGs
[2024-05-26T09:39:43.172+0000] {logging_mixin.py:188} INFO - [2024-05-26T09:39:43.172+0000] {dag.py:3954} INFO - Setting next_dagrun for example_python_decorator to None, run_after=None
[2024-05-26T09:39:43.209+0000] {processor.py:183} INFO - Processing /usr/local/python/3.10.13/lib/python3.10/site-packages/airflow/example_dags/example_python_decorator.py took 0.078 seconds
[2024-05-26T09:40:47.233+0000] {processor.py:161} INFO - Started process (PID=53011) to work on /usr/local/python/3.10.13/lib/python3.10/site-packages/airflow/example_dags/example_python_decorator.py
[2024-05-26T09:40:47.234+0000] {processor.py:830} INFO - Processing file /usr/local/python/3.10.13/lib/python3.10/site-packages/airflow/example_dags/example_python_decorator.py for tasks to queue
[2024-05-26T09:40:47.235+0000] {logging_mixin.py:188} INFO - [2024-05-26T09:40:47.235+0000] {dagbag.py:545} INFO - Filling up the DagBag from /usr/local/python/3.10.13/lib/python3.10/site-packages/airflow/example_dags/example_python_decorator.py
[2024-05-26T09:40:47.246+0000] {processor.py:840} INFO - DAG(s) 'example_python_decorator' retrieved from /usr/local/python/3.10.13/lib/python3.10/site-packages/airflow/example_dags/example_python_decorator.py
[2024-05-26T09:40:47.259+0000] {logging_mixin.py:188} INFO - [2024-05-26T09:40:47.259+0000] {dag.py:3096} INFO - Sync 1 DAGs
[2024-05-26T09:40:47.268+0000] {logging_mixin.py:188} INFO - [2024-05-26T09:40:47.268+0000] {dag.py:3954} INFO - Setting next_dagrun for example_python_decorator to None, run_after=None
[2024-05-26T09:40:47.305+0000] {processor.py:183} INFO - Processing /usr/local/python/3.10.13/lib/python3.10/site-packages/airflow/example_dags/example_python_decorator.py took 0.077 seconds
[2024-05-26T09:41:49.523+0000] {processor.py:161} INFO - Started process (PID=53447) to work on /usr/local/python/3.10.13/lib/python3.10/site-packages/airflow/example_dags/example_python_decorator.py
[2024-05-26T09:41:49.523+0000] {processor.py:830} INFO - Processing file /usr/local/python/3.10.13/lib/python3.10/site-packages/airflow/example_dags/example_python_decorator.py for tasks to queue
[2024-05-26T09:41:49.525+0000] {logging_mixin.py:188} INFO - [2024-05-26T09:41:49.524+0000] {dagbag.py:545} INFO - Filling up the DagBag from /usr/local/python/3.10.13/lib/python3.10/site-packages/airflow/example_dags/example_python_decorator.py
[2024-05-26T09:41:49.548+0000] {processor.py:840} INFO - DAG(s) 'example_python_decorator' retrieved from /usr/local/python/3.10.13/lib/python3.10/site-packages/airflow/example_dags/example_python_decorator.py
[2024-05-26T09:41:49.566+0000] {logging_mixin.py:188} INFO - [2024-05-26T09:41:49.566+0000] {dag.py:3096} INFO - Sync 1 DAGs
[2024-05-26T09:41:49.576+0000] {logging_mixin.py:188} INFO - [2024-05-26T09:41:49.576+0000] {dag.py:3954} INFO - Setting next_dagrun for example_python_decorator to None, run_after=None
[2024-05-26T09:41:49.627+0000] {processor.py:183} INFO - Processing /usr/local/python/3.10.13/lib/python3.10/site-packages/airflow/example_dags/example_python_decorator.py took 0.109 seconds
[2024-05-26T09:42:47.832+0000] {processor.py:161} INFO - Started process (PID=53856) to work on /usr/local/python/3.10.13/lib/python3.10/site-packages/airflow/example_dags/example_python_decorator.py
[2024-05-26T09:42:47.833+0000] {processor.py:830} INFO - Processing file /usr/local/python/3.10.13/lib/python3.10/site-packages/airflow/example_dags/example_python_decorator.py for tasks to queue
[2024-05-26T09:42:47.834+0000] {logging_mixin.py:188} INFO - [2024-05-26T09:42:47.834+0000] {dagbag.py:545} INFO - Filling up the DagBag from /usr/local/python/3.10.13/lib/python3.10/site-packages/airflow/example_dags/example_python_decorator.py
[2024-05-26T09:42:47.844+0000] {processor.py:840} INFO - DAG(s) 'example_python_decorator' retrieved from /usr/local/python/3.10.13/lib/python3.10/site-packages/airflow/example_dags/example_python_decorator.py
[2024-05-26T09:42:47.858+0000] {logging_mixin.py:188} INFO - [2024-05-26T09:42:47.858+0000] {dag.py:3096} INFO - Sync 1 DAGs
[2024-05-26T09:42:47.867+0000] {logging_mixin.py:188} INFO - [2024-05-26T09:42:47.867+0000] {dag.py:3954} INFO - Setting next_dagrun for example_python_decorator to None, run_after=None
[2024-05-26T09:42:47.903+0000] {processor.py:183} INFO - Processing /usr/local/python/3.10.13/lib/python3.10/site-packages/airflow/example_dags/example_python_decorator.py took 0.075 seconds
[2024-05-26T09:43:48.332+0000] {processor.py:161} INFO - Started process (PID=54277) to work on /usr/local/python/3.10.13/lib/python3.10/site-packages/airflow/example_dags/example_python_decorator.py
[2024-05-26T09:43:48.333+0000] {processor.py:830} INFO - Processing file /usr/local/python/3.10.13/lib/python3.10/site-packages/airflow/example_dags/example_python_decorator.py for tasks to queue
[2024-05-26T09:43:48.334+0000] {logging_mixin.py:188} INFO - [2024-05-26T09:43:48.334+0000] {dagbag.py:545} INFO - Filling up the DagBag from /usr/local/python/3.10.13/lib/python3.10/site-packages/airflow/example_dags/example_python_decorator.py
[2024-05-26T09:43:48.345+0000] {processor.py:840} INFO - DAG(s) 'example_python_decorator' retrieved from /usr/local/python/3.10.13/lib/python3.10/site-packages/airflow/example_dags/example_python_decorator.py
[2024-05-26T09:43:48.360+0000] {logging_mixin.py:188} INFO - [2024-05-26T09:43:48.359+0000] {dag.py:3096} INFO - Sync 1 DAGs
[2024-05-26T09:43:48.369+0000] {logging_mixin.py:188} INFO - [2024-05-26T09:43:48.369+0000] {dag.py:3954} INFO - Setting next_dagrun for example_python_decorator to None, run_after=None
[2024-05-26T09:43:48.403+0000] {processor.py:183} INFO - Processing /usr/local/python/3.10.13/lib/python3.10/site-packages/airflow/example_dags/example_python_decorator.py took 0.076 seconds
[2024-05-26T09:44:50.636+0000] {processor.py:161} INFO - Started process (PID=54885) to work on /usr/local/python/3.10.13/lib/python3.10/site-packages/airflow/example_dags/example_python_decorator.py
[2024-05-26T09:44:50.637+0000] {processor.py:830} INFO - Processing file /usr/local/python/3.10.13/lib/python3.10/site-packages/airflow/example_dags/example_python_decorator.py for tasks to queue
[2024-05-26T09:44:50.638+0000] {logging_mixin.py:188} INFO - [2024-05-26T09:44:50.638+0000] {dagbag.py:545} INFO - Filling up the DagBag from /usr/local/python/3.10.13/lib/python3.10/site-packages/airflow/example_dags/example_python_decorator.py
[2024-05-26T09:44:50.654+0000] {processor.py:840} INFO - DAG(s) 'example_python_decorator' retrieved from /usr/local/python/3.10.13/lib/python3.10/site-packages/airflow/example_dags/example_python_decorator.py
[2024-05-26T09:44:50.678+0000] {logging_mixin.py:188} INFO - [2024-05-26T09:44:50.678+0000] {dag.py:3096} INFO - Sync 1 DAGs
[2024-05-26T09:44:50.694+0000] {logging_mixin.py:188} INFO - [2024-05-26T09:44:50.693+0000] {dag.py:3954} INFO - Setting next_dagrun for example_python_decorator to None, run_after=None
[2024-05-26T09:44:50.736+0000] {processor.py:183} INFO - Processing /usr/local/python/3.10.13/lib/python3.10/site-packages/airflow/example_dags/example_python_decorator.py took 0.105 seconds
[2024-05-26T09:45:51.866+0000] {processor.py:161} INFO - Started process (PID=55654) to work on /usr/local/python/3.10.13/lib/python3.10/site-packages/airflow/example_dags/example_python_decorator.py
[2024-05-26T09:45:51.867+0000] {processor.py:830} INFO - Processing file /usr/local/python/3.10.13/lib/python3.10/site-packages/airflow/example_dags/example_python_decorator.py for tasks to queue
[2024-05-26T09:45:51.868+0000] {logging_mixin.py:188} INFO - [2024-05-26T09:45:51.868+0000] {dagbag.py:545} INFO - Filling up the DagBag from /usr/local/python/3.10.13/lib/python3.10/site-packages/airflow/example_dags/example_python_decorator.py
[2024-05-26T09:45:51.879+0000] {processor.py:840} INFO - DAG(s) 'example_python_decorator' retrieved from /usr/local/python/3.10.13/lib/python3.10/site-packages/airflow/example_dags/example_python_decorator.py
[2024-05-26T09:45:51.894+0000] {logging_mixin.py:188} INFO - [2024-05-26T09:45:51.894+0000] {dag.py:3096} INFO - Sync 1 DAGs
[2024-05-26T09:45:51.903+0000] {logging_mixin.py:188} INFO - [2024-05-26T09:45:51.903+0000] {dag.py:3954} INFO - Setting next_dagrun for example_python_decorator to None, run_after=None
[2024-05-26T09:45:51.940+0000] {processor.py:183} INFO - Processing /usr/local/python/3.10.13/lib/python3.10/site-packages/airflow/example_dags/example_python_decorator.py took 0.079 seconds
[2024-05-26T09:46:52.060+0000] {processor.py:161} INFO - Started process (PID=56412) to work on /usr/local/python/3.10.13/lib/python3.10/site-packages/airflow/example_dags/example_python_decorator.py
[2024-05-26T09:46:52.060+0000] {processor.py:830} INFO - Processing file /usr/local/python/3.10.13/lib/python3.10/site-packages/airflow/example_dags/example_python_decorator.py for tasks to queue
[2024-05-26T09:46:52.062+0000] {logging_mixin.py:188} INFO - [2024-05-26T09:46:52.062+0000] {dagbag.py:545} INFO - Filling up the DagBag from /usr/local/python/3.10.13/lib/python3.10/site-packages/airflow/example_dags/example_python_decorator.py
[2024-05-26T09:46:52.080+0000] {processor.py:840} INFO - DAG(s) 'example_python_decorator' retrieved from /usr/local/python/3.10.13/lib/python3.10/site-packages/airflow/example_dags/example_python_decorator.py
[2024-05-26T09:46:52.094+0000] {logging_mixin.py:188} INFO - [2024-05-26T09:46:52.094+0000] {dag.py:3096} INFO - Sync 1 DAGs
[2024-05-26T09:46:52.102+0000] {logging_mixin.py:188} INFO - [2024-05-26T09:46:52.102+0000] {dag.py:3954} INFO - Setting next_dagrun for example_python_decorator to None, run_after=None
[2024-05-26T09:46:52.142+0000] {processor.py:183} INFO - Processing /usr/local/python/3.10.13/lib/python3.10/site-packages/airflow/example_dags/example_python_decorator.py took 0.088 seconds
[2024-05-26T09:47:50.132+0000] {processor.py:161} INFO - Started process (PID=57144) to work on /usr/local/python/3.10.13/lib/python3.10/site-packages/airflow/example_dags/example_python_decorator.py
[2024-05-26T09:47:50.133+0000] {processor.py:830} INFO - Processing file /usr/local/python/3.10.13/lib/python3.10/site-packages/airflow/example_dags/example_python_decorator.py for tasks to queue
[2024-05-26T09:47:50.134+0000] {logging_mixin.py:188} INFO - [2024-05-26T09:47:50.134+0000] {dagbag.py:545} INFO - Filling up the DagBag from /usr/local/python/3.10.13/lib/python3.10/site-packages/airflow/example_dags/example_python_decorator.py
[2024-05-26T09:47:50.145+0000] {processor.py:840} INFO - DAG(s) 'example_python_decorator' retrieved from /usr/local/python/3.10.13/lib/python3.10/site-packages/airflow/example_dags/example_python_decorator.py
[2024-05-26T09:47:50.159+0000] {logging_mixin.py:188} INFO - [2024-05-26T09:47:50.159+0000] {dag.py:3096} INFO - Sync 1 DAGs
[2024-05-26T09:47:50.167+0000] {logging_mixin.py:188} INFO - [2024-05-26T09:47:50.167+0000] {dag.py:3954} INFO - Setting next_dagrun for example_python_decorator to None, run_after=None
[2024-05-26T09:47:50.204+0000] {processor.py:183} INFO - Processing /usr/local/python/3.10.13/lib/python3.10/site-packages/airflow/example_dags/example_python_decorator.py took 0.076 seconds
[2024-05-26T09:48:51.777+0000] {processor.py:161} INFO - Started process (PID=57811) to work on /usr/local/python/3.10.13/lib/python3.10/site-packages/airflow/example_dags/example_python_decorator.py
[2024-05-26T09:48:51.778+0000] {processor.py:830} INFO - Processing file /usr/local/python/3.10.13/lib/python3.10/site-packages/airflow/example_dags/example_python_decorator.py for tasks to queue
[2024-05-26T09:48:51.779+0000] {logging_mixin.py:188} INFO - [2024-05-26T09:48:51.779+0000] {dagbag.py:545} INFO - Filling up the DagBag from /usr/local/python/3.10.13/lib/python3.10/site-packages/airflow/example_dags/example_python_decorator.py
[2024-05-26T09:48:51.792+0000] {processor.py:840} INFO - DAG(s) 'example_python_decorator' retrieved from /usr/local/python/3.10.13/lib/python3.10/site-packages/airflow/example_dags/example_python_decorator.py
[2024-05-26T09:48:51.806+0000] {logging_mixin.py:188} INFO - [2024-05-26T09:48:51.806+0000] {dag.py:3096} INFO - Sync 1 DAGs
[2024-05-26T09:48:51.815+0000] {logging_mixin.py:188} INFO - [2024-05-26T09:48:51.815+0000] {dag.py:3954} INFO - Setting next_dagrun for example_python_decorator to None, run_after=None
[2024-05-26T09:48:51.857+0000] {processor.py:183} INFO - Processing /usr/local/python/3.10.13/lib/python3.10/site-packages/airflow/example_dags/example_python_decorator.py took 0.084 seconds
[2024-05-26T09:49:56.067+0000] {processor.py:161} INFO - Started process (PID=58463) to work on /usr/local/python/3.10.13/lib/python3.10/site-packages/airflow/example_dags/example_python_decorator.py
[2024-05-26T09:49:56.068+0000] {processor.py:830} INFO - Processing file /usr/local/python/3.10.13/lib/python3.10/site-packages/airflow/example_dags/example_python_decorator.py for tasks to queue
[2024-05-26T09:49:56.069+0000] {logging_mixin.py:188} INFO - [2024-05-26T09:49:56.069+0000] {dagbag.py:545} INFO - Filling up the DagBag from /usr/local/python/3.10.13/lib/python3.10/site-packages/airflow/example_dags/example_python_decorator.py
[2024-05-26T09:49:56.080+0000] {processor.py:840} INFO - DAG(s) 'example_python_decorator' retrieved from /usr/local/python/3.10.13/lib/python3.10/site-packages/airflow/example_dags/example_python_decorator.py
[2024-05-26T09:49:56.095+0000] {logging_mixin.py:188} INFO - [2024-05-26T09:49:56.095+0000] {dag.py:3096} INFO - Sync 1 DAGs
[2024-05-26T09:49:56.104+0000] {logging_mixin.py:188} INFO - [2024-05-26T09:49:56.104+0000] {dag.py:3954} INFO - Setting next_dagrun for example_python_decorator to None, run_after=None
[2024-05-26T09:49:56.143+0000] {processor.py:183} INFO - Processing /usr/local/python/3.10.13/lib/python3.10/site-packages/airflow/example_dags/example_python_decorator.py took 0.080 seconds
[2024-05-26T09:50:57.888+0000] {processor.py:161} INFO - Started process (PID=58967) to work on /usr/local/python/3.10.13/lib/python3.10/site-packages/airflow/example_dags/example_python_decorator.py
[2024-05-26T09:50:57.889+0000] {processor.py:830} INFO - Processing file /usr/local/python/3.10.13/lib/python3.10/site-packages/airflow/example_dags/example_python_decorator.py for tasks to queue
[2024-05-26T09:50:57.890+0000] {logging_mixin.py:188} INFO - [2024-05-26T09:50:57.890+0000] {dagbag.py:545} INFO - Filling up the DagBag from /usr/local/python/3.10.13/lib/python3.10/site-packages/airflow/example_dags/example_python_decorator.py
[2024-05-26T09:50:57.901+0000] {processor.py:840} INFO - DAG(s) 'example_python_decorator' retrieved from /usr/local/python/3.10.13/lib/python3.10/site-packages/airflow/example_dags/example_python_decorator.py
[2024-05-26T09:50:57.915+0000] {logging_mixin.py:188} INFO - [2024-05-26T09:50:57.915+0000] {dag.py:3096} INFO - Sync 1 DAGs
[2024-05-26T09:50:57.924+0000] {logging_mixin.py:188} INFO - [2024-05-26T09:50:57.924+0000] {dag.py:3954} INFO - Setting next_dagrun for example_python_decorator to None, run_after=None
[2024-05-26T09:50:57.960+0000] {processor.py:183} INFO - Processing /usr/local/python/3.10.13/lib/python3.10/site-packages/airflow/example_dags/example_python_decorator.py took 0.077 seconds
[2024-05-26T09:51:59.513+0000] {processor.py:161} INFO - Started process (PID=59606) to work on /usr/local/python/3.10.13/lib/python3.10/site-packages/airflow/example_dags/example_python_decorator.py
[2024-05-26T09:51:59.514+0000] {processor.py:830} INFO - Processing file /usr/local/python/3.10.13/lib/python3.10/site-packages/airflow/example_dags/example_python_decorator.py for tasks to queue
[2024-05-26T09:51:59.515+0000] {logging_mixin.py:188} INFO - [2024-05-26T09:51:59.515+0000] {dagbag.py:545} INFO - Filling up the DagBag from /usr/local/python/3.10.13/lib/python3.10/site-packages/airflow/example_dags/example_python_decorator.py
[2024-05-26T09:51:59.526+0000] {processor.py:840} INFO - DAG(s) 'example_python_decorator' retrieved from /usr/local/python/3.10.13/lib/python3.10/site-packages/airflow/example_dags/example_python_decorator.py
[2024-05-26T09:51:59.540+0000] {logging_mixin.py:188} INFO - [2024-05-26T09:51:59.540+0000] {dag.py:3096} INFO - Sync 1 DAGs
[2024-05-26T09:51:59.549+0000] {logging_mixin.py:188} INFO - [2024-05-26T09:51:59.549+0000] {dag.py:3954} INFO - Setting next_dagrun for example_python_decorator to None, run_after=None
[2024-05-26T09:51:59.585+0000] {processor.py:183} INFO - Processing /usr/local/python/3.10.13/lib/python3.10/site-packages/airflow/example_dags/example_python_decorator.py took 0.077 seconds
[2024-05-26T09:53:01.398+0000] {processor.py:161} INFO - Started process (PID=60127) to work on /usr/local/python/3.10.13/lib/python3.10/site-packages/airflow/example_dags/example_python_decorator.py
[2024-05-26T09:53:01.399+0000] {processor.py:830} INFO - Processing file /usr/local/python/3.10.13/lib/python3.10/site-packages/airflow/example_dags/example_python_decorator.py for tasks to queue
[2024-05-26T09:53:01.400+0000] {logging_mixin.py:188} INFO - [2024-05-26T09:53:01.399+0000] {dagbag.py:545} INFO - Filling up the DagBag from /usr/local/python/3.10.13/lib/python3.10/site-packages/airflow/example_dags/example_python_decorator.py
[2024-05-26T09:53:01.411+0000] {processor.py:840} INFO - DAG(s) 'example_python_decorator' retrieved from /usr/local/python/3.10.13/lib/python3.10/site-packages/airflow/example_dags/example_python_decorator.py
[2024-05-26T09:53:01.425+0000] {logging_mixin.py:188} INFO - [2024-05-26T09:53:01.425+0000] {dag.py:3096} INFO - Sync 1 DAGs
[2024-05-26T09:53:01.434+0000] {logging_mixin.py:188} INFO - [2024-05-26T09:53:01.434+0000] {dag.py:3954} INFO - Setting next_dagrun for example_python_decorator to None, run_after=None
[2024-05-26T09:53:01.472+0000] {processor.py:183} INFO - Processing /usr/local/python/3.10.13/lib/python3.10/site-packages/airflow/example_dags/example_python_decorator.py took 0.079 seconds
[2024-05-26T09:54:05.151+0000] {processor.py:161} INFO - Started process (PID=60655) to work on /usr/local/python/3.10.13/lib/python3.10/site-packages/airflow/example_dags/example_python_decorator.py
[2024-05-26T09:54:05.152+0000] {processor.py:830} INFO - Processing file /usr/local/python/3.10.13/lib/python3.10/site-packages/airflow/example_dags/example_python_decorator.py for tasks to queue
[2024-05-26T09:54:05.153+0000] {logging_mixin.py:188} INFO - [2024-05-26T09:54:05.153+0000] {dagbag.py:545} INFO - Filling up the DagBag from /usr/local/python/3.10.13/lib/python3.10/site-packages/airflow/example_dags/example_python_decorator.py
[2024-05-26T09:54:05.164+0000] {processor.py:840} INFO - DAG(s) 'example_python_decorator' retrieved from /usr/local/python/3.10.13/lib/python3.10/site-packages/airflow/example_dags/example_python_decorator.py
[2024-05-26T09:54:05.178+0000] {logging_mixin.py:188} INFO - [2024-05-26T09:54:05.178+0000] {dag.py:3096} INFO - Sync 1 DAGs
[2024-05-26T09:54:05.187+0000] {logging_mixin.py:188} INFO - [2024-05-26T09:54:05.187+0000] {dag.py:3954} INFO - Setting next_dagrun for example_python_decorator to None, run_after=None
[2024-05-26T09:54:05.223+0000] {processor.py:183} INFO - Processing /usr/local/python/3.10.13/lib/python3.10/site-packages/airflow/example_dags/example_python_decorator.py took 0.081 seconds
[2024-05-26T09:55:11.150+0000] {processor.py:161} INFO - Started process (PID=61177) to work on /usr/local/python/3.10.13/lib/python3.10/site-packages/airflow/example_dags/example_python_decorator.py
[2024-05-26T09:55:11.151+0000] {processor.py:830} INFO - Processing file /usr/local/python/3.10.13/lib/python3.10/site-packages/airflow/example_dags/example_python_decorator.py for tasks to queue
[2024-05-26T09:55:11.153+0000] {logging_mixin.py:188} INFO - [2024-05-26T09:55:11.152+0000] {dagbag.py:545} INFO - Filling up the DagBag from /usr/local/python/3.10.13/lib/python3.10/site-packages/airflow/example_dags/example_python_decorator.py
[2024-05-26T09:55:11.163+0000] {processor.py:840} INFO - DAG(s) 'example_python_decorator' retrieved from /usr/local/python/3.10.13/lib/python3.10/site-packages/airflow/example_dags/example_python_decorator.py
[2024-05-26T09:55:11.178+0000] {logging_mixin.py:188} INFO - [2024-05-26T09:55:11.177+0000] {dag.py:3096} INFO - Sync 1 DAGs
[2024-05-26T09:55:11.187+0000] {logging_mixin.py:188} INFO - [2024-05-26T09:55:11.186+0000] {dag.py:3954} INFO - Setting next_dagrun for example_python_decorator to None, run_after=None
[2024-05-26T09:55:11.227+0000] {processor.py:183} INFO - Processing /usr/local/python/3.10.13/lib/python3.10/site-packages/airflow/example_dags/example_python_decorator.py took 0.081 seconds
