[2024-05-26T09:10:39.292+0000] {processor.py:161} INFO - Started process (PID=40103) to work on /usr/local/python/3.10.13/lib/python3.10/site-packages/airflow/example_dags/tutorial_dag.py
[2024-05-26T09:10:39.293+0000] {processor.py:830} INFO - Processing file /usr/local/python/3.10.13/lib/python3.10/site-packages/airflow/example_dags/tutorial_dag.py for tasks to queue
[2024-05-26T09:10:39.295+0000] {logging_mixin.py:188} INFO - [2024-05-26T09:10:39.295+0000] {dagbag.py:545} INFO - Filling up the DagBag from /usr/local/python/3.10.13/lib/python3.10/site-packages/airflow/example_dags/tutorial_dag.py
[2024-05-26T09:10:39.301+0000] {processor.py:840} INFO - DAG(s) 'tutorial_dag' retrieved from /usr/local/python/3.10.13/lib/python3.10/site-packages/airflow/example_dags/tutorial_dag.py
[2024-05-26T09:10:39.326+0000] {logging_mixin.py:188} INFO - [2024-05-26T09:10:39.325+0000] {dag.py:3096} INFO - Sync 1 DAGs
[2024-05-26T09:10:39.340+0000] {logging_mixin.py:188} INFO - [2024-05-26T09:10:39.340+0000] {dag.py:3954} INFO - Setting next_dagrun for tutorial_dag to None, run_after=None
[2024-05-26T09:10:39.386+0000] {processor.py:183} INFO - Processing /usr/local/python/3.10.13/lib/python3.10/site-packages/airflow/example_dags/tutorial_dag.py took 0.100 seconds
[2024-05-26T09:11:32.748+0000] {processor.py:161} INFO - Started process (PID=40520) to work on /usr/local/python/3.10.13/lib/python3.10/site-packages/airflow/example_dags/tutorial_dag.py
[2024-05-26T09:11:32.748+0000] {processor.py:830} INFO - Processing file /usr/local/python/3.10.13/lib/python3.10/site-packages/airflow/example_dags/tutorial_dag.py for tasks to queue
[2024-05-26T09:11:32.749+0000] {logging_mixin.py:188} INFO - [2024-05-26T09:11:32.749+0000] {dagbag.py:545} INFO - Filling up the DagBag from /usr/local/python/3.10.13/lib/python3.10/site-packages/airflow/example_dags/tutorial_dag.py
[2024-05-26T09:11:32.754+0000] {processor.py:840} INFO - DAG(s) 'tutorial_dag' retrieved from /usr/local/python/3.10.13/lib/python3.10/site-packages/airflow/example_dags/tutorial_dag.py
[2024-05-26T09:11:32.765+0000] {logging_mixin.py:188} INFO - [2024-05-26T09:11:32.765+0000] {dag.py:3096} INFO - Sync 1 DAGs
[2024-05-26T09:11:32.774+0000] {logging_mixin.py:188} INFO - [2024-05-26T09:11:32.774+0000] {dag.py:3954} INFO - Setting next_dagrun for tutorial_dag to None, run_after=None
[2024-05-26T09:11:32.815+0000] {processor.py:183} INFO - Processing /usr/local/python/3.10.13/lib/python3.10/site-packages/airflow/example_dags/tutorial_dag.py took 0.072 seconds
[2024-05-26T09:12:22.428+0000] {processor.py:161} INFO - Started process (PID=40882) to work on /usr/local/python/3.10.13/lib/python3.10/site-packages/airflow/example_dags/tutorial_dag.py
[2024-05-26T09:12:22.429+0000] {processor.py:830} INFO - Processing file /usr/local/python/3.10.13/lib/python3.10/site-packages/airflow/example_dags/tutorial_dag.py for tasks to queue
[2024-05-26T09:12:22.430+0000] {logging_mixin.py:188} INFO - [2024-05-26T09:12:22.430+0000] {dagbag.py:545} INFO - Filling up the DagBag from /usr/local/python/3.10.13/lib/python3.10/site-packages/airflow/example_dags/tutorial_dag.py
[2024-05-26T09:12:22.435+0000] {processor.py:840} INFO - DAG(s) 'tutorial_dag' retrieved from /usr/local/python/3.10.13/lib/python3.10/site-packages/airflow/example_dags/tutorial_dag.py
[2024-05-26T09:12:22.446+0000] {logging_mixin.py:188} INFO - [2024-05-26T09:12:22.446+0000] {dag.py:3096} INFO - Sync 1 DAGs
[2024-05-26T09:12:22.455+0000] {logging_mixin.py:188} INFO - [2024-05-26T09:12:22.455+0000] {dag.py:3954} INFO - Setting next_dagrun for tutorial_dag to None, run_after=None
[2024-05-26T09:12:22.494+0000] {processor.py:183} INFO - Processing /usr/local/python/3.10.13/lib/python3.10/site-packages/airflow/example_dags/tutorial_dag.py took 0.071 seconds
[2024-05-26T09:13:06.656+0000] {processor.py:161} INFO - Started process (PID=41256) to work on /usr/local/python/3.10.13/lib/python3.10/site-packages/airflow/example_dags/tutorial_dag.py
[2024-05-26T09:13:06.656+0000] {processor.py:830} INFO - Processing file /usr/local/python/3.10.13/lib/python3.10/site-packages/airflow/example_dags/tutorial_dag.py for tasks to queue
[2024-05-26T09:13:06.658+0000] {logging_mixin.py:188} INFO - [2024-05-26T09:13:06.657+0000] {dagbag.py:545} INFO - Filling up the DagBag from /usr/local/python/3.10.13/lib/python3.10/site-packages/airflow/example_dags/tutorial_dag.py
[2024-05-26T09:13:06.662+0000] {processor.py:840} INFO - DAG(s) 'tutorial_dag' retrieved from /usr/local/python/3.10.13/lib/python3.10/site-packages/airflow/example_dags/tutorial_dag.py
[2024-05-26T09:13:06.673+0000] {logging_mixin.py:188} INFO - [2024-05-26T09:13:06.673+0000] {dag.py:3096} INFO - Sync 1 DAGs
[2024-05-26T09:13:06.687+0000] {logging_mixin.py:188} INFO - [2024-05-26T09:13:06.686+0000] {dag.py:3954} INFO - Setting next_dagrun for tutorial_dag to None, run_after=None
[2024-05-26T09:13:06.726+0000] {processor.py:183} INFO - Processing /usr/local/python/3.10.13/lib/python3.10/site-packages/airflow/example_dags/tutorial_dag.py took 0.075 seconds
[2024-05-26T09:13:49.114+0000] {processor.py:161} INFO - Started process (PID=41634) to work on /usr/local/python/3.10.13/lib/python3.10/site-packages/airflow/example_dags/tutorial_dag.py
[2024-05-26T09:13:49.115+0000] {processor.py:830} INFO - Processing file /usr/local/python/3.10.13/lib/python3.10/site-packages/airflow/example_dags/tutorial_dag.py for tasks to queue
[2024-05-26T09:13:49.117+0000] {logging_mixin.py:188} INFO - [2024-05-26T09:13:49.116+0000] {dagbag.py:545} INFO - Filling up the DagBag from /usr/local/python/3.10.13/lib/python3.10/site-packages/airflow/example_dags/tutorial_dag.py
[2024-05-26T09:13:49.121+0000] {processor.py:840} INFO - DAG(s) 'tutorial_dag' retrieved from /usr/local/python/3.10.13/lib/python3.10/site-packages/airflow/example_dags/tutorial_dag.py
[2024-05-26T09:13:49.133+0000] {logging_mixin.py:188} INFO - [2024-05-26T09:13:49.133+0000] {dag.py:3096} INFO - Sync 1 DAGs
[2024-05-26T09:13:49.142+0000] {logging_mixin.py:188} INFO - [2024-05-26T09:13:49.142+0000] {dag.py:3954} INFO - Setting next_dagrun for tutorial_dag to None, run_after=None
[2024-05-26T09:13:49.186+0000] {processor.py:183} INFO - Processing /usr/local/python/3.10.13/lib/python3.10/site-packages/airflow/example_dags/tutorial_dag.py took 0.076 seconds
[2024-05-26T09:14:32.773+0000] {processor.py:161} INFO - Started process (PID=41949) to work on /usr/local/python/3.10.13/lib/python3.10/site-packages/airflow/example_dags/tutorial_dag.py
[2024-05-26T09:14:32.774+0000] {processor.py:830} INFO - Processing file /usr/local/python/3.10.13/lib/python3.10/site-packages/airflow/example_dags/tutorial_dag.py for tasks to queue
[2024-05-26T09:14:32.775+0000] {logging_mixin.py:188} INFO - [2024-05-26T09:14:32.775+0000] {dagbag.py:545} INFO - Filling up the DagBag from /usr/local/python/3.10.13/lib/python3.10/site-packages/airflow/example_dags/tutorial_dag.py
[2024-05-26T09:14:32.780+0000] {processor.py:840} INFO - DAG(s) 'tutorial_dag' retrieved from /usr/local/python/3.10.13/lib/python3.10/site-packages/airflow/example_dags/tutorial_dag.py
[2024-05-26T09:14:32.792+0000] {logging_mixin.py:188} INFO - [2024-05-26T09:14:32.792+0000] {dag.py:3096} INFO - Sync 1 DAGs
[2024-05-26T09:14:32.802+0000] {logging_mixin.py:188} INFO - [2024-05-26T09:14:32.801+0000] {dag.py:3954} INFO - Setting next_dagrun for tutorial_dag to None, run_after=None
[2024-05-26T09:14:32.840+0000] {processor.py:183} INFO - Processing /usr/local/python/3.10.13/lib/python3.10/site-packages/airflow/example_dags/tutorial_dag.py took 0.071 seconds
[2024-05-26T09:15:16.969+0000] {processor.py:161} INFO - Started process (PID=42249) to work on /usr/local/python/3.10.13/lib/python3.10/site-packages/airflow/example_dags/tutorial_dag.py
[2024-05-26T09:15:16.970+0000] {processor.py:830} INFO - Processing file /usr/local/python/3.10.13/lib/python3.10/site-packages/airflow/example_dags/tutorial_dag.py for tasks to queue
[2024-05-26T09:15:16.972+0000] {logging_mixin.py:188} INFO - [2024-05-26T09:15:16.971+0000] {dagbag.py:545} INFO - Filling up the DagBag from /usr/local/python/3.10.13/lib/python3.10/site-packages/airflow/example_dags/tutorial_dag.py
[2024-05-26T09:15:16.976+0000] {processor.py:840} INFO - DAG(s) 'tutorial_dag' retrieved from /usr/local/python/3.10.13/lib/python3.10/site-packages/airflow/example_dags/tutorial_dag.py
[2024-05-26T09:15:16.988+0000] {logging_mixin.py:188} INFO - [2024-05-26T09:15:16.988+0000] {dag.py:3096} INFO - Sync 1 DAGs
[2024-05-26T09:15:16.998+0000] {logging_mixin.py:188} INFO - [2024-05-26T09:15:16.998+0000] {dag.py:3954} INFO - Setting next_dagrun for tutorial_dag to None, run_after=None
[2024-05-26T09:15:17.037+0000] {processor.py:183} INFO - Processing /usr/local/python/3.10.13/lib/python3.10/site-packages/airflow/example_dags/tutorial_dag.py took 0.074 seconds
[2024-05-26T09:15:57.954+0000] {processor.py:161} INFO - Started process (PID=42531) to work on /usr/local/python/3.10.13/lib/python3.10/site-packages/airflow/example_dags/tutorial_dag.py
[2024-05-26T09:15:57.955+0000] {processor.py:830} INFO - Processing file /usr/local/python/3.10.13/lib/python3.10/site-packages/airflow/example_dags/tutorial_dag.py for tasks to queue
[2024-05-26T09:15:57.956+0000] {logging_mixin.py:188} INFO - [2024-05-26T09:15:57.956+0000] {dagbag.py:545} INFO - Filling up the DagBag from /usr/local/python/3.10.13/lib/python3.10/site-packages/airflow/example_dags/tutorial_dag.py
[2024-05-26T09:15:57.960+0000] {processor.py:840} INFO - DAG(s) 'tutorial_dag' retrieved from /usr/local/python/3.10.13/lib/python3.10/site-packages/airflow/example_dags/tutorial_dag.py
[2024-05-26T09:15:57.971+0000] {logging_mixin.py:188} INFO - [2024-05-26T09:15:57.971+0000] {dag.py:3096} INFO - Sync 1 DAGs
[2024-05-26T09:15:57.980+0000] {logging_mixin.py:188} INFO - [2024-05-26T09:15:57.980+0000] {dag.py:3954} INFO - Setting next_dagrun for tutorial_dag to None, run_after=None
[2024-05-26T09:15:58.020+0000] {processor.py:183} INFO - Processing /usr/local/python/3.10.13/lib/python3.10/site-packages/airflow/example_dags/tutorial_dag.py took 0.071 seconds
[2024-05-26T09:16:38.874+0000] {processor.py:161} INFO - Started process (PID=42821) to work on /usr/local/python/3.10.13/lib/python3.10/site-packages/airflow/example_dags/tutorial_dag.py
[2024-05-26T09:16:38.875+0000] {processor.py:830} INFO - Processing file /usr/local/python/3.10.13/lib/python3.10/site-packages/airflow/example_dags/tutorial_dag.py for tasks to queue
[2024-05-26T09:16:38.876+0000] {logging_mixin.py:188} INFO - [2024-05-26T09:16:38.875+0000] {dagbag.py:545} INFO - Filling up the DagBag from /usr/local/python/3.10.13/lib/python3.10/site-packages/airflow/example_dags/tutorial_dag.py
[2024-05-26T09:16:38.880+0000] {processor.py:840} INFO - DAG(s) 'tutorial_dag' retrieved from /usr/local/python/3.10.13/lib/python3.10/site-packages/airflow/example_dags/tutorial_dag.py
[2024-05-26T09:16:38.892+0000] {logging_mixin.py:188} INFO - [2024-05-26T09:16:38.892+0000] {dag.py:3096} INFO - Sync 1 DAGs
[2024-05-26T09:16:38.901+0000] {logging_mixin.py:188} INFO - [2024-05-26T09:16:38.901+0000] {dag.py:3954} INFO - Setting next_dagrun for tutorial_dag to None, run_after=None
[2024-05-26T09:16:38.947+0000] {processor.py:183} INFO - Processing /usr/local/python/3.10.13/lib/python3.10/site-packages/airflow/example_dags/tutorial_dag.py took 0.077 seconds
[2024-05-26T09:17:21.530+0000] {processor.py:161} INFO - Started process (PID=43107) to work on /usr/local/python/3.10.13/lib/python3.10/site-packages/airflow/example_dags/tutorial_dag.py
[2024-05-26T09:17:21.531+0000] {processor.py:830} INFO - Processing file /usr/local/python/3.10.13/lib/python3.10/site-packages/airflow/example_dags/tutorial_dag.py for tasks to queue
[2024-05-26T09:17:21.532+0000] {logging_mixin.py:188} INFO - [2024-05-26T09:17:21.532+0000] {dagbag.py:545} INFO - Filling up the DagBag from /usr/local/python/3.10.13/lib/python3.10/site-packages/airflow/example_dags/tutorial_dag.py
[2024-05-26T09:17:21.537+0000] {processor.py:840} INFO - DAG(s) 'tutorial_dag' retrieved from /usr/local/python/3.10.13/lib/python3.10/site-packages/airflow/example_dags/tutorial_dag.py
[2024-05-26T09:17:21.549+0000] {logging_mixin.py:188} INFO - [2024-05-26T09:17:21.548+0000] {dag.py:3096} INFO - Sync 1 DAGs
[2024-05-26T09:17:21.557+0000] {logging_mixin.py:188} INFO - [2024-05-26T09:17:21.557+0000] {dag.py:3954} INFO - Setting next_dagrun for tutorial_dag to None, run_after=None
[2024-05-26T09:17:21.598+0000] {processor.py:183} INFO - Processing /usr/local/python/3.10.13/lib/python3.10/site-packages/airflow/example_dags/tutorial_dag.py took 0.072 seconds
[2024-05-26T09:18:05.193+0000] {processor.py:161} INFO - Started process (PID=43408) to work on /usr/local/python/3.10.13/lib/python3.10/site-packages/airflow/example_dags/tutorial_dag.py
[2024-05-26T09:18:05.194+0000] {processor.py:830} INFO - Processing file /usr/local/python/3.10.13/lib/python3.10/site-packages/airflow/example_dags/tutorial_dag.py for tasks to queue
[2024-05-26T09:18:05.195+0000] {logging_mixin.py:188} INFO - [2024-05-26T09:18:05.195+0000] {dagbag.py:545} INFO - Filling up the DagBag from /usr/local/python/3.10.13/lib/python3.10/site-packages/airflow/example_dags/tutorial_dag.py
[2024-05-26T09:18:05.199+0000] {processor.py:840} INFO - DAG(s) 'tutorial_dag' retrieved from /usr/local/python/3.10.13/lib/python3.10/site-packages/airflow/example_dags/tutorial_dag.py
[2024-05-26T09:18:05.213+0000] {logging_mixin.py:188} INFO - [2024-05-26T09:18:05.213+0000] {dag.py:3096} INFO - Sync 1 DAGs
[2024-05-26T09:18:05.222+0000] {logging_mixin.py:188} INFO - [2024-05-26T09:18:05.222+0000] {dag.py:3954} INFO - Setting next_dagrun for tutorial_dag to None, run_after=None
[2024-05-26T09:18:05.264+0000] {processor.py:183} INFO - Processing /usr/local/python/3.10.13/lib/python3.10/site-packages/airflow/example_dags/tutorial_dag.py took 0.075 seconds
[2024-05-26T09:18:47.667+0000] {processor.py:161} INFO - Started process (PID=43742) to work on /usr/local/python/3.10.13/lib/python3.10/site-packages/airflow/example_dags/tutorial_dag.py
[2024-05-26T09:18:47.668+0000] {processor.py:830} INFO - Processing file /usr/local/python/3.10.13/lib/python3.10/site-packages/airflow/example_dags/tutorial_dag.py for tasks to queue
[2024-05-26T09:18:47.669+0000] {logging_mixin.py:188} INFO - [2024-05-26T09:18:47.669+0000] {dagbag.py:545} INFO - Filling up the DagBag from /usr/local/python/3.10.13/lib/python3.10/site-packages/airflow/example_dags/tutorial_dag.py
[2024-05-26T09:18:47.673+0000] {processor.py:840} INFO - DAG(s) 'tutorial_dag' retrieved from /usr/local/python/3.10.13/lib/python3.10/site-packages/airflow/example_dags/tutorial_dag.py
[2024-05-26T09:18:47.685+0000] {logging_mixin.py:188} INFO - [2024-05-26T09:18:47.685+0000] {dag.py:3096} INFO - Sync 1 DAGs
[2024-05-26T09:18:47.694+0000] {logging_mixin.py:188} INFO - [2024-05-26T09:18:47.693+0000] {dag.py:3954} INFO - Setting next_dagrun for tutorial_dag to None, run_after=None
[2024-05-26T09:18:47.736+0000] {processor.py:183} INFO - Processing /usr/local/python/3.10.13/lib/python3.10/site-packages/airflow/example_dags/tutorial_dag.py took 0.074 seconds
[2024-05-26T09:19:29.067+0000] {processor.py:161} INFO - Started process (PID=44054) to work on /usr/local/python/3.10.13/lib/python3.10/site-packages/airflow/example_dags/tutorial_dag.py
[2024-05-26T09:19:29.068+0000] {processor.py:830} INFO - Processing file /usr/local/python/3.10.13/lib/python3.10/site-packages/airflow/example_dags/tutorial_dag.py for tasks to queue
[2024-05-26T09:19:29.069+0000] {logging_mixin.py:188} INFO - [2024-05-26T09:19:29.069+0000] {dagbag.py:545} INFO - Filling up the DagBag from /usr/local/python/3.10.13/lib/python3.10/site-packages/airflow/example_dags/tutorial_dag.py
[2024-05-26T09:19:29.073+0000] {processor.py:840} INFO - DAG(s) 'tutorial_dag' retrieved from /usr/local/python/3.10.13/lib/python3.10/site-packages/airflow/example_dags/tutorial_dag.py
[2024-05-26T09:19:29.085+0000] {logging_mixin.py:188} INFO - [2024-05-26T09:19:29.085+0000] {dag.py:3096} INFO - Sync 1 DAGs
[2024-05-26T09:19:29.097+0000] {logging_mixin.py:188} INFO - [2024-05-26T09:19:29.097+0000] {dag.py:3954} INFO - Setting next_dagrun for tutorial_dag to None, run_after=None
[2024-05-26T09:19:29.141+0000] {processor.py:183} INFO - Processing /usr/local/python/3.10.13/lib/python3.10/site-packages/airflow/example_dags/tutorial_dag.py took 0.078 seconds
[2024-05-26T09:20:12.169+0000] {processor.py:161} INFO - Started process (PID=44357) to work on /usr/local/python/3.10.13/lib/python3.10/site-packages/airflow/example_dags/tutorial_dag.py
[2024-05-26T09:20:12.170+0000] {processor.py:830} INFO - Processing file /usr/local/python/3.10.13/lib/python3.10/site-packages/airflow/example_dags/tutorial_dag.py for tasks to queue
[2024-05-26T09:20:12.171+0000] {logging_mixin.py:188} INFO - [2024-05-26T09:20:12.171+0000] {dagbag.py:545} INFO - Filling up the DagBag from /usr/local/python/3.10.13/lib/python3.10/site-packages/airflow/example_dags/tutorial_dag.py
[2024-05-26T09:20:12.176+0000] {processor.py:840} INFO - DAG(s) 'tutorial_dag' retrieved from /usr/local/python/3.10.13/lib/python3.10/site-packages/airflow/example_dags/tutorial_dag.py
[2024-05-26T09:20:12.187+0000] {logging_mixin.py:188} INFO - [2024-05-26T09:20:12.187+0000] {dag.py:3096} INFO - Sync 1 DAGs
[2024-05-26T09:20:12.196+0000] {logging_mixin.py:188} INFO - [2024-05-26T09:20:12.196+0000] {dag.py:3954} INFO - Setting next_dagrun for tutorial_dag to None, run_after=None
[2024-05-26T09:20:12.234+0000] {processor.py:183} INFO - Processing /usr/local/python/3.10.13/lib/python3.10/site-packages/airflow/example_dags/tutorial_dag.py took 0.070 seconds
[2024-05-26T09:20:53.648+0000] {processor.py:161} INFO - Started process (PID=44652) to work on /usr/local/python/3.10.13/lib/python3.10/site-packages/airflow/example_dags/tutorial_dag.py
[2024-05-26T09:20:53.648+0000] {processor.py:830} INFO - Processing file /usr/local/python/3.10.13/lib/python3.10/site-packages/airflow/example_dags/tutorial_dag.py for tasks to queue
[2024-05-26T09:20:53.650+0000] {logging_mixin.py:188} INFO - [2024-05-26T09:20:53.649+0000] {dagbag.py:545} INFO - Filling up the DagBag from /usr/local/python/3.10.13/lib/python3.10/site-packages/airflow/example_dags/tutorial_dag.py
[2024-05-26T09:20:53.654+0000] {processor.py:840} INFO - DAG(s) 'tutorial_dag' retrieved from /usr/local/python/3.10.13/lib/python3.10/site-packages/airflow/example_dags/tutorial_dag.py
[2024-05-26T09:20:53.665+0000] {logging_mixin.py:188} INFO - [2024-05-26T09:20:53.665+0000] {dag.py:3096} INFO - Sync 1 DAGs
[2024-05-26T09:20:53.674+0000] {logging_mixin.py:188} INFO - [2024-05-26T09:20:53.674+0000] {dag.py:3954} INFO - Setting next_dagrun for tutorial_dag to None, run_after=None
[2024-05-26T09:20:53.714+0000] {processor.py:183} INFO - Processing /usr/local/python/3.10.13/lib/python3.10/site-packages/airflow/example_dags/tutorial_dag.py took 0.071 seconds
[2024-05-26T09:21:36.284+0000] {processor.py:161} INFO - Started process (PID=44939) to work on /usr/local/python/3.10.13/lib/python3.10/site-packages/airflow/example_dags/tutorial_dag.py
[2024-05-26T09:21:36.285+0000] {processor.py:830} INFO - Processing file /usr/local/python/3.10.13/lib/python3.10/site-packages/airflow/example_dags/tutorial_dag.py for tasks to queue
[2024-05-26T09:21:36.286+0000] {logging_mixin.py:188} INFO - [2024-05-26T09:21:36.285+0000] {dagbag.py:545} INFO - Filling up the DagBag from /usr/local/python/3.10.13/lib/python3.10/site-packages/airflow/example_dags/tutorial_dag.py
[2024-05-26T09:21:36.290+0000] {processor.py:840} INFO - DAG(s) 'tutorial_dag' retrieved from /usr/local/python/3.10.13/lib/python3.10/site-packages/airflow/example_dags/tutorial_dag.py
[2024-05-26T09:21:36.302+0000] {logging_mixin.py:188} INFO - [2024-05-26T09:21:36.302+0000] {dag.py:3096} INFO - Sync 1 DAGs
[2024-05-26T09:21:36.311+0000] {logging_mixin.py:188} INFO - [2024-05-26T09:21:36.311+0000] {dag.py:3954} INFO - Setting next_dagrun for tutorial_dag to None, run_after=None
[2024-05-26T09:21:36.350+0000] {processor.py:183} INFO - Processing /usr/local/python/3.10.13/lib/python3.10/site-packages/airflow/example_dags/tutorial_dag.py took 0.071 seconds
[2024-05-26T09:22:18.845+0000] {processor.py:161} INFO - Started process (PID=45231) to work on /usr/local/python/3.10.13/lib/python3.10/site-packages/airflow/example_dags/tutorial_dag.py
[2024-05-26T09:22:18.846+0000] {processor.py:830} INFO - Processing file /usr/local/python/3.10.13/lib/python3.10/site-packages/airflow/example_dags/tutorial_dag.py for tasks to queue
[2024-05-26T09:22:18.847+0000] {logging_mixin.py:188} INFO - [2024-05-26T09:22:18.847+0000] {dagbag.py:545} INFO - Filling up the DagBag from /usr/local/python/3.10.13/lib/python3.10/site-packages/airflow/example_dags/tutorial_dag.py
[2024-05-26T09:22:18.852+0000] {processor.py:840} INFO - DAG(s) 'tutorial_dag' retrieved from /usr/local/python/3.10.13/lib/python3.10/site-packages/airflow/example_dags/tutorial_dag.py
[2024-05-26T09:22:18.863+0000] {logging_mixin.py:188} INFO - [2024-05-26T09:22:18.863+0000] {dag.py:3096} INFO - Sync 1 DAGs
[2024-05-26T09:22:18.872+0000] {logging_mixin.py:188} INFO - [2024-05-26T09:22:18.872+0000] {dag.py:3954} INFO - Setting next_dagrun for tutorial_dag to None, run_after=None
[2024-05-26T09:22:18.913+0000] {processor.py:183} INFO - Processing /usr/local/python/3.10.13/lib/python3.10/site-packages/airflow/example_dags/tutorial_dag.py took 0.073 seconds
[2024-05-26T09:22:56.687+0000] {processor.py:161} INFO - Started process (PID=45504) to work on /usr/local/python/3.10.13/lib/python3.10/site-packages/airflow/example_dags/tutorial_dag.py
[2024-05-26T09:22:56.688+0000] {processor.py:830} INFO - Processing file /usr/local/python/3.10.13/lib/python3.10/site-packages/airflow/example_dags/tutorial_dag.py for tasks to queue
[2024-05-26T09:22:56.689+0000] {logging_mixin.py:188} INFO - [2024-05-26T09:22:56.689+0000] {dagbag.py:545} INFO - Filling up the DagBag from /usr/local/python/3.10.13/lib/python3.10/site-packages/airflow/example_dags/tutorial_dag.py
[2024-05-26T09:22:56.694+0000] {processor.py:840} INFO - DAG(s) 'tutorial_dag' retrieved from /usr/local/python/3.10.13/lib/python3.10/site-packages/airflow/example_dags/tutorial_dag.py
[2024-05-26T09:22:56.706+0000] {logging_mixin.py:188} INFO - [2024-05-26T09:22:56.705+0000] {dag.py:3096} INFO - Sync 1 DAGs
[2024-05-26T09:22:56.714+0000] {logging_mixin.py:188} INFO - [2024-05-26T09:22:56.714+0000] {dag.py:3954} INFO - Setting next_dagrun for tutorial_dag to None, run_after=None
[2024-05-26T09:22:56.764+0000] {processor.py:183} INFO - Processing /usr/local/python/3.10.13/lib/python3.10/site-packages/airflow/example_dags/tutorial_dag.py took 0.081 seconds
[2024-05-26T09:23:39.083+0000] {processor.py:161} INFO - Started process (PID=45785) to work on /usr/local/python/3.10.13/lib/python3.10/site-packages/airflow/example_dags/tutorial_dag.py
[2024-05-26T09:23:39.084+0000] {processor.py:830} INFO - Processing file /usr/local/python/3.10.13/lib/python3.10/site-packages/airflow/example_dags/tutorial_dag.py for tasks to queue
[2024-05-26T09:23:39.085+0000] {logging_mixin.py:188} INFO - [2024-05-26T09:23:39.085+0000] {dagbag.py:545} INFO - Filling up the DagBag from /usr/local/python/3.10.13/lib/python3.10/site-packages/airflow/example_dags/tutorial_dag.py
[2024-05-26T09:23:39.090+0000] {processor.py:840} INFO - DAG(s) 'tutorial_dag' retrieved from /usr/local/python/3.10.13/lib/python3.10/site-packages/airflow/example_dags/tutorial_dag.py
[2024-05-26T09:23:39.101+0000] {logging_mixin.py:188} INFO - [2024-05-26T09:23:39.101+0000] {dag.py:3096} INFO - Sync 1 DAGs
[2024-05-26T09:23:39.111+0000] {logging_mixin.py:188} INFO - [2024-05-26T09:23:39.110+0000] {dag.py:3954} INFO - Setting next_dagrun for tutorial_dag to None, run_after=None
[2024-05-26T09:23:39.146+0000] {processor.py:183} INFO - Processing /usr/local/python/3.10.13/lib/python3.10/site-packages/airflow/example_dags/tutorial_dag.py took 0.068 seconds
[2024-05-26T09:24:21.644+0000] {processor.py:161} INFO - Started process (PID=46080) to work on /usr/local/python/3.10.13/lib/python3.10/site-packages/airflow/example_dags/tutorial_dag.py
[2024-05-26T09:24:21.645+0000] {processor.py:830} INFO - Processing file /usr/local/python/3.10.13/lib/python3.10/site-packages/airflow/example_dags/tutorial_dag.py for tasks to queue
[2024-05-26T09:24:21.646+0000] {logging_mixin.py:188} INFO - [2024-05-26T09:24:21.646+0000] {dagbag.py:545} INFO - Filling up the DagBag from /usr/local/python/3.10.13/lib/python3.10/site-packages/airflow/example_dags/tutorial_dag.py
[2024-05-26T09:24:21.651+0000] {processor.py:840} INFO - DAG(s) 'tutorial_dag' retrieved from /usr/local/python/3.10.13/lib/python3.10/site-packages/airflow/example_dags/tutorial_dag.py
[2024-05-26T09:24:21.662+0000] {logging_mixin.py:188} INFO - [2024-05-26T09:24:21.662+0000] {dag.py:3096} INFO - Sync 1 DAGs
[2024-05-26T09:24:21.671+0000] {logging_mixin.py:188} INFO - [2024-05-26T09:24:21.671+0000] {dag.py:3954} INFO - Setting next_dagrun for tutorial_dag to None, run_after=None
[2024-05-26T09:24:21.709+0000] {processor.py:183} INFO - Processing /usr/local/python/3.10.13/lib/python3.10/site-packages/airflow/example_dags/tutorial_dag.py took 0.070 seconds
[2024-05-26T09:25:17.327+0000] {processor.py:161} INFO - Started process (PID=46481) to work on /usr/local/python/3.10.13/lib/python3.10/site-packages/airflow/example_dags/tutorial_dag.py
[2024-05-26T09:25:17.328+0000] {processor.py:830} INFO - Processing file /usr/local/python/3.10.13/lib/python3.10/site-packages/airflow/example_dags/tutorial_dag.py for tasks to queue
[2024-05-26T09:25:17.329+0000] {logging_mixin.py:188} INFO - [2024-05-26T09:25:17.329+0000] {dagbag.py:545} INFO - Filling up the DagBag from /usr/local/python/3.10.13/lib/python3.10/site-packages/airflow/example_dags/tutorial_dag.py
[2024-05-26T09:25:17.333+0000] {processor.py:840} INFO - DAG(s) 'tutorial_dag' retrieved from /usr/local/python/3.10.13/lib/python3.10/site-packages/airflow/example_dags/tutorial_dag.py
[2024-05-26T09:25:17.345+0000] {logging_mixin.py:188} INFO - [2024-05-26T09:25:17.345+0000] {dag.py:3096} INFO - Sync 1 DAGs
[2024-05-26T09:25:17.354+0000] {logging_mixin.py:188} INFO - [2024-05-26T09:25:17.354+0000] {dag.py:3954} INFO - Setting next_dagrun for tutorial_dag to None, run_after=None
[2024-05-26T09:25:17.390+0000] {processor.py:183} INFO - Processing /usr/local/python/3.10.13/lib/python3.10/site-packages/airflow/example_dags/tutorial_dag.py took 0.068 seconds
[2024-05-26T09:25:59.887+0000] {processor.py:161} INFO - Started process (PID=46789) to work on /usr/local/python/3.10.13/lib/python3.10/site-packages/airflow/example_dags/tutorial_dag.py
[2024-05-26T09:25:59.888+0000] {processor.py:830} INFO - Processing file /usr/local/python/3.10.13/lib/python3.10/site-packages/airflow/example_dags/tutorial_dag.py for tasks to queue
[2024-05-26T09:25:59.889+0000] {logging_mixin.py:188} INFO - [2024-05-26T09:25:59.889+0000] {dagbag.py:545} INFO - Filling up the DagBag from /usr/local/python/3.10.13/lib/python3.10/site-packages/airflow/example_dags/tutorial_dag.py
[2024-05-26T09:25:59.893+0000] {processor.py:840} INFO - DAG(s) 'tutorial_dag' retrieved from /usr/local/python/3.10.13/lib/python3.10/site-packages/airflow/example_dags/tutorial_dag.py
[2024-05-26T09:25:59.905+0000] {logging_mixin.py:188} INFO - [2024-05-26T09:25:59.904+0000] {dag.py:3096} INFO - Sync 1 DAGs
[2024-05-26T09:25:59.914+0000] {logging_mixin.py:188} INFO - [2024-05-26T09:25:59.914+0000] {dag.py:3954} INFO - Setting next_dagrun for tutorial_dag to None, run_after=None
[2024-05-26T09:25:59.950+0000] {processor.py:183} INFO - Processing /usr/local/python/3.10.13/lib/python3.10/site-packages/airflow/example_dags/tutorial_dag.py took 0.068 seconds
[2024-05-26T09:26:41.294+0000] {processor.py:161} INFO - Started process (PID=47102) to work on /usr/local/python/3.10.13/lib/python3.10/site-packages/airflow/example_dags/tutorial_dag.py
[2024-05-26T09:26:41.295+0000] {processor.py:830} INFO - Processing file /usr/local/python/3.10.13/lib/python3.10/site-packages/airflow/example_dags/tutorial_dag.py for tasks to queue
[2024-05-26T09:26:41.296+0000] {logging_mixin.py:188} INFO - [2024-05-26T09:26:41.296+0000] {dagbag.py:545} INFO - Filling up the DagBag from /usr/local/python/3.10.13/lib/python3.10/site-packages/airflow/example_dags/tutorial_dag.py
[2024-05-26T09:26:41.301+0000] {processor.py:840} INFO - DAG(s) 'tutorial_dag' retrieved from /usr/local/python/3.10.13/lib/python3.10/site-packages/airflow/example_dags/tutorial_dag.py
[2024-05-26T09:26:41.312+0000] {logging_mixin.py:188} INFO - [2024-05-26T09:26:41.312+0000] {dag.py:3096} INFO - Sync 1 DAGs
[2024-05-26T09:26:41.321+0000] {logging_mixin.py:188} INFO - [2024-05-26T09:26:41.321+0000] {dag.py:3954} INFO - Setting next_dagrun for tutorial_dag to None, run_after=None
[2024-05-26T09:26:41.368+0000] {processor.py:183} INFO - Processing /usr/local/python/3.10.13/lib/python3.10/site-packages/airflow/example_dags/tutorial_dag.py took 0.078 seconds
[2024-05-26T09:27:22.598+0000] {processor.py:161} INFO - Started process (PID=47398) to work on /usr/local/python/3.10.13/lib/python3.10/site-packages/airflow/example_dags/tutorial_dag.py
[2024-05-26T09:27:22.599+0000] {processor.py:830} INFO - Processing file /usr/local/python/3.10.13/lib/python3.10/site-packages/airflow/example_dags/tutorial_dag.py for tasks to queue
[2024-05-26T09:27:22.600+0000] {logging_mixin.py:188} INFO - [2024-05-26T09:27:22.600+0000] {dagbag.py:545} INFO - Filling up the DagBag from /usr/local/python/3.10.13/lib/python3.10/site-packages/airflow/example_dags/tutorial_dag.py
[2024-05-26T09:27:22.606+0000] {processor.py:840} INFO - DAG(s) 'tutorial_dag' retrieved from /usr/local/python/3.10.13/lib/python3.10/site-packages/airflow/example_dags/tutorial_dag.py
[2024-05-26T09:27:22.621+0000] {logging_mixin.py:188} INFO - [2024-05-26T09:27:22.621+0000] {dag.py:3096} INFO - Sync 1 DAGs
[2024-05-26T09:27:22.630+0000] {logging_mixin.py:188} INFO - [2024-05-26T09:27:22.630+0000] {dag.py:3954} INFO - Setting next_dagrun for tutorial_dag to None, run_after=None
[2024-05-26T09:27:22.666+0000] {processor.py:183} INFO - Processing /usr/local/python/3.10.13/lib/python3.10/site-packages/airflow/example_dags/tutorial_dag.py took 0.073 seconds
[2024-05-26T09:28:02.818+0000] {processor.py:161} INFO - Started process (PID=47679) to work on /usr/local/python/3.10.13/lib/python3.10/site-packages/airflow/example_dags/tutorial_dag.py
[2024-05-26T09:28:02.819+0000] {processor.py:830} INFO - Processing file /usr/local/python/3.10.13/lib/python3.10/site-packages/airflow/example_dags/tutorial_dag.py for tasks to queue
[2024-05-26T09:28:02.820+0000] {logging_mixin.py:188} INFO - [2024-05-26T09:28:02.820+0000] {dagbag.py:545} INFO - Filling up the DagBag from /usr/local/python/3.10.13/lib/python3.10/site-packages/airflow/example_dags/tutorial_dag.py
[2024-05-26T09:28:02.824+0000] {processor.py:840} INFO - DAG(s) 'tutorial_dag' retrieved from /usr/local/python/3.10.13/lib/python3.10/site-packages/airflow/example_dags/tutorial_dag.py
[2024-05-26T09:28:02.836+0000] {logging_mixin.py:188} INFO - [2024-05-26T09:28:02.836+0000] {dag.py:3096} INFO - Sync 1 DAGs
[2024-05-26T09:28:02.845+0000] {logging_mixin.py:188} INFO - [2024-05-26T09:28:02.845+0000] {dag.py:3954} INFO - Setting next_dagrun for tutorial_dag to None, run_after=None
[2024-05-26T09:28:02.883+0000] {processor.py:183} INFO - Processing /usr/local/python/3.10.13/lib/python3.10/site-packages/airflow/example_dags/tutorial_dag.py took 0.070 seconds
[2024-05-26T09:28:44.098+0000] {processor.py:161} INFO - Started process (PID=47964) to work on /usr/local/python/3.10.13/lib/python3.10/site-packages/airflow/example_dags/tutorial_dag.py
[2024-05-26T09:28:44.099+0000] {processor.py:830} INFO - Processing file /usr/local/python/3.10.13/lib/python3.10/site-packages/airflow/example_dags/tutorial_dag.py for tasks to queue
[2024-05-26T09:28:44.101+0000] {logging_mixin.py:188} INFO - [2024-05-26T09:28:44.100+0000] {dagbag.py:545} INFO - Filling up the DagBag from /usr/local/python/3.10.13/lib/python3.10/site-packages/airflow/example_dags/tutorial_dag.py
[2024-05-26T09:28:44.105+0000] {processor.py:840} INFO - DAG(s) 'tutorial_dag' retrieved from /usr/local/python/3.10.13/lib/python3.10/site-packages/airflow/example_dags/tutorial_dag.py
[2024-05-26T09:28:44.117+0000] {logging_mixin.py:188} INFO - [2024-05-26T09:28:44.117+0000] {dag.py:3096} INFO - Sync 1 DAGs
[2024-05-26T09:28:44.126+0000] {logging_mixin.py:188} INFO - [2024-05-26T09:28:44.126+0000] {dag.py:3954} INFO - Setting next_dagrun for tutorial_dag to None, run_after=None
[2024-05-26T09:28:44.163+0000] {processor.py:183} INFO - Processing /usr/local/python/3.10.13/lib/python3.10/site-packages/airflow/example_dags/tutorial_dag.py took 0.069 seconds
[2024-05-26T09:29:26.586+0000] {processor.py:161} INFO - Started process (PID=48257) to work on /usr/local/python/3.10.13/lib/python3.10/site-packages/airflow/example_dags/tutorial_dag.py
[2024-05-26T09:29:26.587+0000] {processor.py:830} INFO - Processing file /usr/local/python/3.10.13/lib/python3.10/site-packages/airflow/example_dags/tutorial_dag.py for tasks to queue
[2024-05-26T09:29:26.588+0000] {logging_mixin.py:188} INFO - [2024-05-26T09:29:26.588+0000] {dagbag.py:545} INFO - Filling up the DagBag from /usr/local/python/3.10.13/lib/python3.10/site-packages/airflow/example_dags/tutorial_dag.py
[2024-05-26T09:29:26.592+0000] {processor.py:840} INFO - DAG(s) 'tutorial_dag' retrieved from /usr/local/python/3.10.13/lib/python3.10/site-packages/airflow/example_dags/tutorial_dag.py
[2024-05-26T09:29:26.604+0000] {logging_mixin.py:188} INFO - [2024-05-26T09:29:26.604+0000] {dag.py:3096} INFO - Sync 1 DAGs
[2024-05-26T09:29:26.613+0000] {logging_mixin.py:188} INFO - [2024-05-26T09:29:26.613+0000] {dag.py:3954} INFO - Setting next_dagrun for tutorial_dag to None, run_after=None
[2024-05-26T09:29:26.649+0000] {processor.py:183} INFO - Processing /usr/local/python/3.10.13/lib/python3.10/site-packages/airflow/example_dags/tutorial_dag.py took 0.068 seconds
[2024-05-26T09:30:07.938+0000] {processor.py:161} INFO - Started process (PID=48543) to work on /usr/local/python/3.10.13/lib/python3.10/site-packages/airflow/example_dags/tutorial_dag.py
[2024-05-26T09:30:07.939+0000] {processor.py:830} INFO - Processing file /usr/local/python/3.10.13/lib/python3.10/site-packages/airflow/example_dags/tutorial_dag.py for tasks to queue
[2024-05-26T09:30:07.942+0000] {logging_mixin.py:188} INFO - [2024-05-26T09:30:07.941+0000] {dagbag.py:545} INFO - Filling up the DagBag from /usr/local/python/3.10.13/lib/python3.10/site-packages/airflow/example_dags/tutorial_dag.py
[2024-05-26T09:30:07.948+0000] {processor.py:840} INFO - DAG(s) 'tutorial_dag' retrieved from /usr/local/python/3.10.13/lib/python3.10/site-packages/airflow/example_dags/tutorial_dag.py
[2024-05-26T09:30:07.965+0000] {logging_mixin.py:188} INFO - [2024-05-26T09:30:07.965+0000] {dag.py:3096} INFO - Sync 1 DAGs
[2024-05-26T09:30:07.979+0000] {logging_mixin.py:188} INFO - [2024-05-26T09:30:07.979+0000] {dag.py:3954} INFO - Setting next_dagrun for tutorial_dag to None, run_after=None
[2024-05-26T09:30:08.032+0000] {processor.py:183} INFO - Processing /usr/local/python/3.10.13/lib/python3.10/site-packages/airflow/example_dags/tutorial_dag.py took 0.101 seconds
[2024-05-26T09:30:47.335+0000] {processor.py:161} INFO - Started process (PID=48813) to work on /usr/local/python/3.10.13/lib/python3.10/site-packages/airflow/example_dags/tutorial_dag.py
[2024-05-26T09:30:47.335+0000] {processor.py:830} INFO - Processing file /usr/local/python/3.10.13/lib/python3.10/site-packages/airflow/example_dags/tutorial_dag.py for tasks to queue
[2024-05-26T09:30:47.336+0000] {logging_mixin.py:188} INFO - [2024-05-26T09:30:47.336+0000] {dagbag.py:545} INFO - Filling up the DagBag from /usr/local/python/3.10.13/lib/python3.10/site-packages/airflow/example_dags/tutorial_dag.py
[2024-05-26T09:30:47.341+0000] {processor.py:840} INFO - DAG(s) 'tutorial_dag' retrieved from /usr/local/python/3.10.13/lib/python3.10/site-packages/airflow/example_dags/tutorial_dag.py
[2024-05-26T09:30:47.352+0000] {logging_mixin.py:188} INFO - [2024-05-26T09:30:47.352+0000] {dag.py:3096} INFO - Sync 1 DAGs
[2024-05-26T09:30:47.361+0000] {logging_mixin.py:188} INFO - [2024-05-26T09:30:47.361+0000] {dag.py:3954} INFO - Setting next_dagrun for tutorial_dag to None, run_after=None
[2024-05-26T09:30:47.397+0000] {processor.py:183} INFO - Processing /usr/local/python/3.10.13/lib/python3.10/site-packages/airflow/example_dags/tutorial_dag.py took 0.067 seconds
[2024-05-26T09:31:27.502+0000] {processor.py:161} INFO - Started process (PID=49095) to work on /usr/local/python/3.10.13/lib/python3.10/site-packages/airflow/example_dags/tutorial_dag.py
[2024-05-26T09:31:27.502+0000] {processor.py:830} INFO - Processing file /usr/local/python/3.10.13/lib/python3.10/site-packages/airflow/example_dags/tutorial_dag.py for tasks to queue
[2024-05-26T09:31:27.504+0000] {logging_mixin.py:188} INFO - [2024-05-26T09:31:27.503+0000] {dagbag.py:545} INFO - Filling up the DagBag from /usr/local/python/3.10.13/lib/python3.10/site-packages/airflow/example_dags/tutorial_dag.py
[2024-05-26T09:31:27.508+0000] {processor.py:840} INFO - DAG(s) 'tutorial_dag' retrieved from /usr/local/python/3.10.13/lib/python3.10/site-packages/airflow/example_dags/tutorial_dag.py
[2024-05-26T09:31:27.519+0000] {logging_mixin.py:188} INFO - [2024-05-26T09:31:27.519+0000] {dag.py:3096} INFO - Sync 1 DAGs
[2024-05-26T09:31:27.528+0000] {logging_mixin.py:188} INFO - [2024-05-26T09:31:27.528+0000] {dag.py:3954} INFO - Setting next_dagrun for tutorial_dag to None, run_after=None
[2024-05-26T09:31:27.567+0000] {processor.py:183} INFO - Processing /usr/local/python/3.10.13/lib/python3.10/site-packages/airflow/example_dags/tutorial_dag.py took 0.072 seconds
[2024-05-26T09:32:12.564+0000] {processor.py:161} INFO - Started process (PID=49419) to work on /usr/local/python/3.10.13/lib/python3.10/site-packages/airflow/example_dags/tutorial_dag.py
[2024-05-26T09:32:12.565+0000] {processor.py:830} INFO - Processing file /usr/local/python/3.10.13/lib/python3.10/site-packages/airflow/example_dags/tutorial_dag.py for tasks to queue
[2024-05-26T09:32:12.567+0000] {logging_mixin.py:188} INFO - [2024-05-26T09:32:12.566+0000] {dagbag.py:545} INFO - Filling up the DagBag from /usr/local/python/3.10.13/lib/python3.10/site-packages/airflow/example_dags/tutorial_dag.py
[2024-05-26T09:32:12.573+0000] {processor.py:840} INFO - DAG(s) 'tutorial_dag' retrieved from /usr/local/python/3.10.13/lib/python3.10/site-packages/airflow/example_dags/tutorial_dag.py
[2024-05-26T09:32:12.590+0000] {logging_mixin.py:188} INFO - [2024-05-26T09:32:12.589+0000] {dag.py:3096} INFO - Sync 1 DAGs
[2024-05-26T09:32:12.621+0000] {logging_mixin.py:188} INFO - [2024-05-26T09:32:12.621+0000] {dag.py:3954} INFO - Setting next_dagrun for tutorial_dag to None, run_after=None
[2024-05-26T09:32:12.689+0000] {processor.py:183} INFO - Processing /usr/local/python/3.10.13/lib/python3.10/site-packages/airflow/example_dags/tutorial_dag.py took 0.132 seconds
[2024-05-26T09:32:54.338+0000] {processor.py:161} INFO - Started process (PID=49711) to work on /usr/local/python/3.10.13/lib/python3.10/site-packages/airflow/example_dags/tutorial_dag.py
[2024-05-26T09:32:54.338+0000] {processor.py:830} INFO - Processing file /usr/local/python/3.10.13/lib/python3.10/site-packages/airflow/example_dags/tutorial_dag.py for tasks to queue
[2024-05-26T09:32:54.340+0000] {logging_mixin.py:188} INFO - [2024-05-26T09:32:54.339+0000] {dagbag.py:545} INFO - Filling up the DagBag from /usr/local/python/3.10.13/lib/python3.10/site-packages/airflow/example_dags/tutorial_dag.py
[2024-05-26T09:32:54.344+0000] {processor.py:840} INFO - DAG(s) 'tutorial_dag' retrieved from /usr/local/python/3.10.13/lib/python3.10/site-packages/airflow/example_dags/tutorial_dag.py
[2024-05-26T09:32:54.356+0000] {logging_mixin.py:188} INFO - [2024-05-26T09:32:54.355+0000] {dag.py:3096} INFO - Sync 1 DAGs
[2024-05-26T09:32:54.365+0000] {logging_mixin.py:188} INFO - [2024-05-26T09:32:54.364+0000] {dag.py:3954} INFO - Setting next_dagrun for tutorial_dag to None, run_after=None
[2024-05-26T09:32:54.403+0000] {processor.py:183} INFO - Processing /usr/local/python/3.10.13/lib/python3.10/site-packages/airflow/example_dags/tutorial_dag.py took 0.069 seconds
[2024-05-26T09:33:52.020+0000] {processor.py:161} INFO - Started process (PID=50131) to work on /usr/local/python/3.10.13/lib/python3.10/site-packages/airflow/example_dags/tutorial_dag.py
[2024-05-26T09:33:52.021+0000] {processor.py:830} INFO - Processing file /usr/local/python/3.10.13/lib/python3.10/site-packages/airflow/example_dags/tutorial_dag.py for tasks to queue
[2024-05-26T09:33:52.022+0000] {logging_mixin.py:188} INFO - [2024-05-26T09:33:52.022+0000] {dagbag.py:545} INFO - Filling up the DagBag from /usr/local/python/3.10.13/lib/python3.10/site-packages/airflow/example_dags/tutorial_dag.py
[2024-05-26T09:33:52.026+0000] {processor.py:840} INFO - DAG(s) 'tutorial_dag' retrieved from /usr/local/python/3.10.13/lib/python3.10/site-packages/airflow/example_dags/tutorial_dag.py
[2024-05-26T09:33:52.038+0000] {logging_mixin.py:188} INFO - [2024-05-26T09:33:52.038+0000] {dag.py:3096} INFO - Sync 1 DAGs
[2024-05-26T09:33:52.047+0000] {logging_mixin.py:188} INFO - [2024-05-26T09:33:52.047+0000] {dag.py:3954} INFO - Setting next_dagrun for tutorial_dag to None, run_after=None
[2024-05-26T09:33:52.084+0000] {processor.py:183} INFO - Processing /usr/local/python/3.10.13/lib/python3.10/site-packages/airflow/example_dags/tutorial_dag.py took 0.069 seconds
[2024-05-26T09:34:34.802+0000] {processor.py:161} INFO - Started process (PID=50430) to work on /usr/local/python/3.10.13/lib/python3.10/site-packages/airflow/example_dags/tutorial_dag.py
[2024-05-26T09:34:34.803+0000] {processor.py:830} INFO - Processing file /usr/local/python/3.10.13/lib/python3.10/site-packages/airflow/example_dags/tutorial_dag.py for tasks to queue
[2024-05-26T09:34:34.804+0000] {logging_mixin.py:188} INFO - [2024-05-26T09:34:34.804+0000] {dagbag.py:545} INFO - Filling up the DagBag from /usr/local/python/3.10.13/lib/python3.10/site-packages/airflow/example_dags/tutorial_dag.py
[2024-05-26T09:34:34.809+0000] {processor.py:840} INFO - DAG(s) 'tutorial_dag' retrieved from /usr/local/python/3.10.13/lib/python3.10/site-packages/airflow/example_dags/tutorial_dag.py
[2024-05-26T09:34:34.821+0000] {logging_mixin.py:188} INFO - [2024-05-26T09:34:34.821+0000] {dag.py:3096} INFO - Sync 1 DAGs
[2024-05-26T09:34:34.829+0000] {logging_mixin.py:188} INFO - [2024-05-26T09:34:34.829+0000] {dag.py:3954} INFO - Setting next_dagrun for tutorial_dag to None, run_after=None
[2024-05-26T09:34:34.867+0000] {processor.py:183} INFO - Processing /usr/local/python/3.10.13/lib/python3.10/site-packages/airflow/example_dags/tutorial_dag.py took 0.069 seconds
[2024-05-26T09:35:31.809+0000] {processor.py:161} INFO - Started process (PID=50814) to work on /usr/local/python/3.10.13/lib/python3.10/site-packages/airflow/example_dags/tutorial_dag.py
[2024-05-26T09:35:31.810+0000] {processor.py:830} INFO - Processing file /usr/local/python/3.10.13/lib/python3.10/site-packages/airflow/example_dags/tutorial_dag.py for tasks to queue
[2024-05-26T09:35:31.812+0000] {logging_mixin.py:188} INFO - [2024-05-26T09:35:31.811+0000] {dagbag.py:545} INFO - Filling up the DagBag from /usr/local/python/3.10.13/lib/python3.10/site-packages/airflow/example_dags/tutorial_dag.py
[2024-05-26T09:35:31.818+0000] {processor.py:840} INFO - DAG(s) 'tutorial_dag' retrieved from /usr/local/python/3.10.13/lib/python3.10/site-packages/airflow/example_dags/tutorial_dag.py
[2024-05-26T09:35:31.836+0000] {logging_mixin.py:188} INFO - [2024-05-26T09:35:31.836+0000] {dag.py:3096} INFO - Sync 1 DAGs
[2024-05-26T09:35:31.849+0000] {logging_mixin.py:188} INFO - [2024-05-26T09:35:31.848+0000] {dag.py:3954} INFO - Setting next_dagrun for tutorial_dag to None, run_after=None
[2024-05-26T09:35:31.887+0000] {processor.py:183} INFO - Processing /usr/local/python/3.10.13/lib/python3.10/site-packages/airflow/example_dags/tutorial_dag.py took 0.085 seconds
[2024-05-26T09:36:12.485+0000] {processor.py:161} INFO - Started process (PID=51097) to work on /usr/local/python/3.10.13/lib/python3.10/site-packages/airflow/example_dags/tutorial_dag.py
[2024-05-26T09:36:12.486+0000] {processor.py:830} INFO - Processing file /usr/local/python/3.10.13/lib/python3.10/site-packages/airflow/example_dags/tutorial_dag.py for tasks to queue
[2024-05-26T09:36:12.487+0000] {logging_mixin.py:188} INFO - [2024-05-26T09:36:12.487+0000] {dagbag.py:545} INFO - Filling up the DagBag from /usr/local/python/3.10.13/lib/python3.10/site-packages/airflow/example_dags/tutorial_dag.py
[2024-05-26T09:36:12.492+0000] {processor.py:840} INFO - DAG(s) 'tutorial_dag' retrieved from /usr/local/python/3.10.13/lib/python3.10/site-packages/airflow/example_dags/tutorial_dag.py
[2024-05-26T09:36:12.503+0000] {logging_mixin.py:188} INFO - [2024-05-26T09:36:12.503+0000] {dag.py:3096} INFO - Sync 1 DAGs
[2024-05-26T09:36:12.512+0000] {logging_mixin.py:188} INFO - [2024-05-26T09:36:12.512+0000] {dag.py:3954} INFO - Setting next_dagrun for tutorial_dag to None, run_after=None
[2024-05-26T09:36:12.548+0000] {processor.py:183} INFO - Processing /usr/local/python/3.10.13/lib/python3.10/site-packages/airflow/example_dags/tutorial_dag.py took 0.067 seconds
[2024-05-26T09:36:52.880+0000] {processor.py:161} INFO - Started process (PID=51384) to work on /usr/local/python/3.10.13/lib/python3.10/site-packages/airflow/example_dags/tutorial_dag.py
[2024-05-26T09:36:52.881+0000] {processor.py:830} INFO - Processing file /usr/local/python/3.10.13/lib/python3.10/site-packages/airflow/example_dags/tutorial_dag.py for tasks to queue
[2024-05-26T09:36:52.882+0000] {logging_mixin.py:188} INFO - [2024-05-26T09:36:52.882+0000] {dagbag.py:545} INFO - Filling up the DagBag from /usr/local/python/3.10.13/lib/python3.10/site-packages/airflow/example_dags/tutorial_dag.py
[2024-05-26T09:36:52.886+0000] {processor.py:840} INFO - DAG(s) 'tutorial_dag' retrieved from /usr/local/python/3.10.13/lib/python3.10/site-packages/airflow/example_dags/tutorial_dag.py
[2024-05-26T09:36:52.897+0000] {logging_mixin.py:188} INFO - [2024-05-26T09:36:52.897+0000] {dag.py:3096} INFO - Sync 1 DAGs
[2024-05-26T09:36:52.907+0000] {logging_mixin.py:188} INFO - [2024-05-26T09:36:52.907+0000] {dag.py:3954} INFO - Setting next_dagrun for tutorial_dag to None, run_after=None
[2024-05-26T09:36:52.944+0000] {processor.py:183} INFO - Processing /usr/local/python/3.10.13/lib/python3.10/site-packages/airflow/example_dags/tutorial_dag.py took 0.068 seconds
[2024-05-26T09:37:37.160+0000] {processor.py:161} INFO - Started process (PID=51702) to work on /usr/local/python/3.10.13/lib/python3.10/site-packages/airflow/example_dags/tutorial_dag.py
[2024-05-26T09:37:37.161+0000] {processor.py:830} INFO - Processing file /usr/local/python/3.10.13/lib/python3.10/site-packages/airflow/example_dags/tutorial_dag.py for tasks to queue
[2024-05-26T09:37:37.162+0000] {logging_mixin.py:188} INFO - [2024-05-26T09:37:37.162+0000] {dagbag.py:545} INFO - Filling up the DagBag from /usr/local/python/3.10.13/lib/python3.10/site-packages/airflow/example_dags/tutorial_dag.py
[2024-05-26T09:37:37.166+0000] {processor.py:840} INFO - DAG(s) 'tutorial_dag' retrieved from /usr/local/python/3.10.13/lib/python3.10/site-packages/airflow/example_dags/tutorial_dag.py
[2024-05-26T09:37:37.178+0000] {logging_mixin.py:188} INFO - [2024-05-26T09:37:37.178+0000] {dag.py:3096} INFO - Sync 1 DAGs
[2024-05-26T09:37:37.187+0000] {logging_mixin.py:188} INFO - [2024-05-26T09:37:37.187+0000] {dag.py:3954} INFO - Setting next_dagrun for tutorial_dag to None, run_after=None
[2024-05-26T09:37:37.223+0000] {processor.py:183} INFO - Processing /usr/local/python/3.10.13/lib/python3.10/site-packages/airflow/example_dags/tutorial_dag.py took 0.068 seconds
[2024-05-26T09:38:18.947+0000] {processor.py:161} INFO - Started process (PID=51992) to work on /usr/local/python/3.10.13/lib/python3.10/site-packages/airflow/example_dags/tutorial_dag.py
[2024-05-26T09:38:18.948+0000] {processor.py:830} INFO - Processing file /usr/local/python/3.10.13/lib/python3.10/site-packages/airflow/example_dags/tutorial_dag.py for tasks to queue
[2024-05-26T09:38:18.949+0000] {logging_mixin.py:188} INFO - [2024-05-26T09:38:18.949+0000] {dagbag.py:545} INFO - Filling up the DagBag from /usr/local/python/3.10.13/lib/python3.10/site-packages/airflow/example_dags/tutorial_dag.py
[2024-05-26T09:38:18.953+0000] {processor.py:840} INFO - DAG(s) 'tutorial_dag' retrieved from /usr/local/python/3.10.13/lib/python3.10/site-packages/airflow/example_dags/tutorial_dag.py
[2024-05-26T09:38:18.965+0000] {logging_mixin.py:188} INFO - [2024-05-26T09:38:18.965+0000] {dag.py:3096} INFO - Sync 1 DAGs
[2024-05-26T09:38:18.974+0000] {logging_mixin.py:188} INFO - [2024-05-26T09:38:18.974+0000] {dag.py:3954} INFO - Setting next_dagrun for tutorial_dag to None, run_after=None
[2024-05-26T09:38:19.013+0000] {processor.py:183} INFO - Processing /usr/local/python/3.10.13/lib/python3.10/site-packages/airflow/example_dags/tutorial_dag.py took 0.070 seconds
[2024-05-26T09:39:14.233+0000] {processor.py:161} INFO - Started process (PID=52371) to work on /usr/local/python/3.10.13/lib/python3.10/site-packages/airflow/example_dags/tutorial_dag.py
[2024-05-26T09:39:14.234+0000] {processor.py:830} INFO - Processing file /usr/local/python/3.10.13/lib/python3.10/site-packages/airflow/example_dags/tutorial_dag.py for tasks to queue
[2024-05-26T09:39:14.235+0000] {logging_mixin.py:188} INFO - [2024-05-26T09:39:14.235+0000] {dagbag.py:545} INFO - Filling up the DagBag from /usr/local/python/3.10.13/lib/python3.10/site-packages/airflow/example_dags/tutorial_dag.py
[2024-05-26T09:39:14.239+0000] {processor.py:840} INFO - DAG(s) 'tutorial_dag' retrieved from /usr/local/python/3.10.13/lib/python3.10/site-packages/airflow/example_dags/tutorial_dag.py
[2024-05-26T09:39:14.251+0000] {logging_mixin.py:188} INFO - [2024-05-26T09:39:14.251+0000] {dag.py:3096} INFO - Sync 1 DAGs
[2024-05-26T09:39:14.260+0000] {logging_mixin.py:188} INFO - [2024-05-26T09:39:14.260+0000] {dag.py:3954} INFO - Setting next_dagrun for tutorial_dag to None, run_after=None
[2024-05-26T09:39:14.297+0000] {processor.py:183} INFO - Processing /usr/local/python/3.10.13/lib/python3.10/site-packages/airflow/example_dags/tutorial_dag.py took 0.068 seconds
[2024-05-26T09:39:55.948+0000] {processor.py:161} INFO - Started process (PID=52657) to work on /usr/local/python/3.10.13/lib/python3.10/site-packages/airflow/example_dags/tutorial_dag.py
[2024-05-26T09:39:55.948+0000] {processor.py:830} INFO - Processing file /usr/local/python/3.10.13/lib/python3.10/site-packages/airflow/example_dags/tutorial_dag.py for tasks to queue
[2024-05-26T09:39:55.950+0000] {logging_mixin.py:188} INFO - [2024-05-26T09:39:55.949+0000] {dagbag.py:545} INFO - Filling up the DagBag from /usr/local/python/3.10.13/lib/python3.10/site-packages/airflow/example_dags/tutorial_dag.py
[2024-05-26T09:39:55.954+0000] {processor.py:840} INFO - DAG(s) 'tutorial_dag' retrieved from /usr/local/python/3.10.13/lib/python3.10/site-packages/airflow/example_dags/tutorial_dag.py
[2024-05-26T09:39:55.967+0000] {logging_mixin.py:188} INFO - [2024-05-26T09:39:55.967+0000] {dag.py:3096} INFO - Sync 1 DAGs
[2024-05-26T09:39:55.976+0000] {logging_mixin.py:188} INFO - [2024-05-26T09:39:55.976+0000] {dag.py:3954} INFO - Setting next_dagrun for tutorial_dag to None, run_after=None
[2024-05-26T09:39:56.012+0000] {processor.py:183} INFO - Processing /usr/local/python/3.10.13/lib/python3.10/site-packages/airflow/example_dags/tutorial_dag.py took 0.069 seconds
[2024-05-26T09:40:39.182+0000] {processor.py:161} INFO - Started process (PID=52974) to work on /usr/local/python/3.10.13/lib/python3.10/site-packages/airflow/example_dags/tutorial_dag.py
[2024-05-26T09:40:39.183+0000] {processor.py:830} INFO - Processing file /usr/local/python/3.10.13/lib/python3.10/site-packages/airflow/example_dags/tutorial_dag.py for tasks to queue
[2024-05-26T09:40:39.184+0000] {logging_mixin.py:188} INFO - [2024-05-26T09:40:39.184+0000] {dagbag.py:545} INFO - Filling up the DagBag from /usr/local/python/3.10.13/lib/python3.10/site-packages/airflow/example_dags/tutorial_dag.py
[2024-05-26T09:40:39.189+0000] {processor.py:840} INFO - DAG(s) 'tutorial_dag' retrieved from /usr/local/python/3.10.13/lib/python3.10/site-packages/airflow/example_dags/tutorial_dag.py
[2024-05-26T09:40:39.200+0000] {logging_mixin.py:188} INFO - [2024-05-26T09:40:39.200+0000] {dag.py:3096} INFO - Sync 1 DAGs
[2024-05-26T09:40:39.210+0000] {logging_mixin.py:188} INFO - [2024-05-26T09:40:39.209+0000] {dag.py:3954} INFO - Setting next_dagrun for tutorial_dag to None, run_after=None
[2024-05-26T09:40:39.255+0000] {processor.py:183} INFO - Processing /usr/local/python/3.10.13/lib/python3.10/site-packages/airflow/example_dags/tutorial_dag.py took 0.078 seconds
[2024-05-26T09:41:19.616+0000] {processor.py:161} INFO - Started process (PID=53254) to work on /usr/local/python/3.10.13/lib/python3.10/site-packages/airflow/example_dags/tutorial_dag.py
[2024-05-26T09:41:19.617+0000] {processor.py:830} INFO - Processing file /usr/local/python/3.10.13/lib/python3.10/site-packages/airflow/example_dags/tutorial_dag.py for tasks to queue
[2024-05-26T09:41:19.618+0000] {logging_mixin.py:188} INFO - [2024-05-26T09:41:19.618+0000] {dagbag.py:545} INFO - Filling up the DagBag from /usr/local/python/3.10.13/lib/python3.10/site-packages/airflow/example_dags/tutorial_dag.py
[2024-05-26T09:41:19.622+0000] {processor.py:840} INFO - DAG(s) 'tutorial_dag' retrieved from /usr/local/python/3.10.13/lib/python3.10/site-packages/airflow/example_dags/tutorial_dag.py
[2024-05-26T09:41:19.634+0000] {logging_mixin.py:188} INFO - [2024-05-26T09:41:19.634+0000] {dag.py:3096} INFO - Sync 1 DAGs
[2024-05-26T09:41:19.643+0000] {logging_mixin.py:188} INFO - [2024-05-26T09:41:19.643+0000] {dag.py:3954} INFO - Setting next_dagrun for tutorial_dag to None, run_after=None
[2024-05-26T09:41:19.679+0000] {processor.py:183} INFO - Processing /usr/local/python/3.10.13/lib/python3.10/site-packages/airflow/example_dags/tutorial_dag.py took 0.067 seconds
[2024-05-26T09:42:02.532+0000] {processor.py:161} INFO - Started process (PID=53545) to work on /usr/local/python/3.10.13/lib/python3.10/site-packages/airflow/example_dags/tutorial_dag.py
[2024-05-26T09:42:02.532+0000] {processor.py:830} INFO - Processing file /usr/local/python/3.10.13/lib/python3.10/site-packages/airflow/example_dags/tutorial_dag.py for tasks to queue
[2024-05-26T09:42:02.534+0000] {logging_mixin.py:188} INFO - [2024-05-26T09:42:02.533+0000] {dagbag.py:545} INFO - Filling up the DagBag from /usr/local/python/3.10.13/lib/python3.10/site-packages/airflow/example_dags/tutorial_dag.py
[2024-05-26T09:42:02.538+0000] {processor.py:840} INFO - DAG(s) 'tutorial_dag' retrieved from /usr/local/python/3.10.13/lib/python3.10/site-packages/airflow/example_dags/tutorial_dag.py
[2024-05-26T09:42:02.550+0000] {logging_mixin.py:188} INFO - [2024-05-26T09:42:02.550+0000] {dag.py:3096} INFO - Sync 1 DAGs
[2024-05-26T09:42:02.559+0000] {logging_mixin.py:188} INFO - [2024-05-26T09:42:02.559+0000] {dag.py:3954} INFO - Setting next_dagrun for tutorial_dag to None, run_after=None
[2024-05-26T09:42:02.595+0000] {processor.py:183} INFO - Processing /usr/local/python/3.10.13/lib/python3.10/site-packages/airflow/example_dags/tutorial_dag.py took 0.068 seconds
[2024-05-26T09:42:41.413+0000] {processor.py:161} INFO - Started process (PID=53823) to work on /usr/local/python/3.10.13/lib/python3.10/site-packages/airflow/example_dags/tutorial_dag.py
[2024-05-26T09:42:41.414+0000] {processor.py:830} INFO - Processing file /usr/local/python/3.10.13/lib/python3.10/site-packages/airflow/example_dags/tutorial_dag.py for tasks to queue
[2024-05-26T09:42:41.415+0000] {logging_mixin.py:188} INFO - [2024-05-26T09:42:41.415+0000] {dagbag.py:545} INFO - Filling up the DagBag from /usr/local/python/3.10.13/lib/python3.10/site-packages/airflow/example_dags/tutorial_dag.py
[2024-05-26T09:42:41.419+0000] {processor.py:840} INFO - DAG(s) 'tutorial_dag' retrieved from /usr/local/python/3.10.13/lib/python3.10/site-packages/airflow/example_dags/tutorial_dag.py
[2024-05-26T09:42:41.430+0000] {logging_mixin.py:188} INFO - [2024-05-26T09:42:41.430+0000] {dag.py:3096} INFO - Sync 1 DAGs
[2024-05-26T09:42:41.439+0000] {logging_mixin.py:188} INFO - [2024-05-26T09:42:41.439+0000] {dag.py:3954} INFO - Setting next_dagrun for tutorial_dag to None, run_after=None
[2024-05-26T09:42:41.477+0000] {processor.py:183} INFO - Processing /usr/local/python/3.10.13/lib/python3.10/site-packages/airflow/example_dags/tutorial_dag.py took 0.068 seconds
[2024-05-26T09:43:21.393+0000] {processor.py:161} INFO - Started process (PID=54082) to work on /usr/local/python/3.10.13/lib/python3.10/site-packages/airflow/example_dags/tutorial_dag.py
[2024-05-26T09:43:21.394+0000] {processor.py:830} INFO - Processing file /usr/local/python/3.10.13/lib/python3.10/site-packages/airflow/example_dags/tutorial_dag.py for tasks to queue
[2024-05-26T09:43:21.396+0000] {logging_mixin.py:188} INFO - [2024-05-26T09:43:21.395+0000] {dagbag.py:545} INFO - Filling up the DagBag from /usr/local/python/3.10.13/lib/python3.10/site-packages/airflow/example_dags/tutorial_dag.py
[2024-05-26T09:43:21.400+0000] {processor.py:840} INFO - DAG(s) 'tutorial_dag' retrieved from /usr/local/python/3.10.13/lib/python3.10/site-packages/airflow/example_dags/tutorial_dag.py
[2024-05-26T09:43:21.412+0000] {logging_mixin.py:188} INFO - [2024-05-26T09:43:21.412+0000] {dag.py:3096} INFO - Sync 1 DAGs
[2024-05-26T09:43:21.420+0000] {logging_mixin.py:188} INFO - [2024-05-26T09:43:21.420+0000] {dag.py:3954} INFO - Setting next_dagrun for tutorial_dag to None, run_after=None
[2024-05-26T09:43:21.457+0000] {processor.py:183} INFO - Processing /usr/local/python/3.10.13/lib/python3.10/site-packages/airflow/example_dags/tutorial_dag.py took 0.068 seconds
[2024-05-26T09:44:01.900+0000] {processor.py:161} INFO - Started process (PID=54413) to work on /usr/local/python/3.10.13/lib/python3.10/site-packages/airflow/example_dags/tutorial_dag.py
[2024-05-26T09:44:01.901+0000] {processor.py:830} INFO - Processing file /usr/local/python/3.10.13/lib/python3.10/site-packages/airflow/example_dags/tutorial_dag.py for tasks to queue
[2024-05-26T09:44:01.902+0000] {logging_mixin.py:188} INFO - [2024-05-26T09:44:01.902+0000] {dagbag.py:545} INFO - Filling up the DagBag from /usr/local/python/3.10.13/lib/python3.10/site-packages/airflow/example_dags/tutorial_dag.py
[2024-05-26T09:44:01.907+0000] {processor.py:840} INFO - DAG(s) 'tutorial_dag' retrieved from /usr/local/python/3.10.13/lib/python3.10/site-packages/airflow/example_dags/tutorial_dag.py
[2024-05-26T09:44:01.918+0000] {logging_mixin.py:188} INFO - [2024-05-26T09:44:01.918+0000] {dag.py:3096} INFO - Sync 1 DAGs
[2024-05-26T09:44:01.927+0000] {logging_mixin.py:188} INFO - [2024-05-26T09:44:01.926+0000] {dag.py:3954} INFO - Setting next_dagrun for tutorial_dag to None, run_after=None
[2024-05-26T09:44:01.963+0000] {processor.py:183} INFO - Processing /usr/local/python/3.10.13/lib/python3.10/site-packages/airflow/example_dags/tutorial_dag.py took 0.067 seconds
[2024-05-26T09:44:44.691+0000] {processor.py:161} INFO - Started process (PID=54828) to work on /usr/local/python/3.10.13/lib/python3.10/site-packages/airflow/example_dags/tutorial_dag.py
[2024-05-26T09:44:44.691+0000] {processor.py:830} INFO - Processing file /usr/local/python/3.10.13/lib/python3.10/site-packages/airflow/example_dags/tutorial_dag.py for tasks to queue
[2024-05-26T09:44:44.693+0000] {logging_mixin.py:188} INFO - [2024-05-26T09:44:44.692+0000] {dagbag.py:545} INFO - Filling up the DagBag from /usr/local/python/3.10.13/lib/python3.10/site-packages/airflow/example_dags/tutorial_dag.py
[2024-05-26T09:44:44.697+0000] {processor.py:840} INFO - DAG(s) 'tutorial_dag' retrieved from /usr/local/python/3.10.13/lib/python3.10/site-packages/airflow/example_dags/tutorial_dag.py
[2024-05-26T09:44:44.709+0000] {logging_mixin.py:188} INFO - [2024-05-26T09:44:44.709+0000] {dag.py:3096} INFO - Sync 1 DAGs
[2024-05-26T09:44:44.718+0000] {logging_mixin.py:188} INFO - [2024-05-26T09:44:44.718+0000] {dag.py:3954} INFO - Setting next_dagrun for tutorial_dag to None, run_after=None
[2024-05-26T09:44:44.752+0000] {processor.py:183} INFO - Processing /usr/local/python/3.10.13/lib/python3.10/site-packages/airflow/example_dags/tutorial_dag.py took 0.066 seconds
[2024-05-26T09:45:26.663+0000] {processor.py:161} INFO - Started process (PID=55338) to work on /usr/local/python/3.10.13/lib/python3.10/site-packages/airflow/example_dags/tutorial_dag.py
[2024-05-26T09:45:26.664+0000] {processor.py:830} INFO - Processing file /usr/local/python/3.10.13/lib/python3.10/site-packages/airflow/example_dags/tutorial_dag.py for tasks to queue
[2024-05-26T09:45:26.665+0000] {logging_mixin.py:188} INFO - [2024-05-26T09:45:26.665+0000] {dagbag.py:545} INFO - Filling up the DagBag from /usr/local/python/3.10.13/lib/python3.10/site-packages/airflow/example_dags/tutorial_dag.py
[2024-05-26T09:45:26.669+0000] {processor.py:840} INFO - DAG(s) 'tutorial_dag' retrieved from /usr/local/python/3.10.13/lib/python3.10/site-packages/airflow/example_dags/tutorial_dag.py
[2024-05-26T09:45:26.681+0000] {logging_mixin.py:188} INFO - [2024-05-26T09:45:26.681+0000] {dag.py:3096} INFO - Sync 1 DAGs
[2024-05-26T09:45:26.690+0000] {logging_mixin.py:188} INFO - [2024-05-26T09:45:26.690+0000] {dag.py:3954} INFO - Setting next_dagrun for tutorial_dag to None, run_after=None
[2024-05-26T09:45:26.732+0000] {processor.py:183} INFO - Processing /usr/local/python/3.10.13/lib/python3.10/site-packages/airflow/example_dags/tutorial_dag.py took 0.074 seconds
[2024-05-26T09:46:04.800+0000] {processor.py:161} INFO - Started process (PID=55855) to work on /usr/local/python/3.10.13/lib/python3.10/site-packages/airflow/example_dags/tutorial_dag.py
[2024-05-26T09:46:04.801+0000] {processor.py:830} INFO - Processing file /usr/local/python/3.10.13/lib/python3.10/site-packages/airflow/example_dags/tutorial_dag.py for tasks to queue
[2024-05-26T09:46:04.802+0000] {logging_mixin.py:188} INFO - [2024-05-26T09:46:04.802+0000] {dagbag.py:545} INFO - Filling up the DagBag from /usr/local/python/3.10.13/lib/python3.10/site-packages/airflow/example_dags/tutorial_dag.py
[2024-05-26T09:46:04.807+0000] {processor.py:840} INFO - DAG(s) 'tutorial_dag' retrieved from /usr/local/python/3.10.13/lib/python3.10/site-packages/airflow/example_dags/tutorial_dag.py
[2024-05-26T09:46:04.819+0000] {logging_mixin.py:188} INFO - [2024-05-26T09:46:04.818+0000] {dag.py:3096} INFO - Sync 1 DAGs
[2024-05-26T09:46:04.828+0000] {logging_mixin.py:188} INFO - [2024-05-26T09:46:04.827+0000] {dag.py:3954} INFO - Setting next_dagrun for tutorial_dag to None, run_after=None
[2024-05-26T09:46:04.874+0000] {processor.py:183} INFO - Processing /usr/local/python/3.10.13/lib/python3.10/site-packages/airflow/example_dags/tutorial_dag.py took 0.078 seconds
