[2024-05-26T09:10:41.490+0000] {processor.py:161} INFO - Started process (PID=40127) to work on /usr/local/python/3.10.13/lib/python3.10/site-packages/airflow/example_dags/tutorial.py
[2024-05-26T09:10:41.491+0000] {processor.py:830} INFO - Processing file /usr/local/python/3.10.13/lib/python3.10/site-packages/airflow/example_dags/tutorial.py for tasks to queue
[2024-05-26T09:10:41.493+0000] {logging_mixin.py:188} INFO - [2024-05-26T09:10:41.492+0000] {dagbag.py:545} INFO - Filling up the DagBag from /usr/local/python/3.10.13/lib/python3.10/site-packages/airflow/example_dags/tutorial.py
[2024-05-26T09:10:41.499+0000] {processor.py:840} INFO - DAG(s) 'tutorial' retrieved from /usr/local/python/3.10.13/lib/python3.10/site-packages/airflow/example_dags/tutorial.py
[2024-05-26T09:10:41.523+0000] {logging_mixin.py:188} INFO - [2024-05-26T09:10:41.523+0000] {dag.py:3096} INFO - Sync 1 DAGs
[2024-05-26T09:10:41.547+0000] {logging_mixin.py:188} INFO - [2024-05-26T09:10:41.547+0000] {dag.py:3954} INFO - Setting next_dagrun for tutorial to 2024-05-25 00:00:00+00:00, run_after=2024-05-26 00:00:00+00:00
[2024-05-26T09:10:41.706+0000] {processor.py:183} INFO - Processing /usr/local/python/3.10.13/lib/python3.10/site-packages/airflow/example_dags/tutorial.py took 0.223 seconds
[2024-05-26T09:11:34.563+0000] {processor.py:161} INFO - Started process (PID=40535) to work on /usr/local/python/3.10.13/lib/python3.10/site-packages/airflow/example_dags/tutorial.py
[2024-05-26T09:11:34.563+0000] {processor.py:830} INFO - Processing file /usr/local/python/3.10.13/lib/python3.10/site-packages/airflow/example_dags/tutorial.py for tasks to queue
[2024-05-26T09:11:34.565+0000] {logging_mixin.py:188} INFO - [2024-05-26T09:11:34.564+0000] {dagbag.py:545} INFO - Filling up the DagBag from /usr/local/python/3.10.13/lib/python3.10/site-packages/airflow/example_dags/tutorial.py
[2024-05-26T09:11:34.569+0000] {processor.py:840} INFO - DAG(s) 'tutorial' retrieved from /usr/local/python/3.10.13/lib/python3.10/site-packages/airflow/example_dags/tutorial.py
[2024-05-26T09:11:34.580+0000] {logging_mixin.py:188} INFO - [2024-05-26T09:11:34.580+0000] {dag.py:3096} INFO - Sync 1 DAGs
[2024-05-26T09:11:34.596+0000] {logging_mixin.py:188} INFO - [2024-05-26T09:11:34.595+0000] {dag.py:3954} INFO - Setting next_dagrun for tutorial to 2024-05-25 00:00:00+00:00, run_after=2024-05-26 00:00:00+00:00
[2024-05-26T09:11:34.635+0000] {processor.py:183} INFO - Processing /usr/local/python/3.10.13/lib/python3.10/site-packages/airflow/example_dags/tutorial.py took 0.077 seconds
[2024-05-26T09:12:24.566+0000] {processor.py:161} INFO - Started process (PID=40899) to work on /usr/local/python/3.10.13/lib/python3.10/site-packages/airflow/example_dags/tutorial.py
[2024-05-26T09:12:24.567+0000] {processor.py:830} INFO - Processing file /usr/local/python/3.10.13/lib/python3.10/site-packages/airflow/example_dags/tutorial.py for tasks to queue
[2024-05-26T09:12:24.568+0000] {logging_mixin.py:188} INFO - [2024-05-26T09:12:24.567+0000] {dagbag.py:545} INFO - Filling up the DagBag from /usr/local/python/3.10.13/lib/python3.10/site-packages/airflow/example_dags/tutorial.py
[2024-05-26T09:12:24.572+0000] {processor.py:840} INFO - DAG(s) 'tutorial' retrieved from /usr/local/python/3.10.13/lib/python3.10/site-packages/airflow/example_dags/tutorial.py
[2024-05-26T09:12:24.584+0000] {logging_mixin.py:188} INFO - [2024-05-26T09:12:24.584+0000] {dag.py:3096} INFO - Sync 1 DAGs
[2024-05-26T09:12:24.598+0000] {logging_mixin.py:188} INFO - [2024-05-26T09:12:24.598+0000] {dag.py:3954} INFO - Setting next_dagrun for tutorial to 2024-05-25 00:00:00+00:00, run_after=2024-05-26 00:00:00+00:00
[2024-05-26T09:12:24.645+0000] {processor.py:183} INFO - Processing /usr/local/python/3.10.13/lib/python3.10/site-packages/airflow/example_dags/tutorial.py took 0.084 seconds
[2024-05-26T09:13:07.847+0000] {processor.py:161} INFO - Started process (PID=41264) to work on /usr/local/python/3.10.13/lib/python3.10/site-packages/airflow/example_dags/tutorial.py
[2024-05-26T09:13:07.848+0000] {processor.py:830} INFO - Processing file /usr/local/python/3.10.13/lib/python3.10/site-packages/airflow/example_dags/tutorial.py for tasks to queue
[2024-05-26T09:13:07.849+0000] {logging_mixin.py:188} INFO - [2024-05-26T09:13:07.849+0000] {dagbag.py:545} INFO - Filling up the DagBag from /usr/local/python/3.10.13/lib/python3.10/site-packages/airflow/example_dags/tutorial.py
[2024-05-26T09:13:07.854+0000] {processor.py:840} INFO - DAG(s) 'tutorial' retrieved from /usr/local/python/3.10.13/lib/python3.10/site-packages/airflow/example_dags/tutorial.py
[2024-05-26T09:13:07.865+0000] {logging_mixin.py:188} INFO - [2024-05-26T09:13:07.865+0000] {dag.py:3096} INFO - Sync 1 DAGs
[2024-05-26T09:13:07.881+0000] {logging_mixin.py:188} INFO - [2024-05-26T09:13:07.881+0000] {dag.py:3954} INFO - Setting next_dagrun for tutorial to 2024-05-25 00:00:00+00:00, run_after=2024-05-26 00:00:00+00:00
[2024-05-26T09:13:07.923+0000] {processor.py:183} INFO - Processing /usr/local/python/3.10.13/lib/python3.10/site-packages/airflow/example_dags/tutorial.py took 0.080 seconds
[2024-05-26T09:13:51.510+0000] {processor.py:161} INFO - Started process (PID=41662) to work on /usr/local/python/3.10.13/lib/python3.10/site-packages/airflow/example_dags/tutorial.py
[2024-05-26T09:13:51.511+0000] {processor.py:830} INFO - Processing file /usr/local/python/3.10.13/lib/python3.10/site-packages/airflow/example_dags/tutorial.py for tasks to queue
[2024-05-26T09:13:51.512+0000] {logging_mixin.py:188} INFO - [2024-05-26T09:13:51.512+0000] {dagbag.py:545} INFO - Filling up the DagBag from /usr/local/python/3.10.13/lib/python3.10/site-packages/airflow/example_dags/tutorial.py
[2024-05-26T09:13:51.517+0000] {processor.py:840} INFO - DAG(s) 'tutorial' retrieved from /usr/local/python/3.10.13/lib/python3.10/site-packages/airflow/example_dags/tutorial.py
[2024-05-26T09:13:51.528+0000] {logging_mixin.py:188} INFO - [2024-05-26T09:13:51.528+0000] {dag.py:3096} INFO - Sync 1 DAGs
[2024-05-26T09:13:51.543+0000] {logging_mixin.py:188} INFO - [2024-05-26T09:13:51.543+0000] {dag.py:3954} INFO - Setting next_dagrun for tutorial to 2024-05-25 00:00:00+00:00, run_after=2024-05-26 00:00:00+00:00
[2024-05-26T09:13:51.580+0000] {processor.py:183} INFO - Processing /usr/local/python/3.10.13/lib/python3.10/site-packages/airflow/example_dags/tutorial.py took 0.075 seconds
[2024-05-26T09:14:35.140+0000] {processor.py:161} INFO - Started process (PID=41957) to work on /usr/local/python/3.10.13/lib/python3.10/site-packages/airflow/example_dags/tutorial.py
[2024-05-26T09:14:35.141+0000] {processor.py:830} INFO - Processing file /usr/local/python/3.10.13/lib/python3.10/site-packages/airflow/example_dags/tutorial.py for tasks to queue
[2024-05-26T09:14:35.143+0000] {logging_mixin.py:188} INFO - [2024-05-26T09:14:35.142+0000] {dagbag.py:545} INFO - Filling up the DagBag from /usr/local/python/3.10.13/lib/python3.10/site-packages/airflow/example_dags/tutorial.py
[2024-05-26T09:14:35.147+0000] {processor.py:840} INFO - DAG(s) 'tutorial' retrieved from /usr/local/python/3.10.13/lib/python3.10/site-packages/airflow/example_dags/tutorial.py
[2024-05-26T09:14:35.158+0000] {logging_mixin.py:188} INFO - [2024-05-26T09:14:35.158+0000] {dag.py:3096} INFO - Sync 1 DAGs
[2024-05-26T09:14:35.172+0000] {logging_mixin.py:188} INFO - [2024-05-26T09:14:35.172+0000] {dag.py:3954} INFO - Setting next_dagrun for tutorial to 2024-05-25 00:00:00+00:00, run_after=2024-05-26 00:00:00+00:00
[2024-05-26T09:14:35.212+0000] {processor.py:183} INFO - Processing /usr/local/python/3.10.13/lib/python3.10/site-packages/airflow/example_dags/tutorial.py took 0.077 seconds
[2024-05-26T09:15:19.280+0000] {processor.py:161} INFO - Started process (PID=42258) to work on /usr/local/python/3.10.13/lib/python3.10/site-packages/airflow/example_dags/tutorial.py
[2024-05-26T09:15:19.281+0000] {processor.py:830} INFO - Processing file /usr/local/python/3.10.13/lib/python3.10/site-packages/airflow/example_dags/tutorial.py for tasks to queue
[2024-05-26T09:15:19.282+0000] {logging_mixin.py:188} INFO - [2024-05-26T09:15:19.281+0000] {dagbag.py:545} INFO - Filling up the DagBag from /usr/local/python/3.10.13/lib/python3.10/site-packages/airflow/example_dags/tutorial.py
[2024-05-26T09:15:19.287+0000] {processor.py:840} INFO - DAG(s) 'tutorial' retrieved from /usr/local/python/3.10.13/lib/python3.10/site-packages/airflow/example_dags/tutorial.py
[2024-05-26T09:15:19.298+0000] {logging_mixin.py:188} INFO - [2024-05-26T09:15:19.298+0000] {dag.py:3096} INFO - Sync 1 DAGs
[2024-05-26T09:15:19.313+0000] {logging_mixin.py:188} INFO - [2024-05-26T09:15:19.313+0000] {dag.py:3954} INFO - Setting next_dagrun for tutorial to 2024-05-25 00:00:00+00:00, run_after=2024-05-26 00:00:00+00:00
[2024-05-26T09:15:19.352+0000] {processor.py:183} INFO - Processing /usr/local/python/3.10.13/lib/python3.10/site-packages/airflow/example_dags/tutorial.py took 0.076 seconds
[2024-05-26T09:15:59.379+0000] {processor.py:161} INFO - Started process (PID=42539) to work on /usr/local/python/3.10.13/lib/python3.10/site-packages/airflow/example_dags/tutorial.py
[2024-05-26T09:15:59.380+0000] {processor.py:830} INFO - Processing file /usr/local/python/3.10.13/lib/python3.10/site-packages/airflow/example_dags/tutorial.py for tasks to queue
[2024-05-26T09:15:59.381+0000] {logging_mixin.py:188} INFO - [2024-05-26T09:15:59.381+0000] {dagbag.py:545} INFO - Filling up the DagBag from /usr/local/python/3.10.13/lib/python3.10/site-packages/airflow/example_dags/tutorial.py
[2024-05-26T09:15:59.385+0000] {processor.py:840} INFO - DAG(s) 'tutorial' retrieved from /usr/local/python/3.10.13/lib/python3.10/site-packages/airflow/example_dags/tutorial.py
[2024-05-26T09:15:59.397+0000] {logging_mixin.py:188} INFO - [2024-05-26T09:15:59.397+0000] {dag.py:3096} INFO - Sync 1 DAGs
[2024-05-26T09:15:59.411+0000] {logging_mixin.py:188} INFO - [2024-05-26T09:15:59.411+0000] {dag.py:3954} INFO - Setting next_dagrun for tutorial to 2024-05-25 00:00:00+00:00, run_after=2024-05-26 00:00:00+00:00
[2024-05-26T09:15:59.451+0000] {processor.py:183} INFO - Processing /usr/local/python/3.10.13/lib/python3.10/site-packages/airflow/example_dags/tutorial.py took 0.076 seconds
[2024-05-26T09:16:41.115+0000] {processor.py:161} INFO - Started process (PID=42829) to work on /usr/local/python/3.10.13/lib/python3.10/site-packages/airflow/example_dags/tutorial.py
[2024-05-26T09:16:41.116+0000] {processor.py:830} INFO - Processing file /usr/local/python/3.10.13/lib/python3.10/site-packages/airflow/example_dags/tutorial.py for tasks to queue
[2024-05-26T09:16:41.117+0000] {logging_mixin.py:188} INFO - [2024-05-26T09:16:41.117+0000] {dagbag.py:545} INFO - Filling up the DagBag from /usr/local/python/3.10.13/lib/python3.10/site-packages/airflow/example_dags/tutorial.py
[2024-05-26T09:16:41.122+0000] {processor.py:840} INFO - DAG(s) 'tutorial' retrieved from /usr/local/python/3.10.13/lib/python3.10/site-packages/airflow/example_dags/tutorial.py
[2024-05-26T09:16:41.133+0000] {logging_mixin.py:188} INFO - [2024-05-26T09:16:41.133+0000] {dag.py:3096} INFO - Sync 1 DAGs
[2024-05-26T09:16:41.150+0000] {logging_mixin.py:188} INFO - [2024-05-26T09:16:41.149+0000] {dag.py:3954} INFO - Setting next_dagrun for tutorial to 2024-05-25 00:00:00+00:00, run_after=2024-05-26 00:00:00+00:00
[2024-05-26T09:16:41.195+0000] {processor.py:183} INFO - Processing /usr/local/python/3.10.13/lib/python3.10/site-packages/airflow/example_dags/tutorial.py took 0.085 seconds
[2024-05-26T09:17:23.127+0000] {processor.py:161} INFO - Started process (PID=43115) to work on /usr/local/python/3.10.13/lib/python3.10/site-packages/airflow/example_dags/tutorial.py
[2024-05-26T09:17:23.128+0000] {processor.py:830} INFO - Processing file /usr/local/python/3.10.13/lib/python3.10/site-packages/airflow/example_dags/tutorial.py for tasks to queue
[2024-05-26T09:17:23.129+0000] {logging_mixin.py:188} INFO - [2024-05-26T09:17:23.129+0000] {dagbag.py:545} INFO - Filling up the DagBag from /usr/local/python/3.10.13/lib/python3.10/site-packages/airflow/example_dags/tutorial.py
[2024-05-26T09:17:23.134+0000] {processor.py:840} INFO - DAG(s) 'tutorial' retrieved from /usr/local/python/3.10.13/lib/python3.10/site-packages/airflow/example_dags/tutorial.py
[2024-05-26T09:17:23.152+0000] {logging_mixin.py:188} INFO - [2024-05-26T09:17:23.152+0000] {dag.py:3096} INFO - Sync 1 DAGs
[2024-05-26T09:17:23.178+0000] {logging_mixin.py:188} INFO - [2024-05-26T09:17:23.178+0000] {dag.py:3954} INFO - Setting next_dagrun for tutorial to 2024-05-25 00:00:00+00:00, run_after=2024-05-26 00:00:00+00:00
[2024-05-26T09:17:23.227+0000] {processor.py:183} INFO - Processing /usr/local/python/3.10.13/lib/python3.10/site-packages/airflow/example_dags/tutorial.py took 0.104 seconds
[2024-05-26T09:18:07.459+0000] {processor.py:161} INFO - Started process (PID=43434) to work on /usr/local/python/3.10.13/lib/python3.10/site-packages/airflow/example_dags/tutorial.py
[2024-05-26T09:18:07.460+0000] {processor.py:830} INFO - Processing file /usr/local/python/3.10.13/lib/python3.10/site-packages/airflow/example_dags/tutorial.py for tasks to queue
[2024-05-26T09:18:07.461+0000] {logging_mixin.py:188} INFO - [2024-05-26T09:18:07.461+0000] {dagbag.py:545} INFO - Filling up the DagBag from /usr/local/python/3.10.13/lib/python3.10/site-packages/airflow/example_dags/tutorial.py
[2024-05-26T09:18:07.466+0000] {processor.py:840} INFO - DAG(s) 'tutorial' retrieved from /usr/local/python/3.10.13/lib/python3.10/site-packages/airflow/example_dags/tutorial.py
[2024-05-26T09:18:07.478+0000] {logging_mixin.py:188} INFO - [2024-05-26T09:18:07.478+0000] {dag.py:3096} INFO - Sync 1 DAGs
[2024-05-26T09:18:07.494+0000] {logging_mixin.py:188} INFO - [2024-05-26T09:18:07.493+0000] {dag.py:3954} INFO - Setting next_dagrun for tutorial to 2024-05-25 00:00:00+00:00, run_after=2024-05-26 00:00:00+00:00
[2024-05-26T09:18:07.533+0000] {processor.py:183} INFO - Processing /usr/local/python/3.10.13/lib/python3.10/site-packages/airflow/example_dags/tutorial.py took 0.078 seconds
[2024-05-26T09:18:49.408+0000] {processor.py:161} INFO - Started process (PID=43753) to work on /usr/local/python/3.10.13/lib/python3.10/site-packages/airflow/example_dags/tutorial.py
[2024-05-26T09:18:49.410+0000] {processor.py:830} INFO - Processing file /usr/local/python/3.10.13/lib/python3.10/site-packages/airflow/example_dags/tutorial.py for tasks to queue
[2024-05-26T09:18:49.413+0000] {logging_mixin.py:188} INFO - [2024-05-26T09:18:49.413+0000] {dagbag.py:545} INFO - Filling up the DagBag from /usr/local/python/3.10.13/lib/python3.10/site-packages/airflow/example_dags/tutorial.py
[2024-05-26T09:18:49.423+0000] {processor.py:840} INFO - DAG(s) 'tutorial' retrieved from /usr/local/python/3.10.13/lib/python3.10/site-packages/airflow/example_dags/tutorial.py
[2024-05-26T09:18:49.437+0000] {logging_mixin.py:188} INFO - [2024-05-26T09:18:49.437+0000] {dag.py:3096} INFO - Sync 1 DAGs
[2024-05-26T09:18:49.451+0000] {logging_mixin.py:188} INFO - [2024-05-26T09:18:49.451+0000] {dag.py:3954} INFO - Setting next_dagrun for tutorial to 2024-05-25 00:00:00+00:00, run_after=2024-05-26 00:00:00+00:00
[2024-05-26T09:18:49.489+0000] {processor.py:183} INFO - Processing /usr/local/python/3.10.13/lib/python3.10/site-packages/airflow/example_dags/tutorial.py took 0.091 seconds
[2024-05-26T09:19:30.783+0000] {processor.py:161} INFO - Started process (PID=44068) to work on /usr/local/python/3.10.13/lib/python3.10/site-packages/airflow/example_dags/tutorial.py
[2024-05-26T09:19:30.784+0000] {processor.py:830} INFO - Processing file /usr/local/python/3.10.13/lib/python3.10/site-packages/airflow/example_dags/tutorial.py for tasks to queue
[2024-05-26T09:19:30.785+0000] {logging_mixin.py:188} INFO - [2024-05-26T09:19:30.785+0000] {dagbag.py:545} INFO - Filling up the DagBag from /usr/local/python/3.10.13/lib/python3.10/site-packages/airflow/example_dags/tutorial.py
[2024-05-26T09:19:30.790+0000] {processor.py:840} INFO - DAG(s) 'tutorial' retrieved from /usr/local/python/3.10.13/lib/python3.10/site-packages/airflow/example_dags/tutorial.py
[2024-05-26T09:19:30.802+0000] {logging_mixin.py:188} INFO - [2024-05-26T09:19:30.801+0000] {dag.py:3096} INFO - Sync 1 DAGs
[2024-05-26T09:19:30.818+0000] {logging_mixin.py:188} INFO - [2024-05-26T09:19:30.818+0000] {dag.py:3954} INFO - Setting next_dagrun for tutorial to 2024-05-25 00:00:00+00:00, run_after=2024-05-26 00:00:00+00:00
[2024-05-26T09:19:30.856+0000] {processor.py:183} INFO - Processing /usr/local/python/3.10.13/lib/python3.10/site-packages/airflow/example_dags/tutorial.py took 0.077 seconds
[2024-05-26T09:20:14.473+0000] {processor.py:161} INFO - Started process (PID=44377) to work on /usr/local/python/3.10.13/lib/python3.10/site-packages/airflow/example_dags/tutorial.py
[2024-05-26T09:20:14.474+0000] {processor.py:830} INFO - Processing file /usr/local/python/3.10.13/lib/python3.10/site-packages/airflow/example_dags/tutorial.py for tasks to queue
[2024-05-26T09:20:14.475+0000] {logging_mixin.py:188} INFO - [2024-05-26T09:20:14.475+0000] {dagbag.py:545} INFO - Filling up the DagBag from /usr/local/python/3.10.13/lib/python3.10/site-packages/airflow/example_dags/tutorial.py
[2024-05-26T09:20:14.480+0000] {processor.py:840} INFO - DAG(s) 'tutorial' retrieved from /usr/local/python/3.10.13/lib/python3.10/site-packages/airflow/example_dags/tutorial.py
[2024-05-26T09:20:14.492+0000] {logging_mixin.py:188} INFO - [2024-05-26T09:20:14.492+0000] {dag.py:3096} INFO - Sync 1 DAGs
[2024-05-26T09:20:14.507+0000] {logging_mixin.py:188} INFO - [2024-05-26T09:20:14.507+0000] {dag.py:3954} INFO - Setting next_dagrun for tutorial to 2024-05-25 00:00:00+00:00, run_after=2024-05-26 00:00:00+00:00
[2024-05-26T09:20:14.545+0000] {processor.py:183} INFO - Processing /usr/local/python/3.10.13/lib/python3.10/site-packages/airflow/example_dags/tutorial.py took 0.076 seconds
[2024-05-26T09:20:55.945+0000] {processor.py:161} INFO - Started process (PID=44660) to work on /usr/local/python/3.10.13/lib/python3.10/site-packages/airflow/example_dags/tutorial.py
[2024-05-26T09:20:55.946+0000] {processor.py:830} INFO - Processing file /usr/local/python/3.10.13/lib/python3.10/site-packages/airflow/example_dags/tutorial.py for tasks to queue
[2024-05-26T09:20:55.947+0000] {logging_mixin.py:188} INFO - [2024-05-26T09:20:55.947+0000] {dagbag.py:545} INFO - Filling up the DagBag from /usr/local/python/3.10.13/lib/python3.10/site-packages/airflow/example_dags/tutorial.py
[2024-05-26T09:20:55.951+0000] {processor.py:840} INFO - DAG(s) 'tutorial' retrieved from /usr/local/python/3.10.13/lib/python3.10/site-packages/airflow/example_dags/tutorial.py
[2024-05-26T09:20:55.963+0000] {logging_mixin.py:188} INFO - [2024-05-26T09:20:55.963+0000] {dag.py:3096} INFO - Sync 1 DAGs
[2024-05-26T09:20:55.978+0000] {logging_mixin.py:188} INFO - [2024-05-26T09:20:55.977+0000] {dag.py:3954} INFO - Setting next_dagrun for tutorial to 2024-05-25 00:00:00+00:00, run_after=2024-05-26 00:00:00+00:00
[2024-05-26T09:20:56.013+0000] {processor.py:183} INFO - Processing /usr/local/python/3.10.13/lib/python3.10/site-packages/airflow/example_dags/tutorial.py took 0.073 seconds
[2024-05-26T09:21:38.550+0000] {processor.py:161} INFO - Started process (PID=44953) to work on /usr/local/python/3.10.13/lib/python3.10/site-packages/airflow/example_dags/tutorial.py
[2024-05-26T09:21:38.551+0000] {processor.py:830} INFO - Processing file /usr/local/python/3.10.13/lib/python3.10/site-packages/airflow/example_dags/tutorial.py for tasks to queue
[2024-05-26T09:21:38.552+0000] {logging_mixin.py:188} INFO - [2024-05-26T09:21:38.552+0000] {dagbag.py:545} INFO - Filling up the DagBag from /usr/local/python/3.10.13/lib/python3.10/site-packages/airflow/example_dags/tutorial.py
[2024-05-26T09:21:38.557+0000] {processor.py:840} INFO - DAG(s) 'tutorial' retrieved from /usr/local/python/3.10.13/lib/python3.10/site-packages/airflow/example_dags/tutorial.py
[2024-05-26T09:21:38.568+0000] {logging_mixin.py:188} INFO - [2024-05-26T09:21:38.568+0000] {dag.py:3096} INFO - Sync 1 DAGs
[2024-05-26T09:21:38.583+0000] {logging_mixin.py:188} INFO - [2024-05-26T09:21:38.583+0000] {dag.py:3954} INFO - Setting next_dagrun for tutorial to 2024-05-25 00:00:00+00:00, run_after=2024-05-26 00:00:00+00:00
[2024-05-26T09:21:38.620+0000] {processor.py:183} INFO - Processing /usr/local/python/3.10.13/lib/python3.10/site-packages/airflow/example_dags/tutorial.py took 0.075 seconds
[2024-05-26T09:22:21.217+0000] {processor.py:161} INFO - Started process (PID=45257) to work on /usr/local/python/3.10.13/lib/python3.10/site-packages/airflow/example_dags/tutorial.py
[2024-05-26T09:22:21.218+0000] {processor.py:830} INFO - Processing file /usr/local/python/3.10.13/lib/python3.10/site-packages/airflow/example_dags/tutorial.py for tasks to queue
[2024-05-26T09:22:21.219+0000] {logging_mixin.py:188} INFO - [2024-05-26T09:22:21.219+0000] {dagbag.py:545} INFO - Filling up the DagBag from /usr/local/python/3.10.13/lib/python3.10/site-packages/airflow/example_dags/tutorial.py
[2024-05-26T09:22:21.223+0000] {processor.py:840} INFO - DAG(s) 'tutorial' retrieved from /usr/local/python/3.10.13/lib/python3.10/site-packages/airflow/example_dags/tutorial.py
[2024-05-26T09:22:21.235+0000] {logging_mixin.py:188} INFO - [2024-05-26T09:22:21.235+0000] {dag.py:3096} INFO - Sync 1 DAGs
[2024-05-26T09:22:21.250+0000] {logging_mixin.py:188} INFO - [2024-05-26T09:22:21.250+0000] {dag.py:3954} INFO - Setting next_dagrun for tutorial to 2024-05-25 00:00:00+00:00, run_after=2024-05-26 00:00:00+00:00
[2024-05-26T09:22:21.288+0000] {processor.py:183} INFO - Processing /usr/local/python/3.10.13/lib/python3.10/site-packages/airflow/example_dags/tutorial.py took 0.076 seconds
[2024-05-26T09:23:14.794+0000] {processor.py:161} INFO - Started process (PID=45627) to work on /usr/local/python/3.10.13/lib/python3.10/site-packages/airflow/example_dags/tutorial.py
[2024-05-26T09:23:14.795+0000] {processor.py:830} INFO - Processing file /usr/local/python/3.10.13/lib/python3.10/site-packages/airflow/example_dags/tutorial.py for tasks to queue
[2024-05-26T09:23:14.796+0000] {logging_mixin.py:188} INFO - [2024-05-26T09:23:14.796+0000] {dagbag.py:545} INFO - Filling up the DagBag from /usr/local/python/3.10.13/lib/python3.10/site-packages/airflow/example_dags/tutorial.py
[2024-05-26T09:23:14.801+0000] {processor.py:840} INFO - DAG(s) 'tutorial' retrieved from /usr/local/python/3.10.13/lib/python3.10/site-packages/airflow/example_dags/tutorial.py
[2024-05-26T09:23:14.812+0000] {logging_mixin.py:188} INFO - [2024-05-26T09:23:14.812+0000] {dag.py:3096} INFO - Sync 1 DAGs
[2024-05-26T09:23:14.827+0000] {logging_mixin.py:188} INFO - [2024-05-26T09:23:14.827+0000] {dag.py:3954} INFO - Setting next_dagrun for tutorial to 2024-05-25 00:00:00+00:00, run_after=2024-05-26 00:00:00+00:00
[2024-05-26T09:23:14.870+0000] {processor.py:183} INFO - Processing /usr/local/python/3.10.13/lib/python3.10/site-packages/airflow/example_dags/tutorial.py took 0.080 seconds
[2024-05-26T09:23:57.998+0000] {processor.py:161} INFO - Started process (PID=45926) to work on /usr/local/python/3.10.13/lib/python3.10/site-packages/airflow/example_dags/tutorial.py
[2024-05-26T09:23:57.998+0000] {processor.py:830} INFO - Processing file /usr/local/python/3.10.13/lib/python3.10/site-packages/airflow/example_dags/tutorial.py for tasks to queue
[2024-05-26T09:23:58.000+0000] {logging_mixin.py:188} INFO - [2024-05-26T09:23:57.999+0000] {dagbag.py:545} INFO - Filling up the DagBag from /usr/local/python/3.10.13/lib/python3.10/site-packages/airflow/example_dags/tutorial.py
[2024-05-26T09:23:58.006+0000] {processor.py:840} INFO - DAG(s) 'tutorial' retrieved from /usr/local/python/3.10.13/lib/python3.10/site-packages/airflow/example_dags/tutorial.py
[2024-05-26T09:23:58.017+0000] {logging_mixin.py:188} INFO - [2024-05-26T09:23:58.017+0000] {dag.py:3096} INFO - Sync 1 DAGs
[2024-05-26T09:23:58.032+0000] {logging_mixin.py:188} INFO - [2024-05-26T09:23:58.032+0000] {dag.py:3954} INFO - Setting next_dagrun for tutorial to 2024-05-25 00:00:00+00:00, run_after=2024-05-26 00:00:00+00:00
[2024-05-26T09:23:58.073+0000] {processor.py:183} INFO - Processing /usr/local/python/3.10.13/lib/python3.10/site-packages/airflow/example_dags/tutorial.py took 0.081 seconds
[2024-05-26T09:24:39.446+0000] {processor.py:161} INFO - Started process (PID=46214) to work on /usr/local/python/3.10.13/lib/python3.10/site-packages/airflow/example_dags/tutorial.py
[2024-05-26T09:24:39.447+0000] {processor.py:830} INFO - Processing file /usr/local/python/3.10.13/lib/python3.10/site-packages/airflow/example_dags/tutorial.py for tasks to queue
[2024-05-26T09:24:39.451+0000] {logging_mixin.py:188} INFO - [2024-05-26T09:24:39.450+0000] {dagbag.py:545} INFO - Filling up the DagBag from /usr/local/python/3.10.13/lib/python3.10/site-packages/airflow/example_dags/tutorial.py
[2024-05-26T09:24:39.463+0000] {processor.py:840} INFO - DAG(s) 'tutorial' retrieved from /usr/local/python/3.10.13/lib/python3.10/site-packages/airflow/example_dags/tutorial.py
[2024-05-26T09:24:39.481+0000] {logging_mixin.py:188} INFO - [2024-05-26T09:24:39.480+0000] {dag.py:3096} INFO - Sync 1 DAGs
[2024-05-26T09:24:39.503+0000] {logging_mixin.py:188} INFO - [2024-05-26T09:24:39.503+0000] {dag.py:3954} INFO - Setting next_dagrun for tutorial to 2024-05-25 00:00:00+00:00, run_after=2024-05-26 00:00:00+00:00
[2024-05-26T09:24:39.545+0000] {processor.py:183} INFO - Processing /usr/local/python/3.10.13/lib/python3.10/site-packages/airflow/example_dags/tutorial.py took 0.106 seconds
[2024-05-26T09:25:19.626+0000] {processor.py:161} INFO - Started process (PID=46490) to work on /usr/local/python/3.10.13/lib/python3.10/site-packages/airflow/example_dags/tutorial.py
[2024-05-26T09:25:19.627+0000] {processor.py:830} INFO - Processing file /usr/local/python/3.10.13/lib/python3.10/site-packages/airflow/example_dags/tutorial.py for tasks to queue
[2024-05-26T09:25:19.628+0000] {logging_mixin.py:188} INFO - [2024-05-26T09:25:19.627+0000] {dagbag.py:545} INFO - Filling up the DagBag from /usr/local/python/3.10.13/lib/python3.10/site-packages/airflow/example_dags/tutorial.py
[2024-05-26T09:25:19.632+0000] {processor.py:840} INFO - DAG(s) 'tutorial' retrieved from /usr/local/python/3.10.13/lib/python3.10/site-packages/airflow/example_dags/tutorial.py
[2024-05-26T09:25:19.643+0000] {logging_mixin.py:188} INFO - [2024-05-26T09:25:19.643+0000] {dag.py:3096} INFO - Sync 1 DAGs
[2024-05-26T09:25:19.658+0000] {logging_mixin.py:188} INFO - [2024-05-26T09:25:19.658+0000] {dag.py:3954} INFO - Setting next_dagrun for tutorial to 2024-05-25 00:00:00+00:00, run_after=2024-05-26 00:00:00+00:00
[2024-05-26T09:25:19.698+0000] {processor.py:183} INFO - Processing /usr/local/python/3.10.13/lib/python3.10/site-packages/airflow/example_dags/tutorial.py took 0.076 seconds
[2024-05-26T09:26:01.374+0000] {processor.py:161} INFO - Started process (PID=46807) to work on /usr/local/python/3.10.13/lib/python3.10/site-packages/airflow/example_dags/tutorial.py
[2024-05-26T09:26:01.375+0000] {processor.py:830} INFO - Processing file /usr/local/python/3.10.13/lib/python3.10/site-packages/airflow/example_dags/tutorial.py for tasks to queue
[2024-05-26T09:26:01.376+0000] {logging_mixin.py:188} INFO - [2024-05-26T09:26:01.376+0000] {dagbag.py:545} INFO - Filling up the DagBag from /usr/local/python/3.10.13/lib/python3.10/site-packages/airflow/example_dags/tutorial.py
[2024-05-26T09:26:01.381+0000] {processor.py:840} INFO - DAG(s) 'tutorial' retrieved from /usr/local/python/3.10.13/lib/python3.10/site-packages/airflow/example_dags/tutorial.py
[2024-05-26T09:26:01.393+0000] {logging_mixin.py:188} INFO - [2024-05-26T09:26:01.393+0000] {dag.py:3096} INFO - Sync 1 DAGs
[2024-05-26T09:26:01.408+0000] {logging_mixin.py:188} INFO - [2024-05-26T09:26:01.408+0000] {dag.py:3954} INFO - Setting next_dagrun for tutorial to 2024-05-25 00:00:00+00:00, run_after=2024-05-26 00:00:00+00:00
[2024-05-26T09:26:01.445+0000] {processor.py:183} INFO - Processing /usr/local/python/3.10.13/lib/python3.10/site-packages/airflow/example_dags/tutorial.py took 0.075 seconds
[2024-05-26T09:26:43.560+0000] {processor.py:161} INFO - Started process (PID=47110) to work on /usr/local/python/3.10.13/lib/python3.10/site-packages/airflow/example_dags/tutorial.py
[2024-05-26T09:26:43.560+0000] {processor.py:830} INFO - Processing file /usr/local/python/3.10.13/lib/python3.10/site-packages/airflow/example_dags/tutorial.py for tasks to queue
[2024-05-26T09:26:43.562+0000] {logging_mixin.py:188} INFO - [2024-05-26T09:26:43.561+0000] {dagbag.py:545} INFO - Filling up the DagBag from /usr/local/python/3.10.13/lib/python3.10/site-packages/airflow/example_dags/tutorial.py
[2024-05-26T09:26:43.566+0000] {processor.py:840} INFO - DAG(s) 'tutorial' retrieved from /usr/local/python/3.10.13/lib/python3.10/site-packages/airflow/example_dags/tutorial.py
[2024-05-26T09:26:43.577+0000] {logging_mixin.py:188} INFO - [2024-05-26T09:26:43.577+0000] {dag.py:3096} INFO - Sync 1 DAGs
[2024-05-26T09:26:43.592+0000] {logging_mixin.py:188} INFO - [2024-05-26T09:26:43.592+0000] {dag.py:3954} INFO - Setting next_dagrun for tutorial to 2024-05-25 00:00:00+00:00, run_after=2024-05-26 00:00:00+00:00
[2024-05-26T09:26:43.629+0000] {processor.py:183} INFO - Processing /usr/local/python/3.10.13/lib/python3.10/site-packages/airflow/example_dags/tutorial.py took 0.074 seconds
[2024-05-26T09:27:24.798+0000] {processor.py:161} INFO - Started process (PID=47406) to work on /usr/local/python/3.10.13/lib/python3.10/site-packages/airflow/example_dags/tutorial.py
[2024-05-26T09:27:24.798+0000] {processor.py:830} INFO - Processing file /usr/local/python/3.10.13/lib/python3.10/site-packages/airflow/example_dags/tutorial.py for tasks to queue
[2024-05-26T09:27:24.800+0000] {logging_mixin.py:188} INFO - [2024-05-26T09:27:24.799+0000] {dagbag.py:545} INFO - Filling up the DagBag from /usr/local/python/3.10.13/lib/python3.10/site-packages/airflow/example_dags/tutorial.py
[2024-05-26T09:27:24.804+0000] {processor.py:840} INFO - DAG(s) 'tutorial' retrieved from /usr/local/python/3.10.13/lib/python3.10/site-packages/airflow/example_dags/tutorial.py
[2024-05-26T09:27:24.815+0000] {logging_mixin.py:188} INFO - [2024-05-26T09:27:24.815+0000] {dag.py:3096} INFO - Sync 1 DAGs
[2024-05-26T09:27:24.829+0000] {logging_mixin.py:188} INFO - [2024-05-26T09:27:24.829+0000] {dag.py:3954} INFO - Setting next_dagrun for tutorial to 2024-05-25 00:00:00+00:00, run_after=2024-05-26 00:00:00+00:00
[2024-05-26T09:27:24.867+0000] {processor.py:183} INFO - Processing /usr/local/python/3.10.13/lib/python3.10/site-packages/airflow/example_dags/tutorial.py took 0.074 seconds
[2024-05-26T09:28:05.120+0000] {processor.py:161} INFO - Started process (PID=47687) to work on /usr/local/python/3.10.13/lib/python3.10/site-packages/airflow/example_dags/tutorial.py
[2024-05-26T09:28:05.121+0000] {processor.py:830} INFO - Processing file /usr/local/python/3.10.13/lib/python3.10/site-packages/airflow/example_dags/tutorial.py for tasks to queue
[2024-05-26T09:28:05.122+0000] {logging_mixin.py:188} INFO - [2024-05-26T09:28:05.122+0000] {dagbag.py:545} INFO - Filling up the DagBag from /usr/local/python/3.10.13/lib/python3.10/site-packages/airflow/example_dags/tutorial.py
[2024-05-26T09:28:05.129+0000] {processor.py:840} INFO - DAG(s) 'tutorial' retrieved from /usr/local/python/3.10.13/lib/python3.10/site-packages/airflow/example_dags/tutorial.py
[2024-05-26T09:28:05.146+0000] {logging_mixin.py:188} INFO - [2024-05-26T09:28:05.146+0000] {dag.py:3096} INFO - Sync 1 DAGs
[2024-05-26T09:28:05.169+0000] {logging_mixin.py:188} INFO - [2024-05-26T09:28:05.168+0000] {dag.py:3954} INFO - Setting next_dagrun for tutorial to 2024-05-25 00:00:00+00:00, run_after=2024-05-26 00:00:00+00:00
[2024-05-26T09:28:05.214+0000] {processor.py:183} INFO - Processing /usr/local/python/3.10.13/lib/python3.10/site-packages/airflow/example_dags/tutorial.py took 0.101 seconds
[2024-05-26T09:28:46.500+0000] {processor.py:161} INFO - Started process (PID=47978) to work on /usr/local/python/3.10.13/lib/python3.10/site-packages/airflow/example_dags/tutorial.py
[2024-05-26T09:28:46.502+0000] {processor.py:830} INFO - Processing file /usr/local/python/3.10.13/lib/python3.10/site-packages/airflow/example_dags/tutorial.py for tasks to queue
[2024-05-26T09:28:46.504+0000] {logging_mixin.py:188} INFO - [2024-05-26T09:28:46.503+0000] {dagbag.py:545} INFO - Filling up the DagBag from /usr/local/python/3.10.13/lib/python3.10/site-packages/airflow/example_dags/tutorial.py
[2024-05-26T09:28:46.510+0000] {processor.py:840} INFO - DAG(s) 'tutorial' retrieved from /usr/local/python/3.10.13/lib/python3.10/site-packages/airflow/example_dags/tutorial.py
[2024-05-26T09:28:46.546+0000] {logging_mixin.py:188} INFO - [2024-05-26T09:28:46.545+0000] {dag.py:3096} INFO - Sync 1 DAGs
[2024-05-26T09:28:46.575+0000] {logging_mixin.py:188} INFO - [2024-05-26T09:28:46.575+0000] {dag.py:3954} INFO - Setting next_dagrun for tutorial to 2024-05-25 00:00:00+00:00, run_after=2024-05-26 00:00:00+00:00
[2024-05-26T09:28:46.628+0000] {processor.py:183} INFO - Processing /usr/local/python/3.10.13/lib/python3.10/site-packages/airflow/example_dags/tutorial.py took 0.135 seconds
[2024-05-26T09:29:28.856+0000] {processor.py:161} INFO - Started process (PID=48284) to work on /usr/local/python/3.10.13/lib/python3.10/site-packages/airflow/example_dags/tutorial.py
[2024-05-26T09:29:28.857+0000] {processor.py:830} INFO - Processing file /usr/local/python/3.10.13/lib/python3.10/site-packages/airflow/example_dags/tutorial.py for tasks to queue
[2024-05-26T09:29:28.859+0000] {logging_mixin.py:188} INFO - [2024-05-26T09:29:28.858+0000] {dagbag.py:545} INFO - Filling up the DagBag from /usr/local/python/3.10.13/lib/python3.10/site-packages/airflow/example_dags/tutorial.py
[2024-05-26T09:29:28.865+0000] {processor.py:840} INFO - DAG(s) 'tutorial' retrieved from /usr/local/python/3.10.13/lib/python3.10/site-packages/airflow/example_dags/tutorial.py
[2024-05-26T09:29:28.882+0000] {logging_mixin.py:188} INFO - [2024-05-26T09:29:28.882+0000] {dag.py:3096} INFO - Sync 1 DAGs
[2024-05-26T09:29:28.905+0000] {logging_mixin.py:188} INFO - [2024-05-26T09:29:28.904+0000] {dag.py:3954} INFO - Setting next_dagrun for tutorial to 2024-05-25 00:00:00+00:00, run_after=2024-05-26 00:00:00+00:00
[2024-05-26T09:29:28.945+0000] {processor.py:183} INFO - Processing /usr/local/python/3.10.13/lib/python3.10/site-packages/airflow/example_dags/tutorial.py took 0.096 seconds
[2024-05-26T09:30:09.789+0000] {processor.py:161} INFO - Started process (PID=48564) to work on /usr/local/python/3.10.13/lib/python3.10/site-packages/airflow/example_dags/tutorial.py
[2024-05-26T09:30:09.789+0000] {processor.py:830} INFO - Processing file /usr/local/python/3.10.13/lib/python3.10/site-packages/airflow/example_dags/tutorial.py for tasks to queue
[2024-05-26T09:30:09.790+0000] {logging_mixin.py:188} INFO - [2024-05-26T09:30:09.790+0000] {dagbag.py:545} INFO - Filling up the DagBag from /usr/local/python/3.10.13/lib/python3.10/site-packages/airflow/example_dags/tutorial.py
[2024-05-26T09:30:09.795+0000] {processor.py:840} INFO - DAG(s) 'tutorial' retrieved from /usr/local/python/3.10.13/lib/python3.10/site-packages/airflow/example_dags/tutorial.py
[2024-05-26T09:30:09.807+0000] {logging_mixin.py:188} INFO - [2024-05-26T09:30:09.807+0000] {dag.py:3096} INFO - Sync 1 DAGs
[2024-05-26T09:30:09.822+0000] {logging_mixin.py:188} INFO - [2024-05-26T09:30:09.821+0000] {dag.py:3954} INFO - Setting next_dagrun for tutorial to 2024-05-25 00:00:00+00:00, run_after=2024-05-26 00:00:00+00:00
[2024-05-26T09:30:09.859+0000] {processor.py:183} INFO - Processing /usr/local/python/3.10.13/lib/python3.10/site-packages/airflow/example_dags/tutorial.py took 0.075 seconds
[2024-05-26T09:30:49.102+0000] {processor.py:161} INFO - Started process (PID=48847) to work on /usr/local/python/3.10.13/lib/python3.10/site-packages/airflow/example_dags/tutorial.py
[2024-05-26T09:30:49.103+0000] {processor.py:830} INFO - Processing file /usr/local/python/3.10.13/lib/python3.10/site-packages/airflow/example_dags/tutorial.py for tasks to queue
[2024-05-26T09:30:49.104+0000] {logging_mixin.py:188} INFO - [2024-05-26T09:30:49.104+0000] {dagbag.py:545} INFO - Filling up the DagBag from /usr/local/python/3.10.13/lib/python3.10/site-packages/airflow/example_dags/tutorial.py
[2024-05-26T09:30:49.109+0000] {processor.py:840} INFO - DAG(s) 'tutorial' retrieved from /usr/local/python/3.10.13/lib/python3.10/site-packages/airflow/example_dags/tutorial.py
[2024-05-26T09:30:49.120+0000] {logging_mixin.py:188} INFO - [2024-05-26T09:30:49.120+0000] {dag.py:3096} INFO - Sync 1 DAGs
[2024-05-26T09:30:49.137+0000] {logging_mixin.py:188} INFO - [2024-05-26T09:30:49.137+0000] {dag.py:3954} INFO - Setting next_dagrun for tutorial to 2024-05-25 00:00:00+00:00, run_after=2024-05-26 00:00:00+00:00
[2024-05-26T09:30:49.173+0000] {processor.py:183} INFO - Processing /usr/local/python/3.10.13/lib/python3.10/site-packages/airflow/example_dags/tutorial.py took 0.076 seconds
[2024-05-26T09:31:49.527+0000] {processor.py:161} INFO - Started process (PID=49243) to work on /usr/local/python/3.10.13/lib/python3.10/site-packages/airflow/example_dags/tutorial.py
[2024-05-26T09:31:49.528+0000] {processor.py:830} INFO - Processing file /usr/local/python/3.10.13/lib/python3.10/site-packages/airflow/example_dags/tutorial.py for tasks to queue
[2024-05-26T09:31:49.529+0000] {logging_mixin.py:188} INFO - [2024-05-26T09:31:49.529+0000] {dagbag.py:545} INFO - Filling up the DagBag from /usr/local/python/3.10.13/lib/python3.10/site-packages/airflow/example_dags/tutorial.py
[2024-05-26T09:31:49.534+0000] {processor.py:840} INFO - DAG(s) 'tutorial' retrieved from /usr/local/python/3.10.13/lib/python3.10/site-packages/airflow/example_dags/tutorial.py
[2024-05-26T09:31:49.546+0000] {logging_mixin.py:188} INFO - [2024-05-26T09:31:49.545+0000] {dag.py:3096} INFO - Sync 1 DAGs
[2024-05-26T09:31:49.561+0000] {logging_mixin.py:188} INFO - [2024-05-26T09:31:49.561+0000] {dag.py:3954} INFO - Setting next_dagrun for tutorial to 2024-05-25 00:00:00+00:00, run_after=2024-05-26 00:00:00+00:00
[2024-05-26T09:31:49.602+0000] {processor.py:183} INFO - Processing /usr/local/python/3.10.13/lib/python3.10/site-packages/airflow/example_dags/tutorial.py took 0.080 seconds
[2024-05-26T09:32:33.906+0000] {processor.py:161} INFO - Started process (PID=49566) to work on /usr/local/python/3.10.13/lib/python3.10/site-packages/airflow/example_dags/tutorial.py
[2024-05-26T09:32:33.906+0000] {processor.py:830} INFO - Processing file /usr/local/python/3.10.13/lib/python3.10/site-packages/airflow/example_dags/tutorial.py for tasks to queue
[2024-05-26T09:32:33.908+0000] {logging_mixin.py:188} INFO - [2024-05-26T09:32:33.907+0000] {dagbag.py:545} INFO - Filling up the DagBag from /usr/local/python/3.10.13/lib/python3.10/site-packages/airflow/example_dags/tutorial.py
[2024-05-26T09:32:33.912+0000] {processor.py:840} INFO - DAG(s) 'tutorial' retrieved from /usr/local/python/3.10.13/lib/python3.10/site-packages/airflow/example_dags/tutorial.py
[2024-05-26T09:32:33.923+0000] {logging_mixin.py:188} INFO - [2024-05-26T09:32:33.923+0000] {dag.py:3096} INFO - Sync 1 DAGs
[2024-05-26T09:32:33.938+0000] {logging_mixin.py:188} INFO - [2024-05-26T09:32:33.938+0000] {dag.py:3954} INFO - Setting next_dagrun for tutorial to 2024-05-25 00:00:00+00:00, run_after=2024-05-26 00:00:00+00:00
[2024-05-26T09:32:33.978+0000] {processor.py:183} INFO - Processing /usr/local/python/3.10.13/lib/python3.10/site-packages/airflow/example_dags/tutorial.py took 0.077 seconds
[2024-05-26T09:33:12.670+0000] {processor.py:161} INFO - Started process (PID=49854) to work on /usr/local/python/3.10.13/lib/python3.10/site-packages/airflow/example_dags/tutorial.py
[2024-05-26T09:33:12.671+0000] {processor.py:830} INFO - Processing file /usr/local/python/3.10.13/lib/python3.10/site-packages/airflow/example_dags/tutorial.py for tasks to queue
[2024-05-26T09:33:12.673+0000] {logging_mixin.py:188} INFO - [2024-05-26T09:33:12.672+0000] {dagbag.py:545} INFO - Filling up the DagBag from /usr/local/python/3.10.13/lib/python3.10/site-packages/airflow/example_dags/tutorial.py
[2024-05-26T09:33:12.679+0000] {processor.py:840} INFO - DAG(s) 'tutorial' retrieved from /usr/local/python/3.10.13/lib/python3.10/site-packages/airflow/example_dags/tutorial.py
[2024-05-26T09:33:12.691+0000] {logging_mixin.py:188} INFO - [2024-05-26T09:33:12.691+0000] {dag.py:3096} INFO - Sync 1 DAGs
[2024-05-26T09:33:12.707+0000] {logging_mixin.py:188} INFO - [2024-05-26T09:33:12.707+0000] {dag.py:3954} INFO - Setting next_dagrun for tutorial to 2024-05-25 00:00:00+00:00, run_after=2024-05-26 00:00:00+00:00
[2024-05-26T09:33:12.744+0000] {processor.py:183} INFO - Processing /usr/local/python/3.10.13/lib/python3.10/site-packages/airflow/example_dags/tutorial.py took 0.081 seconds
[2024-05-26T09:33:53.752+0000] {processor.py:161} INFO - Started process (PID=50145) to work on /usr/local/python/3.10.13/lib/python3.10/site-packages/airflow/example_dags/tutorial.py
[2024-05-26T09:33:53.753+0000] {processor.py:830} INFO - Processing file /usr/local/python/3.10.13/lib/python3.10/site-packages/airflow/example_dags/tutorial.py for tasks to queue
[2024-05-26T09:33:53.754+0000] {logging_mixin.py:188} INFO - [2024-05-26T09:33:53.754+0000] {dagbag.py:545} INFO - Filling up the DagBag from /usr/local/python/3.10.13/lib/python3.10/site-packages/airflow/example_dags/tutorial.py
[2024-05-26T09:33:53.759+0000] {processor.py:840} INFO - DAG(s) 'tutorial' retrieved from /usr/local/python/3.10.13/lib/python3.10/site-packages/airflow/example_dags/tutorial.py
[2024-05-26T09:33:53.770+0000] {logging_mixin.py:188} INFO - [2024-05-26T09:33:53.770+0000] {dag.py:3096} INFO - Sync 1 DAGs
[2024-05-26T09:33:53.786+0000] {logging_mixin.py:188} INFO - [2024-05-26T09:33:53.786+0000] {dag.py:3954} INFO - Setting next_dagrun for tutorial to 2024-05-25 00:00:00+00:00, run_after=2024-05-26 00:00:00+00:00
[2024-05-26T09:33:53.823+0000] {processor.py:183} INFO - Processing /usr/local/python/3.10.13/lib/python3.10/site-packages/airflow/example_dags/tutorial.py took 0.075 seconds
[2024-05-26T09:34:35.263+0000] {processor.py:161} INFO - Started process (PID=50432) to work on /usr/local/python/3.10.13/lib/python3.10/site-packages/airflow/example_dags/tutorial.py
[2024-05-26T09:34:35.264+0000] {processor.py:830} INFO - Processing file /usr/local/python/3.10.13/lib/python3.10/site-packages/airflow/example_dags/tutorial.py for tasks to queue
[2024-05-26T09:34:35.265+0000] {logging_mixin.py:188} INFO - [2024-05-26T09:34:35.265+0000] {dagbag.py:545} INFO - Filling up the DagBag from /usr/local/python/3.10.13/lib/python3.10/site-packages/airflow/example_dags/tutorial.py
[2024-05-26T09:34:35.270+0000] {processor.py:840} INFO - DAG(s) 'tutorial' retrieved from /usr/local/python/3.10.13/lib/python3.10/site-packages/airflow/example_dags/tutorial.py
[2024-05-26T09:34:35.281+0000] {logging_mixin.py:188} INFO - [2024-05-26T09:34:35.281+0000] {dag.py:3096} INFO - Sync 1 DAGs
[2024-05-26T09:34:35.296+0000] {logging_mixin.py:188} INFO - [2024-05-26T09:34:35.296+0000] {dag.py:3954} INFO - Setting next_dagrun for tutorial to 2024-05-25 00:00:00+00:00, run_after=2024-05-26 00:00:00+00:00
[2024-05-26T09:34:35.338+0000] {processor.py:183} INFO - Processing /usr/local/python/3.10.13/lib/python3.10/site-packages/airflow/example_dags/tutorial.py took 0.079 seconds
[2024-05-26T09:35:34.096+0000] {processor.py:161} INFO - Started process (PID=50846) to work on /usr/local/python/3.10.13/lib/python3.10/site-packages/airflow/example_dags/tutorial.py
[2024-05-26T09:35:34.096+0000] {processor.py:830} INFO - Processing file /usr/local/python/3.10.13/lib/python3.10/site-packages/airflow/example_dags/tutorial.py for tasks to queue
[2024-05-26T09:35:34.098+0000] {logging_mixin.py:188} INFO - [2024-05-26T09:35:34.097+0000] {dagbag.py:545} INFO - Filling up the DagBag from /usr/local/python/3.10.13/lib/python3.10/site-packages/airflow/example_dags/tutorial.py
[2024-05-26T09:35:34.102+0000] {processor.py:840} INFO - DAG(s) 'tutorial' retrieved from /usr/local/python/3.10.13/lib/python3.10/site-packages/airflow/example_dags/tutorial.py
[2024-05-26T09:35:34.114+0000] {logging_mixin.py:188} INFO - [2024-05-26T09:35:34.114+0000] {dag.py:3096} INFO - Sync 1 DAGs
[2024-05-26T09:35:34.129+0000] {logging_mixin.py:188} INFO - [2024-05-26T09:35:34.129+0000] {dag.py:3954} INFO - Setting next_dagrun for tutorial to 2024-05-25 00:00:00+00:00, run_after=2024-05-26 00:00:00+00:00
[2024-05-26T09:35:34.166+0000] {processor.py:183} INFO - Processing /usr/local/python/3.10.13/lib/python3.10/site-packages/airflow/example_dags/tutorial.py took 0.074 seconds
[2024-05-26T09:36:30.977+0000] {processor.py:161} INFO - Started process (PID=51234) to work on /usr/local/python/3.10.13/lib/python3.10/site-packages/airflow/example_dags/tutorial.py
[2024-05-26T09:36:30.978+0000] {processor.py:830} INFO - Processing file /usr/local/python/3.10.13/lib/python3.10/site-packages/airflow/example_dags/tutorial.py for tasks to queue
[2024-05-26T09:36:30.979+0000] {logging_mixin.py:188} INFO - [2024-05-26T09:36:30.979+0000] {dagbag.py:545} INFO - Filling up the DagBag from /usr/local/python/3.10.13/lib/python3.10/site-packages/airflow/example_dags/tutorial.py
[2024-05-26T09:36:30.983+0000] {processor.py:840} INFO - DAG(s) 'tutorial' retrieved from /usr/local/python/3.10.13/lib/python3.10/site-packages/airflow/example_dags/tutorial.py
[2024-05-26T09:36:30.995+0000] {logging_mixin.py:188} INFO - [2024-05-26T09:36:30.995+0000] {dag.py:3096} INFO - Sync 1 DAGs
[2024-05-26T09:36:31.009+0000] {logging_mixin.py:188} INFO - [2024-05-26T09:36:31.009+0000] {dag.py:3954} INFO - Setting next_dagrun for tutorial to 2024-05-25 00:00:00+00:00, run_after=2024-05-26 00:00:00+00:00
[2024-05-26T09:36:31.046+0000] {processor.py:183} INFO - Processing /usr/local/python/3.10.13/lib/python3.10/site-packages/airflow/example_dags/tutorial.py took 0.073 seconds
[2024-05-26T09:37:15.123+0000] {processor.py:161} INFO - Started process (PID=51533) to work on /usr/local/python/3.10.13/lib/python3.10/site-packages/airflow/example_dags/tutorial.py
[2024-05-26T09:37:15.124+0000] {processor.py:830} INFO - Processing file /usr/local/python/3.10.13/lib/python3.10/site-packages/airflow/example_dags/tutorial.py for tasks to queue
[2024-05-26T09:37:15.125+0000] {logging_mixin.py:188} INFO - [2024-05-26T09:37:15.125+0000] {dagbag.py:545} INFO - Filling up the DagBag from /usr/local/python/3.10.13/lib/python3.10/site-packages/airflow/example_dags/tutorial.py
[2024-05-26T09:37:15.131+0000] {processor.py:840} INFO - DAG(s) 'tutorial' retrieved from /usr/local/python/3.10.13/lib/python3.10/site-packages/airflow/example_dags/tutorial.py
[2024-05-26T09:37:15.152+0000] {logging_mixin.py:188} INFO - [2024-05-26T09:37:15.152+0000] {dag.py:3096} INFO - Sync 1 DAGs
[2024-05-26T09:37:15.178+0000] {logging_mixin.py:188} INFO - [2024-05-26T09:37:15.178+0000] {dag.py:3954} INFO - Setting next_dagrun for tutorial to 2024-05-25 00:00:00+00:00, run_after=2024-05-26 00:00:00+00:00
[2024-05-26T09:37:15.222+0000] {processor.py:183} INFO - Processing /usr/local/python/3.10.13/lib/python3.10/site-packages/airflow/example_dags/tutorial.py took 0.106 seconds
[2024-05-26T09:37:57.890+0000] {processor.py:161} INFO - Started process (PID=51846) to work on /usr/local/python/3.10.13/lib/python3.10/site-packages/airflow/example_dags/tutorial.py
[2024-05-26T09:37:57.891+0000] {processor.py:830} INFO - Processing file /usr/local/python/3.10.13/lib/python3.10/site-packages/airflow/example_dags/tutorial.py for tasks to queue
[2024-05-26T09:37:57.892+0000] {logging_mixin.py:188} INFO - [2024-05-26T09:37:57.892+0000] {dagbag.py:545} INFO - Filling up the DagBag from /usr/local/python/3.10.13/lib/python3.10/site-packages/airflow/example_dags/tutorial.py
[2024-05-26T09:37:57.896+0000] {processor.py:840} INFO - DAG(s) 'tutorial' retrieved from /usr/local/python/3.10.13/lib/python3.10/site-packages/airflow/example_dags/tutorial.py
[2024-05-26T09:37:57.908+0000] {logging_mixin.py:188} INFO - [2024-05-26T09:37:57.908+0000] {dag.py:3096} INFO - Sync 1 DAGs
[2024-05-26T09:37:57.927+0000] {logging_mixin.py:188} INFO - [2024-05-26T09:37:57.927+0000] {dag.py:3954} INFO - Setting next_dagrun for tutorial to 2024-05-25 00:00:00+00:00, run_after=2024-05-26 00:00:00+00:00
[2024-05-26T09:37:57.965+0000] {processor.py:183} INFO - Processing /usr/local/python/3.10.13/lib/python3.10/site-packages/airflow/example_dags/tutorial.py took 0.079 seconds
[2024-05-26T09:38:37.213+0000] {processor.py:161} INFO - Started process (PID=52121) to work on /usr/local/python/3.10.13/lib/python3.10/site-packages/airflow/example_dags/tutorial.py
[2024-05-26T09:38:37.214+0000] {processor.py:830} INFO - Processing file /usr/local/python/3.10.13/lib/python3.10/site-packages/airflow/example_dags/tutorial.py for tasks to queue
[2024-05-26T09:38:37.215+0000] {logging_mixin.py:188} INFO - [2024-05-26T09:38:37.215+0000] {dagbag.py:545} INFO - Filling up the DagBag from /usr/local/python/3.10.13/lib/python3.10/site-packages/airflow/example_dags/tutorial.py
[2024-05-26T09:38:37.220+0000] {processor.py:840} INFO - DAG(s) 'tutorial' retrieved from /usr/local/python/3.10.13/lib/python3.10/site-packages/airflow/example_dags/tutorial.py
[2024-05-26T09:38:37.231+0000] {logging_mixin.py:188} INFO - [2024-05-26T09:38:37.231+0000] {dag.py:3096} INFO - Sync 1 DAGs
[2024-05-26T09:38:37.246+0000] {logging_mixin.py:188} INFO - [2024-05-26T09:38:37.246+0000] {dag.py:3954} INFO - Setting next_dagrun for tutorial to 2024-05-25 00:00:00+00:00, run_after=2024-05-26 00:00:00+00:00
[2024-05-26T09:38:37.282+0000] {processor.py:183} INFO - Processing /usr/local/python/3.10.13/lib/python3.10/site-packages/airflow/example_dags/tutorial.py took 0.074 seconds
[2024-05-26T09:39:34.889+0000] {processor.py:161} INFO - Started process (PID=52514) to work on /usr/local/python/3.10.13/lib/python3.10/site-packages/airflow/example_dags/tutorial.py
[2024-05-26T09:39:34.890+0000] {processor.py:830} INFO - Processing file /usr/local/python/3.10.13/lib/python3.10/site-packages/airflow/example_dags/tutorial.py for tasks to queue
[2024-05-26T09:39:34.891+0000] {logging_mixin.py:188} INFO - [2024-05-26T09:39:34.891+0000] {dagbag.py:545} INFO - Filling up the DagBag from /usr/local/python/3.10.13/lib/python3.10/site-packages/airflow/example_dags/tutorial.py
[2024-05-26T09:39:34.895+0000] {processor.py:840} INFO - DAG(s) 'tutorial' retrieved from /usr/local/python/3.10.13/lib/python3.10/site-packages/airflow/example_dags/tutorial.py
[2024-05-26T09:39:34.907+0000] {logging_mixin.py:188} INFO - [2024-05-26T09:39:34.907+0000] {dag.py:3096} INFO - Sync 1 DAGs
[2024-05-26T09:39:34.922+0000] {logging_mixin.py:188} INFO - [2024-05-26T09:39:34.922+0000] {dag.py:3954} INFO - Setting next_dagrun for tutorial to 2024-05-25 00:00:00+00:00, run_after=2024-05-26 00:00:00+00:00
[2024-05-26T09:39:34.959+0000] {processor.py:183} INFO - Processing /usr/local/python/3.10.13/lib/python3.10/site-packages/airflow/example_dags/tutorial.py took 0.076 seconds
[2024-05-26T09:40:18.967+0000] {processor.py:161} INFO - Started process (PID=52830) to work on /usr/local/python/3.10.13/lib/python3.10/site-packages/airflow/example_dags/tutorial.py
[2024-05-26T09:40:18.968+0000] {processor.py:830} INFO - Processing file /usr/local/python/3.10.13/lib/python3.10/site-packages/airflow/example_dags/tutorial.py for tasks to queue
[2024-05-26T09:40:18.969+0000] {logging_mixin.py:188} INFO - [2024-05-26T09:40:18.969+0000] {dagbag.py:545} INFO - Filling up the DagBag from /usr/local/python/3.10.13/lib/python3.10/site-packages/airflow/example_dags/tutorial.py
[2024-05-26T09:40:18.974+0000] {processor.py:840} INFO - DAG(s) 'tutorial' retrieved from /usr/local/python/3.10.13/lib/python3.10/site-packages/airflow/example_dags/tutorial.py
[2024-05-26T09:40:18.986+0000] {logging_mixin.py:188} INFO - [2024-05-26T09:40:18.986+0000] {dag.py:3096} INFO - Sync 1 DAGs
[2024-05-26T09:40:19.001+0000] {logging_mixin.py:188} INFO - [2024-05-26T09:40:19.001+0000] {dag.py:3954} INFO - Setting next_dagrun for tutorial to 2024-05-25 00:00:00+00:00, run_after=2024-05-26 00:00:00+00:00
[2024-05-26T09:40:19.038+0000] {processor.py:183} INFO - Processing /usr/local/python/3.10.13/lib/python3.10/site-packages/airflow/example_dags/tutorial.py took 0.076 seconds
[2024-05-26T09:40:59.459+0000] {processor.py:161} INFO - Started process (PID=53113) to work on /usr/local/python/3.10.13/lib/python3.10/site-packages/airflow/example_dags/tutorial.py
[2024-05-26T09:40:59.460+0000] {processor.py:830} INFO - Processing file /usr/local/python/3.10.13/lib/python3.10/site-packages/airflow/example_dags/tutorial.py for tasks to queue
[2024-05-26T09:40:59.461+0000] {logging_mixin.py:188} INFO - [2024-05-26T09:40:59.461+0000] {dagbag.py:545} INFO - Filling up the DagBag from /usr/local/python/3.10.13/lib/python3.10/site-packages/airflow/example_dags/tutorial.py
[2024-05-26T09:40:59.466+0000] {processor.py:840} INFO - DAG(s) 'tutorial' retrieved from /usr/local/python/3.10.13/lib/python3.10/site-packages/airflow/example_dags/tutorial.py
[2024-05-26T09:40:59.477+0000] {logging_mixin.py:188} INFO - [2024-05-26T09:40:59.477+0000] {dag.py:3096} INFO - Sync 1 DAGs
[2024-05-26T09:40:59.493+0000] {logging_mixin.py:188} INFO - [2024-05-26T09:40:59.493+0000] {dag.py:3954} INFO - Setting next_dagrun for tutorial to 2024-05-25 00:00:00+00:00, run_after=2024-05-26 00:00:00+00:00
[2024-05-26T09:40:59.532+0000] {processor.py:183} INFO - Processing /usr/local/python/3.10.13/lib/python3.10/site-packages/airflow/example_dags/tutorial.py took 0.078 seconds
[2024-05-26T09:41:41.023+0000] {processor.py:161} INFO - Started process (PID=53397) to work on /usr/local/python/3.10.13/lib/python3.10/site-packages/airflow/example_dags/tutorial.py
[2024-05-26T09:41:41.024+0000] {processor.py:830} INFO - Processing file /usr/local/python/3.10.13/lib/python3.10/site-packages/airflow/example_dags/tutorial.py for tasks to queue
[2024-05-26T09:41:41.025+0000] {logging_mixin.py:188} INFO - [2024-05-26T09:41:41.025+0000] {dagbag.py:545} INFO - Filling up the DagBag from /usr/local/python/3.10.13/lib/python3.10/site-packages/airflow/example_dags/tutorial.py
[2024-05-26T09:41:41.030+0000] {processor.py:840} INFO - DAG(s) 'tutorial' retrieved from /usr/local/python/3.10.13/lib/python3.10/site-packages/airflow/example_dags/tutorial.py
[2024-05-26T09:41:41.042+0000] {logging_mixin.py:188} INFO - [2024-05-26T09:41:41.041+0000] {dag.py:3096} INFO - Sync 1 DAGs
[2024-05-26T09:41:41.057+0000] {logging_mixin.py:188} INFO - [2024-05-26T09:41:41.057+0000] {dag.py:3954} INFO - Setting next_dagrun for tutorial to 2024-05-25 00:00:00+00:00, run_after=2024-05-26 00:00:00+00:00
[2024-05-26T09:41:41.094+0000] {processor.py:183} INFO - Processing /usr/local/python/3.10.13/lib/python3.10/site-packages/airflow/example_dags/tutorial.py took 0.075 seconds
[2024-05-26T09:42:23.466+0000] {processor.py:161} INFO - Started process (PID=53690) to work on /usr/local/python/3.10.13/lib/python3.10/site-packages/airflow/example_dags/tutorial.py
[2024-05-26T09:42:23.467+0000] {processor.py:830} INFO - Processing file /usr/local/python/3.10.13/lib/python3.10/site-packages/airflow/example_dags/tutorial.py for tasks to queue
[2024-05-26T09:42:23.468+0000] {logging_mixin.py:188} INFO - [2024-05-26T09:42:23.468+0000] {dagbag.py:545} INFO - Filling up the DagBag from /usr/local/python/3.10.13/lib/python3.10/site-packages/airflow/example_dags/tutorial.py
[2024-05-26T09:42:23.472+0000] {processor.py:840} INFO - DAG(s) 'tutorial' retrieved from /usr/local/python/3.10.13/lib/python3.10/site-packages/airflow/example_dags/tutorial.py
[2024-05-26T09:42:23.484+0000] {logging_mixin.py:188} INFO - [2024-05-26T09:42:23.484+0000] {dag.py:3096} INFO - Sync 1 DAGs
[2024-05-26T09:42:23.499+0000] {logging_mixin.py:188} INFO - [2024-05-26T09:42:23.499+0000] {dag.py:3954} INFO - Setting next_dagrun for tutorial to 2024-05-25 00:00:00+00:00, run_after=2024-05-26 00:00:00+00:00
[2024-05-26T09:42:23.534+0000] {processor.py:183} INFO - Processing /usr/local/python/3.10.13/lib/python3.10/site-packages/airflow/example_dags/tutorial.py took 0.073 seconds
[2024-05-26T09:43:22.529+0000] {processor.py:161} INFO - Started process (PID=54114) to work on /usr/local/python/3.10.13/lib/python3.10/site-packages/airflow/example_dags/tutorial.py
[2024-05-26T09:43:22.529+0000] {processor.py:830} INFO - Processing file /usr/local/python/3.10.13/lib/python3.10/site-packages/airflow/example_dags/tutorial.py for tasks to queue
[2024-05-26T09:43:22.531+0000] {logging_mixin.py:188} INFO - [2024-05-26T09:43:22.530+0000] {dagbag.py:545} INFO - Filling up the DagBag from /usr/local/python/3.10.13/lib/python3.10/site-packages/airflow/example_dags/tutorial.py
[2024-05-26T09:43:22.535+0000] {processor.py:840} INFO - DAG(s) 'tutorial' retrieved from /usr/local/python/3.10.13/lib/python3.10/site-packages/airflow/example_dags/tutorial.py
[2024-05-26T09:43:22.547+0000] {logging_mixin.py:188} INFO - [2024-05-26T09:43:22.546+0000] {dag.py:3096} INFO - Sync 1 DAGs
[2024-05-26T09:43:22.562+0000] {logging_mixin.py:188} INFO - [2024-05-26T09:43:22.562+0000] {dag.py:3954} INFO - Setting next_dagrun for tutorial to 2024-05-25 00:00:00+00:00, run_after=2024-05-26 00:00:00+00:00
[2024-05-26T09:43:22.599+0000] {processor.py:183} INFO - Processing /usr/local/python/3.10.13/lib/python3.10/site-packages/airflow/example_dags/tutorial.py took 0.075 seconds
[2024-05-26T09:44:03.035+0000] {processor.py:161} INFO - Started process (PID=54455) to work on /usr/local/python/3.10.13/lib/python3.10/site-packages/airflow/example_dags/tutorial.py
[2024-05-26T09:44:03.035+0000] {processor.py:830} INFO - Processing file /usr/local/python/3.10.13/lib/python3.10/site-packages/airflow/example_dags/tutorial.py for tasks to queue
[2024-05-26T09:44:03.037+0000] {logging_mixin.py:188} INFO - [2024-05-26T09:44:03.036+0000] {dagbag.py:545} INFO - Filling up the DagBag from /usr/local/python/3.10.13/lib/python3.10/site-packages/airflow/example_dags/tutorial.py
[2024-05-26T09:44:03.041+0000] {processor.py:840} INFO - DAG(s) 'tutorial' retrieved from /usr/local/python/3.10.13/lib/python3.10/site-packages/airflow/example_dags/tutorial.py
[2024-05-26T09:44:03.053+0000] {logging_mixin.py:188} INFO - [2024-05-26T09:44:03.053+0000] {dag.py:3096} INFO - Sync 1 DAGs
[2024-05-26T09:44:03.068+0000] {logging_mixin.py:188} INFO - [2024-05-26T09:44:03.068+0000] {dag.py:3954} INFO - Setting next_dagrun for tutorial to 2024-05-25 00:00:00+00:00, run_after=2024-05-26 00:00:00+00:00
[2024-05-26T09:44:03.106+0000] {processor.py:183} INFO - Processing /usr/local/python/3.10.13/lib/python3.10/site-packages/airflow/example_dags/tutorial.py took 0.077 seconds
[2024-05-26T09:44:45.474+0000] {processor.py:161} INFO - Started process (PID=54838) to work on /usr/local/python/3.10.13/lib/python3.10/site-packages/airflow/example_dags/tutorial.py
[2024-05-26T09:44:45.475+0000] {processor.py:830} INFO - Processing file /usr/local/python/3.10.13/lib/python3.10/site-packages/airflow/example_dags/tutorial.py for tasks to queue
[2024-05-26T09:44:45.476+0000] {logging_mixin.py:188} INFO - [2024-05-26T09:44:45.476+0000] {dagbag.py:545} INFO - Filling up the DagBag from /usr/local/python/3.10.13/lib/python3.10/site-packages/airflow/example_dags/tutorial.py
[2024-05-26T09:44:45.481+0000] {processor.py:840} INFO - DAG(s) 'tutorial' retrieved from /usr/local/python/3.10.13/lib/python3.10/site-packages/airflow/example_dags/tutorial.py
[2024-05-26T09:44:45.493+0000] {logging_mixin.py:188} INFO - [2024-05-26T09:44:45.493+0000] {dag.py:3096} INFO - Sync 1 DAGs
[2024-05-26T09:44:45.507+0000] {logging_mixin.py:188} INFO - [2024-05-26T09:44:45.507+0000] {dag.py:3954} INFO - Setting next_dagrun for tutorial to 2024-05-25 00:00:00+00:00, run_after=2024-05-26 00:00:00+00:00
[2024-05-26T09:44:45.548+0000] {processor.py:183} INFO - Processing /usr/local/python/3.10.13/lib/python3.10/site-packages/airflow/example_dags/tutorial.py took 0.079 seconds
[2024-05-26T09:45:26.910+0000] {processor.py:161} INFO - Started process (PID=55339) to work on /usr/local/python/3.10.13/lib/python3.10/site-packages/airflow/example_dags/tutorial.py
[2024-05-26T09:45:26.911+0000] {processor.py:830} INFO - Processing file /usr/local/python/3.10.13/lib/python3.10/site-packages/airflow/example_dags/tutorial.py for tasks to queue
[2024-05-26T09:45:26.913+0000] {logging_mixin.py:188} INFO - [2024-05-26T09:45:26.913+0000] {dagbag.py:545} INFO - Filling up the DagBag from /usr/local/python/3.10.13/lib/python3.10/site-packages/airflow/example_dags/tutorial.py
[2024-05-26T09:45:26.920+0000] {processor.py:840} INFO - DAG(s) 'tutorial' retrieved from /usr/local/python/3.10.13/lib/python3.10/site-packages/airflow/example_dags/tutorial.py
[2024-05-26T09:45:26.935+0000] {logging_mixin.py:188} INFO - [2024-05-26T09:45:26.935+0000] {dag.py:3096} INFO - Sync 1 DAGs
[2024-05-26T09:45:26.951+0000] {logging_mixin.py:188} INFO - [2024-05-26T09:45:26.951+0000] {dag.py:3954} INFO - Setting next_dagrun for tutorial to 2024-05-25 00:00:00+00:00, run_after=2024-05-26 00:00:00+00:00
[2024-05-26T09:45:26.987+0000] {processor.py:183} INFO - Processing /usr/local/python/3.10.13/lib/python3.10/site-packages/airflow/example_dags/tutorial.py took 0.083 seconds
[2024-05-26T09:46:23.953+0000] {processor.py:161} INFO - Started process (PID=56096) to work on /usr/local/python/3.10.13/lib/python3.10/site-packages/airflow/example_dags/tutorial.py
[2024-05-26T09:46:23.954+0000] {processor.py:830} INFO - Processing file /usr/local/python/3.10.13/lib/python3.10/site-packages/airflow/example_dags/tutorial.py for tasks to queue
[2024-05-26T09:46:23.955+0000] {logging_mixin.py:188} INFO - [2024-05-26T09:46:23.955+0000] {dagbag.py:545} INFO - Filling up the DagBag from /usr/local/python/3.10.13/lib/python3.10/site-packages/airflow/example_dags/tutorial.py
[2024-05-26T09:46:23.960+0000] {processor.py:840} INFO - DAG(s) 'tutorial' retrieved from /usr/local/python/3.10.13/lib/python3.10/site-packages/airflow/example_dags/tutorial.py
[2024-05-26T09:46:23.972+0000] {logging_mixin.py:188} INFO - [2024-05-26T09:46:23.972+0000] {dag.py:3096} INFO - Sync 1 DAGs
[2024-05-26T09:46:23.988+0000] {logging_mixin.py:188} INFO - [2024-05-26T09:46:23.988+0000] {dag.py:3954} INFO - Setting next_dagrun for tutorial to 2024-05-25 00:00:00+00:00, run_after=2024-05-26 00:00:00+00:00
[2024-05-26T09:46:24.027+0000] {processor.py:183} INFO - Processing /usr/local/python/3.10.13/lib/python3.10/site-packages/airflow/example_dags/tutorial.py took 0.080 seconds
