[2024-05-26T09:10:32.676+0000] {processor.py:161} INFO - Started process (PID=40033) to work on /usr/local/python/3.10.13/lib/python3.10/site-packages/airflow/example_dags/tutorial_taskflow_api.py
[2024-05-26T09:10:32.677+0000] {processor.py:830} INFO - Processing file /usr/local/python/3.10.13/lib/python3.10/site-packages/airflow/example_dags/tutorial_taskflow_api.py for tasks to queue
[2024-05-26T09:10:32.678+0000] {logging_mixin.py:188} INFO - [2024-05-26T09:10:32.678+0000] {dagbag.py:545} INFO - Filling up the DagBag from /usr/local/python/3.10.13/lib/python3.10/site-packages/airflow/example_dags/tutorial_taskflow_api.py
[2024-05-26T09:10:32.683+0000] {processor.py:840} INFO - DAG(s) 'tutorial_taskflow_api' retrieved from /usr/local/python/3.10.13/lib/python3.10/site-packages/airflow/example_dags/tutorial_taskflow_api.py
[2024-05-26T09:10:32.701+0000] {logging_mixin.py:188} INFO - [2024-05-26T09:10:32.701+0000] {dag.py:3096} INFO - Sync 1 DAGs
[2024-05-26T09:10:32.710+0000] {logging_mixin.py:188} INFO - [2024-05-26T09:10:32.710+0000] {dag.py:3954} INFO - Setting next_dagrun for tutorial_taskflow_api to None, run_after=None
[2024-05-26T09:10:32.750+0000] {processor.py:183} INFO - Processing /usr/local/python/3.10.13/lib/python3.10/site-packages/airflow/example_dags/tutorial_taskflow_api.py took 0.078 seconds
[2024-05-26T09:11:26.538+0000] {processor.py:161} INFO - Started process (PID=40470) to work on /usr/local/python/3.10.13/lib/python3.10/site-packages/airflow/example_dags/tutorial_taskflow_api.py
[2024-05-26T09:11:26.539+0000] {processor.py:830} INFO - Processing file /usr/local/python/3.10.13/lib/python3.10/site-packages/airflow/example_dags/tutorial_taskflow_api.py for tasks to queue
[2024-05-26T09:11:26.541+0000] {logging_mixin.py:188} INFO - [2024-05-26T09:11:26.540+0000] {dagbag.py:545} INFO - Filling up the DagBag from /usr/local/python/3.10.13/lib/python3.10/site-packages/airflow/example_dags/tutorial_taskflow_api.py
[2024-05-26T09:11:26.545+0000] {processor.py:840} INFO - DAG(s) 'tutorial_taskflow_api' retrieved from /usr/local/python/3.10.13/lib/python3.10/site-packages/airflow/example_dags/tutorial_taskflow_api.py
[2024-05-26T09:11:26.557+0000] {logging_mixin.py:188} INFO - [2024-05-26T09:11:26.556+0000] {dag.py:3096} INFO - Sync 1 DAGs
[2024-05-26T09:11:26.565+0000] {logging_mixin.py:188} INFO - [2024-05-26T09:11:26.565+0000] {dag.py:3954} INFO - Setting next_dagrun for tutorial_taskflow_api to None, run_after=None
[2024-05-26T09:11:26.604+0000] {processor.py:183} INFO - Processing /usr/local/python/3.10.13/lib/python3.10/site-packages/airflow/example_dags/tutorial_taskflow_api.py took 0.070 seconds
[2024-05-26T09:12:10.594+0000] {processor.py:161} INFO - Started process (PID=40791) to work on /usr/local/python/3.10.13/lib/python3.10/site-packages/airflow/example_dags/tutorial_taskflow_api.py
[2024-05-26T09:12:10.595+0000] {processor.py:830} INFO - Processing file /usr/local/python/3.10.13/lib/python3.10/site-packages/airflow/example_dags/tutorial_taskflow_api.py for tasks to queue
[2024-05-26T09:12:10.597+0000] {logging_mixin.py:188} INFO - [2024-05-26T09:12:10.597+0000] {dagbag.py:545} INFO - Filling up the DagBag from /usr/local/python/3.10.13/lib/python3.10/site-packages/airflow/example_dags/tutorial_taskflow_api.py
[2024-05-26T09:12:10.601+0000] {processor.py:840} INFO - DAG(s) 'tutorial_taskflow_api' retrieved from /usr/local/python/3.10.13/lib/python3.10/site-packages/airflow/example_dags/tutorial_taskflow_api.py
[2024-05-26T09:12:10.613+0000] {logging_mixin.py:188} INFO - [2024-05-26T09:12:10.613+0000] {dag.py:3096} INFO - Sync 1 DAGs
[2024-05-26T09:12:10.622+0000] {logging_mixin.py:188} INFO - [2024-05-26T09:12:10.621+0000] {dag.py:3954} INFO - Setting next_dagrun for tutorial_taskflow_api to None, run_after=None
[2024-05-26T09:12:10.660+0000] {processor.py:183} INFO - Processing /usr/local/python/3.10.13/lib/python3.10/site-packages/airflow/example_dags/tutorial_taskflow_api.py took 0.071 seconds
[2024-05-26T09:12:52.114+0000] {processor.py:161} INFO - Started process (PID=41162) to work on /usr/local/python/3.10.13/lib/python3.10/site-packages/airflow/example_dags/tutorial_taskflow_api.py
[2024-05-26T09:12:52.114+0000] {processor.py:830} INFO - Processing file /usr/local/python/3.10.13/lib/python3.10/site-packages/airflow/example_dags/tutorial_taskflow_api.py for tasks to queue
[2024-05-26T09:12:52.115+0000] {logging_mixin.py:188} INFO - [2024-05-26T09:12:52.115+0000] {dagbag.py:545} INFO - Filling up the DagBag from /usr/local/python/3.10.13/lib/python3.10/site-packages/airflow/example_dags/tutorial_taskflow_api.py
[2024-05-26T09:12:52.120+0000] {processor.py:840} INFO - DAG(s) 'tutorial_taskflow_api' retrieved from /usr/local/python/3.10.13/lib/python3.10/site-packages/airflow/example_dags/tutorial_taskflow_api.py
[2024-05-26T09:12:52.132+0000] {logging_mixin.py:188} INFO - [2024-05-26T09:12:52.131+0000] {dag.py:3096} INFO - Sync 1 DAGs
[2024-05-26T09:12:52.141+0000] {logging_mixin.py:188} INFO - [2024-05-26T09:12:52.141+0000] {dag.py:3954} INFO - Setting next_dagrun for tutorial_taskflow_api to None, run_after=None
[2024-05-26T09:12:52.178+0000] {processor.py:183} INFO - Processing /usr/local/python/3.10.13/lib/python3.10/site-packages/airflow/example_dags/tutorial_taskflow_api.py took 0.069 seconds
[2024-05-26T09:13:32.938+0000] {processor.py:161} INFO - Started process (PID=41509) to work on /usr/local/python/3.10.13/lib/python3.10/site-packages/airflow/example_dags/tutorial_taskflow_api.py
[2024-05-26T09:13:32.939+0000] {processor.py:830} INFO - Processing file /usr/local/python/3.10.13/lib/python3.10/site-packages/airflow/example_dags/tutorial_taskflow_api.py for tasks to queue
[2024-05-26T09:13:32.940+0000] {logging_mixin.py:188} INFO - [2024-05-26T09:13:32.940+0000] {dagbag.py:545} INFO - Filling up the DagBag from /usr/local/python/3.10.13/lib/python3.10/site-packages/airflow/example_dags/tutorial_taskflow_api.py
[2024-05-26T09:13:32.945+0000] {processor.py:840} INFO - DAG(s) 'tutorial_taskflow_api' retrieved from /usr/local/python/3.10.13/lib/python3.10/site-packages/airflow/example_dags/tutorial_taskflow_api.py
[2024-05-26T09:13:32.957+0000] {logging_mixin.py:188} INFO - [2024-05-26T09:13:32.957+0000] {dag.py:3096} INFO - Sync 1 DAGs
[2024-05-26T09:13:32.966+0000] {logging_mixin.py:188} INFO - [2024-05-26T09:13:32.965+0000] {dag.py:3954} INFO - Setting next_dagrun for tutorial_taskflow_api to None, run_after=None
[2024-05-26T09:13:33.009+0000] {processor.py:183} INFO - Processing /usr/local/python/3.10.13/lib/python3.10/site-packages/airflow/example_dags/tutorial_taskflow_api.py took 0.076 seconds
[2024-05-26T09:14:15.150+0000] {processor.py:161} INFO - Started process (PID=41819) to work on /usr/local/python/3.10.13/lib/python3.10/site-packages/airflow/example_dags/tutorial_taskflow_api.py
[2024-05-26T09:14:15.151+0000] {processor.py:830} INFO - Processing file /usr/local/python/3.10.13/lib/python3.10/site-packages/airflow/example_dags/tutorial_taskflow_api.py for tasks to queue
[2024-05-26T09:14:15.153+0000] {logging_mixin.py:188} INFO - [2024-05-26T09:14:15.152+0000] {dagbag.py:545} INFO - Filling up the DagBag from /usr/local/python/3.10.13/lib/python3.10/site-packages/airflow/example_dags/tutorial_taskflow_api.py
[2024-05-26T09:14:15.157+0000] {processor.py:840} INFO - DAG(s) 'tutorial_taskflow_api' retrieved from /usr/local/python/3.10.13/lib/python3.10/site-packages/airflow/example_dags/tutorial_taskflow_api.py
[2024-05-26T09:14:15.169+0000] {logging_mixin.py:188} INFO - [2024-05-26T09:14:15.169+0000] {dag.py:3096} INFO - Sync 1 DAGs
[2024-05-26T09:14:15.178+0000] {logging_mixin.py:188} INFO - [2024-05-26T09:14:15.178+0000] {dag.py:3954} INFO - Setting next_dagrun for tutorial_taskflow_api to None, run_after=None
[2024-05-26T09:14:15.216+0000] {processor.py:183} INFO - Processing /usr/local/python/3.10.13/lib/python3.10/site-packages/airflow/example_dags/tutorial_taskflow_api.py took 0.070 seconds
[2024-05-26T09:15:00.677+0000] {processor.py:161} INFO - Started process (PID=42129) to work on /usr/local/python/3.10.13/lib/python3.10/site-packages/airflow/example_dags/tutorial_taskflow_api.py
[2024-05-26T09:15:00.677+0000] {processor.py:830} INFO - Processing file /usr/local/python/3.10.13/lib/python3.10/site-packages/airflow/example_dags/tutorial_taskflow_api.py for tasks to queue
[2024-05-26T09:15:00.679+0000] {logging_mixin.py:188} INFO - [2024-05-26T09:15:00.678+0000] {dagbag.py:545} INFO - Filling up the DagBag from /usr/local/python/3.10.13/lib/python3.10/site-packages/airflow/example_dags/tutorial_taskflow_api.py
[2024-05-26T09:15:00.683+0000] {processor.py:840} INFO - DAG(s) 'tutorial_taskflow_api' retrieved from /usr/local/python/3.10.13/lib/python3.10/site-packages/airflow/example_dags/tutorial_taskflow_api.py
[2024-05-26T09:15:00.695+0000] {logging_mixin.py:188} INFO - [2024-05-26T09:15:00.694+0000] {dag.py:3096} INFO - Sync 1 DAGs
[2024-05-26T09:15:00.703+0000] {logging_mixin.py:188} INFO - [2024-05-26T09:15:00.703+0000] {dag.py:3954} INFO - Setting next_dagrun for tutorial_taskflow_api to None, run_after=None
[2024-05-26T09:15:00.744+0000] {processor.py:183} INFO - Processing /usr/local/python/3.10.13/lib/python3.10/site-packages/airflow/example_dags/tutorial_taskflow_api.py took 0.072 seconds
[2024-05-26T09:15:42.812+0000] {processor.py:161} INFO - Started process (PID=42416) to work on /usr/local/python/3.10.13/lib/python3.10/site-packages/airflow/example_dags/tutorial_taskflow_api.py
[2024-05-26T09:15:42.813+0000] {processor.py:830} INFO - Processing file /usr/local/python/3.10.13/lib/python3.10/site-packages/airflow/example_dags/tutorial_taskflow_api.py for tasks to queue
[2024-05-26T09:15:42.814+0000] {logging_mixin.py:188} INFO - [2024-05-26T09:15:42.814+0000] {dagbag.py:545} INFO - Filling up the DagBag from /usr/local/python/3.10.13/lib/python3.10/site-packages/airflow/example_dags/tutorial_taskflow_api.py
[2024-05-26T09:15:42.819+0000] {processor.py:840} INFO - DAG(s) 'tutorial_taskflow_api' retrieved from /usr/local/python/3.10.13/lib/python3.10/site-packages/airflow/example_dags/tutorial_taskflow_api.py
[2024-05-26T09:15:42.830+0000] {logging_mixin.py:188} INFO - [2024-05-26T09:15:42.830+0000] {dag.py:3096} INFO - Sync 1 DAGs
[2024-05-26T09:15:42.840+0000] {logging_mixin.py:188} INFO - [2024-05-26T09:15:42.839+0000] {dag.py:3954} INFO - Setting next_dagrun for tutorial_taskflow_api to None, run_after=None
[2024-05-26T09:15:42.880+0000] {processor.py:183} INFO - Processing /usr/local/python/3.10.13/lib/python3.10/site-packages/airflow/example_dags/tutorial_taskflow_api.py took 0.072 seconds
[2024-05-26T09:16:24.128+0000] {processor.py:161} INFO - Started process (PID=42719) to work on /usr/local/python/3.10.13/lib/python3.10/site-packages/airflow/example_dags/tutorial_taskflow_api.py
[2024-05-26T09:16:24.129+0000] {processor.py:830} INFO - Processing file /usr/local/python/3.10.13/lib/python3.10/site-packages/airflow/example_dags/tutorial_taskflow_api.py for tasks to queue
[2024-05-26T09:16:24.130+0000] {logging_mixin.py:188} INFO - [2024-05-26T09:16:24.130+0000] {dagbag.py:545} INFO - Filling up the DagBag from /usr/local/python/3.10.13/lib/python3.10/site-packages/airflow/example_dags/tutorial_taskflow_api.py
[2024-05-26T09:16:24.135+0000] {processor.py:840} INFO - DAG(s) 'tutorial_taskflow_api' retrieved from /usr/local/python/3.10.13/lib/python3.10/site-packages/airflow/example_dags/tutorial_taskflow_api.py
[2024-05-26T09:16:24.147+0000] {logging_mixin.py:188} INFO - [2024-05-26T09:16:24.147+0000] {dag.py:3096} INFO - Sync 1 DAGs
[2024-05-26T09:16:24.156+0000] {logging_mixin.py:188} INFO - [2024-05-26T09:16:24.156+0000] {dag.py:3954} INFO - Setting next_dagrun for tutorial_taskflow_api to None, run_after=None
[2024-05-26T09:16:24.194+0000] {processor.py:183} INFO - Processing /usr/local/python/3.10.13/lib/python3.10/site-packages/airflow/example_dags/tutorial_taskflow_api.py took 0.071 seconds
[2024-05-26T09:17:04.314+0000] {processor.py:161} INFO - Started process (PID=42988) to work on /usr/local/python/3.10.13/lib/python3.10/site-packages/airflow/example_dags/tutorial_taskflow_api.py
[2024-05-26T09:17:04.314+0000] {processor.py:830} INFO - Processing file /usr/local/python/3.10.13/lib/python3.10/site-packages/airflow/example_dags/tutorial_taskflow_api.py for tasks to queue
[2024-05-26T09:17:04.316+0000] {logging_mixin.py:188} INFO - [2024-05-26T09:17:04.315+0000] {dagbag.py:545} INFO - Filling up the DagBag from /usr/local/python/3.10.13/lib/python3.10/site-packages/airflow/example_dags/tutorial_taskflow_api.py
[2024-05-26T09:17:04.321+0000] {processor.py:840} INFO - DAG(s) 'tutorial_taskflow_api' retrieved from /usr/local/python/3.10.13/lib/python3.10/site-packages/airflow/example_dags/tutorial_taskflow_api.py
[2024-05-26T09:17:04.333+0000] {logging_mixin.py:188} INFO - [2024-05-26T09:17:04.332+0000] {dag.py:3096} INFO - Sync 1 DAGs
[2024-05-26T09:17:04.342+0000] {logging_mixin.py:188} INFO - [2024-05-26T09:17:04.341+0000] {dag.py:3954} INFO - Setting next_dagrun for tutorial_taskflow_api to None, run_after=None
[2024-05-26T09:17:04.380+0000] {processor.py:183} INFO - Processing /usr/local/python/3.10.13/lib/python3.10/site-packages/airflow/example_dags/tutorial_taskflow_api.py took 0.071 seconds
[2024-05-26T09:17:47.306+0000] {processor.py:161} INFO - Started process (PID=43298) to work on /usr/local/python/3.10.13/lib/python3.10/site-packages/airflow/example_dags/tutorial_taskflow_api.py
[2024-05-26T09:17:47.307+0000] {processor.py:830} INFO - Processing file /usr/local/python/3.10.13/lib/python3.10/site-packages/airflow/example_dags/tutorial_taskflow_api.py for tasks to queue
[2024-05-26T09:17:47.308+0000] {logging_mixin.py:188} INFO - [2024-05-26T09:17:47.308+0000] {dagbag.py:545} INFO - Filling up the DagBag from /usr/local/python/3.10.13/lib/python3.10/site-packages/airflow/example_dags/tutorial_taskflow_api.py
[2024-05-26T09:17:47.313+0000] {processor.py:840} INFO - DAG(s) 'tutorial_taskflow_api' retrieved from /usr/local/python/3.10.13/lib/python3.10/site-packages/airflow/example_dags/tutorial_taskflow_api.py
[2024-05-26T09:17:47.325+0000] {logging_mixin.py:188} INFO - [2024-05-26T09:17:47.324+0000] {dag.py:3096} INFO - Sync 1 DAGs
[2024-05-26T09:17:47.337+0000] {logging_mixin.py:188} INFO - [2024-05-26T09:17:47.337+0000] {dag.py:3954} INFO - Setting next_dagrun for tutorial_taskflow_api to None, run_after=None
[2024-05-26T09:17:47.379+0000] {processor.py:183} INFO - Processing /usr/local/python/3.10.13/lib/python3.10/site-packages/airflow/example_dags/tutorial_taskflow_api.py took 0.078 seconds
[2024-05-26T09:18:31.620+0000] {processor.py:161} INFO - Started process (PID=43596) to work on /usr/local/python/3.10.13/lib/python3.10/site-packages/airflow/example_dags/tutorial_taskflow_api.py
[2024-05-26T09:18:31.622+0000] {processor.py:830} INFO - Processing file /usr/local/python/3.10.13/lib/python3.10/site-packages/airflow/example_dags/tutorial_taskflow_api.py for tasks to queue
[2024-05-26T09:18:31.623+0000] {logging_mixin.py:188} INFO - [2024-05-26T09:18:31.623+0000] {dagbag.py:545} INFO - Filling up the DagBag from /usr/local/python/3.10.13/lib/python3.10/site-packages/airflow/example_dags/tutorial_taskflow_api.py
[2024-05-26T09:18:31.632+0000] {processor.py:840} INFO - DAG(s) 'tutorial_taskflow_api' retrieved from /usr/local/python/3.10.13/lib/python3.10/site-packages/airflow/example_dags/tutorial_taskflow_api.py
[2024-05-26T09:18:31.648+0000] {logging_mixin.py:188} INFO - [2024-05-26T09:18:31.648+0000] {dag.py:3096} INFO - Sync 1 DAGs
[2024-05-26T09:18:31.662+0000] {logging_mixin.py:188} INFO - [2024-05-26T09:18:31.662+0000] {dag.py:3954} INFO - Setting next_dagrun for tutorial_taskflow_api to None, run_after=None
[2024-05-26T09:18:31.702+0000] {processor.py:183} INFO - Processing /usr/local/python/3.10.13/lib/python3.10/site-packages/airflow/example_dags/tutorial_taskflow_api.py took 0.089 seconds
[2024-05-26T09:19:11.779+0000] {processor.py:161} INFO - Started process (PID=43931) to work on /usr/local/python/3.10.13/lib/python3.10/site-packages/airflow/example_dags/tutorial_taskflow_api.py
[2024-05-26T09:19:11.780+0000] {processor.py:830} INFO - Processing file /usr/local/python/3.10.13/lib/python3.10/site-packages/airflow/example_dags/tutorial_taskflow_api.py for tasks to queue
[2024-05-26T09:19:11.781+0000] {logging_mixin.py:188} INFO - [2024-05-26T09:19:11.781+0000] {dagbag.py:545} INFO - Filling up the DagBag from /usr/local/python/3.10.13/lib/python3.10/site-packages/airflow/example_dags/tutorial_taskflow_api.py
[2024-05-26T09:19:11.786+0000] {processor.py:840} INFO - DAG(s) 'tutorial_taskflow_api' retrieved from /usr/local/python/3.10.13/lib/python3.10/site-packages/airflow/example_dags/tutorial_taskflow_api.py
[2024-05-26T09:19:11.798+0000] {logging_mixin.py:188} INFO - [2024-05-26T09:19:11.798+0000] {dag.py:3096} INFO - Sync 1 DAGs
[2024-05-26T09:19:11.807+0000] {logging_mixin.py:188} INFO - [2024-05-26T09:19:11.807+0000] {dag.py:3954} INFO - Setting next_dagrun for tutorial_taskflow_api to None, run_after=None
[2024-05-26T09:19:11.844+0000] {processor.py:183} INFO - Processing /usr/local/python/3.10.13/lib/python3.10/site-packages/airflow/example_dags/tutorial_taskflow_api.py took 0.069 seconds
[2024-05-26T09:19:56.113+0000] {processor.py:161} INFO - Started process (PID=44242) to work on /usr/local/python/3.10.13/lib/python3.10/site-packages/airflow/example_dags/tutorial_taskflow_api.py
[2024-05-26T09:19:56.114+0000] {processor.py:830} INFO - Processing file /usr/local/python/3.10.13/lib/python3.10/site-packages/airflow/example_dags/tutorial_taskflow_api.py for tasks to queue
[2024-05-26T09:19:56.115+0000] {logging_mixin.py:188} INFO - [2024-05-26T09:19:56.115+0000] {dagbag.py:545} INFO - Filling up the DagBag from /usr/local/python/3.10.13/lib/python3.10/site-packages/airflow/example_dags/tutorial_taskflow_api.py
[2024-05-26T09:19:56.120+0000] {processor.py:840} INFO - DAG(s) 'tutorial_taskflow_api' retrieved from /usr/local/python/3.10.13/lib/python3.10/site-packages/airflow/example_dags/tutorial_taskflow_api.py
[2024-05-26T09:19:56.132+0000] {logging_mixin.py:188} INFO - [2024-05-26T09:19:56.132+0000] {dag.py:3096} INFO - Sync 1 DAGs
[2024-05-26T09:19:56.141+0000] {logging_mixin.py:188} INFO - [2024-05-26T09:19:56.141+0000] {dag.py:3954} INFO - Setting next_dagrun for tutorial_taskflow_api to None, run_after=None
[2024-05-26T09:19:56.179+0000] {processor.py:183} INFO - Processing /usr/local/python/3.10.13/lib/python3.10/site-packages/airflow/example_dags/tutorial_taskflow_api.py took 0.071 seconds
[2024-05-26T09:20:38.086+0000] {processor.py:161} INFO - Started process (PID=44533) to work on /usr/local/python/3.10.13/lib/python3.10/site-packages/airflow/example_dags/tutorial_taskflow_api.py
[2024-05-26T09:20:38.086+0000] {processor.py:830} INFO - Processing file /usr/local/python/3.10.13/lib/python3.10/site-packages/airflow/example_dags/tutorial_taskflow_api.py for tasks to queue
[2024-05-26T09:20:38.088+0000] {logging_mixin.py:188} INFO - [2024-05-26T09:20:38.087+0000] {dagbag.py:545} INFO - Filling up the DagBag from /usr/local/python/3.10.13/lib/python3.10/site-packages/airflow/example_dags/tutorial_taskflow_api.py
[2024-05-26T09:20:38.093+0000] {processor.py:840} INFO - DAG(s) 'tutorial_taskflow_api' retrieved from /usr/local/python/3.10.13/lib/python3.10/site-packages/airflow/example_dags/tutorial_taskflow_api.py
[2024-05-26T09:20:38.104+0000] {logging_mixin.py:188} INFO - [2024-05-26T09:20:38.104+0000] {dag.py:3096} INFO - Sync 1 DAGs
[2024-05-26T09:20:38.113+0000] {logging_mixin.py:188} INFO - [2024-05-26T09:20:38.113+0000] {dag.py:3954} INFO - Setting next_dagrun for tutorial_taskflow_api to None, run_after=None
[2024-05-26T09:20:38.152+0000] {processor.py:183} INFO - Processing /usr/local/python/3.10.13/lib/python3.10/site-packages/airflow/example_dags/tutorial_taskflow_api.py took 0.071 seconds
[2024-05-26T09:21:18.802+0000] {processor.py:161} INFO - Started process (PID=44817) to work on /usr/local/python/3.10.13/lib/python3.10/site-packages/airflow/example_dags/tutorial_taskflow_api.py
[2024-05-26T09:21:18.803+0000] {processor.py:830} INFO - Processing file /usr/local/python/3.10.13/lib/python3.10/site-packages/airflow/example_dags/tutorial_taskflow_api.py for tasks to queue
[2024-05-26T09:21:18.804+0000] {logging_mixin.py:188} INFO - [2024-05-26T09:21:18.804+0000] {dagbag.py:545} INFO - Filling up the DagBag from /usr/local/python/3.10.13/lib/python3.10/site-packages/airflow/example_dags/tutorial_taskflow_api.py
[2024-05-26T09:21:18.810+0000] {processor.py:840} INFO - DAG(s) 'tutorial_taskflow_api' retrieved from /usr/local/python/3.10.13/lib/python3.10/site-packages/airflow/example_dags/tutorial_taskflow_api.py
[2024-05-26T09:21:18.821+0000] {logging_mixin.py:188} INFO - [2024-05-26T09:21:18.821+0000] {dag.py:3096} INFO - Sync 1 DAGs
[2024-05-26T09:21:18.830+0000] {logging_mixin.py:188} INFO - [2024-05-26T09:21:18.830+0000] {dag.py:3954} INFO - Setting next_dagrun for tutorial_taskflow_api to None, run_after=None
[2024-05-26T09:21:18.874+0000] {processor.py:183} INFO - Processing /usr/local/python/3.10.13/lib/python3.10/site-packages/airflow/example_dags/tutorial_taskflow_api.py took 0.076 seconds
[2024-05-26T09:22:02.385+0000] {processor.py:161} INFO - Started process (PID=45130) to work on /usr/local/python/3.10.13/lib/python3.10/site-packages/airflow/example_dags/tutorial_taskflow_api.py
[2024-05-26T09:22:02.386+0000] {processor.py:830} INFO - Processing file /usr/local/python/3.10.13/lib/python3.10/site-packages/airflow/example_dags/tutorial_taskflow_api.py for tasks to queue
[2024-05-26T09:22:02.387+0000] {logging_mixin.py:188} INFO - [2024-05-26T09:22:02.387+0000] {dagbag.py:545} INFO - Filling up the DagBag from /usr/local/python/3.10.13/lib/python3.10/site-packages/airflow/example_dags/tutorial_taskflow_api.py
[2024-05-26T09:22:02.392+0000] {processor.py:840} INFO - DAG(s) 'tutorial_taskflow_api' retrieved from /usr/local/python/3.10.13/lib/python3.10/site-packages/airflow/example_dags/tutorial_taskflow_api.py
[2024-05-26T09:22:02.405+0000] {logging_mixin.py:188} INFO - [2024-05-26T09:22:02.405+0000] {dag.py:3096} INFO - Sync 1 DAGs
[2024-05-26T09:22:02.414+0000] {logging_mixin.py:188} INFO - [2024-05-26T09:22:02.414+0000] {dag.py:3954} INFO - Setting next_dagrun for tutorial_taskflow_api to None, run_after=None
[2024-05-26T09:22:02.458+0000] {processor.py:183} INFO - Processing /usr/local/python/3.10.13/lib/python3.10/site-packages/airflow/example_dags/tutorial_taskflow_api.py took 0.078 seconds
[2024-05-26T09:22:51.052+0000] {processor.py:161} INFO - Started process (PID=45474) to work on /usr/local/python/3.10.13/lib/python3.10/site-packages/airflow/example_dags/tutorial_taskflow_api.py
[2024-05-26T09:22:51.053+0000] {processor.py:830} INFO - Processing file /usr/local/python/3.10.13/lib/python3.10/site-packages/airflow/example_dags/tutorial_taskflow_api.py for tasks to queue
[2024-05-26T09:22:51.054+0000] {logging_mixin.py:188} INFO - [2024-05-26T09:22:51.054+0000] {dagbag.py:545} INFO - Filling up the DagBag from /usr/local/python/3.10.13/lib/python3.10/site-packages/airflow/example_dags/tutorial_taskflow_api.py
[2024-05-26T09:22:51.065+0000] {processor.py:840} INFO - DAG(s) 'tutorial_taskflow_api' retrieved from /usr/local/python/3.10.13/lib/python3.10/site-packages/airflow/example_dags/tutorial_taskflow_api.py
[2024-05-26T09:22:51.092+0000] {logging_mixin.py:188} INFO - [2024-05-26T09:22:51.092+0000] {dag.py:3096} INFO - Sync 1 DAGs
[2024-05-26T09:22:51.101+0000] {logging_mixin.py:188} INFO - [2024-05-26T09:22:51.101+0000] {dag.py:3954} INFO - Setting next_dagrun for tutorial_taskflow_api to None, run_after=None
[2024-05-26T09:22:51.139+0000] {processor.py:183} INFO - Processing /usr/local/python/3.10.13/lib/python3.10/site-packages/airflow/example_dags/tutorial_taskflow_api.py took 0.097 seconds
[2024-05-26T09:23:33.575+0000] {processor.py:161} INFO - Started process (PID=45761) to work on /usr/local/python/3.10.13/lib/python3.10/site-packages/airflow/example_dags/tutorial_taskflow_api.py
[2024-05-26T09:23:33.576+0000] {processor.py:830} INFO - Processing file /usr/local/python/3.10.13/lib/python3.10/site-packages/airflow/example_dags/tutorial_taskflow_api.py for tasks to queue
[2024-05-26T09:23:33.577+0000] {logging_mixin.py:188} INFO - [2024-05-26T09:23:33.577+0000] {dagbag.py:545} INFO - Filling up the DagBag from /usr/local/python/3.10.13/lib/python3.10/site-packages/airflow/example_dags/tutorial_taskflow_api.py
[2024-05-26T09:23:33.583+0000] {processor.py:840} INFO - DAG(s) 'tutorial_taskflow_api' retrieved from /usr/local/python/3.10.13/lib/python3.10/site-packages/airflow/example_dags/tutorial_taskflow_api.py
[2024-05-26T09:23:33.594+0000] {logging_mixin.py:188} INFO - [2024-05-26T09:23:33.594+0000] {dag.py:3096} INFO - Sync 1 DAGs
[2024-05-26T09:23:33.604+0000] {logging_mixin.py:188} INFO - [2024-05-26T09:23:33.603+0000] {dag.py:3954} INFO - Setting next_dagrun for tutorial_taskflow_api to None, run_after=None
[2024-05-26T09:23:33.640+0000] {processor.py:183} INFO - Processing /usr/local/python/3.10.13/lib/python3.10/site-packages/airflow/example_dags/tutorial_taskflow_api.py took 0.070 seconds
[2024-05-26T09:24:15.310+0000] {processor.py:161} INFO - Started process (PID=46049) to work on /usr/local/python/3.10.13/lib/python3.10/site-packages/airflow/example_dags/tutorial_taskflow_api.py
[2024-05-26T09:24:15.311+0000] {processor.py:830} INFO - Processing file /usr/local/python/3.10.13/lib/python3.10/site-packages/airflow/example_dags/tutorial_taskflow_api.py for tasks to queue
[2024-05-26T09:24:15.312+0000] {logging_mixin.py:188} INFO - [2024-05-26T09:24:15.311+0000] {dagbag.py:545} INFO - Filling up the DagBag from /usr/local/python/3.10.13/lib/python3.10/site-packages/airflow/example_dags/tutorial_taskflow_api.py
[2024-05-26T09:24:15.317+0000] {processor.py:840} INFO - DAG(s) 'tutorial_taskflow_api' retrieved from /usr/local/python/3.10.13/lib/python3.10/site-packages/airflow/example_dags/tutorial_taskflow_api.py
[2024-05-26T09:24:15.328+0000] {logging_mixin.py:188} INFO - [2024-05-26T09:24:15.328+0000] {dag.py:3096} INFO - Sync 1 DAGs
[2024-05-26T09:24:15.337+0000] {logging_mixin.py:188} INFO - [2024-05-26T09:24:15.337+0000] {dag.py:3954} INFO - Setting next_dagrun for tutorial_taskflow_api to None, run_after=None
[2024-05-26T09:24:15.375+0000] {processor.py:183} INFO - Processing /usr/local/python/3.10.13/lib/python3.10/site-packages/airflow/example_dags/tutorial_taskflow_api.py took 0.070 seconds
[2024-05-26T09:24:56.178+0000] {processor.py:161} INFO - Started process (PID=46337) to work on /usr/local/python/3.10.13/lib/python3.10/site-packages/airflow/example_dags/tutorial_taskflow_api.py
[2024-05-26T09:24:56.179+0000] {processor.py:830} INFO - Processing file /usr/local/python/3.10.13/lib/python3.10/site-packages/airflow/example_dags/tutorial_taskflow_api.py for tasks to queue
[2024-05-26T09:24:56.180+0000] {logging_mixin.py:188} INFO - [2024-05-26T09:24:56.180+0000] {dagbag.py:545} INFO - Filling up the DagBag from /usr/local/python/3.10.13/lib/python3.10/site-packages/airflow/example_dags/tutorial_taskflow_api.py
[2024-05-26T09:24:56.185+0000] {processor.py:840} INFO - DAG(s) 'tutorial_taskflow_api' retrieved from /usr/local/python/3.10.13/lib/python3.10/site-packages/airflow/example_dags/tutorial_taskflow_api.py
[2024-05-26T09:24:56.197+0000] {logging_mixin.py:188} INFO - [2024-05-26T09:24:56.197+0000] {dag.py:3096} INFO - Sync 1 DAGs
[2024-05-26T09:24:56.206+0000] {logging_mixin.py:188} INFO - [2024-05-26T09:24:56.205+0000] {dag.py:3954} INFO - Setting next_dagrun for tutorial_taskflow_api to None, run_after=None
[2024-05-26T09:24:56.243+0000] {processor.py:183} INFO - Processing /usr/local/python/3.10.13/lib/python3.10/site-packages/airflow/example_dags/tutorial_taskflow_api.py took 0.070 seconds
[2024-05-26T09:25:36.823+0000] {processor.py:161} INFO - Started process (PID=46627) to work on /usr/local/python/3.10.13/lib/python3.10/site-packages/airflow/example_dags/tutorial_taskflow_api.py
[2024-05-26T09:25:36.824+0000] {processor.py:830} INFO - Processing file /usr/local/python/3.10.13/lib/python3.10/site-packages/airflow/example_dags/tutorial_taskflow_api.py for tasks to queue
[2024-05-26T09:25:36.825+0000] {logging_mixin.py:188} INFO - [2024-05-26T09:25:36.825+0000] {dagbag.py:545} INFO - Filling up the DagBag from /usr/local/python/3.10.13/lib/python3.10/site-packages/airflow/example_dags/tutorial_taskflow_api.py
[2024-05-26T09:25:36.830+0000] {processor.py:840} INFO - DAG(s) 'tutorial_taskflow_api' retrieved from /usr/local/python/3.10.13/lib/python3.10/site-packages/airflow/example_dags/tutorial_taskflow_api.py
[2024-05-26T09:25:36.841+0000] {logging_mixin.py:188} INFO - [2024-05-26T09:25:36.841+0000] {dag.py:3096} INFO - Sync 1 DAGs
[2024-05-26T09:25:36.851+0000] {logging_mixin.py:188} INFO - [2024-05-26T09:25:36.850+0000] {dag.py:3954} INFO - Setting next_dagrun for tutorial_taskflow_api to None, run_after=None
[2024-05-26T09:25:36.885+0000] {processor.py:183} INFO - Processing /usr/local/python/3.10.13/lib/python3.10/site-packages/airflow/example_dags/tutorial_taskflow_api.py took 0.066 seconds
[2024-05-26T09:26:18.695+0000] {processor.py:161} INFO - Started process (PID=46936) to work on /usr/local/python/3.10.13/lib/python3.10/site-packages/airflow/example_dags/tutorial_taskflow_api.py
[2024-05-26T09:26:18.696+0000] {processor.py:830} INFO - Processing file /usr/local/python/3.10.13/lib/python3.10/site-packages/airflow/example_dags/tutorial_taskflow_api.py for tasks to queue
[2024-05-26T09:26:18.698+0000] {logging_mixin.py:188} INFO - [2024-05-26T09:26:18.697+0000] {dagbag.py:545} INFO - Filling up the DagBag from /usr/local/python/3.10.13/lib/python3.10/site-packages/airflow/example_dags/tutorial_taskflow_api.py
[2024-05-26T09:26:18.703+0000] {processor.py:840} INFO - DAG(s) 'tutorial_taskflow_api' retrieved from /usr/local/python/3.10.13/lib/python3.10/site-packages/airflow/example_dags/tutorial_taskflow_api.py
[2024-05-26T09:26:18.715+0000] {logging_mixin.py:188} INFO - [2024-05-26T09:26:18.714+0000] {dag.py:3096} INFO - Sync 1 DAGs
[2024-05-26T09:26:18.723+0000] {logging_mixin.py:188} INFO - [2024-05-26T09:26:18.723+0000] {dag.py:3954} INFO - Setting next_dagrun for tutorial_taskflow_api to None, run_after=None
[2024-05-26T09:26:18.760+0000] {processor.py:183} INFO - Processing /usr/local/python/3.10.13/lib/python3.10/site-packages/airflow/example_dags/tutorial_taskflow_api.py took 0.071 seconds
[2024-05-26T09:27:00.566+0000] {processor.py:161} INFO - Started process (PID=47244) to work on /usr/local/python/3.10.13/lib/python3.10/site-packages/airflow/example_dags/tutorial_taskflow_api.py
[2024-05-26T09:27:00.566+0000] {processor.py:830} INFO - Processing file /usr/local/python/3.10.13/lib/python3.10/site-packages/airflow/example_dags/tutorial_taskflow_api.py for tasks to queue
[2024-05-26T09:27:00.568+0000] {logging_mixin.py:188} INFO - [2024-05-26T09:27:00.567+0000] {dagbag.py:545} INFO - Filling up the DagBag from /usr/local/python/3.10.13/lib/python3.10/site-packages/airflow/example_dags/tutorial_taskflow_api.py
[2024-05-26T09:27:00.573+0000] {processor.py:840} INFO - DAG(s) 'tutorial_taskflow_api' retrieved from /usr/local/python/3.10.13/lib/python3.10/site-packages/airflow/example_dags/tutorial_taskflow_api.py
[2024-05-26T09:27:00.584+0000] {logging_mixin.py:188} INFO - [2024-05-26T09:27:00.584+0000] {dag.py:3096} INFO - Sync 1 DAGs
[2024-05-26T09:27:00.593+0000] {logging_mixin.py:188} INFO - [2024-05-26T09:27:00.593+0000] {dag.py:3954} INFO - Setting next_dagrun for tutorial_taskflow_api to None, run_after=None
[2024-05-26T09:27:00.632+0000] {processor.py:183} INFO - Processing /usr/local/python/3.10.13/lib/python3.10/site-packages/airflow/example_dags/tutorial_taskflow_api.py took 0.070 seconds
[2024-05-26T09:27:39.983+0000] {processor.py:161} INFO - Started process (PID=47525) to work on /usr/local/python/3.10.13/lib/python3.10/site-packages/airflow/example_dags/tutorial_taskflow_api.py
[2024-05-26T09:27:39.984+0000] {processor.py:830} INFO - Processing file /usr/local/python/3.10.13/lib/python3.10/site-packages/airflow/example_dags/tutorial_taskflow_api.py for tasks to queue
[2024-05-26T09:27:39.985+0000] {logging_mixin.py:188} INFO - [2024-05-26T09:27:39.985+0000] {dagbag.py:545} INFO - Filling up the DagBag from /usr/local/python/3.10.13/lib/python3.10/site-packages/airflow/example_dags/tutorial_taskflow_api.py
[2024-05-26T09:27:39.990+0000] {processor.py:840} INFO - DAG(s) 'tutorial_taskflow_api' retrieved from /usr/local/python/3.10.13/lib/python3.10/site-packages/airflow/example_dags/tutorial_taskflow_api.py
[2024-05-26T09:27:40.003+0000] {logging_mixin.py:188} INFO - [2024-05-26T09:27:40.002+0000] {dag.py:3096} INFO - Sync 1 DAGs
[2024-05-26T09:27:40.012+0000] {logging_mixin.py:188} INFO - [2024-05-26T09:27:40.012+0000] {dag.py:3954} INFO - Setting next_dagrun for tutorial_taskflow_api to None, run_after=None
[2024-05-26T09:27:40.050+0000] {processor.py:183} INFO - Processing /usr/local/python/3.10.13/lib/python3.10/site-packages/airflow/example_dags/tutorial_taskflow_api.py took 0.072 seconds
[2024-05-26T09:28:22.525+0000] {processor.py:161} INFO - Started process (PID=47813) to work on /usr/local/python/3.10.13/lib/python3.10/site-packages/airflow/example_dags/tutorial_taskflow_api.py
[2024-05-26T09:28:22.526+0000] {processor.py:830} INFO - Processing file /usr/local/python/3.10.13/lib/python3.10/site-packages/airflow/example_dags/tutorial_taskflow_api.py for tasks to queue
[2024-05-26T09:28:22.527+0000] {logging_mixin.py:188} INFO - [2024-05-26T09:28:22.527+0000] {dagbag.py:545} INFO - Filling up the DagBag from /usr/local/python/3.10.13/lib/python3.10/site-packages/airflow/example_dags/tutorial_taskflow_api.py
[2024-05-26T09:28:22.532+0000] {processor.py:840} INFO - DAG(s) 'tutorial_taskflow_api' retrieved from /usr/local/python/3.10.13/lib/python3.10/site-packages/airflow/example_dags/tutorial_taskflow_api.py
[2024-05-26T09:28:22.544+0000] {logging_mixin.py:188} INFO - [2024-05-26T09:28:22.544+0000] {dag.py:3096} INFO - Sync 1 DAGs
[2024-05-26T09:28:22.553+0000] {logging_mixin.py:188} INFO - [2024-05-26T09:28:22.553+0000] {dag.py:3954} INFO - Setting next_dagrun for tutorial_taskflow_api to None, run_after=None
[2024-05-26T09:28:22.588+0000] {processor.py:183} INFO - Processing /usr/local/python/3.10.13/lib/python3.10/site-packages/airflow/example_dags/tutorial_taskflow_api.py took 0.067 seconds
[2024-05-26T09:29:03.044+0000] {processor.py:161} INFO - Started process (PID=48093) to work on /usr/local/python/3.10.13/lib/python3.10/site-packages/airflow/example_dags/tutorial_taskflow_api.py
[2024-05-26T09:29:03.045+0000] {processor.py:830} INFO - Processing file /usr/local/python/3.10.13/lib/python3.10/site-packages/airflow/example_dags/tutorial_taskflow_api.py for tasks to queue
[2024-05-26T09:29:03.046+0000] {logging_mixin.py:188} INFO - [2024-05-26T09:29:03.045+0000] {dagbag.py:545} INFO - Filling up the DagBag from /usr/local/python/3.10.13/lib/python3.10/site-packages/airflow/example_dags/tutorial_taskflow_api.py
[2024-05-26T09:29:03.051+0000] {processor.py:840} INFO - DAG(s) 'tutorial_taskflow_api' retrieved from /usr/local/python/3.10.13/lib/python3.10/site-packages/airflow/example_dags/tutorial_taskflow_api.py
[2024-05-26T09:29:03.062+0000] {logging_mixin.py:188} INFO - [2024-05-26T09:29:03.062+0000] {dag.py:3096} INFO - Sync 1 DAGs
[2024-05-26T09:29:03.071+0000] {logging_mixin.py:188} INFO - [2024-05-26T09:29:03.071+0000] {dag.py:3954} INFO - Setting next_dagrun for tutorial_taskflow_api to None, run_after=None
[2024-05-26T09:29:03.117+0000] {processor.py:183} INFO - Processing /usr/local/python/3.10.13/lib/python3.10/site-packages/airflow/example_dags/tutorial_taskflow_api.py took 0.078 seconds
[2024-05-26T09:29:45.519+0000] {processor.py:161} INFO - Started process (PID=48386) to work on /usr/local/python/3.10.13/lib/python3.10/site-packages/airflow/example_dags/tutorial_taskflow_api.py
[2024-05-26T09:29:45.519+0000] {processor.py:830} INFO - Processing file /usr/local/python/3.10.13/lib/python3.10/site-packages/airflow/example_dags/tutorial_taskflow_api.py for tasks to queue
[2024-05-26T09:29:45.521+0000] {logging_mixin.py:188} INFO - [2024-05-26T09:29:45.520+0000] {dagbag.py:545} INFO - Filling up the DagBag from /usr/local/python/3.10.13/lib/python3.10/site-packages/airflow/example_dags/tutorial_taskflow_api.py
[2024-05-26T09:29:45.526+0000] {processor.py:840} INFO - DAG(s) 'tutorial_taskflow_api' retrieved from /usr/local/python/3.10.13/lib/python3.10/site-packages/airflow/example_dags/tutorial_taskflow_api.py
[2024-05-26T09:29:45.537+0000] {logging_mixin.py:188} INFO - [2024-05-26T09:29:45.537+0000] {dag.py:3096} INFO - Sync 1 DAGs
[2024-05-26T09:29:45.546+0000] {logging_mixin.py:188} INFO - [2024-05-26T09:29:45.546+0000] {dag.py:3954} INFO - Setting next_dagrun for tutorial_taskflow_api to None, run_after=None
[2024-05-26T09:29:45.584+0000] {processor.py:183} INFO - Processing /usr/local/python/3.10.13/lib/python3.10/site-packages/airflow/example_dags/tutorial_taskflow_api.py took 0.070 seconds
[2024-05-26T09:30:25.161+0000] {processor.py:161} INFO - Started process (PID=48662) to work on /usr/local/python/3.10.13/lib/python3.10/site-packages/airflow/example_dags/tutorial_taskflow_api.py
[2024-05-26T09:30:25.162+0000] {processor.py:830} INFO - Processing file /usr/local/python/3.10.13/lib/python3.10/site-packages/airflow/example_dags/tutorial_taskflow_api.py for tasks to queue
[2024-05-26T09:30:25.163+0000] {logging_mixin.py:188} INFO - [2024-05-26T09:30:25.162+0000] {dagbag.py:545} INFO - Filling up the DagBag from /usr/local/python/3.10.13/lib/python3.10/site-packages/airflow/example_dags/tutorial_taskflow_api.py
[2024-05-26T09:30:25.168+0000] {processor.py:840} INFO - DAG(s) 'tutorial_taskflow_api' retrieved from /usr/local/python/3.10.13/lib/python3.10/site-packages/airflow/example_dags/tutorial_taskflow_api.py
[2024-05-26T09:30:25.179+0000] {logging_mixin.py:188} INFO - [2024-05-26T09:30:25.179+0000] {dag.py:3096} INFO - Sync 1 DAGs
[2024-05-26T09:30:25.188+0000] {logging_mixin.py:188} INFO - [2024-05-26T09:30:25.187+0000] {dag.py:3954} INFO - Setting next_dagrun for tutorial_taskflow_api to None, run_after=None
[2024-05-26T09:30:25.224+0000] {processor.py:183} INFO - Processing /usr/local/python/3.10.13/lib/python3.10/site-packages/airflow/example_dags/tutorial_taskflow_api.py took 0.068 seconds
[2024-05-26T09:31:03.102+0000] {processor.py:161} INFO - Started process (PID=48934) to work on /usr/local/python/3.10.13/lib/python3.10/site-packages/airflow/example_dags/tutorial_taskflow_api.py
[2024-05-26T09:31:03.103+0000] {processor.py:830} INFO - Processing file /usr/local/python/3.10.13/lib/python3.10/site-packages/airflow/example_dags/tutorial_taskflow_api.py for tasks to queue
[2024-05-26T09:31:03.104+0000] {logging_mixin.py:188} INFO - [2024-05-26T09:31:03.104+0000] {dagbag.py:545} INFO - Filling up the DagBag from /usr/local/python/3.10.13/lib/python3.10/site-packages/airflow/example_dags/tutorial_taskflow_api.py
[2024-05-26T09:31:03.109+0000] {processor.py:840} INFO - DAG(s) 'tutorial_taskflow_api' retrieved from /usr/local/python/3.10.13/lib/python3.10/site-packages/airflow/example_dags/tutorial_taskflow_api.py
[2024-05-26T09:31:03.120+0000] {logging_mixin.py:188} INFO - [2024-05-26T09:31:03.120+0000] {dag.py:3096} INFO - Sync 1 DAGs
[2024-05-26T09:31:03.129+0000] {logging_mixin.py:188} INFO - [2024-05-26T09:31:03.129+0000] {dag.py:3954} INFO - Setting next_dagrun for tutorial_taskflow_api to None, run_after=None
[2024-05-26T09:31:03.170+0000] {processor.py:183} INFO - Processing /usr/local/python/3.10.13/lib/python3.10/site-packages/airflow/example_dags/tutorial_taskflow_api.py took 0.072 seconds
[2024-05-26T09:31:45.014+0000] {processor.py:161} INFO - Started process (PID=49220) to work on /usr/local/python/3.10.13/lib/python3.10/site-packages/airflow/example_dags/tutorial_taskflow_api.py
[2024-05-26T09:31:45.014+0000] {processor.py:830} INFO - Processing file /usr/local/python/3.10.13/lib/python3.10/site-packages/airflow/example_dags/tutorial_taskflow_api.py for tasks to queue
[2024-05-26T09:31:45.016+0000] {logging_mixin.py:188} INFO - [2024-05-26T09:31:45.015+0000] {dagbag.py:545} INFO - Filling up the DagBag from /usr/local/python/3.10.13/lib/python3.10/site-packages/airflow/example_dags/tutorial_taskflow_api.py
[2024-05-26T09:31:45.021+0000] {processor.py:840} INFO - DAG(s) 'tutorial_taskflow_api' retrieved from /usr/local/python/3.10.13/lib/python3.10/site-packages/airflow/example_dags/tutorial_taskflow_api.py
[2024-05-26T09:31:45.032+0000] {logging_mixin.py:188} INFO - [2024-05-26T09:31:45.032+0000] {dag.py:3096} INFO - Sync 1 DAGs
[2024-05-26T09:31:45.041+0000] {logging_mixin.py:188} INFO - [2024-05-26T09:31:45.041+0000] {dag.py:3954} INFO - Setting next_dagrun for tutorial_taskflow_api to None, run_after=None
[2024-05-26T09:31:45.086+0000] {processor.py:183} INFO - Processing /usr/local/python/3.10.13/lib/python3.10/site-packages/airflow/example_dags/tutorial_taskflow_api.py took 0.077 seconds
[2024-05-26T09:32:30.778+0000] {processor.py:161} INFO - Started process (PID=49544) to work on /usr/local/python/3.10.13/lib/python3.10/site-packages/airflow/example_dags/tutorial_taskflow_api.py
[2024-05-26T09:32:30.779+0000] {processor.py:830} INFO - Processing file /usr/local/python/3.10.13/lib/python3.10/site-packages/airflow/example_dags/tutorial_taskflow_api.py for tasks to queue
[2024-05-26T09:32:30.780+0000] {logging_mixin.py:188} INFO - [2024-05-26T09:32:30.780+0000] {dagbag.py:545} INFO - Filling up the DagBag from /usr/local/python/3.10.13/lib/python3.10/site-packages/airflow/example_dags/tutorial_taskflow_api.py
[2024-05-26T09:32:30.785+0000] {processor.py:840} INFO - DAG(s) 'tutorial_taskflow_api' retrieved from /usr/local/python/3.10.13/lib/python3.10/site-packages/airflow/example_dags/tutorial_taskflow_api.py
[2024-05-26T09:32:30.797+0000] {logging_mixin.py:188} INFO - [2024-05-26T09:32:30.797+0000] {dag.py:3096} INFO - Sync 1 DAGs
[2024-05-26T09:32:30.806+0000] {logging_mixin.py:188} INFO - [2024-05-26T09:32:30.806+0000] {dag.py:3954} INFO - Setting next_dagrun for tutorial_taskflow_api to None, run_after=None
[2024-05-26T09:32:30.847+0000] {processor.py:183} INFO - Processing /usr/local/python/3.10.13/lib/python3.10/site-packages/airflow/example_dags/tutorial_taskflow_api.py took 0.073 seconds
[2024-05-26T09:33:09.800+0000] {processor.py:161} INFO - Started process (PID=49816) to work on /usr/local/python/3.10.13/lib/python3.10/site-packages/airflow/example_dags/tutorial_taskflow_api.py
[2024-05-26T09:33:09.800+0000] {processor.py:830} INFO - Processing file /usr/local/python/3.10.13/lib/python3.10/site-packages/airflow/example_dags/tutorial_taskflow_api.py for tasks to queue
[2024-05-26T09:33:09.802+0000] {logging_mixin.py:188} INFO - [2024-05-26T09:33:09.801+0000] {dagbag.py:545} INFO - Filling up the DagBag from /usr/local/python/3.10.13/lib/python3.10/site-packages/airflow/example_dags/tutorial_taskflow_api.py
[2024-05-26T09:33:09.807+0000] {processor.py:840} INFO - DAG(s) 'tutorial_taskflow_api' retrieved from /usr/local/python/3.10.13/lib/python3.10/site-packages/airflow/example_dags/tutorial_taskflow_api.py
[2024-05-26T09:33:09.819+0000] {logging_mixin.py:188} INFO - [2024-05-26T09:33:09.819+0000] {dag.py:3096} INFO - Sync 1 DAGs
[2024-05-26T09:33:09.828+0000] {logging_mixin.py:188} INFO - [2024-05-26T09:33:09.828+0000] {dag.py:3954} INFO - Setting next_dagrun for tutorial_taskflow_api to None, run_after=None
[2024-05-26T09:33:09.864+0000] {processor.py:183} INFO - Processing /usr/local/python/3.10.13/lib/python3.10/site-packages/airflow/example_dags/tutorial_taskflow_api.py took 0.069 seconds
[2024-05-26T09:33:47.997+0000] {processor.py:161} INFO - Started process (PID=50096) to work on /usr/local/python/3.10.13/lib/python3.10/site-packages/airflow/example_dags/tutorial_taskflow_api.py
[2024-05-26T09:33:47.998+0000] {processor.py:830} INFO - Processing file /usr/local/python/3.10.13/lib/python3.10/site-packages/airflow/example_dags/tutorial_taskflow_api.py for tasks to queue
[2024-05-26T09:33:47.999+0000] {logging_mixin.py:188} INFO - [2024-05-26T09:33:47.999+0000] {dagbag.py:545} INFO - Filling up the DagBag from /usr/local/python/3.10.13/lib/python3.10/site-packages/airflow/example_dags/tutorial_taskflow_api.py
[2024-05-26T09:33:48.004+0000] {processor.py:840} INFO - DAG(s) 'tutorial_taskflow_api' retrieved from /usr/local/python/3.10.13/lib/python3.10/site-packages/airflow/example_dags/tutorial_taskflow_api.py
[2024-05-26T09:33:48.016+0000] {logging_mixin.py:188} INFO - [2024-05-26T09:33:48.016+0000] {dag.py:3096} INFO - Sync 1 DAGs
[2024-05-26T09:33:48.025+0000] {logging_mixin.py:188} INFO - [2024-05-26T09:33:48.025+0000] {dag.py:3954} INFO - Setting next_dagrun for tutorial_taskflow_api to None, run_after=None
[2024-05-26T09:33:48.065+0000] {processor.py:183} INFO - Processing /usr/local/python/3.10.13/lib/python3.10/site-packages/airflow/example_dags/tutorial_taskflow_api.py took 0.074 seconds
[2024-05-26T09:34:31.043+0000] {processor.py:161} INFO - Started process (PID=50394) to work on /usr/local/python/3.10.13/lib/python3.10/site-packages/airflow/example_dags/tutorial_taskflow_api.py
[2024-05-26T09:34:31.044+0000] {processor.py:830} INFO - Processing file /usr/local/python/3.10.13/lib/python3.10/site-packages/airflow/example_dags/tutorial_taskflow_api.py for tasks to queue
[2024-05-26T09:34:31.045+0000] {logging_mixin.py:188} INFO - [2024-05-26T09:34:31.044+0000] {dagbag.py:545} INFO - Filling up the DagBag from /usr/local/python/3.10.13/lib/python3.10/site-packages/airflow/example_dags/tutorial_taskflow_api.py
[2024-05-26T09:34:31.050+0000] {processor.py:840} INFO - DAG(s) 'tutorial_taskflow_api' retrieved from /usr/local/python/3.10.13/lib/python3.10/site-packages/airflow/example_dags/tutorial_taskflow_api.py
[2024-05-26T09:34:31.061+0000] {logging_mixin.py:188} INFO - [2024-05-26T09:34:31.061+0000] {dag.py:3096} INFO - Sync 1 DAGs
[2024-05-26T09:34:31.070+0000] {logging_mixin.py:188} INFO - [2024-05-26T09:34:31.070+0000] {dag.py:3954} INFO - Setting next_dagrun for tutorial_taskflow_api to None, run_after=None
[2024-05-26T09:34:31.108+0000] {processor.py:183} INFO - Processing /usr/local/python/3.10.13/lib/python3.10/site-packages/airflow/example_dags/tutorial_taskflow_api.py took 0.069 seconds
[2024-05-26T09:35:07.048+0000] {processor.py:161} INFO - Started process (PID=50644) to work on /usr/local/python/3.10.13/lib/python3.10/site-packages/airflow/example_dags/tutorial_taskflow_api.py
[2024-05-26T09:35:07.048+0000] {processor.py:830} INFO - Processing file /usr/local/python/3.10.13/lib/python3.10/site-packages/airflow/example_dags/tutorial_taskflow_api.py for tasks to queue
[2024-05-26T09:35:07.050+0000] {logging_mixin.py:188} INFO - [2024-05-26T09:35:07.049+0000] {dagbag.py:545} INFO - Filling up the DagBag from /usr/local/python/3.10.13/lib/python3.10/site-packages/airflow/example_dags/tutorial_taskflow_api.py
[2024-05-26T09:35:07.055+0000] {processor.py:840} INFO - DAG(s) 'tutorial_taskflow_api' retrieved from /usr/local/python/3.10.13/lib/python3.10/site-packages/airflow/example_dags/tutorial_taskflow_api.py
[2024-05-26T09:35:07.067+0000] {logging_mixin.py:188} INFO - [2024-05-26T09:35:07.067+0000] {dag.py:3096} INFO - Sync 1 DAGs
[2024-05-26T09:35:07.077+0000] {logging_mixin.py:188} INFO - [2024-05-26T09:35:07.076+0000] {dag.py:3954} INFO - Setting next_dagrun for tutorial_taskflow_api to None, run_after=None
[2024-05-26T09:35:07.113+0000] {processor.py:183} INFO - Processing /usr/local/python/3.10.13/lib/python3.10/site-packages/airflow/example_dags/tutorial_taskflow_api.py took 0.070 seconds
[2024-05-26T09:35:47.283+0000] {processor.py:161} INFO - Started process (PID=50937) to work on /usr/local/python/3.10.13/lib/python3.10/site-packages/airflow/example_dags/tutorial_taskflow_api.py
[2024-05-26T09:35:47.283+0000] {processor.py:830} INFO - Processing file /usr/local/python/3.10.13/lib/python3.10/site-packages/airflow/example_dags/tutorial_taskflow_api.py for tasks to queue
[2024-05-26T09:35:47.285+0000] {logging_mixin.py:188} INFO - [2024-05-26T09:35:47.284+0000] {dagbag.py:545} INFO - Filling up the DagBag from /usr/local/python/3.10.13/lib/python3.10/site-packages/airflow/example_dags/tutorial_taskflow_api.py
[2024-05-26T09:35:47.290+0000] {processor.py:840} INFO - DAG(s) 'tutorial_taskflow_api' retrieved from /usr/local/python/3.10.13/lib/python3.10/site-packages/airflow/example_dags/tutorial_taskflow_api.py
[2024-05-26T09:35:47.301+0000] {logging_mixin.py:188} INFO - [2024-05-26T09:35:47.301+0000] {dag.py:3096} INFO - Sync 1 DAGs
[2024-05-26T09:35:47.310+0000] {logging_mixin.py:188} INFO - [2024-05-26T09:35:47.310+0000] {dag.py:3954} INFO - Setting next_dagrun for tutorial_taskflow_api to None, run_after=None
[2024-05-26T09:35:47.348+0000] {processor.py:183} INFO - Processing /usr/local/python/3.10.13/lib/python3.10/site-packages/airflow/example_dags/tutorial_taskflow_api.py took 0.069 seconds
[2024-05-26T09:36:26.467+0000] {processor.py:161} INFO - Started process (PID=51212) to work on /usr/local/python/3.10.13/lib/python3.10/site-packages/airflow/example_dags/tutorial_taskflow_api.py
[2024-05-26T09:36:26.468+0000] {processor.py:830} INFO - Processing file /usr/local/python/3.10.13/lib/python3.10/site-packages/airflow/example_dags/tutorial_taskflow_api.py for tasks to queue
[2024-05-26T09:36:26.469+0000] {logging_mixin.py:188} INFO - [2024-05-26T09:36:26.469+0000] {dagbag.py:545} INFO - Filling up the DagBag from /usr/local/python/3.10.13/lib/python3.10/site-packages/airflow/example_dags/tutorial_taskflow_api.py
[2024-05-26T09:36:26.474+0000] {processor.py:840} INFO - DAG(s) 'tutorial_taskflow_api' retrieved from /usr/local/python/3.10.13/lib/python3.10/site-packages/airflow/example_dags/tutorial_taskflow_api.py
[2024-05-26T09:36:26.485+0000] {logging_mixin.py:188} INFO - [2024-05-26T09:36:26.485+0000] {dag.py:3096} INFO - Sync 1 DAGs
[2024-05-26T09:36:26.494+0000] {logging_mixin.py:188} INFO - [2024-05-26T09:36:26.494+0000] {dag.py:3954} INFO - Setting next_dagrun for tutorial_taskflow_api to None, run_after=None
[2024-05-26T09:36:26.533+0000] {processor.py:183} INFO - Processing /usr/local/python/3.10.13/lib/python3.10/site-packages/airflow/example_dags/tutorial_taskflow_api.py took 0.070 seconds
[2024-05-26T09:37:11.116+0000] {processor.py:161} INFO - Started process (PID=51511) to work on /usr/local/python/3.10.13/lib/python3.10/site-packages/airflow/example_dags/tutorial_taskflow_api.py
[2024-05-26T09:37:11.117+0000] {processor.py:830} INFO - Processing file /usr/local/python/3.10.13/lib/python3.10/site-packages/airflow/example_dags/tutorial_taskflow_api.py for tasks to queue
[2024-05-26T09:37:11.118+0000] {logging_mixin.py:188} INFO - [2024-05-26T09:37:11.118+0000] {dagbag.py:545} INFO - Filling up the DagBag from /usr/local/python/3.10.13/lib/python3.10/site-packages/airflow/example_dags/tutorial_taskflow_api.py
[2024-05-26T09:37:11.123+0000] {processor.py:840} INFO - DAG(s) 'tutorial_taskflow_api' retrieved from /usr/local/python/3.10.13/lib/python3.10/site-packages/airflow/example_dags/tutorial_taskflow_api.py
[2024-05-26T09:37:11.134+0000] {logging_mixin.py:188} INFO - [2024-05-26T09:37:11.134+0000] {dag.py:3096} INFO - Sync 1 DAGs
[2024-05-26T09:37:11.144+0000] {logging_mixin.py:188} INFO - [2024-05-26T09:37:11.144+0000] {dag.py:3954} INFO - Setting next_dagrun for tutorial_taskflow_api to None, run_after=None
[2024-05-26T09:37:11.180+0000] {processor.py:183} INFO - Processing /usr/local/python/3.10.13/lib/python3.10/site-packages/airflow/example_dags/tutorial_taskflow_api.py took 0.069 seconds
[2024-05-26T09:37:54.570+0000] {processor.py:161} INFO - Started process (PID=51804) to work on /usr/local/python/3.10.13/lib/python3.10/site-packages/airflow/example_dags/tutorial_taskflow_api.py
[2024-05-26T09:37:54.571+0000] {processor.py:830} INFO - Processing file /usr/local/python/3.10.13/lib/python3.10/site-packages/airflow/example_dags/tutorial_taskflow_api.py for tasks to queue
[2024-05-26T09:37:54.572+0000] {logging_mixin.py:188} INFO - [2024-05-26T09:37:54.572+0000] {dagbag.py:545} INFO - Filling up the DagBag from /usr/local/python/3.10.13/lib/python3.10/site-packages/airflow/example_dags/tutorial_taskflow_api.py
[2024-05-26T09:37:54.577+0000] {processor.py:840} INFO - DAG(s) 'tutorial_taskflow_api' retrieved from /usr/local/python/3.10.13/lib/python3.10/site-packages/airflow/example_dags/tutorial_taskflow_api.py
[2024-05-26T09:37:54.589+0000] {logging_mixin.py:188} INFO - [2024-05-26T09:37:54.588+0000] {dag.py:3096} INFO - Sync 1 DAGs
[2024-05-26T09:37:54.598+0000] {logging_mixin.py:188} INFO - [2024-05-26T09:37:54.598+0000] {dag.py:3954} INFO - Setting next_dagrun for tutorial_taskflow_api to None, run_after=None
[2024-05-26T09:37:54.635+0000] {processor.py:183} INFO - Processing /usr/local/python/3.10.13/lib/python3.10/site-packages/airflow/example_dags/tutorial_taskflow_api.py took 0.069 seconds
[2024-05-26T09:38:33.273+0000] {processor.py:161} INFO - Started process (PID=52081) to work on /usr/local/python/3.10.13/lib/python3.10/site-packages/airflow/example_dags/tutorial_taskflow_api.py
[2024-05-26T09:38:33.274+0000] {processor.py:830} INFO - Processing file /usr/local/python/3.10.13/lib/python3.10/site-packages/airflow/example_dags/tutorial_taskflow_api.py for tasks to queue
[2024-05-26T09:38:33.275+0000] {logging_mixin.py:188} INFO - [2024-05-26T09:38:33.275+0000] {dagbag.py:545} INFO - Filling up the DagBag from /usr/local/python/3.10.13/lib/python3.10/site-packages/airflow/example_dags/tutorial_taskflow_api.py
[2024-05-26T09:38:33.280+0000] {processor.py:840} INFO - DAG(s) 'tutorial_taskflow_api' retrieved from /usr/local/python/3.10.13/lib/python3.10/site-packages/airflow/example_dags/tutorial_taskflow_api.py
[2024-05-26T09:38:33.291+0000] {logging_mixin.py:188} INFO - [2024-05-26T09:38:33.291+0000] {dag.py:3096} INFO - Sync 1 DAGs
[2024-05-26T09:38:33.300+0000] {logging_mixin.py:188} INFO - [2024-05-26T09:38:33.300+0000] {dag.py:3954} INFO - Setting next_dagrun for tutorial_taskflow_api to None, run_after=None
[2024-05-26T09:38:33.338+0000] {processor.py:183} INFO - Processing /usr/local/python/3.10.13/lib/python3.10/site-packages/airflow/example_dags/tutorial_taskflow_api.py took 0.071 seconds
[2024-05-26T09:39:09.670+0000] {processor.py:161} INFO - Started process (PID=52349) to work on /usr/local/python/3.10.13/lib/python3.10/site-packages/airflow/example_dags/tutorial_taskflow_api.py
[2024-05-26T09:39:09.671+0000] {processor.py:830} INFO - Processing file /usr/local/python/3.10.13/lib/python3.10/site-packages/airflow/example_dags/tutorial_taskflow_api.py for tasks to queue
[2024-05-26T09:39:09.672+0000] {logging_mixin.py:188} INFO - [2024-05-26T09:39:09.672+0000] {dagbag.py:545} INFO - Filling up the DagBag from /usr/local/python/3.10.13/lib/python3.10/site-packages/airflow/example_dags/tutorial_taskflow_api.py
[2024-05-26T09:39:09.677+0000] {processor.py:840} INFO - DAG(s) 'tutorial_taskflow_api' retrieved from /usr/local/python/3.10.13/lib/python3.10/site-packages/airflow/example_dags/tutorial_taskflow_api.py
[2024-05-26T09:39:09.689+0000] {logging_mixin.py:188} INFO - [2024-05-26T09:39:09.689+0000] {dag.py:3096} INFO - Sync 1 DAGs
[2024-05-26T09:39:09.698+0000] {logging_mixin.py:188} INFO - [2024-05-26T09:39:09.698+0000] {dag.py:3954} INFO - Setting next_dagrun for tutorial_taskflow_api to None, run_after=None
[2024-05-26T09:39:09.734+0000] {processor.py:183} INFO - Processing /usr/local/python/3.10.13/lib/python3.10/site-packages/airflow/example_dags/tutorial_taskflow_api.py took 0.068 seconds
[2024-05-26T09:39:52.106+0000] {processor.py:161} INFO - Started process (PID=52635) to work on /usr/local/python/3.10.13/lib/python3.10/site-packages/airflow/example_dags/tutorial_taskflow_api.py
[2024-05-26T09:39:52.107+0000] {processor.py:830} INFO - Processing file /usr/local/python/3.10.13/lib/python3.10/site-packages/airflow/example_dags/tutorial_taskflow_api.py for tasks to queue
[2024-05-26T09:39:52.108+0000] {logging_mixin.py:188} INFO - [2024-05-26T09:39:52.108+0000] {dagbag.py:545} INFO - Filling up the DagBag from /usr/local/python/3.10.13/lib/python3.10/site-packages/airflow/example_dags/tutorial_taskflow_api.py
[2024-05-26T09:39:52.113+0000] {processor.py:840} INFO - DAG(s) 'tutorial_taskflow_api' retrieved from /usr/local/python/3.10.13/lib/python3.10/site-packages/airflow/example_dags/tutorial_taskflow_api.py
[2024-05-26T09:39:52.124+0000] {logging_mixin.py:188} INFO - [2024-05-26T09:39:52.124+0000] {dag.py:3096} INFO - Sync 1 DAGs
[2024-05-26T09:39:52.133+0000] {logging_mixin.py:188} INFO - [2024-05-26T09:39:52.133+0000] {dag.py:3954} INFO - Setting next_dagrun for tutorial_taskflow_api to None, run_after=None
[2024-05-26T09:39:52.168+0000] {processor.py:183} INFO - Processing /usr/local/python/3.10.13/lib/python3.10/site-packages/airflow/example_dags/tutorial_taskflow_api.py took 0.068 seconds
[2024-05-26T09:40:35.585+0000] {processor.py:161} INFO - Started process (PID=52937) to work on /usr/local/python/3.10.13/lib/python3.10/site-packages/airflow/example_dags/tutorial_taskflow_api.py
[2024-05-26T09:40:35.586+0000] {processor.py:830} INFO - Processing file /usr/local/python/3.10.13/lib/python3.10/site-packages/airflow/example_dags/tutorial_taskflow_api.py for tasks to queue
[2024-05-26T09:40:35.588+0000] {logging_mixin.py:188} INFO - [2024-05-26T09:40:35.588+0000] {dagbag.py:545} INFO - Filling up the DagBag from /usr/local/python/3.10.13/lib/python3.10/site-packages/airflow/example_dags/tutorial_taskflow_api.py
[2024-05-26T09:40:35.596+0000] {processor.py:840} INFO - DAG(s) 'tutorial_taskflow_api' retrieved from /usr/local/python/3.10.13/lib/python3.10/site-packages/airflow/example_dags/tutorial_taskflow_api.py
[2024-05-26T09:40:35.609+0000] {logging_mixin.py:188} INFO - [2024-05-26T09:40:35.608+0000] {dag.py:3096} INFO - Sync 1 DAGs
[2024-05-26T09:40:35.618+0000] {logging_mixin.py:188} INFO - [2024-05-26T09:40:35.618+0000] {dag.py:3954} INFO - Setting next_dagrun for tutorial_taskflow_api to None, run_after=None
[2024-05-26T09:40:35.653+0000] {processor.py:183} INFO - Processing /usr/local/python/3.10.13/lib/python3.10/site-packages/airflow/example_dags/tutorial_taskflow_api.py took 0.075 seconds
[2024-05-26T09:41:15.595+0000] {processor.py:161} INFO - Started process (PID=53213) to work on /usr/local/python/3.10.13/lib/python3.10/site-packages/airflow/example_dags/tutorial_taskflow_api.py
[2024-05-26T09:41:15.595+0000] {processor.py:830} INFO - Processing file /usr/local/python/3.10.13/lib/python3.10/site-packages/airflow/example_dags/tutorial_taskflow_api.py for tasks to queue
[2024-05-26T09:41:15.597+0000] {logging_mixin.py:188} INFO - [2024-05-26T09:41:15.596+0000] {dagbag.py:545} INFO - Filling up the DagBag from /usr/local/python/3.10.13/lib/python3.10/site-packages/airflow/example_dags/tutorial_taskflow_api.py
[2024-05-26T09:41:15.602+0000] {processor.py:840} INFO - DAG(s) 'tutorial_taskflow_api' retrieved from /usr/local/python/3.10.13/lib/python3.10/site-packages/airflow/example_dags/tutorial_taskflow_api.py
[2024-05-26T09:41:15.613+0000] {logging_mixin.py:188} INFO - [2024-05-26T09:41:15.613+0000] {dag.py:3096} INFO - Sync 1 DAGs
[2024-05-26T09:41:15.622+0000] {logging_mixin.py:188} INFO - [2024-05-26T09:41:15.622+0000] {dag.py:3954} INFO - Setting next_dagrun for tutorial_taskflow_api to None, run_after=None
[2024-05-26T09:41:15.658+0000] {processor.py:183} INFO - Processing /usr/local/python/3.10.13/lib/python3.10/site-packages/airflow/example_dags/tutorial_taskflow_api.py took 0.068 seconds
[2024-05-26T09:41:59.427+0000] {processor.py:161} INFO - Started process (PID=53505) to work on /usr/local/python/3.10.13/lib/python3.10/site-packages/airflow/example_dags/tutorial_taskflow_api.py
[2024-05-26T09:41:59.427+0000] {processor.py:830} INFO - Processing file /usr/local/python/3.10.13/lib/python3.10/site-packages/airflow/example_dags/tutorial_taskflow_api.py for tasks to queue
[2024-05-26T09:41:59.428+0000] {logging_mixin.py:188} INFO - [2024-05-26T09:41:59.428+0000] {dagbag.py:545} INFO - Filling up the DagBag from /usr/local/python/3.10.13/lib/python3.10/site-packages/airflow/example_dags/tutorial_taskflow_api.py
[2024-05-26T09:41:59.434+0000] {processor.py:840} INFO - DAG(s) 'tutorial_taskflow_api' retrieved from /usr/local/python/3.10.13/lib/python3.10/site-packages/airflow/example_dags/tutorial_taskflow_api.py
[2024-05-26T09:41:59.445+0000] {logging_mixin.py:188} INFO - [2024-05-26T09:41:59.444+0000] {dag.py:3096} INFO - Sync 1 DAGs
[2024-05-26T09:41:59.453+0000] {logging_mixin.py:188} INFO - [2024-05-26T09:41:59.453+0000] {dag.py:3954} INFO - Setting next_dagrun for tutorial_taskflow_api to None, run_after=None
[2024-05-26T09:41:59.489+0000] {processor.py:183} INFO - Processing /usr/local/python/3.10.13/lib/python3.10/site-packages/airflow/example_dags/tutorial_taskflow_api.py took 0.067 seconds
[2024-05-26T09:42:38.548+0000] {processor.py:161} INFO - Started process (PID=53786) to work on /usr/local/python/3.10.13/lib/python3.10/site-packages/airflow/example_dags/tutorial_taskflow_api.py
[2024-05-26T09:42:38.549+0000] {processor.py:830} INFO - Processing file /usr/local/python/3.10.13/lib/python3.10/site-packages/airflow/example_dags/tutorial_taskflow_api.py for tasks to queue
[2024-05-26T09:42:38.550+0000] {logging_mixin.py:188} INFO - [2024-05-26T09:42:38.550+0000] {dagbag.py:545} INFO - Filling up the DagBag from /usr/local/python/3.10.13/lib/python3.10/site-packages/airflow/example_dags/tutorial_taskflow_api.py
[2024-05-26T09:42:38.555+0000] {processor.py:840} INFO - DAG(s) 'tutorial_taskflow_api' retrieved from /usr/local/python/3.10.13/lib/python3.10/site-packages/airflow/example_dags/tutorial_taskflow_api.py
[2024-05-26T09:42:38.567+0000] {logging_mixin.py:188} INFO - [2024-05-26T09:42:38.567+0000] {dag.py:3096} INFO - Sync 1 DAGs
[2024-05-26T09:42:38.576+0000] {logging_mixin.py:188} INFO - [2024-05-26T09:42:38.575+0000] {dag.py:3954} INFO - Setting next_dagrun for tutorial_taskflow_api to None, run_after=None
[2024-05-26T09:42:38.612+0000] {processor.py:183} INFO - Processing /usr/local/python/3.10.13/lib/python3.10/site-packages/airflow/example_dags/tutorial_taskflow_api.py took 0.069 seconds
[2024-05-26T09:43:16.958+0000] {processor.py:161} INFO - Started process (PID=54065) to work on /usr/local/python/3.10.13/lib/python3.10/site-packages/airflow/example_dags/tutorial_taskflow_api.py
[2024-05-26T09:43:16.959+0000] {processor.py:830} INFO - Processing file /usr/local/python/3.10.13/lib/python3.10/site-packages/airflow/example_dags/tutorial_taskflow_api.py for tasks to queue
[2024-05-26T09:43:16.960+0000] {logging_mixin.py:188} INFO - [2024-05-26T09:43:16.960+0000] {dagbag.py:545} INFO - Filling up the DagBag from /usr/local/python/3.10.13/lib/python3.10/site-packages/airflow/example_dags/tutorial_taskflow_api.py
[2024-05-26T09:43:16.965+0000] {processor.py:840} INFO - DAG(s) 'tutorial_taskflow_api' retrieved from /usr/local/python/3.10.13/lib/python3.10/site-packages/airflow/example_dags/tutorial_taskflow_api.py
[2024-05-26T09:43:16.977+0000] {logging_mixin.py:188} INFO - [2024-05-26T09:43:16.976+0000] {dag.py:3096} INFO - Sync 1 DAGs
[2024-05-26T09:43:16.985+0000] {logging_mixin.py:188} INFO - [2024-05-26T09:43:16.985+0000] {dag.py:3954} INFO - Setting next_dagrun for tutorial_taskflow_api to None, run_after=None
[2024-05-26T09:43:17.020+0000] {processor.py:183} INFO - Processing /usr/local/python/3.10.13/lib/python3.10/site-packages/airflow/example_dags/tutorial_taskflow_api.py took 0.067 seconds
[2024-05-26T09:43:57.325+0000] {processor.py:161} INFO - Started process (PID=54372) to work on /usr/local/python/3.10.13/lib/python3.10/site-packages/airflow/example_dags/tutorial_taskflow_api.py
[2024-05-26T09:43:57.326+0000] {processor.py:830} INFO - Processing file /usr/local/python/3.10.13/lib/python3.10/site-packages/airflow/example_dags/tutorial_taskflow_api.py for tasks to queue
[2024-05-26T09:43:57.327+0000] {logging_mixin.py:188} INFO - [2024-05-26T09:43:57.326+0000] {dagbag.py:545} INFO - Filling up the DagBag from /usr/local/python/3.10.13/lib/python3.10/site-packages/airflow/example_dags/tutorial_taskflow_api.py
[2024-05-26T09:43:57.332+0000] {processor.py:840} INFO - DAG(s) 'tutorial_taskflow_api' retrieved from /usr/local/python/3.10.13/lib/python3.10/site-packages/airflow/example_dags/tutorial_taskflow_api.py
[2024-05-26T09:43:57.343+0000] {logging_mixin.py:188} INFO - [2024-05-26T09:43:57.343+0000] {dag.py:3096} INFO - Sync 1 DAGs
[2024-05-26T09:43:57.353+0000] {logging_mixin.py:188} INFO - [2024-05-26T09:43:57.353+0000] {dag.py:3954} INFO - Setting next_dagrun for tutorial_taskflow_api to None, run_after=None
[2024-05-26T09:43:57.405+0000] {processor.py:183} INFO - Processing /usr/local/python/3.10.13/lib/python3.10/site-packages/airflow/example_dags/tutorial_taskflow_api.py took 0.084 seconds
[2024-05-26T09:44:39.712+0000] {processor.py:161} INFO - Started process (PID=54751) to work on /usr/local/python/3.10.13/lib/python3.10/site-packages/airflow/example_dags/tutorial_taskflow_api.py
[2024-05-26T09:44:39.712+0000] {processor.py:830} INFO - Processing file /usr/local/python/3.10.13/lib/python3.10/site-packages/airflow/example_dags/tutorial_taskflow_api.py for tasks to queue
[2024-05-26T09:44:39.714+0000] {logging_mixin.py:188} INFO - [2024-05-26T09:44:39.713+0000] {dagbag.py:545} INFO - Filling up the DagBag from /usr/local/python/3.10.13/lib/python3.10/site-packages/airflow/example_dags/tutorial_taskflow_api.py
[2024-05-26T09:44:39.719+0000] {processor.py:840} INFO - DAG(s) 'tutorial_taskflow_api' retrieved from /usr/local/python/3.10.13/lib/python3.10/site-packages/airflow/example_dags/tutorial_taskflow_api.py
[2024-05-26T09:44:39.730+0000] {logging_mixin.py:188} INFO - [2024-05-26T09:44:39.730+0000] {dag.py:3096} INFO - Sync 1 DAGs
[2024-05-26T09:44:39.740+0000] {logging_mixin.py:188} INFO - [2024-05-26T09:44:39.740+0000] {dag.py:3954} INFO - Setting next_dagrun for tutorial_taskflow_api to None, run_after=None
[2024-05-26T09:44:39.776+0000] {processor.py:183} INFO - Processing /usr/local/python/3.10.13/lib/python3.10/site-packages/airflow/example_dags/tutorial_taskflow_api.py took 0.069 seconds
[2024-05-26T09:45:22.359+0000] {processor.py:161} INFO - Started process (PID=55281) to work on /usr/local/python/3.10.13/lib/python3.10/site-packages/airflow/example_dags/tutorial_taskflow_api.py
[2024-05-26T09:45:22.359+0000] {processor.py:830} INFO - Processing file /usr/local/python/3.10.13/lib/python3.10/site-packages/airflow/example_dags/tutorial_taskflow_api.py for tasks to queue
[2024-05-26T09:45:22.361+0000] {logging_mixin.py:188} INFO - [2024-05-26T09:45:22.360+0000] {dagbag.py:545} INFO - Filling up the DagBag from /usr/local/python/3.10.13/lib/python3.10/site-packages/airflow/example_dags/tutorial_taskflow_api.py
[2024-05-26T09:45:22.366+0000] {processor.py:840} INFO - DAG(s) 'tutorial_taskflow_api' retrieved from /usr/local/python/3.10.13/lib/python3.10/site-packages/airflow/example_dags/tutorial_taskflow_api.py
[2024-05-26T09:45:22.377+0000] {logging_mixin.py:188} INFO - [2024-05-26T09:45:22.377+0000] {dag.py:3096} INFO - Sync 1 DAGs
[2024-05-26T09:45:22.386+0000] {logging_mixin.py:188} INFO - [2024-05-26T09:45:22.386+0000] {dag.py:3954} INFO - Setting next_dagrun for tutorial_taskflow_api to None, run_after=None
[2024-05-26T09:45:22.422+0000] {processor.py:183} INFO - Processing /usr/local/python/3.10.13/lib/python3.10/site-packages/airflow/example_dags/tutorial_taskflow_api.py took 0.069 seconds
[2024-05-26T09:45:59.817+0000] {processor.py:161} INFO - Started process (PID=55765) to work on /usr/local/python/3.10.13/lib/python3.10/site-packages/airflow/example_dags/tutorial_taskflow_api.py
[2024-05-26T09:45:59.818+0000] {processor.py:830} INFO - Processing file /usr/local/python/3.10.13/lib/python3.10/site-packages/airflow/example_dags/tutorial_taskflow_api.py for tasks to queue
[2024-05-26T09:45:59.819+0000] {logging_mixin.py:188} INFO - [2024-05-26T09:45:59.819+0000] {dagbag.py:545} INFO - Filling up the DagBag from /usr/local/python/3.10.13/lib/python3.10/site-packages/airflow/example_dags/tutorial_taskflow_api.py
[2024-05-26T09:45:59.825+0000] {processor.py:840} INFO - DAG(s) 'tutorial_taskflow_api' retrieved from /usr/local/python/3.10.13/lib/python3.10/site-packages/airflow/example_dags/tutorial_taskflow_api.py
[2024-05-26T09:45:59.838+0000] {logging_mixin.py:188} INFO - [2024-05-26T09:45:59.838+0000] {dag.py:3096} INFO - Sync 1 DAGs
[2024-05-26T09:45:59.848+0000] {logging_mixin.py:188} INFO - [2024-05-26T09:45:59.847+0000] {dag.py:3954} INFO - Setting next_dagrun for tutorial_taskflow_api to None, run_after=None
[2024-05-26T09:45:59.885+0000] {processor.py:183} INFO - Processing /usr/local/python/3.10.13/lib/python3.10/site-packages/airflow/example_dags/tutorial_taskflow_api.py took 0.072 seconds
[2024-05-26T09:46:40.403+0000] {processor.py:161} INFO - Started process (PID=56255) to work on /usr/local/python/3.10.13/lib/python3.10/site-packages/airflow/example_dags/tutorial_taskflow_api.py
[2024-05-26T09:46:40.403+0000] {processor.py:830} INFO - Processing file /usr/local/python/3.10.13/lib/python3.10/site-packages/airflow/example_dags/tutorial_taskflow_api.py for tasks to queue
[2024-05-26T09:46:40.405+0000] {logging_mixin.py:188} INFO - [2024-05-26T09:46:40.404+0000] {dagbag.py:545} INFO - Filling up the DagBag from /usr/local/python/3.10.13/lib/python3.10/site-packages/airflow/example_dags/tutorial_taskflow_api.py
[2024-05-26T09:46:40.410+0000] {processor.py:840} INFO - DAG(s) 'tutorial_taskflow_api' retrieved from /usr/local/python/3.10.13/lib/python3.10/site-packages/airflow/example_dags/tutorial_taskflow_api.py
[2024-05-26T09:46:40.421+0000] {logging_mixin.py:188} INFO - [2024-05-26T09:46:40.421+0000] {dag.py:3096} INFO - Sync 1 DAGs
[2024-05-26T09:46:40.430+0000] {logging_mixin.py:188} INFO - [2024-05-26T09:46:40.430+0000] {dag.py:3954} INFO - Setting next_dagrun for tutorial_taskflow_api to None, run_after=None
[2024-05-26T09:46:40.473+0000] {processor.py:183} INFO - Processing /usr/local/python/3.10.13/lib/python3.10/site-packages/airflow/example_dags/tutorial_taskflow_api.py took 0.075 seconds
[2024-05-26T09:47:20.739+0000] {processor.py:161} INFO - Started process (PID=56749) to work on /usr/local/python/3.10.13/lib/python3.10/site-packages/airflow/example_dags/tutorial_taskflow_api.py
[2024-05-26T09:47:20.740+0000] {processor.py:830} INFO - Processing file /usr/local/python/3.10.13/lib/python3.10/site-packages/airflow/example_dags/tutorial_taskflow_api.py for tasks to queue
[2024-05-26T09:47:20.741+0000] {logging_mixin.py:188} INFO - [2024-05-26T09:47:20.741+0000] {dagbag.py:545} INFO - Filling up the DagBag from /usr/local/python/3.10.13/lib/python3.10/site-packages/airflow/example_dags/tutorial_taskflow_api.py
[2024-05-26T09:47:20.747+0000] {processor.py:840} INFO - DAG(s) 'tutorial_taskflow_api' retrieved from /usr/local/python/3.10.13/lib/python3.10/site-packages/airflow/example_dags/tutorial_taskflow_api.py
[2024-05-26T09:47:20.765+0000] {logging_mixin.py:188} INFO - [2024-05-26T09:47:20.764+0000] {dag.py:3096} INFO - Sync 1 DAGs
[2024-05-26T09:47:20.778+0000] {logging_mixin.py:188} INFO - [2024-05-26T09:47:20.778+0000] {dag.py:3954} INFO - Setting next_dagrun for tutorial_taskflow_api to None, run_after=None
[2024-05-26T09:47:20.821+0000] {processor.py:183} INFO - Processing /usr/local/python/3.10.13/lib/python3.10/site-packages/airflow/example_dags/tutorial_taskflow_api.py took 0.087 seconds
[2024-05-26T09:47:58.490+0000] {processor.py:161} INFO - Started process (PID=57201) to work on /usr/local/python/3.10.13/lib/python3.10/site-packages/airflow/example_dags/tutorial_taskflow_api.py
[2024-05-26T09:47:58.491+0000] {processor.py:830} INFO - Processing file /usr/local/python/3.10.13/lib/python3.10/site-packages/airflow/example_dags/tutorial_taskflow_api.py for tasks to queue
[2024-05-26T09:47:58.492+0000] {logging_mixin.py:188} INFO - [2024-05-26T09:47:58.492+0000] {dagbag.py:545} INFO - Filling up the DagBag from /usr/local/python/3.10.13/lib/python3.10/site-packages/airflow/example_dags/tutorial_taskflow_api.py
[2024-05-26T09:47:58.497+0000] {processor.py:840} INFO - DAG(s) 'tutorial_taskflow_api' retrieved from /usr/local/python/3.10.13/lib/python3.10/site-packages/airflow/example_dags/tutorial_taskflow_api.py
[2024-05-26T09:47:58.509+0000] {logging_mixin.py:188} INFO - [2024-05-26T09:47:58.508+0000] {dag.py:3096} INFO - Sync 1 DAGs
[2024-05-26T09:47:58.520+0000] {logging_mixin.py:188} INFO - [2024-05-26T09:47:58.520+0000] {dag.py:3954} INFO - Setting next_dagrun for tutorial_taskflow_api to None, run_after=None
[2024-05-26T09:47:58.566+0000] {processor.py:183} INFO - Processing /usr/local/python/3.10.13/lib/python3.10/site-packages/airflow/example_dags/tutorial_taskflow_api.py took 0.080 seconds
[2024-05-26T09:48:40.217+0000] {processor.py:161} INFO - Started process (PID=57668) to work on /usr/local/python/3.10.13/lib/python3.10/site-packages/airflow/example_dags/tutorial_taskflow_api.py
[2024-05-26T09:48:40.218+0000] {processor.py:830} INFO - Processing file /usr/local/python/3.10.13/lib/python3.10/site-packages/airflow/example_dags/tutorial_taskflow_api.py for tasks to queue
[2024-05-26T09:48:40.219+0000] {logging_mixin.py:188} INFO - [2024-05-26T09:48:40.219+0000] {dagbag.py:545} INFO - Filling up the DagBag from /usr/local/python/3.10.13/lib/python3.10/site-packages/airflow/example_dags/tutorial_taskflow_api.py
[2024-05-26T09:48:40.224+0000] {processor.py:840} INFO - DAG(s) 'tutorial_taskflow_api' retrieved from /usr/local/python/3.10.13/lib/python3.10/site-packages/airflow/example_dags/tutorial_taskflow_api.py
[2024-05-26T09:48:40.236+0000] {logging_mixin.py:188} INFO - [2024-05-26T09:48:40.236+0000] {dag.py:3096} INFO - Sync 1 DAGs
[2024-05-26T09:48:40.248+0000] {logging_mixin.py:188} INFO - [2024-05-26T09:48:40.248+0000] {dag.py:3954} INFO - Setting next_dagrun for tutorial_taskflow_api to None, run_after=None
[2024-05-26T09:48:40.291+0000] {processor.py:183} INFO - Processing /usr/local/python/3.10.13/lib/python3.10/site-packages/airflow/example_dags/tutorial_taskflow_api.py took 0.079 seconds
[2024-05-26T09:49:23.357+0000] {processor.py:161} INFO - Started process (PID=58083) to work on /usr/local/python/3.10.13/lib/python3.10/site-packages/airflow/example_dags/tutorial_taskflow_api.py
[2024-05-26T09:49:23.358+0000] {processor.py:830} INFO - Processing file /usr/local/python/3.10.13/lib/python3.10/site-packages/airflow/example_dags/tutorial_taskflow_api.py for tasks to queue
[2024-05-26T09:49:23.359+0000] {logging_mixin.py:188} INFO - [2024-05-26T09:49:23.359+0000] {dagbag.py:545} INFO - Filling up the DagBag from /usr/local/python/3.10.13/lib/python3.10/site-packages/airflow/example_dags/tutorial_taskflow_api.py
[2024-05-26T09:49:23.364+0000] {processor.py:840} INFO - DAG(s) 'tutorial_taskflow_api' retrieved from /usr/local/python/3.10.13/lib/python3.10/site-packages/airflow/example_dags/tutorial_taskflow_api.py
[2024-05-26T09:49:23.375+0000] {logging_mixin.py:188} INFO - [2024-05-26T09:49:23.375+0000] {dag.py:3096} INFO - Sync 1 DAGs
[2024-05-26T09:49:23.384+0000] {logging_mixin.py:188} INFO - [2024-05-26T09:49:23.384+0000] {dag.py:3954} INFO - Setting next_dagrun for tutorial_taskflow_api to None, run_after=None
[2024-05-26T09:49:23.424+0000] {processor.py:183} INFO - Processing /usr/local/python/3.10.13/lib/python3.10/site-packages/airflow/example_dags/tutorial_taskflow_api.py took 0.071 seconds
[2024-05-26T09:50:04.651+0000] {processor.py:161} INFO - Started process (PID=58535) to work on /usr/local/python/3.10.13/lib/python3.10/site-packages/airflow/example_dags/tutorial_taskflow_api.py
[2024-05-26T09:50:04.652+0000] {processor.py:830} INFO - Processing file /usr/local/python/3.10.13/lib/python3.10/site-packages/airflow/example_dags/tutorial_taskflow_api.py for tasks to queue
[2024-05-26T09:50:04.653+0000] {logging_mixin.py:188} INFO - [2024-05-26T09:50:04.653+0000] {dagbag.py:545} INFO - Filling up the DagBag from /usr/local/python/3.10.13/lib/python3.10/site-packages/airflow/example_dags/tutorial_taskflow_api.py
[2024-05-26T09:50:04.658+0000] {processor.py:840} INFO - DAG(s) 'tutorial_taskflow_api' retrieved from /usr/local/python/3.10.13/lib/python3.10/site-packages/airflow/example_dags/tutorial_taskflow_api.py
[2024-05-26T09:50:04.669+0000] {logging_mixin.py:188} INFO - [2024-05-26T09:50:04.669+0000] {dag.py:3096} INFO - Sync 1 DAGs
[2024-05-26T09:50:04.678+0000] {logging_mixin.py:188} INFO - [2024-05-26T09:50:04.678+0000] {dag.py:3954} INFO - Setting next_dagrun for tutorial_taskflow_api to None, run_after=None
[2024-05-26T09:50:04.715+0000] {processor.py:183} INFO - Processing /usr/local/python/3.10.13/lib/python3.10/site-packages/airflow/example_dags/tutorial_taskflow_api.py took 0.069 seconds
[2024-05-26T09:50:45.005+0000] {processor.py:161} INFO - Started process (PID=58850) to work on /usr/local/python/3.10.13/lib/python3.10/site-packages/airflow/example_dags/tutorial_taskflow_api.py
[2024-05-26T09:50:45.006+0000] {processor.py:830} INFO - Processing file /usr/local/python/3.10.13/lib/python3.10/site-packages/airflow/example_dags/tutorial_taskflow_api.py for tasks to queue
[2024-05-26T09:50:45.007+0000] {logging_mixin.py:188} INFO - [2024-05-26T09:50:45.006+0000] {dagbag.py:545} INFO - Filling up the DagBag from /usr/local/python/3.10.13/lib/python3.10/site-packages/airflow/example_dags/tutorial_taskflow_api.py
[2024-05-26T09:50:45.012+0000] {processor.py:840} INFO - DAG(s) 'tutorial_taskflow_api' retrieved from /usr/local/python/3.10.13/lib/python3.10/site-packages/airflow/example_dags/tutorial_taskflow_api.py
[2024-05-26T09:50:45.023+0000] {logging_mixin.py:188} INFO - [2024-05-26T09:50:45.023+0000] {dag.py:3096} INFO - Sync 1 DAGs
[2024-05-26T09:50:45.032+0000] {logging_mixin.py:188} INFO - [2024-05-26T09:50:45.032+0000] {dag.py:3954} INFO - Setting next_dagrun for tutorial_taskflow_api to None, run_after=None
[2024-05-26T09:50:45.068+0000] {processor.py:183} INFO - Processing /usr/local/python/3.10.13/lib/python3.10/site-packages/airflow/example_dags/tutorial_taskflow_api.py took 0.068 seconds
[2024-05-26T09:51:28.004+0000] {processor.py:161} INFO - Started process (PID=59289) to work on /usr/local/python/3.10.13/lib/python3.10/site-packages/airflow/example_dags/tutorial_taskflow_api.py
[2024-05-26T09:51:28.005+0000] {processor.py:830} INFO - Processing file /usr/local/python/3.10.13/lib/python3.10/site-packages/airflow/example_dags/tutorial_taskflow_api.py for tasks to queue
[2024-05-26T09:51:28.006+0000] {logging_mixin.py:188} INFO - [2024-05-26T09:51:28.006+0000] {dagbag.py:545} INFO - Filling up the DagBag from /usr/local/python/3.10.13/lib/python3.10/site-packages/airflow/example_dags/tutorial_taskflow_api.py
[2024-05-26T09:51:28.011+0000] {processor.py:840} INFO - DAG(s) 'tutorial_taskflow_api' retrieved from /usr/local/python/3.10.13/lib/python3.10/site-packages/airflow/example_dags/tutorial_taskflow_api.py
[2024-05-26T09:51:28.023+0000] {logging_mixin.py:188} INFO - [2024-05-26T09:51:28.022+0000] {dag.py:3096} INFO - Sync 1 DAGs
[2024-05-26T09:51:28.031+0000] {logging_mixin.py:188} INFO - [2024-05-26T09:51:28.031+0000] {dag.py:3954} INFO - Setting next_dagrun for tutorial_taskflow_api to None, run_after=None
[2024-05-26T09:51:28.067+0000] {processor.py:183} INFO - Processing /usr/local/python/3.10.13/lib/python3.10/site-packages/airflow/example_dags/tutorial_taskflow_api.py took 0.068 seconds
[2024-05-26T09:52:08.504+0000] {processor.py:161} INFO - Started process (PID=59713) to work on /usr/local/python/3.10.13/lib/python3.10/site-packages/airflow/example_dags/tutorial_taskflow_api.py
[2024-05-26T09:52:08.505+0000] {processor.py:830} INFO - Processing file /usr/local/python/3.10.13/lib/python3.10/site-packages/airflow/example_dags/tutorial_taskflow_api.py for tasks to queue
[2024-05-26T09:52:08.506+0000] {logging_mixin.py:188} INFO - [2024-05-26T09:52:08.506+0000] {dagbag.py:545} INFO - Filling up the DagBag from /usr/local/python/3.10.13/lib/python3.10/site-packages/airflow/example_dags/tutorial_taskflow_api.py
[2024-05-26T09:52:08.515+0000] {processor.py:840} INFO - DAG(s) 'tutorial_taskflow_api' retrieved from /usr/local/python/3.10.13/lib/python3.10/site-packages/airflow/example_dags/tutorial_taskflow_api.py
[2024-05-26T09:52:08.532+0000] {logging_mixin.py:188} INFO - [2024-05-26T09:52:08.532+0000] {dag.py:3096} INFO - Sync 1 DAGs
[2024-05-26T09:52:08.546+0000] {logging_mixin.py:188} INFO - [2024-05-26T09:52:08.546+0000] {dag.py:3954} INFO - Setting next_dagrun for tutorial_taskflow_api to None, run_after=None
[2024-05-26T09:52:08.593+0000] {processor.py:183} INFO - Processing /usr/local/python/3.10.13/lib/python3.10/site-packages/airflow/example_dags/tutorial_taskflow_api.py took 0.096 seconds
[2024-05-26T09:52:49.366+0000] {processor.py:161} INFO - Started process (PID=60049) to work on /usr/local/python/3.10.13/lib/python3.10/site-packages/airflow/example_dags/tutorial_taskflow_api.py
[2024-05-26T09:52:49.367+0000] {processor.py:830} INFO - Processing file /usr/local/python/3.10.13/lib/python3.10/site-packages/airflow/example_dags/tutorial_taskflow_api.py for tasks to queue
[2024-05-26T09:52:49.368+0000] {logging_mixin.py:188} INFO - [2024-05-26T09:52:49.368+0000] {dagbag.py:545} INFO - Filling up the DagBag from /usr/local/python/3.10.13/lib/python3.10/site-packages/airflow/example_dags/tutorial_taskflow_api.py
[2024-05-26T09:52:49.373+0000] {processor.py:840} INFO - DAG(s) 'tutorial_taskflow_api' retrieved from /usr/local/python/3.10.13/lib/python3.10/site-packages/airflow/example_dags/tutorial_taskflow_api.py
[2024-05-26T09:52:49.385+0000] {logging_mixin.py:188} INFO - [2024-05-26T09:52:49.385+0000] {dag.py:3096} INFO - Sync 1 DAGs
[2024-05-26T09:52:49.394+0000] {logging_mixin.py:188} INFO - [2024-05-26T09:52:49.394+0000] {dag.py:3954} INFO - Setting next_dagrun for tutorial_taskflow_api to None, run_after=None
[2024-05-26T09:52:49.429+0000] {processor.py:183} INFO - Processing /usr/local/python/3.10.13/lib/python3.10/site-packages/airflow/example_dags/tutorial_taskflow_api.py took 0.068 seconds
[2024-05-26T09:53:31.128+0000] {processor.py:161} INFO - Started process (PID=60393) to work on /usr/local/python/3.10.13/lib/python3.10/site-packages/airflow/example_dags/tutorial_taskflow_api.py
[2024-05-26T09:53:31.129+0000] {processor.py:830} INFO - Processing file /usr/local/python/3.10.13/lib/python3.10/site-packages/airflow/example_dags/tutorial_taskflow_api.py for tasks to queue
[2024-05-26T09:53:31.130+0000] {logging_mixin.py:188} INFO - [2024-05-26T09:53:31.130+0000] {dagbag.py:545} INFO - Filling up the DagBag from /usr/local/python/3.10.13/lib/python3.10/site-packages/airflow/example_dags/tutorial_taskflow_api.py
[2024-05-26T09:53:31.135+0000] {processor.py:840} INFO - DAG(s) 'tutorial_taskflow_api' retrieved from /usr/local/python/3.10.13/lib/python3.10/site-packages/airflow/example_dags/tutorial_taskflow_api.py
[2024-05-26T09:53:31.147+0000] {logging_mixin.py:188} INFO - [2024-05-26T09:53:31.147+0000] {dag.py:3096} INFO - Sync 1 DAGs
[2024-05-26T09:53:31.156+0000] {logging_mixin.py:188} INFO - [2024-05-26T09:53:31.156+0000] {dag.py:3954} INFO - Setting next_dagrun for tutorial_taskflow_api to None, run_after=None
[2024-05-26T09:53:31.192+0000] {processor.py:183} INFO - Processing /usr/local/python/3.10.13/lib/python3.10/site-packages/airflow/example_dags/tutorial_taskflow_api.py took 0.068 seconds
[2024-05-26T09:54:14.238+0000] {processor.py:161} INFO - Started process (PID=60744) to work on /usr/local/python/3.10.13/lib/python3.10/site-packages/airflow/example_dags/tutorial_taskflow_api.py
[2024-05-26T09:54:14.238+0000] {processor.py:830} INFO - Processing file /usr/local/python/3.10.13/lib/python3.10/site-packages/airflow/example_dags/tutorial_taskflow_api.py for tasks to queue
[2024-05-26T09:54:14.240+0000] {logging_mixin.py:188} INFO - [2024-05-26T09:54:14.239+0000] {dagbag.py:545} INFO - Filling up the DagBag from /usr/local/python/3.10.13/lib/python3.10/site-packages/airflow/example_dags/tutorial_taskflow_api.py
[2024-05-26T09:54:14.245+0000] {processor.py:840} INFO - DAG(s) 'tutorial_taskflow_api' retrieved from /usr/local/python/3.10.13/lib/python3.10/site-packages/airflow/example_dags/tutorial_taskflow_api.py
[2024-05-26T09:54:14.257+0000] {logging_mixin.py:188} INFO - [2024-05-26T09:54:14.257+0000] {dag.py:3096} INFO - Sync 1 DAGs
[2024-05-26T09:54:14.266+0000] {logging_mixin.py:188} INFO - [2024-05-26T09:54:14.266+0000] {dag.py:3954} INFO - Setting next_dagrun for tutorial_taskflow_api to None, run_after=None
[2024-05-26T09:54:14.306+0000] {processor.py:183} INFO - Processing /usr/local/python/3.10.13/lib/python3.10/site-packages/airflow/example_dags/tutorial_taskflow_api.py took 0.073 seconds
[2024-05-26T09:54:59.094+0000] {processor.py:161} INFO - Started process (PID=61099) to work on /usr/local/python/3.10.13/lib/python3.10/site-packages/airflow/example_dags/tutorial_taskflow_api.py
[2024-05-26T09:54:59.096+0000] {processor.py:830} INFO - Processing file /usr/local/python/3.10.13/lib/python3.10/site-packages/airflow/example_dags/tutorial_taskflow_api.py for tasks to queue
[2024-05-26T09:54:59.097+0000] {logging_mixin.py:188} INFO - [2024-05-26T09:54:59.097+0000] {dagbag.py:545} INFO - Filling up the DagBag from /usr/local/python/3.10.13/lib/python3.10/site-packages/airflow/example_dags/tutorial_taskflow_api.py
[2024-05-26T09:54:59.104+0000] {processor.py:840} INFO - DAG(s) 'tutorial_taskflow_api' retrieved from /usr/local/python/3.10.13/lib/python3.10/site-packages/airflow/example_dags/tutorial_taskflow_api.py
[2024-05-26T09:54:59.120+0000] {logging_mixin.py:188} INFO - [2024-05-26T09:54:59.120+0000] {dag.py:3096} INFO - Sync 1 DAGs
[2024-05-26T09:54:59.130+0000] {logging_mixin.py:188} INFO - [2024-05-26T09:54:59.130+0000] {dag.py:3954} INFO - Setting next_dagrun for tutorial_taskflow_api to None, run_after=None
[2024-05-26T09:54:59.166+0000] {processor.py:183} INFO - Processing /usr/local/python/3.10.13/lib/python3.10/site-packages/airflow/example_dags/tutorial_taskflow_api.py took 0.079 seconds
[2024-05-26T09:55:41.544+0000] {processor.py:161} INFO - Started process (PID=61416) to work on /usr/local/python/3.10.13/lib/python3.10/site-packages/airflow/example_dags/tutorial_taskflow_api.py
[2024-05-26T09:55:41.544+0000] {processor.py:830} INFO - Processing file /usr/local/python/3.10.13/lib/python3.10/site-packages/airflow/example_dags/tutorial_taskflow_api.py for tasks to queue
[2024-05-26T09:55:41.546+0000] {logging_mixin.py:188} INFO - [2024-05-26T09:55:41.545+0000] {dagbag.py:545} INFO - Filling up the DagBag from /usr/local/python/3.10.13/lib/python3.10/site-packages/airflow/example_dags/tutorial_taskflow_api.py
[2024-05-26T09:55:41.551+0000] {processor.py:840} INFO - DAG(s) 'tutorial_taskflow_api' retrieved from /usr/local/python/3.10.13/lib/python3.10/site-packages/airflow/example_dags/tutorial_taskflow_api.py
[2024-05-26T09:55:41.562+0000] {logging_mixin.py:188} INFO - [2024-05-26T09:55:41.562+0000] {dag.py:3096} INFO - Sync 1 DAGs
[2024-05-26T09:55:41.571+0000] {logging_mixin.py:188} INFO - [2024-05-26T09:55:41.571+0000] {dag.py:3954} INFO - Setting next_dagrun for tutorial_taskflow_api to None, run_after=None
[2024-05-26T09:55:41.607+0000] {processor.py:183} INFO - Processing /usr/local/python/3.10.13/lib/python3.10/site-packages/airflow/example_dags/tutorial_taskflow_api.py took 0.068 seconds
